2025-11-05 17:06:54,425 : INFO : root : Loading config.
2025-11-05 17:06:54,432 : INFO : YamlMultifileConfigLoader : Machine config file #1: config.yaml
2025-11-05 17:06:54,433 : INFO : ConfigProcessor : Loading config from cache: C:\Users\antho\AppData\Local\Temp\fdca14d0c9d658ab8200d57120800af5.mpf_cache
2025-11-05 17:06:54,565 : INFO : ConfigProcessor : Loading config from cache: C:\Users\antho\AppData\Local\Temp\5dec96b1547c4adf5bdd3d1715e74bc0.mpf_cache
2025-11-05 17:06:54,565 : INFO : ConfigProcessor : Loading config from cache: C:\Users\antho\AppData\Local\Temp\202a5840610e95051f9f473dfa660cc0.mpf_cache
2025-11-05 17:06:54,566 : INFO : ConfigProcessor : Loading config from cache: C:\Users\antho\AppData\Local\Temp\5dec96b1547c4adf5bdd3d1715e74bc0.mpf_cache
2025-11-05 17:06:54,567 : INFO : ConfigProcessor : Loading config from cache: C:\Users\antho\AppData\Local\Temp\2cd13a2d3f375e00ab01d6d09a85d8e7.mpf_cache
2025-11-05 17:06:54,579 : INFO : ConfigProcessor : Loading config from cache: C:\Users\antho\AppData\Local\Temp\9220b44b97b91972524500b81035d790.mpf_cache
2025-11-05 17:06:54,580 : INFO : ConfigProcessor : Loading config from cache: C:\Users\antho\AppData\Local\Temp\aa919e501ed8450b10d3bb8e37574ac5.mpf_cache
2025-11-05 17:06:54,581 : INFO : ConfigProcessor : Loading config from cache: C:\Users\antho\AppData\Local\Temp\31ee881584fa6fce665a672a4f3f633a.mpf_cache
2025-11-05 17:06:54,582 : INFO : ConfigProcessor : Loading config from cache: C:\Users\antho\AppData\Local\Temp\5e841763ec73085bbf92358fe6afda21.mpf_cache
2025-11-05 17:06:54,582 : INFO : ConfigProcessor : Loading config from cache: C:\Users\antho\AppData\Local\Temp\7f73d12aa9beccac1cbd8c265ccda72e.mpf_cache
2025-11-05 17:06:54,582 : INFO : ConfigProcessor : Loading config from cache: C:\Users\antho\AppData\Local\Temp\a03ebaa9d6d5676c418deb142cb34911.mpf_cache
2025-11-05 17:06:54,584 : INFO : ConfigProcessor : Loading config from cache: C:\Users\antho\AppData\Local\Temp\b17152efa55a24f0424602723f8d3921.mpf_cache
2025-11-05 17:06:54,584 : INFO : ConfigProcessor : Loading config from cache: C:\Users\antho\AppData\Local\Temp\e87fc0e7d2f8a851b5fa3f604e0d0c6e.mpf_cache
2025-11-05 17:06:54,585 : INFO : ConfigProcessor : Loading config from cache: C:\Users\antho\AppData\Local\Temp\196ac76b6cab3a9880804c826cfbcb5c.mpf_cache
2025-11-05 17:06:54,585 : INFO : ConfigProcessor : Loading config from cache: C:\Users\antho\AppData\Local\Temp\55437eb303afaa980597ff60f339a871.mpf_cache
2025-11-05 17:06:54,586 : INFO : ConfigProcessor : Loading config from cache: C:\Users\antho\AppData\Local\Temp\fddc1006228d3387e6d1e46051a3638d.mpf_cache
2025-11-05 17:06:54,587 : INFO : ConfigProcessor : Loading config from cache: C:\Users\antho\AppData\Local\Temp\834292dd7853e12a66732dc89828c828.mpf_cache
2025-11-05 17:06:54,587 : INFO : ConfigProcessor : Loading config from cache: C:\Users\antho\AppData\Local\Temp\46f8fa3e41dfeeb8232af2f03a13b6c4.mpf_cache
2025-11-05 17:06:54,587 : INFO : ConfigProcessor : Loading config from cache: C:\Users\antho\AppData\Local\Temp\c67e9c175da6c060302945929b27b878.mpf_cache
2025-11-05 17:06:54,588 : INFO : Machine : Mission Pinball Framework Core Engine v0.80.0.dev11
2025-11-05 17:06:54,588 : INFO : Machine : Command line arguments: {'no_load_cache': False, 'create_config_cache': True, 'bcp': True, 'configfile': ['config.yaml'], 'force_assets_load': False, 'platform_integration_test': False, 'jsonlogging': False, 'logfile': 'logs\\2025-11-05-17-06-54-mpf-LAPTOP-MPGP6R69.log', 'pause': False, 'production': False, 'text_ui': True, 'loglevel': 15, 'consoleloglevel': 20, 'force_platform': None, 'syslog_address': None, 'full_logfile_path': 'C:\\Users\\antho\\nightpin\\logs\\2025-11-05-17-06-54-mpf-LAPTOP-MPGP6R69.log'}
2025-11-05 17:06:54,588 : INFO : Machine : MPF path: C:\Users\antho\mpf\Lib\site-packages\mpf
2025-11-05 17:06:54,588 : INFO : Machine : Machine path: C:\Users\antho\nightpin
2025-11-05 17:06:54,588 : INFO : Machine : Platform: win32
2025-11-05 17:06:54,590 : INFO : Machine : Python executable location: C:\Users\antho\mpf\Scripts\python.exe
2025-11-05 17:06:54,590 : INFO : Machine : Python version: 3.12.7 (64-bit)
2025-11-05 17:06:54,591 : INFO : Machine : Initializing MPF...
2025-11-05 17:06:54,869 : INFO : lisy : Connecting to com3 at 115200bps
2025-11-05 17:06:54,870 : WARNING : lisy : Could not import terminos (this is ok on windows).
2025-11-05 17:06:55,033 : INFO : EventManager : Event: ======'machine_var_lisy_hardware'====== Args={'value': 'LISY35', 'prev_value': None, 'change': True}
2025-11-05 17:06:55,033 : INFO : EventManager : Event: ======'machine_var_lisy_version'====== Args={'value': '5.26 ', 'prev_value': None, 'change': True}
2025-11-05 17:06:55,033 : INFO : EventManager : Event: ======'machine_var_lisy_api_version'====== Args={'value': b'0.09', 'prev_value': None, 'change': True}
2025-11-05 17:06:56,352 : INFO : EventManager : Event: ======'machine_var_credits_string'====== Args={'value': 'FREE PLAY', 'prev_value': None, 'change': True}
2025-11-05 17:06:56,387 : INFO : EventManager : Event: ======'machine_var_master_volume'====== Args={'value': 0.5, 'prev_value': None, 'change': True}
2025-11-05 17:06:56,387 : INFO : EventManager : Event: ======'machine_var_player1_score'====== Args={'value': 2200, 'prev_value': None, 'change': True}
2025-11-05 17:06:56,387 : INFO : EventManager : Event: ======'machine_var_player2_score'====== Args={'value': 1200, 'prev_value': None, 'change': True}
2025-11-05 17:06:56,387 : INFO : EventManager : Event: ======'machine_var_mpf_version'====== Args={'value': 'Mission Pinball Framework v0.80.0.dev11', 'prev_value': None, 'change': True}
2025-11-05 17:06:56,387 : INFO : EventManager : Event: ======'machine_var_mpf_extended_version'====== Args={'value': 'Mission Pinball Framework v0.80.0.dev11, Config version:6, Show version: 6, BCP version:1.1', 'prev_value': None, 'change': True}
2025-11-05 17:06:56,388 : INFO : EventManager : Event: ======'machine_var_python_version'====== Args={'value': '3.12.7', 'prev_value': None, 'change': True}
2025-11-05 17:06:56,485 : INFO : EventManager : Event: ======'machine_var_platform'====== Args={'value': 'Windows-11-10.0.26100-SP0', 'prev_value': None, 'change': True}
2025-11-05 17:06:56,485 : INFO : EventManager : Event: ======'machine_var_platform_system'====== Args={'value': 'Windows', 'prev_value': None, 'change': True}
2025-11-05 17:06:56,485 : INFO : EventManager : Event: ======'machine_var_platform_release'====== Args={'value': '11', 'prev_value': None, 'change': True}
2025-11-05 17:06:56,485 : INFO : EventManager : Event: ======'machine_var_platform_version'====== Args={'value': '10.0.26100', 'prev_value': None, 'change': True}
2025-11-05 17:06:56,485 : INFO : EventManager : Event: ======'machine_var_platform_machine'====== Args={'value': 'AMD64', 'prev_value': None, 'change': True}
2025-11-05 17:06:56,485 : INFO : EventManager : Event: ======'machine_var_log_file_path'====== Args={'value': 'C:\\Users\\antho\\nightpin\\logs\\2025-11-05-17-06-54-mpf-LAPTOP-MPGP6R69.log', 'prev_value': None, 'change': True}
2025-11-05 17:06:56,485 : INFO : EventManager : Event: ======'init_phase_1'====== Args={}
2025-11-05 17:06:56,523 : INFO : EventManager : Event: ======'drop_target_bank_right_bank_up'====== Args={}
2025-11-05 17:06:56,523 : INFO : EventManager : Event: ======'drop_target_bank_left_bank_up'====== Args={}
2025-11-05 17:06:56,611 : INFO : EventManager : Event: ======'init_phase_2'====== Args={}
2025-11-05 17:06:56,612 : INFO : SwitchController : Found active switch: ('24', <mpf.platforms.lisy.lisy.LisyHardwarePlatform object at 0x0000021C05DF96D0>) <switch.s_saucer>
2025-11-05 17:06:56,620 : INFO : EventManager : Event: ======'bcp_connection_attempt'====== Args={'name': 'local_display', 'host': 'localhost', 'port': 5050}
2025-11-05 17:06:56,622 : INFO : BCPClientSocket : Connecting BCP to 'local_display' at localhost:5050...
2025-11-05 17:06:56,639 : INFO : BCPClientSocket : Connected BCP to 'local_display' localhost:5050
2025-11-05 17:06:56,640 : INFO : EventManager : Event: ======'bcp_clients_connected'====== Args={}
2025-11-05 17:06:56,749 : INFO : ball_device.bd_trough : BCH: Initial count: 0
2025-11-05 17:06:56,785 : INFO : ball_device.bd_trough : State: idle
2025-11-05 17:06:56,785 : INFO : ball_device.bd_saucer : BCH: Initial count: 1
2025-11-05 17:06:56,786 : INFO : ball_device.bd_saucer : State: idle
2025-11-05 17:06:56,801 : INFO : EventManager : Event: ======'init_phase_3'====== Args={}
2025-11-05 17:06:56,808 : INFO : EventManager : Event: ======'init_phase_4'====== Args={}
2025-11-05 17:06:56,808 : INFO : BallController : Initial balls found: 1
2025-11-05 17:06:56,810 : INFO : EventManager : Event: ======'machine_var_audits_events_game_ended'====== Args={'value': 17, 'prev_value': None, 'change': True}
2025-11-05 17:06:56,810 : INFO : EventManager : Event: ======'machine_var_audits_events_game_started'====== Args={'value': 96, 'prev_value': None, 'change': True}
2025-11-05 17:06:56,810 : INFO : EventManager : Event: ======'machine_var_audits_missing_switches_s_coin_right'====== Args={'value': 95, 'prev_value': None, 'change': True}
2025-11-05 17:06:56,810 : INFO : EventManager : Event: ======'machine_var_audits_missing_switches_s_credit_button'====== Args={'value': 68, 'prev_value': None, 'change': True}
2025-11-05 17:06:56,810 : INFO : EventManager : Event: ======'machine_var_audits_missing_switches_s_inlanes'====== Args={'value': 12, 'prev_value': None, 'change': True}
2025-11-05 17:06:56,810 : INFO : EventManager : Event: ======'machine_var_audits_missing_switches_s_left_bank_target_left'====== Args={'value': 16, 'prev_value': None, 'change': True}
2025-11-05 17:06:56,810 : INFO : EventManager : Event: ======'machine_var_audits_missing_switches_s_left_bank_target_middle'====== Args={'value': 19, 'prev_value': None, 'change': True}
2025-11-05 17:06:56,810 : INFO : EventManager : Event: ======'machine_var_audits_missing_switches_s_left_bank_target_right'====== Args={'value': 16, 'prev_value': None, 'change': True}
2025-11-05 17:06:56,811 : INFO : EventManager : Event: ======'machine_var_audits_missing_switches_s_left_inlane'====== Args={'value': 11, 'prev_value': None, 'change': True}
2025-11-05 17:06:56,811 : INFO : EventManager : Event: ======'machine_var_audits_missing_switches_s_left_lower_bumper'====== Args={'value': 4, 'prev_value': None, 'change': True}
2025-11-05 17:06:56,811 : INFO : EventManager : Event: ======'machine_var_audits_missing_switches_s_left_outlane'====== Args={'value': 11, 'prev_value': None, 'change': True}
2025-11-05 17:06:56,811 : INFO : EventManager : Event: ======'machine_var_audits_missing_switches_s_left_outlane_rollover'====== Args={'value': 23, 'prev_value': None, 'change': True}
2025-11-05 17:06:56,811 : INFO : EventManager : Event: ======'machine_var_audits_missing_switches_s_left_pop_bumper'====== Args={'value': 2, 'prev_value': None, 'change': True}
2025-11-05 17:06:56,811 : INFO : EventManager : Event: ======'machine_var_audits_missing_switches_s_left_rollover'====== Args={'value': 2, 'prev_value': None, 'change': True}
2025-11-05 17:06:56,811 : INFO : EventManager : Event: ======'machine_var_audits_missing_switches_s_left_skill_lane'====== Args={'value': 1, 'prev_value': None, 'change': True}
2025-11-05 17:06:56,811 : INFO : EventManager : Event: ======'machine_var_audits_missing_switches_s_left_sling'====== Args={'value': 2, 'prev_value': None, 'change': True}
2025-11-05 17:06:56,811 : INFO : EventManager : Event: ======'machine_var_audits_missing_switches_s_left_upper_bumper'====== Args={'value': 9, 'prev_value': None, 'change': True}
2025-11-05 17:06:56,811 : INFO : EventManager : Event: ======'machine_var_audits_missing_switches_s_middle_skill_lane'====== Args={'value': 1, 'prev_value': None, 'change': True}
2025-11-05 17:06:56,811 : INFO : EventManager : Event: ======'machine_var_audits_missing_switches_s_middle_upper_rollovers'====== Args={'value': 5, 'prev_value': None, 'change': True}
2025-11-05 17:06:56,811 : INFO : EventManager : Event: ======'machine_var_audits_missing_switches_s_outer_skill_lanes'====== Args={'value': 1, 'prev_value': None, 'change': True}
2025-11-05 17:06:56,812 : INFO : EventManager : Event: ======'machine_var_audits_missing_switches_s_right_bank_target_left'====== Args={'value': 9, 'prev_value': None, 'change': True}
2025-11-05 17:06:56,812 : INFO : EventManager : Event: ======'machine_var_audits_missing_switches_s_right_bank_target_middle'====== Args={'value': 9, 'prev_value': None, 'change': True}
2025-11-05 17:06:56,812 : INFO : EventManager : Event: ======'machine_var_audits_missing_switches_s_right_bank_target_right'====== Args={'value': 9, 'prev_value': None, 'change': True}
2025-11-05 17:06:56,812 : INFO : EventManager : Event: ======'machine_var_audits_missing_switches_s_right_outlane'====== Args={'value': 11, 'prev_value': None, 'change': True}
2025-11-05 17:06:56,812 : INFO : EventManager : Event: ======'machine_var_audits_missing_switches_s_right_outlane_rollover'====== Args={'value': 40, 'prev_value': None, 'change': True}
2025-11-05 17:06:56,812 : INFO : EventManager : Event: ======'machine_var_audits_missing_switches_s_right_pop_bumper'====== Args={'value': 2, 'prev_value': None, 'change': True}
2025-11-05 17:06:56,812 : INFO : EventManager : Event: ======'machine_var_audits_missing_switches_s_right_rollover'====== Args={'value': 11, 'prev_value': None, 'change': True}
2025-11-05 17:06:56,812 : INFO : EventManager : Event: ======'machine_var_audits_missing_switches_s_right_skill_lane'====== Args={'value': 2, 'prev_value': None, 'change': True}
2025-11-05 17:06:56,812 : INFO : EventManager : Event: ======'machine_var_audits_missing_switches_s_right_sling'====== Args={'value': 17, 'prev_value': None, 'change': True}
2025-11-05 17:06:56,812 : INFO : EventManager : Event: ======'machine_var_audits_missing_switches_s_rollover_upper'====== Args={'value': 2, 'prev_value': None, 'change': True}
2025-11-05 17:06:56,812 : INFO : EventManager : Event: ======'machine_var_audits_missing_switches_s_slam_tilt'====== Args={'value': 34, 'prev_value': None, 'change': True}
2025-11-05 17:06:56,813 : INFO : EventManager : Event: ======'machine_var_audits_missing_switches_s_spinner'====== Args={'value': 9, 'prev_value': None, 'change': True}
2025-11-05 17:06:56,813 : INFO : EventManager : Event: ======'machine_var_audits_missing_switches_s_stand_up'====== Args={'value': 68, 'prev_value': None, 'change': True}
2025-11-05 17:06:56,813 : INFO : EventManager : Event: ======'machine_var_audits_missing_switches_s_start_button'====== Args={'value': 1, 'prev_value': None, 'change': True}
2025-11-05 17:06:56,813 : INFO : EventManager : Event: ======'machine_var_audits_missing_switches_s_tilt'====== Args={'value': 2, 'prev_value': None, 'change': True}
2025-11-05 17:06:56,813 : INFO : EventManager : Event: ======'machine_var_audits_missing_switches_s_trough'====== Args={'value': 1, 'prev_value': None, 'change': True}
2025-11-05 17:06:56,813 : INFO : EventManager : Event: ======'machine_var_audits_player_score'====== Args={'value': {'average': 1435, 'top': [5110, 5070, 4300, 4230, 3980, 3410, 2200, 1300, 1200, 500], 'total': 25}, 'prev_value': None, 'change': True}
2025-11-05 17:06:56,813 : INFO : EventManager : Event: ======'machine_var_audits_shots_my_first_shot'====== Args={'value': 3, 'prev_value': None, 'change': True}
2025-11-05 17:06:56,813 : INFO : EventManager : Event: ======'machine_var_audits_shots_sh_eg_pop_left'====== Args={'value': 8, 'prev_value': None, 'change': True}
2025-11-05 17:06:56,813 : INFO : EventManager : Event: ======'machine_var_audits_shots_sh_eg_pop_middle'====== Args={'value': 8, 'prev_value': None, 'change': True}
2025-11-05 17:06:56,813 : INFO : EventManager : Event: ======'machine_var_audits_shots_sh_eg_pop_right'====== Args={'value': 13, 'prev_value': None, 'change': True}
2025-11-05 17:06:56,813 : INFO : EventManager : Event: ======'machine_var_audits_shots_sh_eg_right_drop_left'====== Args={'value': 4, 'prev_value': None, 'change': True}
2025-11-05 17:06:56,813 : INFO : EventManager : Event: ======'machine_var_audits_shots_sh_eg_right_drop_middle'====== Args={'value': 3, 'prev_value': None, 'change': True}
2025-11-05 17:06:56,814 : INFO : EventManager : Event: ======'machine_var_audits_shots_sh_eg_right_drop_right'====== Args={'value': 3, 'prev_value': None, 'change': True}
2025-11-05 17:06:56,814 : INFO : EventManager : Event: ======'machine_var_audits_shots_sh_eg_spinner'====== Args={'value': 2, 'prev_value': None, 'change': True}
2025-11-05 17:06:56,814 : INFO : EventManager : Event: ======'machine_var_audits_shots_sh_escape_graveyard_start'====== Args={'value': 8, 'prev_value': None, 'change': True}
2025-11-05 17:06:56,814 : INFO : EventManager : Event: ======'machine_var_audits_switches_s_coin_right'====== Args={'value': 1, 'prev_value': None, 'change': True}
2025-11-05 17:06:56,814 : INFO : EventManager : Event: ======'machine_var_audits_switches_s_credit_button'====== Args={'value': 5, 'prev_value': None, 'change': True}
2025-11-05 17:06:56,814 : INFO : EventManager : Event: ======'machine_var_audits_switches_s_inlanes'====== Args={'value': 159, 'prev_value': None, 'change': True}
2025-11-05 17:06:56,814 : INFO : EventManager : Event: ======'machine_var_audits_switches_s_left_bank_target_left'====== Args={'value': 36, 'prev_value': None, 'change': True}
2025-11-05 17:06:56,814 : INFO : EventManager : Event: ======'machine_var_audits_switches_s_left_bank_target_middle'====== Args={'value': 27, 'prev_value': None, 'change': True}
2025-11-05 17:06:56,814 : INFO : EventManager : Event: ======'machine_var_audits_switches_s_left_bank_target_right'====== Args={'value': 27, 'prev_value': None, 'change': True}
2025-11-05 17:06:56,814 : INFO : EventManager : Event: ======'machine_var_audits_switches_s_left_inlane'====== Args={'value': 0, 'prev_value': None, 'change': True}
2025-11-05 17:06:56,814 : INFO : EventManager : Event: ======'machine_var_audits_switches_s_left_lower_bumper'====== Args={'value': 34, 'prev_value': None, 'change': True}
2025-11-05 17:06:56,815 : INFO : EventManager : Event: ======'machine_var_audits_switches_s_left_outlane'====== Args={'value': 0, 'prev_value': None, 'change': True}
2025-11-05 17:06:56,815 : INFO : EventManager : Event: ======'machine_var_audits_switches_s_left_outlane_rollover'====== Args={'value': 23, 'prev_value': None, 'change': True}
2025-11-05 17:06:56,815 : INFO : EventManager : Event: ======'machine_var_audits_switches_s_left_pop_bumper'====== Args={'value': 128, 'prev_value': None, 'change': True}
2025-11-05 17:06:56,815 : INFO : EventManager : Event: ======'machine_var_audits_switches_s_left_rollover'====== Args={'value': 2, 'prev_value': None, 'change': True}
2025-11-05 17:06:56,815 : INFO : EventManager : Event: ======'machine_var_audits_switches_s_left_skill_lane'====== Args={'value': 2, 'prev_value': None, 'change': True}
2025-11-05 17:06:56,815 : INFO : EventManager : Event: ======'machine_var_audits_switches_s_left_sling'====== Args={'value': 95, 'prev_value': None, 'change': True}
2025-11-05 17:06:56,815 : INFO : EventManager : Event: ======'machine_var_audits_switches_s_left_upper_bumper'====== Args={'value': 44, 'prev_value': None, 'change': True}
2025-11-05 17:06:56,815 : INFO : EventManager : Event: ======'machine_var_audits_switches_s_middle_pop_bumper'====== Args={'value': 131, 'prev_value': None, 'change': True}
2025-11-05 17:06:56,815 : INFO : EventManager : Event: ======'machine_var_audits_switches_s_middle_rollover'====== Args={'value': 9, 'prev_value': None, 'change': True}
2025-11-05 17:06:56,815 : INFO : EventManager : Event: ======'machine_var_audits_switches_s_middle_skill_lane'====== Args={'value': 84, 'prev_value': None, 'change': True}
2025-11-05 17:06:56,815 : INFO : EventManager : Event: ======'machine_var_audits_switches_s_middle_upper_rollovers'====== Args={'value': 97, 'prev_value': None, 'change': True}
2025-11-05 17:06:56,816 : INFO : EventManager : Event: ======'machine_var_audits_switches_s_outer_skill_lanes'====== Args={'value': 133, 'prev_value': None, 'change': True}
2025-11-05 17:06:56,816 : INFO : EventManager : Event: ======'machine_var_audits_switches_s_pop_bumper_bottom'====== Args={'value': 6, 'prev_value': None, 'change': True}
2025-11-05 17:06:56,816 : INFO : EventManager : Event: ======'machine_var_audits_switches_s_pop_bumper_left'====== Args={'value': 2, 'prev_value': None, 'change': True}
2025-11-05 17:06:56,816 : INFO : EventManager : Event: ======'machine_var_audits_switches_s_pop_bumper_right'====== Args={'value': 1, 'prev_value': None, 'change': True}
2025-11-05 17:06:56,816 : INFO : EventManager : Event: ======'machine_var_audits_switches_s_right_bank_target_left'====== Args={'value': 55, 'prev_value': None, 'change': True}
2025-11-05 17:06:56,816 : INFO : EventManager : Event: ======'machine_var_audits_switches_s_right_bank_target_middle'====== Args={'value': 43, 'prev_value': None, 'change': True}
2025-11-05 17:06:56,816 : INFO : EventManager : Event: ======'machine_var_audits_switches_s_right_bank_target_right'====== Args={'value': 40, 'prev_value': None, 'change': True}
2025-11-05 17:06:56,816 : INFO : EventManager : Event: ======'machine_var_audits_switches_s_right_inlane'====== Args={'value': 5, 'prev_value': None, 'change': True}
2025-11-05 17:06:56,816 : INFO : EventManager : Event: ======'machine_var_audits_switches_s_right_outlane'====== Args={'value': 0, 'prev_value': None, 'change': True}
2025-11-05 17:06:56,816 : INFO : EventManager : Event: ======'machine_var_audits_switches_s_right_outlane_rollover'====== Args={'value': 6, 'prev_value': None, 'change': True}
2025-11-05 17:06:56,817 : INFO : EventManager : Event: ======'machine_var_audits_switches_s_right_pop_bumper'====== Args={'value': 183, 'prev_value': None, 'change': True}
2025-11-05 17:06:56,817 : INFO : EventManager : Event: ======'machine_var_audits_switches_s_right_rollover'====== Args={'value': 0, 'prev_value': None, 'change': True}
2025-11-05 17:06:56,817 : INFO : EventManager : Event: ======'machine_var_audits_switches_s_right_skill_lane'====== Args={'value': 2, 'prev_value': None, 'change': True}
2025-11-05 17:06:56,817 : INFO : EventManager : Event: ======'machine_var_audits_switches_s_right_sling'====== Args={'value': 72, 'prev_value': None, 'change': True}
2025-11-05 17:06:56,817 : INFO : EventManager : Event: ======'machine_var_audits_switches_s_rollover_upper'====== Args={'value': 3, 'prev_value': None, 'change': True}
2025-11-05 17:06:56,817 : INFO : EventManager : Event: ======'machine_var_audits_switches_s_saucer'====== Args={'value': 103, 'prev_value': None, 'change': True}
2025-11-05 17:06:56,817 : INFO : EventManager : Event: ======'machine_var_audits_switches_s_slam_tilt'====== Args={'value': 6, 'prev_value': None, 'change': True}
2025-11-05 17:06:56,817 : INFO : EventManager : Event: ======'machine_var_audits_switches_s_spinner'====== Args={'value': 430, 'prev_value': None, 'change': True}
2025-11-05 17:06:56,817 : INFO : EventManager : Event: ======'machine_var_audits_switches_s_stand_up'====== Args={'value': 8, 'prev_value': None, 'change': True}
2025-11-05 17:06:56,817 : INFO : EventManager : Event: ======'machine_var_audits_switches_s_start_button'====== Args={'value': 39, 'prev_value': None, 'change': True}
2025-11-05 17:06:56,817 : INFO : EventManager : Event: ======'machine_var_audits_switches_s_tilt'====== Args={'value': 2, 'prev_value': None, 'change': True}
2025-11-05 17:06:56,817 : INFO : EventManager : Event: ======'machine_var_audits_switches_s_trough'====== Args={'value': 467, 'prev_value': None, 'change': True}
2025-11-05 17:06:56,819 : INFO : EventManager : Event: ======'init_phase_5'====== Args={}
2025-11-05 17:06:56,831 : INFO : EventManager : Event: ======'init_done'====== Args={}
2025-11-05 17:06:56,831 : INFO : EventManager : Event: ======'machine_reset_phase_1'====== Args={}
2025-11-05 17:06:56,832 : INFO : SwitchController : <<<<<<< 's_saucer' inactive >>>>>>>
2025-11-05 17:06:56,837 : INFO : SwitchController : <<<<<<< 's_trough' active >>>>>>>
2025-11-05 17:06:56,846 : INFO : EventManager : Event: ======'machine_reset_phase_2'====== Args={}
2025-11-05 17:06:56,846 : INFO : EventManager : Event: ======'machine_reset_phase_3'====== Args={}
2025-11-05 17:06:56,846 : INFO : EventManager : Event: ======'mode_attract_will_start'====== Args={'queue': <QueuedEvent>}
2025-11-05 17:06:56,848 : INFO : EventManager : Event: ======'mode_attract_starting'====== Args={'queue': <QueuedEvent>}
2025-11-05 17:06:56,848 : INFO : Mode.attract : Started. Priority: 10
2025-11-05 17:06:56,849 : INFO : EventManager : Event: ======'modes_active_modes_changed'====== Args={}
2025-11-05 17:06:56,849 : INFO : EventManager : Event: ======'mode_attract_started'====== Args={'queue': <QueuedEvent>}
2025-11-05 17:06:56,849 : INFO : EventManager : Event: ======'godot_attract_on'====== Args={'priority': 0}
2025-11-05 17:06:56,850 : INFO : EventManager : Event: ======'collecting_balls_complete'====== Args={}
2025-11-05 17:06:56,850 : INFO : EventManager : Event: ======'reset_complete'====== Args={}
2025-11-05 17:06:56,863 : INFO : Machine : Starting the main run loop with active modes: [<Mode.attract>]
2025-11-05 17:06:56,895 : INFO : EventManager : Event: ======'slide_attract_created'====== Args={'_from_bcp': True}
2025-11-05 17:06:56,895 : INFO : EventManager : Event: ======'slide__removed'====== Args={'_from_bcp': True}
2025-11-05 17:06:56,896 : INFO : EventManager : Event: ======'slide_attract_active'====== Args={'original_context': 'attract', 'original_calling_context': 'mode_attract_started', 'priority': 10.0, 'queue': '<QueuedEvent>', 'cmd': 'slides_play', '_from_bcp': True}
2025-11-05 17:06:57,347 : INFO : EventManager : Event: ======'balldevice_bd_trough_ball_count_changed'====== Args={'balls': 1}
2025-11-05 17:06:57,347 : INFO : ball_device.bd_trough : Received unexpected ball
2025-11-05 17:06:57,347 : INFO : EventManager : Event: ======'balldevice_captured_from_playfield'====== Args={'balls': 1}
2025-11-05 17:06:57,348 : INFO : EventManager : Event: ======'sw_playfield_active'====== Args={'balls': 1}
2025-11-05 17:06:57,348 : INFO : EventManager : Event: ======'playfield_active'====== Args={'source': None}
2025-11-05 17:06:57,348 : INFO : EventManager : Event: ======'unexpected_ball_on_playfield'====== Args={}
2025-11-05 17:06:57,348 : INFO : EventManager : Event: ======'playfield_ball_count_change'====== Args={'balls': -1, 'change': -1}
2025-11-05 17:06:57,349 : INFO : EventManager : Event: ======'balldevice_bd_trough_ball_enter'====== Args={'new_balls': 1, 'unclaimed_balls': 1, 'new_available_balls': 1, 'device': <ball_device.bd_trough>}
2025-11-05 17:06:57,349 : INFO : EventManager : Event: ======'ball_drain'====== Args={'device': <ball_device.bd_trough>, 'balls': 1}
2025-11-05 17:06:57,349 : INFO : EventManager : Event: ======'balldevice_balls_available'====== Args={}
2025-11-05 17:06:57,349 : INFO : EventManager : Event: ======'balldevice_bd_trough_ball_entered'====== Args={'new_balls': 1, 'device': <ball_device.bd_trough>}
2025-11-05 17:06:58,856 : INFO : EventManager : Event: ======'attract_wave_complete'====== Args={'priority': 0}
2025-11-05 17:06:59,245 : INFO : EventManager : Event: ======'attract_pulse_complete'====== Args={'priority': 0}
2025-11-05 17:06:59,661 : INFO : EventManager : Event: ======'attract_pulse_complete'====== Args={'priority': 0}
2025-11-05 17:07:01,636 : INFO : EventManager : Event: ======'attract_wave_complete'====== Args={'priority': 0}
2025-11-05 17:07:01,807 : INFO : SwitchController : <<<<<<< 's_start_button' active >>>>>>>
2025-11-05 17:07:02,025 : INFO : EventManager : Event: ======'attract_pulse_complete'====== Args={'priority': 0}
2025-11-05 17:07:02,025 : INFO : SwitchController : <<<<<<< 's_start_button' inactive >>>>>>>
2025-11-05 17:07:02,025 : INFO : EventManager : Event: ======'request_to_start_game'====== Args={}
2025-11-05 17:07:02,025 : INFO : EventManager : Event: ======'collecting_balls'====== Args={}
2025-11-05 17:07:02,026 : INFO : BallController : Known balls: 1
2025-11-05 17:07:02,026 : INFO : BallController : bd_trough contains 1 balls. Tags ['trough', 'home', 'drain']
2025-11-05 17:07:02,026 : INFO : BallController : bd_saucer contains 1 balls. Tags ['saucer', 'home', 'eject', 'playfield']
2025-11-05 17:07:02,026 : INFO : BallController : playfield contains -1 balls. Tags ['default']
2025-11-05 17:07:02,026 : WARNING : BallController : BallController denies game start. Balls are not in their home positions.
2025-11-05 17:07:02,304 : INFO : EventManager : Event: ======'balldevice_bd_saucer_ball_count_changed'====== Args={'balls': 0}
2025-11-05 17:07:02,304 : WARNING : ball_device.bd_saucer : Ball disappeared while idle. This should not normally happen.
2025-11-05 17:07:02,304 : INFO : EventManager : Event: ======'balldevice_playfield_ball_enter'====== Args={'new_balls': 1, 'unclaimed_balls': 1, 'device': <playfield.playfield>}
2025-11-05 17:07:02,304 : INFO : EventManager : Event: ======'playfield_ball_count_change'====== Args={'balls': 0, 'change': 1}
2025-11-05 17:07:02,304 : INFO : ball_device.bd_saucer : 1 ball(s) missing from device. Mechanical eject? False
2025-11-05 17:07:02,304 : INFO : EventManager : Event: ======'balldevice_bd_saucer_ball_missing'====== Args={'balls': 1}
2025-11-05 17:07:02,306 : INFO : EventManager : Event: ======'balldevice_ball_missing'====== Args={'balls': 1, 'name': 'bd_saucer'}
2025-11-05 17:07:02,428 : INFO : EventManager : Event: ======'attract_pulse_complete'====== Args={'priority': 0}
2025-11-05 17:07:03,235 : INFO : SwitchController : <<<<<<< 's_start_button' active >>>>>>>
2025-11-05 17:07:03,628 : INFO : SwitchController : <<<<<<< 's_start_button' inactive >>>>>>>
2025-11-05 17:07:03,628 : INFO : EventManager : Event: ======'request_to_start_game'====== Args={}
2025-11-05 17:07:03,629 : INFO : EventManager : Event: ======'game_start'====== Args={'buttons': [], 'hold_time': 0.3899999998975545}
2025-11-05 17:07:03,629 : INFO : EventManager : Event: ======'mode_game_will_start'====== Args={'buttons': [], 'hold_time': 0.3899999998975545}
2025-11-05 17:07:03,629 : INFO : EventManager : Event: ======'mode_game_starting'====== Args={'buttons': [], 'hold_time': 0.3899999998975545}
2025-11-05 17:07:03,629 : INFO : Mode.game : Started. Priority: 20
2025-11-05 17:07:03,630 : INFO : EventManager : Event: ======'modes_active_modes_changed'====== Args={}
2025-11-05 17:07:03,630 : INFO : EventManager : Event: ======'mode_game_started'====== Args={'buttons': [], 'hold_time': 0.3899999998975545}
2025-11-05 17:07:03,642 : INFO : EventManager : Event: ======'game_will_start'====== Args={}
2025-11-05 17:07:03,644 : INFO : EventManager : Event: ======'game_starting'====== Args={'game': <Mode.game>}
2025-11-05 17:07:03,644 : INFO : EventManager : Event: ======'mode_attract_will_stop'====== Args={}
2025-11-05 17:07:03,644 : INFO : EventManager : Event: ======'mode_attract_stopping'====== Args={}
2025-11-05 17:07:03,644 : INFO : EventManager : Event: ======'godot_attract_off'====== Args={'priority': 0}
2025-11-05 17:07:03,645 : INFO : EventManager : Unordered handler for class <Auditor> on event game_ended with priority 1. Handlers: [RegisteredHandler(callback=<bound method Auditor.disable of <Auditor>>, priority=1, kwargs={}, key=UUID('cd8cdeb1-7169-4380-b59c-b16a9475e6ba'), condition=None, blocking_facility=None), RegisteredHandler(callback=<bound method Auditor._save_audits of <Auditor>>, priority=1, kwargs={}, key=UUID('4089dbbf-9a53-4cc5-9a93-13d56d596d94'), condition=None, blocking_facility=None)]. The order of those handlers is not defined and they will be executed in random order. This might lead to race conditions and potential bugs.
2025-11-05 17:07:03,645 : INFO : EventManager : Event: ======'godot_attract_off'====== Args={'priority': 0}
2025-11-05 17:07:03,646 : INFO : Mode.attract : Stopped.
2025-11-05 17:07:03,646 : INFO : EventManager : Event: ======'modes_active_modes_changed'====== Args={}
2025-11-05 17:07:03,646 : INFO : EventManager : Event: ======'mode_attract_stopped'====== Args={}
2025-11-05 17:07:03,646 : INFO : EventManager : Event: ======'clear'====== Args={'key': 'attract'}
2025-11-05 17:07:03,646 : INFO : EventManager : Event: ======'player_add_request'====== Args={}
2025-11-05 17:07:03,647 : INFO : EventManager : Event: ======'player_will_add'====== Args={'number': 1}
2025-11-05 17:07:03,647 : INFO : EventManager : Event: ======'player_adding'====== Args={'player': <Player 1>, 'number': 1}
2025-11-05 17:07:03,647 : INFO : EventManager : Event: ======'player_added'====== Args={'player': <Player 1>, 'num': 1}
2025-11-05 17:07:03,647 : INFO : Mode.game : Player added successfully. Total players: 1
2025-11-05 17:07:03,647 : INFO : EventManager : Event: ======'player_index'====== Args={'value': 0, 'prev_value': 0, 'change': 0, 'player_num': 1}
2025-11-05 17:07:03,647 : INFO : EventManager : Event: ======'player_number'====== Args={'value': 1, 'prev_value': 1, 'change': 0, 'player_num': 1}
2025-11-05 17:07:03,647 : INFO : EventManager : Event: ======'player_score'====== Args={'value': 0, 'prev_value': 0, 'change': 0, 'player_num': 1}
2025-11-05 17:07:03,648 : INFO : EventManager : Unordered handler for class <Auditor> on event game_ended with priority 1. Handlers: [RegisteredHandler(callback=<bound method Auditor.disable of <Auditor>>, priority=1, kwargs={}, key=UUID('cd8cdeb1-7169-4380-b59c-b16a9475e6ba'), condition=None, blocking_facility=None), RegisteredHandler(callback=<bound method Auditor._save_audits of <Auditor>>, priority=1, kwargs={}, key=UUID('4089dbbf-9a53-4cc5-9a93-13d56d596d94'), condition=None, blocking_facility=None)]. The order of those handlers is not defined and they will be executed in random order. This might lead to race conditions and potential bugs.
2025-11-05 17:07:03,665 : INFO : EventManager : Event: ======'game_started'====== Args={}
2025-11-05 17:07:03,665 : INFO : EventManager : Event: ======'blink_on'====== Args={'priority': 0}
2025-11-05 17:07:03,667 : INFO : EventManager : Event: ======'player_turn_will_start'====== Args={'player': <Player 1>, 'number': 1}
2025-11-05 17:07:03,672 : INFO : EventManager : Event: ======'player_turn_starting'====== Args={'player': <Player 1>, 'number': 1}
2025-11-05 17:07:03,672 : INFO : EventManager : Event: ======'player_ball'====== Args={'value': 1, 'prev_value': 0, 'change': 1, 'player_num': 1}
2025-11-05 17:07:03,672 : INFO : EventManager : Event: ======'player_turn_started'====== Args={'player': <Player 1>, 'number': 1}
2025-11-05 17:07:03,674 : INFO : EventManager : Event: ======'ball_will_start'====== Args={'player': 1, 'ball': 1, 'balls_remaining': 2, 'is_extra_ball': False}
2025-11-05 17:07:03,678 : INFO : EventManager : Event: ======'ball_starting'====== Args={'player': 1, 'ball': 1, 'balls_remaining': 2, 'is_extra_ball': False}
2025-11-05 17:07:03,684 : INFO : drop_target_bank.right_bank : All targets are already up. Will not reset bank.
2025-11-05 17:07:03,684 : INFO : drop_target_bank.left_bank : All targets are already up. Will not reset bank.
2025-11-05 17:07:03,684 : INFO : EventManager : Event: ======'balls_in_play'====== Args={'balls': 1}
2025-11-05 17:07:03,684 : INFO : EventManager : Event: ======'ball_started'====== Args={'player': 1, 'ball': 1, 'balls_remaining': 2, 'is_extra_ball': False}
2025-11-05 17:07:03,684 : INFO : EventManager : Event: ======'mode_base_will_start'====== Args={'player': 1, 'ball': 1, 'balls_remaining': 2, 'is_extra_ball': False}
2025-11-05 17:07:03,685 : INFO : EventManager : Event: ======'player_shot_sh_escape_graveyard_start_enabled'====== Args={'value': False, 'prev_value': 0, 'change': 0, 'player_num': 1}
2025-11-05 17:07:03,685 : INFO : EventManager : Unordered handler for class <Auditor> on event game_ended with priority 1. Handlers: [RegisteredHandler(callback=<bound method Auditor.disable of <Auditor>>, priority=1, kwargs={}, key=UUID('cd8cdeb1-7169-4380-b59c-b16a9475e6ba'), condition=None, blocking_facility=None), RegisteredHandler(callback=<bound method Auditor._save_audits of <Auditor>>, priority=1, kwargs={}, key=UUID('4089dbbf-9a53-4cc5-9a93-13d56d596d94'), condition=None, blocking_facility=None)]. The order of those handlers is not defined and they will be executed in random order. This might lead to race conditions and potential bugs.
2025-11-05 17:07:03,686 : INFO : EventManager : Unordered handler for class <Auditor> on event game_ended with priority 1. Handlers: [RegisteredHandler(callback=<bound method Auditor.disable of <Auditor>>, priority=1, kwargs={}, key=UUID('cd8cdeb1-7169-4380-b59c-b16a9475e6ba'), condition=None, blocking_facility=None), RegisteredHandler(callback=<bound method Auditor._save_audits of <Auditor>>, priority=1, kwargs={}, key=UUID('4089dbbf-9a53-4cc5-9a93-13d56d596d94'), condition=None, blocking_facility=None)]. The order of those handlers is not defined and they will be executed in random order. This might lead to race conditions and potential bugs.
2025-11-05 17:07:03,688 : INFO : EventManager : Event: ======'mode_base_starting'====== Args={'player': 1, 'ball': 1, 'balls_remaining': 2, 'is_extra_ball': False}
2025-11-05 17:07:03,689 : INFO : EventManager : Unordered handler for class <Auditor> on event game_ended with priority 1. Handlers: [RegisteredHandler(callback=<bound method Auditor.disable of <Auditor>>, priority=1, kwargs={}, key=UUID('cd8cdeb1-7169-4380-b59c-b16a9475e6ba'), condition=None, blocking_facility=None), RegisteredHandler(callback=<bound method Auditor._save_audits of <Auditor>>, priority=1, kwargs={}, key=UUID('4089dbbf-9a53-4cc5-9a93-13d56d596d94'), condition=None, blocking_facility=None)]. The order of those handlers is not defined and they will be executed in random order. This might lead to race conditions and potential bugs.
2025-11-05 17:07:03,690 : INFO : EventManager : Event: ======'logicblock_eg_pop_counter_updated'====== Args={'value': 0, 'enabled': True}
2025-11-05 17:07:03,691 : INFO : EventManager : Event: ======'logicblock_eg_pop_counter_updated'====== Args={'value': 0, 'enabled': True}
2025-11-05 17:07:03,691 : INFO : Mode.base : Started. Priority: 50
2025-11-05 17:07:03,691 : INFO : EventManager : Event: ======'modes_active_modes_changed'====== Args={}
2025-11-05 17:07:03,691 : INFO : EventManager : Event: ======'mode_base_started'====== Args={'player': 1, 'ball': 1, 'balls_remaining': 2, 'is_extra_ball': False}
2025-11-05 17:07:03,692 : INFO : EventManager : Event: ======'single_player_ball_started'====== Args={}
2025-11-05 17:07:03,692 : INFO : EventManager : Event: ======'stop_mode_attract'====== Args={'priority': 0}
2025-11-05 17:07:03,692 : INFO : EventManager : Event: ======'mode_attract_will_stop'====== Args={'priority': 0}
2025-11-05 17:07:03,692 : INFO : EventManager : Event: ======'godot_attract_off'====== Args={'priority': 0}
2025-11-05 17:07:03,692 : INFO : EventManager : Event: ======'godot_play_base'====== Args={'priority': 0}
2025-11-05 17:07:03,692 : INFO : EventManager : Event: ======'start_firstball_intro'====== Args={'priority': 0}
2025-11-05 17:07:03,692 : INFO : EventManager : Event: ======'start_firstball_intro'====== Args={'priority': 0}
2025-11-05 17:07:03,693 : INFO : EventManager : Event: ======'ball_start_target'====== Args={'target': 'playfield'}
2025-11-05 17:07:03,732 : INFO : ball_device.bd_trough : Setting up player-controlled eject. Balls: 1, Target: <playfield.playfield>, player_controlled_eject_event: None
2025-11-05 17:07:03,732 : INFO : ball_device.bd_trough : Adding 1 ball(s) to the eject_queue with target <playfield.playfield>.
2025-11-05 17:07:03,732 : INFO : EventManager : Event: ======'balldevice_balls_available'====== Args={}
2025-11-05 17:07:03,734 : INFO : EventManager : Event: ======'slide_base_created'====== Args={'_from_bcp': True}
2025-11-05 17:07:03,734 : INFO : EventManager : Event: ======'slide_attract_inactive'====== Args={'is_removing': True, '_from_bcp': True}
2025-11-05 17:07:03,734 : INFO : EventManager : Event: ======'slide_base_active'====== Args={'original_context': 'base', 'original_calling_context': 'mode_base_started', 'priority': 50.0, 'player': 1.0, 'ball': 1.0, 'balls_remaining': 2.0, 'is_extra_ball': False, 'cmd': 'slides_play', '_from_bcp': True}
2025-11-05 17:07:03,734 : INFO : EventManager : Event: ======'slide_attract_removed'====== Args={'_from_bcp': True}
2025-11-05 17:07:03,735 : INFO : ball_device.bd_trough : State: waiting_for_target_ready
2025-11-05 17:07:03,735 : INFO : EventManager : Event: ======'balldevice_bd_trough_ball_eject_attempt'====== Args={'balls': 1, 'target': <playfield.playfield>, 'source': <ball_device.bd_trough>, 'mechanical_eject': False, 'num_attempts': 0}
2025-11-05 17:07:03,736 : INFO : ball_device.bd_trough : State: ejecting
2025-11-05 17:07:03,736 : INFO : ball_device.bd_trough : Ejecting ball to <playfield.playfield>
2025-11-05 17:07:03,736 : INFO : EventManager : Event: ======'balldevice_bd_trough_ejecting_ball'====== Args={'balls': 1, 'target': <playfield.playfield>, 'source': <ball_device.bd_trough>, 'mechanical_eject': False, 'num_attempts': 0}
2025-11-05 17:07:03,737 : INFO : ball_device.bd_trough : Wait for ball to leave device
2025-11-05 17:07:03,737 : INFO : coil.c_trough_eject : Pulsing Driver for 40ms (1.0 pulse_power)
2025-11-05 17:07:03,784 : INFO : SwitchController : <<<<<<< 's_trough' inactive >>>>>>>
2025-11-05 17:07:03,792 : INFO : ball_device.bd_trough : State: ball_left
2025-11-05 17:07:03,792 : INFO : ball_device.bd_trough : Ball left
2025-11-05 17:07:03,792 : INFO : ball_device.bd_trough : Wait for confirm with timeout 10.0
2025-11-05 17:07:04,264 : INFO : EventManager : Event: ======'blink_off'====== Args={'priority': 0}
2025-11-05 17:07:04,853 : INFO : EventManager : Event: ======'blink_on'====== Args={'priority': 0}
2025-11-05 17:07:05,461 : INFO : EventManager : Event: ======'blink_off'====== Args={'priority': 0}
2025-11-05 17:07:05,462 : INFO : EventManager : Unordered handler for class <Auditor> on event game_ended with priority 1. Handlers: [RegisteredHandler(callback=<bound method Auditor.disable of <Auditor>>, priority=1, kwargs={}, key=UUID('cd8cdeb1-7169-4380-b59c-b16a9475e6ba'), condition=None, blocking_facility=None), RegisteredHandler(callback=<bound method Auditor._save_audits of <Auditor>>, priority=1, kwargs={}, key=UUID('4089dbbf-9a53-4cc5-9a93-13d56d596d94'), condition=None, blocking_facility=None)]. The order of those handlers is not defined and they will be executed in random order. This might lead to race conditions and potential bugs.
2025-11-05 17:07:06,067 : INFO : EventManager : Event: ======'blink_on'====== Args={'priority': 0}
2025-11-05 17:07:06,672 : INFO : EventManager : Event: ======'blink_off'====== Args={'priority': 0}
2025-11-05 17:07:06,673 : INFO : EventManager : Unordered handler for class <Auditor> on event game_ended with priority 1. Handlers: [RegisteredHandler(callback=<bound method Auditor.disable of <Auditor>>, priority=1, kwargs={}, key=UUID('cd8cdeb1-7169-4380-b59c-b16a9475e6ba'), condition=None, blocking_facility=None), RegisteredHandler(callback=<bound method Auditor._save_audits of <Auditor>>, priority=1, kwargs={}, key=UUID('4089dbbf-9a53-4cc5-9a93-13d56d596d94'), condition=None, blocking_facility=None)]. The order of those handlers is not defined and they will be executed in random order. This might lead to race conditions and potential bugs.
2025-11-05 17:07:07,263 : INFO : EventManager : Event: ======'blink_on'====== Args={'priority': 0}
2025-11-05 17:07:07,854 : INFO : EventManager : Event: ======'blink_off'====== Args={'priority': 0}
2025-11-05 17:07:07,854 : INFO : EventManager : Unordered handler for class <Auditor> on event game_ended with priority 1. Handlers: [RegisteredHandler(callback=<bound method Auditor.disable of <Auditor>>, priority=1, kwargs={}, key=UUID('cd8cdeb1-7169-4380-b59c-b16a9475e6ba'), condition=None, blocking_facility=None), RegisteredHandler(callback=<bound method Auditor._save_audits of <Auditor>>, priority=1, kwargs={}, key=UUID('4089dbbf-9a53-4cc5-9a93-13d56d596d94'), condition=None, blocking_facility=None)]. The order of those handlers is not defined and they will be executed in random order. This might lead to race conditions and potential bugs.
2025-11-05 17:07:08,459 : INFO : EventManager : Event: ======'blink_on'====== Args={'priority': 0}
2025-11-05 17:07:09,063 : INFO : EventManager : Event: ======'blink_off'====== Args={'priority': 0}
2025-11-05 17:07:09,063 : INFO : EventManager : Unordered handler for class <Auditor> on event game_ended with priority 1. Handlers: [RegisteredHandler(callback=<bound method Auditor.disable of <Auditor>>, priority=1, kwargs={}, key=UUID('cd8cdeb1-7169-4380-b59c-b16a9475e6ba'), condition=None, blocking_facility=None), RegisteredHandler(callback=<bound method Auditor._save_audits of <Auditor>>, priority=1, kwargs={}, key=UUID('4089dbbf-9a53-4cc5-9a93-13d56d596d94'), condition=None, blocking_facility=None)]. The order of those handlers is not defined and they will be executed in random order. This might lead to race conditions and potential bugs.
2025-11-05 17:07:09,666 : INFO : EventManager : Event: ======'blink_on'====== Args={'priority': 0}
2025-11-05 17:07:09,803 : INFO : SwitchController : <<<<<<< 's_right_inlane' active >>>>>>>
2025-11-05 17:07:09,803 : INFO : EventManager : Event: ======'s_right_inlane_active'====== Args={}
2025-11-05 17:07:09,803 : INFO : EventManager : Event: ======'sw_playfield_active'====== Args={}
2025-11-05 17:07:09,803 : INFO : EventManager : Event: ======'machine_var_audits_switches_s_right_inlane'====== Args={'value': 6, 'prev_value': 5, 'change': 1}
2025-11-05 17:07:09,804 : INFO : EventManager : Event: ======'player_score'====== Args={'value': 100, 'prev_value': 0, 'change': 100, 'player_num': 1, 'source': 'base'}
2025-11-05 17:07:09,805 : INFO : EventManager : Event: ======'playfield_active'====== Args={'source': None}
2025-11-05 17:07:09,819 : INFO : ball_device.bd_trough : Got eject confirm
2025-11-05 17:07:09,819 : INFO : ball_device.bd_trough : Eject successful
2025-11-05 17:07:09,819 : INFO : EventManager : Event: ======'balldevice_bd_trough_ball_eject_success'====== Args={'balls': 1, 'target': <playfield.playfield>}
2025-11-05 17:07:09,820 : INFO : EventManager : Event: ======'balldevice_playfield_ball_enter'====== Args={'new_balls': 1, 'unclaimed_balls': 1, 'device': <playfield.playfield>}
2025-11-05 17:07:09,820 : INFO : EventManager : Event: ======'playfield_ball_count_change'====== Args={'balls': 1, 'change': 1}
2025-11-05 17:07:09,821 : INFO : EventManager : Event: ======'balldevice_bd_trough_ball_count_changed'====== Args={'balls': 0}
2025-11-05 17:07:09,821 : INFO : ball_device.bd_trough : State: idle
2025-11-05 17:07:10,267 : INFO : EventManager : Event: ======'blink_off'====== Args={'priority': 0}
2025-11-05 17:07:10,268 : INFO : EventManager : Unordered handler for class <Auditor> on event game_ended with priority 1. Handlers: [RegisteredHandler(callback=<bound method Auditor.disable of <Auditor>>, priority=1, kwargs={}, key=UUID('cd8cdeb1-7169-4380-b59c-b16a9475e6ba'), condition=None, blocking_facility=None), RegisteredHandler(callback=<bound method Auditor._save_audits of <Auditor>>, priority=1, kwargs={}, key=UUID('4089dbbf-9a53-4cc5-9a93-13d56d596d94'), condition=None, blocking_facility=None)]. The order of those handlers is not defined and they will be executed in random order. This might lead to race conditions and potential bugs.
2025-11-05 17:07:10,562 : INFO : SwitchController : <<<<<<< 's_right_inlane' inactive >>>>>>>
2025-11-05 17:07:10,857 : INFO : EventManager : Event: ======'blink_on'====== Args={'priority': 0}
2025-11-05 17:07:11,461 : INFO : EventManager : Event: ======'blink_off'====== Args={'priority': 0}
2025-11-05 17:07:11,461 : INFO : EventManager : Unordered handler for class <Auditor> on event game_ended with priority 1. Handlers: [RegisteredHandler(callback=<bound method Auditor.disable of <Auditor>>, priority=1, kwargs={}, key=UUID('cd8cdeb1-7169-4380-b59c-b16a9475e6ba'), condition=None, blocking_facility=None), RegisteredHandler(callback=<bound method Auditor._save_audits of <Auditor>>, priority=1, kwargs={}, key=UUID('4089dbbf-9a53-4cc5-9a93-13d56d596d94'), condition=None, blocking_facility=None)]. The order of those handlers is not defined and they will be executed in random order. This might lead to race conditions and potential bugs.
2025-11-05 17:07:11,695 : INFO : SwitchController : <<<<<<< 's_trough' active >>>>>>>
2025-11-05 17:07:11,695 : INFO : EventManager : Event: ======'machine_var_audits_switches_s_trough'====== Args={'value': 468, 'prev_value': 467, 'change': 1}
2025-11-05 17:07:11,741 : INFO : SwitchController : <<<<<<< 's_trough' inactive >>>>>>>
2025-11-05 17:07:11,756 : INFO : SwitchController : <<<<<<< 's_trough' active >>>>>>>
2025-11-05 17:07:11,756 : INFO : EventManager : Event: ======'machine_var_audits_switches_s_trough'====== Args={'value': 469, 'prev_value': 468, 'change': 1}
2025-11-05 17:07:12,053 : INFO : EventManager : Event: ======'blink_on'====== Args={'priority': 0}
2025-11-05 17:07:12,270 : INFO : EventManager : Event: ======'balldevice_bd_trough_ball_count_changed'====== Args={'balls': 1}
2025-11-05 17:07:12,270 : INFO : ball_device.bd_trough : Received unexpected ball
2025-11-05 17:07:12,270 : INFO : EventManager : Event: ======'balldevice_captured_from_playfield'====== Args={'balls': 1}
2025-11-05 17:07:12,270 : INFO : EventManager : Event: ======'sw_playfield_active'====== Args={'balls': 1}
2025-11-05 17:07:12,271 : INFO : EventManager : Event: ======'playfield_ball_count_change'====== Args={'balls': 0, 'change': -1}
2025-11-05 17:07:12,271 : INFO : EventManager : Event: ======'balldevice_bd_trough_ball_enter'====== Args={'new_balls': 1, 'unclaimed_balls': 1, 'new_available_balls': 1, 'device': <ball_device.bd_trough>}
2025-11-05 17:07:12,271 : INFO : EventManager : Event: ======'ball_drain'====== Args={'device': <ball_device.bd_trough>, 'balls': 1}
2025-11-05 17:07:12,272 : INFO : EventManager : Event: ======'collecting_balls_complete'====== Args={}
2025-11-05 17:07:12,272 : INFO : EventManager : Event: ======'ball_will_end'====== Args={}
2025-11-05 17:07:12,272 : INFO : EventManager : Event: ======'balldevice_balls_available'====== Args={}
2025-11-05 17:07:12,272 : INFO : EventManager : Event: ======'balldevice_bd_trough_ball_entered'====== Args={'new_balls': 1, 'device': <ball_device.bd_trough>}
2025-11-05 17:07:12,274 : INFO : EventManager : Event: ======'ball_ending'====== Args={}
2025-11-05 17:07:12,274 : INFO : EventManager : Event: ======'mode_base_will_stop'====== Args={}
2025-11-05 17:07:12,274 : INFO : EventManager : Event: ======'mode_base_stopping'====== Args={}
2025-11-05 17:07:12,274 : INFO : EventManager : Event: ======'godot_stop_base'====== Args={'priority': 0}
2025-11-05 17:07:12,275 : INFO : Mode.base : Stopped.
2025-11-05 17:07:12,275 : INFO : EventManager : Event: ======'modes_active_modes_changed'====== Args={}
2025-11-05 17:07:12,275 : INFO : EventManager : Event: ======'mode_base_stopped'====== Args={}
2025-11-05 17:07:12,275 : INFO : EventManager : Event: ======'clear'====== Args={'key': 'base'}
2025-11-05 17:07:12,290 : INFO : EventManager : Event: ======'ball_ended'====== Args={}
2025-11-05 17:07:12,291 : INFO : EventManager : Event: ======'player_turn_will_end'====== Args={'player': <Player 1>, 'number': 1}
2025-11-05 17:07:12,296 : INFO : EventManager : Event: ======'player_turn_ending'====== Args={'player': <Player 1>, 'number': 1}
2025-11-05 17:07:12,296 : INFO : EventManager : Event: ======'player_turn_ended'====== Args={'player': <Player 1>, 'number': 1}
2025-11-05 17:07:12,297 : INFO : EventManager : Event: ======'player_turn_will_start'====== Args={'player': <Player 1>, 'number': 1}
2025-11-05 17:07:12,297 : INFO : EventManager : Event: ======'player_turn_starting'====== Args={'player': <Player 1>, 'number': 1}
2025-11-05 17:07:12,297 : INFO : EventManager : Event: ======'player_ball'====== Args={'value': 2, 'prev_value': 1, 'change': 1, 'player_num': 1}
2025-11-05 17:07:12,298 : INFO : EventManager : Event: ======'player_turn_started'====== Args={'player': <Player 1>, 'number': 1}
2025-11-05 17:07:12,299 : INFO : EventManager : Event: ======'ball_will_start'====== Args={'player': 1, 'ball': 2, 'balls_remaining': 1, 'is_extra_ball': False}
2025-11-05 17:07:12,304 : INFO : EventManager : Event: ======'ball_starting'====== Args={'player': 1, 'ball': 2, 'balls_remaining': 1, 'is_extra_ball': False}
2025-11-05 17:07:12,305 : INFO : drop_target_bank.right_bank : All targets are already up. Will not reset bank.
2025-11-05 17:07:12,305 : INFO : drop_target_bank.left_bank : All targets are already up. Will not reset bank.
2025-11-05 17:07:12,306 : INFO : EventManager : Event: ======'balls_in_play'====== Args={'balls': 1}
2025-11-05 17:07:12,306 : INFO : EventManager : Event: ======'ball_started'====== Args={'player': 1, 'ball': 2, 'balls_remaining': 1, 'is_extra_ball': False}
2025-11-05 17:07:12,306 : INFO : EventManager : Event: ======'mode_music_ball_2plus_will_start'====== Args={'player': 1, 'ball': 2, 'balls_remaining': 1, 'is_extra_ball': False}
2025-11-05 17:07:12,306 : INFO : EventManager : Unordered handler for class <Auditor> on event game_ended with priority 1. Handlers: [RegisteredHandler(callback=<bound method Auditor.disable of <Auditor>>, priority=1, kwargs={}, key=UUID('cd8cdeb1-7169-4380-b59c-b16a9475e6ba'), condition=None, blocking_facility=None), RegisteredHandler(callback=<bound method Auditor._save_audits of <Auditor>>, priority=1, kwargs={}, key=UUID('4089dbbf-9a53-4cc5-9a93-13d56d596d94'), condition=None, blocking_facility=None)]. The order of those handlers is not defined and they will be executed in random order. This might lead to race conditions and potential bugs.
2025-11-05 17:07:12,307 : INFO : EventManager : Event: ======'mode_music_ball_2plus_starting'====== Args={'player': 1, 'ball': 2, 'balls_remaining': 1, 'is_extra_ball': False}
2025-11-05 17:07:12,307 : INFO : EventManager : Event: ======'mode_base_will_start'====== Args={'player': 1, 'ball': 2, 'balls_remaining': 1, 'is_extra_ball': False}
2025-11-05 17:07:12,307 : INFO : EventManager : Unordered handler for class <Auditor> on event game_ended with priority 1. Handlers: [RegisteredHandler(callback=<bound method Auditor.disable of <Auditor>>, priority=1, kwargs={}, key=UUID('cd8cdeb1-7169-4380-b59c-b16a9475e6ba'), condition=None, blocking_facility=None), RegisteredHandler(callback=<bound method Auditor._save_audits of <Auditor>>, priority=1, kwargs={}, key=UUID('4089dbbf-9a53-4cc5-9a93-13d56d596d94'), condition=None, blocking_facility=None)]. The order of those handlers is not defined and they will be executed in random order. This might lead to race conditions and potential bugs.
2025-11-05 17:07:12,308 : INFO : EventManager : Unordered handler for class <Auditor> on event game_ended with priority 1. Handlers: [RegisteredHandler(callback=<bound method Auditor.disable of <Auditor>>, priority=1, kwargs={}, key=UUID('cd8cdeb1-7169-4380-b59c-b16a9475e6ba'), condition=None, blocking_facility=None), RegisteredHandler(callback=<bound method Auditor._save_audits of <Auditor>>, priority=1, kwargs={}, key=UUID('4089dbbf-9a53-4cc5-9a93-13d56d596d94'), condition=None, blocking_facility=None)]. The order of those handlers is not defined and they will be executed in random order. This might lead to race conditions and potential bugs.
2025-11-05 17:07:12,310 : INFO : EventManager : Event: ======'mode_base_starting'====== Args={'player': 1, 'ball': 2, 'balls_remaining': 1, 'is_extra_ball': False}
2025-11-05 17:07:12,311 : INFO : EventManager : Unordered handler for class <Auditor> on event game_ended with priority 1. Handlers: [RegisteredHandler(callback=<bound method Auditor.disable of <Auditor>>, priority=1, kwargs={}, key=UUID('cd8cdeb1-7169-4380-b59c-b16a9475e6ba'), condition=None, blocking_facility=None), RegisteredHandler(callback=<bound method Auditor._save_audits of <Auditor>>, priority=1, kwargs={}, key=UUID('4089dbbf-9a53-4cc5-9a93-13d56d596d94'), condition=None, blocking_facility=None)]. The order of those handlers is not defined and they will be executed in random order. This might lead to race conditions and potential bugs.
2025-11-05 17:07:12,311 : INFO : Mode.music_ball_2plus : Started. Priority: 60
2025-11-05 17:07:12,312 : INFO : EventManager : Event: ======'modes_active_modes_changed'====== Args={}
2025-11-05 17:07:12,312 : INFO : EventManager : Event: ======'mode_music_ball_2plus_started'====== Args={'player': 1, 'ball': 2, 'balls_remaining': 1, 'is_extra_ball': False}
2025-11-05 17:07:12,313 : INFO : EventManager : Event: ======'logicblock_eg_pop_counter_updated'====== Args={'value': 0, 'enabled': True}
2025-11-05 17:07:12,313 : INFO : EventManager : Event: ======'logicblock_eg_pop_counter_updated'====== Args={'value': 0, 'enabled': True}
2025-11-05 17:07:12,313 : INFO : Mode.base : Started. Priority: 50
2025-11-05 17:07:12,313 : INFO : EventManager : Event: ======'modes_active_modes_changed'====== Args={}
2025-11-05 17:07:12,313 : INFO : EventManager : Event: ======'mode_base_started'====== Args={'player': 1, 'ball': 2, 'balls_remaining': 1, 'is_extra_ball': False}
2025-11-05 17:07:12,313 : INFO : EventManager : Event: ======'stop_mode_attract'====== Args={'priority': 0}
2025-11-05 17:07:12,313 : INFO : EventManager : Event: ======'mode_attract_will_stop'====== Args={'priority': 0}
2025-11-05 17:07:12,313 : INFO : EventManager : Event: ======'godot_attract_off'====== Args={'priority': 0}
2025-11-05 17:07:12,313 : INFO : EventManager : Event: ======'godot_play_base'====== Args={'priority': 0}
2025-11-05 17:07:12,313 : INFO : EventManager : Event: ======'start_firstball_intro'====== Args={'priority': 0}
2025-11-05 17:07:12,313 : INFO : EventManager : Event: ======'start_subsequent_loop'====== Args={'priority': 0}
2025-11-05 17:07:12,314 : INFO : EventManager : Event: ======'single_player_ball_started'====== Args={}
2025-11-05 17:07:12,331 : INFO : EventManager : Event: ======'ball_start_target'====== Args={'target': 'playfield'}
2025-11-05 17:07:12,331 : INFO : ball_device.bd_trough : Setting up player-controlled eject. Balls: 1, Target: <playfield.playfield>, player_controlled_eject_event: None
2025-11-05 17:07:12,331 : INFO : ball_device.bd_trough : Adding 1 ball(s) to the eject_queue with target <playfield.playfield>.
2025-11-05 17:07:12,331 : INFO : EventManager : Event: ======'balldevice_balls_available'====== Args={}
2025-11-05 17:07:12,334 : INFO : ball_device.bd_trough : State: waiting_for_target_ready
2025-11-05 17:07:12,334 : INFO : EventManager : Event: ======'balldevice_bd_trough_ball_eject_attempt'====== Args={'balls': 1, 'target': <playfield.playfield>, 'source': <ball_device.bd_trough>, 'mechanical_eject': False, 'num_attempts': 0}
2025-11-05 17:07:12,335 : INFO : ball_device.bd_trough : State: ejecting
2025-11-05 17:07:12,335 : INFO : ball_device.bd_trough : Ejecting ball to <playfield.playfield>
2025-11-05 17:07:12,335 : INFO : EventManager : Event: ======'balldevice_bd_trough_ejecting_ball'====== Args={'balls': 1, 'target': <playfield.playfield>, 'source': <ball_device.bd_trough>, 'mechanical_eject': False, 'num_attempts': 0}
2025-11-05 17:07:12,337 : INFO : ball_device.bd_trough : Wait for ball to leave device
2025-11-05 17:07:12,337 : INFO : coil.c_trough_eject : Pulsing Driver for 40ms (1.0 pulse_power)
2025-11-05 17:07:12,394 : INFO : SwitchController : <<<<<<< 's_trough' inactive >>>>>>>
2025-11-05 17:07:12,402 : INFO : SwitchController : <<<<<<< 's_left_inlane' active >>>>>>>
2025-11-05 17:07:12,402 : INFO : EventManager : Event: ======'s_left_inlane_active'====== Args={}
2025-11-05 17:07:12,402 : INFO : EventManager : Event: ======'sw_playfield_active'====== Args={}
2025-11-05 17:07:12,402 : INFO : EventManager : Event: ======'machine_var_audits_switches_s_left_inlane'====== Args={'value': 1, 'prev_value': 0, 'change': 1}
2025-11-05 17:07:12,403 : INFO : EventManager : Event: ======'player_score'====== Args={'value': 200, 'prev_value': 100, 'change': 100, 'player_num': 1, 'source': 'base'}
2025-11-05 17:07:12,404 : INFO : EventManager : Unordered handler for class <Auditor> on event game_ended with priority 1. Handlers: [RegisteredHandler(callback=<bound method Auditor.disable of <Auditor>>, priority=1, kwargs={}, key=UUID('cd8cdeb1-7169-4380-b59c-b16a9475e6ba'), condition=None, blocking_facility=None), RegisteredHandler(callback=<bound method Auditor._save_audits of <Auditor>>, priority=1, kwargs={}, key=UUID('4089dbbf-9a53-4cc5-9a93-13d56d596d94'), condition=None, blocking_facility=None)]. The order of those handlers is not defined and they will be executed in random order. This might lead to race conditions and potential bugs.
2025-11-05 17:07:12,405 : INFO : EventManager : Event: ======'playfield_active'====== Args={'source': None}
2025-11-05 17:07:12,414 : INFO : ball_device.bd_trough : State: ball_left
2025-11-05 17:07:12,414 : INFO : ball_device.bd_trough : Ball left
2025-11-05 17:07:12,414 : INFO : ball_device.bd_trough : Wait for confirm with timeout 10.0
2025-11-05 17:07:12,416 : INFO : EventManager : Unordered handler for class <Auditor> on event game_ended with priority 1. Handlers: [RegisteredHandler(callback=<bound method Auditor.disable of <Auditor>>, priority=1, kwargs={}, key=UUID('cd8cdeb1-7169-4380-b59c-b16a9475e6ba'), condition=None, blocking_facility=None), RegisteredHandler(callback=<bound method Auditor._save_audits of <Auditor>>, priority=1, kwargs={}, key=UUID('4089dbbf-9a53-4cc5-9a93-13d56d596d94'), condition=None, blocking_facility=None)]. The order of those handlers is not defined and they will be executed in random order. This might lead to race conditions and potential bugs.
2025-11-05 17:07:12,417 : INFO : EventManager : Unordered handler for class <Auditor> on event game_ended with priority 1. Handlers: [RegisteredHandler(callback=<bound method Auditor.disable of <Auditor>>, priority=1, kwargs={}, key=UUID('cd8cdeb1-7169-4380-b59c-b16a9475e6ba'), condition=None, blocking_facility=None), RegisteredHandler(callback=<bound method Auditor._save_audits of <Auditor>>, priority=1, kwargs={}, key=UUID('4089dbbf-9a53-4cc5-9a93-13d56d596d94'), condition=None, blocking_facility=None)]. The order of those handlers is not defined and they will be executed in random order. This might lead to race conditions and potential bugs.
2025-11-05 17:07:12,418 : INFO : EventManager : Unordered handler for class <Auditor> on event game_ended with priority 1. Handlers: [RegisteredHandler(callback=<bound method Auditor.disable of <Auditor>>, priority=1, kwargs={}, key=UUID('cd8cdeb1-7169-4380-b59c-b16a9475e6ba'), condition=None, blocking_facility=None), RegisteredHandler(callback=<bound method Auditor._save_audits of <Auditor>>, priority=1, kwargs={}, key=UUID('4089dbbf-9a53-4cc5-9a93-13d56d596d94'), condition=None, blocking_facility=None)]. The order of those handlers is not defined and they will be executed in random order. This might lead to race conditions and potential bugs.
2025-11-05 17:07:12,419 : INFO : SwitchController : <<<<<<< 's_right_bank_target_left' active >>>>>>>
2025-11-05 17:07:12,421 : INFO : EventManager : Event: ======'playfield_active'====== Args={'source': 'sh_eg_right_drop_left'}
2025-11-05 17:07:12,421 : INFO : EventManager : Event: ======'s_right_bank_target_left_active'====== Args={}
2025-11-05 17:07:12,421 : INFO : EventManager : Event: ======'playfield_active'====== Args={'source': 's_right_bank_target_left'}
2025-11-05 17:07:12,421 : INFO : EventManager : Event: ======'drop_target_s_right_bank_target_left_down'====== Args={'device': <drop_target.s_right_bank_target_left>}
2025-11-05 17:07:12,421 : INFO : EventManager : Event: ======'drop_target_bank_right_bank_mixed'====== Args={'prev_value': <DropTargetBankState.UP: 'up'>, 'down': 1}
2025-11-05 17:07:12,421 : INFO : EventManager : Event: ======'machine_var_audits_switches_s_right_bank_target_left'====== Args={'value': 56, 'prev_value': 55, 'change': 1}
2025-11-05 17:07:12,422 : INFO : EventManager : Event: ======'player_score'====== Args={'value': 300, 'prev_value': 200, 'change': 100, 'player_num': 1, 'source': 'base'}
2025-11-05 17:07:12,423 : INFO : EventManager : Unordered handler for class <Auditor> on event game_ended with priority 1. Handlers: [RegisteredHandler(callback=<bound method Auditor.disable of <Auditor>>, priority=1, kwargs={}, key=UUID('cd8cdeb1-7169-4380-b59c-b16a9475e6ba'), condition=None, blocking_facility=None), RegisteredHandler(callback=<bound method Auditor._save_audits of <Auditor>>, priority=1, kwargs={}, key=UUID('4089dbbf-9a53-4cc5-9a93-13d56d596d94'), condition=None, blocking_facility=None)]. The order of those handlers is not defined and they will be executed in random order. This might lead to race conditions and potential bugs.
2025-11-05 17:07:12,434 : INFO : ball_device.bd_trough : Got eject confirm
2025-11-05 17:07:12,434 : INFO : ball_device.bd_trough : Eject successful
2025-11-05 17:07:12,434 : INFO : EventManager : Event: ======'balldevice_bd_trough_ball_eject_success'====== Args={'balls': 1, 'target': <playfield.playfield>}
2025-11-05 17:07:12,435 : INFO : EventManager : Event: ======'balldevice_playfield_ball_enter'====== Args={'new_balls': 1, 'unclaimed_balls': 1, 'device': <playfield.playfield>}
2025-11-05 17:07:12,435 : INFO : EventManager : Event: ======'playfield_ball_count_change'====== Args={'balls': 1, 'change': 1}
2025-11-05 17:07:12,436 : INFO : EventManager : Unordered handler for class <Auditor> on event game_ended with priority 1. Handlers: [RegisteredHandler(callback=<bound method Auditor.disable of <Auditor>>, priority=1, kwargs={}, key=UUID('cd8cdeb1-7169-4380-b59c-b16a9475e6ba'), condition=None, blocking_facility=None), RegisteredHandler(callback=<bound method Auditor._save_audits of <Auditor>>, priority=1, kwargs={}, key=UUID('4089dbbf-9a53-4cc5-9a93-13d56d596d94'), condition=None, blocking_facility=None)]. The order of those handlers is not defined and they will be executed in random order. This might lead to race conditions and potential bugs.
2025-11-05 17:07:12,437 : INFO : EventManager : Unordered handler for class <Auditor> on event game_ended with priority 1. Handlers: [RegisteredHandler(callback=<bound method Auditor.disable of <Auditor>>, priority=1, kwargs={}, key=UUID('cd8cdeb1-7169-4380-b59c-b16a9475e6ba'), condition=None, blocking_facility=None), RegisteredHandler(callback=<bound method Auditor._save_audits of <Auditor>>, priority=1, kwargs={}, key=UUID('4089dbbf-9a53-4cc5-9a93-13d56d596d94'), condition=None, blocking_facility=None)]. The order of those handlers is not defined and they will be executed in random order. This might lead to race conditions and potential bugs.
2025-11-05 17:07:12,438 : INFO : EventManager : Event: ======'balldevice_bd_trough_ball_count_changed'====== Args={'balls': 0}
2025-11-05 17:07:12,439 : INFO : ball_device.bd_trough : State: idle
2025-11-05 17:07:12,458 : INFO : SwitchController : <<<<<<< 's_left_outlane' active >>>>>>>
2025-11-05 17:07:12,458 : INFO : EventManager : Event: ======'s_left_outlane_active'====== Args={}
2025-11-05 17:07:12,458 : INFO : EventManager : Event: ======'machine_var_audits_switches_s_left_outlane'====== Args={'value': 1, 'prev_value': 0, 'change': 1}
2025-11-05 17:07:12,459 : INFO : EventManager : Event: ======'player_score'====== Args={'value': 400, 'prev_value': 300, 'change': 100, 'player_num': 1, 'source': 'base'}
2025-11-05 17:07:12,460 : INFO : EventManager : Unordered handler for class <Auditor> on event game_ended with priority 1. Handlers: [RegisteredHandler(callback=<bound method Auditor.disable of <Auditor>>, priority=1, kwargs={}, key=UUID('cd8cdeb1-7169-4380-b59c-b16a9475e6ba'), condition=None, blocking_facility=None), RegisteredHandler(callback=<bound method Auditor._save_audits of <Auditor>>, priority=1, kwargs={}, key=UUID('4089dbbf-9a53-4cc5-9a93-13d56d596d94'), condition=None, blocking_facility=None)]. The order of those handlers is not defined and they will be executed in random order. This might lead to race conditions and potential bugs.
2025-11-05 17:07:12,468 : INFO : EventManager : Unordered handler for class <Auditor> on event game_ended with priority 1. Handlers: [RegisteredHandler(callback=<bound method Auditor.disable of <Auditor>>, priority=1, kwargs={}, key=UUID('cd8cdeb1-7169-4380-b59c-b16a9475e6ba'), condition=None, blocking_facility=None), RegisteredHandler(callback=<bound method Auditor._save_audits of <Auditor>>, priority=1, kwargs={}, key=UUID('4089dbbf-9a53-4cc5-9a93-13d56d596d94'), condition=None, blocking_facility=None)]. The order of those handlers is not defined and they will be executed in random order. This might lead to race conditions and potential bugs.
2025-11-05 17:07:12,469 : INFO : EventManager : Unordered handler for class <Auditor> on event game_ended with priority 1. Handlers: [RegisteredHandler(callback=<bound method Auditor.disable of <Auditor>>, priority=1, kwargs={}, key=UUID('cd8cdeb1-7169-4380-b59c-b16a9475e6ba'), condition=None, blocking_facility=None), RegisteredHandler(callback=<bound method Auditor._save_audits of <Auditor>>, priority=1, kwargs={}, key=UUID('4089dbbf-9a53-4cc5-9a93-13d56d596d94'), condition=None, blocking_facility=None)]. The order of those handlers is not defined and they will be executed in random order. This might lead to race conditions and potential bugs.
2025-11-05 17:07:12,470 : INFO : SwitchController : <<<<<<< 's_right_outlane' active >>>>>>>
2025-11-05 17:07:12,470 : INFO : EventManager : Event: ======'s_right_outlane_active'====== Args={}
2025-11-05 17:07:12,470 : INFO : EventManager : Event: ======'machine_var_audits_switches_s_right_outlane'====== Args={'value': 1, 'prev_value': 0, 'change': 1}
2025-11-05 17:07:12,471 : INFO : EventManager : Event: ======'player_score'====== Args={'value': 500, 'prev_value': 400, 'change': 100, 'player_num': 1, 'source': 'base'}
2025-11-05 17:07:12,472 : INFO : EventManager : Unordered handler for class <Auditor> on event game_ended with priority 1. Handlers: [RegisteredHandler(callback=<bound method Auditor.disable of <Auditor>>, priority=1, kwargs={}, key=UUID('cd8cdeb1-7169-4380-b59c-b16a9475e6ba'), condition=None, blocking_facility=None), RegisteredHandler(callback=<bound method Auditor._save_audits of <Auditor>>, priority=1, kwargs={}, key=UUID('4089dbbf-9a53-4cc5-9a93-13d56d596d94'), condition=None, blocking_facility=None)]. The order of those handlers is not defined and they will be executed in random order. This might lead to race conditions and potential bugs.
2025-11-05 17:07:12,480 : INFO : SwitchController : <<<<<<< 's_left_inlane' inactive >>>>>>>
2025-11-05 17:07:12,481 : INFO : EventManager : Unordered handler for class <Auditor> on event game_ended with priority 1. Handlers: [RegisteredHandler(callback=<bound method Auditor.disable of <Auditor>>, priority=1, kwargs={}, key=UUID('cd8cdeb1-7169-4380-b59c-b16a9475e6ba'), condition=None, blocking_facility=None), RegisteredHandler(callback=<bound method Auditor._save_audits of <Auditor>>, priority=1, kwargs={}, key=UUID('4089dbbf-9a53-4cc5-9a93-13d56d596d94'), condition=None, blocking_facility=None)]. The order of those handlers is not defined and they will be executed in random order. This might lead to race conditions and potential bugs.
2025-11-05 17:07:12,482 : INFO : EventManager : Unordered handler for class <Auditor> on event game_ended with priority 1. Handlers: [RegisteredHandler(callback=<bound method Auditor.disable of <Auditor>>, priority=1, kwargs={}, key=UUID('cd8cdeb1-7169-4380-b59c-b16a9475e6ba'), condition=None, blocking_facility=None), RegisteredHandler(callback=<bound method Auditor._save_audits of <Auditor>>, priority=1, kwargs={}, key=UUID('4089dbbf-9a53-4cc5-9a93-13d56d596d94'), condition=None, blocking_facility=None)]. The order of those handlers is not defined and they will be executed in random order. This might lead to race conditions and potential bugs.
2025-11-05 17:07:12,505 : INFO : SwitchController : <<<<<<< 's_right_bank_target_left' inactive >>>>>>>
2025-11-05 17:07:12,505 : INFO : EventManager : Event: ======'drop_target_s_right_bank_target_left_up'====== Args={'device': <drop_target.s_right_bank_target_left>}
2025-11-05 17:07:12,505 : INFO : EventManager : Event: ======'drop_target_bank_right_bank_up'====== Args={}
2025-11-05 17:07:12,553 : INFO : SwitchController : <<<<<<< 's_left_outlane' inactive >>>>>>>
2025-11-05 17:07:12,577 : INFO : EventManager : Event: ======'slide_base_created'====== Args={'_from_bcp': True}
2025-11-05 17:07:12,577 : INFO : EventManager : Event: ======'slide_base_inactive'====== Args={'is_removing': True, '_from_bcp': True}
2025-11-05 17:07:12,577 : INFO : SwitchController : <<<<<<< 's_right_outlane' inactive >>>>>>>
2025-11-05 17:07:12,584 : INFO : EventManager : Event: ======'slide_base_active'====== Args={'original_context': 'base', 'original_calling_context': 'mode_base_started', 'priority': 50.0, 'player': 1.0, 'ball': 2.0, 'balls_remaining': 1.0, 'is_extra_ball': False, 'cmd': 'slides_play', '_from_bcp': True}
2025-11-05 17:07:12,585 : INFO : EventManager : Event: ======'slide_base_removed'====== Args={'_from_bcp': True}
2025-11-05 17:07:12,676 : INFO : EventManager : Event: ======'blink_off'====== Args={'priority': 0}
2025-11-05 17:07:13,264 : INFO : EventManager : Event: ======'blink_on'====== Args={'priority': 0}
2025-11-05 17:07:13,854 : INFO : EventManager : Event: ======'blink_off'====== Args={'priority': 0}
2025-11-05 17:07:13,855 : INFO : EventManager : Unordered handler for class <Auditor> on event game_ended with priority 1. Handlers: [RegisteredHandler(callback=<bound method Auditor.disable of <Auditor>>, priority=1, kwargs={}, key=UUID('cd8cdeb1-7169-4380-b59c-b16a9475e6ba'), condition=None, blocking_facility=None), RegisteredHandler(callback=<bound method Auditor._save_audits of <Auditor>>, priority=1, kwargs={}, key=UUID('4089dbbf-9a53-4cc5-9a93-13d56d596d94'), condition=None, blocking_facility=None)]. The order of those handlers is not defined and they will be executed in random order. This might lead to race conditions and potential bugs.
2025-11-05 17:07:14,463 : INFO : EventManager : Event: ======'blink_on'====== Args={'priority': 0}
2025-11-05 17:07:15,055 : INFO : EventManager : Event: ======'blink_off'====== Args={'priority': 0}
2025-11-05 17:07:15,055 : INFO : EventManager : Unordered handler for class <Auditor> on event game_ended with priority 1. Handlers: [RegisteredHandler(callback=<bound method Auditor.disable of <Auditor>>, priority=1, kwargs={}, key=UUID('cd8cdeb1-7169-4380-b59c-b16a9475e6ba'), condition=None, blocking_facility=None), RegisteredHandler(callback=<bound method Auditor._save_audits of <Auditor>>, priority=1, kwargs={}, key=UUID('4089dbbf-9a53-4cc5-9a93-13d56d596d94'), condition=None, blocking_facility=None)]. The order of those handlers is not defined and they will be executed in random order. This might lead to race conditions and potential bugs.
2025-11-05 17:07:15,674 : INFO : EventManager : Event: ======'blink_on'====== Args={'priority': 0}
2025-11-05 17:07:16,266 : INFO : EventManager : Event: ======'blink_off'====== Args={'priority': 0}
2025-11-05 17:07:16,266 : INFO : EventManager : Unordered handler for class <Auditor> on event game_ended with priority 1. Handlers: [RegisteredHandler(callback=<bound method Auditor.disable of <Auditor>>, priority=1, kwargs={}, key=UUID('cd8cdeb1-7169-4380-b59c-b16a9475e6ba'), condition=None, blocking_facility=None), RegisteredHandler(callback=<bound method Auditor._save_audits of <Auditor>>, priority=1, kwargs={}, key=UUID('4089dbbf-9a53-4cc5-9a93-13d56d596d94'), condition=None, blocking_facility=None)]. The order of those handlers is not defined and they will be executed in random order. This might lead to race conditions and potential bugs.
2025-11-05 17:07:16,855 : INFO : EventManager : Event: ======'blink_on'====== Args={'priority': 0}
2025-11-05 17:07:17,460 : INFO : EventManager : Event: ======'blink_off'====== Args={'priority': 0}
2025-11-05 17:07:17,460 : INFO : EventManager : Unordered handler for class <Auditor> on event game_ended with priority 1. Handlers: [RegisteredHandler(callback=<bound method Auditor.disable of <Auditor>>, priority=1, kwargs={}, key=UUID('cd8cdeb1-7169-4380-b59c-b16a9475e6ba'), condition=None, blocking_facility=None), RegisteredHandler(callback=<bound method Auditor._save_audits of <Auditor>>, priority=1, kwargs={}, key=UUID('4089dbbf-9a53-4cc5-9a93-13d56d596d94'), condition=None, blocking_facility=None)]. The order of those handlers is not defined and they will be executed in random order. This might lead to race conditions and potential bugs.
2025-11-05 17:07:18,064 : INFO : EventManager : Event: ======'blink_on'====== Args={'priority': 0}
2025-11-05 17:07:18,671 : INFO : EventManager : Event: ======'blink_off'====== Args={'priority': 0}
2025-11-05 17:07:18,671 : INFO : EventManager : Unordered handler for class <Auditor> on event game_ended with priority 1. Handlers: [RegisteredHandler(callback=<bound method Auditor.disable of <Auditor>>, priority=1, kwargs={}, key=UUID('cd8cdeb1-7169-4380-b59c-b16a9475e6ba'), condition=None, blocking_facility=None), RegisteredHandler(callback=<bound method Auditor._save_audits of <Auditor>>, priority=1, kwargs={}, key=UUID('4089dbbf-9a53-4cc5-9a93-13d56d596d94'), condition=None, blocking_facility=None)]. The order of those handlers is not defined and they will be executed in random order. This might lead to race conditions and potential bugs.
2025-11-05 17:07:19,263 : INFO : EventManager : Event: ======'blink_on'====== Args={'priority': 0}
2025-11-05 17:07:19,852 : INFO : EventManager : Event: ======'blink_off'====== Args={'priority': 0}
2025-11-05 17:07:19,852 : INFO : EventManager : Unordered handler for class <Auditor> on event game_ended with priority 1. Handlers: [RegisteredHandler(callback=<bound method Auditor.disable of <Auditor>>, priority=1, kwargs={}, key=UUID('cd8cdeb1-7169-4380-b59c-b16a9475e6ba'), condition=None, blocking_facility=None), RegisteredHandler(callback=<bound method Auditor._save_audits of <Auditor>>, priority=1, kwargs={}, key=UUID('4089dbbf-9a53-4cc5-9a93-13d56d596d94'), condition=None, blocking_facility=None)]. The order of those handlers is not defined and they will be executed in random order. This might lead to race conditions and potential bugs.
2025-11-05 17:07:20,461 : INFO : EventManager : Event: ======'blink_on'====== Args={'priority': 0}
2025-11-05 17:07:21,067 : INFO : EventManager : Event: ======'blink_off'====== Args={'priority': 0}
2025-11-05 17:07:21,068 : INFO : EventManager : Unordered handler for class <Auditor> on event game_ended with priority 1. Handlers: [RegisteredHandler(callback=<bound method Auditor.disable of <Auditor>>, priority=1, kwargs={}, key=UUID('cd8cdeb1-7169-4380-b59c-b16a9475e6ba'), condition=None, blocking_facility=None), RegisteredHandler(callback=<bound method Auditor._save_audits of <Auditor>>, priority=1, kwargs={}, key=UUID('4089dbbf-9a53-4cc5-9a93-13d56d596d94'), condition=None, blocking_facility=None)]. The order of those handlers is not defined and they will be executed in random order. This might lead to race conditions and potential bugs.
2025-11-05 17:07:21,670 : INFO : EventManager : Event: ======'blink_on'====== Args={'priority': 0}
2025-11-05 17:07:22,259 : INFO : EventManager : Event: ======'blink_off'====== Args={'priority': 0}
2025-11-05 17:07:22,259 : INFO : EventManager : Unordered handler for class <Auditor> on event game_ended with priority 1. Handlers: [RegisteredHandler(callback=<bound method Auditor.disable of <Auditor>>, priority=1, kwargs={}, key=UUID('cd8cdeb1-7169-4380-b59c-b16a9475e6ba'), condition=None, blocking_facility=None), RegisteredHandler(callback=<bound method Auditor._save_audits of <Auditor>>, priority=1, kwargs={}, key=UUID('4089dbbf-9a53-4cc5-9a93-13d56d596d94'), condition=None, blocking_facility=None)]. The order of those handlers is not defined and they will be executed in random order. This might lead to race conditions and potential bugs.
2025-11-05 17:07:22,864 : INFO : EventManager : Event: ======'blink_on'====== Args={'priority': 0}
2025-11-05 17:07:23,466 : INFO : EventManager : Event: ======'blink_off'====== Args={'priority': 0}
2025-11-05 17:07:23,466 : INFO : EventManager : Unordered handler for class <Auditor> on event game_ended with priority 1. Handlers: [RegisteredHandler(callback=<bound method Auditor.disable of <Auditor>>, priority=1, kwargs={}, key=UUID('cd8cdeb1-7169-4380-b59c-b16a9475e6ba'), condition=None, blocking_facility=None), RegisteredHandler(callback=<bound method Auditor._save_audits of <Auditor>>, priority=1, kwargs={}, key=UUID('4089dbbf-9a53-4cc5-9a93-13d56d596d94'), condition=None, blocking_facility=None)]. The order of those handlers is not defined and they will be executed in random order. This might lead to race conditions and potential bugs.
2025-11-05 17:07:23,503 : INFO : Machine : Shutting down...
2025-11-05 17:07:23,503 : INFO : EventManager : Event: ======'shutdown'====== Args={}
2025-11-05 17:07:23,506 : INFO : EventManager : Event: ======'mode_game_will_stop'====== Args={}
2025-11-05 17:07:23,506 : INFO : EventManager : Event: ======'mode_game_stopping'====== Args={}
2025-11-05 17:07:23,508 : INFO : EventManager : Event: ======'mode_music_ball_2plus_will_stop'====== Args={}
2025-11-05 17:07:23,508 : INFO : EventManager : Event: ======'mode_music_ball_2plus_stopping'====== Args={}
2025-11-05 17:07:23,508 : INFO : EventManager : Event: ======'mode_base_will_stop'====== Args={}
2025-11-05 17:07:23,508 : INFO : EventManager : Event: ======'mode_base_stopping'====== Args={}
2025-11-05 17:07:23,508 : INFO : EventManager : Event: ======'godot_stop_base'====== Args={'priority': 0}
2025-11-05 17:07:23,508 : INFO : Mode.base : Stopped.
2025-11-05 17:07:23,508 : INFO : EventManager : Event: ======'modes_active_modes_changed'====== Args={}
2025-11-05 17:07:23,509 : INFO : EventManager : Event: ======'mode_base_stopped'====== Args={}
2025-11-05 17:07:23,509 : INFO : EventManager : Event: ======'clear'====== Args={'key': 'base'}
2025-11-05 17:07:23,509 : INFO : Mode.music_ball_2plus : Stopped.
2025-11-05 17:07:23,509 : INFO : EventManager : Event: ======'modes_active_modes_changed'====== Args={}
2025-11-05 17:07:23,509 : INFO : EventManager : Event: ======'mode_music_ball_2plus_stopped'====== Args={}
2025-11-05 17:07:23,509 : INFO : EventManager : Event: ======'clear'====== Args={'key': 'music_ball_2plus'}
2025-11-05 17:07:23,509 : INFO : Mode.game : Stopped.
2025-11-05 17:07:23,510 : INFO : EventManager : Event: ======'modes_active_modes_changed'====== Args={}
2025-11-05 17:07:23,510 : INFO : EventManager : Event: ======'mode_game_stopped'====== Args={}
2025-11-05 17:07:23,510 : INFO : EventManager : Event: ======'clear'====== Args={'key': 'game'}
2025-11-05 17:07:23,607 : INFO : root : MPF run loop ended.
