2025-11-07 15:17:29,224 : INFO : root : Loading config.
2025-11-07 15:17:29,229 : INFO : YamlMultifileConfigLoader : Machine config file #1: config.yaml
2025-11-07 15:17:29,230 : INFO : ConfigProcessor : Loading config from cache: C:\Users\antho\AppData\Local\Temp\fdca14d0c9d658ab8200d57120800af5.mpf_cache
2025-11-07 15:17:29,361 : INFO : ConfigProcessor : Loading config from cache: C:\Users\antho\AppData\Local\Temp\5dec96b1547c4adf5bdd3d1715e74bc0.mpf_cache
2025-11-07 15:17:29,361 : INFO : ConfigProcessor : Loading config from cache: C:\Users\antho\AppData\Local\Temp\202a5840610e95051f9f473dfa660cc0.mpf_cache
2025-11-07 15:17:29,362 : INFO : ConfigProcessor : Loading config from cache: C:\Users\antho\AppData\Local\Temp\5dec96b1547c4adf5bdd3d1715e74bc0.mpf_cache
2025-11-07 15:17:29,362 : WARNING : ConfigProcessor : Config file in cache changed: C:\Users\antho\nightpin\modes\base\config\base.yaml
2025-11-07 15:17:29,362 : INFO : ConfigProcessor : Loading config from file C:\Users\antho\nightpin\modes\base\config\base.yaml.
2025-11-07 15:17:29,373 : INFO : ConfigProcessor : Loading config: C:\Users\antho\nightpin\modes\base\config\base.yaml
2025-11-07 15:17:29,373 : ERROR : ConfigProcessor : Config section 'slides' is removed in MPF 0.80 and will be ignored.
2025-11-07 15:17:29,374 : INFO : ConfigProcessor : Config file cache created: C:\Users\antho\AppData\Local\Temp\2cd13a2d3f375e00ab01d6d09a85d8e7.mpf_cache
2025-11-07 15:17:29,375 : INFO : ConfigProcessor : Loading config from cache: C:\Users\antho\AppData\Local\Temp\9220b44b97b91972524500b81035d790.mpf_cache
2025-11-07 15:17:29,375 : INFO : ConfigProcessor : Loading config from cache: C:\Users\antho\AppData\Local\Temp\aa919e501ed8450b10d3bb8e37574ac5.mpf_cache
2025-11-07 15:17:29,376 : INFO : ConfigProcessor : Loading config from cache: C:\Users\antho\AppData\Local\Temp\31ee881584fa6fce665a672a4f3f633a.mpf_cache
2025-11-07 15:17:29,376 : INFO : ConfigProcessor : Loading config from cache: C:\Users\antho\AppData\Local\Temp\5e841763ec73085bbf92358fe6afda21.mpf_cache
2025-11-07 15:17:29,378 : INFO : ConfigProcessor : Loading config from cache: C:\Users\antho\AppData\Local\Temp\7f73d12aa9beccac1cbd8c265ccda72e.mpf_cache
2025-11-07 15:17:29,378 : INFO : ConfigProcessor : Loading config from cache: C:\Users\antho\AppData\Local\Temp\a03ebaa9d6d5676c418deb142cb34911.mpf_cache
2025-11-07 15:17:29,379 : INFO : ConfigProcessor : Loading config from cache: C:\Users\antho\AppData\Local\Temp\b17152efa55a24f0424602723f8d3921.mpf_cache
2025-11-07 15:17:29,379 : INFO : ConfigProcessor : Loading config from cache: C:\Users\antho\AppData\Local\Temp\e87fc0e7d2f8a851b5fa3f604e0d0c6e.mpf_cache
2025-11-07 15:17:29,380 : INFO : ConfigProcessor : Loading config from cache: C:\Users\antho\AppData\Local\Temp\196ac76b6cab3a9880804c826cfbcb5c.mpf_cache
2025-11-07 15:17:29,380 : INFO : ConfigProcessor : Loading config from cache: C:\Users\antho\AppData\Local\Temp\55437eb303afaa980597ff60f339a871.mpf_cache
2025-11-07 15:17:29,381 : INFO : ConfigProcessor : Loading config from cache: C:\Users\antho\AppData\Local\Temp\fddc1006228d3387e6d1e46051a3638d.mpf_cache
2025-11-07 15:17:29,381 : INFO : ConfigProcessor : Loading config from cache: C:\Users\antho\AppData\Local\Temp\834292dd7853e12a66732dc89828c828.mpf_cache
2025-11-07 15:17:29,382 : INFO : ConfigProcessor : Loading config from cache: C:\Users\antho\AppData\Local\Temp\46f8fa3e41dfeeb8232af2f03a13b6c4.mpf_cache
2025-11-07 15:17:29,382 : INFO : ConfigProcessor : Loading config from cache: C:\Users\antho\AppData\Local\Temp\c67e9c175da6c060302945929b27b878.mpf_cache
2025-11-07 15:17:29,382 : INFO : ConfigProcessor : Loading config from cache: C:\Users\antho\AppData\Local\Temp\03987edb382fe443ccf68b3f49f06933.mpf_cache
2025-11-07 15:17:29,383 : INFO : Machine : Mission Pinball Framework Core Engine v0.80.0.dev11
2025-11-07 15:17:29,383 : INFO : Machine : Command line arguments: {'no_load_cache': False, 'create_config_cache': True, 'bcp': True, 'configfile': ['config.yaml'], 'force_assets_load': False, 'platform_integration_test': False, 'jsonlogging': False, 'logfile': 'logs\\2025-11-07-15-17-29-mpf-LAPTOP-MPGP6R69.log', 'pause': False, 'production': False, 'text_ui': True, 'loglevel': 15, 'consoleloglevel': 20, 'force_platform': None, 'syslog_address': None, 'full_logfile_path': 'C:\\Users\\antho\\nightpin\\logs\\2025-11-07-15-17-29-mpf-LAPTOP-MPGP6R69.log'}
2025-11-07 15:17:29,383 : INFO : Machine : MPF path: C:\Users\antho\mpf\Lib\site-packages\mpf
2025-11-07 15:17:29,383 : INFO : Machine : Machine path: C:\Users\antho\nightpin
2025-11-07 15:17:29,383 : INFO : Machine : Platform: win32
2025-11-07 15:17:29,384 : INFO : Machine : Python executable location: C:\Users\antho\mpf\Scripts\python.exe
2025-11-07 15:17:29,384 : INFO : Machine : Python version: 3.12.7 (64-bit)
2025-11-07 15:17:29,386 : INFO : Machine : Initializing MPF...
2025-11-07 15:17:29,656 : INFO : lisy : Connecting to com3 at 115200bps
2025-11-07 15:17:29,657 : WARNING : lisy : Could not import terminos (this is ok on windows).
2025-11-07 15:17:29,824 : INFO : EventManager : Event: ======'machine_var_lisy_hardware'====== Args={'value': 'LISY35', 'prev_value': None, 'change': True}
2025-11-07 15:17:29,824 : INFO : EventManager : Event: ======'machine_var_lisy_version'====== Args={'value': '5.26 ', 'prev_value': None, 'change': True}
2025-11-07 15:17:29,824 : INFO : EventManager : Event: ======'machine_var_lisy_api_version'====== Args={'value': b'0.09', 'prev_value': None, 'change': True}
2025-11-07 15:17:31,144 : INFO : EventManager : Event: ======'machine_var_credits_string'====== Args={'value': 'FREE PLAY', 'prev_value': None, 'change': True}
2025-11-07 15:17:31,178 : INFO : EventManager : Event: ======'machine_var_master_volume'====== Args={'value': 0.5, 'prev_value': None, 'change': True}
2025-11-07 15:17:31,178 : INFO : EventManager : Event: ======'machine_var_player1_score'====== Args={'value': 2100, 'prev_value': None, 'change': True}
2025-11-07 15:17:31,178 : INFO : EventManager : Event: ======'machine_var_mpf_version'====== Args={'value': 'Mission Pinball Framework v0.80.0.dev11', 'prev_value': None, 'change': True}
2025-11-07 15:17:31,178 : INFO : EventManager : Event: ======'machine_var_mpf_extended_version'====== Args={'value': 'Mission Pinball Framework v0.80.0.dev11, Config version:6, Show version: 6, BCP version:1.1', 'prev_value': None, 'change': True}
2025-11-07 15:17:31,178 : INFO : EventManager : Event: ======'machine_var_python_version'====== Args={'value': '3.12.7', 'prev_value': None, 'change': True}
2025-11-07 15:17:31,356 : INFO : EventManager : Event: ======'machine_var_platform'====== Args={'value': 'Windows-11-10.0.26100-SP0', 'prev_value': None, 'change': True}
2025-11-07 15:17:31,356 : INFO : EventManager : Event: ======'machine_var_platform_system'====== Args={'value': 'Windows', 'prev_value': None, 'change': True}
2025-11-07 15:17:31,356 : INFO : EventManager : Event: ======'machine_var_platform_release'====== Args={'value': '11', 'prev_value': None, 'change': True}
2025-11-07 15:17:31,356 : INFO : EventManager : Event: ======'machine_var_platform_version'====== Args={'value': '10.0.26100', 'prev_value': None, 'change': True}
2025-11-07 15:17:31,358 : INFO : EventManager : Event: ======'machine_var_platform_machine'====== Args={'value': 'AMD64', 'prev_value': None, 'change': True}
2025-11-07 15:17:31,358 : INFO : EventManager : Event: ======'machine_var_log_file_path'====== Args={'value': 'C:\\Users\\antho\\nightpin\\logs\\2025-11-07-15-17-29-mpf-LAPTOP-MPGP6R69.log', 'prev_value': None, 'change': True}
2025-11-07 15:17:31,358 : INFO : EventManager : Event: ======'init_phase_1'====== Args={}
2025-11-07 15:17:31,397 : INFO : EventManager : Event: ======'drop_target_bank_right_bank_up'====== Args={}
2025-11-07 15:17:31,397 : INFO : EventManager : Event: ======'drop_target_bank_left_bank_up'====== Args={}
2025-11-07 15:17:31,476 : INFO : EventManager : Event: ======'init_phase_2'====== Args={}
2025-11-07 15:17:31,491 : INFO : EventManager : Event: ======'bcp_connection_attempt'====== Args={'name': 'local_display', 'host': 'localhost', 'port': 5050}
2025-11-07 15:17:31,493 : INFO : BCPClientSocket : Connecting BCP to 'local_display' at localhost:5050...
2025-11-07 15:17:31,510 : INFO : BCPClientSocket : Connected BCP to 'local_display' localhost:5050
2025-11-07 15:17:31,510 : INFO : EventManager : Event: ======'bcp_clients_connected'====== Args={}
2025-11-07 15:17:31,619 : INFO : ball_device.bd_trough : BCH: Initial count: 0
2025-11-07 15:17:31,620 : INFO : ball_device.bd_trough : State: idle
2025-11-07 15:17:31,620 : INFO : ball_device.bd_saucer : BCH: Initial count: 0
2025-11-07 15:17:31,621 : INFO : ball_device.bd_saucer : State: idle
2025-11-07 15:17:31,647 : INFO : EventManager : Event: ======'init_phase_3'====== Args={}
2025-11-07 15:17:31,653 : INFO : EventManager : Event: ======'init_phase_4'====== Args={}
2025-11-07 15:17:31,654 : INFO : BallController : Initial balls found: 0
2025-11-07 15:17:31,655 : INFO : EventManager : Event: ======'machine_var_audits_events_game_ended'====== Args={'value': 18, 'prev_value': None, 'change': True}
2025-11-07 15:17:31,655 : INFO : EventManager : Event: ======'machine_var_audits_events_game_started'====== Args={'value': 118, 'prev_value': None, 'change': True}
2025-11-07 15:17:31,655 : INFO : EventManager : Event: ======'machine_var_audits_missing_switches_s_coin_right'====== Args={'value': 117, 'prev_value': None, 'change': True}
2025-11-07 15:17:31,656 : INFO : EventManager : Event: ======'machine_var_audits_missing_switches_s_credit_button'====== Args={'value': 90, 'prev_value': None, 'change': True}
2025-11-07 15:17:31,656 : INFO : EventManager : Event: ======'machine_var_audits_missing_switches_s_inlanes'====== Args={'value': 12, 'prev_value': None, 'change': True}
2025-11-07 15:17:31,656 : INFO : EventManager : Event: ======'machine_var_audits_missing_switches_s_left_bank_target_left'====== Args={'value': 38, 'prev_value': None, 'change': True}
2025-11-07 15:17:31,656 : INFO : EventManager : Event: ======'machine_var_audits_missing_switches_s_left_bank_target_middle'====== Args={'value': 41, 'prev_value': None, 'change': True}
2025-11-07 15:17:31,656 : INFO : EventManager : Event: ======'machine_var_audits_missing_switches_s_left_bank_target_right'====== Args={'value': 38, 'prev_value': None, 'change': True}
2025-11-07 15:17:31,656 : INFO : EventManager : Event: ======'machine_var_audits_missing_switches_s_left_lower_bumper'====== Args={'value': 26, 'prev_value': None, 'change': True}
2025-11-07 15:17:31,656 : INFO : EventManager : Event: ======'machine_var_audits_missing_switches_s_left_outlane'====== Args={'value': 21, 'prev_value': None, 'change': True}
2025-11-07 15:17:31,656 : INFO : EventManager : Event: ======'machine_var_audits_missing_switches_s_left_outlane_rollover'====== Args={'value': 23, 'prev_value': None, 'change': True}
2025-11-07 15:17:31,656 : INFO : EventManager : Event: ======'machine_var_audits_missing_switches_s_left_pop_bumper'====== Args={'value': 8, 'prev_value': None, 'change': True}
2025-11-07 15:17:31,656 : INFO : EventManager : Event: ======'machine_var_audits_missing_switches_s_left_rollover'====== Args={'value': 24, 'prev_value': None, 'change': True}
2025-11-07 15:17:31,656 : INFO : EventManager : Event: ======'machine_var_audits_missing_switches_s_left_skill_lane'====== Args={'value': 2, 'prev_value': None, 'change': True}
2025-11-07 15:17:31,658 : INFO : EventManager : Event: ======'machine_var_audits_missing_switches_s_left_upper_bumper'====== Args={'value': 31, 'prev_value': None, 'change': True}
2025-11-07 15:17:31,658 : INFO : EventManager : Event: ======'machine_var_audits_missing_switches_s_middle_pop_bumper'====== Args={'value': 22, 'prev_value': None, 'change': True}
2025-11-07 15:17:31,658 : INFO : EventManager : Event: ======'machine_var_audits_missing_switches_s_middle_rollover'====== Args={'value': 22, 'prev_value': None, 'change': True}
2025-11-07 15:17:31,658 : INFO : EventManager : Event: ======'machine_var_audits_missing_switches_s_middle_skill_lane'====== Args={'value': 2, 'prev_value': None, 'change': True}
2025-11-07 15:17:31,658 : INFO : EventManager : Event: ======'machine_var_audits_missing_switches_s_middle_upper_rollovers'====== Args={'value': 5, 'prev_value': None, 'change': True}
2025-11-07 15:17:31,658 : INFO : EventManager : Event: ======'machine_var_audits_missing_switches_s_outer_skill_lanes'====== Args={'value': 1, 'prev_value': None, 'change': True}
2025-11-07 15:17:31,658 : INFO : EventManager : Event: ======'machine_var_audits_missing_switches_s_right_bank_target_left'====== Args={'value': 21, 'prev_value': None, 'change': True}
2025-11-07 15:17:31,658 : INFO : EventManager : Event: ======'machine_var_audits_missing_switches_s_right_bank_target_middle'====== Args={'value': 31, 'prev_value': None, 'change': True}
2025-11-07 15:17:31,658 : INFO : EventManager : Event: ======'machine_var_audits_missing_switches_s_right_bank_target_right'====== Args={'value': 31, 'prev_value': None, 'change': True}
2025-11-07 15:17:31,658 : INFO : EventManager : Event: ======'machine_var_audits_missing_switches_s_right_inlane'====== Args={'value': 1, 'prev_value': None, 'change': True}
2025-11-07 15:17:31,659 : INFO : EventManager : Event: ======'machine_var_audits_missing_switches_s_right_outlane'====== Args={'value': 21, 'prev_value': None, 'change': True}
2025-11-07 15:17:31,659 : INFO : EventManager : Event: ======'machine_var_audits_missing_switches_s_right_outlane_rollover'====== Args={'value': 40, 'prev_value': None, 'change': True}
2025-11-07 15:17:31,659 : INFO : EventManager : Event: ======'machine_var_audits_missing_switches_s_right_pop_bumper'====== Args={'value': 24, 'prev_value': None, 'change': True}
2025-11-07 15:17:31,659 : INFO : EventManager : Event: ======'machine_var_audits_missing_switches_s_right_rollover'====== Args={'value': 33, 'prev_value': None, 'change': True}
2025-11-07 15:17:31,659 : INFO : EventManager : Event: ======'machine_var_audits_missing_switches_s_right_skill_lane'====== Args={'value': 2, 'prev_value': None, 'change': True}
2025-11-07 15:17:31,659 : INFO : EventManager : Event: ======'machine_var_audits_missing_switches_s_rollover_upper'====== Args={'value': 24, 'prev_value': None, 'change': True}
2025-11-07 15:17:31,659 : INFO : EventManager : Event: ======'machine_var_audits_missing_switches_s_saucer'====== Args={'value': 22, 'prev_value': None, 'change': True}
2025-11-07 15:17:31,659 : INFO : EventManager : Event: ======'machine_var_audits_missing_switches_s_slam_tilt'====== Args={'value': 56, 'prev_value': None, 'change': True}
2025-11-07 15:17:31,659 : INFO : EventManager : Event: ======'machine_var_audits_missing_switches_s_spinner'====== Args={'value': 31, 'prev_value': None, 'change': True}
2025-11-07 15:17:31,659 : INFO : EventManager : Event: ======'machine_var_audits_missing_switches_s_stand_up'====== Args={'value': 90, 'prev_value': None, 'change': True}
2025-11-07 15:17:31,659 : INFO : EventManager : Event: ======'machine_var_audits_missing_switches_s_start_button'====== Args={'value': 23, 'prev_value': None, 'change': True}
2025-11-07 15:17:31,659 : INFO : EventManager : Event: ======'machine_var_audits_missing_switches_s_tilt'====== Args={'value': 24, 'prev_value': None, 'change': True}
2025-11-07 15:17:31,659 : INFO : EventManager : Event: ======'machine_var_audits_player_score'====== Args={'value': {'average': 1460, 'top': [5110, 5070, 4300, 4230, 3980, 3410, 2200, 2100, 1300, 1200], 'total': 26}, 'prev_value': None, 'change': True}
2025-11-07 15:17:31,659 : INFO : EventManager : Event: ======'machine_var_audits_shots_my_first_shot'====== Args={'value': 3, 'prev_value': None, 'change': True}
2025-11-07 15:17:31,659 : INFO : EventManager : Event: ======'machine_var_audits_shots_sh_eg_pop_left'====== Args={'value': 8, 'prev_value': None, 'change': True}
2025-11-07 15:17:31,660 : INFO : EventManager : Event: ======'machine_var_audits_shots_sh_eg_pop_middle'====== Args={'value': 8, 'prev_value': None, 'change': True}
2025-11-07 15:17:31,660 : INFO : EventManager : Event: ======'machine_var_audits_shots_sh_eg_pop_right'====== Args={'value': 13, 'prev_value': None, 'change': True}
2025-11-07 15:17:31,660 : INFO : EventManager : Event: ======'machine_var_audits_shots_sh_eg_right_drop_left'====== Args={'value': 4, 'prev_value': None, 'change': True}
2025-11-07 15:17:31,660 : INFO : EventManager : Event: ======'machine_var_audits_shots_sh_eg_right_drop_middle'====== Args={'value': 3, 'prev_value': None, 'change': True}
2025-11-07 15:17:31,660 : INFO : EventManager : Event: ======'machine_var_audits_shots_sh_eg_right_drop_right'====== Args={'value': 3, 'prev_value': None, 'change': True}
2025-11-07 15:17:31,660 : INFO : EventManager : Event: ======'machine_var_audits_shots_sh_eg_spinner'====== Args={'value': 2, 'prev_value': None, 'change': True}
2025-11-07 15:17:31,660 : INFO : EventManager : Event: ======'machine_var_audits_shots_sh_escape_graveyard_start'====== Args={'value': 8, 'prev_value': None, 'change': True}
2025-11-07 15:17:31,660 : INFO : EventManager : Event: ======'machine_var_audits_switches_s_coin_right'====== Args={'value': 1, 'prev_value': None, 'change': True}
2025-11-07 15:17:31,660 : INFO : EventManager : Event: ======'machine_var_audits_switches_s_credit_button'====== Args={'value': 5, 'prev_value': None, 'change': True}
2025-11-07 15:17:31,660 : INFO : EventManager : Event: ======'machine_var_audits_switches_s_inlanes'====== Args={'value': 159, 'prev_value': None, 'change': True}
2025-11-07 15:17:31,660 : INFO : EventManager : Event: ======'machine_var_audits_switches_s_left_bank_target_left'====== Args={'value': 36, 'prev_value': None, 'change': True}
2025-11-07 15:17:31,660 : INFO : EventManager : Event: ======'machine_var_audits_switches_s_left_bank_target_middle'====== Args={'value': 27, 'prev_value': None, 'change': True}
2025-11-07 15:17:31,661 : INFO : EventManager : Event: ======'machine_var_audits_switches_s_left_bank_target_right'====== Args={'value': 27, 'prev_value': None, 'change': True}
2025-11-07 15:17:31,661 : INFO : EventManager : Event: ======'machine_var_audits_switches_s_left_inlane'====== Args={'value': 2, 'prev_value': None, 'change': True}
2025-11-07 15:17:31,661 : INFO : EventManager : Event: ======'machine_var_audits_switches_s_left_lower_bumper'====== Args={'value': 34, 'prev_value': None, 'change': True}
2025-11-07 15:17:31,661 : INFO : EventManager : Event: ======'machine_var_audits_switches_s_left_outlane'====== Args={'value': 1, 'prev_value': None, 'change': True}
2025-11-07 15:17:31,661 : INFO : EventManager : Event: ======'machine_var_audits_switches_s_left_outlane_rollover'====== Args={'value': 23, 'prev_value': None, 'change': True}
2025-11-07 15:17:31,661 : INFO : EventManager : Event: ======'machine_var_audits_switches_s_left_pop_bumper'====== Args={'value': 129, 'prev_value': None, 'change': True}
2025-11-07 15:17:31,661 : INFO : EventManager : Event: ======'machine_var_audits_switches_s_left_rollover'====== Args={'value': 2, 'prev_value': None, 'change': True}
2025-11-07 15:17:31,661 : INFO : EventManager : Event: ======'machine_var_audits_switches_s_left_skill_lane'====== Args={'value': 7, 'prev_value': None, 'change': True}
2025-11-07 15:17:31,661 : INFO : EventManager : Event: ======'machine_var_audits_switches_s_left_sling'====== Args={'value': 106, 'prev_value': None, 'change': True}
2025-11-07 15:17:31,661 : INFO : EventManager : Event: ======'machine_var_audits_switches_s_left_upper_bumper'====== Args={'value': 44, 'prev_value': None, 'change': True}
2025-11-07 15:17:31,661 : INFO : EventManager : Event: ======'machine_var_audits_switches_s_middle_pop_bumper'====== Args={'value': 131, 'prev_value': None, 'change': True}
2025-11-07 15:17:31,661 : INFO : EventManager : Event: ======'machine_var_audits_switches_s_middle_rollover'====== Args={'value': 9, 'prev_value': None, 'change': True}
2025-11-07 15:17:31,661 : INFO : EventManager : Event: ======'machine_var_audits_switches_s_middle_skill_lane'====== Args={'value': 89, 'prev_value': None, 'change': True}
2025-11-07 15:17:31,661 : INFO : EventManager : Event: ======'machine_var_audits_switches_s_middle_upper_rollovers'====== Args={'value': 97, 'prev_value': None, 'change': True}
2025-11-07 15:17:31,662 : INFO : EventManager : Event: ======'machine_var_audits_switches_s_outer_skill_lanes'====== Args={'value': 133, 'prev_value': None, 'change': True}
2025-11-07 15:17:31,662 : INFO : EventManager : Event: ======'machine_var_audits_switches_s_pop_bumper_bottom'====== Args={'value': 6, 'prev_value': None, 'change': True}
2025-11-07 15:17:31,662 : INFO : EventManager : Event: ======'machine_var_audits_switches_s_pop_bumper_left'====== Args={'value': 2, 'prev_value': None, 'change': True}
2025-11-07 15:17:31,662 : INFO : EventManager : Event: ======'machine_var_audits_switches_s_pop_bumper_right'====== Args={'value': 1, 'prev_value': None, 'change': True}
2025-11-07 15:17:31,662 : INFO : EventManager : Event: ======'machine_var_audits_switches_s_right_bank_target_left'====== Args={'value': 56, 'prev_value': None, 'change': True}
2025-11-07 15:17:31,662 : INFO : EventManager : Event: ======'machine_var_audits_switches_s_right_bank_target_middle'====== Args={'value': 43, 'prev_value': None, 'change': True}
2025-11-07 15:17:31,662 : INFO : EventManager : Event: ======'machine_var_audits_switches_s_right_bank_target_right'====== Args={'value': 40, 'prev_value': None, 'change': True}
2025-11-07 15:17:31,662 : INFO : EventManager : Event: ======'machine_var_audits_switches_s_right_inlane'====== Args={'value': 24, 'prev_value': None, 'change': True}
2025-11-07 15:17:31,662 : INFO : EventManager : Event: ======'machine_var_audits_switches_s_right_outlane'====== Args={'value': 1, 'prev_value': None, 'change': True}
2025-11-07 15:17:31,662 : INFO : EventManager : Event: ======'machine_var_audits_switches_s_right_outlane_rollover'====== Args={'value': 6, 'prev_value': None, 'change': True}
2025-11-07 15:17:31,662 : INFO : EventManager : Event: ======'machine_var_audits_switches_s_right_pop_bumper'====== Args={'value': 183, 'prev_value': None, 'change': True}
2025-11-07 15:17:31,662 : INFO : EventManager : Event: ======'machine_var_audits_switches_s_right_rollover'====== Args={'value': 0, 'prev_value': None, 'change': True}
2025-11-07 15:17:31,662 : INFO : EventManager : Event: ======'machine_var_audits_switches_s_right_skill_lane'====== Args={'value': 5, 'prev_value': None, 'change': True}
2025-11-07 15:17:31,663 : INFO : EventManager : Event: ======'machine_var_audits_switches_s_right_sling'====== Args={'value': 80, 'prev_value': None, 'change': True}
2025-11-07 15:17:31,663 : INFO : EventManager : Event: ======'machine_var_audits_switches_s_rollover_upper'====== Args={'value': 3, 'prev_value': None, 'change': True}
2025-11-07 15:17:31,663 : INFO : EventManager : Event: ======'machine_var_audits_switches_s_saucer'====== Args={'value': 103, 'prev_value': None, 'change': True}
2025-11-07 15:17:31,663 : INFO : EventManager : Event: ======'machine_var_audits_switches_s_slam_tilt'====== Args={'value': 6, 'prev_value': None, 'change': True}
2025-11-07 15:17:31,663 : INFO : EventManager : Event: ======'machine_var_audits_switches_s_spinner'====== Args={'value': 430, 'prev_value': None, 'change': True}
2025-11-07 15:17:31,663 : INFO : EventManager : Event: ======'machine_var_audits_switches_s_stand_up'====== Args={'value': 8, 'prev_value': None, 'change': True}
2025-11-07 15:17:31,663 : INFO : EventManager : Event: ======'machine_var_audits_switches_s_start_button'====== Args={'value': 39, 'prev_value': None, 'change': True}
2025-11-07 15:17:31,663 : INFO : EventManager : Event: ======'machine_var_audits_switches_s_tilt'====== Args={'value': 2, 'prev_value': None, 'change': True}
2025-11-07 15:17:31,663 : INFO : EventManager : Event: ======'machine_var_audits_switches_s_trough'====== Args={'value': 533, 'prev_value': None, 'change': True}
2025-11-07 15:17:31,664 : INFO : EventManager : Event: ======'init_phase_5'====== Args={}
2025-11-07 15:17:31,701 : INFO : EventManager : Event: ======'init_done'====== Args={}
2025-11-07 15:17:31,701 : INFO : EventManager : Event: ======'machine_reset_phase_1'====== Args={}
2025-11-07 15:17:31,711 : INFO : EventManager : Event: ======'machine_reset_phase_2'====== Args={}
2025-11-07 15:17:31,712 : INFO : EventManager : Event: ======'machine_reset_phase_3'====== Args={}
2025-11-07 15:17:31,712 : INFO : EventManager : Event: ======'mode_attract_will_start'====== Args={'queue': <QueuedEvent>}
2025-11-07 15:17:31,714 : INFO : EventManager : Event: ======'mode_attract_starting'====== Args={'queue': <QueuedEvent>}
2025-11-07 15:17:31,714 : INFO : Mode.attract : Started. Priority: 10
2025-11-07 15:17:31,714 : INFO : EventManager : Event: ======'modes_active_modes_changed'====== Args={}
2025-11-07 15:17:31,714 : INFO : EventManager : Event: ======'mode_attract_started'====== Args={'queue': <QueuedEvent>}
2025-11-07 15:17:31,714 : INFO : EventManager : Event: ======'godot_attract_on'====== Args={'priority': 0}
2025-11-07 15:17:31,715 : INFO : EventManager : Event: ======'collecting_balls_complete'====== Args={}
2025-11-07 15:17:31,715 : INFO : EventManager : Event: ======'reset_complete'====== Args={}
2025-11-07 15:17:31,728 : INFO : Machine : Starting the main run loop with active modes: [<Mode.attract>]
2025-11-07 15:17:31,752 : INFO : EventManager : Event: ======'slide_attract_created'====== Args={'_from_bcp': True}
2025-11-07 15:17:31,752 : INFO : EventManager : Event: ======'slide__removed'====== Args={'_from_bcp': True}
2025-11-07 15:17:31,753 : INFO : EventManager : Event: ======'slide_attract_active'====== Args={'original_context': 'attract', 'original_calling_context': 'mode_attract_started', 'priority': 10.0, 'queue': '<QueuedEvent>', 'cmd': 'slides_play', '_from_bcp': True}
2025-11-07 15:17:33,348 : INFO : SwitchController : <<<<<<< 's_trough' active >>>>>>>
2025-11-07 15:17:33,363 : INFO : SwitchController : <<<<<<< 's_trough' inactive >>>>>>>
2025-11-07 15:17:33,410 : INFO : SwitchController : <<<<<<< 's_trough' active >>>>>>>
2025-11-07 15:17:33,720 : INFO : EventManager : Event: ======'attract_wave_complete'====== Args={'priority': 0}
2025-11-07 15:17:33,922 : INFO : EventManager : Event: ======'balldevice_bd_trough_ball_count_changed'====== Args={'balls': 1}
2025-11-07 15:17:33,922 : INFO : ball_device.bd_trough : Received unexpected ball
2025-11-07 15:17:33,922 : INFO : EventManager : Event: ======'balldevice_captured_from_playfield'====== Args={'balls': 1}
2025-11-07 15:17:33,922 : INFO : EventManager : Event: ======'sw_playfield_active'====== Args={'balls': 1}
2025-11-07 15:17:33,922 : INFO : EventManager : Event: ======'playfield_active'====== Args={'source': None}
2025-11-07 15:17:33,922 : INFO : EventManager : Event: ======'unexpected_ball_on_playfield'====== Args={}
2025-11-07 15:17:33,924 : INFO : EventManager : Event: ======'playfield_ball_count_change'====== Args={'balls': -1, 'change': -1}
2025-11-07 15:17:33,924 : INFO : EventManager : Event: ======'balldevice_playfield_ball_enter'====== Args={'new_balls': 1, 'unclaimed_balls': 1, 'device': <playfield.playfield>}
2025-11-07 15:17:33,924 : INFO : EventManager : Event: ======'playfield_ball_count_change'====== Args={'balls': 0, 'change': 1}
2025-11-07 15:17:33,924 : INFO : BallController : Found a new ball which was captured from playfield. Known balls: 1
2025-11-07 15:17:33,924 : INFO : EventManager : Event: ======'found_new_ball'====== Args={}
2025-11-07 15:17:33,924 : INFO : EventManager : Event: ======'balldevice_bd_trough_ball_enter'====== Args={'new_balls': 1, 'unclaimed_balls': 1, 'new_available_balls': 1, 'device': <ball_device.bd_trough>}
2025-11-07 15:17:33,925 : INFO : EventManager : Event: ======'ball_drain'====== Args={'device': <ball_device.bd_trough>, 'balls': 1}
2025-11-07 15:17:33,925 : INFO : EventManager : Event: ======'balldevice_balls_available'====== Args={}
2025-11-07 15:17:33,925 : INFO : EventManager : Event: ======'balldevice_bd_trough_ball_entered'====== Args={'new_balls': 1, 'device': <ball_device.bd_trough>}
2025-11-07 15:17:34,108 : INFO : EventManager : Event: ======'attract_pulse_complete'====== Args={'priority': 0}
2025-11-07 15:17:34,510 : INFO : EventManager : Event: ======'attract_pulse_complete'====== Args={'priority': 0}
2025-11-07 15:17:34,775 : INFO : SwitchController : <<<<<<< 's_start_button' active >>>>>>>
2025-11-07 15:17:34,946 : INFO : SwitchController : <<<<<<< 's_start_button' inactive >>>>>>>
2025-11-07 15:17:34,946 : INFO : EventManager : Event: ======'request_to_start_game'====== Args={}
2025-11-07 15:17:34,946 : INFO : EventManager : Event: ======'game_start'====== Args={'buttons': [], 'hold_time': 0.17100000008940697}
2025-11-07 15:17:34,947 : INFO : EventManager : Event: ======'mode_game_will_start'====== Args={'buttons': [], 'hold_time': 0.17100000008940697}
2025-11-07 15:17:34,947 : INFO : EventManager : Event: ======'mode_game_starting'====== Args={'buttons': [], 'hold_time': 0.17100000008940697}
2025-11-07 15:17:34,947 : INFO : Mode.game : Started. Priority: 20
2025-11-07 15:17:34,947 : INFO : EventManager : Event: ======'modes_active_modes_changed'====== Args={}
2025-11-07 15:17:34,947 : INFO : EventManager : Event: ======'mode_game_started'====== Args={'buttons': [], 'hold_time': 0.17100000008940697}
2025-11-07 15:17:34,962 : INFO : EventManager : Event: ======'game_will_start'====== Args={}
2025-11-07 15:17:34,963 : INFO : EventManager : Event: ======'game_starting'====== Args={'game': <Mode.game>}
2025-11-07 15:17:34,963 : INFO : EventManager : Event: ======'mode_attract_will_stop'====== Args={}
2025-11-07 15:17:34,963 : INFO : EventManager : Event: ======'mode_attract_stopping'====== Args={}
2025-11-07 15:17:34,963 : INFO : EventManager : Event: ======'godot_attract_off'====== Args={'priority': 0}
2025-11-07 15:17:34,963 : INFO : EventManager : Unordered handler for class <Auditor> on event game_ended with priority 1. Handlers: [RegisteredHandler(callback=<bound method Auditor.disable of <Auditor>>, priority=1, kwargs={}, key=UUID('b7ff05b0-8631-44f0-955d-a6c8f77bc00e'), condition=None, blocking_facility=None), RegisteredHandler(callback=<bound method Auditor._save_audits of <Auditor>>, priority=1, kwargs={}, key=UUID('2439ea4a-5276-4aa5-9300-3bac37b34797'), condition=None, blocking_facility=None)]. The order of those handlers is not defined and they will be executed in random order. This might lead to race conditions and potential bugs.
2025-11-07 15:17:34,964 : INFO : EventManager : Event: ======'godot_attract_off'====== Args={'priority': 0}
2025-11-07 15:17:34,964 : INFO : Mode.attract : Stopped.
2025-11-07 15:17:34,964 : INFO : EventManager : Event: ======'modes_active_modes_changed'====== Args={}
2025-11-07 15:17:34,964 : INFO : EventManager : Event: ======'mode_attract_stopped'====== Args={}
2025-11-07 15:17:34,965 : INFO : EventManager : Event: ======'clear'====== Args={'key': 'attract'}
2025-11-07 15:17:34,965 : INFO : EventManager : Event: ======'player_add_request'====== Args={}
2025-11-07 15:17:34,965 : INFO : EventManager : Event: ======'player_will_add'====== Args={'number': 1}
2025-11-07 15:17:34,965 : INFO : EventManager : Event: ======'player_adding'====== Args={'player': <Player 1>, 'number': 1}
2025-11-07 15:17:34,965 : INFO : EventManager : Event: ======'player_added'====== Args={'player': <Player 1>, 'num': 1}
2025-11-07 15:17:34,965 : INFO : Mode.game : Player added successfully. Total players: 1
2025-11-07 15:17:34,967 : INFO : EventManager : Event: ======'player_index'====== Args={'value': 0, 'prev_value': 0, 'change': 0, 'player_num': 1}
2025-11-07 15:17:34,967 : INFO : EventManager : Event: ======'player_number'====== Args={'value': 1, 'prev_value': 1, 'change': 0, 'player_num': 1}
2025-11-07 15:17:34,967 : INFO : EventManager : Event: ======'player_score'====== Args={'value': 0, 'prev_value': 0, 'change': 0, 'player_num': 1}
2025-11-07 15:17:34,967 : INFO : EventManager : Unordered handler for class <Auditor> on event game_ended with priority 1. Handlers: [RegisteredHandler(callback=<bound method Auditor.disable of <Auditor>>, priority=1, kwargs={}, key=UUID('b7ff05b0-8631-44f0-955d-a6c8f77bc00e'), condition=None, blocking_facility=None), RegisteredHandler(callback=<bound method Auditor._save_audits of <Auditor>>, priority=1, kwargs={}, key=UUID('2439ea4a-5276-4aa5-9300-3bac37b34797'), condition=None, blocking_facility=None)]. The order of those handlers is not defined and they will be executed in random order. This might lead to race conditions and potential bugs.
2025-11-07 15:17:34,983 : INFO : EventManager : Event: ======'game_started'====== Args={}
2025-11-07 15:17:34,983 : INFO : EventManager : Event: ======'blink_on'====== Args={'priority': 0}
2025-11-07 15:17:34,985 : INFO : EventManager : Event: ======'player_turn_will_start'====== Args={'player': <Player 1>, 'number': 1}
2025-11-07 15:17:34,991 : INFO : EventManager : Event: ======'player_turn_starting'====== Args={'player': <Player 1>, 'number': 1}
2025-11-07 15:17:34,991 : INFO : EventManager : Event: ======'player_ball'====== Args={'value': 1, 'prev_value': 0, 'change': 1, 'player_num': 1}
2025-11-07 15:17:34,992 : INFO : EventManager : Event: ======'player_turn_started'====== Args={'player': <Player 1>, 'number': 1}
2025-11-07 15:17:34,993 : INFO : EventManager : Event: ======'ball_will_start'====== Args={'player': 1, 'ball': 1, 'balls_remaining': 2, 'is_extra_ball': False}
2025-11-07 15:17:34,997 : INFO : EventManager : Event: ======'ball_starting'====== Args={'player': 1, 'ball': 1, 'balls_remaining': 2, 'is_extra_ball': False}
2025-11-07 15:17:34,997 : INFO : EventManager : Event: ======'mode_base_will_start'====== Args={'queue': <QueuedEvent>, 'player': 1, 'ball': 1, 'balls_remaining': 2, 'is_extra_ball': False}
2025-11-07 15:17:34,998 : INFO : EventManager : Event: ======'player_shot_sh_escape_graveyard_start_enabled'====== Args={'value': False, 'prev_value': 0, 'change': 0, 'player_num': 1}
2025-11-07 15:17:34,998 : INFO : EventManager : Unordered handler for class <Auditor> on event game_ended with priority 1. Handlers: [RegisteredHandler(callback=<bound method Auditor.disable of <Auditor>>, priority=1, kwargs={}, key=UUID('b7ff05b0-8631-44f0-955d-a6c8f77bc00e'), condition=None, blocking_facility=None), RegisteredHandler(callback=<bound method Auditor._save_audits of <Auditor>>, priority=1, kwargs={}, key=UUID('2439ea4a-5276-4aa5-9300-3bac37b34797'), condition=None, blocking_facility=None)]. The order of those handlers is not defined and they will be executed in random order. This might lead to race conditions and potential bugs.
2025-11-07 15:17:34,998 : INFO : EventManager : Unordered handler for class <Auditor> on event game_ended with priority 1. Handlers: [RegisteredHandler(callback=<bound method Auditor.disable of <Auditor>>, priority=1, kwargs={}, key=UUID('b7ff05b0-8631-44f0-955d-a6c8f77bc00e'), condition=None, blocking_facility=None), RegisteredHandler(callback=<bound method Auditor._save_audits of <Auditor>>, priority=1, kwargs={}, key=UUID('2439ea4a-5276-4aa5-9300-3bac37b34797'), condition=None, blocking_facility=None)]. The order of those handlers is not defined and they will be executed in random order. This might lead to race conditions and potential bugs.
2025-11-07 15:17:35,003 : INFO : EventManager : Event: ======'mode_base_starting'====== Args={'queue': <QueuedEvent>, 'player': 1, 'ball': 1, 'balls_remaining': 2, 'is_extra_ball': False}
2025-11-07 15:17:35,003 : INFO : drop_target_bank.right_bank : All targets are already up. Will not reset bank.
2025-11-07 15:17:35,003 : INFO : drop_target_bank.left_bank : All targets are already up. Will not reset bank.
2025-11-07 15:17:35,003 : INFO : EventManager : Event: ======'balls_in_play'====== Args={'balls': 1}
2025-11-07 15:17:35,003 : INFO : EventManager : Event: ======'ball_started'====== Args={'player': 1, 'ball': 1, 'balls_remaining': 2, 'is_extra_ball': False}
2025-11-07 15:17:35,004 : INFO : EventManager : Event: ======'logicblock_eg_pop_counter_updated'====== Args={'value': 0, 'enabled': True}
2025-11-07 15:17:35,004 : INFO : EventManager : Event: ======'logicblock_eg_pop_counter_updated'====== Args={'value': 0, 'enabled': True}
2025-11-07 15:17:35,004 : INFO : Mode.base : Started. Priority: 50
2025-11-07 15:17:35,004 : INFO : EventManager : Event: ======'modes_active_modes_changed'====== Args={}
2025-11-07 15:17:35,004 : INFO : EventManager : Event: ======'mode_base_started'====== Args={'queue': <QueuedEvent>, 'player': 1, 'ball': 1, 'balls_remaining': 2, 'is_extra_ball': False}
2025-11-07 15:17:35,004 : INFO : EventManager : Event: ======'logicblock_eg_pop_counter_updated'====== Args={'value': 0, 'enabled': True}
2025-11-07 15:17:35,004 : INFO : EventManager : Event: ======'start_firstball_intro'====== Args={'priority': 0}
2025-11-07 15:17:35,006 : INFO : EventManager : Unordered handler for class <Auditor> on event game_ended with priority 1. Handlers: [RegisteredHandler(callback=<bound method Auditor.disable of <Auditor>>, priority=1, kwargs={}, key=UUID('b7ff05b0-8631-44f0-955d-a6c8f77bc00e'), condition=None, blocking_facility=None), RegisteredHandler(callback=<bound method Auditor._save_audits of <Auditor>>, priority=1, kwargs={}, key=UUID('2439ea4a-5276-4aa5-9300-3bac37b34797'), condition=None, blocking_facility=None)]. The order of those handlers is not defined and they will be executed in random order. This might lead to race conditions and potential bugs.
2025-11-07 15:17:35,006 : INFO : EventManager : Event: ======'stop_mode_attract'====== Args={'priority': 0}
2025-11-07 15:17:35,006 : INFO : EventManager : Event: ======'mode_attract_will_stop'====== Args={'priority': 0}
2025-11-07 15:17:35,006 : INFO : EventManager : Event: ======'godot_attract_off'====== Args={'priority': 0}
2025-11-07 15:17:35,006 : INFO : EventManager : Event: ======'godot_play_base'====== Args={'priority': 0}
2025-11-07 15:17:35,008 : INFO : EventManager : Event: ======'single_player_ball_started'====== Args={}
2025-11-07 15:17:35,020 : INFO : EventManager : Event: ======'ball_start_target'====== Args={'target': 'playfield'}
2025-11-07 15:17:35,021 : INFO : ball_device.bd_trough : Setting up player-controlled eject. Balls: 1, Target: <playfield.playfield>, player_controlled_eject_event: None
2025-11-07 15:17:35,021 : INFO : ball_device.bd_trough : Adding 1 ball(s) to the eject_queue with target <playfield.playfield>.
2025-11-07 15:17:35,021 : INFO : EventManager : Event: ======'balldevice_balls_available'====== Args={}
2025-11-07 15:17:35,022 : INFO : ball_device.bd_trough : State: waiting_for_target_ready
2025-11-07 15:17:35,022 : INFO : EventManager : Event: ======'balldevice_bd_trough_ball_eject_attempt'====== Args={'balls': 1, 'target': <playfield.playfield>, 'source': <ball_device.bd_trough>, 'mechanical_eject': False, 'num_attempts': 0}
2025-11-07 15:17:35,022 : INFO : ball_device.bd_trough : State: ejecting
2025-11-07 15:17:35,022 : INFO : ball_device.bd_trough : Ejecting ball to <playfield.playfield>
2025-11-07 15:17:35,023 : INFO : EventManager : Event: ======'balldevice_bd_trough_ejecting_ball'====== Args={'balls': 1, 'target': <playfield.playfield>, 'source': <ball_device.bd_trough>, 'mechanical_eject': False, 'num_attempts': 0}
2025-11-07 15:17:35,023 : INFO : ball_device.bd_trough : Wait for ball to leave device
2025-11-07 15:17:35,023 : INFO : coil.c_trough_eject : Pulsing Driver for 40ms (1.0 pulse_power)
2025-11-07 15:17:35,071 : INFO : SwitchController : <<<<<<< 's_trough' inactive >>>>>>>
2025-11-07 15:17:35,080 : INFO : ball_device.bd_trough : State: ball_left
2025-11-07 15:17:35,080 : INFO : ball_device.bd_trough : Ball left
2025-11-07 15:17:35,080 : INFO : ball_device.bd_trough : Wait for confirm with timeout 10.0
2025-11-07 15:17:35,107 : INFO : EventManager : Event: ======'slide_base_created'====== Args={'_from_bcp': True}
2025-11-07 15:17:35,107 : INFO : EventManager : Event: ======'slide_attract_inactive'====== Args={'is_removing': True, '_from_bcp': True}
2025-11-07 15:17:35,107 : INFO : EventManager : Event: ======'slide_base_active'====== Args={'original_context': 'base', 'original_calling_context': 'mode_base_started', 'priority': 50.0, 'queue': '<QueuedEvent>', 'player': 1.0, 'ball': 1.0, 'balls_remaining': 2.0, 'is_extra_ball': False, 'cmd': 'slides_play', '_from_bcp': True}
2025-11-07 15:17:35,108 : INFO : EventManager : Event: ======'slide_attract_removed'====== Args={'_from_bcp': True}
2025-11-07 15:17:35,570 : INFO : EventManager : Event: ======'blink_off'====== Args={'priority': 0}
2025-11-07 15:17:36,159 : INFO : EventManager : Event: ======'blink_on'====== Args={'priority': 0}
2025-11-07 15:17:36,782 : INFO : EventManager : Event: ======'blink_off'====== Args={'priority': 0}
2025-11-07 15:17:36,782 : INFO : EventManager : Unordered handler for class <Auditor> on event game_ended with priority 1. Handlers: [RegisteredHandler(callback=<bound method Auditor.disable of <Auditor>>, priority=1, kwargs={}, key=UUID('b7ff05b0-8631-44f0-955d-a6c8f77bc00e'), condition=None, blocking_facility=None), RegisteredHandler(callback=<bound method Auditor._save_audits of <Auditor>>, priority=1, kwargs={}, key=UUID('2439ea4a-5276-4aa5-9300-3bac37b34797'), condition=None, blocking_facility=None)]. The order of those handlers is not defined and they will be executed in random order. This might lead to race conditions and potential bugs.
2025-11-07 15:17:37,371 : INFO : EventManager : Event: ======'blink_on'====== Args={'priority': 0}
2025-11-07 15:17:37,635 : INFO : SwitchController : <<<<<<< 's_right_inlane' active >>>>>>>
2025-11-07 15:17:37,635 : INFO : EventManager : Event: ======'s_right_inlane_active'====== Args={}
2025-11-07 15:17:37,635 : INFO : EventManager : Event: ======'sw_playfield_active'====== Args={}
2025-11-07 15:17:37,635 : INFO : EventManager : Event: ======'machine_var_audits_switches_s_right_inlane'====== Args={'value': 25, 'prev_value': 24, 'change': 1}
2025-11-07 15:17:37,636 : INFO : EventManager : Event: ======'player_score'====== Args={'value': 100, 'prev_value': 0, 'change': 100, 'player_num': 1, 'source': 'base'}
2025-11-07 15:17:37,637 : INFO : EventManager : Event: ======'playfield_active'====== Args={'source': None}
2025-11-07 15:17:37,650 : INFO : ball_device.bd_trough : Got eject confirm
2025-11-07 15:17:37,650 : INFO : ball_device.bd_trough : Eject successful
2025-11-07 15:17:37,650 : INFO : EventManager : Event: ======'balldevice_bd_trough_ball_eject_success'====== Args={'balls': 1, 'target': <playfield.playfield>}
2025-11-07 15:17:37,651 : INFO : EventManager : Event: ======'balldevice_playfield_ball_enter'====== Args={'new_balls': 1, 'unclaimed_balls': 1, 'device': <playfield.playfield>}
2025-11-07 15:17:37,651 : INFO : EventManager : Event: ======'playfield_ball_count_change'====== Args={'balls': 1, 'change': 1}
2025-11-07 15:17:37,651 : INFO : EventManager : Event: ======'balldevice_bd_trough_ball_count_changed'====== Args={'balls': 0}
2025-11-07 15:17:37,651 : INFO : ball_device.bd_trough : State: idle
2025-11-07 15:17:37,975 : INFO : EventManager : Event: ======'blink_off'====== Args={'priority': 0}
2025-11-07 15:17:37,975 : INFO : EventManager : Unordered handler for class <Auditor> on event game_ended with priority 1. Handlers: [RegisteredHandler(callback=<bound method Auditor.disable of <Auditor>>, priority=1, kwargs={}, key=UUID('b7ff05b0-8631-44f0-955d-a6c8f77bc00e'), condition=None, blocking_facility=None), RegisteredHandler(callback=<bound method Auditor._save_audits of <Auditor>>, priority=1, kwargs={}, key=UUID('2439ea4a-5276-4aa5-9300-3bac37b34797'), condition=None, blocking_facility=None)]. The order of those handlers is not defined and they will be executed in random order. This might lead to race conditions and potential bugs.
2025-11-07 15:17:38,023 : INFO : SwitchController : <<<<<<< 's_right_inlane' inactive >>>>>>>
2025-11-07 15:17:38,565 : INFO : EventManager : Event: ======'blink_on'====== Args={'priority': 0}
2025-11-07 15:17:38,737 : INFO : SwitchController : <<<<<<< 's_left_sling' active >>>>>>>
2025-11-07 15:17:38,737 : INFO : EventManager : Event: ======'s_left_sling_active'====== Args={}
2025-11-07 15:17:38,737 : INFO : EventManager : Event: ======'machine_var_audits_switches_s_left_sling'====== Args={'value': 107, 'prev_value': 106, 'change': 1}
2025-11-07 15:17:38,738 : INFO : EventManager : Event: ======'player_score'====== Args={'value': 110, 'prev_value': 100, 'change': 10, 'player_num': 1, 'source': 'base'}
2025-11-07 15:17:38,749 : INFO : SwitchController : <<<<<<< 's_left_sling' inactive >>>>>>>
2025-11-07 15:17:39,048 : INFO : SwitchController : <<<<<<< 's_right_sling' active >>>>>>>
2025-11-07 15:17:39,048 : INFO : EventManager : Event: ======'s_right_sling_active'====== Args={}
2025-11-07 15:17:39,048 : INFO : EventManager : Event: ======'machine_var_audits_switches_s_right_sling'====== Args={'value': 81, 'prev_value': 80, 'change': 1}
2025-11-07 15:17:39,048 : INFO : EventManager : Event: ======'player_score'====== Args={'value': 120, 'prev_value': 110, 'change': 10, 'player_num': 1, 'source': 'base'}
2025-11-07 15:17:39,056 : INFO : SwitchController : <<<<<<< 's_right_sling' inactive >>>>>>>
2025-11-07 15:17:39,172 : INFO : EventManager : Event: ======'blink_off'====== Args={'priority': 0}
2025-11-07 15:17:39,172 : INFO : EventManager : Unordered handler for class <Auditor> on event game_ended with priority 1. Handlers: [RegisteredHandler(callback=<bound method Auditor.disable of <Auditor>>, priority=1, kwargs={}, key=UUID('b7ff05b0-8631-44f0-955d-a6c8f77bc00e'), condition=None, blocking_facility=None), RegisteredHandler(callback=<bound method Auditor._save_audits of <Auditor>>, priority=1, kwargs={}, key=UUID('2439ea4a-5276-4aa5-9300-3bac37b34797'), condition=None, blocking_facility=None)]. The order of those handlers is not defined and they will be executed in random order. This might lead to race conditions and potential bugs.
2025-11-07 15:17:39,295 : INFO : SwitchController : <<<<<<< 's_left_sling' active >>>>>>>
2025-11-07 15:17:39,295 : INFO : EventManager : Event: ======'s_left_sling_active'====== Args={}
2025-11-07 15:17:39,295 : INFO : EventManager : Event: ======'machine_var_audits_switches_s_left_sling'====== Args={'value': 108, 'prev_value': 107, 'change': 1}
2025-11-07 15:17:39,297 : INFO : EventManager : Event: ======'player_score'====== Args={'value': 130, 'prev_value': 120, 'change': 10, 'player_num': 1, 'source': 'base'}
2025-11-07 15:17:39,297 : INFO : EventManager : Unordered handler for class <Auditor> on event game_ended with priority 1. Handlers: [RegisteredHandler(callback=<bound method Auditor.disable of <Auditor>>, priority=1, kwargs={}, key=UUID('b7ff05b0-8631-44f0-955d-a6c8f77bc00e'), condition=None, blocking_facility=None), RegisteredHandler(callback=<bound method Auditor._save_audits of <Auditor>>, priority=1, kwargs={}, key=UUID('2439ea4a-5276-4aa5-9300-3bac37b34797'), condition=None, blocking_facility=None)]. The order of those handlers is not defined and they will be executed in random order. This might lead to race conditions and potential bugs.
2025-11-07 15:17:39,303 : INFO : SwitchController : <<<<<<< 's_left_sling' inactive >>>>>>>
2025-11-07 15:17:39,304 : INFO : EventManager : Unordered handler for class <Auditor> on event game_ended with priority 1. Handlers: [RegisteredHandler(callback=<bound method Auditor.disable of <Auditor>>, priority=1, kwargs={}, key=UUID('b7ff05b0-8631-44f0-955d-a6c8f77bc00e'), condition=None, blocking_facility=None), RegisteredHandler(callback=<bound method Auditor._save_audits of <Auditor>>, priority=1, kwargs={}, key=UUID('2439ea4a-5276-4aa5-9300-3bac37b34797'), condition=None, blocking_facility=None)]. The order of those handlers is not defined and they will be executed in random order. This might lead to race conditions and potential bugs.
2025-11-07 15:17:39,779 : INFO : EventManager : Event: ======'blink_on'====== Args={'priority': 0}
2025-11-07 15:17:40,370 : INFO : EventManager : Event: ======'blink_off'====== Args={'priority': 0}
2025-11-07 15:17:40,370 : INFO : EventManager : Unordered handler for class <Auditor> on event game_ended with priority 1. Handlers: [RegisteredHandler(callback=<bound method Auditor.disable of <Auditor>>, priority=1, kwargs={}, key=UUID('b7ff05b0-8631-44f0-955d-a6c8f77bc00e'), condition=None, blocking_facility=None), RegisteredHandler(callback=<bound method Auditor._save_audits of <Auditor>>, priority=1, kwargs={}, key=UUID('2439ea4a-5276-4aa5-9300-3bac37b34797'), condition=None, blocking_facility=None)]. The order of those handlers is not defined and they will be executed in random order. This might lead to race conditions and potential bugs.
2025-11-07 15:17:40,978 : INFO : EventManager : Event: ======'blink_on'====== Args={'priority': 0}
2025-11-07 15:17:41,567 : INFO : EventManager : Event: ======'blink_off'====== Args={'priority': 0}
2025-11-07 15:17:41,568 : INFO : EventManager : Unordered handler for class <Auditor> on event game_ended with priority 1. Handlers: [RegisteredHandler(callback=<bound method Auditor.disable of <Auditor>>, priority=1, kwargs={}, key=UUID('b7ff05b0-8631-44f0-955d-a6c8f77bc00e'), condition=None, blocking_facility=None), RegisteredHandler(callback=<bound method Auditor._save_audits of <Auditor>>, priority=1, kwargs={}, key=UUID('2439ea4a-5276-4aa5-9300-3bac37b34797'), condition=None, blocking_facility=None)]. The order of those handlers is not defined and they will be executed in random order. This might lead to race conditions and potential bugs.
2025-11-07 15:17:41,646 : INFO : SwitchController : <<<<<<< 's_trough' active >>>>>>>
2025-11-07 15:17:41,646 : INFO : EventManager : Event: ======'machine_var_audits_switches_s_trough'====== Args={'value': 534, 'prev_value': 533, 'change': 1}
2025-11-07 15:17:41,662 : INFO : SwitchController : <<<<<<< 's_trough' inactive >>>>>>>
2025-11-07 15:17:41,741 : INFO : SwitchController : <<<<<<< 's_trough' active >>>>>>>
2025-11-07 15:17:41,741 : INFO : EventManager : Event: ======'machine_var_audits_switches_s_trough'====== Args={'value': 535, 'prev_value': 534, 'change': 1}
2025-11-07 15:17:42,159 : INFO : EventManager : Event: ======'blink_on'====== Args={'priority': 0}
2025-11-07 15:17:42,251 : INFO : EventManager : Event: ======'balldevice_bd_trough_ball_count_changed'====== Args={'balls': 1}
2025-11-07 15:17:42,251 : INFO : ball_device.bd_trough : Received unexpected ball
2025-11-07 15:17:42,251 : INFO : EventManager : Event: ======'balldevice_captured_from_playfield'====== Args={'balls': 1}
2025-11-07 15:17:42,252 : INFO : EventManager : Event: ======'sw_playfield_active'====== Args={'balls': 1}
2025-11-07 15:17:42,252 : INFO : EventManager : Event: ======'playfield_ball_count_change'====== Args={'balls': 0, 'change': -1}
2025-11-07 15:17:42,252 : INFO : EventManager : Event: ======'balldevice_bd_trough_ball_enter'====== Args={'new_balls': 1, 'unclaimed_balls': 1, 'new_available_balls': 1, 'device': <ball_device.bd_trough>}
2025-11-07 15:17:42,252 : INFO : EventManager : Event: ======'ball_drain'====== Args={'device': <ball_device.bd_trough>, 'balls': 1}
2025-11-07 15:17:42,253 : INFO : EventManager : Event: ======'ball_will_end'====== Args={}
2025-11-07 15:17:42,253 : INFO : EventManager : Event: ======'balldevice_balls_available'====== Args={}
2025-11-07 15:17:42,253 : INFO : EventManager : Event: ======'balldevice_bd_trough_ball_entered'====== Args={'new_balls': 1, 'device': <ball_device.bd_trough>}
2025-11-07 15:17:42,254 : INFO : EventManager : Event: ======'ball_ending'====== Args={}
2025-11-07 15:17:42,254 : INFO : EventManager : Event: ======'mode_base_will_stop'====== Args={}
2025-11-07 15:17:42,255 : INFO : EventManager : Event: ======'mode_base_stopping'====== Args={}
2025-11-07 15:17:42,255 : INFO : EventManager : Event: ======'godot_stop_base'====== Args={'priority': 0}
2025-11-07 15:17:42,255 : INFO : Mode.base : Stopped.
2025-11-07 15:17:42,255 : INFO : EventManager : Event: ======'modes_active_modes_changed'====== Args={}
2025-11-07 15:17:42,256 : INFO : EventManager : Event: ======'mode_base_stopped'====== Args={}
2025-11-07 15:17:42,256 : INFO : EventManager : Event: ======'clear'====== Args={'key': 'base'}
2025-11-07 15:17:42,270 : INFO : EventManager : Event: ======'ball_ended'====== Args={}
2025-11-07 15:17:42,271 : INFO : EventManager : Event: ======'player_turn_will_end'====== Args={'player': <Player 1>, 'number': 1}
2025-11-07 15:17:42,275 : INFO : EventManager : Event: ======'player_turn_ending'====== Args={'player': <Player 1>, 'number': 1}
2025-11-07 15:17:42,276 : INFO : EventManager : Event: ======'player_turn_ended'====== Args={'player': <Player 1>, 'number': 1}
2025-11-07 15:17:42,276 : INFO : EventManager : Event: ======'player_turn_will_start'====== Args={'player': <Player 1>, 'number': 1}
2025-11-07 15:17:42,276 : INFO : EventManager : Event: ======'player_turn_starting'====== Args={'player': <Player 1>, 'number': 1}
2025-11-07 15:17:42,276 : INFO : EventManager : Event: ======'player_ball'====== Args={'value': 2, 'prev_value': 1, 'change': 1, 'player_num': 1}
2025-11-07 15:17:42,277 : INFO : EventManager : Event: ======'player_turn_started'====== Args={'player': <Player 1>, 'number': 1}
2025-11-07 15:17:42,277 : INFO : EventManager : Event: ======'ball_will_start'====== Args={'player': 1, 'ball': 2, 'balls_remaining': 1, 'is_extra_ball': False}
2025-11-07 15:17:42,282 : INFO : EventManager : Event: ======'ball_starting'====== Args={'player': 1, 'ball': 2, 'balls_remaining': 1, 'is_extra_ball': False}
2025-11-07 15:17:42,282 : INFO : EventManager : Event: ======'mode_base_will_start'====== Args={'queue': <QueuedEvent>, 'player': 1, 'ball': 2, 'balls_remaining': 1, 'is_extra_ball': False}
2025-11-07 15:17:42,282 : INFO : EventManager : Unordered handler for class <Auditor> on event game_ended with priority 1. Handlers: [RegisteredHandler(callback=<bound method Auditor.disable of <Auditor>>, priority=1, kwargs={}, key=UUID('b7ff05b0-8631-44f0-955d-a6c8f77bc00e'), condition=None, blocking_facility=None), RegisteredHandler(callback=<bound method Auditor._save_audits of <Auditor>>, priority=1, kwargs={}, key=UUID('2439ea4a-5276-4aa5-9300-3bac37b34797'), condition=None, blocking_facility=None)]. The order of those handlers is not defined and they will be executed in random order. This might lead to race conditions and potential bugs.
2025-11-07 15:17:42,283 : INFO : EventManager : Unordered handler for class <Auditor> on event game_ended with priority 1. Handlers: [RegisteredHandler(callback=<bound method Auditor.disable of <Auditor>>, priority=1, kwargs={}, key=UUID('b7ff05b0-8631-44f0-955d-a6c8f77bc00e'), condition=None, blocking_facility=None), RegisteredHandler(callback=<bound method Auditor._save_audits of <Auditor>>, priority=1, kwargs={}, key=UUID('2439ea4a-5276-4aa5-9300-3bac37b34797'), condition=None, blocking_facility=None)]. The order of those handlers is not defined and they will be executed in random order. This might lead to race conditions and potential bugs.
2025-11-07 15:17:42,287 : INFO : EventManager : Event: ======'mode_base_starting'====== Args={'queue': <QueuedEvent>, 'player': 1, 'ball': 2, 'balls_remaining': 1, 'is_extra_ball': False}
2025-11-07 15:17:42,287 : INFO : drop_target_bank.right_bank : All targets are already up. Will not reset bank.
2025-11-07 15:17:42,287 : INFO : drop_target_bank.left_bank : All targets are already up. Will not reset bank.
2025-11-07 15:17:42,287 : INFO : EventManager : Event: ======'balls_in_play'====== Args={'balls': 1}
2025-11-07 15:17:42,287 : INFO : EventManager : Event: ======'ball_started'====== Args={'player': 1, 'ball': 2, 'balls_remaining': 1, 'is_extra_ball': False}
2025-11-07 15:17:42,288 : INFO : EventManager : Event: ======'logicblock_eg_pop_counter_updated'====== Args={'value': 0, 'enabled': True}
2025-11-07 15:17:42,288 : INFO : EventManager : Event: ======'logicblock_eg_pop_counter_updated'====== Args={'value': 0, 'enabled': True}
2025-11-07 15:17:42,288 : INFO : Mode.base : Started. Priority: 50
2025-11-07 15:17:42,288 : INFO : EventManager : Event: ======'modes_active_modes_changed'====== Args={}
2025-11-07 15:17:42,288 : INFO : EventManager : Event: ======'mode_base_started'====== Args={'queue': <QueuedEvent>, 'player': 1, 'ball': 2, 'balls_remaining': 1, 'is_extra_ball': False}
2025-11-07 15:17:42,288 : INFO : EventManager : Event: ======'mode_music_ball_2plus_will_start'====== Args={'player': 1, 'ball': 2, 'balls_remaining': 1, 'is_extra_ball': False}
2025-11-07 15:17:42,288 : INFO : EventManager : Unordered handler for class <Auditor> on event game_ended with priority 1. Handlers: [RegisteredHandler(callback=<bound method Auditor.disable of <Auditor>>, priority=1, kwargs={}, key=UUID('b7ff05b0-8631-44f0-955d-a6c8f77bc00e'), condition=None, blocking_facility=None), RegisteredHandler(callback=<bound method Auditor._save_audits of <Auditor>>, priority=1, kwargs={}, key=UUID('2439ea4a-5276-4aa5-9300-3bac37b34797'), condition=None, blocking_facility=None)]. The order of those handlers is not defined and they will be executed in random order. This might lead to race conditions and potential bugs.
2025-11-07 15:17:42,288 : INFO : EventManager : Event: ======'mode_music_ball_2plus_starting'====== Args={'player': 1, 'ball': 2, 'balls_remaining': 1, 'is_extra_ball': False}
2025-11-07 15:17:42,288 : INFO : EventManager : Event: ======'logicblock_eg_pop_counter_updated'====== Args={'value': 0, 'enabled': True}
2025-11-07 15:17:42,290 : INFO : EventManager : Event: ======'start_subsequent_loop'====== Args={'priority': 0}
2025-11-07 15:17:42,291 : INFO : EventManager : Unordered handler for class <Auditor> on event game_ended with priority 1. Handlers: [RegisteredHandler(callback=<bound method Auditor.disable of <Auditor>>, priority=1, kwargs={}, key=UUID('b7ff05b0-8631-44f0-955d-a6c8f77bc00e'), condition=None, blocking_facility=None), RegisteredHandler(callback=<bound method Auditor._save_audits of <Auditor>>, priority=1, kwargs={}, key=UUID('2439ea4a-5276-4aa5-9300-3bac37b34797'), condition=None, blocking_facility=None)]. The order of those handlers is not defined and they will be executed in random order. This might lead to race conditions and potential bugs.
2025-11-07 15:17:42,292 : INFO : EventManager : Event: ======'subsequentball_trigger'====== Args={'priority': 0}
2025-11-07 15:17:42,292 : INFO : EventManager : Event: ======'zombie_moan_1'====== Args={'priority': 0}
2025-11-07 15:17:42,292 : INFO : EventManager : Event: ======'zombie1'====== Args={'priority': 0}
2025-11-07 15:17:42,292 : INFO : EventManager : Event: ======'stop_mode_attract'====== Args={'priority': 0}
2025-11-07 15:17:42,292 : INFO : EventManager : Event: ======'mode_attract_will_stop'====== Args={'priority': 0}
2025-11-07 15:17:42,292 : INFO : EventManager : Event: ======'godot_attract_off'====== Args={'priority': 0}
2025-11-07 15:17:42,292 : INFO : EventManager : Event: ======'godot_play_base'====== Args={'priority': 0}
2025-11-07 15:17:42,292 : INFO : EventManager : Event: ======'start_subsequent_loop'====== Args={'priority': 0}
2025-11-07 15:17:42,293 : INFO : EventManager : Event: ======'subsequentball_trigger'====== Args={'priority': 0}
2025-11-07 15:17:42,293 : INFO : EventManager : Event: ======'zombie_moan_1'====== Args={'priority': 0}
2025-11-07 15:17:42,293 : INFO : EventManager : Event: ======'zombie1'====== Args={'priority': 0}
2025-11-07 15:17:42,293 : INFO : Mode.music_ball_2plus : Started. Priority: 60
2025-11-07 15:17:42,293 : INFO : EventManager : Event: ======'modes_active_modes_changed'====== Args={}
2025-11-07 15:17:42,293 : INFO : EventManager : Event: ======'mode_music_ball_2plus_started'====== Args={'player': 1, 'ball': 2, 'balls_remaining': 1, 'is_extra_ball': False}
2025-11-07 15:17:42,294 : INFO : EventManager : Event: ======'single_player_ball_started'====== Args={}
2025-11-07 15:17:42,311 : INFO : EventManager : Event: ======'ball_start_target'====== Args={'target': 'playfield'}
2025-11-07 15:17:42,311 : INFO : ball_device.bd_trough : Setting up player-controlled eject. Balls: 1, Target: <playfield.playfield>, player_controlled_eject_event: None
2025-11-07 15:17:42,311 : INFO : ball_device.bd_trough : Adding 1 ball(s) to the eject_queue with target <playfield.playfield>.
2025-11-07 15:17:42,311 : INFO : EventManager : Event: ======'balldevice_balls_available'====== Args={}
2025-11-07 15:17:42,313 : INFO : ball_device.bd_trough : State: waiting_for_target_ready
2025-11-07 15:17:42,313 : INFO : EventManager : Event: ======'balldevice_bd_trough_ball_eject_attempt'====== Args={'balls': 1, 'target': <playfield.playfield>, 'source': <ball_device.bd_trough>, 'mechanical_eject': False, 'num_attempts': 0}
2025-11-07 15:17:42,314 : INFO : ball_device.bd_trough : State: ejecting
2025-11-07 15:17:42,314 : INFO : ball_device.bd_trough : Ejecting ball to <playfield.playfield>
2025-11-07 15:17:42,314 : INFO : EventManager : Event: ======'balldevice_bd_trough_ejecting_ball'====== Args={'balls': 1, 'target': <playfield.playfield>, 'source': <ball_device.bd_trough>, 'mechanical_eject': False, 'num_attempts': 0}
2025-11-07 15:17:42,315 : INFO : ball_device.bd_trough : Wait for ball to leave device
2025-11-07 15:17:42,315 : INFO : coil.c_trough_eject : Pulsing Driver for 40ms (1.0 pulse_power)
2025-11-07 15:17:42,316 : INFO : EventManager : Event: ======'slide_base_created'====== Args={'_from_bcp': True}
2025-11-07 15:17:42,316 : INFO : EventManager : Event: ======'slide_base_inactive'====== Args={'is_removing': True, '_from_bcp': True}
2025-11-07 15:17:42,316 : INFO : EventManager : Event: ======'slide_base_active'====== Args={'original_context': 'base', 'original_calling_context': 'mode_base_started', 'priority': 50.0, 'queue': '<QueuedEvent>', 'player': 1.0, 'ball': 2.0, 'balls_remaining': 1.0, 'is_extra_ball': False, 'cmd': 'slides_play', '_from_bcp': True}
2025-11-07 15:17:42,316 : INFO : EventManager : Event: ======'slide_base_removed'====== Args={'_from_bcp': True}
2025-11-07 15:17:42,360 : INFO : SwitchController : <<<<<<< 's_trough' inactive >>>>>>>
2025-11-07 15:17:42,367 : INFO : SwitchController : <<<<<<< 's_trough' active >>>>>>>
2025-11-07 15:17:42,367 : INFO : EventManager : Event: ======'machine_var_audits_switches_s_trough'====== Args={'value': 536, 'prev_value': 535, 'change': 1}
2025-11-07 15:17:42,373 : INFO : ball_device.bd_trough : State: ball_left
2025-11-07 15:17:42,373 : INFO : ball_device.bd_trough : Ball left
2025-11-07 15:17:42,373 : INFO : ball_device.bd_trough : Wait for confirm with timeout 10.0
2025-11-07 15:17:42,374 : INFO : SwitchController : <<<<<<< 's_trough' inactive >>>>>>>
2025-11-07 15:17:42,780 : INFO : EventManager : Event: ======'blink_off'====== Args={'priority': 0}
2025-11-07 15:17:43,275 : INFO : EventManager : Event: ======'play_subsequentball'====== Args={'priority': 0}
2025-11-07 15:17:43,275 : INFO : EventManager : Event: ======'zombie3'====== Args={'priority': 0}
2025-11-07 15:17:43,275 : INFO : EventManager : Event: ======'zombie_moan_3'====== Args={'priority': 0}
2025-11-07 15:17:43,275 : INFO : EventManager : Event: ======'subsequentball'====== Args={'priority': 0}
2025-11-07 15:17:43,368 : INFO : EventManager : Event: ======'blink_on'====== Args={'priority': 0}
2025-11-07 15:17:43,975 : INFO : EventManager : Event: ======'blink_off'====== Args={'priority': 0}
2025-11-07 15:17:43,976 : INFO : EventManager : Unordered handler for class <Auditor> on event game_ended with priority 1. Handlers: [RegisteredHandler(callback=<bound method Auditor.disable of <Auditor>>, priority=1, kwargs={}, key=UUID('b7ff05b0-8631-44f0-955d-a6c8f77bc00e'), condition=None, blocking_facility=None), RegisteredHandler(callback=<bound method Auditor._save_audits of <Auditor>>, priority=1, kwargs={}, key=UUID('2439ea4a-5276-4aa5-9300-3bac37b34797'), condition=None, blocking_facility=None)]. The order of those handlers is not defined and they will be executed in random order. This might lead to race conditions and potential bugs.
2025-11-07 15:17:44,567 : INFO : EventManager : Event: ======'blink_on'====== Args={'priority': 0}
2025-11-07 15:17:45,172 : INFO : EventManager : Event: ======'blink_off'====== Args={'priority': 0}
2025-11-07 15:17:45,172 : INFO : EventManager : Unordered handler for class <Auditor> on event game_ended with priority 1. Handlers: [RegisteredHandler(callback=<bound method Auditor.disable of <Auditor>>, priority=1, kwargs={}, key=UUID('b7ff05b0-8631-44f0-955d-a6c8f77bc00e'), condition=None, blocking_facility=None), RegisteredHandler(callback=<bound method Auditor._save_audits of <Auditor>>, priority=1, kwargs={}, key=UUID('2439ea4a-5276-4aa5-9300-3bac37b34797'), condition=None, blocking_facility=None)]. The order of those handlers is not defined and they will be executed in random order. This might lead to race conditions and potential bugs.
2025-11-07 15:17:45,283 : INFO : EventManager : Event: ======'play_subsequentball'====== Args={'priority': 0}
2025-11-07 15:17:45,283 : INFO : EventManager : Event: ======'zombie3'====== Args={'priority': 0}
2025-11-07 15:17:45,283 : INFO : EventManager : Event: ======'zombie_moan_3'====== Args={'priority': 0}
2025-11-07 15:17:45,283 : INFO : EventManager : Event: ======'subsequentball'====== Args={'priority': 0}
2025-11-07 15:17:45,781 : INFO : EventManager : Event: ======'blink_on'====== Args={'priority': 0}
2025-11-07 15:17:46,199 : INFO : SwitchController : <<<<<<< 's_right_inlane' active >>>>>>>
2025-11-07 15:17:46,199 : INFO : EventManager : Event: ======'s_right_inlane_active'====== Args={}
2025-11-07 15:17:46,199 : INFO : EventManager : Event: ======'sw_playfield_active'====== Args={}
2025-11-07 15:17:46,199 : INFO : EventManager : Event: ======'machine_var_audits_switches_s_right_inlane'====== Args={'value': 26, 'prev_value': 25, 'change': 1}
2025-11-07 15:17:46,200 : INFO : EventManager : Event: ======'player_score'====== Args={'value': 230, 'prev_value': 130, 'change': 100, 'player_num': 1, 'source': 'base'}
2025-11-07 15:17:46,202 : INFO : EventManager : Event: ======'playfield_active'====== Args={'source': None}
2025-11-07 15:17:46,213 : INFO : ball_device.bd_trough : Got eject confirm
2025-11-07 15:17:46,214 : INFO : ball_device.bd_trough : Eject successful
2025-11-07 15:17:46,214 : INFO : EventManager : Event: ======'balldevice_bd_trough_ball_eject_success'====== Args={'balls': 1, 'target': <playfield.playfield>}
2025-11-07 15:17:46,214 : INFO : EventManager : Event: ======'balldevice_playfield_ball_enter'====== Args={'new_balls': 1, 'unclaimed_balls': 1, 'device': <playfield.playfield>}
2025-11-07 15:17:46,214 : INFO : EventManager : Event: ======'playfield_ball_count_change'====== Args={'balls': 1, 'change': 1}
2025-11-07 15:17:46,214 : INFO : EventManager : Event: ======'balldevice_bd_trough_ball_count_changed'====== Args={'balls': 0}
2025-11-07 15:17:46,214 : INFO : ball_device.bd_trough : State: idle
2025-11-07 15:17:46,292 : INFO : SwitchController : <<<<<<< 's_right_inlane' inactive >>>>>>>
2025-11-07 15:17:46,370 : INFO : EventManager : Event: ======'blink_off'====== Args={'priority': 0}
2025-11-07 15:17:46,370 : INFO : EventManager : Unordered handler for class <Auditor> on event game_ended with priority 1. Handlers: [RegisteredHandler(callback=<bound method Auditor.disable of <Auditor>>, priority=1, kwargs={}, key=UUID('b7ff05b0-8631-44f0-955d-a6c8f77bc00e'), condition=None, blocking_facility=None), RegisteredHandler(callback=<bound method Auditor._save_audits of <Auditor>>, priority=1, kwargs={}, key=UUID('2439ea4a-5276-4aa5-9300-3bac37b34797'), condition=None, blocking_facility=None)]. The order of those handlers is not defined and they will be executed in random order. This might lead to race conditions and potential bugs.
2025-11-07 15:17:46,386 : INFO : SwitchController : <<<<<<< 's_right_inlane' active >>>>>>>
2025-11-07 15:17:46,386 : INFO : EventManager : Event: ======'s_right_inlane_active'====== Args={}
2025-11-07 15:17:46,386 : INFO : EventManager : Event: ======'sw_playfield_active'====== Args={}
2025-11-07 15:17:46,386 : INFO : EventManager : Event: ======'machine_var_audits_switches_s_right_inlane'====== Args={'value': 27, 'prev_value': 26, 'change': 1}
2025-11-07 15:17:46,387 : INFO : EventManager : Event: ======'player_score'====== Args={'value': 330, 'prev_value': 230, 'change': 100, 'player_num': 1, 'source': 'base'}
2025-11-07 15:17:46,387 : INFO : EventManager : Unordered handler for class <Auditor> on event game_ended with priority 1. Handlers: [RegisteredHandler(callback=<bound method Auditor.disable of <Auditor>>, priority=1, kwargs={}, key=UUID('b7ff05b0-8631-44f0-955d-a6c8f77bc00e'), condition=None, blocking_facility=None), RegisteredHandler(callback=<bound method Auditor._save_audits of <Auditor>>, priority=1, kwargs={}, key=UUID('2439ea4a-5276-4aa5-9300-3bac37b34797'), condition=None, blocking_facility=None)]. The order of those handlers is not defined and they will be executed in random order. This might lead to race conditions and potential bugs.
2025-11-07 15:17:46,394 : INFO : EventManager : Unordered handler for class <Auditor> on event game_ended with priority 1. Handlers: [RegisteredHandler(callback=<bound method Auditor.disable of <Auditor>>, priority=1, kwargs={}, key=UUID('b7ff05b0-8631-44f0-955d-a6c8f77bc00e'), condition=None, blocking_facility=None), RegisteredHandler(callback=<bound method Auditor._save_audits of <Auditor>>, priority=1, kwargs={}, key=UUID('2439ea4a-5276-4aa5-9300-3bac37b34797'), condition=None, blocking_facility=None)]. The order of those handlers is not defined and they will be executed in random order. This might lead to race conditions and potential bugs.
2025-11-07 15:17:46,448 : INFO : SwitchController : <<<<<<< 's_right_inlane' inactive >>>>>>>
2025-11-07 15:17:46,976 : INFO : EventManager : Event: ======'blink_on'====== Args={'priority': 0}
2025-11-07 15:17:47,273 : INFO : EventManager : Event: ======'play_subsequentball'====== Args={'priority': 0}
2025-11-07 15:17:47,273 : INFO : EventManager : Event: ======'zombie3'====== Args={'priority': 0}
2025-11-07 15:17:47,273 : INFO : EventManager : Event: ======'zombie_moan_3'====== Args={'priority': 0}
2025-11-07 15:17:47,273 : INFO : EventManager : Event: ======'subsequentball'====== Args={'priority': 0}
2025-11-07 15:17:47,413 : INFO : SwitchController : <<<<<<< 's_trough' active >>>>>>>
2025-11-07 15:17:47,413 : INFO : EventManager : Event: ======'machine_var_audits_switches_s_trough'====== Args={'value': 537, 'prev_value': 536, 'change': 1}
2025-11-07 15:17:47,459 : INFO : SwitchController : <<<<<<< 's_trough' inactive >>>>>>>
2025-11-07 15:17:47,506 : INFO : SwitchController : <<<<<<< 's_trough' active >>>>>>>
2025-11-07 15:17:47,506 : INFO : EventManager : Event: ======'machine_var_audits_switches_s_trough'====== Args={'value': 538, 'prev_value': 537, 'change': 1}
2025-11-07 15:17:47,566 : INFO : EventManager : Event: ======'blink_off'====== Args={'priority': 0}
2025-11-07 15:17:47,566 : INFO : EventManager : Unordered handler for class <Auditor> on event game_ended with priority 1. Handlers: [RegisteredHandler(callback=<bound method Auditor.disable of <Auditor>>, priority=1, kwargs={}, key=UUID('b7ff05b0-8631-44f0-955d-a6c8f77bc00e'), condition=None, blocking_facility=None), RegisteredHandler(callback=<bound method Auditor._save_audits of <Auditor>>, priority=1, kwargs={}, key=UUID('2439ea4a-5276-4aa5-9300-3bac37b34797'), condition=None, blocking_facility=None)]. The order of those handlers is not defined and they will be executed in random order. This might lead to race conditions and potential bugs.
2025-11-07 15:17:48,017 : INFO : EventManager : Event: ======'balldevice_bd_trough_ball_count_changed'====== Args={'balls': 1}
2025-11-07 15:17:48,017 : INFO : ball_device.bd_trough : Received unexpected ball
2025-11-07 15:17:48,017 : INFO : EventManager : Event: ======'balldevice_captured_from_playfield'====== Args={'balls': 1}
2025-11-07 15:17:48,017 : INFO : EventManager : Event: ======'sw_playfield_active'====== Args={'balls': 1}
2025-11-07 15:17:48,017 : INFO : EventManager : Event: ======'playfield_ball_count_change'====== Args={'balls': 0, 'change': -1}
2025-11-07 15:17:48,018 : INFO : EventManager : Event: ======'balldevice_bd_trough_ball_enter'====== Args={'new_balls': 1, 'unclaimed_balls': 1, 'new_available_balls': 1, 'device': <ball_device.bd_trough>}
2025-11-07 15:17:48,018 : INFO : EventManager : Event: ======'ball_drain'====== Args={'device': <ball_device.bd_trough>, 'balls': 1}
2025-11-07 15:17:48,019 : INFO : EventManager : Event: ======'ball_will_end'====== Args={}
2025-11-07 15:17:48,019 : INFO : EventManager : Event: ======'balldevice_balls_available'====== Args={}
2025-11-07 15:17:48,019 : INFO : EventManager : Event: ======'balldevice_bd_trough_ball_entered'====== Args={'new_balls': 1, 'device': <ball_device.bd_trough>}
2025-11-07 15:17:48,019 : INFO : EventManager : Event: ======'mode_music_ball_2plus_will_stop'====== Args={}
2025-11-07 15:17:48,019 : INFO : EventManager : Event: ======'mode_music_ball_2plus_stopping'====== Args={}
2025-11-07 15:17:48,020 : INFO : Mode.music_ball_2plus : Stopped.
2025-11-07 15:17:48,020 : INFO : EventManager : Event: ======'modes_active_modes_changed'====== Args={}
2025-11-07 15:17:48,020 : INFO : EventManager : Event: ======'mode_music_ball_2plus_stopped'====== Args={}
2025-11-07 15:17:48,020 : INFO : EventManager : Event: ======'clear'====== Args={'key': 'music_ball_2plus'}
2025-11-07 15:17:48,021 : INFO : EventManager : Event: ======'ball_ending'====== Args={}
2025-11-07 15:17:48,034 : INFO : EventManager : Event: ======'mode_base_will_stop'====== Args={}
2025-11-07 15:17:48,034 : INFO : EventManager : Event: ======'mode_base_stopping'====== Args={}
2025-11-07 15:17:48,036 : INFO : EventManager : Event: ======'godot_stop_base'====== Args={'priority': 0}
2025-11-07 15:17:48,036 : INFO : Mode.base : Stopped.
2025-11-07 15:17:48,036 : INFO : EventManager : Event: ======'modes_active_modes_changed'====== Args={}
2025-11-07 15:17:48,037 : INFO : EventManager : Event: ======'mode_base_stopped'====== Args={}
2025-11-07 15:17:48,037 : INFO : EventManager : Event: ======'clear'====== Args={'key': 'base'}
2025-11-07 15:17:48,048 : INFO : EventManager : Event: ======'ball_ended'====== Args={}
2025-11-07 15:17:48,049 : INFO : EventManager : Event: ======'player_turn_will_end'====== Args={'player': <Player 1>, 'number': 1}
2025-11-07 15:17:48,053 : INFO : EventManager : Event: ======'player_turn_ending'====== Args={'player': <Player 1>, 'number': 1}
2025-11-07 15:17:48,054 : INFO : EventManager : Event: ======'player_turn_ended'====== Args={'player': <Player 1>, 'number': 1}
2025-11-07 15:17:48,054 : INFO : EventManager : Event: ======'player_turn_will_start'====== Args={'player': <Player 1>, 'number': 1}
2025-11-07 15:17:48,054 : INFO : EventManager : Event: ======'player_turn_starting'====== Args={'player': <Player 1>, 'number': 1}
2025-11-07 15:17:48,055 : INFO : EventManager : Event: ======'player_ball'====== Args={'value': 3, 'prev_value': 2, 'change': 1, 'player_num': 1}
2025-11-07 15:17:48,055 : INFO : EventManager : Event: ======'player_turn_started'====== Args={'player': <Player 1>, 'number': 1}
2025-11-07 15:17:48,057 : INFO : EventManager : Event: ======'ball_will_start'====== Args={'player': 1, 'ball': 3, 'balls_remaining': 0, 'is_extra_ball': False}
2025-11-07 15:17:48,060 : INFO : EventManager : Event: ======'ball_starting'====== Args={'player': 1, 'ball': 3, 'balls_remaining': 0, 'is_extra_ball': False}
2025-11-07 15:17:48,061 : INFO : EventManager : Event: ======'mode_base_will_start'====== Args={'queue': <QueuedEvent>, 'player': 1, 'ball': 3, 'balls_remaining': 0, 'is_extra_ball': False}
2025-11-07 15:17:48,061 : INFO : EventManager : Unordered handler for class <Auditor> on event game_ended with priority 1. Handlers: [RegisteredHandler(callback=<bound method Auditor.disable of <Auditor>>, priority=1, kwargs={}, key=UUID('b7ff05b0-8631-44f0-955d-a6c8f77bc00e'), condition=None, blocking_facility=None), RegisteredHandler(callback=<bound method Auditor._save_audits of <Auditor>>, priority=1, kwargs={}, key=UUID('2439ea4a-5276-4aa5-9300-3bac37b34797'), condition=None, blocking_facility=None)]. The order of those handlers is not defined and they will be executed in random order. This might lead to race conditions and potential bugs.
2025-11-07 15:17:48,062 : INFO : EventManager : Unordered handler for class <Auditor> on event game_ended with priority 1. Handlers: [RegisteredHandler(callback=<bound method Auditor.disable of <Auditor>>, priority=1, kwargs={}, key=UUID('b7ff05b0-8631-44f0-955d-a6c8f77bc00e'), condition=None, blocking_facility=None), RegisteredHandler(callback=<bound method Auditor._save_audits of <Auditor>>, priority=1, kwargs={}, key=UUID('2439ea4a-5276-4aa5-9300-3bac37b34797'), condition=None, blocking_facility=None)]. The order of those handlers is not defined and they will be executed in random order. This might lead to race conditions and potential bugs.
2025-11-07 15:17:48,065 : INFO : EventManager : Event: ======'mode_base_starting'====== Args={'queue': <QueuedEvent>, 'player': 1, 'ball': 3, 'balls_remaining': 0, 'is_extra_ball': False}
2025-11-07 15:17:48,066 : INFO : drop_target_bank.right_bank : All targets are already up. Will not reset bank.
2025-11-07 15:17:48,066 : INFO : drop_target_bank.left_bank : All targets are already up. Will not reset bank.
2025-11-07 15:17:48,066 : INFO : EventManager : Event: ======'balls_in_play'====== Args={'balls': 1}
2025-11-07 15:17:48,067 : INFO : EventManager : Event: ======'ball_started'====== Args={'player': 1, 'ball': 3, 'balls_remaining': 0, 'is_extra_ball': False}
2025-11-07 15:17:48,067 : INFO : EventManager : Event: ======'logicblock_eg_pop_counter_updated'====== Args={'value': 0, 'enabled': True}
2025-11-07 15:17:48,067 : INFO : EventManager : Event: ======'logicblock_eg_pop_counter_updated'====== Args={'value': 0, 'enabled': True}
2025-11-07 15:17:48,067 : INFO : Mode.base : Started. Priority: 50
2025-11-07 15:17:48,067 : INFO : EventManager : Event: ======'modes_active_modes_changed'====== Args={}
2025-11-07 15:17:48,067 : INFO : EventManager : Event: ======'mode_base_started'====== Args={'queue': <QueuedEvent>, 'player': 1, 'ball': 3, 'balls_remaining': 0, 'is_extra_ball': False}
2025-11-07 15:17:48,067 : INFO : EventManager : Event: ======'mode_music_ball_2plus_will_start'====== Args={'player': 1, 'ball': 3, 'balls_remaining': 0, 'is_extra_ball': False}
2025-11-07 15:17:48,067 : INFO : EventManager : Unordered handler for class <Auditor> on event game_ended with priority 1. Handlers: [RegisteredHandler(callback=<bound method Auditor.disable of <Auditor>>, priority=1, kwargs={}, key=UUID('b7ff05b0-8631-44f0-955d-a6c8f77bc00e'), condition=None, blocking_facility=None), RegisteredHandler(callback=<bound method Auditor._save_audits of <Auditor>>, priority=1, kwargs={}, key=UUID('2439ea4a-5276-4aa5-9300-3bac37b34797'), condition=None, blocking_facility=None)]. The order of those handlers is not defined and they will be executed in random order. This might lead to race conditions and potential bugs.
2025-11-07 15:17:48,068 : INFO : EventManager : Event: ======'mode_music_ball_2plus_starting'====== Args={'player': 1, 'ball': 3, 'balls_remaining': 0, 'is_extra_ball': False}
2025-11-07 15:17:48,068 : INFO : EventManager : Event: ======'logicblock_eg_pop_counter_updated'====== Args={'value': 0, 'enabled': True}
2025-11-07 15:17:48,068 : INFO : EventManager : Event: ======'start_subsequent_loop'====== Args={'priority': 0}
2025-11-07 15:17:48,069 : INFO : EventManager : Unordered handler for class <Auditor> on event game_ended with priority 1. Handlers: [RegisteredHandler(callback=<bound method Auditor.disable of <Auditor>>, priority=1, kwargs={}, key=UUID('b7ff05b0-8631-44f0-955d-a6c8f77bc00e'), condition=None, blocking_facility=None), RegisteredHandler(callback=<bound method Auditor._save_audits of <Auditor>>, priority=1, kwargs={}, key=UUID('2439ea4a-5276-4aa5-9300-3bac37b34797'), condition=None, blocking_facility=None)]. The order of those handlers is not defined and they will be executed in random order. This might lead to race conditions and potential bugs.
2025-11-07 15:17:48,070 : INFO : EventManager : Event: ======'subsequentball_trigger'====== Args={'priority': 0}
2025-11-07 15:17:48,070 : INFO : EventManager : Event: ======'zombie_moan_1'====== Args={'priority': 0}
2025-11-07 15:17:48,070 : INFO : EventManager : Event: ======'zombie1'====== Args={'priority': 0}
2025-11-07 15:17:48,071 : INFO : EventManager : Event: ======'stop_mode_attract'====== Args={'priority': 0}
2025-11-07 15:17:48,071 : INFO : EventManager : Event: ======'mode_attract_will_stop'====== Args={'priority': 0}
2025-11-07 15:17:48,071 : INFO : EventManager : Event: ======'godot_attract_off'====== Args={'priority': 0}
2025-11-07 15:17:48,071 : INFO : EventManager : Event: ======'godot_play_base'====== Args={'priority': 0}
2025-11-07 15:17:48,071 : INFO : EventManager : Event: ======'start_subsequent_loop'====== Args={'priority': 0}
2025-11-07 15:17:48,071 : INFO : EventManager : Event: ======'subsequentball_trigger'====== Args={'priority': 0}
2025-11-07 15:17:48,071 : INFO : EventManager : Event: ======'zombie_moan_1'====== Args={'priority': 0}
2025-11-07 15:17:48,071 : INFO : EventManager : Event: ======'zombie1'====== Args={'priority': 0}
2025-11-07 15:17:48,071 : INFO : Mode.music_ball_2plus : Started. Priority: 60
2025-11-07 15:17:48,071 : INFO : EventManager : Event: ======'modes_active_modes_changed'====== Args={}
2025-11-07 15:17:48,072 : INFO : EventManager : Event: ======'mode_music_ball_2plus_started'====== Args={'player': 1, 'ball': 3, 'balls_remaining': 0, 'is_extra_ball': False}
2025-11-07 15:17:48,073 : INFO : EventManager : Event: ======'single_player_ball_started'====== Args={}
2025-11-07 15:17:48,088 : INFO : EventManager : Event: ======'ball_start_target'====== Args={'target': 'playfield'}
2025-11-07 15:17:48,089 : INFO : ball_device.bd_trough : Setting up player-controlled eject. Balls: 1, Target: <playfield.playfield>, player_controlled_eject_event: None
2025-11-07 15:17:48,089 : INFO : ball_device.bd_trough : Adding 1 ball(s) to the eject_queue with target <playfield.playfield>.
2025-11-07 15:17:48,089 : INFO : EventManager : Event: ======'balldevice_balls_available'====== Args={}
2025-11-07 15:17:48,089 : INFO : ball_device.bd_trough : State: waiting_for_target_ready
2025-11-07 15:17:48,090 : INFO : EventManager : Event: ======'balldevice_bd_trough_ball_eject_attempt'====== Args={'balls': 1, 'target': <playfield.playfield>, 'source': <ball_device.bd_trough>, 'mechanical_eject': False, 'num_attempts': 0}
2025-11-07 15:17:48,090 : INFO : ball_device.bd_trough : State: ejecting
2025-11-07 15:17:48,090 : INFO : ball_device.bd_trough : Ejecting ball to <playfield.playfield>
2025-11-07 15:17:48,090 : INFO : EventManager : Event: ======'balldevice_bd_trough_ejecting_ball'====== Args={'balls': 1, 'target': <playfield.playfield>, 'source': <ball_device.bd_trough>, 'mechanical_eject': False, 'num_attempts': 0}
2025-11-07 15:17:48,091 : INFO : ball_device.bd_trough : Wait for ball to leave device
2025-11-07 15:17:48,091 : INFO : coil.c_trough_eject : Pulsing Driver for 40ms (1.0 pulse_power)
2025-11-07 15:17:48,106 : INFO : EventManager : Event: ======'slide_base_created'====== Args={'_from_bcp': True}
2025-11-07 15:17:48,106 : INFO : EventManager : Event: ======'slide_base_inactive'====== Args={'is_removing': True, '_from_bcp': True}
2025-11-07 15:17:48,106 : INFO : EventManager : Event: ======'slide_base_active'====== Args={'original_context': 'base', 'original_calling_context': 'mode_base_started', 'priority': 50.0, 'queue': '<QueuedEvent>', 'player': 1.0, 'ball': 3.0, 'balls_remaining': 0.0, 'is_extra_ball': False, 'cmd': 'slides_play', '_from_bcp': True}
2025-11-07 15:17:48,107 : INFO : EventManager : Event: ======'slide_base_removed'====== Args={'_from_bcp': True}
2025-11-07 15:17:48,141 : INFO : SwitchController : <<<<<<< 's_trough' inactive >>>>>>>
2025-11-07 15:17:48,147 : INFO : ball_device.bd_trough : State: ball_left
2025-11-07 15:17:48,147 : INFO : ball_device.bd_trough : Ball left
2025-11-07 15:17:48,147 : INFO : ball_device.bd_trough : Wait for confirm with timeout 10.0
2025-11-07 15:17:48,172 : INFO : EventManager : Event: ======'blink_on'====== Args={'priority': 0}
2025-11-07 15:17:48,778 : INFO : EventManager : Event: ======'blink_off'====== Args={'priority': 0}
2025-11-07 15:17:48,779 : INFO : EventManager : Unordered handler for class <Auditor> on event game_ended with priority 1. Handlers: [RegisteredHandler(callback=<bound method Auditor.disable of <Auditor>>, priority=1, kwargs={}, key=UUID('b7ff05b0-8631-44f0-955d-a6c8f77bc00e'), condition=None, blocking_facility=None), RegisteredHandler(callback=<bound method Auditor._save_audits of <Auditor>>, priority=1, kwargs={}, key=UUID('2439ea4a-5276-4aa5-9300-3bac37b34797'), condition=None, blocking_facility=None)]. The order of those handlers is not defined and they will be executed in random order. This might lead to race conditions and potential bugs.
2025-11-07 15:17:49,061 : INFO : EventManager : Event: ======'play_subsequentball'====== Args={'priority': 0}
2025-11-07 15:17:49,061 : INFO : EventManager : Event: ======'zombie3'====== Args={'priority': 0}
2025-11-07 15:17:49,061 : INFO : EventManager : Event: ======'zombie_moan_3'====== Args={'priority': 0}
2025-11-07 15:17:49,061 : INFO : EventManager : Event: ======'subsequentball'====== Args={'priority': 0}
2025-11-07 15:17:49,371 : INFO : EventManager : Event: ======'blink_on'====== Args={'priority': 0}
2025-11-07 15:17:49,573 : INFO : SwitchController : <<<<<<< 's_right_inlane' active >>>>>>>
2025-11-07 15:17:49,573 : INFO : EventManager : Event: ======'s_right_inlane_active'====== Args={}
2025-11-07 15:17:49,573 : INFO : EventManager : Event: ======'sw_playfield_active'====== Args={}
2025-11-07 15:17:49,573 : INFO : EventManager : Event: ======'machine_var_audits_switches_s_right_inlane'====== Args={'value': 28, 'prev_value': 27, 'change': 1}
2025-11-07 15:17:49,575 : INFO : EventManager : Event: ======'player_score'====== Args={'value': 430, 'prev_value': 330, 'change': 100, 'player_num': 1, 'source': 'base'}
2025-11-07 15:17:49,576 : INFO : EventManager : Event: ======'playfield_active'====== Args={'source': None}
2025-11-07 15:17:49,588 : INFO : ball_device.bd_trough : Got eject confirm
2025-11-07 15:17:49,588 : INFO : ball_device.bd_trough : Eject successful
2025-11-07 15:17:49,588 : INFO : EventManager : Event: ======'balldevice_bd_trough_ball_eject_success'====== Args={'balls': 1, 'target': <playfield.playfield>}
2025-11-07 15:17:49,588 : INFO : EventManager : Event: ======'balldevice_playfield_ball_enter'====== Args={'new_balls': 1, 'unclaimed_balls': 1, 'device': <playfield.playfield>}
2025-11-07 15:17:49,588 : INFO : EventManager : Event: ======'playfield_ball_count_change'====== Args={'balls': 1, 'change': 1}
2025-11-07 15:17:49,590 : INFO : EventManager : Event: ======'balldevice_bd_trough_ball_count_changed'====== Args={'balls': 0}
2025-11-07 15:17:49,590 : INFO : ball_device.bd_trough : State: idle
2025-11-07 15:17:49,700 : INFO : SwitchController : <<<<<<< 's_right_inlane' inactive >>>>>>>
2025-11-07 15:17:49,983 : INFO : EventManager : Event: ======'blink_off'====== Args={'priority': 0}
2025-11-07 15:17:49,983 : INFO : EventManager : Unordered handler for class <Auditor> on event game_ended with priority 1. Handlers: [RegisteredHandler(callback=<bound method Auditor.disable of <Auditor>>, priority=1, kwargs={}, key=UUID('b7ff05b0-8631-44f0-955d-a6c8f77bc00e'), condition=None, blocking_facility=None), RegisteredHandler(callback=<bound method Auditor._save_audits of <Auditor>>, priority=1, kwargs={}, key=UUID('2439ea4a-5276-4aa5-9300-3bac37b34797'), condition=None, blocking_facility=None)]. The order of those handlers is not defined and they will be executed in random order. This might lead to race conditions and potential bugs.
2025-11-07 15:17:50,571 : INFO : EventManager : Event: ======'blink_on'====== Args={'priority': 0}
2025-11-07 15:17:50,697 : INFO : SwitchController : <<<<<<< 's_trough' active >>>>>>>
2025-11-07 15:17:50,697 : INFO : EventManager : Event: ======'machine_var_audits_switches_s_trough'====== Args={'value': 539, 'prev_value': 538, 'change': 1}
2025-11-07 15:17:50,728 : INFO : SwitchController : <<<<<<< 's_trough' inactive >>>>>>>
2025-11-07 15:17:50,774 : INFO : SwitchController : <<<<<<< 's_trough' active >>>>>>>
2025-11-07 15:17:50,774 : INFO : EventManager : Event: ======'machine_var_audits_switches_s_trough'====== Args={'value': 540, 'prev_value': 539, 'change': 1}
2025-11-07 15:17:51,056 : INFO : EventManager : Event: ======'play_subsequentball'====== Args={'priority': 0}
2025-11-07 15:17:51,056 : INFO : EventManager : Event: ======'zombie3'====== Args={'priority': 0}
2025-11-07 15:17:51,056 : INFO : EventManager : Event: ======'zombie_moan_3'====== Args={'priority': 0}
2025-11-07 15:17:51,056 : INFO : EventManager : Event: ======'subsequentball'====== Args={'priority': 0}
2025-11-07 15:17:51,163 : INFO : EventManager : Event: ======'blink_off'====== Args={'priority': 0}
2025-11-07 15:17:51,163 : INFO : EventManager : Unordered handler for class <Auditor> on event game_ended with priority 1. Handlers: [RegisteredHandler(callback=<bound method Auditor.disable of <Auditor>>, priority=1, kwargs={}, key=UUID('b7ff05b0-8631-44f0-955d-a6c8f77bc00e'), condition=None, blocking_facility=None), RegisteredHandler(callback=<bound method Auditor._save_audits of <Auditor>>, priority=1, kwargs={}, key=UUID('2439ea4a-5276-4aa5-9300-3bac37b34797'), condition=None, blocking_facility=None)]. The order of those handlers is not defined and they will be executed in random order. This might lead to race conditions and potential bugs.
2025-11-07 15:17:51,271 : INFO : EventManager : Event: ======'balldevice_bd_trough_ball_count_changed'====== Args={'balls': 1}
2025-11-07 15:17:51,271 : INFO : ball_device.bd_trough : Received unexpected ball
2025-11-07 15:17:51,271 : INFO : EventManager : Event: ======'balldevice_captured_from_playfield'====== Args={'balls': 1}
2025-11-07 15:17:51,272 : INFO : EventManager : Event: ======'sw_playfield_active'====== Args={'balls': 1}
2025-11-07 15:17:51,272 : INFO : EventManager : Event: ======'playfield_ball_count_change'====== Args={'balls': 0, 'change': -1}
2025-11-07 15:17:51,272 : INFO : EventManager : Event: ======'balldevice_bd_trough_ball_enter'====== Args={'new_balls': 1, 'unclaimed_balls': 1, 'new_available_balls': 1, 'device': <ball_device.bd_trough>}
2025-11-07 15:17:51,272 : INFO : EventManager : Event: ======'ball_drain'====== Args={'device': <ball_device.bd_trough>, 'balls': 1}
2025-11-07 15:17:51,273 : INFO : EventManager : Event: ======'ball_will_end'====== Args={}
2025-11-07 15:17:51,273 : INFO : EventManager : Event: ======'balldevice_balls_available'====== Args={}
2025-11-07 15:17:51,273 : INFO : EventManager : Event: ======'balldevice_bd_trough_ball_entered'====== Args={'new_balls': 1, 'device': <ball_device.bd_trough>}
2025-11-07 15:17:51,273 : INFO : EventManager : Event: ======'mode_music_ball_2plus_will_stop'====== Args={}
2025-11-07 15:17:51,273 : INFO : EventManager : Event: ======'mode_music_ball_2plus_stopping'====== Args={}
2025-11-07 15:17:51,274 : INFO : Mode.music_ball_2plus : Stopped.
2025-11-07 15:17:51,274 : INFO : EventManager : Event: ======'modes_active_modes_changed'====== Args={}
2025-11-07 15:17:51,274 : INFO : EventManager : Event: ======'mode_music_ball_2plus_stopped'====== Args={}
2025-11-07 15:17:51,274 : INFO : EventManager : Event: ======'clear'====== Args={'key': 'music_ball_2plus'}
2025-11-07 15:17:51,275 : INFO : EventManager : Event: ======'ball_ending'====== Args={}
2025-11-07 15:17:51,289 : INFO : EventManager : Event: ======'mode_base_will_stop'====== Args={}
2025-11-07 15:17:51,289 : INFO : EventManager : Event: ======'mode_base_stopping'====== Args={}
2025-11-07 15:17:51,289 : INFO : EventManager : Event: ======'godot_stop_base'====== Args={'priority': 0}
2025-11-07 15:17:51,290 : INFO : Mode.base : Stopped.
2025-11-07 15:17:51,290 : INFO : EventManager : Event: ======'modes_active_modes_changed'====== Args={}
2025-11-07 15:17:51,291 : INFO : EventManager : Event: ======'mode_base_stopped'====== Args={}
2025-11-07 15:17:51,291 : INFO : EventManager : Event: ======'clear'====== Args={'key': 'base'}
2025-11-07 15:17:51,304 : INFO : EventManager : Event: ======'ball_ended'====== Args={}
2025-11-07 15:17:51,305 : INFO : EventManager : Event: ======'player_turn_will_end'====== Args={'player': <Player 1>, 'number': 1}
2025-11-07 15:17:51,310 : INFO : EventManager : Event: ======'player_turn_ending'====== Args={'player': <Player 1>, 'number': 1}
2025-11-07 15:17:51,310 : INFO : EventManager : Event: ======'player_turn_ended'====== Args={'player': <Player 1>, 'number': 1}
2025-11-07 15:17:51,310 : INFO : EventManager : Event: ======'game_will_end'====== Args={}
2025-11-07 15:17:51,310 : INFO : EventManager : Event: ======'game_ending'====== Args={}
2025-11-07 15:17:51,311 : INFO : EventManager : Event: ======'machine_var_player1_score'====== Args={'value': 430, 'prev_value': 2100, 'change': -1670}
2025-11-07 15:17:51,311 : INFO : EventManager : Event: ======'game_ended'====== Args={}
2025-11-07 15:17:51,312 : INFO : EventManager : Event: ======'mode_game_will_stop'====== Args={}
2025-11-07 15:17:51,312 : INFO : EventManager : Event: ======'mode_game_stopping'====== Args={}
2025-11-07 15:17:51,312 : INFO : EventManager : Event: ======'mode_attract_will_start'====== Args={}
2025-11-07 15:17:51,313 : INFO : EventManager : Event: ======'mode_attract_starting'====== Args={}
2025-11-07 15:17:51,315 : INFO : Mode.attract : Started. Priority: 10
2025-11-07 15:17:51,315 : INFO : EventManager : Event: ======'modes_active_modes_changed'====== Args={}
2025-11-07 15:17:51,315 : INFO : EventManager : Event: ======'mode_attract_started'====== Args={}
2025-11-07 15:17:51,316 : INFO : EventManager : Event: ======'godot_attract_on'====== Args={'priority': 0}
2025-11-07 15:17:51,316 : INFO : EventManager : Event: ======'collecting_balls_complete'====== Args={}
2025-11-07 15:17:51,330 : INFO : Mode.game : Stopped.
2025-11-07 15:17:51,330 : INFO : EventManager : Event: ======'modes_active_modes_changed'====== Args={}
2025-11-07 15:17:51,330 : INFO : EventManager : Event: ======'mode_game_stopped'====== Args={}
2025-11-07 15:17:51,330 : INFO : EventManager : Event: ======'clear'====== Args={'key': 'game'}
2025-11-07 15:17:51,357 : INFO : EventManager : Event: ======'slide_attract_created'====== Args={'_from_bcp': True}
2025-11-07 15:17:51,357 : INFO : EventManager : Event: ======'slide_base_inactive'====== Args={'is_removing': True, '_from_bcp': True}
2025-11-07 15:17:51,357 : INFO : EventManager : Event: ======'slide_attract_active'====== Args={'original_context': 'attract', 'original_calling_context': 'mode_attract_started', 'priority': 10.0, 'cmd': 'slides_play', '_from_bcp': True}
2025-11-07 15:17:51,357 : INFO : EventManager : Event: ======'slide_base_removed'====== Args={'_from_bcp': True}
2025-11-07 15:17:53,313 : INFO : EventManager : Event: ======'attract_wave_complete'====== Args={'priority': 0}
2025-11-07 15:17:53,700 : INFO : EventManager : Event: ======'attract_pulse_complete'====== Args={'priority': 0}
2025-11-07 15:17:54,103 : INFO : EventManager : Event: ======'attract_pulse_complete'====== Args={'priority': 0}
2025-11-07 15:17:56,111 : INFO : EventManager : Event: ======'attract_wave_complete'====== Args={'priority': 0}
2025-11-07 15:17:56,512 : INFO : EventManager : Event: ======'attract_pulse_complete'====== Args={'priority': 0}
2025-11-07 15:17:56,917 : INFO : EventManager : Event: ======'attract_pulse_complete'====== Args={'priority': 0}
2025-11-07 15:17:58,903 : INFO : EventManager : Event: ======'attract_wave_complete'====== Args={'priority': 0}
2025-11-07 15:17:59,293 : INFO : EventManager : Event: ======'attract_pulse_complete'====== Args={'priority': 0}
2025-11-07 15:17:59,699 : INFO : EventManager : Event: ======'attract_pulse_complete'====== Args={'priority': 0}
2025-11-07 15:18:00,303 : INFO : Machine : Shutting down...
2025-11-07 15:18:00,304 : INFO : EventManager : Event: ======'shutdown'====== Args={}
2025-11-07 15:18:00,381 : ERROR : asyncio : Exception in callback RunningShow._run_next_step()
handle: <TimerHandle when=1826891.6210000007 RunningShow._run_next_step()>
Traceback (most recent call last):
  File "C:\Users\antho\AppData\Local\Programs\Python\Python312\Lib\asyncio\events.py", line 88, in _run
    self._context.run(self._callback, *self._args)
  File "C:\Users\antho\mpf\Lib\site-packages\mpf\assets\show.py", line 690, in _run_next_step
    player.show_play_callback(
  File "C:\Users\antho\mpf\Lib\site-packages\mpf\core\config_player.py", line 365, in show_play_callback
    self.play(settings=settings, priority=priority, calling_context=calling_context,
  File "C:\Users\antho\mpf\Lib\site-packages\mpf\config_players\light_player.py", line 43, in play
    self._light_color(light, instance_dict, full_context, s['color'], s["fade"], final_priority, start_time)
  File "C:\Users\antho\mpf\Lib\site-packages\mpf\config_players\light_player.py", line 103, in _light_color
    light.color(color, key=full_context, fade_ms=fade_ms, priority=priority, start_time=start_time)
  File "C:\Users\antho\mpf\Lib\site-packages\mpf\devices\light.py", line 414, in color
    self._schedule_update()
  File "C:\Users\antho\mpf\Lib\site-packages\mpf\devices\light.py", line 657, in _schedule_update
    driver.set_fade(start_brightness, start_time, target_brightness, target_time)
  File "C:\Users\antho\mpf\Lib\site-packages\mpf\platforms\interfaces\light_platform_interface.py", line 98, in set_fade
    self.set_brightness_and_fade(target_brightness, max(fade_ms, 0))
  File "C:\Users\antho\mpf\Lib\site-packages\mpf\platforms\interfaces\light_platform_interface.py", line 160, in set_brightness_and_fade
    self.set_brightness(brightness)
  File "C:\Users\antho\mpf\Lib\site-packages\mpf\platforms\lisy\lisy.py", line 123, in set_brightness
    self.platform.send_byte(LisyDefines.LampsSetLampOn, bytes([self.number]))
  File "C:\Users\antho\mpf\Lib\site-packages\mpf\platforms\lisy\lisy.py", line 783, in send_byte
    assert self._writer is not None
           ^^^^^^^^^^^^^^^^^^^^^^^^
AssertionError
2025-11-07 15:18:00,478 : INFO : root : MPF run loop ended.
