2025-11-05 17:11:28,059 : INFO : root : Loading config.
2025-11-05 17:11:28,065 : INFO : YamlMultifileConfigLoader : Machine config file #1: config.yaml
2025-11-05 17:11:28,065 : INFO : ConfigProcessor : Loading config from cache: C:\Users\antho\AppData\Local\Temp\fdca14d0c9d658ab8200d57120800af5.mpf_cache
2025-11-05 17:11:28,206 : INFO : ConfigProcessor : Loading config from cache: C:\Users\antho\AppData\Local\Temp\5dec96b1547c4adf5bdd3d1715e74bc0.mpf_cache
2025-11-05 17:11:28,207 : INFO : ConfigProcessor : Loading config from cache: C:\Users\antho\AppData\Local\Temp\202a5840610e95051f9f473dfa660cc0.mpf_cache
2025-11-05 17:11:28,208 : INFO : ConfigProcessor : Loading config from cache: C:\Users\antho\AppData\Local\Temp\5dec96b1547c4adf5bdd3d1715e74bc0.mpf_cache
2025-11-05 17:11:28,208 : WARNING : ConfigProcessor : Config file in cache changed: C:\Users\antho\nightpin\modes\base\config\base.yaml
2025-11-05 17:11:28,208 : INFO : ConfigProcessor : Loading config from file C:\Users\antho\nightpin\modes\base\config\base.yaml.
2025-11-05 17:11:28,218 : INFO : ConfigProcessor : Loading config: C:\Users\antho\nightpin\modes\base\config\base.yaml
2025-11-05 17:11:28,218 : ERROR : ConfigProcessor : Config section 'slides' is removed in MPF 0.80 and will be ignored.
2025-11-05 17:11:28,219 : INFO : ConfigProcessor : Config file cache created: C:\Users\antho\AppData\Local\Temp\2cd13a2d3f375e00ab01d6d09a85d8e7.mpf_cache
2025-11-05 17:11:28,219 : INFO : ConfigProcessor : Loading config from cache: C:\Users\antho\AppData\Local\Temp\9220b44b97b91972524500b81035d790.mpf_cache
2025-11-05 17:11:28,221 : INFO : ConfigProcessor : Loading config from cache: C:\Users\antho\AppData\Local\Temp\aa919e501ed8450b10d3bb8e37574ac5.mpf_cache
2025-11-05 17:11:28,222 : INFO : ConfigProcessor : Loading config from cache: C:\Users\antho\AppData\Local\Temp\31ee881584fa6fce665a672a4f3f633a.mpf_cache
2025-11-05 17:11:28,223 : INFO : ConfigProcessor : Loading config from cache: C:\Users\antho\AppData\Local\Temp\5e841763ec73085bbf92358fe6afda21.mpf_cache
2025-11-05 17:11:28,224 : INFO : ConfigProcessor : Loading config from cache: C:\Users\antho\AppData\Local\Temp\7f73d12aa9beccac1cbd8c265ccda72e.mpf_cache
2025-11-05 17:11:28,224 : INFO : ConfigProcessor : Loading config from cache: C:\Users\antho\AppData\Local\Temp\a03ebaa9d6d5676c418deb142cb34911.mpf_cache
2025-11-05 17:11:28,225 : INFO : ConfigProcessor : Loading config from cache: C:\Users\antho\AppData\Local\Temp\b17152efa55a24f0424602723f8d3921.mpf_cache
2025-11-05 17:11:28,225 : INFO : ConfigProcessor : Loading config from cache: C:\Users\antho\AppData\Local\Temp\e87fc0e7d2f8a851b5fa3f604e0d0c6e.mpf_cache
2025-11-05 17:11:28,226 : INFO : ConfigProcessor : Loading config from cache: C:\Users\antho\AppData\Local\Temp\196ac76b6cab3a9880804c826cfbcb5c.mpf_cache
2025-11-05 17:11:28,227 : INFO : ConfigProcessor : Loading config from cache: C:\Users\antho\AppData\Local\Temp\55437eb303afaa980597ff60f339a871.mpf_cache
2025-11-05 17:11:28,227 : INFO : ConfigProcessor : Loading config from cache: C:\Users\antho\AppData\Local\Temp\fddc1006228d3387e6d1e46051a3638d.mpf_cache
2025-11-05 17:11:28,228 : INFO : ConfigProcessor : Loading config from cache: C:\Users\antho\AppData\Local\Temp\834292dd7853e12a66732dc89828c828.mpf_cache
2025-11-05 17:11:28,229 : INFO : ConfigProcessor : Loading config from cache: C:\Users\antho\AppData\Local\Temp\46f8fa3e41dfeeb8232af2f03a13b6c4.mpf_cache
2025-11-05 17:11:28,229 : INFO : ConfigProcessor : Loading config from cache: C:\Users\antho\AppData\Local\Temp\c67e9c175da6c060302945929b27b878.mpf_cache
2025-11-05 17:11:28,230 : INFO : Machine : Mission Pinball Framework Core Engine v0.80.0.dev11
2025-11-05 17:11:28,230 : INFO : Machine : Command line arguments: {'no_load_cache': False, 'create_config_cache': True, 'bcp': True, 'configfile': ['config.yaml'], 'force_assets_load': False, 'platform_integration_test': False, 'jsonlogging': False, 'logfile': 'logs\\2025-11-05-17-11-28-mpf-LAPTOP-MPGP6R69.log', 'pause': False, 'production': False, 'text_ui': True, 'loglevel': 15, 'consoleloglevel': 20, 'force_platform': None, 'syslog_address': None, 'full_logfile_path': 'C:\\Users\\antho\\nightpin\\logs\\2025-11-05-17-11-28-mpf-LAPTOP-MPGP6R69.log'}
2025-11-05 17:11:28,230 : INFO : Machine : MPF path: C:\Users\antho\mpf\Lib\site-packages\mpf
2025-11-05 17:11:28,230 : INFO : Machine : Machine path: C:\Users\antho\nightpin
2025-11-05 17:11:28,230 : INFO : Machine : Platform: win32
2025-11-05 17:11:28,230 : INFO : Machine : Python executable location: C:\Users\antho\mpf\Scripts\python.exe
2025-11-05 17:11:28,230 : INFO : Machine : Python version: 3.12.7 (64-bit)
2025-11-05 17:11:28,233 : INFO : Machine : Initializing MPF...
2025-11-05 17:11:28,510 : INFO : lisy : Connecting to com3 at 115200bps
2025-11-05 17:11:28,511 : WARNING : lisy : Could not import terminos (this is ok on windows).
2025-11-05 17:11:28,678 : INFO : EventManager : Event: ======'machine_var_lisy_hardware'====== Args={'value': 'LISY35', 'prev_value': None, 'change': True}
2025-11-05 17:11:28,678 : INFO : EventManager : Event: ======'machine_var_lisy_version'====== Args={'value': '5.26 ', 'prev_value': None, 'change': True}
2025-11-05 17:11:28,678 : INFO : EventManager : Event: ======'machine_var_lisy_api_version'====== Args={'value': b'0.09', 'prev_value': None, 'change': True}
2025-11-05 17:11:29,997 : INFO : EventManager : Event: ======'machine_var_credits_string'====== Args={'value': 'FREE PLAY', 'prev_value': None, 'change': True}
2025-11-05 17:11:30,031 : INFO : EventManager : Event: ======'machine_var_master_volume'====== Args={'value': 0.5, 'prev_value': None, 'change': True}
2025-11-05 17:11:30,032 : INFO : EventManager : Event: ======'machine_var_player1_score'====== Args={'value': 2200, 'prev_value': None, 'change': True}
2025-11-05 17:11:30,032 : INFO : EventManager : Event: ======'machine_var_player2_score'====== Args={'value': 1200, 'prev_value': None, 'change': True}
2025-11-05 17:11:30,032 : INFO : EventManager : Event: ======'machine_var_mpf_version'====== Args={'value': 'Mission Pinball Framework v0.80.0.dev11', 'prev_value': None, 'change': True}
2025-11-05 17:11:30,032 : INFO : EventManager : Event: ======'machine_var_mpf_extended_version'====== Args={'value': 'Mission Pinball Framework v0.80.0.dev11, Config version:6, Show version: 6, BCP version:1.1', 'prev_value': None, 'change': True}
2025-11-05 17:11:30,032 : INFO : EventManager : Event: ======'machine_var_python_version'====== Args={'value': '3.12.7', 'prev_value': None, 'change': True}
2025-11-05 17:11:30,167 : INFO : EventManager : Event: ======'machine_var_platform'====== Args={'value': 'Windows-11-10.0.26100-SP0', 'prev_value': None, 'change': True}
2025-11-05 17:11:30,167 : INFO : EventManager : Event: ======'machine_var_platform_system'====== Args={'value': 'Windows', 'prev_value': None, 'change': True}
2025-11-05 17:11:30,167 : INFO : EventManager : Event: ======'machine_var_platform_release'====== Args={'value': '11', 'prev_value': None, 'change': True}
2025-11-05 17:11:30,167 : INFO : EventManager : Event: ======'machine_var_platform_version'====== Args={'value': '10.0.26100', 'prev_value': None, 'change': True}
2025-11-05 17:11:30,167 : INFO : EventManager : Event: ======'machine_var_platform_machine'====== Args={'value': 'AMD64', 'prev_value': None, 'change': True}
2025-11-05 17:11:30,167 : INFO : EventManager : Event: ======'machine_var_log_file_path'====== Args={'value': 'C:\\Users\\antho\\nightpin\\logs\\2025-11-05-17-11-28-mpf-LAPTOP-MPGP6R69.log', 'prev_value': None, 'change': True}
2025-11-05 17:11:30,167 : INFO : EventManager : Event: ======'init_phase_1'====== Args={}
2025-11-05 17:11:30,208 : INFO : EventManager : Event: ======'drop_target_bank_right_bank_up'====== Args={}
2025-11-05 17:11:30,208 : INFO : EventManager : Event: ======'drop_target_bank_left_bank_up'====== Args={}
2025-11-05 17:11:30,285 : INFO : EventManager : Event: ======'init_phase_2'====== Args={}
2025-11-05 17:11:30,294 : INFO : EventManager : Event: ======'bcp_connection_attempt'====== Args={'name': 'local_display', 'host': 'localhost', 'port': 5050}
2025-11-05 17:11:30,296 : INFO : BCPClientSocket : Connecting BCP to 'local_display' at localhost:5050...
2025-11-05 17:11:30,313 : INFO : BCPClientSocket : Connected BCP to 'local_display' localhost:5050
2025-11-05 17:11:30,314 : INFO : EventManager : Event: ======'bcp_clients_connected'====== Args={}
2025-11-05 17:11:30,421 : INFO : ball_device.bd_trough : BCH: Initial count: 0
2025-11-05 17:11:30,455 : INFO : ball_device.bd_trough : State: idle
2025-11-05 17:11:30,456 : INFO : ball_device.bd_saucer : BCH: Initial count: 0
2025-11-05 17:11:30,456 : INFO : ball_device.bd_saucer : State: idle
2025-11-05 17:11:30,481 : INFO : EventManager : Event: ======'init_phase_3'====== Args={}
2025-11-05 17:11:30,487 : INFO : EventManager : Event: ======'init_phase_4'====== Args={}
2025-11-05 17:11:30,488 : INFO : BallController : Initial balls found: 0
2025-11-05 17:11:30,490 : INFO : EventManager : Event: ======'machine_var_audits_events_game_ended'====== Args={'value': 17, 'prev_value': None, 'change': True}
2025-11-05 17:11:30,490 : INFO : EventManager : Event: ======'machine_var_audits_events_game_started'====== Args={'value': 97, 'prev_value': None, 'change': True}
2025-11-05 17:11:30,490 : INFO : EventManager : Event: ======'machine_var_audits_missing_switches_s_coin_right'====== Args={'value': 96, 'prev_value': None, 'change': True}
2025-11-05 17:11:30,490 : INFO : EventManager : Event: ======'machine_var_audits_missing_switches_s_credit_button'====== Args={'value': 69, 'prev_value': None, 'change': True}
2025-11-05 17:11:30,490 : INFO : EventManager : Event: ======'machine_var_audits_missing_switches_s_inlanes'====== Args={'value': 12, 'prev_value': None, 'change': True}
2025-11-05 17:11:30,490 : INFO : EventManager : Event: ======'machine_var_audits_missing_switches_s_left_bank_target_left'====== Args={'value': 17, 'prev_value': None, 'change': True}
2025-11-05 17:11:30,490 : INFO : EventManager : Event: ======'machine_var_audits_missing_switches_s_left_bank_target_middle'====== Args={'value': 20, 'prev_value': None, 'change': True}
2025-11-05 17:11:30,490 : INFO : EventManager : Event: ======'machine_var_audits_missing_switches_s_left_bank_target_right'====== Args={'value': 17, 'prev_value': None, 'change': True}
2025-11-05 17:11:30,490 : INFO : EventManager : Event: ======'machine_var_audits_missing_switches_s_left_lower_bumper'====== Args={'value': 5, 'prev_value': None, 'change': True}
2025-11-05 17:11:30,490 : INFO : EventManager : Event: ======'machine_var_audits_missing_switches_s_left_outlane_rollover'====== Args={'value': 23, 'prev_value': None, 'change': True}
2025-11-05 17:11:30,490 : INFO : EventManager : Event: ======'machine_var_audits_missing_switches_s_left_pop_bumper'====== Args={'value': 3, 'prev_value': None, 'change': True}
2025-11-05 17:11:30,490 : INFO : EventManager : Event: ======'machine_var_audits_missing_switches_s_left_rollover'====== Args={'value': 3, 'prev_value': None, 'change': True}
2025-11-05 17:11:30,491 : INFO : EventManager : Event: ======'machine_var_audits_missing_switches_s_left_skill_lane'====== Args={'value': 2, 'prev_value': None, 'change': True}
2025-11-05 17:11:30,491 : INFO : EventManager : Event: ======'machine_var_audits_missing_switches_s_left_sling'====== Args={'value': 3, 'prev_value': None, 'change': True}
2025-11-05 17:11:30,491 : INFO : EventManager : Event: ======'machine_var_audits_missing_switches_s_left_upper_bumper'====== Args={'value': 10, 'prev_value': None, 'change': True}
2025-11-05 17:11:30,491 : INFO : EventManager : Event: ======'machine_var_audits_missing_switches_s_middle_pop_bumper'====== Args={'value': 1, 'prev_value': None, 'change': True}
2025-11-05 17:11:30,491 : INFO : EventManager : Event: ======'machine_var_audits_missing_switches_s_middle_rollover'====== Args={'value': 1, 'prev_value': None, 'change': True}
2025-11-05 17:11:30,491 : INFO : EventManager : Event: ======'machine_var_audits_missing_switches_s_middle_skill_lane'====== Args={'value': 2, 'prev_value': None, 'change': True}
2025-11-05 17:11:30,491 : INFO : EventManager : Event: ======'machine_var_audits_missing_switches_s_middle_upper_rollovers'====== Args={'value': 5, 'prev_value': None, 'change': True}
2025-11-05 17:11:30,491 : INFO : EventManager : Event: ======'machine_var_audits_missing_switches_s_outer_skill_lanes'====== Args={'value': 1, 'prev_value': None, 'change': True}
2025-11-05 17:11:30,491 : INFO : EventManager : Event: ======'machine_var_audits_missing_switches_s_right_bank_target_middle'====== Args={'value': 10, 'prev_value': None, 'change': True}
2025-11-05 17:11:30,491 : INFO : EventManager : Event: ======'machine_var_audits_missing_switches_s_right_bank_target_right'====== Args={'value': 10, 'prev_value': None, 'change': True}
2025-11-05 17:11:30,491 : INFO : EventManager : Event: ======'machine_var_audits_missing_switches_s_right_outlane_rollover'====== Args={'value': 40, 'prev_value': None, 'change': True}
2025-11-05 17:11:30,491 : INFO : EventManager : Event: ======'machine_var_audits_missing_switches_s_right_pop_bumper'====== Args={'value': 3, 'prev_value': None, 'change': True}
2025-11-05 17:11:30,491 : INFO : EventManager : Event: ======'machine_var_audits_missing_switches_s_right_rollover'====== Args={'value': 12, 'prev_value': None, 'change': True}
2025-11-05 17:11:30,492 : INFO : EventManager : Event: ======'machine_var_audits_missing_switches_s_right_skill_lane'====== Args={'value': 3, 'prev_value': None, 'change': True}
2025-11-05 17:11:30,492 : INFO : EventManager : Event: ======'machine_var_audits_missing_switches_s_right_sling'====== Args={'value': 18, 'prev_value': None, 'change': True}
2025-11-05 17:11:30,492 : INFO : EventManager : Event: ======'machine_var_audits_missing_switches_s_rollover_upper'====== Args={'value': 3, 'prev_value': None, 'change': True}
2025-11-05 17:11:30,492 : INFO : EventManager : Event: ======'machine_var_audits_missing_switches_s_saucer'====== Args={'value': 1, 'prev_value': None, 'change': True}
2025-11-05 17:11:30,492 : INFO : EventManager : Event: ======'machine_var_audits_missing_switches_s_slam_tilt'====== Args={'value': 35, 'prev_value': None, 'change': True}
2025-11-05 17:11:30,492 : INFO : EventManager : Event: ======'machine_var_audits_missing_switches_s_spinner'====== Args={'value': 10, 'prev_value': None, 'change': True}
2025-11-05 17:11:30,492 : INFO : EventManager : Event: ======'machine_var_audits_missing_switches_s_stand_up'====== Args={'value': 69, 'prev_value': None, 'change': True}
2025-11-05 17:11:30,492 : INFO : EventManager : Event: ======'machine_var_audits_missing_switches_s_start_button'====== Args={'value': 2, 'prev_value': None, 'change': True}
2025-11-05 17:11:30,492 : INFO : EventManager : Event: ======'machine_var_audits_missing_switches_s_tilt'====== Args={'value': 3, 'prev_value': None, 'change': True}
2025-11-05 17:11:30,492 : INFO : EventManager : Event: ======'machine_var_audits_player_score'====== Args={'value': {'average': 1435, 'top': [5110, 5070, 4300, 4230, 3980, 3410, 2200, 1300, 1200, 500], 'total': 25}, 'prev_value': None, 'change': True}
2025-11-05 17:11:30,492 : INFO : EventManager : Event: ======'machine_var_audits_shots_my_first_shot'====== Args={'value': 3, 'prev_value': None, 'change': True}
2025-11-05 17:11:30,492 : INFO : EventManager : Event: ======'machine_var_audits_shots_sh_eg_pop_left'====== Args={'value': 8, 'prev_value': None, 'change': True}
2025-11-05 17:11:30,493 : INFO : EventManager : Event: ======'machine_var_audits_shots_sh_eg_pop_middle'====== Args={'value': 8, 'prev_value': None, 'change': True}
2025-11-05 17:11:30,493 : INFO : EventManager : Event: ======'machine_var_audits_shots_sh_eg_pop_right'====== Args={'value': 13, 'prev_value': None, 'change': True}
2025-11-05 17:11:30,493 : INFO : EventManager : Event: ======'machine_var_audits_shots_sh_eg_right_drop_left'====== Args={'value': 4, 'prev_value': None, 'change': True}
2025-11-05 17:11:30,493 : INFO : EventManager : Event: ======'machine_var_audits_shots_sh_eg_right_drop_middle'====== Args={'value': 3, 'prev_value': None, 'change': True}
2025-11-05 17:11:30,493 : INFO : EventManager : Event: ======'machine_var_audits_shots_sh_eg_right_drop_right'====== Args={'value': 3, 'prev_value': None, 'change': True}
2025-11-05 17:11:30,493 : INFO : EventManager : Event: ======'machine_var_audits_shots_sh_eg_spinner'====== Args={'value': 2, 'prev_value': None, 'change': True}
2025-11-05 17:11:30,493 : INFO : EventManager : Event: ======'machine_var_audits_shots_sh_escape_graveyard_start'====== Args={'value': 8, 'prev_value': None, 'change': True}
2025-11-05 17:11:30,493 : INFO : EventManager : Event: ======'machine_var_audits_switches_s_coin_right'====== Args={'value': 1, 'prev_value': None, 'change': True}
2025-11-05 17:11:30,493 : INFO : EventManager : Event: ======'machine_var_audits_switches_s_credit_button'====== Args={'value': 5, 'prev_value': None, 'change': True}
2025-11-05 17:11:30,493 : INFO : EventManager : Event: ======'machine_var_audits_switches_s_inlanes'====== Args={'value': 159, 'prev_value': None, 'change': True}
2025-11-05 17:11:30,493 : INFO : EventManager : Event: ======'machine_var_audits_switches_s_left_bank_target_left'====== Args={'value': 36, 'prev_value': None, 'change': True}
2025-11-05 17:11:30,493 : INFO : EventManager : Event: ======'machine_var_audits_switches_s_left_bank_target_middle'====== Args={'value': 27, 'prev_value': None, 'change': True}
2025-11-05 17:11:30,493 : INFO : EventManager : Event: ======'machine_var_audits_switches_s_left_bank_target_right'====== Args={'value': 27, 'prev_value': None, 'change': True}
2025-11-05 17:11:30,494 : INFO : EventManager : Event: ======'machine_var_audits_switches_s_left_inlane'====== Args={'value': 1, 'prev_value': None, 'change': True}
2025-11-05 17:11:30,494 : INFO : EventManager : Event: ======'machine_var_audits_switches_s_left_lower_bumper'====== Args={'value': 34, 'prev_value': None, 'change': True}
2025-11-05 17:11:30,494 : INFO : EventManager : Event: ======'machine_var_audits_switches_s_left_outlane'====== Args={'value': 1, 'prev_value': None, 'change': True}
2025-11-05 17:11:30,494 : INFO : EventManager : Event: ======'machine_var_audits_switches_s_left_outlane_rollover'====== Args={'value': 23, 'prev_value': None, 'change': True}
2025-11-05 17:11:30,494 : INFO : EventManager : Event: ======'machine_var_audits_switches_s_left_pop_bumper'====== Args={'value': 128, 'prev_value': None, 'change': True}
2025-11-05 17:11:30,494 : INFO : EventManager : Event: ======'machine_var_audits_switches_s_left_rollover'====== Args={'value': 2, 'prev_value': None, 'change': True}
2025-11-05 17:11:30,494 : INFO : EventManager : Event: ======'machine_var_audits_switches_s_left_skill_lane'====== Args={'value': 2, 'prev_value': None, 'change': True}
2025-11-05 17:11:30,494 : INFO : EventManager : Event: ======'machine_var_audits_switches_s_left_sling'====== Args={'value': 95, 'prev_value': None, 'change': True}
2025-11-05 17:11:30,494 : INFO : EventManager : Event: ======'machine_var_audits_switches_s_left_upper_bumper'====== Args={'value': 44, 'prev_value': None, 'change': True}
2025-11-05 17:11:30,494 : INFO : EventManager : Event: ======'machine_var_audits_switches_s_middle_pop_bumper'====== Args={'value': 131, 'prev_value': None, 'change': True}
2025-11-05 17:11:30,494 : INFO : EventManager : Event: ======'machine_var_audits_switches_s_middle_rollover'====== Args={'value': 9, 'prev_value': None, 'change': True}
2025-11-05 17:11:30,494 : INFO : EventManager : Event: ======'machine_var_audits_switches_s_middle_skill_lane'====== Args={'value': 84, 'prev_value': None, 'change': True}
2025-11-05 17:11:30,495 : INFO : EventManager : Event: ======'machine_var_audits_switches_s_middle_upper_rollovers'====== Args={'value': 97, 'prev_value': None, 'change': True}
2025-11-05 17:11:30,495 : INFO : EventManager : Event: ======'machine_var_audits_switches_s_outer_skill_lanes'====== Args={'value': 133, 'prev_value': None, 'change': True}
2025-11-05 17:11:30,495 : INFO : EventManager : Event: ======'machine_var_audits_switches_s_pop_bumper_bottom'====== Args={'value': 6, 'prev_value': None, 'change': True}
2025-11-05 17:11:30,495 : INFO : EventManager : Event: ======'machine_var_audits_switches_s_pop_bumper_left'====== Args={'value': 2, 'prev_value': None, 'change': True}
2025-11-05 17:11:30,495 : INFO : EventManager : Event: ======'machine_var_audits_switches_s_pop_bumper_right'====== Args={'value': 1, 'prev_value': None, 'change': True}
2025-11-05 17:11:30,495 : INFO : EventManager : Event: ======'machine_var_audits_switches_s_right_bank_target_left'====== Args={'value': 56, 'prev_value': None, 'change': True}
2025-11-05 17:11:30,495 : INFO : EventManager : Event: ======'machine_var_audits_switches_s_right_bank_target_middle'====== Args={'value': 43, 'prev_value': None, 'change': True}
2025-11-05 17:11:30,495 : INFO : EventManager : Event: ======'machine_var_audits_switches_s_right_bank_target_right'====== Args={'value': 40, 'prev_value': None, 'change': True}
2025-11-05 17:11:30,495 : INFO : EventManager : Event: ======'machine_var_audits_switches_s_right_inlane'====== Args={'value': 6, 'prev_value': None, 'change': True}
2025-11-05 17:11:30,495 : INFO : EventManager : Event: ======'machine_var_audits_switches_s_right_outlane'====== Args={'value': 1, 'prev_value': None, 'change': True}
2025-11-05 17:11:30,495 : INFO : EventManager : Event: ======'machine_var_audits_switches_s_right_outlane_rollover'====== Args={'value': 6, 'prev_value': None, 'change': True}
2025-11-05 17:11:30,495 : INFO : EventManager : Event: ======'machine_var_audits_switches_s_right_pop_bumper'====== Args={'value': 183, 'prev_value': None, 'change': True}
2025-11-05 17:11:30,495 : INFO : EventManager : Event: ======'machine_var_audits_switches_s_right_rollover'====== Args={'value': 0, 'prev_value': None, 'change': True}
2025-11-05 17:11:30,496 : INFO : EventManager : Event: ======'machine_var_audits_switches_s_right_skill_lane'====== Args={'value': 2, 'prev_value': None, 'change': True}
2025-11-05 17:11:30,496 : INFO : EventManager : Event: ======'machine_var_audits_switches_s_right_sling'====== Args={'value': 72, 'prev_value': None, 'change': True}
2025-11-05 17:11:30,496 : INFO : EventManager : Event: ======'machine_var_audits_switches_s_rollover_upper'====== Args={'value': 3, 'prev_value': None, 'change': True}
2025-11-05 17:11:30,496 : INFO : EventManager : Event: ======'machine_var_audits_switches_s_saucer'====== Args={'value': 103, 'prev_value': None, 'change': True}
2025-11-05 17:11:30,496 : INFO : EventManager : Event: ======'machine_var_audits_switches_s_slam_tilt'====== Args={'value': 6, 'prev_value': None, 'change': True}
2025-11-05 17:11:30,496 : INFO : EventManager : Event: ======'machine_var_audits_switches_s_spinner'====== Args={'value': 430, 'prev_value': None, 'change': True}
2025-11-05 17:11:30,496 : INFO : EventManager : Event: ======'machine_var_audits_switches_s_stand_up'====== Args={'value': 8, 'prev_value': None, 'change': True}
2025-11-05 17:11:30,496 : INFO : EventManager : Event: ======'machine_var_audits_switches_s_start_button'====== Args={'value': 39, 'prev_value': None, 'change': True}
2025-11-05 17:11:30,496 : INFO : EventManager : Event: ======'machine_var_audits_switches_s_tilt'====== Args={'value': 2, 'prev_value': None, 'change': True}
2025-11-05 17:11:30,496 : INFO : EventManager : Event: ======'machine_var_audits_switches_s_trough'====== Args={'value': 469, 'prev_value': None, 'change': True}
2025-11-05 17:11:30,497 : INFO : EventManager : Event: ======'init_phase_5'====== Args={}
2025-11-05 17:11:30,510 : INFO : EventManager : Event: ======'init_done'====== Args={}
2025-11-05 17:11:30,511 : INFO : EventManager : Event: ======'machine_reset_phase_1'====== Args={}
2025-11-05 17:11:30,511 : INFO : SwitchController : <<<<<<< 's_trough' active >>>>>>>
2025-11-05 17:11:30,521 : INFO : SwitchController : <<<<<<< 's_trough' inactive >>>>>>>
2025-11-05 17:11:30,527 : INFO : EventManager : Event: ======'machine_reset_phase_2'====== Args={}
2025-11-05 17:11:30,527 : INFO : SwitchController : <<<<<<< 's_trough' active >>>>>>>
2025-11-05 17:11:30,528 : INFO : EventManager : Event: ======'machine_reset_phase_3'====== Args={}
2025-11-05 17:11:30,531 : INFO : EventManager : Event: ======'mode_attract_will_start'====== Args={'queue': <QueuedEvent>}
2025-11-05 17:11:30,533 : INFO : EventManager : Event: ======'mode_attract_starting'====== Args={'queue': <QueuedEvent>}
2025-11-05 17:11:30,533 : INFO : Mode.attract : Started. Priority: 10
2025-11-05 17:11:30,533 : INFO : EventManager : Event: ======'modes_active_modes_changed'====== Args={}
2025-11-05 17:11:30,533 : INFO : EventManager : Event: ======'mode_attract_started'====== Args={'queue': <QueuedEvent>}
2025-11-05 17:11:30,533 : INFO : EventManager : Event: ======'godot_attract_on'====== Args={'priority': 0}
2025-11-05 17:11:30,534 : INFO : EventManager : Event: ======'collecting_balls_complete'====== Args={}
2025-11-05 17:11:30,534 : INFO : EventManager : Event: ======'reset_complete'====== Args={}
2025-11-05 17:11:30,548 : INFO : Machine : Starting the main run loop with active modes: [<Mode.attract>]
2025-11-05 17:11:30,583 : INFO : EventManager : Event: ======'slide_attract_created'====== Args={'_from_bcp': True}
2025-11-05 17:11:30,584 : INFO : EventManager : Event: ======'slide__removed'====== Args={'_from_bcp': True}
2025-11-05 17:11:30,584 : INFO : EventManager : Event: ======'slide_attract_active'====== Args={'original_context': 'attract', 'original_calling_context': 'mode_attract_started', 'priority': 10.0, 'queue': '<QueuedEvent>', 'cmd': 'slides_play', '_from_bcp': True}
2025-11-05 17:11:31,025 : INFO : EventManager : Event: ======'balldevice_bd_trough_ball_count_changed'====== Args={'balls': 1}
2025-11-05 17:11:31,025 : INFO : ball_device.bd_trough : Received unexpected ball
2025-11-05 17:11:31,025 : INFO : EventManager : Event: ======'balldevice_captured_from_playfield'====== Args={'balls': 1}
2025-11-05 17:11:31,026 : INFO : EventManager : Event: ======'sw_playfield_active'====== Args={'balls': 1}
2025-11-05 17:11:31,026 : INFO : EventManager : Event: ======'playfield_active'====== Args={'source': None}
2025-11-05 17:11:31,026 : INFO : EventManager : Event: ======'unexpected_ball_on_playfield'====== Args={}
2025-11-05 17:11:31,026 : INFO : EventManager : Event: ======'playfield_ball_count_change'====== Args={'balls': -1, 'change': -1}
2025-11-05 17:11:31,026 : INFO : EventManager : Event: ======'balldevice_playfield_ball_enter'====== Args={'new_balls': 1, 'unclaimed_balls': 1, 'device': <playfield.playfield>}
2025-11-05 17:11:31,027 : INFO : EventManager : Event: ======'playfield_ball_count_change'====== Args={'balls': 0, 'change': 1}
2025-11-05 17:11:31,027 : INFO : BallController : Found a new ball which was captured from playfield. Known balls: 1
2025-11-05 17:11:31,027 : INFO : EventManager : Event: ======'found_new_ball'====== Args={}
2025-11-05 17:11:31,027 : INFO : EventManager : Event: ======'balldevice_bd_trough_ball_enter'====== Args={'new_balls': 1, 'unclaimed_balls': 1, 'new_available_balls': 1, 'device': <ball_device.bd_trough>}
2025-11-05 17:11:31,027 : INFO : EventManager : Event: ======'ball_drain'====== Args={'device': <ball_device.bd_trough>, 'balls': 1}
2025-11-05 17:11:31,027 : INFO : EventManager : Event: ======'balldevice_balls_available'====== Args={}
2025-11-05 17:11:31,027 : INFO : EventManager : Event: ======'balldevice_bd_trough_ball_entered'====== Args={'new_balls': 1, 'device': <ball_device.bd_trough>}
2025-11-05 17:11:32,513 : INFO : EventManager : Event: ======'attract_wave_complete'====== Args={'priority': 0}
2025-11-05 17:11:32,840 : INFO : SwitchController : <<<<<<< 's_start_button' active >>>>>>>
2025-11-05 17:11:32,902 : INFO : EventManager : Event: ======'attract_pulse_complete'====== Args={'priority': 0}
2025-11-05 17:11:32,965 : INFO : SwitchController : <<<<<<< 's_start_button' inactive >>>>>>>
2025-11-05 17:11:32,965 : INFO : EventManager : Event: ======'request_to_start_game'====== Args={}
2025-11-05 17:11:32,966 : INFO : EventManager : Event: ======'game_start'====== Args={'buttons': [], 'hold_time': 0.125}
2025-11-05 17:11:32,966 : INFO : EventManager : Event: ======'mode_game_will_start'====== Args={'buttons': [], 'hold_time': 0.125}
2025-11-05 17:11:32,966 : INFO : EventManager : Event: ======'mode_game_starting'====== Args={'buttons': [], 'hold_time': 0.125}
2025-11-05 17:11:32,967 : INFO : Mode.game : Started. Priority: 20
2025-11-05 17:11:32,967 : INFO : EventManager : Event: ======'modes_active_modes_changed'====== Args={}
2025-11-05 17:11:32,967 : INFO : EventManager : Event: ======'mode_game_started'====== Args={'buttons': [], 'hold_time': 0.125}
2025-11-05 17:11:32,980 : INFO : EventManager : Event: ======'game_will_start'====== Args={}
2025-11-05 17:11:32,981 : INFO : EventManager : Event: ======'game_starting'====== Args={'game': <Mode.game>}
2025-11-05 17:11:32,981 : INFO : EventManager : Event: ======'mode_attract_will_stop'====== Args={}
2025-11-05 17:11:32,981 : INFO : EventManager : Event: ======'mode_attract_stopping'====== Args={}
2025-11-05 17:11:32,981 : INFO : EventManager : Event: ======'godot_attract_off'====== Args={'priority': 0}
2025-11-05 17:11:32,982 : INFO : EventManager : Unordered handler for class <Auditor> on event game_ended with priority 1. Handlers: [RegisteredHandler(callback=<bound method Auditor.disable of <Auditor>>, priority=1, kwargs={}, key=UUID('a3ccda93-4a4d-4b2a-96ff-973505bb541c'), condition=None, blocking_facility=None), RegisteredHandler(callback=<bound method Auditor._save_audits of <Auditor>>, priority=1, kwargs={}, key=UUID('1533c1c4-bf2b-4f8e-86a5-7925468233c6'), condition=None, blocking_facility=None)]. The order of those handlers is not defined and they will be executed in random order. This might lead to race conditions and potential bugs.
2025-11-05 17:11:32,982 : INFO : EventManager : Event: ======'godot_attract_off'====== Args={'priority': 0}
2025-11-05 17:11:32,984 : INFO : Mode.attract : Stopped.
2025-11-05 17:11:32,984 : INFO : EventManager : Event: ======'modes_active_modes_changed'====== Args={}
2025-11-05 17:11:32,984 : INFO : EventManager : Event: ======'mode_attract_stopped'====== Args={}
2025-11-05 17:11:32,984 : INFO : EventManager : Event: ======'clear'====== Args={'key': 'attract'}
2025-11-05 17:11:32,984 : INFO : EventManager : Event: ======'player_add_request'====== Args={}
2025-11-05 17:11:32,985 : INFO : EventManager : Event: ======'player_will_add'====== Args={'number': 1}
2025-11-05 17:11:32,985 : INFO : EventManager : Event: ======'player_adding'====== Args={'player': <Player 1>, 'number': 1}
2025-11-05 17:11:32,985 : INFO : EventManager : Event: ======'player_added'====== Args={'player': <Player 1>, 'num': 1}
2025-11-05 17:11:32,985 : INFO : Mode.game : Player added successfully. Total players: 1
2025-11-05 17:11:32,986 : INFO : EventManager : Event: ======'player_index'====== Args={'value': 0, 'prev_value': 0, 'change': 0, 'player_num': 1}
2025-11-05 17:11:32,986 : INFO : EventManager : Event: ======'player_number'====== Args={'value': 1, 'prev_value': 1, 'change': 0, 'player_num': 1}
2025-11-05 17:11:32,986 : INFO : EventManager : Event: ======'player_score'====== Args={'value': 0, 'prev_value': 0, 'change': 0, 'player_num': 1}
2025-11-05 17:11:32,987 : INFO : EventManager : Unordered handler for class <Auditor> on event game_ended with priority 1. Handlers: [RegisteredHandler(callback=<bound method Auditor.disable of <Auditor>>, priority=1, kwargs={}, key=UUID('a3ccda93-4a4d-4b2a-96ff-973505bb541c'), condition=None, blocking_facility=None), RegisteredHandler(callback=<bound method Auditor._save_audits of <Auditor>>, priority=1, kwargs={}, key=UUID('1533c1c4-bf2b-4f8e-86a5-7925468233c6'), condition=None, blocking_facility=None)]. The order of those handlers is not defined and they will be executed in random order. This might lead to race conditions and potential bugs.
2025-11-05 17:11:33,003 : INFO : EventManager : Event: ======'game_started'====== Args={}
2025-11-05 17:11:33,003 : INFO : EventManager : Event: ======'blink_on'====== Args={'priority': 0}
2025-11-05 17:11:33,004 : INFO : EventManager : Event: ======'player_turn_will_start'====== Args={'player': <Player 1>, 'number': 1}
2025-11-05 17:11:33,009 : INFO : EventManager : Event: ======'player_turn_starting'====== Args={'player': <Player 1>, 'number': 1}
2025-11-05 17:11:33,010 : INFO : EventManager : Event: ======'player_ball'====== Args={'value': 1, 'prev_value': 0, 'change': 1, 'player_num': 1}
2025-11-05 17:11:33,010 : INFO : EventManager : Event: ======'player_turn_started'====== Args={'player': <Player 1>, 'number': 1}
2025-11-05 17:11:33,011 : INFO : EventManager : Event: ======'ball_will_start'====== Args={'player': 1, 'ball': 1, 'balls_remaining': 2, 'is_extra_ball': False}
2025-11-05 17:11:33,015 : INFO : EventManager : Event: ======'ball_starting'====== Args={'player': 1, 'ball': 1, 'balls_remaining': 2, 'is_extra_ball': False}
2025-11-05 17:11:33,015 : INFO : drop_target_bank.right_bank : All targets are already up. Will not reset bank.
2025-11-05 17:11:33,015 : INFO : drop_target_bank.left_bank : All targets are already up. Will not reset bank.
2025-11-05 17:11:33,016 : INFO : EventManager : Event: ======'balls_in_play'====== Args={'balls': 1}
2025-11-05 17:11:33,016 : INFO : EventManager : Event: ======'ball_started'====== Args={'player': 1, 'ball': 1, 'balls_remaining': 2, 'is_extra_ball': False}
2025-11-05 17:11:33,016 : INFO : EventManager : Event: ======'mode_base_will_start'====== Args={'player': 1, 'ball': 1, 'balls_remaining': 2, 'is_extra_ball': False}
2025-11-05 17:11:33,016 : INFO : EventManager : Event: ======'player_shot_sh_escape_graveyard_start_enabled'====== Args={'value': False, 'prev_value': 0, 'change': 0, 'player_num': 1}
2025-11-05 17:11:33,017 : INFO : EventManager : Unordered handler for class <Auditor> on event game_ended with priority 1. Handlers: [RegisteredHandler(callback=<bound method Auditor.disable of <Auditor>>, priority=1, kwargs={}, key=UUID('a3ccda93-4a4d-4b2a-96ff-973505bb541c'), condition=None, blocking_facility=None), RegisteredHandler(callback=<bound method Auditor._save_audits of <Auditor>>, priority=1, kwargs={}, key=UUID('1533c1c4-bf2b-4f8e-86a5-7925468233c6'), condition=None, blocking_facility=None)]. The order of those handlers is not defined and they will be executed in random order. This might lead to race conditions and potential bugs.
2025-11-05 17:11:33,017 : INFO : EventManager : Unordered handler for class <Auditor> on event game_ended with priority 1. Handlers: [RegisteredHandler(callback=<bound method Auditor.disable of <Auditor>>, priority=1, kwargs={}, key=UUID('a3ccda93-4a4d-4b2a-96ff-973505bb541c'), condition=None, blocking_facility=None), RegisteredHandler(callback=<bound method Auditor._save_audits of <Auditor>>, priority=1, kwargs={}, key=UUID('1533c1c4-bf2b-4f8e-86a5-7925468233c6'), condition=None, blocking_facility=None)]. The order of those handlers is not defined and they will be executed in random order. This might lead to race conditions and potential bugs.
2025-11-05 17:11:33,021 : INFO : EventManager : Event: ======'mode_base_starting'====== Args={'player': 1, 'ball': 1, 'balls_remaining': 2, 'is_extra_ball': False}
2025-11-05 17:11:33,022 : INFO : EventManager : Unordered handler for class <Auditor> on event game_ended with priority 1. Handlers: [RegisteredHandler(callback=<bound method Auditor.disable of <Auditor>>, priority=1, kwargs={}, key=UUID('a3ccda93-4a4d-4b2a-96ff-973505bb541c'), condition=None, blocking_facility=None), RegisteredHandler(callback=<bound method Auditor._save_audits of <Auditor>>, priority=1, kwargs={}, key=UUID('1533c1c4-bf2b-4f8e-86a5-7925468233c6'), condition=None, blocking_facility=None)]. The order of those handlers is not defined and they will be executed in random order. This might lead to race conditions and potential bugs.
2025-11-05 17:11:33,022 : INFO : EventManager : Event: ======'logicblock_eg_pop_counter_updated'====== Args={'value': 0, 'enabled': True}
2025-11-05 17:11:33,022 : INFO : EventManager : Event: ======'logicblock_eg_pop_counter_updated'====== Args={'value': 0, 'enabled': True}
2025-11-05 17:11:33,022 : INFO : Mode.base : Started. Priority: 50
2025-11-05 17:11:33,022 : INFO : EventManager : Event: ======'modes_active_modes_changed'====== Args={}
2025-11-05 17:11:33,024 : INFO : EventManager : Event: ======'mode_base_started'====== Args={'player': 1, 'ball': 1, 'balls_remaining': 2, 'is_extra_ball': False}
2025-11-05 17:11:33,024 : INFO : EventManager : Event: ======'single_player_ball_started'====== Args={}
2025-11-05 17:11:33,024 : INFO : EventManager : Event: ======'stop_mode_attract'====== Args={'priority': 0}
2025-11-05 17:11:33,024 : INFO : EventManager : Event: ======'mode_attract_will_stop'====== Args={'priority': 0}
2025-11-05 17:11:33,024 : INFO : EventManager : Event: ======'godot_attract_off'====== Args={'priority': 0}
2025-11-05 17:11:33,024 : INFO : EventManager : Event: ======'godot_play_base'====== Args={'priority': 0}
2025-11-05 17:11:33,024 : INFO : EventManager : Event: ======'start_firstball_intro'====== Args={'priority': 0}
2025-11-05 17:11:33,025 : INFO : EventManager : Event: ======'ball_start_target'====== Args={'target': 'playfield'}
2025-11-05 17:11:33,037 : INFO : ball_device.bd_trough : Setting up player-controlled eject. Balls: 1, Target: <playfield.playfield>, player_controlled_eject_event: None
2025-11-05 17:11:33,037 : INFO : ball_device.bd_trough : Adding 1 ball(s) to the eject_queue with target <playfield.playfield>.
2025-11-05 17:11:33,037 : INFO : EventManager : Event: ======'balldevice_balls_available'====== Args={}
2025-11-05 17:11:33,038 : INFO : ball_device.bd_trough : State: waiting_for_target_ready
2025-11-05 17:11:33,039 : INFO : EventManager : Event: ======'balldevice_bd_trough_ball_eject_attempt'====== Args={'balls': 1, 'target': <playfield.playfield>, 'source': <ball_device.bd_trough>, 'mechanical_eject': False, 'num_attempts': 0}
2025-11-05 17:11:33,039 : INFO : ball_device.bd_trough : State: ejecting
2025-11-05 17:11:33,039 : INFO : ball_device.bd_trough : Ejecting ball to <playfield.playfield>
2025-11-05 17:11:33,039 : INFO : EventManager : Event: ======'balldevice_bd_trough_ejecting_ball'====== Args={'balls': 1, 'target': <playfield.playfield>, 'source': <ball_device.bd_trough>, 'mechanical_eject': False, 'num_attempts': 0}
2025-11-05 17:11:33,040 : INFO : ball_device.bd_trough : Wait for ball to leave device
2025-11-05 17:11:33,040 : INFO : coil.c_trough_eject : Pulsing Driver for 40ms (1.0 pulse_power)
2025-11-05 17:11:33,047 : INFO : EventManager : Event: ======'slide_base_created'====== Args={'_from_bcp': True}
2025-11-05 17:11:33,048 : INFO : EventManager : Event: ======'slide_attract_inactive'====== Args={'is_removing': True, '_from_bcp': True}
2025-11-05 17:11:33,048 : INFO : EventManager : Event: ======'slide_base_active'====== Args={'original_context': 'base', 'original_calling_context': 'mode_base_started', 'priority': 50.0, 'player': 1.0, 'ball': 1.0, 'balls_remaining': 2.0, 'is_extra_ball': False, 'cmd': 'slides_play', '_from_bcp': True}
2025-11-05 17:11:33,048 : INFO : EventManager : Event: ======'slide_attract_removed'====== Args={'_from_bcp': True}
2025-11-05 17:11:33,090 : INFO : SwitchController : <<<<<<< 's_trough' inactive >>>>>>>
2025-11-05 17:11:33,098 : INFO : ball_device.bd_trough : State: ball_left
2025-11-05 17:11:33,098 : INFO : ball_device.bd_trough : Ball left
2025-11-05 17:11:33,098 : INFO : ball_device.bd_trough : Wait for confirm with timeout 10.0
2025-11-05 17:11:33,591 : INFO : EventManager : Event: ======'blink_off'====== Args={'priority': 0}
2025-11-05 17:11:34,183 : INFO : EventManager : Event: ======'blink_on'====== Args={'priority': 0}
2025-11-05 17:11:34,788 : INFO : EventManager : Event: ======'blink_off'====== Args={'priority': 0}
2025-11-05 17:11:34,788 : INFO : EventManager : Unordered handler for class <Auditor> on event game_ended with priority 1. Handlers: [RegisteredHandler(callback=<bound method Auditor.disable of <Auditor>>, priority=1, kwargs={}, key=UUID('a3ccda93-4a4d-4b2a-96ff-973505bb541c'), condition=None, blocking_facility=None), RegisteredHandler(callback=<bound method Auditor._save_audits of <Auditor>>, priority=1, kwargs={}, key=UUID('1533c1c4-bf2b-4f8e-86a5-7925468233c6'), condition=None, blocking_facility=None)]. The order of those handlers is not defined and they will be executed in random order. This might lead to race conditions and potential bugs.
2025-11-05 17:11:35,392 : INFO : EventManager : Event: ======'blink_on'====== Args={'priority': 0}
2025-11-05 17:11:35,983 : INFO : EventManager : Event: ======'blink_off'====== Args={'priority': 0}
2025-11-05 17:11:35,983 : INFO : EventManager : Unordered handler for class <Auditor> on event game_ended with priority 1. Handlers: [RegisteredHandler(callback=<bound method Auditor.disable of <Auditor>>, priority=1, kwargs={}, key=UUID('a3ccda93-4a4d-4b2a-96ff-973505bb541c'), condition=None, blocking_facility=None), RegisteredHandler(callback=<bound method Auditor._save_audits of <Auditor>>, priority=1, kwargs={}, key=UUID('1533c1c4-bf2b-4f8e-86a5-7925468233c6'), condition=None, blocking_facility=None)]. The order of those handlers is not defined and they will be executed in random order. This might lead to race conditions and potential bugs.
2025-11-05 17:11:36,591 : INFO : EventManager : Event: ======'blink_on'====== Args={'priority': 0}
2025-11-05 17:11:37,184 : INFO : EventManager : Event: ======'blink_off'====== Args={'priority': 0}
2025-11-05 17:11:37,184 : INFO : EventManager : Unordered handler for class <Auditor> on event game_ended with priority 1. Handlers: [RegisteredHandler(callback=<bound method Auditor.disable of <Auditor>>, priority=1, kwargs={}, key=UUID('a3ccda93-4a4d-4b2a-96ff-973505bb541c'), condition=None, blocking_facility=None), RegisteredHandler(callback=<bound method Auditor._save_audits of <Auditor>>, priority=1, kwargs={}, key=UUID('1533c1c4-bf2b-4f8e-86a5-7925468233c6'), condition=None, blocking_facility=None)]. The order of those handlers is not defined and they will be executed in random order. This might lead to race conditions and potential bugs.
2025-11-05 17:11:37,779 : INFO : SwitchController : <<<<<<< 's_middle_skill_lane' active >>>>>>>
2025-11-05 17:11:37,779 : INFO : EventManager : Event: ======'s_middle_skill_lane_active'====== Args={}
2025-11-05 17:11:37,779 : INFO : EventManager : Event: ======'machine_var_audits_switches_s_middle_skill_lane'====== Args={'value': 85, 'prev_value': 84, 'change': 1}
2025-11-05 17:11:37,780 : INFO : EventManager : Event: ======'play_skilllane_quote_4'====== Args={}
2025-11-05 17:11:37,780 : INFO : EventManager : Event: ======'player_score'====== Args={'value': 500, 'prev_value': 0, 'change': 500, 'player_num': 1, 'source': 'base'}
2025-11-05 17:11:37,781 : INFO : EventManager : Unordered handler for class <Auditor> on event game_ended with priority 1. Handlers: [RegisteredHandler(callback=<bound method Auditor.disable of <Auditor>>, priority=1, kwargs={}, key=UUID('a3ccda93-4a4d-4b2a-96ff-973505bb541c'), condition=None, blocking_facility=None), RegisteredHandler(callback=<bound method Auditor._save_audits of <Auditor>>, priority=1, kwargs={}, key=UUID('1533c1c4-bf2b-4f8e-86a5-7925468233c6'), condition=None, blocking_facility=None)]. The order of those handlers is not defined and they will be executed in random order. This might lead to race conditions and potential bugs.
2025-11-05 17:11:37,795 : INFO : EventManager : Event: ======'blink_on'====== Args={'priority': 0}
2025-11-05 17:11:38,091 : INFO : SwitchController : <<<<<<< 's_middle_skill_lane' inactive >>>>>>>
2025-11-05 17:11:38,388 : INFO : EventManager : Event: ======'blink_off'====== Args={'priority': 0}
2025-11-05 17:11:38,389 : INFO : EventManager : Unordered handler for class <Auditor> on event game_ended with priority 1. Handlers: [RegisteredHandler(callback=<bound method Auditor.disable of <Auditor>>, priority=1, kwargs={}, key=UUID('a3ccda93-4a4d-4b2a-96ff-973505bb541c'), condition=None, blocking_facility=None), RegisteredHandler(callback=<bound method Auditor._save_audits of <Auditor>>, priority=1, kwargs={}, key=UUID('1533c1c4-bf2b-4f8e-86a5-7925468233c6'), condition=None, blocking_facility=None)]. The order of those handlers is not defined and they will be executed in random order. This might lead to race conditions and potential bugs.
2025-11-05 17:11:38,981 : INFO : EventManager : Event: ======'blink_on'====== Args={'priority': 0}
2025-11-05 17:11:39,589 : INFO : EventManager : Event: ======'blink_off'====== Args={'priority': 0}
2025-11-05 17:11:39,589 : INFO : EventManager : Unordered handler for class <Auditor> on event game_ended with priority 1. Handlers: [RegisteredHandler(callback=<bound method Auditor.disable of <Auditor>>, priority=1, kwargs={}, key=UUID('a3ccda93-4a4d-4b2a-96ff-973505bb541c'), condition=None, blocking_facility=None), RegisteredHandler(callback=<bound method Auditor._save_audits of <Auditor>>, priority=1, kwargs={}, key=UUID('1533c1c4-bf2b-4f8e-86a5-7925468233c6'), condition=None, blocking_facility=None)]. The order of those handlers is not defined and they will be executed in random order. This might lead to race conditions and potential bugs.
2025-11-05 17:11:40,184 : INFO : EventManager : Event: ======'blink_on'====== Args={'priority': 0}
2025-11-05 17:11:40,792 : INFO : EventManager : Event: ======'blink_off'====== Args={'priority': 0}
2025-11-05 17:11:40,792 : INFO : EventManager : Unordered handler for class <Auditor> on event game_ended with priority 1. Handlers: [RegisteredHandler(callback=<bound method Auditor.disable of <Auditor>>, priority=1, kwargs={}, key=UUID('a3ccda93-4a4d-4b2a-96ff-973505bb541c'), condition=None, blocking_facility=None), RegisteredHandler(callback=<bound method Auditor._save_audits of <Auditor>>, priority=1, kwargs={}, key=UUID('1533c1c4-bf2b-4f8e-86a5-7925468233c6'), condition=None, blocking_facility=None)]. The order of those handlers is not defined and they will be executed in random order. This might lead to race conditions and potential bugs.
2025-11-05 17:11:41,385 : INFO : EventManager : Event: ======'blink_on'====== Args={'priority': 0}
2025-11-05 17:11:41,976 : INFO : EventManager : Event: ======'blink_off'====== Args={'priority': 0}
2025-11-05 17:11:41,976 : INFO : EventManager : Unordered handler for class <Auditor> on event game_ended with priority 1. Handlers: [RegisteredHandler(callback=<bound method Auditor.disable of <Auditor>>, priority=1, kwargs={}, key=UUID('a3ccda93-4a4d-4b2a-96ff-973505bb541c'), condition=None, blocking_facility=None), RegisteredHandler(callback=<bound method Auditor._save_audits of <Auditor>>, priority=1, kwargs={}, key=UUID('1533c1c4-bf2b-4f8e-86a5-7925468233c6'), condition=None, blocking_facility=None)]. The order of those handlers is not defined and they will be executed in random order. This might lead to race conditions and potential bugs.
2025-11-05 17:11:42,587 : INFO : EventManager : Event: ======'blink_on'====== Args={'priority': 0}
2025-11-05 17:11:43,098 : INFO : ball_device.bd_trough : State: failed_confirm
2025-11-05 17:11:43,098 : INFO : ball_device.bd_trough : Got timeout (10.0s) before confirm from <playfield.playfield>
2025-11-05 17:11:43,191 : INFO : EventManager : Event: ======'blink_off'====== Args={'priority': 0}
2025-11-05 17:11:43,191 : INFO : ball_device.bd_trough : Confirming eject because target is playfield and ball did not return.
2025-11-05 17:11:43,191 : INFO : ball_device.bd_trough : Eject successful
2025-11-05 17:11:43,191 : INFO : EventManager : Event: ======'balldevice_bd_trough_ball_eject_success'====== Args={'balls': 1, 'target': <playfield.playfield>}
2025-11-05 17:11:43,192 : INFO : EventManager : Unordered handler for class <Auditor> on event game_ended with priority 1. Handlers: [RegisteredHandler(callback=<bound method Auditor.disable of <Auditor>>, priority=1, kwargs={}, key=UUID('a3ccda93-4a4d-4b2a-96ff-973505bb541c'), condition=None, blocking_facility=None), RegisteredHandler(callback=<bound method Auditor._save_audits of <Auditor>>, priority=1, kwargs={}, key=UUID('1533c1c4-bf2b-4f8e-86a5-7925468233c6'), condition=None, blocking_facility=None)]. The order of those handlers is not defined and they will be executed in random order. This might lead to race conditions and potential bugs.
2025-11-05 17:11:43,192 : INFO : EventManager : Event: ======'balldevice_playfield_ball_enter'====== Args={'new_balls': 1, 'unclaimed_balls': 1, 'device': <playfield.playfield>}
2025-11-05 17:11:43,192 : INFO : EventManager : Event: ======'playfield_ball_count_change'====== Args={'balls': 1, 'change': 1}
2025-11-05 17:11:43,193 : INFO : EventManager : Event: ======'balldevice_bd_trough_ball_count_changed'====== Args={'balls': 0}
2025-11-05 17:11:43,193 : INFO : ball_device.bd_trough : State: idle
2025-11-05 17:11:43,801 : INFO : EventManager : Event: ======'blink_on'====== Args={'priority': 0}
2025-11-05 17:11:44,127 : INFO : SwitchController : <<<<<<< 's_trough' active >>>>>>>
2025-11-05 17:11:44,127 : INFO : EventManager : Event: ======'machine_var_audits_switches_s_trough'====== Args={'value': 470, 'prev_value': 469, 'change': 1}
2025-11-05 17:11:44,139 : INFO : SwitchController : <<<<<<< 's_trough' inactive >>>>>>>
2025-11-05 17:11:44,173 : INFO : SwitchController : <<<<<<< 's_trough' active >>>>>>>
2025-11-05 17:11:44,173 : INFO : EventManager : Event: ======'machine_var_audits_switches_s_trough'====== Args={'value': 471, 'prev_value': 470, 'change': 1}
2025-11-05 17:11:44,391 : INFO : EventManager : Event: ======'blink_off'====== Args={'priority': 0}
2025-11-05 17:11:44,392 : INFO : EventManager : Unordered handler for class <Auditor> on event game_ended with priority 1. Handlers: [RegisteredHandler(callback=<bound method Auditor.disable of <Auditor>>, priority=1, kwargs={}, key=UUID('a3ccda93-4a4d-4b2a-96ff-973505bb541c'), condition=None, blocking_facility=None), RegisteredHandler(callback=<bound method Auditor._save_audits of <Auditor>>, priority=1, kwargs={}, key=UUID('1533c1c4-bf2b-4f8e-86a5-7925468233c6'), condition=None, blocking_facility=None)]. The order of those handlers is not defined and they will be executed in random order. This might lead to race conditions and potential bugs.
2025-11-05 17:11:44,671 : INFO : EventManager : Event: ======'balldevice_bd_trough_ball_count_changed'====== Args={'balls': 1}
2025-11-05 17:11:44,671 : INFO : ball_device.bd_trough : Received unexpected ball
2025-11-05 17:11:44,672 : INFO : EventManager : Event: ======'balldevice_captured_from_playfield'====== Args={'balls': 1}
2025-11-05 17:11:44,672 : INFO : EventManager : Event: ======'sw_playfield_active'====== Args={'balls': 1}
2025-11-05 17:11:44,672 : INFO : EventManager : Event: ======'playfield_ball_count_change'====== Args={'balls': 0, 'change': -1}
2025-11-05 17:11:44,673 : INFO : EventManager : Event: ======'balldevice_bd_trough_ball_enter'====== Args={'new_balls': 1, 'unclaimed_balls': 1, 'new_available_balls': 1, 'device': <ball_device.bd_trough>}
2025-11-05 17:11:44,673 : INFO : EventManager : Event: ======'ball_drain'====== Args={'device': <ball_device.bd_trough>, 'balls': 1}
2025-11-05 17:11:44,673 : INFO : EventManager : Event: ======'ball_will_end'====== Args={}
2025-11-05 17:11:44,674 : INFO : EventManager : Event: ======'balldevice_balls_available'====== Args={}
2025-11-05 17:11:44,674 : INFO : EventManager : Event: ======'balldevice_bd_trough_ball_entered'====== Args={'new_balls': 1, 'device': <ball_device.bd_trough>}
2025-11-05 17:11:44,676 : INFO : EventManager : Event: ======'ball_ending'====== Args={}
2025-11-05 17:11:44,676 : INFO : EventManager : Event: ======'mode_base_will_stop'====== Args={}
2025-11-05 17:11:44,676 : INFO : EventManager : Event: ======'mode_base_stopping'====== Args={}
2025-11-05 17:11:44,676 : INFO : EventManager : Event: ======'godot_stop_base'====== Args={'priority': 0}
2025-11-05 17:11:44,677 : INFO : Mode.base : Stopped.
2025-11-05 17:11:44,677 : INFO : EventManager : Event: ======'modes_active_modes_changed'====== Args={}
2025-11-05 17:11:44,677 : INFO : EventManager : Event: ======'mode_base_stopped'====== Args={}
2025-11-05 17:11:44,677 : INFO : EventManager : Event: ======'clear'====== Args={'key': 'base'}
2025-11-05 17:11:44,690 : INFO : EventManager : Event: ======'ball_ended'====== Args={}
2025-11-05 17:11:44,691 : INFO : EventManager : Event: ======'player_turn_will_end'====== Args={'player': <Player 1>, 'number': 1}
2025-11-05 17:11:44,694 : INFO : EventManager : Event: ======'player_turn_ending'====== Args={'player': <Player 1>, 'number': 1}
2025-11-05 17:11:44,695 : INFO : EventManager : Event: ======'player_turn_ended'====== Args={'player': <Player 1>, 'number': 1}
2025-11-05 17:11:44,695 : INFO : EventManager : Event: ======'player_turn_will_start'====== Args={'player': <Player 1>, 'number': 1}
2025-11-05 17:11:44,696 : INFO : EventManager : Event: ======'player_turn_starting'====== Args={'player': <Player 1>, 'number': 1}
2025-11-05 17:11:44,696 : INFO : EventManager : Event: ======'player_ball'====== Args={'value': 2, 'prev_value': 1, 'change': 1, 'player_num': 1}
2025-11-05 17:11:44,696 : INFO : EventManager : Event: ======'player_turn_started'====== Args={'player': <Player 1>, 'number': 1}
2025-11-05 17:11:44,697 : INFO : EventManager : Event: ======'ball_will_start'====== Args={'player': 1, 'ball': 2, 'balls_remaining': 1, 'is_extra_ball': False}
2025-11-05 17:11:44,702 : INFO : EventManager : Event: ======'ball_starting'====== Args={'player': 1, 'ball': 2, 'balls_remaining': 1, 'is_extra_ball': False}
2025-11-05 17:11:44,702 : INFO : drop_target_bank.right_bank : All targets are already up. Will not reset bank.
2025-11-05 17:11:44,702 : INFO : drop_target_bank.left_bank : All targets are already up. Will not reset bank.
2025-11-05 17:11:44,703 : INFO : EventManager : Event: ======'balls_in_play'====== Args={'balls': 1}
2025-11-05 17:11:44,703 : INFO : EventManager : Event: ======'ball_started'====== Args={'player': 1, 'ball': 2, 'balls_remaining': 1, 'is_extra_ball': False}
2025-11-05 17:11:44,703 : INFO : EventManager : Event: ======'mode_music_ball_2plus_will_start'====== Args={'player': 1, 'ball': 2, 'balls_remaining': 1, 'is_extra_ball': False}
2025-11-05 17:11:44,704 : INFO : EventManager : Unordered handler for class <Auditor> on event game_ended with priority 1. Handlers: [RegisteredHandler(callback=<bound method Auditor.disable of <Auditor>>, priority=1, kwargs={}, key=UUID('a3ccda93-4a4d-4b2a-96ff-973505bb541c'), condition=None, blocking_facility=None), RegisteredHandler(callback=<bound method Auditor._save_audits of <Auditor>>, priority=1, kwargs={}, key=UUID('1533c1c4-bf2b-4f8e-86a5-7925468233c6'), condition=None, blocking_facility=None)]. The order of those handlers is not defined and they will be executed in random order. This might lead to race conditions and potential bugs.
2025-11-05 17:11:44,704 : INFO : EventManager : Event: ======'mode_music_ball_2plus_starting'====== Args={'player': 1, 'ball': 2, 'balls_remaining': 1, 'is_extra_ball': False}
2025-11-05 17:11:44,704 : INFO : EventManager : Event: ======'mode_base_will_start'====== Args={'player': 1, 'ball': 2, 'balls_remaining': 1, 'is_extra_ball': False}
2025-11-05 17:11:44,705 : INFO : EventManager : Unordered handler for class <Auditor> on event game_ended with priority 1. Handlers: [RegisteredHandler(callback=<bound method Auditor.disable of <Auditor>>, priority=1, kwargs={}, key=UUID('a3ccda93-4a4d-4b2a-96ff-973505bb541c'), condition=None, blocking_facility=None), RegisteredHandler(callback=<bound method Auditor._save_audits of <Auditor>>, priority=1, kwargs={}, key=UUID('1533c1c4-bf2b-4f8e-86a5-7925468233c6'), condition=None, blocking_facility=None)]. The order of those handlers is not defined and they will be executed in random order. This might lead to race conditions and potential bugs.
2025-11-05 17:11:44,705 : INFO : EventManager : Unordered handler for class <Auditor> on event game_ended with priority 1. Handlers: [RegisteredHandler(callback=<bound method Auditor.disable of <Auditor>>, priority=1, kwargs={}, key=UUID('a3ccda93-4a4d-4b2a-96ff-973505bb541c'), condition=None, blocking_facility=None), RegisteredHandler(callback=<bound method Auditor._save_audits of <Auditor>>, priority=1, kwargs={}, key=UUID('1533c1c4-bf2b-4f8e-86a5-7925468233c6'), condition=None, blocking_facility=None)]. The order of those handlers is not defined and they will be executed in random order. This might lead to race conditions and potential bugs.
2025-11-05 17:11:44,707 : INFO : EventManager : Event: ======'mode_base_starting'====== Args={'player': 1, 'ball': 2, 'balls_remaining': 1, 'is_extra_ball': False}
2025-11-05 17:11:44,708 : INFO : EventManager : Unordered handler for class <Auditor> on event game_ended with priority 1. Handlers: [RegisteredHandler(callback=<bound method Auditor.disable of <Auditor>>, priority=1, kwargs={}, key=UUID('a3ccda93-4a4d-4b2a-96ff-973505bb541c'), condition=None, blocking_facility=None), RegisteredHandler(callback=<bound method Auditor._save_audits of <Auditor>>, priority=1, kwargs={}, key=UUID('1533c1c4-bf2b-4f8e-86a5-7925468233c6'), condition=None, blocking_facility=None)]. The order of those handlers is not defined and they will be executed in random order. This might lead to race conditions and potential bugs.
2025-11-05 17:11:44,708 : INFO : Mode.music_ball_2plus : Started. Priority: 60
2025-11-05 17:11:44,708 : INFO : EventManager : Event: ======'modes_active_modes_changed'====== Args={}
2025-11-05 17:11:44,708 : INFO : EventManager : Event: ======'mode_music_ball_2plus_started'====== Args={'player': 1, 'ball': 2, 'balls_remaining': 1, 'is_extra_ball': False}
2025-11-05 17:11:44,709 : INFO : EventManager : Event: ======'logicblock_eg_pop_counter_updated'====== Args={'value': 0, 'enabled': True}
2025-11-05 17:11:44,709 : INFO : EventManager : Event: ======'logicblock_eg_pop_counter_updated'====== Args={'value': 0, 'enabled': True}
2025-11-05 17:11:44,709 : INFO : Mode.base : Started. Priority: 50
2025-11-05 17:11:44,709 : INFO : EventManager : Event: ======'modes_active_modes_changed'====== Args={}
2025-11-05 17:11:44,709 : INFO : EventManager : Event: ======'mode_base_started'====== Args={'player': 1, 'ball': 2, 'balls_remaining': 1, 'is_extra_ball': False}
2025-11-05 17:11:44,709 : INFO : EventManager : Event: ======'stop_mode_attract'====== Args={'priority': 0}
2025-11-05 17:11:44,709 : INFO : EventManager : Event: ======'mode_attract_will_stop'====== Args={'priority': 0}
2025-11-05 17:11:44,711 : INFO : EventManager : Event: ======'godot_attract_off'====== Args={'priority': 0}
2025-11-05 17:11:44,711 : INFO : EventManager : Event: ======'godot_play_base'====== Args={'priority': 0}
2025-11-05 17:11:44,711 : INFO : EventManager : Event: ======'start_subsequent_loop'====== Args={'priority': 0}
2025-11-05 17:11:44,711 : INFO : EventManager : Event: ======'single_player_ball_started'====== Args={}
2025-11-05 17:11:44,727 : INFO : EventManager : Event: ======'ball_start_target'====== Args={'target': 'playfield'}
2025-11-05 17:11:44,727 : INFO : ball_device.bd_trough : Setting up player-controlled eject. Balls: 1, Target: <playfield.playfield>, player_controlled_eject_event: None
2025-11-05 17:11:44,727 : INFO : ball_device.bd_trough : Adding 1 ball(s) to the eject_queue with target <playfield.playfield>.
2025-11-05 17:11:44,727 : INFO : EventManager : Event: ======'balldevice_balls_available'====== Args={}
2025-11-05 17:11:44,728 : INFO : ball_device.bd_trough : State: waiting_for_target_ready
2025-11-05 17:11:44,728 : INFO : EventManager : Event: ======'balldevice_bd_trough_ball_eject_attempt'====== Args={'balls': 1, 'target': <playfield.playfield>, 'source': <ball_device.bd_trough>, 'mechanical_eject': False, 'num_attempts': 0}
2025-11-05 17:11:44,729 : INFO : ball_device.bd_trough : State: ejecting
2025-11-05 17:11:44,729 : INFO : ball_device.bd_trough : Ejecting ball to <playfield.playfield>
2025-11-05 17:11:44,729 : INFO : EventManager : Event: ======'balldevice_bd_trough_ejecting_ball'====== Args={'balls': 1, 'target': <playfield.playfield>, 'source': <ball_device.bd_trough>, 'mechanical_eject': False, 'num_attempts': 0}
2025-11-05 17:11:44,730 : INFO : ball_device.bd_trough : Wait for ball to leave device
2025-11-05 17:11:44,730 : INFO : coil.c_trough_eject : Pulsing Driver for 40ms (1.0 pulse_power)
2025-11-05 17:11:44,779 : INFO : SwitchController : <<<<<<< 's_trough' inactive >>>>>>>
2025-11-05 17:11:44,786 : INFO : ball_device.bd_trough : State: ball_left
2025-11-05 17:11:44,787 : INFO : ball_device.bd_trough : Ball left
2025-11-05 17:11:44,787 : INFO : ball_device.bd_trough : Wait for confirm with timeout 10.0
2025-11-05 17:11:44,853 : INFO : EventManager : Event: ======'slide_base_created'====== Args={'_from_bcp': True}
2025-11-05 17:11:44,853 : INFO : EventManager : Event: ======'slide_base_inactive'====== Args={'is_removing': True, '_from_bcp': True}
2025-11-05 17:11:44,854 : INFO : EventManager : Event: ======'slide_base_active'====== Args={'original_context': 'base', 'original_calling_context': 'mode_base_started', 'priority': 50.0, 'player': 1.0, 'ball': 2.0, 'balls_remaining': 1.0, 'is_extra_ball': False, 'cmd': 'slides_play', '_from_bcp': True}
2025-11-05 17:11:44,854 : INFO : EventManager : Event: ======'slide_base_removed'====== Args={'_from_bcp': True}
2025-11-05 17:11:44,981 : INFO : EventManager : Event: ======'blink_on'====== Args={'priority': 0}
2025-11-05 17:11:45,585 : INFO : EventManager : Event: ======'blink_off'====== Args={'priority': 0}
2025-11-05 17:11:45,586 : INFO : EventManager : Unordered handler for class <Auditor> on event game_ended with priority 1. Handlers: [RegisteredHandler(callback=<bound method Auditor.disable of <Auditor>>, priority=1, kwargs={}, key=UUID('a3ccda93-4a4d-4b2a-96ff-973505bb541c'), condition=None, blocking_facility=None), RegisteredHandler(callback=<bound method Auditor._save_audits of <Auditor>>, priority=1, kwargs={}, key=UUID('1533c1c4-bf2b-4f8e-86a5-7925468233c6'), condition=None, blocking_facility=None)]. The order of those handlers is not defined and they will be executed in random order. This might lead to race conditions and potential bugs.
2025-11-05 17:11:46,192 : INFO : EventManager : Event: ======'blink_on'====== Args={'priority': 0}
2025-11-05 17:11:46,793 : INFO : EventManager : Event: ======'blink_off'====== Args={'priority': 0}
2025-11-05 17:11:46,793 : INFO : EventManager : Unordered handler for class <Auditor> on event game_ended with priority 1. Handlers: [RegisteredHandler(callback=<bound method Auditor.disable of <Auditor>>, priority=1, kwargs={}, key=UUID('a3ccda93-4a4d-4b2a-96ff-973505bb541c'), condition=None, blocking_facility=None), RegisteredHandler(callback=<bound method Auditor._save_audits of <Auditor>>, priority=1, kwargs={}, key=UUID('1533c1c4-bf2b-4f8e-86a5-7925468233c6'), condition=None, blocking_facility=None)]. The order of those handlers is not defined and they will be executed in random order. This might lead to race conditions and potential bugs.
2025-11-05 17:11:47,385 : INFO : EventManager : Event: ======'blink_on'====== Args={'priority': 0}
2025-11-05 17:11:47,989 : INFO : EventManager : Event: ======'blink_off'====== Args={'priority': 0}
2025-11-05 17:11:47,989 : INFO : EventManager : Unordered handler for class <Auditor> on event game_ended with priority 1. Handlers: [RegisteredHandler(callback=<bound method Auditor.disable of <Auditor>>, priority=1, kwargs={}, key=UUID('a3ccda93-4a4d-4b2a-96ff-973505bb541c'), condition=None, blocking_facility=None), RegisteredHandler(callback=<bound method Auditor._save_audits of <Auditor>>, priority=1, kwargs={}, key=UUID('1533c1c4-bf2b-4f8e-86a5-7925468233c6'), condition=None, blocking_facility=None)]. The order of those handlers is not defined and they will be executed in random order. This might lead to race conditions and potential bugs.
2025-11-05 17:11:48,593 : INFO : EventManager : Event: ======'blink_on'====== Args={'priority': 0}
2025-11-05 17:11:49,186 : INFO : EventManager : Event: ======'blink_off'====== Args={'priority': 0}
2025-11-05 17:11:49,187 : INFO : EventManager : Unordered handler for class <Auditor> on event game_ended with priority 1. Handlers: [RegisteredHandler(callback=<bound method Auditor.disable of <Auditor>>, priority=1, kwargs={}, key=UUID('a3ccda93-4a4d-4b2a-96ff-973505bb541c'), condition=None, blocking_facility=None), RegisteredHandler(callback=<bound method Auditor._save_audits of <Auditor>>, priority=1, kwargs={}, key=UUID('1533c1c4-bf2b-4f8e-86a5-7925468233c6'), condition=None, blocking_facility=None)]. The order of those handlers is not defined and they will be executed in random order. This might lead to race conditions and potential bugs.
2025-11-05 17:11:49,795 : INFO : EventManager : Event: ======'blink_on'====== Args={'priority': 0}
2025-11-05 17:11:50,388 : INFO : EventManager : Event: ======'blink_off'====== Args={'priority': 0}
2025-11-05 17:11:50,388 : INFO : EventManager : Unordered handler for class <Auditor> on event game_ended with priority 1. Handlers: [RegisteredHandler(callback=<bound method Auditor.disable of <Auditor>>, priority=1, kwargs={}, key=UUID('a3ccda93-4a4d-4b2a-96ff-973505bb541c'), condition=None, blocking_facility=None), RegisteredHandler(callback=<bound method Auditor._save_audits of <Auditor>>, priority=1, kwargs={}, key=UUID('1533c1c4-bf2b-4f8e-86a5-7925468233c6'), condition=None, blocking_facility=None)]. The order of those handlers is not defined and they will be executed in random order. This might lead to race conditions and potential bugs.
2025-11-05 17:11:50,974 : INFO : EventManager : Event: ======'blink_on'====== Args={'priority': 0}
2025-11-05 17:11:51,594 : INFO : EventManager : Event: ======'blink_off'====== Args={'priority': 0}
2025-11-05 17:11:51,594 : INFO : EventManager : Unordered handler for class <Auditor> on event game_ended with priority 1. Handlers: [RegisteredHandler(callback=<bound method Auditor.disable of <Auditor>>, priority=1, kwargs={}, key=UUID('a3ccda93-4a4d-4b2a-96ff-973505bb541c'), condition=None, blocking_facility=None), RegisteredHandler(callback=<bound method Auditor._save_audits of <Auditor>>, priority=1, kwargs={}, key=UUID('1533c1c4-bf2b-4f8e-86a5-7925468233c6'), condition=None, blocking_facility=None)]. The order of those handlers is not defined and they will be executed in random order. This might lead to race conditions and potential bugs.
2025-11-05 17:11:52,186 : INFO : EventManager : Event: ======'blink_on'====== Args={'priority': 0}
2025-11-05 17:11:52,793 : INFO : EventManager : Event: ======'blink_off'====== Args={'priority': 0}
2025-11-05 17:11:52,793 : INFO : EventManager : Unordered handler for class <Auditor> on event game_ended with priority 1. Handlers: [RegisteredHandler(callback=<bound method Auditor.disable of <Auditor>>, priority=1, kwargs={}, key=UUID('a3ccda93-4a4d-4b2a-96ff-973505bb541c'), condition=None, blocking_facility=None), RegisteredHandler(callback=<bound method Auditor._save_audits of <Auditor>>, priority=1, kwargs={}, key=UUID('1533c1c4-bf2b-4f8e-86a5-7925468233c6'), condition=None, blocking_facility=None)]. The order of those handlers is not defined and they will be executed in random order. This might lead to race conditions and potential bugs.
2025-11-05 17:11:53,383 : INFO : EventManager : Event: ======'blink_on'====== Args={'priority': 0}
2025-11-05 17:11:53,987 : INFO : EventManager : Event: ======'blink_off'====== Args={'priority': 0}
2025-11-05 17:11:53,987 : INFO : EventManager : Unordered handler for class <Auditor> on event game_ended with priority 1. Handlers: [RegisteredHandler(callback=<bound method Auditor.disable of <Auditor>>, priority=1, kwargs={}, key=UUID('a3ccda93-4a4d-4b2a-96ff-973505bb541c'), condition=None, blocking_facility=None), RegisteredHandler(callback=<bound method Auditor._save_audits of <Auditor>>, priority=1, kwargs={}, key=UUID('1533c1c4-bf2b-4f8e-86a5-7925468233c6'), condition=None, blocking_facility=None)]. The order of those handlers is not defined and they will be executed in random order. This might lead to race conditions and potential bugs.
2025-11-05 17:11:54,128 : INFO : Machine : Shutting down...
2025-11-05 17:11:54,128 : INFO : EventManager : Event: ======'shutdown'====== Args={}
2025-11-05 17:11:54,129 : INFO : EventManager : Event: ======'mode_game_will_stop'====== Args={}
2025-11-05 17:11:54,131 : INFO : EventManager : Event: ======'mode_game_stopping'====== Args={}
2025-11-05 17:11:54,133 : INFO : EventManager : Event: ======'mode_music_ball_2plus_will_stop'====== Args={}
2025-11-05 17:11:54,133 : INFO : EventManager : Event: ======'mode_music_ball_2plus_stopping'====== Args={}
2025-11-05 17:11:54,133 : INFO : EventManager : Event: ======'mode_base_will_stop'====== Args={}
2025-11-05 17:11:54,133 : INFO : EventManager : Event: ======'mode_base_stopping'====== Args={}
2025-11-05 17:11:54,133 : INFO : EventManager : Event: ======'godot_stop_base'====== Args={'priority': 0}
2025-11-05 17:11:54,133 : INFO : Mode.base : Stopped.
2025-11-05 17:11:54,134 : INFO : EventManager : Event: ======'modes_active_modes_changed'====== Args={}
2025-11-05 17:11:54,134 : INFO : EventManager : Event: ======'mode_base_stopped'====== Args={}
2025-11-05 17:11:54,134 : INFO : EventManager : Event: ======'clear'====== Args={'key': 'base'}
2025-11-05 17:11:54,134 : INFO : Mode.music_ball_2plus : Stopped.
2025-11-05 17:11:54,134 : INFO : EventManager : Event: ======'modes_active_modes_changed'====== Args={}
2025-11-05 17:11:54,134 : INFO : EventManager : Event: ======'mode_music_ball_2plus_stopped'====== Args={}
2025-11-05 17:11:54,134 : INFO : EventManager : Event: ======'clear'====== Args={'key': 'music_ball_2plus'}
2025-11-05 17:11:54,136 : INFO : Mode.game : Stopped.
2025-11-05 17:11:54,136 : INFO : EventManager : Event: ======'modes_active_modes_changed'====== Args={}
2025-11-05 17:11:54,136 : INFO : EventManager : Event: ======'mode_game_stopped'====== Args={}
2025-11-05 17:11:54,136 : INFO : EventManager : Event: ======'clear'====== Args={'key': 'game'}
2025-11-05 17:11:54,239 : INFO : root : MPF run loop ended.
