2025-10-24 21:10:16,016 : INFO : root : Loading config.
2025-10-24 21:10:16,029 : INFO : YamlMultifileConfigLoader : Machine config file #1: config.yaml
2025-10-24 21:10:16,030 : WARNING : ConfigProcessor : Config file in cache changed: C:\Users\antho\nightpin\config\config.yaml
2025-10-24 21:10:16,030 : INFO : ConfigProcessor : Loading config from file C:\Users\antho\mpf\Lib\site-packages\mpf\mpfconfig.yaml.
2025-10-24 21:10:16,063 : INFO : ConfigProcessor : Loading config: C:\Users\antho\mpf\Lib\site-packages\mpf\mpfconfig.yaml
2025-10-24 21:10:16,065 : INFO : ConfigProcessor : Loading config from file C:\Users\antho\nightpin\config\config.yaml.
2025-10-24 21:10:16,093 : INFO : ConfigProcessor : Loading config: C:\Users\antho\nightpin\config\config.yaml
2025-10-24 21:10:16,097 : INFO : ConfigProcessor : Loading config: C:\Users\antho\nightpin\config\config_ball_devices.yaml
2025-10-24 21:10:16,102 : INFO : ConfigProcessor : Loading config: C:\Users\antho\nightpin\config\config_coils.yaml
2025-10-24 21:10:16,110 : INFO : ConfigProcessor : Loading config: C:\Users\antho\nightpin\config\config_switches.yaml
2025-10-24 21:10:16,119 : INFO : ConfigProcessor : Loading config: C:\Users\antho\nightpin\config\config_lights.yaml
2025-10-24 21:10:16,123 : INFO : ConfigProcessor : Loading config: C:\Users\antho\nightpin\config\config_sounds.yaml
2025-10-24 21:10:16,123 : ERROR : ConfigProcessor : Config section 'sounds' is removed in MPF 0.80 and will be ignored.
2025-10-24 21:10:16,130 : INFO : ConfigProcessor : Config file cache created: C:\Users\antho\AppData\Local\Temp\fdca14d0c9d658ab8200d57120800af5.mpf_cache
2025-10-24 21:10:16,398 : INFO : ConfigProcessor : Loading config from cache: C:\Users\antho\AppData\Local\Temp\5dec96b1547c4adf5bdd3d1715e74bc0.mpf_cache
2025-10-24 21:10:16,400 : INFO : ConfigProcessor : Loading config from cache: C:\Users\antho\AppData\Local\Temp\202a5840610e95051f9f473dfa660cc0.mpf_cache
2025-10-24 21:10:16,401 : INFO : ConfigProcessor : Loading config from cache: C:\Users\antho\AppData\Local\Temp\5dec96b1547c4adf5bdd3d1715e74bc0.mpf_cache
2025-10-24 21:10:16,402 : INFO : ConfigProcessor : Loading config from cache: C:\Users\antho\AppData\Local\Temp\2cd13a2d3f375e00ab01d6d09a85d8e7.mpf_cache
2025-10-24 21:10:16,404 : INFO : ConfigProcessor : Loading config from cache: C:\Users\antho\AppData\Local\Temp\9220b44b97b91972524500b81035d790.mpf_cache
2025-10-24 21:10:16,406 : INFO : ConfigProcessor : Loading config from cache: C:\Users\antho\AppData\Local\Temp\31ee881584fa6fce665a672a4f3f633a.mpf_cache
2025-10-24 21:10:16,407 : INFO : ConfigProcessor : Loading config from cache: C:\Users\antho\AppData\Local\Temp\5e841763ec73085bbf92358fe6afda21.mpf_cache
2025-10-24 21:10:16,408 : INFO : ConfigProcessor : Loading config from cache: C:\Users\antho\AppData\Local\Temp\b17152efa55a24f0424602723f8d3921.mpf_cache
2025-10-24 21:10:16,409 : INFO : ConfigProcessor : Loading config from cache: C:\Users\antho\AppData\Local\Temp\e87fc0e7d2f8a851b5fa3f604e0d0c6e.mpf_cache
2025-10-24 21:10:16,410 : INFO : ConfigProcessor : Loading config from cache: C:\Users\antho\AppData\Local\Temp\196ac76b6cab3a9880804c826cfbcb5c.mpf_cache
2025-10-24 21:10:16,411 : INFO : ConfigProcessor : Loading config from cache: C:\Users\antho\AppData\Local\Temp\834292dd7853e12a66732dc89828c828.mpf_cache
2025-10-24 21:10:16,414 : INFO : ConfigProcessor : Loading config from cache: C:\Users\antho\AppData\Local\Temp\ae2be9c5579852c305357e207df97e8b.mpf_cache
2025-10-24 21:10:16,415 : INFO : ConfigProcessor : Loading config from cache: C:\Users\antho\AppData\Local\Temp\46f8fa3e41dfeeb8232af2f03a13b6c4.mpf_cache
2025-10-24 21:10:16,416 : INFO : ConfigProcessor : Loading config from cache: C:\Users\antho\AppData\Local\Temp\c67e9c175da6c060302945929b27b878.mpf_cache
2025-10-24 21:10:16,416 : INFO : ConfigProcessor : Loading config from cache: C:\Users\antho\AppData\Local\Temp\1c965aadbb61a7e709e8884fad17ac0b.mpf_cache
2025-10-24 21:10:16,418 : INFO : ConfigProcessor : Loading config from cache: C:\Users\antho\AppData\Local\Temp\60ca9d662df3e70e96f6d7ec0f4491aa.mpf_cache
2025-10-24 21:10:16,420 : INFO : Machine : Mission Pinball Framework Core Engine v0.80.0.dev11
2025-10-24 21:10:16,420 : INFO : Machine : Command line arguments: {'no_load_cache': False, 'create_config_cache': True, 'bcp': True, 'configfile': ['config.yaml'], 'force_assets_load': False, 'platform_integration_test': False, 'jsonlogging': False, 'logfile': 'logs\\2025-10-24-21-10-16-mpf-LAPTOP-MPGP6R69.log', 'pause': False, 'production': False, 'text_ui': True, 'loglevel': 15, 'consoleloglevel': 20, 'force_platform': None, 'syslog_address': None, 'full_logfile_path': 'C:\\Users\\antho\\nightpin\\logs\\2025-10-24-21-10-16-mpf-LAPTOP-MPGP6R69.log'}
2025-10-24 21:10:16,420 : INFO : Machine : MPF path: C:\Users\antho\mpf\Lib\site-packages\mpf
2025-10-24 21:10:16,420 : INFO : Machine : Machine path: C:\Users\antho\nightpin
2025-10-24 21:10:16,420 : INFO : Machine : Platform: win32
2025-10-24 21:10:16,421 : INFO : Machine : Python executable location: C:\Users\antho\mpf\Scripts\python.exe
2025-10-24 21:10:16,421 : INFO : Machine : Python version: 3.12.7 (64-bit)
2025-10-24 21:10:16,425 : INFO : Machine : Initializing MPF...
2025-10-24 21:10:17,082 : INFO : lisy : Connecting to com3 at 115200bps
2025-10-24 21:10:17,084 : WARNING : lisy : Could not import terminos (this is ok on windows).
2025-10-24 21:10:17,248 : INFO : EventManager : Event: ======'machine_var_lisy_hardware'====== Args={'value': 'LISY35', 'prev_value': None, 'change': True}
2025-10-24 21:10:17,249 : INFO : EventManager : Event: ======'machine_var_lisy_version'====== Args={'value': '5.26 ', 'prev_value': None, 'change': True}
2025-10-24 21:10:17,249 : INFO : EventManager : Event: ======'machine_var_lisy_api_version'====== Args={'value': b'0.09', 'prev_value': None, 'change': True}
2025-10-24 21:10:18,596 : INFO : EventManager : Event: ======'machine_var_credits_string'====== Args={'value': 'FREE PLAY', 'prev_value': None, 'change': True}
2025-10-24 21:10:18,662 : INFO : EventManager : Event: ======'machine_var_master_volume'====== Args={'value': 0.5, 'prev_value': None, 'change': True}
2025-10-24 21:10:18,663 : INFO : EventManager : Event: ======'machine_var_player1_score'====== Args={'value': 4230, 'prev_value': None, 'change': True}
2025-10-24 21:10:18,663 : INFO : EventManager : Event: ======'machine_var_mpf_version'====== Args={'value': 'Mission Pinball Framework v0.80.0.dev11', 'prev_value': None, 'change': True}
2025-10-24 21:10:18,663 : INFO : EventManager : Event: ======'machine_var_mpf_extended_version'====== Args={'value': 'Mission Pinball Framework v0.80.0.dev11, Config version:6, Show version: 6, BCP version:1.1', 'prev_value': None, 'change': True}
2025-10-24 21:10:18,664 : INFO : EventManager : Event: ======'machine_var_python_version'====== Args={'value': '3.12.7', 'prev_value': None, 'change': True}
2025-10-24 21:10:19,030 : INFO : EventManager : Event: ======'machine_var_platform'====== Args={'value': 'Windows-11-10.0.26100-SP0', 'prev_value': None, 'change': True}
2025-10-24 21:10:19,030 : INFO : EventManager : Event: ======'machine_var_platform_system'====== Args={'value': 'Windows', 'prev_value': None, 'change': True}
2025-10-24 21:10:19,031 : INFO : EventManager : Event: ======'machine_var_platform_release'====== Args={'value': '11', 'prev_value': None, 'change': True}
2025-10-24 21:10:19,031 : INFO : EventManager : Event: ======'machine_var_platform_version'====== Args={'value': '10.0.26100', 'prev_value': None, 'change': True}
2025-10-24 21:10:19,031 : INFO : EventManager : Event: ======'machine_var_platform_machine'====== Args={'value': 'AMD64', 'prev_value': None, 'change': True}
2025-10-24 21:10:19,031 : INFO : EventManager : Event: ======'machine_var_log_file_path'====== Args={'value': 'C:\\Users\\antho\\nightpin\\logs\\2025-10-24-21-10-16-mpf-LAPTOP-MPGP6R69.log', 'prev_value': None, 'change': True}
2025-10-24 21:10:19,031 : INFO : EventManager : Event: ======'init_phase_1'====== Args={}
2025-10-24 21:10:19,121 : INFO : EventManager : Event: ======'drop_target_bank_right_bank_up'====== Args={}
2025-10-24 21:10:19,121 : INFO : EventManager : Event: ======'drop_target_bank_left_bank_up'====== Args={}
2025-10-24 21:10:19,123 : INFO : EventManager : Event: ======'init_phase_2'====== Args={}
2025-10-24 21:10:19,124 : INFO : SwitchController : Found active switch: ('8', <mpf.platforms.lisy.lisy.LisyHardwarePlatform object at 0x0000017B108996D0>) <switch.s_trough>
2025-10-24 21:10:19,148 : INFO : EventManager : Event: ======'bcp_connection_attempt'====== Args={'name': 'local_display', 'host': 'localhost', 'port': 5050}
2025-10-24 21:10:19,152 : INFO : BCPClientSocket : Connecting BCP to 'local_display' at localhost:5050...
2025-10-24 21:10:19,735 : INFO : BCPClientSocket : Connected BCP to 'local_display' localhost:5050
2025-10-24 21:10:19,737 : INFO : EventManager : Event: ======'bcp_clients_connected'====== Args={}
2025-10-24 21:10:20,026 : INFO : ball_device.bd_trough : BCH: Initial count: 1
2025-10-24 21:10:20,027 : INFO : ball_device.bd_trough : State: idle
2025-10-24 21:10:20,029 : INFO : ball_device.bd_saucer : BCH: Initial count: 0
2025-10-24 21:10:20,029 : INFO : ball_device.bd_saucer : State: idle
2025-10-24 21:10:20,056 : INFO : EventManager : Event: ======'init_phase_3'====== Args={}
2025-10-24 21:10:20,072 : INFO : EventManager : Event: ======'init_phase_4'====== Args={}
2025-10-24 21:10:20,073 : INFO : BallController : Initial balls found: 1
2025-10-24 21:10:20,077 : INFO : EventManager : Event: ======'machine_var_audits_events_game_ended'====== Args={'value': 1, 'prev_value': None, 'change': True}
2025-10-24 21:10:20,077 : INFO : EventManager : Event: ======'machine_var_audits_events_game_started'====== Args={'value': 11, 'prev_value': None, 'change': True}
2025-10-24 21:10:20,078 : INFO : EventManager : Event: ======'machine_var_audits_missing_switches_s_coin_right'====== Args={'value': 10, 'prev_value': None, 'change': True}
2025-10-24 21:10:20,078 : INFO : EventManager : Event: ======'machine_var_audits_missing_switches_s_credit_button'====== Args={'value': 10, 'prev_value': None, 'change': True}
2025-10-24 21:10:20,078 : INFO : EventManager : Event: ======'machine_var_audits_missing_switches_s_inlanes'====== Args={'value': 2, 'prev_value': None, 'change': True}
2025-10-24 21:10:20,078 : INFO : EventManager : Event: ======'machine_var_audits_missing_switches_s_left_bank_target_left'====== Args={'value': 2, 'prev_value': None, 'change': True}
2025-10-24 21:10:20,078 : INFO : EventManager : Event: ======'machine_var_audits_missing_switches_s_left_bank_target_middle'====== Args={'value': 2, 'prev_value': None, 'change': True}
2025-10-24 21:10:20,079 : INFO : EventManager : Event: ======'machine_var_audits_missing_switches_s_left_bank_target_right'====== Args={'value': 2, 'prev_value': None, 'change': True}
2025-10-24 21:10:20,079 : INFO : EventManager : Event: ======'machine_var_audits_missing_switches_s_left_lower_bumper'====== Args={'value': 2, 'prev_value': None, 'change': True}
2025-10-24 21:10:20,079 : INFO : EventManager : Event: ======'machine_var_audits_missing_switches_s_left_outlane_rollover'====== Args={'value': 2, 'prev_value': None, 'change': True}
2025-10-24 21:10:20,079 : INFO : EventManager : Event: ======'machine_var_audits_missing_switches_s_left_upper_bumper'====== Args={'value': 2, 'prev_value': None, 'change': True}
2025-10-24 21:10:20,079 : INFO : EventManager : Event: ======'machine_var_audits_missing_switches_s_middle_skill_lane'====== Args={'value': 2, 'prev_value': None, 'change': True}
2025-10-24 21:10:20,079 : INFO : EventManager : Event: ======'machine_var_audits_missing_switches_s_right_bank_target_middle'====== Args={'value': 3, 'prev_value': None, 'change': True}
2025-10-24 21:10:20,080 : INFO : EventManager : Event: ======'machine_var_audits_missing_switches_s_right_bank_target_right'====== Args={'value': 2, 'prev_value': None, 'change': True}
2025-10-24 21:10:20,080 : INFO : EventManager : Event: ======'machine_var_audits_missing_switches_s_right_outlane_rollover'====== Args={'value': 4, 'prev_value': None, 'change': True}
2025-10-24 21:10:20,080 : INFO : EventManager : Event: ======'machine_var_audits_missing_switches_s_saucer'====== Args={'value': 3, 'prev_value': None, 'change': True}
2025-10-24 21:10:20,080 : INFO : EventManager : Event: ======'machine_var_audits_missing_switches_s_slam_tilt'====== Args={'value': 10, 'prev_value': None, 'change': True}
2025-10-24 21:10:20,080 : INFO : EventManager : Event: ======'machine_var_audits_missing_switches_s_stand_up'====== Args={'value': 2, 'prev_value': None, 'change': True}
2025-10-24 21:10:20,081 : INFO : EventManager : Event: ======'machine_var_audits_missing_switches_s_start_button'====== Args={'value': 11, 'prev_value': None, 'change': True}
2025-10-24 21:10:20,081 : INFO : EventManager : Event: ======'machine_var_audits_missing_switches_s_tilt'====== Args={'value': 11, 'prev_value': None, 'change': True}
2025-10-24 21:10:20,081 : INFO : EventManager : Event: ======'machine_var_audits_missing_switches_s_trough'====== Args={'value': 1, 'prev_value': None, 'change': True}
2025-10-24 21:10:20,081 : INFO : EventManager : Event: ======'machine_var_audits_player_score'====== Args={'value': {'average': 4230, 'top': [4230], 'total': 1}, 'prev_value': None, 'change': True}
2025-10-24 21:10:20,081 : INFO : EventManager : Event: ======'machine_var_audits_switches_s_coin_right'====== Args={'value': 1, 'prev_value': None, 'change': True}
2025-10-24 21:10:20,082 : INFO : EventManager : Event: ======'machine_var_audits_switches_s_credit_button'====== Args={'value': 2, 'prev_value': None, 'change': True}
2025-10-24 21:10:20,082 : INFO : EventManager : Event: ======'machine_var_audits_switches_s_inlanes'====== Args={'value': 9, 'prev_value': None, 'change': True}
2025-10-24 21:10:20,082 : INFO : EventManager : Event: ======'machine_var_audits_switches_s_left_bank_target_left'====== Args={'value': 15, 'prev_value': None, 'change': True}
2025-10-24 21:10:20,082 : INFO : EventManager : Event: ======'machine_var_audits_switches_s_left_bank_target_middle'====== Args={'value': 12, 'prev_value': None, 'change': True}
2025-10-24 21:10:20,082 : INFO : EventManager : Event: ======'machine_var_audits_switches_s_left_bank_target_right'====== Args={'value': 15, 'prev_value': None, 'change': True}
2025-10-24 21:10:20,083 : INFO : EventManager : Event: ======'machine_var_audits_switches_s_left_lower_bumper'====== Args={'value': 14, 'prev_value': None, 'change': True}
2025-10-24 21:10:20,083 : INFO : EventManager : Event: ======'machine_var_audits_switches_s_left_outlane_rollover'====== Args={'value': 4, 'prev_value': None, 'change': True}
2025-10-24 21:10:20,083 : INFO : EventManager : Event: ======'machine_var_audits_switches_s_left_pop_bumper'====== Args={'value': 30, 'prev_value': None, 'change': True}
2025-10-24 21:10:20,083 : INFO : EventManager : Event: ======'machine_var_audits_switches_s_left_sling'====== Args={'value': 30, 'prev_value': None, 'change': True}
2025-10-24 21:10:20,083 : INFO : EventManager : Event: ======'machine_var_audits_switches_s_left_upper_bumper'====== Args={'value': 7, 'prev_value': None, 'change': True}
2025-10-24 21:10:20,083 : INFO : EventManager : Event: ======'machine_var_audits_switches_s_middle_pop_bumper'====== Args={'value': 28, 'prev_value': None, 'change': True}
2025-10-24 21:10:20,083 : INFO : EventManager : Event: ======'machine_var_audits_switches_s_middle_skill_lane'====== Args={'value': 10, 'prev_value': None, 'change': True}
2025-10-24 21:10:20,083 : INFO : EventManager : Event: ======'machine_var_audits_switches_s_middle_upper_rollovers'====== Args={'value': 21, 'prev_value': None, 'change': True}
2025-10-24 21:10:20,085 : INFO : EventManager : Event: ======'machine_var_audits_switches_s_outer_skill_lanes'====== Args={'value': 16, 'prev_value': None, 'change': True}
2025-10-24 21:10:20,085 : INFO : EventManager : Event: ======'machine_var_audits_switches_s_pop_bumper_bottom'====== Args={'value': 6, 'prev_value': None, 'change': True}
2025-10-24 21:10:20,085 : INFO : EventManager : Event: ======'machine_var_audits_switches_s_pop_bumper_left'====== Args={'value': 2, 'prev_value': None, 'change': True}
2025-10-24 21:10:20,085 : INFO : EventManager : Event: ======'machine_var_audits_switches_s_pop_bumper_right'====== Args={'value': 1, 'prev_value': None, 'change': True}
2025-10-24 21:10:20,085 : INFO : EventManager : Event: ======'machine_var_audits_switches_s_right_bank_target_left'====== Args={'value': 11, 'prev_value': None, 'change': True}
2025-10-24 21:10:20,086 : INFO : EventManager : Event: ======'machine_var_audits_switches_s_right_bank_target_middle'====== Args={'value': 7, 'prev_value': None, 'change': True}
2025-10-24 21:10:20,086 : INFO : EventManager : Event: ======'machine_var_audits_switches_s_right_bank_target_right'====== Args={'value': 9, 'prev_value': None, 'change': True}
2025-10-24 21:10:20,086 : INFO : EventManager : Event: ======'machine_var_audits_switches_s_right_outlane_rollover'====== Args={'value': 2, 'prev_value': None, 'change': True}
2025-10-24 21:10:20,086 : INFO : EventManager : Event: ======'machine_var_audits_switches_s_right_pop_bumper'====== Args={'value': 28, 'prev_value': None, 'change': True}
2025-10-24 21:10:20,086 : INFO : EventManager : Event: ======'machine_var_audits_switches_s_right_sling'====== Args={'value': 25, 'prev_value': None, 'change': True}
2025-10-24 21:10:20,087 : INFO : EventManager : Event: ======'machine_var_audits_switches_s_saucer'====== Args={'value': 8, 'prev_value': None, 'change': True}
2025-10-24 21:10:20,087 : INFO : EventManager : Event: ======'machine_var_audits_switches_s_slam_tilt'====== Args={'value': 1, 'prev_value': None, 'change': True}
2025-10-24 21:10:20,087 : INFO : EventManager : Event: ======'machine_var_audits_switches_s_spinner'====== Args={'value': 128, 'prev_value': None, 'change': True}
2025-10-24 21:10:20,088 : INFO : EventManager : Event: ======'machine_var_audits_switches_s_stand_up'====== Args={'value': 3, 'prev_value': None, 'change': True}
2025-10-24 21:10:20,088 : INFO : EventManager : Event: ======'machine_var_audits_switches_s_start_button'====== Args={'value': 0, 'prev_value': None, 'change': True}
2025-10-24 21:10:20,088 : INFO : EventManager : Event: ======'machine_var_audits_switches_s_tilt'====== Args={'value': 0, 'prev_value': None, 'change': True}
2025-10-24 21:10:20,088 : INFO : EventManager : Event: ======'machine_var_audits_switches_s_trough'====== Args={'value': 47, 'prev_value': None, 'change': True}
2025-10-24 21:10:20,090 : INFO : EventManager : Event: ======'init_phase_5'====== Args={}
2025-10-24 21:10:20,210 : INFO : EventManager : Event: ======'init_done'====== Args={}
2025-10-24 21:10:20,213 : INFO : EventManager : Event: ======'machine_reset_phase_1'====== Args={}
2025-10-24 21:10:20,214 : INFO : SwitchController : <<<<<<< 's_right_bank_target_left' active >>>>>>>
2025-10-24 21:10:20,214 : INFO : EventManager : Event: ======'playfield_active'====== Args={'source': 's_right_bank_target_left'}
2025-10-24 21:10:20,214 : INFO : EventManager : Event: ======'unexpected_ball_on_playfield'====== Args={}
2025-10-24 21:10:20,214 : INFO : EventManager : Event: ======'drop_target_s_right_bank_target_left_down'====== Args={'device': <drop_target.s_right_bank_target_left>}
2025-10-24 21:10:20,215 : INFO : EventManager : Event: ======'drop_target_bank_right_bank_mixed'====== Args={'prev_value': <DropTargetBankState.UP: 'up'>, 'down': 1}
2025-10-24 21:10:20,238 : INFO : EventManager : Event: ======'machine_reset_phase_2'====== Args={}
2025-10-24 21:10:20,240 : INFO : EventManager : Event: ======'machine_reset_phase_3'====== Args={}
2025-10-24 21:10:20,241 : INFO : EventManager : Event: ======'mode_attract_will_start'====== Args={'queue': <QueuedEvent>}
2025-10-24 21:10:20,242 : INFO : EventManager : Event: ======'mode_attract_starting'====== Args={'queue': <QueuedEvent>}
2025-10-24 21:10:20,243 : INFO : Mode.attract : Started. Priority: 10
2025-10-24 21:10:20,243 : INFO : EventManager : Event: ======'modes_active_modes_changed'====== Args={}
2025-10-24 21:10:20,243 : INFO : EventManager : Event: ======'mode_attract_started'====== Args={'queue': <QueuedEvent>}
2025-10-24 21:10:20,245 : INFO : EventManager : Event: ======'collecting_balls_complete'====== Args={}
2025-10-24 21:10:20,246 : INFO : EventManager : Event: ======'reset_complete'====== Args={}
2025-10-24 21:10:20,288 : INFO : Machine : Starting the main run loop with active modes: [<Mode.attract>]
2025-10-24 21:10:20,347 : INFO : EventManager : Event: ======'slide_attract_created'====== Args={'_from_bcp': True}
2025-10-24 21:10:20,348 : INFO : EventManager : Event: ======'slide__removed'====== Args={'_from_bcp': True}
2025-10-24 21:10:20,350 : INFO : EventManager : Event: ======'slide_attract_active'====== Args={'original_context': 'attract', 'original_calling_context': 'mode_attract_started', 'priority': 10.0, 'queue': '<QueuedEvent>', 'cmd': 'slides_play', '_from_bcp': True}
2025-10-24 21:10:22,238 : INFO : EventManager : Event: ======'attract_wave_complete'====== Args={'priority': 0}
2025-10-24 21:10:22,616 : INFO : EventManager : Event: ======'attract_pulse_complete'====== Args={'priority': 0}
2025-10-24 21:10:23,026 : INFO : EventManager : Event: ======'attract_pulse_complete'====== Args={'priority': 0}
2025-10-24 21:10:25,019 : INFO : EventManager : Event: ======'attract_wave_complete'====== Args={'priority': 0}
2025-10-24 21:10:25,397 : INFO : EventManager : Event: ======'attract_pulse_complete'====== Args={'priority': 0}
2025-10-24 21:10:25,802 : INFO : EventManager : Event: ======'attract_pulse_complete'====== Args={'priority': 0}
2025-10-24 21:10:27,816 : INFO : EventManager : Event: ======'attract_wave_complete'====== Args={'priority': 0}
2025-10-24 21:10:28,195 : INFO : EventManager : Event: ======'attract_pulse_complete'====== Args={'priority': 0}
2025-10-24 21:10:28,605 : INFO : EventManager : Event: ======'attract_pulse_complete'====== Args={'priority': 0}
2025-10-24 21:10:30,602 : INFO : EventManager : Event: ======'attract_wave_complete'====== Args={'priority': 0}
2025-10-24 21:10:30,992 : INFO : EventManager : Event: ======'attract_pulse_complete'====== Args={'priority': 0}
2025-10-24 21:10:31,397 : INFO : EventManager : Event: ======'attract_pulse_complete'====== Args={'priority': 0}
2025-10-24 21:10:33,382 : INFO : EventManager : Event: ======'attract_wave_complete'====== Args={'priority': 0}
2025-10-24 21:10:33,772 : INFO : EventManager : Event: ======'attract_pulse_complete'====== Args={'priority': 0}
2025-10-24 21:10:34,182 : INFO : EventManager : Event: ======'attract_pulse_complete'====== Args={'priority': 0}
2025-10-24 21:10:36,178 : INFO : EventManager : Event: ======'attract_wave_complete'====== Args={'priority': 0}
2025-10-24 21:10:36,570 : INFO : EventManager : Event: ======'attract_pulse_complete'====== Args={'priority': 0}
2025-10-24 21:10:36,977 : INFO : EventManager : Event: ======'attract_pulse_complete'====== Args={'priority': 0}
2025-10-24 21:10:38,985 : INFO : EventManager : Event: ======'attract_wave_complete'====== Args={'priority': 0}
2025-10-24 21:10:39,378 : INFO : EventManager : Event: ======'attract_pulse_complete'====== Args={'priority': 0}
2025-10-24 21:10:39,773 : INFO : EventManager : Event: ======'attract_pulse_complete'====== Args={'priority': 0}
2025-10-24 21:10:41,764 : INFO : EventManager : Event: ======'attract_wave_complete'====== Args={'priority': 0}
2025-10-24 21:10:42,157 : INFO : EventManager : Event: ======'attract_pulse_complete'====== Args={'priority': 0}
2025-10-24 21:10:42,563 : INFO : EventManager : Event: ======'attract_pulse_complete'====== Args={'priority': 0}
2025-10-24 21:10:44,559 : INFO : EventManager : Event: ======'attract_wave_complete'====== Args={'priority': 0}
2025-10-24 21:10:44,950 : INFO : EventManager : Event: ======'attract_pulse_complete'====== Args={'priority': 0}
2025-10-24 21:10:45,354 : INFO : EventManager : Event: ======'attract_pulse_complete'====== Args={'priority': 0}
2025-10-24 21:10:47,364 : INFO : EventManager : Event: ======'attract_wave_complete'====== Args={'priority': 0}
2025-10-24 21:10:47,758 : INFO : EventManager : Event: ======'attract_pulse_complete'====== Args={'priority': 0}
2025-10-24 21:10:48,165 : INFO : EventManager : Event: ======'attract_pulse_complete'====== Args={'priority': 0}
2025-10-24 21:10:50,174 : INFO : EventManager : Event: ======'attract_wave_complete'====== Args={'priority': 0}
2025-10-24 21:10:50,565 : INFO : EventManager : Event: ======'attract_pulse_complete'====== Args={'priority': 0}
2025-10-24 21:10:50,971 : INFO : EventManager : Event: ======'attract_pulse_complete'====== Args={'priority': 0}
2025-10-24 21:10:52,964 : INFO : EventManager : Event: ======'attract_wave_complete'====== Args={'priority': 0}
2025-10-24 21:10:53,356 : INFO : EventManager : Event: ======'attract_pulse_complete'====== Args={'priority': 0}
2025-10-24 21:10:53,763 : INFO : EventManager : Event: ======'attract_pulse_complete'====== Args={'priority': 0}
2025-10-24 21:10:55,757 : INFO : EventManager : Event: ======'attract_wave_complete'====== Args={'priority': 0}
2025-10-24 21:10:56,151 : INFO : EventManager : Event: ======'attract_pulse_complete'====== Args={'priority': 0}
2025-10-24 21:10:56,558 : INFO : EventManager : Event: ======'attract_pulse_complete'====== Args={'priority': 0}
2025-10-24 21:10:58,357 : INFO : SwitchController : <<<<<<< 's_left_sling' active >>>>>>>
2025-10-24 21:10:58,561 : INFO : EventManager : Event: ======'attract_wave_complete'====== Args={'priority': 0}
2025-10-24 21:10:58,608 : INFO : SwitchController : <<<<<<< 's_left_sling' inactive >>>>>>>
2025-10-24 21:10:58,621 : INFO : SwitchController : <<<<<<< 's_left_sling' active >>>>>>>
2025-10-24 21:10:58,953 : INFO : EventManager : Event: ======'attract_pulse_complete'====== Args={'priority': 0}
2025-10-24 21:10:59,361 : INFO : EventManager : Event: ======'attract_pulse_complete'====== Args={'priority': 0}
2025-10-24 21:10:59,440 : INFO : SwitchController : <<<<<<< 's_left_sling' inactive >>>>>>>
2025-10-24 21:11:01,355 : INFO : EventManager : Event: ======'attract_wave_complete'====== Args={'priority': 0}
2025-10-24 21:11:01,746 : INFO : EventManager : Event: ======'attract_pulse_complete'====== Args={'priority': 0}
2025-10-24 21:11:02,149 : INFO : EventManager : Event: ======'attract_pulse_complete'====== Args={'priority': 0}
2025-10-24 21:11:04,132 : INFO : EventManager : Event: ======'attract_wave_complete'====== Args={'priority': 0}
2025-10-24 21:11:04,522 : INFO : EventManager : Event: ======'attract_pulse_complete'====== Args={'priority': 0}
2025-10-24 21:11:04,929 : INFO : EventManager : Event: ======'attract_pulse_complete'====== Args={'priority': 0}
2025-10-24 21:11:06,931 : INFO : EventManager : Event: ======'attract_wave_complete'====== Args={'priority': 0}
2025-10-24 21:11:07,324 : INFO : EventManager : Event: ======'attract_pulse_complete'====== Args={'priority': 0}
2025-10-24 21:11:07,730 : INFO : EventManager : Event: ======'attract_pulse_complete'====== Args={'priority': 0}
2025-10-24 21:11:09,739 : INFO : EventManager : Event: ======'attract_wave_complete'====== Args={'priority': 0}
2025-10-24 21:11:10,129 : INFO : EventManager : Event: ======'attract_pulse_complete'====== Args={'priority': 0}
2025-10-24 21:11:10,534 : INFO : EventManager : Event: ======'attract_pulse_complete'====== Args={'priority': 0}
2025-10-24 21:11:12,508 : INFO : EventManager : Event: ======'attract_wave_complete'====== Args={'priority': 0}
2025-10-24 21:11:12,898 : INFO : EventManager : Event: ======'attract_pulse_complete'====== Args={'priority': 0}
2025-10-24 21:11:13,307 : INFO : EventManager : Event: ======'attract_pulse_complete'====== Args={'priority': 0}
2025-10-24 21:11:15,316 : INFO : EventManager : Event: ======'attract_wave_complete'====== Args={'priority': 0}
2025-10-24 21:11:15,694 : INFO : EventManager : Event: ======'attract_pulse_complete'====== Args={'priority': 0}
2025-10-24 21:11:16,101 : INFO : EventManager : Event: ======'attract_pulse_complete'====== Args={'priority': 0}
2025-10-24 21:11:18,107 : INFO : EventManager : Event: ======'attract_wave_complete'====== Args={'priority': 0}
2025-10-24 21:11:18,500 : INFO : EventManager : Event: ======'attract_pulse_complete'====== Args={'priority': 0}
2025-10-24 21:11:18,905 : INFO : EventManager : Event: ======'attract_pulse_complete'====== Args={'priority': 0}
2025-10-24 21:11:20,882 : INFO : EventManager : Event: ======'attract_wave_complete'====== Args={'priority': 0}
2025-10-24 21:11:21,273 : INFO : EventManager : Event: ======'attract_pulse_complete'====== Args={'priority': 0}
2025-10-24 21:11:21,682 : INFO : EventManager : Event: ======'attract_pulse_complete'====== Args={'priority': 0}
2025-10-24 21:11:23,685 : INFO : EventManager : Event: ======'attract_wave_complete'====== Args={'priority': 0}
2025-10-24 21:11:24,078 : INFO : EventManager : Event: ======'attract_pulse_complete'====== Args={'priority': 0}
2025-10-24 21:11:24,481 : INFO : EventManager : Event: ======'attract_pulse_complete'====== Args={'priority': 0}
2025-10-24 21:11:26,475 : INFO : EventManager : Event: ======'attract_wave_complete'====== Args={'priority': 0}
2025-10-24 21:11:26,878 : INFO : EventManager : Event: ======'attract_pulse_complete'====== Args={'priority': 0}
2025-10-24 21:11:27,272 : INFO : EventManager : Event: ======'attract_pulse_complete'====== Args={'priority': 0}
2025-10-24 21:11:29,265 : INFO : EventManager : Event: ======'attract_wave_complete'====== Args={'priority': 0}
2025-10-24 21:11:29,652 : INFO : EventManager : Event: ======'attract_pulse_complete'====== Args={'priority': 0}
2025-10-24 21:11:30,061 : INFO : EventManager : Event: ======'attract_pulse_complete'====== Args={'priority': 0}
2025-10-24 21:11:32,059 : INFO : EventManager : Event: ======'attract_wave_complete'====== Args={'priority': 0}
2025-10-24 21:11:32,448 : INFO : EventManager : Event: ======'attract_pulse_complete'====== Args={'priority': 0}
2025-10-24 21:11:32,857 : INFO : EventManager : Event: ======'attract_pulse_complete'====== Args={'priority': 0}
2025-10-24 21:11:34,843 : INFO : SwitchController : <<<<<<< 's_start_button' active >>>>>>>
2025-10-24 21:11:34,855 : INFO : EventManager : Event: ======'attract_wave_complete'====== Args={'priority': 0}
2025-10-24 21:11:34,953 : INFO : SwitchController : <<<<<<< 's_start_button' inactive >>>>>>>
2025-10-24 21:11:34,953 : INFO : EventManager : Event: ======'request_to_start_game'====== Args={}
2025-10-24 21:11:34,953 : INFO : EventManager : Event: ======'game_start'====== Args={'buttons': [], 'hold_time': 0.10899999993853271}
2025-10-24 21:11:34,955 : INFO : EventManager : Event: ======'mode_game_will_start'====== Args={'buttons': [], 'hold_time': 0.10899999993853271}
2025-10-24 21:11:34,956 : INFO : EventManager : Event: ======'mode_game_starting'====== Args={'buttons': [], 'hold_time': 0.10899999993853271}
2025-10-24 21:11:34,956 : INFO : Mode.game : Started. Priority: 20
2025-10-24 21:11:34,956 : INFO : EventManager : Event: ======'modes_active_modes_changed'====== Args={}
2025-10-24 21:11:34,956 : INFO : EventManager : Event: ======'mode_game_started'====== Args={'buttons': [], 'hold_time': 0.10899999993853271}
2025-10-24 21:11:34,996 : INFO : EventManager : Event: ======'game_will_start'====== Args={}
2025-10-24 21:11:34,997 : INFO : EventManager : Event: ======'game_starting'====== Args={'game': <Mode.game>}
2025-10-24 21:11:34,999 : INFO : EventManager : Event: ======'mode_attract_will_stop'====== Args={}
2025-10-24 21:11:34,999 : INFO : EventManager : Event: ======'mode_attract_stopping'====== Args={}
2025-10-24 21:11:35,000 : INFO : EventManager : Unordered handler for class <Auditor> on event game_ended with priority 1. Handlers: [RegisteredHandler(callback=<bound method Auditor.disable of <Auditor>>, priority=1, kwargs={}, key=UUID('12757f2f-0cc6-4251-ade9-9cb5f621e193'), condition=None, blocking_facility=None), RegisteredHandler(callback=<bound method Auditor._save_audits of <Auditor>>, priority=1, kwargs={}, key=UUID('9a6b63ca-f663-44d2-b950-6c44aeeb0844'), condition=None, blocking_facility=None)]. The order of those handlers is not defined and they will be executed in random order. This might lead to race conditions and potential bugs.
2025-10-24 21:11:35,004 : INFO : Mode.attract : Stopped.
2025-10-24 21:11:35,004 : INFO : EventManager : Event: ======'modes_active_modes_changed'====== Args={}
2025-10-24 21:11:35,005 : INFO : EventManager : Event: ======'mode_attract_stopped'====== Args={}
2025-10-24 21:11:35,005 : INFO : EventManager : Event: ======'clear'====== Args={'key': 'attract'}
2025-10-24 21:11:35,005 : INFO : EventManager : Event: ======'player_add_request'====== Args={}
2025-10-24 21:11:35,006 : INFO : EventManager : Event: ======'player_will_add'====== Args={'number': 1}
2025-10-24 21:11:35,006 : INFO : EventManager : Event: ======'player_adding'====== Args={'player': <Player 1>, 'number': 1}
2025-10-24 21:11:35,006 : INFO : EventManager : Event: ======'player_added'====== Args={'player': <Player 1>, 'num': 1}
2025-10-24 21:11:35,006 : INFO : Mode.game : Player added successfully. Total players: 1
2025-10-24 21:11:35,007 : INFO : EventManager : Event: ======'player_index'====== Args={'value': 0, 'prev_value': 0, 'change': 0, 'player_num': 1}
2025-10-24 21:11:35,007 : INFO : EventManager : Event: ======'player_number'====== Args={'value': 1, 'prev_value': 1, 'change': 0, 'player_num': 1}
2025-10-24 21:11:35,007 : INFO : EventManager : Event: ======'player_score'====== Args={'value': 0, 'prev_value': 0, 'change': 0, 'player_num': 1}
2025-10-24 21:11:35,055 : INFO : EventManager : Event: ======'game_started'====== Args={}
2025-10-24 21:11:35,056 : INFO : EventManager : Event: ======'player_turn_will_start'====== Args={'player': <Player 1>, 'number': 1}
2025-10-24 21:11:35,058 : INFO : EventManager : Event: ======'player_turn_starting'====== Args={'player': <Player 1>, 'number': 1}
2025-10-24 21:11:35,067 : INFO : EventManager : Event: ======'player_ball'====== Args={'value': 1, 'prev_value': 0, 'change': 1, 'player_num': 1}
2025-10-24 21:11:35,069 : INFO : EventManager : Event: ======'player_turn_started'====== Args={'player': <Player 1>, 'number': 1}
2025-10-24 21:11:35,070 : INFO : EventManager : Event: ======'ball_will_start'====== Args={'player': 1, 'ball': 1, 'balls_remaining': 2, 'is_extra_ball': False}
2025-10-24 21:11:35,081 : INFO : EventManager : Event: ======'ball_starting'====== Args={'player': 1, 'ball': 1, 'balls_remaining': 2, 'is_extra_ball': False}
2025-10-24 21:11:35,081 : INFO : drop_target_bank.right_bank : 1 targets are down. Will reset those.
2025-10-24 21:11:35,082 : INFO : coil.c_drop_target_right : Pulsing Driver for 50ms (1.0 pulse_power)
2025-10-24 21:11:35,082 : INFO : drop_target_bank.left_bank : All targets are already up. Will not reset bank.
2025-10-24 21:11:35,083 : INFO : EventManager : Event: ======'balls_in_play'====== Args={'balls': 1}
2025-10-24 21:11:35,083 : INFO : EventManager : Event: ======'ball_started'====== Args={'player': 1, 'ball': 1, 'balls_remaining': 2, 'is_extra_ball': False}
2025-10-24 21:11:35,083 : INFO : EventManager : Event: ======'mode_base_will_start'====== Args={'player': 1, 'ball': 1, 'balls_remaining': 2, 'is_extra_ball': False}
2025-10-24 21:11:35,085 : INFO : EventManager : Unordered handler for class <Auditor> on event game_ended with priority 1. Handlers: [RegisteredHandler(callback=<bound method Auditor.disable of <Auditor>>, priority=1, kwargs={}, key=UUID('12757f2f-0cc6-4251-ade9-9cb5f621e193'), condition=None, blocking_facility=None), RegisteredHandler(callback=<bound method Auditor._save_audits of <Auditor>>, priority=1, kwargs={}, key=UUID('9a6b63ca-f663-44d2-b950-6c44aeeb0844'), condition=None, blocking_facility=None)]. The order of those handlers is not defined and they will be executed in random order. This might lead to race conditions and potential bugs.
2025-10-24 21:11:35,091 : INFO : EventManager : Event: ======'mode_base_starting'====== Args={'player': 1, 'ball': 1, 'balls_remaining': 2, 'is_extra_ball': False}
2025-10-24 21:11:35,091 : INFO : EventManager : Event: ======'ball_save_default_ball_save_timer_start'====== Args={}
2025-10-24 21:11:35,092 : INFO : EventManager : Event: ======'ball_save_default_ball_save_enabled'====== Args={}
2025-10-24 21:11:35,093 : INFO : Mode.base : Started. Priority: 50
2025-10-24 21:11:35,094 : INFO : EventManager : Event: ======'modes_active_modes_changed'====== Args={}
2025-10-24 21:11:35,094 : INFO : EventManager : Event: ======'mode_base_started'====== Args={'player': 1, 'ball': 1, 'balls_remaining': 2, 'is_extra_ball': False}
2025-10-24 21:11:35,095 : INFO : EventManager : Event: ======'single_player_ball_started'====== Args={}
2025-10-24 21:11:35,133 : INFO : EventManager : Event: ======'ball_start_target'====== Args={'target': 'playfield'}
2025-10-24 21:11:35,134 : INFO : ball_device.bd_trough : Setting up player-controlled eject. Balls: 1, Target: <playfield.playfield>, player_controlled_eject_event: None
2025-10-24 21:11:35,134 : INFO : ball_device.bd_trough : Adding 1 ball(s) to the eject_queue with target <playfield.playfield>.
2025-10-24 21:11:35,134 : INFO : EventManager : Event: ======'balldevice_balls_available'====== Args={}
2025-10-24 21:11:35,136 : INFO : ball_device.bd_trough : State: waiting_for_target_ready
2025-10-24 21:11:35,136 : INFO : EventManager : Event: ======'balldevice_bd_trough_ball_eject_attempt'====== Args={'balls': 1, 'target': <playfield.playfield>, 'source': <ball_device.bd_trough>, 'mechanical_eject': False, 'num_attempts': 0}
2025-10-24 21:11:35,137 : INFO : ball_device.bd_trough : State: ejecting
2025-10-24 21:11:35,137 : INFO : ball_device.bd_trough : Ejecting ball to <playfield.playfield>
2025-10-24 21:11:35,138 : INFO : EventManager : Event: ======'balldevice_bd_trough_ejecting_ball'====== Args={'balls': 1, 'target': <playfield.playfield>, 'source': <ball_device.bd_trough>, 'mechanical_eject': False, 'num_attempts': 0}
2025-10-24 21:11:35,139 : INFO : SwitchController : <<<<<<< 's_right_bank_target_left' inactive (muted) >>>>>>>
2025-10-24 21:11:35,153 : INFO : ball_device.bd_trough : Wait for ball to leave device
2025-10-24 21:11:35,153 : INFO : coil.c_trough_eject : Pulsing Driver for 50ms (1.0 pulse_power)
2025-10-24 21:11:35,222 : INFO : SwitchController : <<<<<<< 's_trough' inactive >>>>>>>
2025-10-24 21:11:35,236 : INFO : ball_device.bd_trough : State: ball_left
2025-10-24 21:11:35,236 : INFO : ball_device.bd_trough : Ball left
2025-10-24 21:11:35,236 : INFO : ball_device.bd_trough : Wait for confirm with timeout 10.0
2025-10-24 21:11:35,555 : INFO : EventManager : Event: ======'drop_target_s_right_bank_target_left_up'====== Args={'device': <drop_target.s_right_bank_target_left>}
2025-10-24 21:11:35,555 : INFO : EventManager : Event: ======'drop_target_bank_right_bank_up'====== Args={}
2025-10-24 21:11:45,098 : INFO : EventManager : Event: ======'ball_save_default_ball_save_disabled'====== Args={}
2025-10-24 21:11:45,239 : INFO : ball_device.bd_trough : State: failed_confirm
2025-10-24 21:11:45,239 : INFO : ball_device.bd_trough : Got timeout (10.0s) before confirm from <playfield.playfield>
2025-10-24 21:11:45,348 : INFO : ball_device.bd_trough : Confirming eject because target is playfield and ball did not return.
2025-10-24 21:11:45,348 : INFO : ball_device.bd_trough : Eject successful
2025-10-24 21:11:45,348 : INFO : EventManager : Event: ======'balldevice_bd_trough_ball_eject_success'====== Args={'balls': 1, 'target': <playfield.playfield>}
2025-10-24 21:11:45,349 : INFO : EventManager : Event: ======'balldevice_playfield_ball_enter'====== Args={'new_balls': 1, 'unclaimed_balls': 1, 'device': <playfield.playfield>}
2025-10-24 21:11:45,349 : INFO : EventManager : Event: ======'playfield_ball_count_change'====== Args={'balls': 1, 'change': 1}
2025-10-24 21:11:45,351 : INFO : EventManager : Event: ======'balldevice_bd_trough_ball_count_changed'====== Args={'balls': 0}
2025-10-24 21:11:45,352 : INFO : ball_device.bd_trough : State: idle
2025-10-24 21:12:01,353 : INFO : SwitchController : <<<<<<< 's_outer_skill_lanes' active >>>>>>>
2025-10-24 21:12:01,353 : INFO : EventManager : Event: ======'s_outer_skill_lanes_active'====== Args={}
2025-10-24 21:12:01,353 : INFO : EventManager : Event: ======'machine_var_audits_switches_s_outer_skill_lanes'====== Args={'value': 17, 'prev_value': 16, 'change': 1}
2025-10-24 21:12:01,357 : INFO : EventManager : Event: ======'play_skilllane_quote_4'====== Args={}
2025-10-24 21:12:01,358 : INFO : EventManager : Event: ======'player_score'====== Args={'value': 500, 'prev_value': 0, 'change': 500, 'player_num': 1, 'source': 'base'}
2025-10-24 21:12:02,338 : INFO : SwitchController : <<<<<<< 's_outer_skill_lanes' inactive >>>>>>>
2025-10-24 21:12:04,276 : INFO : SwitchController : <<<<<<< 's_middle_skill_lane' active >>>>>>>
2025-10-24 21:12:04,276 : INFO : EventManager : Event: ======'s_middle_skill_lane_active'====== Args={}
2025-10-24 21:12:04,276 : INFO : EventManager : Event: ======'machine_var_audits_switches_s_middle_skill_lane'====== Args={'value': 11, 'prev_value': 10, 'change': 1}
2025-10-24 21:12:04,278 : INFO : EventManager : Event: ======'play_skilllane_quote_5'====== Args={}
2025-10-24 21:12:04,278 : INFO : EventManager : Event: ======'player_score'====== Args={'value': 1000, 'prev_value': 500, 'change': 500, 'player_num': 1, 'source': 'base'}
2025-10-24 21:12:05,400 : INFO : SwitchController : <<<<<<< 's_middle_skill_lane' inactive >>>>>>>
2025-10-24 21:12:06,774 : INFO : SwitchController : <<<<<<< 's_outer_skill_lanes' active >>>>>>>
2025-10-24 21:12:06,775 : INFO : EventManager : Event: ======'s_outer_skill_lanes_active'====== Args={}
2025-10-24 21:12:06,775 : INFO : EventManager : Event: ======'machine_var_audits_switches_s_outer_skill_lanes'====== Args={'value': 18, 'prev_value': 17, 'change': 1}
2025-10-24 21:12:06,777 : INFO : EventManager : Event: ======'play_skilllane_quote_3'====== Args={}
2025-10-24 21:12:06,777 : INFO : EventManager : Event: ======'player_score'====== Args={'value': 1500, 'prev_value': 1000, 'change': 500, 'player_num': 1, 'source': 'base'}
2025-10-24 21:12:06,802 : INFO : SwitchController : <<<<<<< 's_outer_skill_lanes' inactive >>>>>>>
2025-10-24 21:12:06,822 : INFO : SwitchController : <<<<<<< 's_outer_skill_lanes' active >>>>>>>
2025-10-24 21:12:06,822 : INFO : EventManager : Event: ======'s_outer_skill_lanes_active'====== Args={}
2025-10-24 21:12:06,822 : INFO : EventManager : Event: ======'machine_var_audits_switches_s_outer_skill_lanes'====== Args={'value': 19, 'prev_value': 18, 'change': 1}
2025-10-24 21:12:06,823 : INFO : EventManager : Event: ======'play_skilllane_quote_6'====== Args={}
2025-10-24 21:12:06,824 : INFO : EventManager : Event: ======'player_score'====== Args={'value': 2000, 'prev_value': 1500, 'change': 500, 'player_num': 1, 'source': 'base'}
2025-10-24 21:12:07,813 : INFO : SwitchController : <<<<<<< 's_outer_skill_lanes' inactive >>>>>>>
2025-10-24 21:12:09,634 : INFO : SwitchController : <<<<<<< 's_middle_skill_lane' active >>>>>>>
2025-10-24 21:12:09,634 : INFO : EventManager : Event: ======'s_middle_skill_lane_active'====== Args={}
2025-10-24 21:12:09,634 : INFO : EventManager : Event: ======'machine_var_audits_switches_s_middle_skill_lane'====== Args={'value': 12, 'prev_value': 11, 'change': 1}
2025-10-24 21:12:09,650 : INFO : EventManager : Event: ======'play_skilllane_quote_6'====== Args={}
2025-10-24 21:12:09,651 : INFO : EventManager : Event: ======'player_score'====== Args={'value': 2500, 'prev_value': 2000, 'change': 500, 'player_num': 1, 'source': 'base'}
2025-10-24 21:12:10,717 : INFO : SwitchController : <<<<<<< 's_middle_skill_lane' inactive >>>>>>>
2025-10-24 21:12:19,157 : INFO : SwitchController : <<<<<<< 's_middle_skill_lane' active >>>>>>>
2025-10-24 21:12:19,158 : INFO : EventManager : Event: ======'s_middle_skill_lane_active'====== Args={}
2025-10-24 21:12:19,158 : INFO : EventManager : Event: ======'machine_var_audits_switches_s_middle_skill_lane'====== Args={'value': 13, 'prev_value': 12, 'change': 1}
2025-10-24 21:12:19,159 : INFO : EventManager : Event: ======'play_skilllane_quote_3'====== Args={}
2025-10-24 21:12:19,159 : INFO : EventManager : Event: ======'player_score'====== Args={'value': 3000, 'prev_value': 2500, 'change': 500, 'player_num': 1, 'source': 'base'}
2025-10-24 21:12:19,957 : INFO : SwitchController : <<<<<<< 's_middle_skill_lane' inactive >>>>>>>
2025-10-24 21:12:21,020 : INFO : SwitchController : <<<<<<< 's_outer_skill_lanes' active >>>>>>>
2025-10-24 21:12:21,020 : INFO : EventManager : Event: ======'s_outer_skill_lanes_active'====== Args={}
2025-10-24 21:12:21,020 : INFO : EventManager : Event: ======'machine_var_audits_switches_s_outer_skill_lanes'====== Args={'value': 20, 'prev_value': 19, 'change': 1}
2025-10-24 21:12:21,022 : INFO : EventManager : Event: ======'play_skilllane_quote_5'====== Args={}
2025-10-24 21:12:21,022 : INFO : EventManager : Event: ======'player_score'====== Args={'value': 3500, 'prev_value': 3000, 'change': 500, 'player_num': 1, 'source': 'base'}
2025-10-24 21:12:22,509 : INFO : SwitchController : <<<<<<< 's_outer_skill_lanes' inactive >>>>>>>
2025-10-24 21:12:23,527 : INFO : SwitchController : <<<<<<< 's_outer_skill_lanes' active >>>>>>>
2025-10-24 21:12:23,528 : INFO : EventManager : Event: ======'s_outer_skill_lanes_active'====== Args={}
2025-10-24 21:12:23,528 : INFO : EventManager : Event: ======'machine_var_audits_switches_s_outer_skill_lanes'====== Args={'value': 21, 'prev_value': 20, 'change': 1}
2025-10-24 21:12:23,529 : INFO : EventManager : Event: ======'play_skilllane_quote_2'====== Args={}
2025-10-24 21:12:23,530 : INFO : EventManager : Event: ======'player_score'====== Args={'value': 4000, 'prev_value': 3500, 'change': 500, 'player_num': 1, 'source': 'base'}
2025-10-24 21:12:25,414 : INFO : SwitchController : <<<<<<< 's_outer_skill_lanes' inactive >>>>>>>
2025-10-24 21:12:32,085 : INFO : SwitchController : <<<<<<< 's_spinner' active >>>>>>>
2025-10-24 21:12:32,085 : INFO : EventManager : Event: ======'s_spinner_active'====== Args={}
2025-10-24 21:12:32,085 : INFO : EventManager : Event: ======'machine_var_audits_switches_s_spinner'====== Args={'value': 129, 'prev_value': 128, 'change': 1}
2025-10-24 21:12:32,087 : INFO : EventManager : Event: ======'player_score'====== Args={'value': 4100, 'prev_value': 4000, 'change': 100, 'player_num': 1, 'source': 'base'}
2025-10-24 21:12:32,165 : INFO : SwitchController : <<<<<<< 's_spinner' inactive >>>>>>>
2025-10-24 21:12:32,337 : INFO : SwitchController : <<<<<<< 's_spinner' active >>>>>>>
2025-10-24 21:12:32,337 : INFO : EventManager : Event: ======'machine_var_audits_switches_s_spinner'====== Args={'value': 130, 'prev_value': 129, 'change': 1}
2025-10-24 21:12:32,494 : INFO : SwitchController : <<<<<<< 's_spinner' inactive >>>>>>>
2025-10-24 21:12:32,651 : INFO : SwitchController : <<<<<<< 's_spinner' active >>>>>>>
2025-10-24 21:12:32,651 : INFO : EventManager : Event: ======'machine_var_audits_switches_s_spinner'====== Args={'value': 131, 'prev_value': 130, 'change': 1}
2025-10-24 21:12:32,763 : INFO : SwitchController : <<<<<<< 's_spinner' inactive >>>>>>>
2025-10-24 21:12:48,615 : INFO : SwitchController : <<<<<<< 's_trough' active >>>>>>>
2025-10-24 21:12:48,615 : INFO : EventManager : Event: ======'machine_var_audits_switches_s_trough'====== Args={'value': 48, 'prev_value': 47, 'change': 1}
2025-10-24 21:12:48,639 : INFO : SwitchController : <<<<<<< 's_trough' inactive >>>>>>>
2025-10-24 21:12:48,663 : INFO : SwitchController : <<<<<<< 's_trough' active >>>>>>>
2025-10-24 21:12:48,663 : INFO : EventManager : Event: ======'machine_var_audits_switches_s_trough'====== Args={'value': 49, 'prev_value': 48, 'change': 1}
2025-10-24 21:12:49,163 : INFO : EventManager : Event: ======'balldevice_bd_trough_ball_count_changed'====== Args={'balls': 1}
2025-10-24 21:12:49,163 : INFO : ball_device.bd_trough : Received unexpected ball
2025-10-24 21:12:49,163 : INFO : EventManager : Event: ======'balldevice_captured_from_playfield'====== Args={'balls': 1}
2025-10-24 21:12:49,164 : INFO : EventManager : Event: ======'sw_playfield_active'====== Args={'balls': 1}
2025-10-24 21:12:49,164 : INFO : EventManager : Event: ======'playfield_ball_count_change'====== Args={'balls': 0, 'change': -1}
2025-10-24 21:12:49,165 : INFO : EventManager : Event: ======'balldevice_bd_trough_ball_enter'====== Args={'new_balls': 1, 'unclaimed_balls': 1, 'new_available_balls': 1, 'device': <ball_device.bd_trough>}
2025-10-24 21:12:49,166 : INFO : EventManager : Event: ======'ball_drain'====== Args={'device': <ball_device.bd_trough>, 'balls': 1}
2025-10-24 21:12:49,167 : INFO : EventManager : Event: ======'ball_will_end'====== Args={}
2025-10-24 21:12:49,167 : INFO : EventManager : Event: ======'balldevice_balls_available'====== Args={}
2025-10-24 21:12:49,167 : INFO : EventManager : Event: ======'balldevice_bd_trough_ball_entered'====== Args={'new_balls': 1, 'device': <ball_device.bd_trough>}
2025-10-24 21:12:49,170 : INFO : EventManager : Event: ======'ball_ending'====== Args={}
2025-10-24 21:12:49,170 : INFO : EventManager : Event: ======'mode_base_will_stop'====== Args={}
2025-10-24 21:12:49,170 : INFO : EventManager : Event: ======'mode_base_stopping'====== Args={}
2025-10-24 21:12:49,171 : INFO : EventManager : Event: ======'stop_base_music'====== Args={'priority': 0}
2025-10-24 21:12:49,172 : INFO : Mode.base : Stopped.
2025-10-24 21:12:49,172 : INFO : EventManager : Event: ======'modes_active_modes_changed'====== Args={}
2025-10-24 21:12:49,173 : INFO : EventManager : Event: ======'mode_base_stopped'====== Args={}
2025-10-24 21:12:49,173 : INFO : EventManager : Event: ======'clear'====== Args={'key': 'base'}
2025-10-24 21:12:49,207 : INFO : EventManager : Event: ======'ball_ended'====== Args={}
2025-10-24 21:12:49,208 : INFO : EventManager : Event: ======'player_turn_will_end'====== Args={'player': <Player 1>, 'number': 1}
2025-10-24 21:12:49,220 : INFO : EventManager : Event: ======'player_turn_ending'====== Args={'player': <Player 1>, 'number': 1}
2025-10-24 21:12:49,221 : INFO : EventManager : Event: ======'player_turn_ended'====== Args={'player': <Player 1>, 'number': 1}
2025-10-24 21:12:49,222 : INFO : EventManager : Event: ======'player_turn_will_start'====== Args={'player': <Player 1>, 'number': 1}
2025-10-24 21:12:49,227 : INFO : EventManager : Event: ======'player_turn_starting'====== Args={'player': <Player 1>, 'number': 1}
2025-10-24 21:12:49,230 : INFO : EventManager : Event: ======'player_ball'====== Args={'value': 2, 'prev_value': 1, 'change': 1, 'player_num': 1}
2025-10-24 21:12:49,231 : INFO : EventManager : Event: ======'player_turn_started'====== Args={'player': <Player 1>, 'number': 1}
2025-10-24 21:12:49,234 : INFO : EventManager : Event: ======'ball_will_start'====== Args={'player': 1, 'ball': 2, 'balls_remaining': 1, 'is_extra_ball': False}
2025-10-24 21:12:49,260 : INFO : EventManager : Event: ======'ball_starting'====== Args={'player': 1, 'ball': 2, 'balls_remaining': 1, 'is_extra_ball': False}
2025-10-24 21:12:49,262 : INFO : drop_target_bank.right_bank : All targets are already up. Will not reset bank.
2025-10-24 21:12:49,262 : INFO : drop_target_bank.left_bank : All targets are already up. Will not reset bank.
2025-10-24 21:12:49,264 : INFO : EventManager : Event: ======'balls_in_play'====== Args={'balls': 1}
2025-10-24 21:12:49,264 : INFO : EventManager : Event: ======'ball_started'====== Args={'player': 1, 'ball': 2, 'balls_remaining': 1, 'is_extra_ball': False}
2025-10-24 21:12:49,265 : INFO : EventManager : Event: ======'mode_base_will_start'====== Args={'player': 1, 'ball': 2, 'balls_remaining': 1, 'is_extra_ball': False}
2025-10-24 21:12:49,265 : INFO : EventManager : Unordered handler for class <Auditor> on event game_ended with priority 1. Handlers: [RegisteredHandler(callback=<bound method Auditor.disable of <Auditor>>, priority=1, kwargs={}, key=UUID('12757f2f-0cc6-4251-ade9-9cb5f621e193'), condition=None, blocking_facility=None), RegisteredHandler(callback=<bound method Auditor._save_audits of <Auditor>>, priority=1, kwargs={}, key=UUID('9a6b63ca-f663-44d2-b950-6c44aeeb0844'), condition=None, blocking_facility=None)]. The order of those handlers is not defined and they will be executed in random order. This might lead to race conditions and potential bugs.
2025-10-24 21:12:49,273 : INFO : EventManager : Event: ======'mode_base_starting'====== Args={'player': 1, 'ball': 2, 'balls_remaining': 1, 'is_extra_ball': False}
2025-10-24 21:12:49,275 : INFO : EventManager : Event: ======'ball_save_default_ball_save_timer_start'====== Args={}
2025-10-24 21:12:49,276 : INFO : EventManager : Event: ======'ball_save_default_ball_save_enabled'====== Args={}
2025-10-24 21:12:49,277 : INFO : Mode.base : Started. Priority: 50
2025-10-24 21:12:49,278 : INFO : EventManager : Event: ======'modes_active_modes_changed'====== Args={}
2025-10-24 21:12:49,278 : INFO : EventManager : Event: ======'mode_base_started'====== Args={'player': 1, 'ball': 2, 'balls_remaining': 1, 'is_extra_ball': False}
2025-10-24 21:12:49,279 : INFO : EventManager : Event: ======'single_player_ball_started'====== Args={}
2025-10-24 21:12:49,332 : INFO : EventManager : Event: ======'ball_start_target'====== Args={'target': 'playfield'}
2025-10-24 21:12:49,333 : INFO : ball_device.bd_trough : Setting up player-controlled eject. Balls: 1, Target: <playfield.playfield>, player_controlled_eject_event: None
2025-10-24 21:12:49,333 : INFO : ball_device.bd_trough : Adding 1 ball(s) to the eject_queue with target <playfield.playfield>.
2025-10-24 21:12:49,333 : INFO : EventManager : Event: ======'balldevice_balls_available'====== Args={}
2025-10-24 21:12:49,335 : INFO : ball_device.bd_trough : State: waiting_for_target_ready
2025-10-24 21:12:49,336 : INFO : EventManager : Event: ======'balldevice_bd_trough_ball_eject_attempt'====== Args={'balls': 1, 'target': <playfield.playfield>, 'source': <ball_device.bd_trough>, 'mechanical_eject': False, 'num_attempts': 0}
2025-10-24 21:12:49,337 : INFO : ball_device.bd_trough : State: ejecting
2025-10-24 21:12:49,338 : INFO : ball_device.bd_trough : Ejecting ball to <playfield.playfield>
2025-10-24 21:12:49,338 : INFO : EventManager : Event: ======'balldevice_bd_trough_ejecting_ball'====== Args={'balls': 1, 'target': <playfield.playfield>, 'source': <ball_device.bd_trough>, 'mechanical_eject': False, 'num_attempts': 0}
2025-10-24 21:12:49,339 : INFO : ball_device.bd_trough : Wait for ball to leave device
2025-10-24 21:12:49,340 : INFO : coil.c_trough_eject : Pulsing Driver for 50ms (1.0 pulse_power)
2025-10-24 21:12:49,399 : INFO : SwitchController : <<<<<<< 's_trough' inactive >>>>>>>
2025-10-24 21:12:49,413 : INFO : ball_device.bd_trough : State: ball_left
2025-10-24 21:12:49,413 : INFO : ball_device.bd_trough : Ball left
2025-10-24 21:12:49,413 : INFO : ball_device.bd_trough : Wait for confirm with timeout 10.0
2025-10-24 21:12:54,282 : INFO : SwitchController : <<<<<<< 's_trough' active >>>>>>>
2025-10-24 21:12:54,283 : INFO : EventManager : Event: ======'machine_var_audits_switches_s_trough'====== Args={'value': 50, 'prev_value': 49, 'change': 1}
2025-10-24 21:12:54,306 : INFO : SwitchController : <<<<<<< 's_trough' inactive >>>>>>>
2025-10-24 21:12:54,320 : INFO : SwitchController : <<<<<<< 's_trough' active >>>>>>>
2025-10-24 21:12:54,322 : INFO : EventManager : Event: ======'machine_var_audits_switches_s_trough'====== Args={'value': 51, 'prev_value': 50, 'change': 1}
2025-10-24 21:12:59,264 : INFO : EventManager : Event: ======'ball_save_default_ball_save_disabled'====== Args={}
2025-10-24 21:12:59,420 : INFO : ball_device.bd_trough : State: failed_confirm
2025-10-24 21:12:59,420 : INFO : ball_device.bd_trough : Got timeout (10.0s) before confirm from <playfield.playfield>
2025-10-24 21:12:59,515 : INFO : ball_device.bd_trough : Got unknown balls. Assuming a ball returned.
2025-10-24 21:12:59,516 : INFO : EventManager : Event: ======'balldevice_bd_trough_ball_eject_failed'====== Args={'target': <playfield.playfield>, 'balls': 1, 'retry': True, 'num_attempts': 1}
2025-10-24 21:12:59,518 : INFO : ball_device.bd_trough : State: waiting_for_target_ready
2025-10-24 21:12:59,518 : INFO : EventManager : Event: ======'balldevice_bd_trough_ball_eject_attempt'====== Args={'balls': 1, 'target': <playfield.playfield>, 'source': <ball_device.bd_trough>, 'mechanical_eject': False, 'num_attempts': 1}
2025-10-24 21:12:59,519 : INFO : ball_device.bd_trough : State: ejecting
2025-10-24 21:12:59,521 : INFO : ball_device.bd_trough : Ejecting ball to <playfield.playfield>
2025-10-24 21:12:59,521 : INFO : EventManager : Event: ======'balldevice_bd_trough_ejecting_ball'====== Args={'balls': 1, 'target': <playfield.playfield>, 'source': <ball_device.bd_trough>, 'mechanical_eject': False, 'num_attempts': 1}
2025-10-24 21:12:59,522 : INFO : ball_device.bd_trough : Wait for ball to leave device
2025-10-24 21:12:59,523 : INFO : coil.c_trough_eject : Pulsing Driver for 50ms (1.0 pulse_power)
2025-10-24 21:12:59,593 : INFO : SwitchController : <<<<<<< 's_trough' inactive >>>>>>>
2025-10-24 21:12:59,609 : INFO : ball_device.bd_trough : State: ball_left
2025-10-24 21:12:59,610 : INFO : ball_device.bd_trough : Ball left
2025-10-24 21:12:59,610 : INFO : ball_device.bd_trough : Wait for confirm with timeout 10.0
2025-10-24 21:13:03,085 : INFO : SwitchController : <<<<<<< 's_trough' active >>>>>>>
2025-10-24 21:13:03,085 : INFO : EventManager : Event: ======'machine_var_audits_switches_s_trough'====== Args={'value': 52, 'prev_value': 51, 'change': 1}
2025-10-24 21:13:03,132 : INFO : SwitchController : <<<<<<< 's_trough' inactive >>>>>>>
2025-10-24 21:13:03,148 : INFO : SwitchController : <<<<<<< 's_trough' active >>>>>>>
2025-10-24 21:13:03,148 : INFO : EventManager : Event: ======'machine_var_audits_switches_s_trough'====== Args={'value': 53, 'prev_value': 52, 'change': 1}
2025-10-24 21:13:03,164 : INFO : SwitchController : <<<<<<< 's_trough' inactive >>>>>>>
2025-10-24 21:13:03,180 : INFO : SwitchController : <<<<<<< 's_trough' active >>>>>>>
2025-10-24 21:13:03,181 : INFO : EventManager : Event: ======'machine_var_audits_switches_s_trough'====== Args={'value': 54, 'prev_value': 53, 'change': 1}
2025-10-24 21:13:09,601 : INFO : ball_device.bd_trough : State: failed_confirm
2025-10-24 21:13:09,601 : INFO : ball_device.bd_trough : Got timeout (10.0s) before confirm from <playfield.playfield>
2025-10-24 21:13:09,695 : INFO : ball_device.bd_trough : Got unknown balls. Assuming a ball returned.
2025-10-24 21:13:09,696 : INFO : EventManager : Event: ======'balldevice_bd_trough_ball_eject_failed'====== Args={'target': <playfield.playfield>, 'balls': 1, 'retry': True, 'num_attempts': 2}
2025-10-24 21:13:09,697 : INFO : ball_device.bd_trough : State: waiting_for_target_ready
2025-10-24 21:13:09,697 : INFO : EventManager : Event: ======'balldevice_bd_trough_ball_eject_attempt'====== Args={'balls': 1, 'target': <playfield.playfield>, 'source': <ball_device.bd_trough>, 'mechanical_eject': False, 'num_attempts': 2}
2025-10-24 21:13:09,698 : INFO : ball_device.bd_trough : State: ejecting
2025-10-24 21:13:09,698 : INFO : ball_device.bd_trough : Ejecting ball to <playfield.playfield>
2025-10-24 21:13:09,698 : INFO : EventManager : Event: ======'balldevice_bd_trough_ejecting_ball'====== Args={'balls': 1, 'target': <playfield.playfield>, 'source': <ball_device.bd_trough>, 'mechanical_eject': False, 'num_attempts': 2}
2025-10-24 21:13:09,700 : INFO : ball_device.bd_trough : Wait for ball to leave device
2025-10-24 21:13:09,701 : INFO : coil.c_trough_eject : Pulsing Driver for 50ms (1.0 pulse_power)
2025-10-24 21:13:09,787 : INFO : SwitchController : <<<<<<< 's_trough' inactive >>>>>>>
2025-10-24 21:13:09,801 : INFO : SwitchController : <<<<<<< 's_trough' active >>>>>>>
2025-10-24 21:13:09,802 : INFO : EventManager : Event: ======'machine_var_audits_switches_s_trough'====== Args={'value': 55, 'prev_value': 54, 'change': 1}
2025-10-24 21:13:09,817 : INFO : ball_device.bd_trough : State: ball_left
2025-10-24 21:13:09,818 : INFO : ball_device.bd_trough : Ball left
2025-10-24 21:13:09,818 : INFO : ball_device.bd_trough : Wait for confirm with timeout 10.0
2025-10-24 21:13:09,826 : INFO : SwitchController : <<<<<<< 's_trough' inactive >>>>>>>
2025-10-24 21:13:12,567 : INFO : SwitchController : <<<<<<< 's_trough' active >>>>>>>
2025-10-24 21:13:12,567 : INFO : EventManager : Event: ======'machine_var_audits_switches_s_trough'====== Args={'value': 56, 'prev_value': 55, 'change': 1}
2025-10-24 21:13:12,591 : INFO : SwitchController : <<<<<<< 's_trough' inactive >>>>>>>
2025-10-24 21:13:12,606 : INFO : SwitchController : <<<<<<< 's_trough' active >>>>>>>
2025-10-24 21:13:12,606 : INFO : EventManager : Event: ======'machine_var_audits_switches_s_trough'====== Args={'value': 57, 'prev_value': 56, 'change': 1}
2025-10-24 21:13:12,620 : INFO : SwitchController : <<<<<<< 's_trough' inactive >>>>>>>
2025-10-24 21:13:12,723 : INFO : SwitchController : <<<<<<< 's_trough' active >>>>>>>
2025-10-24 21:13:12,723 : INFO : EventManager : Event: ======'machine_var_audits_switches_s_trough'====== Args={'value': 58, 'prev_value': 57, 'change': 1}
2025-10-24 21:13:19,813 : INFO : ball_device.bd_trough : State: failed_confirm
2025-10-24 21:13:19,813 : INFO : ball_device.bd_trough : Got timeout (10.0s) before confirm from <playfield.playfield>
2025-10-24 21:13:19,906 : INFO : ball_device.bd_trough : Got unknown balls. Assuming a ball returned.
2025-10-24 21:13:19,907 : INFO : EventManager : Event: ======'balldevice_bd_trough_ball_eject_failed'====== Args={'target': <playfield.playfield>, 'balls': 1, 'retry': True, 'num_attempts': 3}
2025-10-24 21:13:19,908 : INFO : ball_device.bd_trough : State: waiting_for_target_ready
2025-10-24 21:13:19,909 : INFO : EventManager : Event: ======'balldevice_bd_trough_ball_eject_attempt'====== Args={'balls': 1, 'target': <playfield.playfield>, 'source': <ball_device.bd_trough>, 'mechanical_eject': False, 'num_attempts': 3}
2025-10-24 21:13:19,911 : INFO : ball_device.bd_trough : State: ejecting
2025-10-24 21:13:19,911 : INFO : ball_device.bd_trough : Ejecting ball to <playfield.playfield>
2025-10-24 21:13:19,911 : INFO : EventManager : Event: ======'balldevice_bd_trough_ejecting_ball'====== Args={'balls': 1, 'target': <playfield.playfield>, 'source': <ball_device.bd_trough>, 'mechanical_eject': False, 'num_attempts': 3}
2025-10-24 21:13:19,913 : INFO : ball_device.bd_trough : Wait for ball to leave device
2025-10-24 21:13:19,913 : INFO : coil.c_trough_eject : Pulsing Driver for 50ms (1.0 pulse_power)
2025-10-24 21:13:19,968 : INFO : SwitchController : <<<<<<< 's_trough' inactive >>>>>>>
2025-10-24 21:13:19,981 : INFO : ball_device.bd_trough : State: ball_left
2025-10-24 21:13:19,982 : INFO : ball_device.bd_trough : Ball left
2025-10-24 21:13:19,982 : INFO : ball_device.bd_trough : Wait for confirm with timeout 10.0
2025-10-24 21:13:22,990 : INFO : SwitchController : <<<<<<< 's_left_bank_target_left' active >>>>>>>
2025-10-24 21:13:22,990 : INFO : EventManager : Event: ======'s_left_bank_target_left_active'====== Args={}
2025-10-24 21:13:22,990 : INFO : EventManager : Event: ======'playfield_active'====== Args={'source': 's_left_bank_target_left'}
2025-10-24 21:13:22,990 : INFO : EventManager : Event: ======'drop_target_s_left_bank_target_left_down'====== Args={'device': <drop_target.s_left_bank_target_left>}
2025-10-24 21:13:22,991 : INFO : EventManager : Event: ======'drop_target_bank_left_bank_mixed'====== Args={'prev_value': <DropTargetBankState.UP: 'up'>, 'down': 1}
2025-10-24 21:13:22,991 : INFO : EventManager : Event: ======'machine_var_audits_switches_s_left_bank_target_left'====== Args={'value': 16, 'prev_value': 15, 'change': 1}
2025-10-24 21:13:22,992 : INFO : EventManager : Event: ======'player_score'====== Args={'value': 4200, 'prev_value': 4100, 'change': 100, 'player_num': 1, 'source': 'base'}
2025-10-24 21:13:23,018 : INFO : ball_device.bd_trough : Got eject confirm
2025-10-24 21:13:23,018 : INFO : ball_device.bd_trough : Eject successful
2025-10-24 21:13:23,019 : INFO : EventManager : Event: ======'balldevice_bd_trough_ball_eject_success'====== Args={'balls': 1, 'target': <playfield.playfield>}
2025-10-24 21:13:23,019 : INFO : EventManager : Event: ======'balldevice_playfield_ball_enter'====== Args={'new_balls': 1, 'unclaimed_balls': 1, 'device': <playfield.playfield>}
2025-10-24 21:13:23,019 : INFO : EventManager : Event: ======'playfield_ball_count_change'====== Args={'balls': 1, 'change': 1}
2025-10-24 21:13:23,021 : INFO : EventManager : Event: ======'balldevice_bd_trough_ball_count_changed'====== Args={'balls': 0}
2025-10-24 21:13:23,021 : INFO : ball_device.bd_trough : State: idle
2025-10-24 21:13:23,316 : INFO : SwitchController : <<<<<<< 's_left_bank_target_middle' active >>>>>>>
2025-10-24 21:13:23,316 : INFO : EventManager : Event: ======'s_left_bank_target_middle_active'====== Args={}
2025-10-24 21:13:23,316 : INFO : EventManager : Event: ======'drop_target_s_left_bank_target_middle_down'====== Args={'device': <drop_target.s_left_bank_target_middle>}
2025-10-24 21:13:23,317 : INFO : EventManager : Event: ======'drop_target_bank_left_bank_mixed'====== Args={'prev_value': <DropTargetBankState.MIXED: 'mixed'>, 'down': 2}
2025-10-24 21:13:23,317 : INFO : EventManager : Event: ======'machine_var_audits_switches_s_left_bank_target_middle'====== Args={'value': 13, 'prev_value': 12, 'change': 1}
2025-10-24 21:13:23,318 : INFO : EventManager : Event: ======'player_score'====== Args={'value': 4300, 'prev_value': 4200, 'change': 100, 'player_num': 1, 'source': 'base'}
2025-10-24 21:13:23,334 : INFO : SwitchController : <<<<<<< 's_left_bank_target_middle' inactive >>>>>>>
2025-10-24 21:13:23,335 : INFO : EventManager : Event: ======'drop_target_s_left_bank_target_middle_up'====== Args={'device': <drop_target.s_left_bank_target_middle>}
2025-10-24 21:13:23,335 : INFO : EventManager : Event: ======'drop_target_bank_left_bank_mixed'====== Args={'prev_value': <DropTargetBankState.MIXED: 'mixed'>, 'down': 1}
2025-10-24 21:13:23,363 : INFO : SwitchController : <<<<<<< 's_left_bank_target_middle' active >>>>>>>
2025-10-24 21:13:23,363 : INFO : EventManager : Event: ======'s_left_bank_target_middle_active'====== Args={}
2025-10-24 21:13:23,363 : INFO : EventManager : Event: ======'drop_target_s_left_bank_target_middle_down'====== Args={'device': <drop_target.s_left_bank_target_middle>}
2025-10-24 21:13:23,363 : INFO : EventManager : Event: ======'drop_target_bank_left_bank_mixed'====== Args={'prev_value': <DropTargetBankState.MIXED: 'mixed'>, 'down': 2}
2025-10-24 21:13:23,365 : INFO : EventManager : Event: ======'machine_var_audits_switches_s_left_bank_target_middle'====== Args={'value': 14, 'prev_value': 13, 'change': 1}
2025-10-24 21:13:23,365 : INFO : EventManager : Event: ======'player_score'====== Args={'value': 4400, 'prev_value': 4300, 'change': 100, 'player_num': 1, 'source': 'base'}
2025-10-24 21:13:23,504 : INFO : SwitchController : <<<<<<< 's_left_bank_target_right' active >>>>>>>
2025-10-24 21:13:23,504 : INFO : EventManager : Event: ======'s_left_bank_target_right_active'====== Args={}
2025-10-24 21:13:23,504 : INFO : EventManager : Event: ======'drop_target_s_left_bank_target_right_down'====== Args={'device': <drop_target.s_left_bank_target_right>}
2025-10-24 21:13:23,504 : INFO : EventManager : Event: ======'drop_target_bank_left_bank_down'====== Args={}
2025-10-24 21:13:23,505 : INFO : EventManager : Event: ======'machine_var_audits_switches_s_left_bank_target_right'====== Args={'value': 16, 'prev_value': 15, 'change': 1}
2025-10-24 21:13:23,506 : INFO : EventManager : Event: ======'player_score'====== Args={'value': 4500, 'prev_value': 4400, 'change': 100, 'player_num': 1, 'source': 'base'}
2025-10-24 21:13:23,509 : INFO : drop_target_bank.left_bank : 3 targets are down. Will reset those.
2025-10-24 21:13:23,509 : INFO : coil.c_drop_target_left : Pulsing Driver for 50ms (1.0 pulse_power)
2025-10-24 21:13:23,612 : INFO : SwitchController : <<<<<<< 's_left_bank_target_left' inactive (muted) >>>>>>>
2025-10-24 21:13:23,627 : INFO : SwitchController : <<<<<<< 's_left_bank_target_right' inactive (muted) >>>>>>>
2025-10-24 21:13:23,675 : INFO : SwitchController : <<<<<<< 's_left_bank_target_middle' inactive (muted) >>>>>>>
2025-10-24 21:13:24,019 : INFO : EventManager : Event: ======'drop_target_s_left_bank_target_left_up'====== Args={'device': <drop_target.s_left_bank_target_left>}
2025-10-24 21:13:24,019 : INFO : EventManager : Event: ======'drop_target_s_left_bank_target_middle_up'====== Args={'device': <drop_target.s_left_bank_target_middle>}
2025-10-24 21:13:24,019 : INFO : EventManager : Event: ======'drop_target_s_left_bank_target_right_up'====== Args={'device': <drop_target.s_left_bank_target_right>}
2025-10-24 21:13:24,020 : INFO : EventManager : Event: ======'drop_target_bank_left_bank_up'====== Args={}
2025-10-24 21:13:25,595 : INFO : SwitchController : <<<<<<< 's_right_bank_target_right' active >>>>>>>
2025-10-24 21:13:25,595 : INFO : EventManager : Event: ======'s_right_bank_target_right_active'====== Args={}
2025-10-24 21:13:25,596 : INFO : EventManager : Event: ======'drop_target_s_right_bank_target_right_down'====== Args={'device': <drop_target.s_right_bank_target_right>}
2025-10-24 21:13:25,596 : INFO : EventManager : Event: ======'drop_target_bank_right_bank_mixed'====== Args={'prev_value': <DropTargetBankState.UP: 'up'>, 'down': 1}
2025-10-24 21:13:25,596 : INFO : EventManager : Event: ======'machine_var_audits_switches_s_right_bank_target_right'====== Args={'value': 10, 'prev_value': 9, 'change': 1}
2025-10-24 21:13:25,599 : INFO : EventManager : Event: ======'player_score'====== Args={'value': 4600, 'prev_value': 4500, 'change': 100, 'player_num': 1, 'source': 'base'}
2025-10-24 21:13:25,816 : INFO : SwitchController : <<<<<<< 's_right_bank_target_middle' active >>>>>>>
2025-10-24 21:13:25,816 : INFO : EventManager : Event: ======'s_right_bank_target_middle_active'====== Args={}
2025-10-24 21:13:25,816 : INFO : EventManager : Event: ======'drop_target_s_right_bank_target_middle_down'====== Args={'device': <drop_target.s_right_bank_target_middle>}
2025-10-24 21:13:25,816 : INFO : EventManager : Event: ======'drop_target_bank_right_bank_mixed'====== Args={'prev_value': <DropTargetBankState.MIXED: 'mixed'>, 'down': 2}
2025-10-24 21:13:25,817 : INFO : EventManager : Event: ======'machine_var_audits_switches_s_right_bank_target_middle'====== Args={'value': 8, 'prev_value': 7, 'change': 1}
2025-10-24 21:13:25,817 : INFO : EventManager : Event: ======'player_score'====== Args={'value': 4700, 'prev_value': 4600, 'change': 100, 'player_num': 1, 'source': 'base'}
2025-10-24 21:13:26,020 : INFO : SwitchController : <<<<<<< 's_right_bank_target_left' active >>>>>>>
2025-10-24 21:13:26,020 : INFO : EventManager : Event: ======'s_right_bank_target_left_active'====== Args={}
2025-10-24 21:13:26,020 : INFO : EventManager : Event: ======'drop_target_s_right_bank_target_left_down'====== Args={'device': <drop_target.s_right_bank_target_left>}
2025-10-24 21:13:26,021 : INFO : EventManager : Event: ======'drop_target_bank_right_bank_down'====== Args={}
2025-10-24 21:13:26,021 : INFO : EventManager : Event: ======'machine_var_audits_switches_s_right_bank_target_left'====== Args={'value': 12, 'prev_value': 11, 'change': 1}
2025-10-24 21:13:26,023 : INFO : EventManager : Event: ======'player_score'====== Args={'value': 4800, 'prev_value': 4700, 'change': 100, 'player_num': 1, 'source': 'base'}
2025-10-24 21:13:26,025 : INFO : drop_target_bank.right_bank : 3 targets are down. Will reset those.
2025-10-24 21:13:26,025 : INFO : coil.c_drop_target_right : Pulsing Driver for 50ms (1.0 pulse_power)
2025-10-24 21:13:26,097 : INFO : SwitchController : <<<<<<< 's_right_bank_target_right' inactive (muted) >>>>>>>
2025-10-24 21:13:26,110 : INFO : SwitchController : <<<<<<< 's_right_bank_target_middle' inactive (muted) >>>>>>>
2025-10-24 21:13:26,122 : INFO : SwitchController : <<<<<<< 's_right_bank_target_left' inactive (muted) >>>>>>>
2025-10-24 21:13:26,506 : INFO : EventManager : Event: ======'drop_target_s_right_bank_target_left_up'====== Args={'device': <drop_target.s_right_bank_target_left>}
2025-10-24 21:13:26,506 : INFO : EventManager : Event: ======'drop_target_s_right_bank_target_middle_up'====== Args={'device': <drop_target.s_right_bank_target_middle>}
2025-10-24 21:13:26,507 : INFO : EventManager : Event: ======'drop_target_s_right_bank_target_right_up'====== Args={'device': <drop_target.s_right_bank_target_right>}
2025-10-24 21:13:26,507 : INFO : EventManager : Event: ======'drop_target_bank_right_bank_up'====== Args={}
2025-10-24 21:13:27,847 : INFO : SwitchController : <<<<<<< 's_middle_upper_rollovers' active >>>>>>>
2025-10-24 21:13:27,847 : INFO : EventManager : Event: ======'machine_var_audits_switches_s_middle_upper_rollovers'====== Args={'value': 22, 'prev_value': 21, 'change': 1}
2025-10-24 21:13:27,909 : INFO : SwitchController : <<<<<<< 's_middle_upper_rollovers' inactive >>>>>>>
2025-10-24 21:13:28,176 : INFO : SwitchController : <<<<<<< 's_middle_pop_bumper' active >>>>>>>
2025-10-24 21:13:28,176 : INFO : EventManager : Event: ======'machine_var_audits_switches_s_middle_pop_bumper'====== Args={'value': 29, 'prev_value': 28, 'change': 1}
2025-10-24 21:13:28,190 : INFO : SwitchController : <<<<<<< 's_middle_pop_bumper' inactive >>>>>>>
2025-10-24 21:13:30,936 : INFO : SwitchController : <<<<<<< 's_left_outlane_rollover' active >>>>>>>
2025-10-24 21:13:30,936 : INFO : EventManager : Event: ======'s_left_outlane_rollover_active'====== Args={}
2025-10-24 21:13:30,937 : INFO : EventManager : Event: ======'machine_var_audits_switches_s_left_outlane_rollover'====== Args={'value': 5, 'prev_value': 4, 'change': 1}
2025-10-24 21:13:30,937 : INFO : EventManager : Event: ======'player_score'====== Args={'value': 4900, 'prev_value': 4800, 'change': 100, 'player_num': 1, 'source': 'base'}
2025-10-24 21:13:31,077 : INFO : SwitchController : <<<<<<< 's_left_outlane_rollover' inactive >>>>>>>
2025-10-24 21:13:32,488 : INFO : SwitchController : <<<<<<< 's_trough' active >>>>>>>
2025-10-24 21:13:32,488 : INFO : EventManager : Event: ======'machine_var_audits_switches_s_trough'====== Args={'value': 59, 'prev_value': 58, 'change': 1}
2025-10-24 21:13:32,551 : INFO : SwitchController : <<<<<<< 's_trough' inactive >>>>>>>
2025-10-24 21:13:32,567 : INFO : SwitchController : <<<<<<< 's_trough' active >>>>>>>
2025-10-24 21:13:32,567 : INFO : EventManager : Event: ======'machine_var_audits_switches_s_trough'====== Args={'value': 60, 'prev_value': 59, 'change': 1}
2025-10-24 21:13:32,581 : INFO : SwitchController : <<<<<<< 's_trough' inactive >>>>>>>
2025-10-24 21:13:32,659 : INFO : SwitchController : <<<<<<< 's_trough' active >>>>>>>
2025-10-24 21:13:32,659 : INFO : EventManager : Event: ======'machine_var_audits_switches_s_trough'====== Args={'value': 61, 'prev_value': 60, 'change': 1}
2025-10-24 21:13:33,148 : INFO : EventManager : Event: ======'balldevice_bd_trough_ball_count_changed'====== Args={'balls': 1}
2025-10-24 21:13:33,149 : INFO : ball_device.bd_trough : Received unexpected ball
2025-10-24 21:13:33,149 : INFO : EventManager : Event: ======'balldevice_captured_from_playfield'====== Args={'balls': 1}
2025-10-24 21:13:33,150 : INFO : EventManager : Event: ======'sw_playfield_active'====== Args={'balls': 1}
2025-10-24 21:13:33,151 : INFO : EventManager : Event: ======'playfield_ball_count_change'====== Args={'balls': 0, 'change': -1}
2025-10-24 21:13:33,152 : INFO : EventManager : Event: ======'balldevice_bd_trough_ball_enter'====== Args={'new_balls': 1, 'unclaimed_balls': 1, 'new_available_balls': 1, 'device': <ball_device.bd_trough>}
2025-10-24 21:13:33,154 : INFO : EventManager : Event: ======'ball_drain'====== Args={'device': <ball_device.bd_trough>, 'balls': 1}
2025-10-24 21:13:33,155 : INFO : EventManager : Event: ======'ball_will_end'====== Args={}
2025-10-24 21:13:33,156 : INFO : EventManager : Event: ======'balldevice_balls_available'====== Args={}
2025-10-24 21:13:33,156 : INFO : EventManager : Event: ======'balldevice_bd_trough_ball_entered'====== Args={'new_balls': 1, 'device': <ball_device.bd_trough>}
2025-10-24 21:13:33,159 : INFO : EventManager : Event: ======'ball_ending'====== Args={}
2025-10-24 21:13:33,162 : INFO : EventManager : Event: ======'mode_base_will_stop'====== Args={}
2025-10-24 21:13:33,162 : INFO : EventManager : Event: ======'mode_base_stopping'====== Args={}
2025-10-24 21:13:33,163 : INFO : EventManager : Event: ======'stop_base_music'====== Args={'priority': 0}
2025-10-24 21:13:33,164 : INFO : Mode.base : Stopped.
2025-10-24 21:13:33,165 : INFO : EventManager : Event: ======'modes_active_modes_changed'====== Args={}
2025-10-24 21:13:33,165 : INFO : EventManager : Event: ======'mode_base_stopped'====== Args={}
2025-10-24 21:13:33,165 : INFO : EventManager : Event: ======'clear'====== Args={'key': 'base'}
2025-10-24 21:13:33,210 : INFO : EventManager : Event: ======'ball_ended'====== Args={}
2025-10-24 21:13:33,211 : INFO : EventManager : Event: ======'player_turn_will_end'====== Args={'player': <Player 1>, 'number': 1}
2025-10-24 21:13:33,222 : INFO : EventManager : Event: ======'player_turn_ending'====== Args={'player': <Player 1>, 'number': 1}
2025-10-24 21:13:33,223 : INFO : EventManager : Event: ======'player_turn_ended'====== Args={'player': <Player 1>, 'number': 1}
2025-10-24 21:13:33,224 : INFO : EventManager : Event: ======'player_turn_will_start'====== Args={'player': <Player 1>, 'number': 1}
2025-10-24 21:13:33,225 : INFO : EventManager : Event: ======'player_turn_starting'====== Args={'player': <Player 1>, 'number': 1}
2025-10-24 21:13:33,226 : INFO : EventManager : Event: ======'player_ball'====== Args={'value': 3, 'prev_value': 2, 'change': 1, 'player_num': 1}
2025-10-24 21:13:33,227 : INFO : EventManager : Event: ======'player_turn_started'====== Args={'player': <Player 1>, 'number': 1}
2025-10-24 21:13:33,228 : INFO : EventManager : Event: ======'ball_will_start'====== Args={'player': 1, 'ball': 3, 'balls_remaining': 0, 'is_extra_ball': False}
2025-10-24 21:13:33,238 : INFO : EventManager : Event: ======'ball_starting'====== Args={'player': 1, 'ball': 3, 'balls_remaining': 0, 'is_extra_ball': False}
2025-10-24 21:13:33,239 : INFO : drop_target_bank.right_bank : All targets are already up. Will not reset bank.
2025-10-24 21:13:33,239 : INFO : drop_target_bank.left_bank : All targets are already up. Will not reset bank.
2025-10-24 21:13:33,241 : INFO : EventManager : Event: ======'balls_in_play'====== Args={'balls': 1}
2025-10-24 21:13:33,241 : INFO : EventManager : Event: ======'ball_started'====== Args={'player': 1, 'ball': 3, 'balls_remaining': 0, 'is_extra_ball': False}
2025-10-24 21:13:33,242 : INFO : EventManager : Event: ======'mode_base_will_start'====== Args={'player': 1, 'ball': 3, 'balls_remaining': 0, 'is_extra_ball': False}
2025-10-24 21:13:33,242 : INFO : EventManager : Unordered handler for class <Auditor> on event game_ended with priority 1. Handlers: [RegisteredHandler(callback=<bound method Auditor.disable of <Auditor>>, priority=1, kwargs={}, key=UUID('12757f2f-0cc6-4251-ade9-9cb5f621e193'), condition=None, blocking_facility=None), RegisteredHandler(callback=<bound method Auditor._save_audits of <Auditor>>, priority=1, kwargs={}, key=UUID('9a6b63ca-f663-44d2-b950-6c44aeeb0844'), condition=None, blocking_facility=None)]. The order of those handlers is not defined and they will be executed in random order. This might lead to race conditions and potential bugs.
2025-10-24 21:13:33,245 : INFO : EventManager : Event: ======'mode_base_starting'====== Args={'player': 1, 'ball': 3, 'balls_remaining': 0, 'is_extra_ball': False}
2025-10-24 21:13:33,247 : INFO : EventManager : Event: ======'ball_save_default_ball_save_timer_start'====== Args={}
2025-10-24 21:13:33,247 : INFO : EventManager : Event: ======'ball_save_default_ball_save_enabled'====== Args={}
2025-10-24 21:13:33,248 : INFO : Mode.base : Started. Priority: 50
2025-10-24 21:13:33,248 : INFO : EventManager : Event: ======'modes_active_modes_changed'====== Args={}
2025-10-24 21:13:33,248 : INFO : EventManager : Event: ======'mode_base_started'====== Args={'player': 1, 'ball': 3, 'balls_remaining': 0, 'is_extra_ball': False}
2025-10-24 21:13:33,250 : INFO : EventManager : Event: ======'single_player_ball_started'====== Args={}
2025-10-24 21:13:33,291 : INFO : EventManager : Event: ======'ball_start_target'====== Args={'target': 'playfield'}
2025-10-24 21:13:33,292 : INFO : ball_device.bd_trough : Setting up player-controlled eject. Balls: 1, Target: <playfield.playfield>, player_controlled_eject_event: None
2025-10-24 21:13:33,292 : INFO : ball_device.bd_trough : Adding 1 ball(s) to the eject_queue with target <playfield.playfield>.
2025-10-24 21:13:33,293 : INFO : EventManager : Event: ======'balldevice_balls_available'====== Args={}
2025-10-24 21:13:33,296 : INFO : ball_device.bd_trough : State: waiting_for_target_ready
2025-10-24 21:13:33,297 : INFO : EventManager : Event: ======'balldevice_bd_trough_ball_eject_attempt'====== Args={'balls': 1, 'target': <playfield.playfield>, 'source': <ball_device.bd_trough>, 'mechanical_eject': False, 'num_attempts': 0}
2025-10-24 21:13:33,298 : INFO : ball_device.bd_trough : State: ejecting
2025-10-24 21:13:33,298 : INFO : ball_device.bd_trough : Ejecting ball to <playfield.playfield>
2025-10-24 21:13:33,298 : INFO : EventManager : Event: ======'balldevice_bd_trough_ejecting_ball'====== Args={'balls': 1, 'target': <playfield.playfield>, 'source': <ball_device.bd_trough>, 'mechanical_eject': False, 'num_attempts': 0}
2025-10-24 21:13:33,300 : INFO : ball_device.bd_trough : Wait for ball to leave device
2025-10-24 21:13:33,300 : INFO : coil.c_trough_eject : Pulsing Driver for 50ms (1.0 pulse_power)
2025-10-24 21:13:33,367 : INFO : SwitchController : <<<<<<< 's_trough' inactive >>>>>>>
2025-10-24 21:13:33,381 : INFO : ball_device.bd_trough : State: ball_left
2025-10-24 21:13:33,381 : INFO : ball_device.bd_trough : Ball left
2025-10-24 21:13:33,383 : INFO : ball_device.bd_trough : Wait for confirm with timeout 10.0
2025-10-24 21:13:37,785 : INFO : SwitchController : <<<<<<< 's_trough' active >>>>>>>
2025-10-24 21:13:37,785 : INFO : EventManager : Event: ======'machine_var_audits_switches_s_trough'====== Args={'value': 62, 'prev_value': 61, 'change': 1}
2025-10-24 21:13:37,816 : INFO : SwitchController : <<<<<<< 's_trough' inactive >>>>>>>
2025-10-24 21:13:37,830 : INFO : SwitchController : <<<<<<< 's_trough' active >>>>>>>
2025-10-24 21:13:37,830 : INFO : EventManager : Event: ======'machine_var_audits_switches_s_trough'====== Args={'value': 63, 'prev_value': 62, 'change': 1}
2025-10-24 21:13:43,237 : INFO : EventManager : Event: ======'ball_save_default_ball_save_grace_period'====== Args={}
2025-10-24 21:13:43,237 : INFO : EventManager : Event: ======'ball_save_default_ball_save_disabled'====== Args={}
2025-10-24 21:13:43,394 : INFO : ball_device.bd_trough : State: failed_confirm
2025-10-24 21:13:43,394 : INFO : ball_device.bd_trough : Got timeout (10.0s) before confirm from <playfield.playfield>
2025-10-24 21:13:43,486 : INFO : ball_device.bd_trough : Got unknown balls. Assuming a ball returned.
2025-10-24 21:13:43,486 : INFO : EventManager : Event: ======'balldevice_bd_trough_ball_eject_failed'====== Args={'target': <playfield.playfield>, 'balls': 1, 'retry': True, 'num_attempts': 1}
2025-10-24 21:13:43,488 : INFO : ball_device.bd_trough : State: waiting_for_target_ready
2025-10-24 21:13:43,488 : INFO : EventManager : Event: ======'balldevice_bd_trough_ball_eject_attempt'====== Args={'balls': 1, 'target': <playfield.playfield>, 'source': <ball_device.bd_trough>, 'mechanical_eject': False, 'num_attempts': 1}
2025-10-24 21:13:43,489 : INFO : ball_device.bd_trough : State: ejecting
2025-10-24 21:13:43,489 : INFO : ball_device.bd_trough : Ejecting ball to <playfield.playfield>
2025-10-24 21:13:43,489 : INFO : EventManager : Event: ======'balldevice_bd_trough_ejecting_ball'====== Args={'balls': 1, 'target': <playfield.playfield>, 'source': <ball_device.bd_trough>, 'mechanical_eject': False, 'num_attempts': 1}
2025-10-24 21:13:43,492 : INFO : ball_device.bd_trough : Wait for ball to leave device
2025-10-24 21:13:43,493 : INFO : coil.c_trough_eject : Pulsing Driver for 50ms (1.0 pulse_power)
2025-10-24 21:13:43,549 : INFO : SwitchController : <<<<<<< 's_trough' inactive >>>>>>>
2025-10-24 21:13:43,563 : INFO : SwitchController : <<<<<<< 's_trough' active >>>>>>>
2025-10-24 21:13:43,563 : INFO : EventManager : Event: ======'machine_var_audits_switches_s_trough'====== Args={'value': 64, 'prev_value': 63, 'change': 1}
2025-10-24 21:13:43,578 : INFO : ball_device.bd_trough : State: ball_left
2025-10-24 21:13:43,578 : INFO : ball_device.bd_trough : Ball left
2025-10-24 21:13:43,578 : INFO : ball_device.bd_trough : Wait for confirm with timeout 10.0
2025-10-24 21:13:43,586 : INFO : SwitchController : <<<<<<< 's_trough' inactive >>>>>>>
2025-10-24 21:13:49,846 : INFO : SwitchController : <<<<<<< 's_trough' active >>>>>>>
2025-10-24 21:13:49,846 : INFO : EventManager : Event: ======'machine_var_audits_switches_s_trough'====== Args={'value': 65, 'prev_value': 64, 'change': 1}
2025-10-24 21:13:53,561 : INFO : ball_device.bd_trough : State: failed_confirm
2025-10-24 21:13:53,561 : INFO : ball_device.bd_trough : Got timeout (10.0s) before confirm from <playfield.playfield>
2025-10-24 21:13:53,653 : INFO : ball_device.bd_trough : Got unknown balls. Assuming a ball returned.
2025-10-24 21:13:53,653 : INFO : EventManager : Event: ======'balldevice_bd_trough_ball_eject_failed'====== Args={'target': <playfield.playfield>, 'balls': 1, 'retry': True, 'num_attempts': 2}
2025-10-24 21:13:53,656 : INFO : ball_device.bd_trough : State: waiting_for_target_ready
2025-10-24 21:13:53,657 : INFO : EventManager : Event: ======'balldevice_bd_trough_ball_eject_attempt'====== Args={'balls': 1, 'target': <playfield.playfield>, 'source': <ball_device.bd_trough>, 'mechanical_eject': False, 'num_attempts': 2}
2025-10-24 21:13:53,658 : INFO : ball_device.bd_trough : State: ejecting
2025-10-24 21:13:53,658 : INFO : ball_device.bd_trough : Ejecting ball to <playfield.playfield>
2025-10-24 21:13:53,658 : INFO : EventManager : Event: ======'balldevice_bd_trough_ejecting_ball'====== Args={'balls': 1, 'target': <playfield.playfield>, 'source': <ball_device.bd_trough>, 'mechanical_eject': False, 'num_attempts': 2}
2025-10-24 21:13:53,660 : INFO : ball_device.bd_trough : Wait for ball to leave device
2025-10-24 21:13:53,661 : INFO : coil.c_trough_eject : Pulsing Driver for 50ms (1.0 pulse_power)
2025-10-24 21:13:53,718 : INFO : SwitchController : <<<<<<< 's_trough' inactive >>>>>>>
2025-10-24 21:13:53,733 : INFO : ball_device.bd_trough : State: ball_left
2025-10-24 21:13:53,733 : INFO : ball_device.bd_trough : Ball left
2025-10-24 21:13:53,734 : INFO : ball_device.bd_trough : Wait for confirm with timeout 10.0
2025-10-24 21:14:02,517 : INFO : Machine : Shutting down...
2025-10-24 21:14:02,518 : INFO : EventManager : Event: ======'shutdown'====== Args={}
2025-10-24 21:14:02,523 : INFO : EventManager : Event: ======'mode_game_will_stop'====== Args={}
2025-10-24 21:14:02,523 : INFO : EventManager : Event: ======'mode_game_stopping'====== Args={}
2025-10-24 21:14:02,526 : INFO : EventManager : Event: ======'mode_base_will_stop'====== Args={}
2025-10-24 21:14:02,527 : INFO : EventManager : Event: ======'mode_base_stopping'====== Args={}
2025-10-24 21:14:02,528 : INFO : EventManager : Event: ======'stop_base_music'====== Args={'priority': 0}
2025-10-24 21:14:02,528 : INFO : Mode.base : Stopped.
2025-10-24 21:14:02,528 : INFO : EventManager : Event: ======'modes_active_modes_changed'====== Args={}
2025-10-24 21:14:02,529 : INFO : EventManager : Event: ======'mode_base_stopped'====== Args={}
2025-10-24 21:14:02,529 : INFO : EventManager : Event: ======'clear'====== Args={'key': 'base'}
2025-10-24 21:14:02,530 : INFO : Mode.game : Stopped.
2025-10-24 21:14:02,530 : INFO : EventManager : Event: ======'modes_active_modes_changed'====== Args={}
2025-10-24 21:14:02,532 : INFO : EventManager : Event: ======'mode_game_stopped'====== Args={}
2025-10-24 21:14:02,532 : INFO : EventManager : Event: ======'clear'====== Args={'key': 'game'}
2025-10-24 21:14:02,645 : INFO : root : MPF run loop ended.
