2025-10-31 13:27:42,859 : INFO : root : Loading config.
2025-10-31 13:27:42,871 : INFO : YamlMultifileConfigLoader : Machine config file #1: config.yaml
2025-10-31 13:27:42,872 : INFO : ConfigProcessor : Loading config from cache: C:\Users\antho\AppData\Local\Temp\fdca14d0c9d658ab8200d57120800af5.mpf_cache
2025-10-31 13:27:43,215 : WARNING : ConfigProcessor : Config file in cache changed: C:\Users\antho\nightpin\modes\attract\config\attract.yaml
2025-10-31 13:27:43,215 : INFO : ConfigProcessor : Loading config from file C:\Users\antho\mpf\Lib\site-packages\mpf\modes\attract\config\attract.yaml.
2025-10-31 13:27:43,221 : INFO : ConfigProcessor : Loading config: C:\Users\antho\mpf\Lib\site-packages\mpf\modes\attract\config\attract.yaml
2025-10-31 13:27:43,222 : INFO : ConfigProcessor : Loading config from file C:\Users\antho\nightpin\modes\attract\config\attract.yaml.
2025-10-31 13:27:43,227 : INFO : ConfigProcessor : Loading config: C:\Users\antho\nightpin\modes\attract\config\attract.yaml
2025-10-31 13:27:43,230 : INFO : ConfigProcessor : Config file cache created: C:\Users\antho\AppData\Local\Temp\5dec96b1547c4adf5bdd3d1715e74bc0.mpf_cache
2025-10-31 13:27:43,231 : INFO : ConfigProcessor : Loading config from cache: C:\Users\antho\AppData\Local\Temp\202a5840610e95051f9f473dfa660cc0.mpf_cache
2025-10-31 13:27:43,233 : INFO : ConfigProcessor : Loading config from cache: C:\Users\antho\AppData\Local\Temp\5dec96b1547c4adf5bdd3d1715e74bc0.mpf_cache
2025-10-31 13:27:43,265 : INFO : ConfigProcessor : Loading config from cache: C:\Users\antho\AppData\Local\Temp\2cd13a2d3f375e00ab01d6d09a85d8e7.mpf_cache
2025-10-31 13:27:43,291 : INFO : ConfigProcessor : Loading config from cache: C:\Users\antho\AppData\Local\Temp\9220b44b97b91972524500b81035d790.mpf_cache
2025-10-31 13:27:43,293 : INFO : ConfigProcessor : Loading config from cache: C:\Users\antho\AppData\Local\Temp\31ee881584fa6fce665a672a4f3f633a.mpf_cache
2025-10-31 13:27:43,295 : INFO : ConfigProcessor : Loading config from cache: C:\Users\antho\AppData\Local\Temp\5e841763ec73085bbf92358fe6afda21.mpf_cache
2025-10-31 13:27:43,298 : INFO : ConfigProcessor : Loading config from cache: C:\Users\antho\AppData\Local\Temp\7f73d12aa9beccac1cbd8c265ccda72e.mpf_cache
2025-10-31 13:27:43,299 : INFO : ConfigProcessor : Loading config from cache: C:\Users\antho\AppData\Local\Temp\a03ebaa9d6d5676c418deb142cb34911.mpf_cache
2025-10-31 13:27:43,301 : INFO : ConfigProcessor : Loading config from cache: C:\Users\antho\AppData\Local\Temp\b17152efa55a24f0424602723f8d3921.mpf_cache
2025-10-31 13:27:43,302 : INFO : ConfigProcessor : Loading config from cache: C:\Users\antho\AppData\Local\Temp\e87fc0e7d2f8a851b5fa3f604e0d0c6e.mpf_cache
2025-10-31 13:27:43,304 : INFO : ConfigProcessor : Loading config from cache: C:\Users\antho\AppData\Local\Temp\196ac76b6cab3a9880804c826cfbcb5c.mpf_cache
2025-10-31 13:27:43,306 : INFO : ConfigProcessor : Loading config from cache: C:\Users\antho\AppData\Local\Temp\55437eb303afaa980597ff60f339a871.mpf_cache
2025-10-31 13:27:43,307 : INFO : ConfigProcessor : Loading config from cache: C:\Users\antho\AppData\Local\Temp\fddc1006228d3387e6d1e46051a3638d.mpf_cache
2025-10-31 13:27:43,309 : INFO : ConfigProcessor : Loading config from cache: C:\Users\antho\AppData\Local\Temp\834292dd7853e12a66732dc89828c828.mpf_cache
2025-10-31 13:27:43,311 : INFO : ConfigProcessor : Loading config from cache: C:\Users\antho\AppData\Local\Temp\46f8fa3e41dfeeb8232af2f03a13b6c4.mpf_cache
2025-10-31 13:27:43,312 : INFO : ConfigProcessor : Loading config from cache: C:\Users\antho\AppData\Local\Temp\c67e9c175da6c060302945929b27b878.mpf_cache
2025-10-31 13:27:43,314 : INFO : Machine : Mission Pinball Framework Core Engine v0.80.0.dev11
2025-10-31 13:27:43,314 : INFO : Machine : Command line arguments: {'no_load_cache': False, 'create_config_cache': True, 'bcp': False, 'configfile': ['config.yaml'], 'force_assets_load': False, 'platform_integration_test': False, 'jsonlogging': False, 'logfile': 'logs\\2025-10-31-13-27-42-mpf-LAPTOP-MPGP6R69.log', 'pause': False, 'production': False, 'text_ui': False, 'loglevel': 15, 'consoleloglevel': 20, 'force_platform': 'virtual', 'syslog_address': None, 'full_logfile_path': 'C:\\Users\\antho\\nightpin\\logs\\2025-10-31-13-27-42-mpf-LAPTOP-MPGP6R69.log'}
2025-10-31 13:27:43,314 : INFO : Machine : MPF path: C:\Users\antho\mpf\Lib\site-packages\mpf
2025-10-31 13:27:43,314 : INFO : Machine : Machine path: C:\Users\antho\nightpin
2025-10-31 13:27:43,315 : INFO : Machine : Platform: win32
2025-10-31 13:27:43,315 : INFO : Machine : Python executable location: C:\Users\antho\mpf\Scripts\python.exe
2025-10-31 13:27:43,315 : INFO : Machine : Python version: 3.12.7 (64-bit)
2025-10-31 13:27:43,322 : INFO : Machine : Initializing MPF...
2025-10-31 13:27:43,694 : INFO : EventManager : Event: ======'machine_var_credits_string'====== Args={'value': 'FREE PLAY', 'prev_value': None, 'change': True}
2025-10-31 13:27:43,802 : INFO : EventManager : Event: ======'machine_var_master_volume'====== Args={'value': 0.5, 'prev_value': None, 'change': True}
2025-10-31 13:27:43,804 : INFO : EventManager : Event: ======'machine_var_player1_score'====== Args={'value': 2200, 'prev_value': None, 'change': True}
2025-10-31 13:27:43,804 : INFO : EventManager : Event: ======'machine_var_player2_score'====== Args={'value': 1200, 'prev_value': None, 'change': True}
2025-10-31 13:27:43,804 : INFO : EventManager : Event: ======'machine_var_mpf_version'====== Args={'value': 'Mission Pinball Framework v0.80.0.dev11', 'prev_value': None, 'change': True}
2025-10-31 13:27:43,804 : INFO : EventManager : Event: ======'machine_var_mpf_extended_version'====== Args={'value': 'Mission Pinball Framework v0.80.0.dev11, Config version:6, Show version: 6, BCP version:1.1', 'prev_value': None, 'change': True}
2025-10-31 13:27:43,805 : INFO : EventManager : Event: ======'machine_var_python_version'====== Args={'value': '3.12.7', 'prev_value': None, 'change': True}
2025-10-31 13:27:44,217 : INFO : EventManager : Event: ======'machine_var_platform'====== Args={'value': 'Windows-11-10.0.26100-SP0', 'prev_value': None, 'change': True}
2025-10-31 13:27:44,217 : INFO : EventManager : Event: ======'machine_var_platform_system'====== Args={'value': 'Windows', 'prev_value': None, 'change': True}
2025-10-31 13:27:44,217 : INFO : EventManager : Event: ======'machine_var_platform_release'====== Args={'value': '11', 'prev_value': None, 'change': True}
2025-10-31 13:27:44,217 : INFO : EventManager : Event: ======'machine_var_platform_version'====== Args={'value': '10.0.26100', 'prev_value': None, 'change': True}
2025-10-31 13:27:44,217 : INFO : EventManager : Event: ======'machine_var_platform_machine'====== Args={'value': 'AMD64', 'prev_value': None, 'change': True}
2025-10-31 13:27:44,218 : INFO : EventManager : Event: ======'machine_var_log_file_path'====== Args={'value': 'C:\\Users\\antho\\nightpin\\logs\\2025-10-31-13-27-42-mpf-LAPTOP-MPGP6R69.log', 'prev_value': None, 'change': True}
2025-10-31 13:27:44,218 : INFO : EventManager : Event: ======'init_phase_1'====== Args={}
2025-10-31 13:27:44,329 : INFO : EventManager : Event: ======'drop_target_bank_right_bank_up'====== Args={}
2025-10-31 13:27:44,330 : INFO : EventManager : Event: ======'drop_target_bank_left_bank_up'====== Args={}
2025-10-31 13:27:44,344 : INFO : EventManager : Event: ======'init_phase_2'====== Args={}
2025-10-31 13:27:44,359 : INFO : ball_device.bd_trough : BCH: Initial count: 0
2025-10-31 13:27:44,360 : INFO : ball_device.bd_trough : State: idle
2025-10-31 13:27:44,360 : INFO : ball_device.bd_saucer : BCH: Initial count: 0
2025-10-31 13:27:44,361 : INFO : ball_device.bd_saucer : State: idle
2025-10-31 13:27:44,427 : INFO : EventManager : Event: ======'init_phase_3'====== Args={}
2025-10-31 13:27:44,445 : INFO : EventManager : Event: ======'init_phase_4'====== Args={}
2025-10-31 13:27:44,446 : INFO : BallController : Initial balls found: 0
2025-10-31 13:27:44,450 : INFO : EventManager : Event: ======'machine_var_audits_events_game_ended'====== Args={'value': 17, 'prev_value': None, 'change': True}
2025-10-31 13:27:44,450 : INFO : EventManager : Event: ======'machine_var_audits_events_game_started'====== Args={'value': 70, 'prev_value': None, 'change': True}
2025-10-31 13:27:44,450 : INFO : EventManager : Event: ======'machine_var_audits_missing_switches_s_coin_right'====== Args={'value': 69, 'prev_value': None, 'change': True}
2025-10-31 13:27:44,450 : INFO : EventManager : Event: ======'machine_var_audits_missing_switches_s_credit_button'====== Args={'value': 42, 'prev_value': None, 'change': True}
2025-10-31 13:27:44,450 : INFO : EventManager : Event: ======'machine_var_audits_missing_switches_s_inlanes'====== Args={'value': 2, 'prev_value': None, 'change': True}
2025-10-31 13:27:44,450 : INFO : EventManager : Event: ======'machine_var_audits_missing_switches_s_left_bank_target_left'====== Args={'value': 22, 'prev_value': None, 'change': True}
2025-10-31 13:27:44,450 : INFO : EventManager : Event: ======'machine_var_audits_missing_switches_s_left_bank_target_middle'====== Args={'value': 8, 'prev_value': None, 'change': True}
2025-10-31 13:27:44,450 : INFO : EventManager : Event: ======'machine_var_audits_missing_switches_s_left_bank_target_right'====== Args={'value': 8, 'prev_value': None, 'change': True}
2025-10-31 13:27:44,450 : INFO : EventManager : Event: ======'machine_var_audits_missing_switches_s_left_lower_bumper'====== Args={'value': 11, 'prev_value': None, 'change': True}
2025-10-31 13:27:44,451 : INFO : EventManager : Event: ======'machine_var_audits_missing_switches_s_left_outlane_rollover'====== Args={'value': 8, 'prev_value': None, 'change': True}
2025-10-31 13:27:44,451 : INFO : EventManager : Event: ======'machine_var_audits_missing_switches_s_left_pop_bumper'====== Args={'value': 4, 'prev_value': None, 'change': True}
2025-10-31 13:27:44,451 : INFO : EventManager : Event: ======'machine_var_audits_missing_switches_s_left_sling'====== Args={'value': 8, 'prev_value': None, 'change': True}
2025-10-31 13:27:44,451 : INFO : EventManager : Event: ======'machine_var_audits_missing_switches_s_left_upper_bumper'====== Args={'value': 8, 'prev_value': None, 'change': True}
2025-10-31 13:27:44,451 : INFO : EventManager : Event: ======'machine_var_audits_missing_switches_s_middle_pop_bumper'====== Args={'value': 4, 'prev_value': None, 'change': True}
2025-10-31 13:27:44,451 : INFO : EventManager : Event: ======'machine_var_audits_missing_switches_s_middle_skill_lane'====== Args={'value': 8, 'prev_value': None, 'change': True}
2025-10-31 13:27:44,451 : INFO : EventManager : Event: ======'machine_var_audits_missing_switches_s_middle_upper_rollovers'====== Args={'value': 4, 'prev_value': None, 'change': True}
2025-10-31 13:27:44,451 : INFO : EventManager : Event: ======'machine_var_audits_missing_switches_s_outer_skill_lanes'====== Args={'value': 4, 'prev_value': None, 'change': True}
2025-10-31 13:27:44,452 : INFO : EventManager : Event: ======'machine_var_audits_missing_switches_s_right_bank_target_left'====== Args={'value': 4, 'prev_value': None, 'change': True}
2025-10-31 13:27:44,452 : INFO : EventManager : Event: ======'machine_var_audits_missing_switches_s_right_bank_target_middle'====== Args={'value': 4, 'prev_value': None, 'change': True}
2025-10-31 13:27:44,452 : INFO : EventManager : Event: ======'machine_var_audits_missing_switches_s_right_bank_target_right'====== Args={'value': 4, 'prev_value': None, 'change': True}
2025-10-31 13:27:44,452 : INFO : EventManager : Event: ======'machine_var_audits_missing_switches_s_right_outlane_rollover'====== Args={'value': 25, 'prev_value': None, 'change': True}
2025-10-31 13:27:44,453 : INFO : EventManager : Event: ======'machine_var_audits_missing_switches_s_right_pop_bumper'====== Args={'value': 4, 'prev_value': None, 'change': True}
2025-10-31 13:27:44,453 : INFO : EventManager : Event: ======'machine_var_audits_missing_switches_s_right_sling'====== Args={'value': 8, 'prev_value': None, 'change': True}
2025-10-31 13:27:44,453 : INFO : EventManager : Event: ======'machine_var_audits_missing_switches_s_saucer'====== Args={'value': 4, 'prev_value': None, 'change': True}
2025-10-31 13:27:44,453 : INFO : EventManager : Event: ======'machine_var_audits_missing_switches_s_slam_tilt'====== Args={'value': 8, 'prev_value': None, 'change': True}
2025-10-31 13:27:44,453 : INFO : EventManager : Event: ======'machine_var_audits_missing_switches_s_spinner'====== Args={'value': 4, 'prev_value': None, 'change': True}
2025-10-31 13:27:44,453 : INFO : EventManager : Event: ======'machine_var_audits_missing_switches_s_stand_up'====== Args={'value': 42, 'prev_value': None, 'change': True}
2025-10-31 13:27:44,453 : INFO : EventManager : Event: ======'machine_var_audits_missing_switches_s_start_button'====== Args={'value': 7, 'prev_value': None, 'change': True}
2025-10-31 13:27:44,453 : INFO : EventManager : Event: ======'machine_var_audits_missing_switches_s_tilt'====== Args={'value': 40, 'prev_value': None, 'change': True}
2025-10-31 13:27:44,453 : INFO : EventManager : Event: ======'machine_var_audits_missing_switches_s_trough'====== Args={'value': 1, 'prev_value': None, 'change': True}
2025-10-31 13:27:44,454 : INFO : EventManager : Event: ======'machine_var_audits_player_score'====== Args={'value': {'average': 1435, 'top': [5110, 5070, 4300, 4230, 3980, 3410, 2200, 1300, 1200, 500], 'total': 25}, 'prev_value': None, 'change': True}
2025-10-31 13:27:44,454 : INFO : EventManager : Event: ======'machine_var_audits_shots_sh_eg_pop_left'====== Args={'value': 8, 'prev_value': None, 'change': True}
2025-10-31 13:27:44,454 : INFO : EventManager : Event: ======'machine_var_audits_shots_sh_eg_pop_middle'====== Args={'value': 8, 'prev_value': None, 'change': True}
2025-10-31 13:27:44,454 : INFO : EventManager : Event: ======'machine_var_audits_shots_sh_eg_pop_right'====== Args={'value': 13, 'prev_value': None, 'change': True}
2025-10-31 13:27:44,454 : INFO : EventManager : Event: ======'machine_var_audits_shots_sh_eg_right_drop_left'====== Args={'value': 4, 'prev_value': None, 'change': True}
2025-10-31 13:27:44,454 : INFO : EventManager : Event: ======'machine_var_audits_shots_sh_eg_right_drop_middle'====== Args={'value': 3, 'prev_value': None, 'change': True}
2025-10-31 13:27:44,454 : INFO : EventManager : Event: ======'machine_var_audits_shots_sh_eg_right_drop_right'====== Args={'value': 3, 'prev_value': None, 'change': True}
2025-10-31 13:27:44,454 : INFO : EventManager : Event: ======'machine_var_audits_shots_sh_eg_spinner'====== Args={'value': 2, 'prev_value': None, 'change': True}
2025-10-31 13:27:44,455 : INFO : EventManager : Event: ======'machine_var_audits_shots_sh_escape_graveyard_start'====== Args={'value': 3, 'prev_value': None, 'change': True}
2025-10-31 13:27:44,455 : INFO : EventManager : Event: ======'machine_var_audits_switches_s_coin_right'====== Args={'value': 1, 'prev_value': None, 'change': True}
2025-10-31 13:27:44,455 : INFO : EventManager : Event: ======'machine_var_audits_switches_s_credit_button'====== Args={'value': 5, 'prev_value': None, 'change': True}
2025-10-31 13:27:44,455 : INFO : EventManager : Event: ======'machine_var_audits_switches_s_inlanes'====== Args={'value': 158, 'prev_value': None, 'change': True}
2025-10-31 13:27:44,455 : INFO : EventManager : Event: ======'machine_var_audits_switches_s_left_bank_target_left'====== Args={'value': 33, 'prev_value': None, 'change': True}
2025-10-31 13:27:44,455 : INFO : EventManager : Event: ======'machine_var_audits_switches_s_left_bank_target_middle'====== Args={'value': 26, 'prev_value': None, 'change': True}
2025-10-31 13:27:44,455 : INFO : EventManager : Event: ======'machine_var_audits_switches_s_left_bank_target_right'====== Args={'value': 26, 'prev_value': None, 'change': True}
2025-10-31 13:27:44,455 : INFO : EventManager : Event: ======'machine_var_audits_switches_s_left_lower_bumper'====== Args={'value': 31, 'prev_value': None, 'change': True}
2025-10-31 13:27:44,456 : INFO : EventManager : Event: ======'machine_var_audits_switches_s_left_outlane_rollover'====== Args={'value': 23, 'prev_value': None, 'change': True}
2025-10-31 13:27:44,456 : INFO : EventManager : Event: ======'machine_var_audits_switches_s_left_pop_bumper'====== Args={'value': 118, 'prev_value': None, 'change': True}
2025-10-31 13:27:44,456 : INFO : EventManager : Event: ======'machine_var_audits_switches_s_left_sling'====== Args={'value': 93, 'prev_value': None, 'change': True}
2025-10-31 13:27:44,456 : INFO : EventManager : Event: ======'machine_var_audits_switches_s_left_upper_bumper'====== Args={'value': 40, 'prev_value': None, 'change': True}
2025-10-31 13:27:44,456 : INFO : EventManager : Event: ======'machine_var_audits_switches_s_middle_pop_bumper'====== Args={'value': 106, 'prev_value': None, 'change': True}
2025-10-31 13:27:44,457 : INFO : EventManager : Event: ======'machine_var_audits_switches_s_middle_skill_lane'====== Args={'value': 34, 'prev_value': None, 'change': True}
2025-10-31 13:27:44,457 : INFO : EventManager : Event: ======'machine_var_audits_switches_s_middle_upper_rollovers'====== Args={'value': 76, 'prev_value': None, 'change': True}
2025-10-31 13:27:44,457 : INFO : EventManager : Event: ======'machine_var_audits_switches_s_outer_skill_lanes'====== Args={'value': 58, 'prev_value': None, 'change': True}
2025-10-31 13:27:44,457 : INFO : EventManager : Event: ======'machine_var_audits_switches_s_pop_bumper_bottom'====== Args={'value': 6, 'prev_value': None, 'change': True}
2025-10-31 13:27:44,457 : INFO : EventManager : Event: ======'machine_var_audits_switches_s_pop_bumper_left'====== Args={'value': 2, 'prev_value': None, 'change': True}
2025-10-31 13:27:44,457 : INFO : EventManager : Event: ======'machine_var_audits_switches_s_pop_bumper_right'====== Args={'value': 1, 'prev_value': None, 'change': True}
2025-10-31 13:27:44,457 : INFO : EventManager : Event: ======'machine_var_audits_switches_s_right_bank_target_left'====== Args={'value': 50, 'prev_value': None, 'change': True}
2025-10-31 13:27:44,457 : INFO : EventManager : Event: ======'machine_var_audits_switches_s_right_bank_target_middle'====== Args={'value': 38, 'prev_value': None, 'change': True}
2025-10-31 13:27:44,457 : INFO : EventManager : Event: ======'machine_var_audits_switches_s_right_bank_target_right'====== Args={'value': 37, 'prev_value': None, 'change': True}
2025-10-31 13:27:44,457 : INFO : EventManager : Event: ======'machine_var_audits_switches_s_right_outlane_rollover'====== Args={'value': 6, 'prev_value': None, 'change': True}
2025-10-31 13:27:44,459 : INFO : EventManager : Event: ======'machine_var_audits_switches_s_right_pop_bumper'====== Args={'value': 163, 'prev_value': None, 'change': True}
2025-10-31 13:27:44,459 : INFO : EventManager : Event: ======'machine_var_audits_switches_s_right_sling'====== Args={'value': 71, 'prev_value': None, 'change': True}
2025-10-31 13:27:44,459 : INFO : EventManager : Event: ======'machine_var_audits_switches_s_saucer'====== Args={'value': 66, 'prev_value': None, 'change': True}
2025-10-31 13:27:44,459 : INFO : EventManager : Event: ======'machine_var_audits_switches_s_slam_tilt'====== Args={'value': 6, 'prev_value': None, 'change': True}
2025-10-31 13:27:44,459 : INFO : EventManager : Event: ======'machine_var_audits_switches_s_spinner'====== Args={'value': 411, 'prev_value': None, 'change': True}
2025-10-31 13:27:44,459 : INFO : EventManager : Event: ======'machine_var_audits_switches_s_stand_up'====== Args={'value': 8, 'prev_value': None, 'change': True}
2025-10-31 13:27:44,460 : INFO : EventManager : Event: ======'machine_var_audits_switches_s_start_button'====== Args={'value': 35, 'prev_value': None, 'change': True}
2025-10-31 13:27:44,460 : INFO : EventManager : Event: ======'machine_var_audits_switches_s_tilt'====== Args={'value': 1, 'prev_value': None, 'change': True}
2025-10-31 13:27:44,460 : INFO : EventManager : Event: ======'machine_var_audits_switches_s_trough'====== Args={'value': 427, 'prev_value': None, 'change': True}
2025-10-31 13:27:44,461 : INFO : EventManager : Event: ======'init_phase_5'====== Args={}
2025-10-31 13:27:44,461 : INFO : EventManager : Event: ======'init_done'====== Args={}
2025-10-31 13:27:44,461 : INFO : EventManager : Event: ======'machine_reset_phase_1'====== Args={}
2025-10-31 13:27:44,462 : INFO : EventManager : Event: ======'machine_reset_phase_2'====== Args={}
2025-10-31 13:27:44,462 : INFO : EventManager : Event: ======'machine_reset_phase_3'====== Args={}
2025-10-31 13:27:44,462 : INFO : EventManager : Event: ======'mode_attract_will_start'====== Args={'queue': <QueuedEvent>}
2025-10-31 13:27:44,463 : ERROR : Machine : attract mode's event_player: section contains a "machine_reset_phase_3:" event which is also in the start_events: for the attract mode. Change the event_player: machine_reset_phase_3: event name to "mode_attract_started:"
2025-10-31 13:27:44,463 : ERROR : asyncio : Exception in callback EventManager._queue_task_done(<Task finishe...t_started:"')>)
handle: <Handle EventManager._queue_task_done(<Task finishe...t_started:"')>)>
Traceback (most recent call last):
  File "C:\Users\antho\AppData\Local\Programs\Python\Python312\Lib\asyncio\events.py", line 88, in _run
    self._context.run(self._callback, *self._args)
  File "C:\Users\antho\mpf\Lib\site-packages\mpf\core\events.py", line 795, in _queue_task_done
    future.result()
  File "C:\Users\antho\mpf\Lib\site-packages\mpf\core\events.py", line 708, in _run_handlers_sequential
    handler.callback(queue=queue, **merged_kwargs)
  File "C:\Users\antho\mpf\Lib\site-packages\mpf\core\mode.py", line 218, in start
    result = item.method(config=self.config.get(item.config_section, self.config),
             ^^^^^^^^^^^^^^^^^^^^^^^^^^^^^^^^^^^^^^^^^^^^^^^^^^^^^^^^^^^^^^^^^^^^^
  File "C:\Users\antho\mpf\Lib\site-packages\mpf\core\config_player.py", line 221, in mode_start
    event_keys = self.register_player_events(config, mode, priority)
                 ^^^^^^^^^^^^^^^^^^^^^^^^^^^^^^^^^^^^^^^^^^^^^^^^^^^
  File "C:\Users\antho\mpf\Lib\site-packages\mpf\core\config_player.py", line 307, in register_player_events
    raise ValueError(
ValueError: attract mode's event_player: section contains a "machine_reset_phase_3:" event which is also in the start_events: for the attract mode. Change the event_player: machine_reset_phase_3: event name to "mode_attract_started:"
2025-10-31 13:27:44,481 : INFO : Machine : Starting the main run loop with active modes: []
2025-10-31 13:27:44,481 : WARNING : Machine : Attract mode is not active, game will not be playable. Please check your attract mode configuration.
2025-10-31 13:27:44,482 : INFO : Machine : Shutting down...
2025-10-31 13:27:44,482 : INFO : EventManager : Event: ======'shutdown'====== Args={}
2025-10-31 13:27:45,497 : ERROR : Machine : Runtime Exception
Traceback (most recent call last):
  File "C:\Users\antho\mpf\Lib\site-packages\mpf\core\machine.py", line 810, in _run_loop
    raise self._exception['exception']
  File "C:\Users\antho\AppData\Local\Programs\Python\Python312\Lib\asyncio\events.py", line 88, in _run
    self._context.run(self._callback, *self._args)
  File "C:\Users\antho\mpf\Lib\site-packages\mpf\core\events.py", line 795, in _queue_task_done
    future.result()
  File "C:\Users\antho\mpf\Lib\site-packages\mpf\core\events.py", line 708, in _run_handlers_sequential
    handler.callback(queue=queue, **merged_kwargs)
  File "C:\Users\antho\mpf\Lib\site-packages\mpf\core\mode.py", line 218, in start
    result = item.method(config=self.config.get(item.config_section, self.config),
             ^^^^^^^^^^^^^^^^^^^^^^^^^^^^^^^^^^^^^^^^^^^^^^^^^^^^^^^^^^^^^^^^^^^^^
  File "C:\Users\antho\mpf\Lib\site-packages\mpf\core\config_player.py", line 221, in mode_start
    event_keys = self.register_player_events(config, mode, priority)
                 ^^^^^^^^^^^^^^^^^^^^^^^^^^^^^^^^^^^^^^^^^^^^^^^^^^^
  File "C:\Users\antho\mpf\Lib\site-packages\mpf\core\config_player.py", line 307, in register_player_events
    raise ValueError(
ValueError: attract mode's event_player: section contains a "machine_reset_phase_3:" event which is also in the start_events: for the attract mode. Change the event_player: machine_reset_phase_3: event name to "mode_attract_started:"
2025-10-31 13:27:45,502 : INFO : root : MPF run loop ended.
