2025-10-31 14:29:41,284 : INFO : root : Loading config.
2025-10-31 14:29:41,293 : INFO : YamlMultifileConfigLoader : Machine config file #1: config.yaml
2025-10-31 14:29:41,294 : INFO : ConfigProcessor : Loading config from cache: C:\Users\antho\AppData\Local\Temp\fdca14d0c9d658ab8200d57120800af5.mpf_cache
2025-10-31 14:29:41,451 : INFO : ConfigProcessor : Loading config from cache: C:\Users\antho\AppData\Local\Temp\5dec96b1547c4adf5bdd3d1715e74bc0.mpf_cache
2025-10-31 14:29:41,451 : INFO : ConfigProcessor : Loading config from cache: C:\Users\antho\AppData\Local\Temp\202a5840610e95051f9f473dfa660cc0.mpf_cache
2025-10-31 14:29:41,452 : INFO : ConfigProcessor : Loading config from cache: C:\Users\antho\AppData\Local\Temp\5dec96b1547c4adf5bdd3d1715e74bc0.mpf_cache
2025-10-31 14:29:41,453 : INFO : ConfigProcessor : Loading config from cache: C:\Users\antho\AppData\Local\Temp\2cd13a2d3f375e00ab01d6d09a85d8e7.mpf_cache
2025-10-31 14:29:41,465 : INFO : ConfigProcessor : Loading config from cache: C:\Users\antho\AppData\Local\Temp\9220b44b97b91972524500b81035d790.mpf_cache
2025-10-31 14:29:41,466 : INFO : ConfigProcessor : Loading config from cache: C:\Users\antho\AppData\Local\Temp\31ee881584fa6fce665a672a4f3f633a.mpf_cache
2025-10-31 14:29:41,468 : INFO : ConfigProcessor : Loading config from cache: C:\Users\antho\AppData\Local\Temp\5e841763ec73085bbf92358fe6afda21.mpf_cache
2025-10-31 14:29:41,469 : INFO : ConfigProcessor : Loading config from cache: C:\Users\antho\AppData\Local\Temp\7f73d12aa9beccac1cbd8c265ccda72e.mpf_cache
2025-10-31 14:29:41,469 : INFO : ConfigProcessor : Loading config from cache: C:\Users\antho\AppData\Local\Temp\a03ebaa9d6d5676c418deb142cb34911.mpf_cache
2025-10-31 14:29:41,470 : INFO : ConfigProcessor : Loading config from cache: C:\Users\antho\AppData\Local\Temp\b17152efa55a24f0424602723f8d3921.mpf_cache
2025-10-31 14:29:41,471 : INFO : ConfigProcessor : Loading config from cache: C:\Users\antho\AppData\Local\Temp\e87fc0e7d2f8a851b5fa3f604e0d0c6e.mpf_cache
2025-10-31 14:29:41,472 : INFO : ConfigProcessor : Loading config from cache: C:\Users\antho\AppData\Local\Temp\196ac76b6cab3a9880804c826cfbcb5c.mpf_cache
2025-10-31 14:29:41,472 : INFO : ConfigProcessor : Loading config from cache: C:\Users\antho\AppData\Local\Temp\55437eb303afaa980597ff60f339a871.mpf_cache
2025-10-31 14:29:41,473 : INFO : ConfigProcessor : Loading config from cache: C:\Users\antho\AppData\Local\Temp\fddc1006228d3387e6d1e46051a3638d.mpf_cache
2025-10-31 14:29:41,473 : INFO : ConfigProcessor : Loading config from cache: C:\Users\antho\AppData\Local\Temp\834292dd7853e12a66732dc89828c828.mpf_cache
2025-10-31 14:29:41,474 : INFO : ConfigProcessor : Loading config from cache: C:\Users\antho\AppData\Local\Temp\46f8fa3e41dfeeb8232af2f03a13b6c4.mpf_cache
2025-10-31 14:29:41,474 : INFO : ConfigProcessor : Loading config from cache: C:\Users\antho\AppData\Local\Temp\c67e9c175da6c060302945929b27b878.mpf_cache
2025-10-31 14:29:41,475 : INFO : Machine : Mission Pinball Framework Core Engine v0.80.0.dev11
2025-10-31 14:29:41,475 : INFO : Machine : Command line arguments: {'no_load_cache': False, 'create_config_cache': True, 'bcp': True, 'configfile': ['config.yaml'], 'force_assets_load': False, 'platform_integration_test': False, 'jsonlogging': False, 'logfile': 'logs\\2025-10-31-14-29-41-mpf-LAPTOP-MPGP6R69.log', 'pause': False, 'production': False, 'text_ui': True, 'loglevel': 15, 'consoleloglevel': 20, 'force_platform': None, 'syslog_address': None, 'full_logfile_path': 'C:\\Users\\antho\\nightpin\\logs\\2025-10-31-14-29-41-mpf-LAPTOP-MPGP6R69.log'}
2025-10-31 14:29:41,475 : INFO : Machine : MPF path: C:\Users\antho\mpf\Lib\site-packages\mpf
2025-10-31 14:29:41,475 : INFO : Machine : Machine path: C:\Users\antho\nightpin
2025-10-31 14:29:41,476 : INFO : Machine : Platform: win32
2025-10-31 14:29:41,476 : INFO : Machine : Python executable location: C:\Users\antho\mpf\Scripts\python.exe
2025-10-31 14:29:41,476 : INFO : Machine : Python version: 3.12.7 (64-bit)
2025-10-31 14:29:41,479 : INFO : Machine : Initializing MPF...
2025-10-31 14:29:41,763 : INFO : lisy : Connecting to com3 at 115200bps
2025-10-31 14:29:41,763 : WARNING : lisy : Could not import terminos (this is ok on windows).
2025-10-31 14:29:41,911 : INFO : EventManager : Event: ======'machine_var_lisy_hardware'====== Args={'value': 'LISY35', 'prev_value': None, 'change': True}
2025-10-31 14:29:41,911 : INFO : EventManager : Event: ======'machine_var_lisy_version'====== Args={'value': '5.26 ', 'prev_value': None, 'change': True}
2025-10-31 14:29:41,912 : INFO : EventManager : Event: ======'machine_var_lisy_api_version'====== Args={'value': b'0.09', 'prev_value': None, 'change': True}
2025-10-31 14:29:43,229 : INFO : EventManager : Event: ======'machine_var_credits_string'====== Args={'value': 'FREE PLAY', 'prev_value': None, 'change': True}
2025-10-31 14:29:43,267 : INFO : EventManager : Event: ======'machine_var_master_volume'====== Args={'value': 0.5, 'prev_value': None, 'change': True}
2025-10-31 14:29:43,267 : INFO : EventManager : Event: ======'machine_var_player1_score'====== Args={'value': 2200, 'prev_value': None, 'change': True}
2025-10-31 14:29:43,267 : INFO : EventManager : Event: ======'machine_var_player2_score'====== Args={'value': 1200, 'prev_value': None, 'change': True}
2025-10-31 14:29:43,267 : INFO : EventManager : Event: ======'machine_var_mpf_version'====== Args={'value': 'Mission Pinball Framework v0.80.0.dev11', 'prev_value': None, 'change': True}
2025-10-31 14:29:43,267 : INFO : EventManager : Event: ======'machine_var_mpf_extended_version'====== Args={'value': 'Mission Pinball Framework v0.80.0.dev11, Config version:6, Show version: 6, BCP version:1.1', 'prev_value': None, 'change': True}
2025-10-31 14:29:43,267 : INFO : EventManager : Event: ======'machine_var_python_version'====== Args={'value': '3.12.7', 'prev_value': None, 'change': True}
2025-10-31 14:29:43,376 : INFO : EventManager : Event: ======'machine_var_platform'====== Args={'value': 'Windows-11-10.0.26100-SP0', 'prev_value': None, 'change': True}
2025-10-31 14:29:43,376 : INFO : EventManager : Event: ======'machine_var_platform_system'====== Args={'value': 'Windows', 'prev_value': None, 'change': True}
2025-10-31 14:29:43,376 : INFO : EventManager : Event: ======'machine_var_platform_release'====== Args={'value': '11', 'prev_value': None, 'change': True}
2025-10-31 14:29:43,376 : INFO : EventManager : Event: ======'machine_var_platform_version'====== Args={'value': '10.0.26100', 'prev_value': None, 'change': True}
2025-10-31 14:29:43,376 : INFO : EventManager : Event: ======'machine_var_platform_machine'====== Args={'value': 'AMD64', 'prev_value': None, 'change': True}
2025-10-31 14:29:43,377 : INFO : EventManager : Event: ======'machine_var_log_file_path'====== Args={'value': 'C:\\Users\\antho\\nightpin\\logs\\2025-10-31-14-29-41-mpf-LAPTOP-MPGP6R69.log', 'prev_value': None, 'change': True}
2025-10-31 14:29:43,377 : INFO : EventManager : Event: ======'init_phase_1'====== Args={}
2025-10-31 14:29:43,419 : INFO : EventManager : Event: ======'drop_target_bank_right_bank_up'====== Args={}
2025-10-31 14:29:43,420 : INFO : EventManager : Event: ======'drop_target_bank_left_bank_up'====== Args={}
2025-10-31 14:29:43,499 : INFO : EventManager : Event: ======'init_phase_2'====== Args={}
2025-10-31 14:29:43,507 : INFO : EventManager : Event: ======'bcp_connection_attempt'====== Args={'name': 'local_display', 'host': 'localhost', 'port': 5050}
2025-10-31 14:29:43,510 : INFO : BCPClientSocket : Connecting BCP to 'local_display' at localhost:5050...
2025-10-31 14:29:43,533 : INFO : BCPClientSocket : Connected BCP to 'local_display' localhost:5050
2025-10-31 14:29:43,533 : INFO : EventManager : Event: ======'bcp_clients_connected'====== Args={}
2025-10-31 14:29:43,651 : INFO : ball_device.bd_trough : BCH: Initial count: 0
2025-10-31 14:29:43,684 : INFO : ball_device.bd_trough : State: idle
2025-10-31 14:29:43,685 : INFO : ball_device.bd_saucer : BCH: Initial count: 0
2025-10-31 14:29:43,685 : INFO : ball_device.bd_saucer : State: idle
2025-10-31 14:29:43,701 : INFO : EventManager : Event: ======'init_phase_3'====== Args={}
2025-10-31 14:29:43,708 : INFO : EventManager : Event: ======'init_phase_4'====== Args={}
2025-10-31 14:29:43,710 : INFO : BallController : Initial balls found: 0
2025-10-31 14:29:43,711 : INFO : EventManager : Event: ======'machine_var_audits_events_game_ended'====== Args={'value': 17, 'prev_value': None, 'change': True}
2025-10-31 14:29:43,711 : INFO : EventManager : Event: ======'machine_var_audits_events_game_started'====== Args={'value': 81, 'prev_value': None, 'change': True}
2025-10-31 14:29:43,711 : INFO : EventManager : Event: ======'machine_var_audits_missing_switches_s_coin_right'====== Args={'value': 80, 'prev_value': None, 'change': True}
2025-10-31 14:29:43,712 : INFO : EventManager : Event: ======'machine_var_audits_missing_switches_s_credit_button'====== Args={'value': 53, 'prev_value': None, 'change': True}
2025-10-31 14:29:43,712 : INFO : EventManager : Event: ======'machine_var_audits_missing_switches_s_inlanes'====== Args={'value': 8, 'prev_value': None, 'change': True}
2025-10-31 14:29:43,712 : INFO : EventManager : Event: ======'machine_var_audits_missing_switches_s_left_bank_target_left'====== Args={'value': 1, 'prev_value': None, 'change': True}
2025-10-31 14:29:43,712 : INFO : EventManager : Event: ======'machine_var_audits_missing_switches_s_left_bank_target_middle'====== Args={'value': 4, 'prev_value': None, 'change': True}
2025-10-31 14:29:43,712 : INFO : EventManager : Event: ======'machine_var_audits_missing_switches_s_left_bank_target_right'====== Args={'value': 1, 'prev_value': None, 'change': True}
2025-10-31 14:29:43,712 : INFO : EventManager : Event: ======'machine_var_audits_missing_switches_s_left_lower_bumper'====== Args={'value': 1, 'prev_value': None, 'change': True}
2025-10-31 14:29:43,712 : INFO : EventManager : Event: ======'machine_var_audits_missing_switches_s_left_outlane_rollover'====== Args={'value': 19, 'prev_value': None, 'change': True}
2025-10-31 14:29:43,712 : INFO : EventManager : Event: ======'machine_var_audits_missing_switches_s_left_pop_bumper'====== Args={'value': 1, 'prev_value': None, 'change': True}
2025-10-31 14:29:43,712 : INFO : EventManager : Event: ======'machine_var_audits_missing_switches_s_left_sling'====== Args={'value': 19, 'prev_value': None, 'change': True}
2025-10-31 14:29:43,712 : INFO : EventManager : Event: ======'machine_var_audits_missing_switches_s_left_upper_bumper'====== Args={'value': 1, 'prev_value': None, 'change': True}
2025-10-31 14:29:43,712 : INFO : EventManager : Event: ======'machine_var_audits_missing_switches_s_middle_pop_bumper'====== Args={'value': 1, 'prev_value': None, 'change': True}
2025-10-31 14:29:43,712 : INFO : EventManager : Event: ======'machine_var_audits_missing_switches_s_middle_upper_rollovers'====== Args={'value': 1, 'prev_value': None, 'change': True}
2025-10-31 14:29:43,712 : INFO : EventManager : Event: ======'machine_var_audits_missing_switches_s_right_bank_target_left'====== Args={'value': 1, 'prev_value': None, 'change': True}
2025-10-31 14:29:43,712 : INFO : EventManager : Event: ======'machine_var_audits_missing_switches_s_right_bank_target_middle'====== Args={'value': 1, 'prev_value': None, 'change': True}
2025-10-31 14:29:43,712 : INFO : EventManager : Event: ======'machine_var_audits_missing_switches_s_right_bank_target_right'====== Args={'value': 1, 'prev_value': None, 'change': True}
2025-10-31 14:29:43,712 : INFO : EventManager : Event: ======'machine_var_audits_missing_switches_s_right_outlane_rollover'====== Args={'value': 36, 'prev_value': None, 'change': True}
2025-10-31 14:29:43,712 : INFO : EventManager : Event: ======'machine_var_audits_missing_switches_s_right_pop_bumper'====== Args={'value': 1, 'prev_value': None, 'change': True}
2025-10-31 14:29:43,713 : INFO : EventManager : Event: ======'machine_var_audits_missing_switches_s_right_sling'====== Args={'value': 2, 'prev_value': None, 'change': True}
2025-10-31 14:29:43,713 : INFO : EventManager : Event: ======'machine_var_audits_missing_switches_s_saucer'====== Args={'value': 1, 'prev_value': None, 'change': True}
2025-10-31 14:29:43,713 : INFO : EventManager : Event: ======'machine_var_audits_missing_switches_s_slam_tilt'====== Args={'value': 19, 'prev_value': None, 'change': True}
2025-10-31 14:29:43,713 : INFO : EventManager : Event: ======'machine_var_audits_missing_switches_s_spinner'====== Args={'value': 15, 'prev_value': None, 'change': True}
2025-10-31 14:29:43,713 : INFO : EventManager : Event: ======'machine_var_audits_missing_switches_s_stand_up'====== Args={'value': 53, 'prev_value': None, 'change': True}
2025-10-31 14:29:43,713 : INFO : EventManager : Event: ======'machine_var_audits_missing_switches_s_start_button'====== Args={'value': 18, 'prev_value': None, 'change': True}
2025-10-31 14:29:43,713 : INFO : EventManager : Event: ======'machine_var_audits_missing_switches_s_tilt'====== Args={'value': 51, 'prev_value': None, 'change': True}
2025-10-31 14:29:43,713 : INFO : EventManager : Event: ======'machine_var_audits_player_score'====== Args={'value': {'average': 1435, 'top': [5110, 5070, 4300, 4230, 3980, 3410, 2200, 1300, 1200, 500], 'total': 25}, 'prev_value': None, 'change': True}
2025-10-31 14:29:43,713 : INFO : EventManager : Event: ======'machine_var_audits_shots_my_first_shot'====== Args={'value': 3, 'prev_value': None, 'change': True}
2025-10-31 14:29:43,713 : INFO : EventManager : Event: ======'machine_var_audits_shots_sh_eg_pop_left'====== Args={'value': 8, 'prev_value': None, 'change': True}
2025-10-31 14:29:43,714 : INFO : EventManager : Event: ======'machine_var_audits_shots_sh_eg_pop_middle'====== Args={'value': 8, 'prev_value': None, 'change': True}
2025-10-31 14:29:43,714 : INFO : EventManager : Event: ======'machine_var_audits_shots_sh_eg_pop_right'====== Args={'value': 13, 'prev_value': None, 'change': True}
2025-10-31 14:29:43,714 : INFO : EventManager : Event: ======'machine_var_audits_shots_sh_eg_right_drop_left'====== Args={'value': 4, 'prev_value': None, 'change': True}
2025-10-31 14:29:43,714 : INFO : EventManager : Event: ======'machine_var_audits_shots_sh_eg_right_drop_middle'====== Args={'value': 3, 'prev_value': None, 'change': True}
2025-10-31 14:29:43,714 : INFO : EventManager : Event: ======'machine_var_audits_shots_sh_eg_right_drop_right'====== Args={'value': 3, 'prev_value': None, 'change': True}
2025-10-31 14:29:43,714 : INFO : EventManager : Event: ======'machine_var_audits_shots_sh_eg_spinner'====== Args={'value': 2, 'prev_value': None, 'change': True}
2025-10-31 14:29:43,714 : INFO : EventManager : Event: ======'machine_var_audits_shots_sh_escape_graveyard_start'====== Args={'value': 3, 'prev_value': None, 'change': True}
2025-10-31 14:29:43,714 : INFO : EventManager : Event: ======'machine_var_audits_switches_s_coin_right'====== Args={'value': 1, 'prev_value': None, 'change': True}
2025-10-31 14:29:43,714 : INFO : EventManager : Event: ======'machine_var_audits_switches_s_credit_button'====== Args={'value': 5, 'prev_value': None, 'change': True}
2025-10-31 14:29:43,714 : INFO : EventManager : Event: ======'machine_var_audits_switches_s_inlanes'====== Args={'value': 159, 'prev_value': None, 'change': True}
2025-10-31 14:29:43,714 : INFO : EventManager : Event: ======'machine_var_audits_switches_s_left_bank_target_left'====== Args={'value': 36, 'prev_value': None, 'change': True}
2025-10-31 14:29:43,714 : INFO : EventManager : Event: ======'machine_var_audits_switches_s_left_bank_target_middle'====== Args={'value': 27, 'prev_value': None, 'change': True}
2025-10-31 14:29:43,714 : INFO : EventManager : Event: ======'machine_var_audits_switches_s_left_bank_target_right'====== Args={'value': 27, 'prev_value': None, 'change': True}
2025-10-31 14:29:43,714 : INFO : EventManager : Event: ======'machine_var_audits_switches_s_left_lower_bumper'====== Args={'value': 33, 'prev_value': None, 'change': True}
2025-10-31 14:29:43,714 : INFO : EventManager : Event: ======'machine_var_audits_switches_s_left_outlane_rollover'====== Args={'value': 23, 'prev_value': None, 'change': True}
2025-10-31 14:29:43,714 : INFO : EventManager : Event: ======'machine_var_audits_switches_s_left_pop_bumper'====== Args={'value': 121, 'prev_value': None, 'change': True}
2025-10-31 14:29:43,714 : INFO : EventManager : Event: ======'machine_var_audits_switches_s_left_sling'====== Args={'value': 93, 'prev_value': None, 'change': True}
2025-10-31 14:29:43,714 : INFO : EventManager : Event: ======'machine_var_audits_switches_s_left_upper_bumper'====== Args={'value': 42, 'prev_value': None, 'change': True}
2025-10-31 14:29:43,714 : INFO : EventManager : Event: ======'machine_var_audits_switches_s_middle_pop_bumper'====== Args={'value': 114, 'prev_value': None, 'change': True}
2025-10-31 14:29:43,714 : INFO : EventManager : Event: ======'machine_var_audits_switches_s_middle_skill_lane'====== Args={'value': 77, 'prev_value': None, 'change': True}
2025-10-31 14:29:43,715 : INFO : EventManager : Event: ======'machine_var_audits_switches_s_middle_upper_rollovers'====== Args={'value': 97, 'prev_value': None, 'change': True}
2025-10-31 14:29:43,715 : INFO : EventManager : Event: ======'machine_var_audits_switches_s_outer_skill_lanes'====== Args={'value': 126, 'prev_value': None, 'change': True}
2025-10-31 14:29:43,715 : INFO : EventManager : Event: ======'machine_var_audits_switches_s_pop_bumper_bottom'====== Args={'value': 6, 'prev_value': None, 'change': True}
2025-10-31 14:29:43,715 : INFO : EventManager : Event: ======'machine_var_audits_switches_s_pop_bumper_left'====== Args={'value': 2, 'prev_value': None, 'change': True}
2025-10-31 14:29:43,715 : INFO : EventManager : Event: ======'machine_var_audits_switches_s_pop_bumper_right'====== Args={'value': 1, 'prev_value': None, 'change': True}
2025-10-31 14:29:43,715 : INFO : EventManager : Event: ======'machine_var_audits_switches_s_right_bank_target_left'====== Args={'value': 53, 'prev_value': None, 'change': True}
2025-10-31 14:29:43,715 : INFO : EventManager : Event: ======'machine_var_audits_switches_s_right_bank_target_middle'====== Args={'value': 41, 'prev_value': None, 'change': True}
2025-10-31 14:29:43,715 : INFO : EventManager : Event: ======'machine_var_audits_switches_s_right_bank_target_right'====== Args={'value': 39, 'prev_value': None, 'change': True}
2025-10-31 14:29:43,715 : INFO : EventManager : Event: ======'machine_var_audits_switches_s_right_outlane_rollover'====== Args={'value': 6, 'prev_value': None, 'change': True}
2025-10-31 14:29:43,715 : INFO : EventManager : Event: ======'machine_var_audits_switches_s_right_pop_bumper'====== Args={'value': 173, 'prev_value': None, 'change': True}
2025-10-31 14:29:43,715 : INFO : EventManager : Event: ======'machine_var_audits_switches_s_right_sling'====== Args={'value': 72, 'prev_value': None, 'change': True}
2025-10-31 14:29:43,715 : INFO : EventManager : Event: ======'machine_var_audits_switches_s_saucer'====== Args={'value': 82, 'prev_value': None, 'change': True}
2025-10-31 14:29:43,715 : INFO : EventManager : Event: ======'machine_var_audits_switches_s_slam_tilt'====== Args={'value': 6, 'prev_value': None, 'change': True}
2025-10-31 14:29:43,715 : INFO : EventManager : Event: ======'machine_var_audits_switches_s_spinner'====== Args={'value': 411, 'prev_value': None, 'change': True}
2025-10-31 14:29:43,717 : INFO : EventManager : Event: ======'machine_var_audits_switches_s_stand_up'====== Args={'value': 8, 'prev_value': None, 'change': True}
2025-10-31 14:29:43,717 : INFO : EventManager : Event: ======'machine_var_audits_switches_s_start_button'====== Args={'value': 35, 'prev_value': None, 'change': True}
2025-10-31 14:29:43,717 : INFO : EventManager : Event: ======'machine_var_audits_switches_s_tilt'====== Args={'value': 1, 'prev_value': None, 'change': True}
2025-10-31 14:29:43,717 : INFO : EventManager : Event: ======'machine_var_audits_switches_s_trough'====== Args={'value': 441, 'prev_value': None, 'change': True}
2025-10-31 14:29:43,718 : INFO : EventManager : Event: ======'init_phase_5'====== Args={}
2025-10-31 14:29:43,730 : INFO : EventManager : Event: ======'init_done'====== Args={}
2025-10-31 14:29:43,731 : INFO : EventManager : Event: ======'machine_reset_phase_1'====== Args={}
2025-10-31 14:29:43,737 : INFO : EventManager : Event: ======'machine_reset_phase_2'====== Args={}
2025-10-31 14:29:43,737 : INFO : EventManager : Event: ======'machine_reset_phase_3'====== Args={}
2025-10-31 14:29:43,739 : INFO : EventManager : Event: ======'mode_attract_will_start'====== Args={'queue': <QueuedEvent>}
2025-10-31 14:29:43,740 : INFO : EventManager : Event: ======'mode_attract_starting'====== Args={'queue': <QueuedEvent>}
2025-10-31 14:29:43,741 : INFO : Mode.attract : Started. Priority: 10
2025-10-31 14:29:43,741 : INFO : EventManager : Event: ======'modes_active_modes_changed'====== Args={}
2025-10-31 14:29:43,741 : INFO : EventManager : Event: ======'mode_attract_started'====== Args={'queue': <QueuedEvent>}
2025-10-31 14:29:43,741 : INFO : EventManager : Event: ======'godot_attract_on'====== Args={'priority': 0}
2025-10-31 14:29:43,741 : INFO : EventManager : Event: ======'collecting_balls_complete'====== Args={}
2025-10-31 14:29:43,741 : INFO : EventManager : Event: ======'reset_complete'====== Args={}
2025-10-31 14:29:43,759 : INFO : Machine : Starting the main run loop with active modes: [<Mode.attract>]
2025-10-31 14:29:43,776 : INFO : EventManager : Event: ======'slide_attract_created'====== Args={'_from_bcp': True}
2025-10-31 14:29:43,776 : INFO : EventManager : Event: ======'slide__removed'====== Args={'_from_bcp': True}
2025-10-31 14:29:43,777 : INFO : EventManager : Event: ======'slide_attract_active'====== Args={'original_context': 'attract', 'original_calling_context': 'mode_attract_started', 'priority': 10.0, 'queue': '<QueuedEvent>', 'cmd': 'slides_play', '_from_bcp': True}
2025-10-31 14:29:44,964 : INFO : SwitchController : <<<<<<< 's_trough' active >>>>>>>
2025-10-31 14:29:45,011 : INFO : SwitchController : <<<<<<< 's_trough' inactive >>>>>>>
2025-10-31 14:29:45,026 : INFO : SwitchController : <<<<<<< 's_trough' active >>>>>>>
2025-10-31 14:29:45,042 : INFO : SwitchController : <<<<<<< 's_trough' inactive >>>>>>>
2025-10-31 14:29:45,120 : INFO : SwitchController : <<<<<<< 's_trough' active >>>>>>>
2025-10-31 14:29:45,197 : INFO : SwitchController : <<<<<<< 's_trough' inactive >>>>>>>
2025-10-31 14:29:45,213 : INFO : SwitchController : <<<<<<< 's_trough' active >>>>>>>
2025-10-31 14:29:45,711 : INFO : EventManager : Event: ======'balldevice_bd_trough_ball_count_changed'====== Args={'balls': 1}
2025-10-31 14:29:45,711 : INFO : ball_device.bd_trough : Received unexpected ball
2025-10-31 14:29:45,711 : INFO : EventManager : Event: ======'balldevice_captured_from_playfield'====== Args={'balls': 1}
2025-10-31 14:29:45,712 : INFO : EventManager : Event: ======'sw_playfield_active'====== Args={'balls': 1}
2025-10-31 14:29:45,712 : INFO : EventManager : Event: ======'playfield_active'====== Args={'source': None}
2025-10-31 14:29:45,712 : INFO : EventManager : Event: ======'unexpected_ball_on_playfield'====== Args={}
2025-10-31 14:29:45,712 : INFO : EventManager : Event: ======'playfield_ball_count_change'====== Args={'balls': -1, 'change': -1}
2025-10-31 14:29:45,712 : INFO : EventManager : Event: ======'balldevice_playfield_ball_enter'====== Args={'new_balls': 1, 'unclaimed_balls': 1, 'device': <playfield.playfield>}
2025-10-31 14:29:45,712 : INFO : EventManager : Event: ======'playfield_ball_count_change'====== Args={'balls': 0, 'change': 1}
2025-10-31 14:29:45,712 : INFO : BallController : Found a new ball which was captured from playfield. Known balls: 1
2025-10-31 14:29:45,712 : INFO : EventManager : Event: ======'found_new_ball'====== Args={}
2025-10-31 14:29:45,712 : INFO : EventManager : Event: ======'balldevice_bd_trough_ball_enter'====== Args={'new_balls': 1, 'unclaimed_balls': 1, 'new_available_balls': 1, 'device': <ball_device.bd_trough>}
2025-10-31 14:29:45,713 : INFO : EventManager : Event: ======'ball_drain'====== Args={'device': <ball_device.bd_trough>, 'balls': 1}
2025-10-31 14:29:45,713 : INFO : EventManager : Event: ======'balldevice_balls_available'====== Args={}
2025-10-31 14:29:45,713 : INFO : EventManager : Event: ======'balldevice_bd_trough_ball_entered'====== Args={'new_balls': 1, 'device': <ball_device.bd_trough>}
2025-10-31 14:29:45,726 : INFO : EventManager : Event: ======'attract_wave_complete'====== Args={'priority': 0}
2025-10-31 14:29:45,960 : INFO : SwitchController : <<<<<<< 's_start_button' active >>>>>>>
2025-10-31 14:29:46,069 : INFO : SwitchController : <<<<<<< 's_start_button' inactive >>>>>>>
2025-10-31 14:29:46,069 : INFO : EventManager : Event: ======'request_to_start_game'====== Args={}
2025-10-31 14:29:46,069 : INFO : EventManager : Event: ======'game_start'====== Args={'buttons': [], 'hold_time': 0.10900000017136335}
2025-10-31 14:29:46,069 : INFO : EventManager : Event: ======'mode_game_will_start'====== Args={'buttons': [], 'hold_time': 0.10900000017136335}
2025-10-31 14:29:46,071 : INFO : EventManager : Event: ======'mode_game_starting'====== Args={'buttons': [], 'hold_time': 0.10900000017136335}
2025-10-31 14:29:46,071 : INFO : Mode.game : Started. Priority: 20
2025-10-31 14:29:46,072 : INFO : EventManager : Event: ======'modes_active_modes_changed'====== Args={}
2025-10-31 14:29:46,072 : INFO : EventManager : Event: ======'mode_game_started'====== Args={'buttons': [], 'hold_time': 0.10900000017136335}
2025-10-31 14:29:46,087 : INFO : EventManager : Event: ======'game_will_start'====== Args={}
2025-10-31 14:29:46,089 : INFO : EventManager : Event: ======'game_starting'====== Args={'game': <Mode.game>}
2025-10-31 14:29:46,089 : INFO : EventManager : Event: ======'mode_attract_will_stop'====== Args={}
2025-10-31 14:29:46,089 : INFO : EventManager : Event: ======'mode_attract_stopping'====== Args={}
2025-10-31 14:29:46,089 : INFO : EventManager : Event: ======'godot_attract_off'====== Args={'priority': 0}
2025-10-31 14:29:46,090 : INFO : EventManager : Unordered handler for class <Auditor> on event game_ended with priority 1. Handlers: [RegisteredHandler(callback=<bound method Auditor.disable of <Auditor>>, priority=1, kwargs={}, key=UUID('ffe03403-56f7-44ef-9ff2-e2db83773180'), condition=None, blocking_facility=None), RegisteredHandler(callback=<bound method Auditor._save_audits of <Auditor>>, priority=1, kwargs={}, key=UUID('c00a12f5-6212-46e0-9b83-fb430b42a97a'), condition=None, blocking_facility=None)]. The order of those handlers is not defined and they will be executed in random order. This might lead to race conditions and potential bugs.
2025-10-31 14:29:46,091 : INFO : EventManager : Event: ======'godot_attract_off'====== Args={'priority': 0}
2025-10-31 14:29:46,091 : INFO : Mode.attract : Stopped.
2025-10-31 14:29:46,091 : INFO : EventManager : Event: ======'modes_active_modes_changed'====== Args={}
2025-10-31 14:29:46,092 : INFO : EventManager : Event: ======'mode_attract_stopped'====== Args={}
2025-10-31 14:29:46,092 : INFO : EventManager : Event: ======'clear'====== Args={'key': 'attract'}
2025-10-31 14:29:46,092 : INFO : EventManager : Event: ======'player_add_request'====== Args={}
2025-10-31 14:29:46,092 : INFO : EventManager : Event: ======'player_will_add'====== Args={'number': 1}
2025-10-31 14:29:46,092 : INFO : EventManager : Event: ======'player_adding'====== Args={'player': <Player 1>, 'number': 1}
2025-10-31 14:29:46,092 : INFO : EventManager : Event: ======'player_added'====== Args={'player': <Player 1>, 'num': 1}
2025-10-31 14:29:46,093 : INFO : Mode.game : Player added successfully. Total players: 1
2025-10-31 14:29:46,093 : INFO : EventManager : Event: ======'player_index'====== Args={'value': 0, 'prev_value': 0, 'change': 0, 'player_num': 1}
2025-10-31 14:29:46,093 : INFO : EventManager : Event: ======'player_number'====== Args={'value': 1, 'prev_value': 1, 'change': 0, 'player_num': 1}
2025-10-31 14:29:46,093 : INFO : EventManager : Event: ======'player_score'====== Args={'value': 0, 'prev_value': 0, 'change': 0, 'player_num': 1}
2025-10-31 14:29:46,094 : INFO : EventManager : Unordered handler for class <Auditor> on event game_ended with priority 1. Handlers: [RegisteredHandler(callback=<bound method Auditor.disable of <Auditor>>, priority=1, kwargs={}, key=UUID('ffe03403-56f7-44ef-9ff2-e2db83773180'), condition=None, blocking_facility=None), RegisteredHandler(callback=<bound method Auditor._save_audits of <Auditor>>, priority=1, kwargs={}, key=UUID('c00a12f5-6212-46e0-9b83-fb430b42a97a'), condition=None, blocking_facility=None)]. The order of those handlers is not defined and they will be executed in random order. This might lead to race conditions and potential bugs.
2025-10-31 14:29:46,110 : INFO : EventManager : Event: ======'game_started'====== Args={}
2025-10-31 14:29:46,110 : INFO : EventManager : Event: ======'blink_on'====== Args={'priority': 0}
2025-10-31 14:29:46,112 : INFO : EventManager : Event: ======'player_turn_will_start'====== Args={'player': <Player 1>, 'number': 1}
2025-10-31 14:29:46,116 : INFO : EventManager : Event: ======'player_turn_starting'====== Args={'player': <Player 1>, 'number': 1}
2025-10-31 14:29:46,116 : INFO : EventManager : Event: ======'player_ball'====== Args={'value': 1, 'prev_value': 0, 'change': 1, 'player_num': 1}
2025-10-31 14:29:46,117 : INFO : EventManager : Event: ======'player_turn_started'====== Args={'player': <Player 1>, 'number': 1}
2025-10-31 14:29:46,117 : INFO : EventManager : Event: ======'ball_will_start'====== Args={'player': 1, 'ball': 1, 'balls_remaining': 2, 'is_extra_ball': False}
2025-10-31 14:29:46,122 : INFO : EventManager : Event: ======'ball_starting'====== Args={'player': 1, 'ball': 1, 'balls_remaining': 2, 'is_extra_ball': False}
2025-10-31 14:29:46,123 : INFO : drop_target_bank.right_bank : All targets are already up. Will not reset bank.
2025-10-31 14:29:46,123 : INFO : drop_target_bank.left_bank : All targets are already up. Will not reset bank.
2025-10-31 14:29:46,123 : INFO : EventManager : Event: ======'balls_in_play'====== Args={'balls': 1}
2025-10-31 14:29:46,123 : INFO : EventManager : Event: ======'ball_started'====== Args={'player': 1, 'ball': 1, 'balls_remaining': 2, 'is_extra_ball': False}
2025-10-31 14:29:46,124 : INFO : EventManager : Event: ======'mode_base_will_start'====== Args={'player': 1, 'ball': 1, 'balls_remaining': 2, 'is_extra_ball': False}
2025-10-31 14:29:46,124 : INFO : EventManager : Unordered handler for class <Auditor> on event game_ended with priority 1. Handlers: [RegisteredHandler(callback=<bound method Auditor.disable of <Auditor>>, priority=1, kwargs={}, key=UUID('ffe03403-56f7-44ef-9ff2-e2db83773180'), condition=None, blocking_facility=None), RegisteredHandler(callback=<bound method Auditor._save_audits of <Auditor>>, priority=1, kwargs={}, key=UUID('c00a12f5-6212-46e0-9b83-fb430b42a97a'), condition=None, blocking_facility=None)]. The order of those handlers is not defined and they will be executed in random order. This might lead to race conditions and potential bugs.
2025-10-31 14:29:46,126 : INFO : EventManager : Event: ======'mode_base_starting'====== Args={'player': 1, 'ball': 1, 'balls_remaining': 2, 'is_extra_ball': False}
2025-10-31 14:29:46,127 : INFO : EventManager : Event: ======'start_firstball_intro'====== Args={'priority': 0, 'delay': '100ms'}
2025-10-31 14:29:46,129 : INFO : EventManager : Unordered handler for class <Auditor> on event game_ended with priority 1. Handlers: [RegisteredHandler(callback=<bound method Auditor.disable of <Auditor>>, priority=1, kwargs={}, key=UUID('ffe03403-56f7-44ef-9ff2-e2db83773180'), condition=None, blocking_facility=None), RegisteredHandler(callback=<bound method Auditor._save_audits of <Auditor>>, priority=1, kwargs={}, key=UUID('c00a12f5-6212-46e0-9b83-fb430b42a97a'), condition=None, blocking_facility=None)]. The order of those handlers is not defined and they will be executed in random order. This might lead to race conditions and potential bugs.
2025-10-31 14:29:46,129 : INFO : Mode.base : Started. Priority: 50
2025-10-31 14:29:46,129 : INFO : EventManager : Event: ======'modes_active_modes_changed'====== Args={}
2025-10-31 14:29:46,129 : INFO : EventManager : Event: ======'mode_base_started'====== Args={'player': 1, 'ball': 1, 'balls_remaining': 2, 'is_extra_ball': False}
2025-10-31 14:29:46,130 : INFO : EventManager : Event: ======'stop_mode_attract'====== Args={'priority': 0}
2025-10-31 14:29:46,130 : INFO : EventManager : Event: ======'godot_attract_off'====== Args={'priority': 0}
2025-10-31 14:29:46,130 : INFO : EventManager : Event: ======'single_player_ball_started'====== Args={}
2025-10-31 14:29:46,144 : INFO : EventManager : Event: ======'ball_start_target'====== Args={'target': 'playfield'}
2025-10-31 14:29:46,145 : INFO : ball_device.bd_trough : Setting up player-controlled eject. Balls: 1, Target: <playfield.playfield>, player_controlled_eject_event: None
2025-10-31 14:29:46,145 : INFO : ball_device.bd_trough : Adding 1 ball(s) to the eject_queue with target <playfield.playfield>.
2025-10-31 14:29:46,145 : INFO : EventManager : Event: ======'balldevice_balls_available'====== Args={}
2025-10-31 14:29:46,146 : INFO : ball_device.bd_trough : State: waiting_for_target_ready
2025-10-31 14:29:46,146 : INFO : EventManager : Event: ======'balldevice_bd_trough_ball_eject_attempt'====== Args={'balls': 1, 'target': <playfield.playfield>, 'source': <ball_device.bd_trough>, 'mechanical_eject': False, 'num_attempts': 0}
2025-10-31 14:29:46,146 : INFO : ball_device.bd_trough : State: ejecting
2025-10-31 14:29:46,146 : INFO : ball_device.bd_trough : Ejecting ball to <playfield.playfield>
2025-10-31 14:29:46,146 : INFO : EventManager : Event: ======'balldevice_bd_trough_ejecting_ball'====== Args={'balls': 1, 'target': <playfield.playfield>, 'source': <ball_device.bd_trough>, 'mechanical_eject': False, 'num_attempts': 0}
2025-10-31 14:29:46,147 : INFO : ball_device.bd_trough : Wait for ball to leave device
2025-10-31 14:29:46,147 : INFO : coil.c_trough_eject : Pulsing Driver for 40ms (1.0 pulse_power)
2025-10-31 14:29:46,194 : INFO : SwitchController : <<<<<<< 's_trough' inactive >>>>>>>
2025-10-31 14:29:46,202 : INFO : SwitchController : <<<<<<< 's_trough' active >>>>>>>
2025-10-31 14:29:46,202 : INFO : EventManager : Event: ======'machine_var_audits_switches_s_trough'====== Args={'value': 442, 'prev_value': 441, 'change': 1}
2025-10-31 14:29:46,209 : INFO : ball_device.bd_trough : State: ball_left
2025-10-31 14:29:46,209 : INFO : ball_device.bd_trough : Ball left
2025-10-31 14:29:46,209 : INFO : ball_device.bd_trough : Wait for confirm with timeout 10.0
2025-10-31 14:29:46,210 : INFO : SwitchController : <<<<<<< 's_trough' inactive >>>>>>>
2025-10-31 14:29:46,705 : INFO : EventManager : Event: ======'blink_off'====== Args={'priority': 0}
2025-10-31 14:29:47,289 : INFO : EventManager : Event: ======'blink_on'====== Args={'priority': 0}
2025-10-31 14:29:47,907 : INFO : EventManager : Event: ======'blink_off'====== Args={'priority': 0}
2025-10-31 14:29:47,907 : INFO : EventManager : Unordered handler for class <Auditor> on event game_ended with priority 1. Handlers: [RegisteredHandler(callback=<bound method Auditor.disable of <Auditor>>, priority=1, kwargs={}, key=UUID('ffe03403-56f7-44ef-9ff2-e2db83773180'), condition=None, blocking_facility=None), RegisteredHandler(callback=<bound method Auditor._save_audits of <Auditor>>, priority=1, kwargs={}, key=UUID('c00a12f5-6212-46e0-9b83-fb430b42a97a'), condition=None, blocking_facility=None)]. The order of those handlers is not defined and they will be executed in random order. This might lead to race conditions and potential bugs.
2025-10-31 14:29:48,497 : INFO : EventManager : Event: ======'blink_on'====== Args={'priority': 0}
2025-10-31 14:29:49,104 : INFO : EventManager : Event: ======'blink_off'====== Args={'priority': 0}
2025-10-31 14:29:49,105 : INFO : EventManager : Unordered handler for class <Auditor> on event game_ended with priority 1. Handlers: [RegisteredHandler(callback=<bound method Auditor.disable of <Auditor>>, priority=1, kwargs={}, key=UUID('ffe03403-56f7-44ef-9ff2-e2db83773180'), condition=None, blocking_facility=None), RegisteredHandler(callback=<bound method Auditor._save_audits of <Auditor>>, priority=1, kwargs={}, key=UUID('c00a12f5-6212-46e0-9b83-fb430b42a97a'), condition=None, blocking_facility=None)]. The order of those handlers is not defined and they will be executed in random order. This might lead to race conditions and potential bugs.
2025-10-31 14:29:49,706 : INFO : EventManager : Event: ======'blink_on'====== Args={'priority': 0}
2025-10-31 14:29:49,875 : INFO : SwitchController : <<<<<<< 's_outer_skill_lanes' active >>>>>>>
2025-10-31 14:29:49,875 : INFO : EventManager : Event: ======'s_outer_skill_lanes_active'====== Args={}
2025-10-31 14:29:49,875 : INFO : EventManager : Event: ======'machine_var_audits_switches_s_outer_skill_lanes'====== Args={'value': 127, 'prev_value': 126, 'change': 1}
2025-10-31 14:29:49,876 : INFO : EventManager : Event: ======'play_skilllane_quote_2'====== Args={}
2025-10-31 14:29:49,876 : INFO : EventManager : Event: ======'player_score'====== Args={'value': 500, 'prev_value': 0, 'change': 500, 'player_num': 1, 'source': 'base'}
2025-10-31 14:29:50,139 : INFO : SwitchController : <<<<<<< 's_outer_skill_lanes' inactive >>>>>>>
2025-10-31 14:29:50,296 : INFO : EventManager : Event: ======'blink_off'====== Args={'priority': 0}
2025-10-31 14:29:50,296 : INFO : EventManager : Unordered handler for class <Auditor> on event game_ended with priority 1. Handlers: [RegisteredHandler(callback=<bound method Auditor.disable of <Auditor>>, priority=1, kwargs={}, key=UUID('ffe03403-56f7-44ef-9ff2-e2db83773180'), condition=None, blocking_facility=None), RegisteredHandler(callback=<bound method Auditor._save_audits of <Auditor>>, priority=1, kwargs={}, key=UUID('c00a12f5-6212-46e0-9b83-fb430b42a97a'), condition=None, blocking_facility=None)]. The order of those handlers is not defined and they will be executed in random order. This might lead to race conditions and potential bugs.
2025-10-31 14:29:50,453 : INFO : SwitchController : <<<<<<< 's_middle_skill_lane' active >>>>>>>
2025-10-31 14:29:50,453 : INFO : EventManager : Event: ======'s_middle_skill_lane_active'====== Args={}
2025-10-31 14:29:50,453 : INFO : EventManager : Event: ======'machine_var_audits_switches_s_middle_skill_lane'====== Args={'value': 78, 'prev_value': 77, 'change': 1}
2025-10-31 14:29:50,454 : INFO : EventManager : Event: ======'play_skilllane_quote_4'====== Args={}
2025-10-31 14:29:50,454 : INFO : EventManager : Event: ======'player_score'====== Args={'value': 1000, 'prev_value': 500, 'change': 500, 'player_num': 1, 'source': 'base'}
2025-10-31 14:29:50,455 : INFO : EventManager : Unordered handler for class <Auditor> on event game_ended with priority 1. Handlers: [RegisteredHandler(callback=<bound method Auditor.disable of <Auditor>>, priority=1, kwargs={}, key=UUID('ffe03403-56f7-44ef-9ff2-e2db83773180'), condition=None, blocking_facility=None), RegisteredHandler(callback=<bound method Auditor._save_audits of <Auditor>>, priority=1, kwargs={}, key=UUID('c00a12f5-6212-46e0-9b83-fb430b42a97a'), condition=None, blocking_facility=None)]. The order of those handlers is not defined and they will be executed in random order. This might lead to race conditions and potential bugs.
2025-10-31 14:29:50,466 : INFO : EventManager : Unordered handler for class <Auditor> on event game_ended with priority 1. Handlers: [RegisteredHandler(callback=<bound method Auditor.disable of <Auditor>>, priority=1, kwargs={}, key=UUID('ffe03403-56f7-44ef-9ff2-e2db83773180'), condition=None, blocking_facility=None), RegisteredHandler(callback=<bound method Auditor._save_audits of <Auditor>>, priority=1, kwargs={}, key=UUID('c00a12f5-6212-46e0-9b83-fb430b42a97a'), condition=None, blocking_facility=None)]. The order of those handlers is not defined and they will be executed in random order. This might lead to race conditions and potential bugs.
2025-10-31 14:29:50,793 : INFO : SwitchController : <<<<<<< 's_middle_skill_lane' inactive >>>>>>>
2025-10-31 14:29:50,914 : INFO : EventManager : Event: ======'blink_on'====== Args={'priority': 0}
2025-10-31 14:29:51,492 : INFO : EventManager : Event: ======'blink_off'====== Args={'priority': 0}
2025-10-31 14:29:51,493 : INFO : EventManager : Unordered handler for class <Auditor> on event game_ended with priority 1. Handlers: [RegisteredHandler(callback=<bound method Auditor.disable of <Auditor>>, priority=1, kwargs={}, key=UUID('ffe03403-56f7-44ef-9ff2-e2db83773180'), condition=None, blocking_facility=None), RegisteredHandler(callback=<bound method Auditor._save_audits of <Auditor>>, priority=1, kwargs={}, key=UUID('c00a12f5-6212-46e0-9b83-fb430b42a97a'), condition=None, blocking_facility=None)]. The order of those handlers is not defined and they will be executed in random order. This might lead to race conditions and potential bugs.
2025-10-31 14:29:52,114 : INFO : EventManager : Event: ======'blink_on'====== Args={'priority': 0}
2025-10-31 14:29:52,707 : INFO : EventManager : Event: ======'blink_off'====== Args={'priority': 0}
2025-10-31 14:29:52,708 : INFO : EventManager : Unordered handler for class <Auditor> on event game_ended with priority 1. Handlers: [RegisteredHandler(callback=<bound method Auditor.disable of <Auditor>>, priority=1, kwargs={}, key=UUID('ffe03403-56f7-44ef-9ff2-e2db83773180'), condition=None, blocking_facility=None), RegisteredHandler(callback=<bound method Auditor._save_audits of <Auditor>>, priority=1, kwargs={}, key=UUID('c00a12f5-6212-46e0-9b83-fb430b42a97a'), condition=None, blocking_facility=None)]. The order of those handlers is not defined and they will be executed in random order. This might lead to race conditions and potential bugs.
2025-10-31 14:29:53,296 : INFO : EventManager : Event: ======'blink_on'====== Args={'priority': 0}
2025-10-31 14:29:53,837 : INFO : SwitchController : <<<<<<< 's_trough' active >>>>>>>
2025-10-31 14:29:53,837 : INFO : EventManager : Event: ======'machine_var_audits_switches_s_trough'====== Args={'value': 443, 'prev_value': 442, 'change': 1}
2025-10-31 14:29:53,853 : INFO : SwitchController : <<<<<<< 's_trough' inactive >>>>>>>
2025-10-31 14:29:53,899 : INFO : EventManager : Event: ======'blink_off'====== Args={'priority': 0}
2025-10-31 14:29:53,899 : INFO : SwitchController : <<<<<<< 's_trough' active >>>>>>>
2025-10-31 14:29:53,899 : INFO : EventManager : Event: ======'machine_var_audits_switches_s_trough'====== Args={'value': 444, 'prev_value': 443, 'change': 1}
2025-10-31 14:29:53,900 : INFO : EventManager : Unordered handler for class <Auditor> on event game_ended with priority 1. Handlers: [RegisteredHandler(callback=<bound method Auditor.disable of <Auditor>>, priority=1, kwargs={}, key=UUID('ffe03403-56f7-44ef-9ff2-e2db83773180'), condition=None, blocking_facility=None), RegisteredHandler(callback=<bound method Auditor._save_audits of <Auditor>>, priority=1, kwargs={}, key=UUID('c00a12f5-6212-46e0-9b83-fb430b42a97a'), condition=None, blocking_facility=None)]. The order of those handlers is not defined and they will be executed in random order. This might lead to race conditions and potential bugs.
2025-10-31 14:29:54,499 : INFO : EventManager : Event: ======'blink_on'====== Args={'priority': 0}
2025-10-31 14:29:55,104 : INFO : EventManager : Event: ======'blink_off'====== Args={'priority': 0}
2025-10-31 14:29:55,104 : INFO : EventManager : Unordered handler for class <Auditor> on event game_ended with priority 1. Handlers: [RegisteredHandler(callback=<bound method Auditor.disable of <Auditor>>, priority=1, kwargs={}, key=UUID('ffe03403-56f7-44ef-9ff2-e2db83773180'), condition=None, blocking_facility=None), RegisteredHandler(callback=<bound method Auditor._save_audits of <Auditor>>, priority=1, kwargs={}, key=UUID('c00a12f5-6212-46e0-9b83-fb430b42a97a'), condition=None, blocking_facility=None)]. The order of those handlers is not defined and they will be executed in random order. This might lead to race conditions and potential bugs.
2025-10-31 14:29:55,695 : INFO : EventManager : Event: ======'blink_on'====== Args={'priority': 0}
2025-10-31 14:29:56,222 : INFO : ball_device.bd_trough : State: failed_confirm
2025-10-31 14:29:56,222 : INFO : ball_device.bd_trough : Got timeout (10.0s) before confirm from <playfield.playfield>
2025-10-31 14:29:56,300 : INFO : EventManager : Event: ======'blink_off'====== Args={'priority': 0}
2025-10-31 14:29:56,302 : INFO : EventManager : Unordered handler for class <Auditor> on event game_ended with priority 1. Handlers: [RegisteredHandler(callback=<bound method Auditor.disable of <Auditor>>, priority=1, kwargs={}, key=UUID('ffe03403-56f7-44ef-9ff2-e2db83773180'), condition=None, blocking_facility=None), RegisteredHandler(callback=<bound method Auditor._save_audits of <Auditor>>, priority=1, kwargs={}, key=UUID('c00a12f5-6212-46e0-9b83-fb430b42a97a'), condition=None, blocking_facility=None)]. The order of those handlers is not defined and they will be executed in random order. This might lead to race conditions and potential bugs.
2025-10-31 14:29:56,303 : INFO : ball_device.bd_trough : Got unknown balls. Assuming a ball returned.
2025-10-31 14:29:56,303 : INFO : EventManager : Event: ======'balldevice_bd_trough_ball_eject_failed'====== Args={'target': <playfield.playfield>, 'balls': 1, 'retry': True, 'num_attempts': 1}
2025-10-31 14:29:56,304 : INFO : ball_device.bd_trough : State: waiting_for_target_ready
2025-10-31 14:29:56,304 : INFO : EventManager : Event: ======'balldevice_bd_trough_ball_eject_attempt'====== Args={'balls': 1, 'target': <playfield.playfield>, 'source': <ball_device.bd_trough>, 'mechanical_eject': False, 'num_attempts': 1}
2025-10-31 14:29:56,304 : INFO : ball_device.bd_trough : State: ejecting
2025-10-31 14:29:56,304 : INFO : ball_device.bd_trough : Ejecting ball to <playfield.playfield>
2025-10-31 14:29:56,304 : INFO : EventManager : Event: ======'balldevice_bd_trough_ejecting_ball'====== Args={'balls': 1, 'target': <playfield.playfield>, 'source': <ball_device.bd_trough>, 'mechanical_eject': False, 'num_attempts': 1}
2025-10-31 14:29:56,305 : INFO : ball_device.bd_trough : Wait for ball to leave device
2025-10-31 14:29:56,305 : INFO : coil.c_trough_eject : Pulsing Driver for 40ms (1.0 pulse_power)
2025-10-31 14:29:56,379 : INFO : SwitchController : <<<<<<< 's_trough' inactive >>>>>>>
2025-10-31 14:29:56,385 : INFO : ball_device.bd_trough : State: ball_left
2025-10-31 14:29:56,385 : INFO : ball_device.bd_trough : Ball left
2025-10-31 14:29:56,385 : INFO : ball_device.bd_trough : Wait for confirm with timeout 10.0
2025-10-31 14:29:56,908 : INFO : EventManager : Event: ======'blink_on'====== Args={'priority': 0}
2025-10-31 14:29:57,494 : INFO : EventManager : Event: ======'blink_off'====== Args={'priority': 0}
2025-10-31 14:29:57,494 : INFO : EventManager : Unordered handler for class <Auditor> on event game_ended with priority 1. Handlers: [RegisteredHandler(callback=<bound method Auditor.disable of <Auditor>>, priority=1, kwargs={}, key=UUID('ffe03403-56f7-44ef-9ff2-e2db83773180'), condition=None, blocking_facility=None), RegisteredHandler(callback=<bound method Auditor._save_audits of <Auditor>>, priority=1, kwargs={}, key=UUID('c00a12f5-6212-46e0-9b83-fb430b42a97a'), condition=None, blocking_facility=None)]. The order of those handlers is not defined and they will be executed in random order. This might lead to race conditions and potential bugs.
2025-10-31 14:29:58,102 : INFO : EventManager : Event: ======'blink_on'====== Args={'priority': 0}
2025-10-31 14:29:58,704 : INFO : EventManager : Event: ======'blink_off'====== Args={'priority': 0}
2025-10-31 14:29:58,704 : INFO : EventManager : Unordered handler for class <Auditor> on event game_ended with priority 1. Handlers: [RegisteredHandler(callback=<bound method Auditor.disable of <Auditor>>, priority=1, kwargs={}, key=UUID('ffe03403-56f7-44ef-9ff2-e2db83773180'), condition=None, blocking_facility=None), RegisteredHandler(callback=<bound method Auditor._save_audits of <Auditor>>, priority=1, kwargs={}, key=UUID('c00a12f5-6212-46e0-9b83-fb430b42a97a'), condition=None, blocking_facility=None)]. The order of those handlers is not defined and they will be executed in random order. This might lead to race conditions and potential bugs.
2025-10-31 14:29:59,295 : INFO : EventManager : Event: ======'blink_on'====== Args={'priority': 0}
2025-10-31 14:29:59,905 : INFO : EventManager : Event: ======'blink_off'====== Args={'priority': 0}
2025-10-31 14:29:59,906 : INFO : EventManager : Unordered handler for class <Auditor> on event game_ended with priority 1. Handlers: [RegisteredHandler(callback=<bound method Auditor.disable of <Auditor>>, priority=1, kwargs={}, key=UUID('ffe03403-56f7-44ef-9ff2-e2db83773180'), condition=None, blocking_facility=None), RegisteredHandler(callback=<bound method Auditor._save_audits of <Auditor>>, priority=1, kwargs={}, key=UUID('c00a12f5-6212-46e0-9b83-fb430b42a97a'), condition=None, blocking_facility=None)]. The order of those handlers is not defined and they will be executed in random order. This might lead to race conditions and potential bugs.
2025-10-31 14:30:00,495 : INFO : EventManager : Event: ======'blink_on'====== Args={'priority': 0}
2025-10-31 14:30:01,101 : INFO : EventManager : Event: ======'blink_off'====== Args={'priority': 0}
2025-10-31 14:30:01,102 : INFO : EventManager : Unordered handler for class <Auditor> on event game_ended with priority 1. Handlers: [RegisteredHandler(callback=<bound method Auditor.disable of <Auditor>>, priority=1, kwargs={}, key=UUID('ffe03403-56f7-44ef-9ff2-e2db83773180'), condition=None, blocking_facility=None), RegisteredHandler(callback=<bound method Auditor._save_audits of <Auditor>>, priority=1, kwargs={}, key=UUID('c00a12f5-6212-46e0-9b83-fb430b42a97a'), condition=None, blocking_facility=None)]. The order of those handlers is not defined and they will be executed in random order. This might lead to race conditions and potential bugs.
2025-10-31 14:30:01,693 : INFO : EventManager : Event: ======'blink_on'====== Args={'priority': 0}
2025-10-31 14:30:02,240 : INFO : Machine : Shutting down...
2025-10-31 14:30:02,240 : INFO : EventManager : Event: ======'shutdown'====== Args={}
2025-10-31 14:30:02,242 : INFO : EventManager : Event: ======'mode_game_will_stop'====== Args={}
2025-10-31 14:30:02,242 : INFO : EventManager : Event: ======'mode_game_stopping'====== Args={}
2025-10-31 14:30:02,243 : INFO : EventManager : Event: ======'mode_base_will_stop'====== Args={}
2025-10-31 14:30:02,244 : INFO : EventManager : Event: ======'mode_base_stopping'====== Args={}
2025-10-31 14:30:02,244 : INFO : Mode.base : Stopped.
2025-10-31 14:30:02,244 : INFO : EventManager : Event: ======'modes_active_modes_changed'====== Args={}
2025-10-31 14:30:02,244 : INFO : EventManager : Event: ======'mode_base_stopped'====== Args={}
2025-10-31 14:30:02,244 : INFO : EventManager : Event: ======'clear'====== Args={'key': 'base'}
2025-10-31 14:30:02,245 : INFO : Mode.game : Stopped.
2025-10-31 14:30:02,245 : INFO : EventManager : Event: ======'modes_active_modes_changed'====== Args={}
2025-10-31 14:30:02,245 : INFO : EventManager : Event: ======'mode_game_stopped'====== Args={}
2025-10-31 14:30:02,245 : INFO : EventManager : Event: ======'clear'====== Args={'key': 'game'}
2025-10-31 14:30:02,300 : INFO : EventManager : Event: ======'blink_off'====== Args={'priority': 0}
2025-10-31 14:30:02,347 : INFO : root : MPF run loop ended.
