2025-11-08 10:03:10,954 : INFO : root : Loading config.
2025-11-08 10:03:10,959 : INFO : YamlMultifileConfigLoader : Machine config file #1: config.yaml
2025-11-08 10:03:10,960 : INFO : ConfigProcessor : Loading config from cache: C:\Users\antho\AppData\Local\Temp\fdca14d0c9d658ab8200d57120800af5.mpf_cache
2025-11-08 10:03:11,116 : INFO : ConfigProcessor : Loading config from cache: C:\Users\antho\AppData\Local\Temp\5dec96b1547c4adf5bdd3d1715e74bc0.mpf_cache
2025-11-08 10:03:11,116 : INFO : ConfigProcessor : Loading config from cache: C:\Users\antho\AppData\Local\Temp\202a5840610e95051f9f473dfa660cc0.mpf_cache
2025-11-08 10:03:11,117 : INFO : ConfigProcessor : Loading config from cache: C:\Users\antho\AppData\Local\Temp\5dec96b1547c4adf5bdd3d1715e74bc0.mpf_cache
2025-11-08 10:03:11,118 : INFO : ConfigProcessor : Loading config from cache: C:\Users\antho\AppData\Local\Temp\2cd13a2d3f375e00ab01d6d09a85d8e7.mpf_cache
2025-11-08 10:03:11,118 : INFO : ConfigProcessor : Loading config from cache: C:\Users\antho\AppData\Local\Temp\9220b44b97b91972524500b81035d790.mpf_cache
2025-11-08 10:03:11,120 : INFO : ConfigProcessor : Loading config from cache: C:\Users\antho\AppData\Local\Temp\31ee881584fa6fce665a672a4f3f633a.mpf_cache
2025-11-08 10:03:11,120 : INFO : ConfigProcessor : Loading config from cache: C:\Users\antho\AppData\Local\Temp\5e841763ec73085bbf92358fe6afda21.mpf_cache
2025-11-08 10:03:11,121 : INFO : ConfigProcessor : Loading config from cache: C:\Users\antho\AppData\Local\Temp\7f73d12aa9beccac1cbd8c265ccda72e.mpf_cache
2025-11-08 10:03:11,121 : INFO : ConfigProcessor : Loading config from cache: C:\Users\antho\AppData\Local\Temp\a03ebaa9d6d5676c418deb142cb34911.mpf_cache
2025-11-08 10:03:11,121 : INFO : ConfigProcessor : Loading config from cache: C:\Users\antho\AppData\Local\Temp\b17152efa55a24f0424602723f8d3921.mpf_cache
2025-11-08 10:03:11,123 : INFO : ConfigProcessor : Loading config from cache: C:\Users\antho\AppData\Local\Temp\e87fc0e7d2f8a851b5fa3f604e0d0c6e.mpf_cache
2025-11-08 10:03:11,123 : INFO : ConfigProcessor : Loading config from cache: C:\Users\antho\AppData\Local\Temp\196ac76b6cab3a9880804c826cfbcb5c.mpf_cache
2025-11-08 10:03:11,124 : INFO : ConfigProcessor : Loading config from cache: C:\Users\antho\AppData\Local\Temp\55437eb303afaa980597ff60f339a871.mpf_cache
2025-11-08 10:03:11,125 : INFO : ConfigProcessor : Loading config from cache: C:\Users\antho\AppData\Local\Temp\fddc1006228d3387e6d1e46051a3638d.mpf_cache
2025-11-08 10:03:11,125 : INFO : ConfigProcessor : Loading config from cache: C:\Users\antho\AppData\Local\Temp\834292dd7853e12a66732dc89828c828.mpf_cache
2025-11-08 10:03:11,126 : INFO : ConfigProcessor : Loading config from cache: C:\Users\antho\AppData\Local\Temp\46f8fa3e41dfeeb8232af2f03a13b6c4.mpf_cache
2025-11-08 10:03:11,127 : INFO : ConfigProcessor : Loading config from cache: C:\Users\antho\AppData\Local\Temp\c67e9c175da6c060302945929b27b878.mpf_cache
2025-11-08 10:03:11,127 : INFO : ConfigProcessor : Loading config from cache: C:\Users\antho\AppData\Local\Temp\03987edb382fe443ccf68b3f49f06933.mpf_cache
2025-11-08 10:03:11,128 : INFO : Machine : Mission Pinball Framework Core Engine v0.80.0.dev11
2025-11-08 10:03:11,128 : INFO : Machine : Command line arguments: {'no_load_cache': False, 'create_config_cache': True, 'bcp': True, 'configfile': ['config.yaml'], 'force_assets_load': False, 'platform_integration_test': False, 'jsonlogging': False, 'logfile': 'logs\\2025-11-08-10-03-10-mpf-LAPTOP-MPGP6R69.log', 'pause': False, 'production': False, 'text_ui': True, 'loglevel': 15, 'consoleloglevel': 20, 'force_platform': None, 'syslog_address': None, 'full_logfile_path': 'C:\\Users\\antho\\nightpin\\logs\\2025-11-08-10-03-10-mpf-LAPTOP-MPGP6R69.log'}
2025-11-08 10:03:11,128 : INFO : Machine : MPF path: C:\Users\antho\mpf\Lib\site-packages\mpf
2025-11-08 10:03:11,128 : INFO : Machine : Machine path: C:\Users\antho\nightpin
2025-11-08 10:03:11,128 : INFO : Machine : Platform: win32
2025-11-08 10:03:11,128 : INFO : Machine : Python executable location: C:\Users\antho\mpf\Scripts\python.exe
2025-11-08 10:03:11,128 : INFO : Machine : Python version: 3.12.7 (64-bit)
2025-11-08 10:03:11,131 : INFO : Machine : Initializing MPF...
2025-11-08 10:03:11,380 : INFO : lisy : Connecting to com3 at 115200bps
2025-11-08 10:03:11,381 : WARNING : lisy : Could not import terminos (this is ok on windows).
2025-11-08 10:03:11,536 : INFO : EventManager : Event: ======'machine_var_lisy_hardware'====== Args={'value': 'LISY35', 'prev_value': None, 'change': True}
2025-11-08 10:03:11,536 : INFO : EventManager : Event: ======'machine_var_lisy_version'====== Args={'value': '5.26 ', 'prev_value': None, 'change': True}
2025-11-08 10:03:11,536 : INFO : EventManager : Event: ======'machine_var_lisy_api_version'====== Args={'value': b'0.09', 'prev_value': None, 'change': True}
2025-11-08 10:03:12,862 : INFO : EventManager : Event: ======'machine_var_credits_string'====== Args={'value': 'FREE PLAY', 'prev_value': None, 'change': True}
2025-11-08 10:03:12,898 : INFO : EventManager : Event: ======'machine_var_master_volume'====== Args={'value': 0.5, 'prev_value': None, 'change': True}
2025-11-08 10:03:12,898 : INFO : EventManager : Event: ======'machine_var_player1_score'====== Args={'value': 200, 'prev_value': None, 'change': True}
2025-11-08 10:03:12,898 : INFO : EventManager : Event: ======'machine_var_mpf_version'====== Args={'value': 'Mission Pinball Framework v0.80.0.dev11', 'prev_value': None, 'change': True}
2025-11-08 10:03:12,898 : INFO : EventManager : Event: ======'machine_var_mpf_extended_version'====== Args={'value': 'Mission Pinball Framework v0.80.0.dev11, Config version:6, Show version: 6, BCP version:1.1', 'prev_value': None, 'change': True}
2025-11-08 10:03:12,899 : INFO : EventManager : Event: ======'machine_var_python_version'====== Args={'value': '3.12.7', 'prev_value': None, 'change': True}
2025-11-08 10:03:13,007 : INFO : EventManager : Event: ======'machine_var_platform'====== Args={'value': 'Windows-11-10.0.26100-SP0', 'prev_value': None, 'change': True}
2025-11-08 10:03:13,007 : INFO : EventManager : Event: ======'machine_var_platform_system'====== Args={'value': 'Windows', 'prev_value': None, 'change': True}
2025-11-08 10:03:13,007 : INFO : EventManager : Event: ======'machine_var_platform_release'====== Args={'value': '11', 'prev_value': None, 'change': True}
2025-11-08 10:03:13,007 : INFO : EventManager : Event: ======'machine_var_platform_version'====== Args={'value': '10.0.26100', 'prev_value': None, 'change': True}
2025-11-08 10:03:13,007 : INFO : EventManager : Event: ======'machine_var_platform_machine'====== Args={'value': 'AMD64', 'prev_value': None, 'change': True}
2025-11-08 10:03:13,007 : INFO : EventManager : Event: ======'machine_var_log_file_path'====== Args={'value': 'C:\\Users\\antho\\nightpin\\logs\\2025-11-08-10-03-10-mpf-LAPTOP-MPGP6R69.log', 'prev_value': None, 'change': True}
2025-11-08 10:03:13,007 : INFO : EventManager : Event: ======'init_phase_1'====== Args={}
2025-11-08 10:03:13,048 : INFO : EventManager : Event: ======'drop_target_bank_right_bank_up'====== Args={}
2025-11-08 10:03:13,048 : INFO : EventManager : Event: ======'drop_target_bank_left_bank_up'====== Args={}
2025-11-08 10:03:13,136 : INFO : EventManager : Event: ======'init_phase_2'====== Args={}
2025-11-08 10:03:13,136 : INFO : SwitchController : Found active switch: ('8', <mpf.platforms.lisy.lisy.LisyHardwarePlatform object at 0x000001B8A8E796D0>) <switch.s_trough>
2025-11-08 10:03:13,145 : INFO : EventManager : Event: ======'bcp_connection_attempt'====== Args={'name': 'local_display', 'host': 'localhost', 'port': 5050}
2025-11-08 10:03:13,147 : INFO : BCPClientSocket : Connecting BCP to 'local_display' at localhost:5050...
2025-11-08 10:03:14,183 : INFO : BCPClientSocket : Connected BCP to 'local_display' localhost:5050
2025-11-08 10:03:14,183 : INFO : EventManager : Event: ======'bcp_clients_connected'====== Args={}
2025-11-08 10:03:14,293 : INFO : ball_device.bd_trough : BCH: Initial count: 1
2025-11-08 10:03:14,327 : INFO : ball_device.bd_trough : State: idle
2025-11-08 10:03:14,327 : INFO : ball_device.bd_saucer : BCH: Initial count: 0
2025-11-08 10:03:14,327 : INFO : ball_device.bd_saucer : State: idle
2025-11-08 10:03:14,341 : INFO : EventManager : Event: ======'init_phase_3'====== Args={}
2025-11-08 10:03:14,348 : INFO : EventManager : Event: ======'init_phase_4'====== Args={}
2025-11-08 10:03:14,348 : INFO : BallController : Initial balls found: 1
2025-11-08 10:03:14,349 : INFO : EventManager : Event: ======'machine_var_audits_events_game_ended'====== Args={'value': 20, 'prev_value': None, 'change': True}
2025-11-08 10:03:14,349 : INFO : EventManager : Event: ======'machine_var_audits_events_game_started'====== Args={'value': 135, 'prev_value': None, 'change': True}
2025-11-08 10:03:14,349 : INFO : EventManager : Event: ======'machine_var_audits_missing_switches_s_coin_right'====== Args={'value': 134, 'prev_value': None, 'change': True}
2025-11-08 10:03:14,350 : INFO : EventManager : Event: ======'machine_var_audits_missing_switches_s_credit_button'====== Args={'value': 107, 'prev_value': None, 'change': True}
2025-11-08 10:03:14,350 : INFO : EventManager : Event: ======'machine_var_audits_missing_switches_s_inlanes'====== Args={'value': 12, 'prev_value': None, 'change': True}
2025-11-08 10:03:14,350 : INFO : EventManager : Event: ======'machine_var_audits_missing_switches_s_left_bank_target_left'====== Args={'value': 5, 'prev_value': None, 'change': True}
2025-11-08 10:03:14,350 : INFO : EventManager : Event: ======'machine_var_audits_missing_switches_s_left_bank_target_middle'====== Args={'value': 5, 'prev_value': None, 'change': True}
2025-11-08 10:03:14,350 : INFO : EventManager : Event: ======'machine_var_audits_missing_switches_s_left_bank_target_right'====== Args={'value': 5, 'prev_value': None, 'change': True}
2025-11-08 10:03:14,350 : INFO : EventManager : Event: ======'machine_var_audits_missing_switches_s_left_inlane'====== Args={'value': 17, 'prev_value': None, 'change': True}
2025-11-08 10:03:14,350 : INFO : EventManager : Event: ======'machine_var_audits_missing_switches_s_left_lower_bumper'====== Args={'value': 5, 'prev_value': None, 'change': True}
2025-11-08 10:03:14,350 : INFO : EventManager : Event: ======'machine_var_audits_missing_switches_s_left_outlane'====== Args={'value': 38, 'prev_value': None, 'change': True}
2025-11-08 10:03:14,350 : INFO : EventManager : Event: ======'machine_var_audits_missing_switches_s_left_outlane_rollover'====== Args={'value': 23, 'prev_value': None, 'change': True}
2025-11-08 10:03:14,350 : INFO : EventManager : Event: ======'machine_var_audits_missing_switches_s_left_pop_bumper'====== Args={'value': 4, 'prev_value': None, 'change': True}
2025-11-08 10:03:14,350 : INFO : EventManager : Event: ======'machine_var_audits_missing_switches_s_left_rollover'====== Args={'value': 41, 'prev_value': None, 'change': True}
2025-11-08 10:03:14,350 : INFO : EventManager : Event: ======'machine_var_audits_missing_switches_s_left_skill_lane'====== Args={'value': 3, 'prev_value': None, 'change': True}
2025-11-08 10:03:14,350 : INFO : EventManager : Event: ======'machine_var_audits_missing_switches_s_left_sling'====== Args={'value': 5, 'prev_value': None, 'change': True}
2025-11-08 10:03:14,350 : INFO : EventManager : Event: ======'machine_var_audits_missing_switches_s_left_upper_bumper'====== Args={'value': 5, 'prev_value': None, 'change': True}
2025-11-08 10:03:14,351 : INFO : EventManager : Event: ======'machine_var_audits_missing_switches_s_middle_skill_lane'====== Args={'value': 3, 'prev_value': None, 'change': True}
2025-11-08 10:03:14,351 : INFO : EventManager : Event: ======'machine_var_audits_missing_switches_s_middle_upper_rollovers'====== Args={'value': 5, 'prev_value': None, 'change': True}
2025-11-08 10:03:14,351 : INFO : EventManager : Event: ======'machine_var_audits_missing_switches_s_outer_skill_lanes'====== Args={'value': 1, 'prev_value': None, 'change': True}
2025-11-08 10:03:14,351 : INFO : EventManager : Event: ======'machine_var_audits_missing_switches_s_right_bank_target_right'====== Args={'value': 3, 'prev_value': None, 'change': True}
2025-11-08 10:03:14,351 : INFO : EventManager : Event: ======'machine_var_audits_missing_switches_s_right_inlane'====== Args={'value': 1, 'prev_value': None, 'change': True}
2025-11-08 10:03:14,351 : INFO : EventManager : Event: ======'machine_var_audits_missing_switches_s_right_outlane'====== Args={'value': 38, 'prev_value': None, 'change': True}
2025-11-08 10:03:14,351 : INFO : EventManager : Event: ======'machine_var_audits_missing_switches_s_right_outlane_rollover'====== Args={'value': 40, 'prev_value': None, 'change': True}
2025-11-08 10:03:14,351 : INFO : EventManager : Event: ======'machine_var_audits_missing_switches_s_right_rollover'====== Args={'value': 50, 'prev_value': None, 'change': True}
2025-11-08 10:03:14,351 : INFO : EventManager : Event: ======'machine_var_audits_missing_switches_s_right_skill_lane'====== Args={'value': 3, 'prev_value': None, 'change': True}
2025-11-08 10:03:14,351 : INFO : EventManager : Event: ======'machine_var_audits_missing_switches_s_right_sling'====== Args={'value': 3, 'prev_value': None, 'change': True}
2025-11-08 10:03:14,351 : INFO : EventManager : Event: ======'machine_var_audits_missing_switches_s_rollover_upper'====== Args={'value': 4, 'prev_value': None, 'change': True}
2025-11-08 10:03:14,351 : INFO : EventManager : Event: ======'machine_var_audits_missing_switches_s_slam_tilt'====== Args={'value': 73, 'prev_value': None, 'change': True}
2025-11-08 10:03:14,351 : INFO : EventManager : Event: ======'machine_var_audits_missing_switches_s_spinner'====== Args={'value': 48, 'prev_value': None, 'change': True}
2025-11-08 10:03:14,352 : INFO : EventManager : Event: ======'machine_var_audits_missing_switches_s_stand_up'====== Args={'value': 107, 'prev_value': None, 'change': True}
2025-11-08 10:03:14,352 : INFO : EventManager : Event: ======'machine_var_audits_missing_switches_s_start_button'====== Args={'value': 4, 'prev_value': None, 'change': True}
2025-11-08 10:03:14,352 : INFO : EventManager : Event: ======'machine_var_audits_missing_switches_s_tilt'====== Args={'value': 41, 'prev_value': None, 'change': True}
2025-11-08 10:03:14,352 : INFO : EventManager : Event: ======'machine_var_audits_missing_switches_s_trough'====== Args={'value': 1, 'prev_value': None, 'change': True}
2025-11-08 10:03:14,352 : INFO : EventManager : Event: ======'machine_var_audits_player_score'====== Args={'value': {'average': 1377, 'top': [5110, 5070, 4300, 4230, 3980, 3410, 2200, 2100, 1300, 1200], 'total': 28}, 'prev_value': None, 'change': True}
2025-11-08 10:03:14,352 : INFO : EventManager : Event: ======'machine_var_audits_shots_my_first_shot'====== Args={'value': 3, 'prev_value': None, 'change': True}
2025-11-08 10:03:14,352 : INFO : EventManager : Event: ======'machine_var_audits_shots_sh_eg_pop_left'====== Args={'value': 8, 'prev_value': None, 'change': True}
2025-11-08 10:03:14,352 : INFO : EventManager : Event: ======'machine_var_audits_shots_sh_eg_pop_middle'====== Args={'value': 8, 'prev_value': None, 'change': True}
2025-11-08 10:03:14,352 : INFO : EventManager : Event: ======'machine_var_audits_shots_sh_eg_pop_right'====== Args={'value': 13, 'prev_value': None, 'change': True}
2025-11-08 10:03:14,352 : INFO : EventManager : Event: ======'machine_var_audits_shots_sh_eg_right_drop_left'====== Args={'value': 4, 'prev_value': None, 'change': True}
2025-11-08 10:03:14,352 : INFO : EventManager : Event: ======'machine_var_audits_shots_sh_eg_right_drop_middle'====== Args={'value': 3, 'prev_value': None, 'change': True}
2025-11-08 10:03:14,352 : INFO : EventManager : Event: ======'machine_var_audits_shots_sh_eg_right_drop_right'====== Args={'value': 3, 'prev_value': None, 'change': True}
2025-11-08 10:03:14,352 : INFO : EventManager : Event: ======'machine_var_audits_shots_sh_eg_spinner'====== Args={'value': 2, 'prev_value': None, 'change': True}
2025-11-08 10:03:14,353 : INFO : EventManager : Event: ======'machine_var_audits_shots_sh_escape_graveyard_start'====== Args={'value': 11, 'prev_value': None, 'change': True}
2025-11-08 10:03:14,353 : INFO : EventManager : Event: ======'machine_var_audits_switches_s_coin_right'====== Args={'value': 1, 'prev_value': None, 'change': True}
2025-11-08 10:03:14,353 : INFO : EventManager : Event: ======'machine_var_audits_switches_s_credit_button'====== Args={'value': 5, 'prev_value': None, 'change': True}
2025-11-08 10:03:14,353 : INFO : EventManager : Event: ======'machine_var_audits_switches_s_inlanes'====== Args={'value': 159, 'prev_value': None, 'change': True}
2025-11-08 10:03:14,353 : INFO : EventManager : Event: ======'machine_var_audits_switches_s_left_bank_target_left'====== Args={'value': 38, 'prev_value': None, 'change': True}
2025-11-08 10:03:14,353 : INFO : EventManager : Event: ======'machine_var_audits_switches_s_left_bank_target_middle'====== Args={'value': 28, 'prev_value': None, 'change': True}
2025-11-08 10:03:14,353 : INFO : EventManager : Event: ======'machine_var_audits_switches_s_left_bank_target_right'====== Args={'value': 28, 'prev_value': None, 'change': True}
2025-11-08 10:03:14,353 : INFO : EventManager : Event: ======'machine_var_audits_switches_s_left_inlane'====== Args={'value': 2, 'prev_value': None, 'change': True}
2025-11-08 10:03:14,353 : INFO : EventManager : Event: ======'machine_var_audits_switches_s_left_lower_bumper'====== Args={'value': 36, 'prev_value': None, 'change': True}
2025-11-08 10:03:14,353 : INFO : EventManager : Event: ======'machine_var_audits_switches_s_left_outlane'====== Args={'value': 1, 'prev_value': None, 'change': True}
2025-11-08 10:03:14,353 : INFO : EventManager : Event: ======'machine_var_audits_switches_s_left_outlane_rollover'====== Args={'value': 23, 'prev_value': None, 'change': True}
2025-11-08 10:03:14,353 : INFO : EventManager : Event: ======'machine_var_audits_switches_s_left_pop_bumper'====== Args={'value': 134, 'prev_value': None, 'change': True}
2025-11-08 10:03:14,354 : INFO : EventManager : Event: ======'machine_var_audits_switches_s_left_rollover'====== Args={'value': 2, 'prev_value': None, 'change': True}
2025-11-08 10:03:14,354 : INFO : EventManager : Event: ======'machine_var_audits_switches_s_left_skill_lane'====== Args={'value': 14, 'prev_value': None, 'change': True}
2025-11-08 10:03:14,354 : INFO : EventManager : Event: ======'machine_var_audits_switches_s_left_sling'====== Args={'value': 113, 'prev_value': None, 'change': True}
2025-11-08 10:03:14,354 : INFO : EventManager : Event: ======'machine_var_audits_switches_s_left_upper_bumper'====== Args={'value': 45, 'prev_value': None, 'change': True}
2025-11-08 10:03:14,354 : INFO : EventManager : Event: ======'machine_var_audits_switches_s_middle_pop_bumper'====== Args={'value': 150, 'prev_value': None, 'change': True}
2025-11-08 10:03:14,354 : INFO : EventManager : Event: ======'machine_var_audits_switches_s_middle_rollover'====== Args={'value': 23, 'prev_value': None, 'change': True}
2025-11-08 10:03:14,354 : INFO : EventManager : Event: ======'machine_var_audits_switches_s_middle_skill_lane'====== Args={'value': 91, 'prev_value': None, 'change': True}
2025-11-08 10:03:14,354 : INFO : EventManager : Event: ======'machine_var_audits_switches_s_middle_upper_rollovers'====== Args={'value': 97, 'prev_value': None, 'change': True}
2025-11-08 10:03:14,354 : INFO : EventManager : Event: ======'machine_var_audits_switches_s_outer_skill_lanes'====== Args={'value': 133, 'prev_value': None, 'change': True}
2025-11-08 10:03:14,354 : INFO : EventManager : Event: ======'machine_var_audits_switches_s_pop_bumper_bottom'====== Args={'value': 6, 'prev_value': None, 'change': True}
2025-11-08 10:03:14,354 : INFO : EventManager : Event: ======'machine_var_audits_switches_s_pop_bumper_left'====== Args={'value': 2, 'prev_value': None, 'change': True}
2025-11-08 10:03:14,354 : INFO : EventManager : Event: ======'machine_var_audits_switches_s_pop_bumper_right'====== Args={'value': 1, 'prev_value': None, 'change': True}
2025-11-08 10:03:14,354 : INFO : EventManager : Event: ======'machine_var_audits_switches_s_right_bank_target_left'====== Args={'value': 61, 'prev_value': None, 'change': True}
2025-11-08 10:03:14,354 : INFO : EventManager : Event: ======'machine_var_audits_switches_s_right_bank_target_middle'====== Args={'value': 47, 'prev_value': None, 'change': True}
2025-11-08 10:03:14,354 : INFO : EventManager : Event: ======'machine_var_audits_switches_s_right_bank_target_right'====== Args={'value': 42, 'prev_value': None, 'change': True}
2025-11-08 10:03:14,354 : INFO : EventManager : Event: ======'machine_var_audits_switches_s_right_inlane'====== Args={'value': 47, 'prev_value': None, 'change': True}
2025-11-08 10:03:14,354 : INFO : EventManager : Event: ======'machine_var_audits_switches_s_right_outlane'====== Args={'value': 1, 'prev_value': None, 'change': True}
2025-11-08 10:03:14,354 : INFO : EventManager : Event: ======'machine_var_audits_switches_s_right_outlane_rollover'====== Args={'value': 6, 'prev_value': None, 'change': True}
2025-11-08 10:03:14,356 : INFO : EventManager : Event: ======'machine_var_audits_switches_s_right_pop_bumper'====== Args={'value': 192, 'prev_value': None, 'change': True}
2025-11-08 10:03:14,356 : INFO : EventManager : Event: ======'machine_var_audits_switches_s_right_rollover'====== Args={'value': 0, 'prev_value': None, 'change': True}
2025-11-08 10:03:14,356 : INFO : EventManager : Event: ======'machine_var_audits_switches_s_right_skill_lane'====== Args={'value': 14, 'prev_value': None, 'change': True}
2025-11-08 10:03:14,356 : INFO : EventManager : Event: ======'machine_var_audits_switches_s_right_sling'====== Args={'value': 89, 'prev_value': None, 'change': True}
2025-11-08 10:03:14,356 : INFO : EventManager : Event: ======'machine_var_audits_switches_s_rollover_upper'====== Args={'value': 4, 'prev_value': None, 'change': True}
2025-11-08 10:03:14,356 : INFO : EventManager : Event: ======'machine_var_audits_switches_s_saucer'====== Args={'value': 116, 'prev_value': None, 'change': True}
2025-11-08 10:03:14,356 : INFO : EventManager : Event: ======'machine_var_audits_switches_s_slam_tilt'====== Args={'value': 6, 'prev_value': None, 'change': True}
2025-11-08 10:03:14,356 : INFO : EventManager : Event: ======'machine_var_audits_switches_s_spinner'====== Args={'value': 430, 'prev_value': None, 'change': True}
2025-11-08 10:03:14,356 : INFO : EventManager : Event: ======'machine_var_audits_switches_s_stand_up'====== Args={'value': 8, 'prev_value': None, 'change': True}
2025-11-08 10:03:14,356 : INFO : EventManager : Event: ======'machine_var_audits_switches_s_start_button'====== Args={'value': 39, 'prev_value': None, 'change': True}
2025-11-08 10:03:14,356 : INFO : EventManager : Event: ======'machine_var_audits_switches_s_tilt'====== Args={'value': 2, 'prev_value': None, 'change': True}
2025-11-08 10:03:14,356 : INFO : EventManager : Event: ======'machine_var_audits_switches_s_trough'====== Args={'value': 583, 'prev_value': None, 'change': True}
2025-11-08 10:03:14,357 : INFO : EventManager : Event: ======'init_phase_5'====== Args={}
2025-11-08 10:03:14,369 : INFO : EventManager : Event: ======'init_done'====== Args={}
2025-11-08 10:03:14,370 : INFO : EventManager : Event: ======'machine_reset_phase_1'====== Args={}
2025-11-08 10:03:14,371 : INFO : SwitchController : <<<<<<< 's_right_bank_target_middle' active >>>>>>>
2025-11-08 10:03:14,371 : INFO : EventManager : Event: ======'playfield_active'====== Args={'source': 'sh_eg_right_drop_middle'}
2025-11-08 10:03:14,371 : INFO : EventManager : Event: ======'unexpected_ball_on_playfield'====== Args={}
2025-11-08 10:03:14,371 : INFO : EventManager : Event: ======'playfield_active'====== Args={'source': 's_right_bank_target_middle'}
2025-11-08 10:03:14,371 : INFO : EventManager : Event: ======'unexpected_ball_on_playfield'====== Args={}
2025-11-08 10:03:14,371 : INFO : EventManager : Event: ======'drop_target_s_right_bank_target_middle_down'====== Args={'device': <drop_target.s_right_bank_target_middle>}
2025-11-08 10:03:14,371 : INFO : EventManager : Event: ======'drop_target_bank_right_bank_mixed'====== Args={'prev_value': <DropTargetBankState.UP: 'up'>, 'down': 1}
2025-11-08 10:03:14,379 : INFO : SwitchController : <<<<<<< 's_right_bank_target_left' active >>>>>>>
2025-11-08 10:03:14,379 : INFO : EventManager : Event: ======'playfield_active'====== Args={'source': 'sh_eg_right_drop_left'}
2025-11-08 10:03:14,379 : INFO : EventManager : Event: ======'unexpected_ball_on_playfield'====== Args={}
2025-11-08 10:03:14,379 : INFO : EventManager : Event: ======'playfield_active'====== Args={'source': 's_right_bank_target_left'}
2025-11-08 10:03:14,379 : INFO : EventManager : Event: ======'unexpected_ball_on_playfield'====== Args={}
2025-11-08 10:03:14,379 : INFO : EventManager : Event: ======'drop_target_s_right_bank_target_left_down'====== Args={'device': <drop_target.s_right_bank_target_left>}
2025-11-08 10:03:14,379 : INFO : EventManager : Event: ======'drop_target_bank_right_bank_mixed'====== Args={'prev_value': <DropTargetBankState.MIXED: 'mixed'>, 'down': 2}
2025-11-08 10:03:14,385 : INFO : EventManager : Event: ======'machine_reset_phase_2'====== Args={}
2025-11-08 10:03:14,386 : INFO : EventManager : Event: ======'machine_reset_phase_3'====== Args={}
2025-11-08 10:03:14,386 : INFO : EventManager : Event: ======'mode_attract_will_start'====== Args={'queue': <QueuedEvent>}
2025-11-08 10:03:14,388 : INFO : EventManager : Event: ======'mode_attract_starting'====== Args={'queue': <QueuedEvent>}
2025-11-08 10:03:14,388 : INFO : Mode.attract : Started. Priority: 10
2025-11-08 10:03:14,388 : INFO : EventManager : Event: ======'modes_active_modes_changed'====== Args={}
2025-11-08 10:03:14,388 : INFO : EventManager : Event: ======'mode_attract_started'====== Args={'queue': <QueuedEvent>}
2025-11-08 10:03:14,389 : INFO : EventManager : Event: ======'godot_attract_on'====== Args={'priority': 0}
2025-11-08 10:03:14,389 : INFO : EventManager : Event: ======'collecting_balls_complete'====== Args={}
2025-11-08 10:03:14,389 : INFO : EventManager : Event: ======'reset_complete'====== Args={}
2025-11-08 10:03:14,403 : INFO : Machine : Starting the main run loop with active modes: [<Mode.attract>]
2025-11-08 10:03:14,447 : INFO : EventManager : Event: ======'slide_attract_created'====== Args={'_from_bcp': True}
2025-11-08 10:03:14,447 : INFO : EventManager : Event: ======'slide__removed'====== Args={'_from_bcp': True}
2025-11-08 10:03:14,448 : INFO : EventManager : Event: ======'slide_attract_active'====== Args={'original_context': 'attract', 'original_calling_context': 'mode_attract_started', 'priority': 10.0, 'queue': '<QueuedEvent>', 'cmd': 'slides_play', '_from_bcp': True}
2025-11-08 10:03:16,378 : INFO : EventManager : Event: ======'attract_wave_complete'====== Args={'priority': 0}
2025-11-08 10:03:16,767 : INFO : EventManager : Event: ======'attract_pulse_complete'====== Args={'priority': 0}
2025-11-08 10:03:17,189 : INFO : EventManager : Event: ======'attract_pulse_complete'====== Args={'priority': 0}
2025-11-08 10:03:18,680 : INFO : SwitchController : <<<<<<< 's_start_button' active >>>>>>>
2025-11-08 10:03:18,882 : INFO : SwitchController : <<<<<<< 's_start_button' inactive >>>>>>>
2025-11-08 10:03:18,882 : INFO : EventManager : Event: ======'request_to_start_game'====== Args={}
2025-11-08 10:03:18,882 : INFO : EventManager : Event: ======'game_start'====== Args={'buttons': [], 'hold_time': 0.2029999999795109}
2025-11-08 10:03:18,882 : INFO : EventManager : Event: ======'mode_game_will_start'====== Args={'buttons': [], 'hold_time': 0.2029999999795109}
2025-11-08 10:03:18,883 : INFO : EventManager : Event: ======'mode_game_starting'====== Args={'buttons': [], 'hold_time': 0.2029999999795109}
2025-11-08 10:03:18,883 : INFO : Mode.game : Started. Priority: 20
2025-11-08 10:03:18,883 : INFO : EventManager : Event: ======'modes_active_modes_changed'====== Args={}
2025-11-08 10:03:18,883 : INFO : EventManager : Event: ======'mode_game_started'====== Args={'buttons': [], 'hold_time': 0.2029999999795109}
2025-11-08 10:03:18,898 : INFO : EventManager : Event: ======'game_will_start'====== Args={}
2025-11-08 10:03:18,898 : INFO : EventManager : Event: ======'game_starting'====== Args={'game': <Mode.game>}
2025-11-08 10:03:18,899 : INFO : EventManager : Event: ======'mode_attract_will_stop'====== Args={}
2025-11-08 10:03:18,899 : INFO : EventManager : Event: ======'mode_attract_stopping'====== Args={}
2025-11-08 10:03:18,899 : INFO : EventManager : Event: ======'godot_attract_off'====== Args={'priority': 0}
2025-11-08 10:03:18,899 : INFO : EventManager : Unordered handler for class <Auditor> on event game_ended with priority 1. Handlers: [RegisteredHandler(callback=<bound method Auditor.disable of <Auditor>>, priority=1, kwargs={}, key=UUID('18344221-dd07-4034-86c1-a6fd3127b9c6'), condition=None, blocking_facility=None), RegisteredHandler(callback=<bound method Auditor._save_audits of <Auditor>>, priority=1, kwargs={}, key=UUID('9db9a9d4-39ac-4a73-a15b-0e05d61a43da'), condition=None, blocking_facility=None)]. The order of those handlers is not defined and they will be executed in random order. This might lead to race conditions and potential bugs.
2025-11-08 10:03:18,900 : INFO : EventManager : Event: ======'godot_attract_off'====== Args={'priority': 0}
2025-11-08 10:03:18,900 : INFO : Mode.attract : Stopped.
2025-11-08 10:03:18,900 : INFO : EventManager : Event: ======'modes_active_modes_changed'====== Args={}
2025-11-08 10:03:18,901 : INFO : EventManager : Event: ======'mode_attract_stopped'====== Args={}
2025-11-08 10:03:18,901 : INFO : EventManager : Event: ======'clear'====== Args={'key': 'attract'}
2025-11-08 10:03:18,901 : INFO : EventManager : Event: ======'player_add_request'====== Args={}
2025-11-08 10:03:18,901 : INFO : EventManager : Event: ======'player_will_add'====== Args={'number': 1}
2025-11-08 10:03:18,902 : INFO : EventManager : Event: ======'player_adding'====== Args={'player': <Player 1>, 'number': 1}
2025-11-08 10:03:18,902 : INFO : EventManager : Event: ======'player_added'====== Args={'player': <Player 1>, 'num': 1}
2025-11-08 10:03:18,902 : INFO : Mode.game : Player added successfully. Total players: 1
2025-11-08 10:03:18,902 : INFO : EventManager : Event: ======'player_index'====== Args={'value': 0, 'prev_value': 0, 'change': 0, 'player_num': 1}
2025-11-08 10:03:18,902 : INFO : EventManager : Event: ======'player_number'====== Args={'value': 1, 'prev_value': 1, 'change': 0, 'player_num': 1}
2025-11-08 10:03:18,902 : INFO : EventManager : Event: ======'player_score'====== Args={'value': 0, 'prev_value': 0, 'change': 0, 'player_num': 1}
2025-11-08 10:03:18,903 : INFO : EventManager : Unordered handler for class <Auditor> on event game_ended with priority 1. Handlers: [RegisteredHandler(callback=<bound method Auditor.disable of <Auditor>>, priority=1, kwargs={}, key=UUID('18344221-dd07-4034-86c1-a6fd3127b9c6'), condition=None, blocking_facility=None), RegisteredHandler(callback=<bound method Auditor._save_audits of <Auditor>>, priority=1, kwargs={}, key=UUID('9db9a9d4-39ac-4a73-a15b-0e05d61a43da'), condition=None, blocking_facility=None)]. The order of those handlers is not defined and they will be executed in random order. This might lead to race conditions and potential bugs.
2025-11-08 10:03:18,919 : INFO : EventManager : Event: ======'game_started'====== Args={}
2025-11-08 10:03:18,919 : INFO : EventManager : Event: ======'blink_on'====== Args={'priority': 0}
2025-11-08 10:03:18,920 : INFO : EventManager : Event: ======'player_turn_will_start'====== Args={'player': <Player 1>, 'number': 1}
2025-11-08 10:03:18,926 : INFO : EventManager : Event: ======'player_turn_starting'====== Args={'player': <Player 1>, 'number': 1}
2025-11-08 10:03:18,926 : INFO : EventManager : Event: ======'player_ball'====== Args={'value': 1, 'prev_value': 0, 'change': 1, 'player_num': 1}
2025-11-08 10:03:18,927 : INFO : EventManager : Event: ======'player_turn_started'====== Args={'player': <Player 1>, 'number': 1}
2025-11-08 10:03:18,928 : INFO : EventManager : Event: ======'ball_will_start'====== Args={'player': 1, 'ball': 1, 'balls_remaining': 2, 'is_extra_ball': False}
2025-11-08 10:03:18,933 : INFO : EventManager : Event: ======'ball_starting'====== Args={'player': 1, 'ball': 1, 'balls_remaining': 2, 'is_extra_ball': False}
2025-11-08 10:03:18,933 : INFO : EventManager : Event: ======'mode_base_will_start'====== Args={'queue': <QueuedEvent>, 'player': 1, 'ball': 1, 'balls_remaining': 2, 'is_extra_ball': False}
2025-11-08 10:03:18,934 : INFO : EventManager : Event: ======'player_shot_sh_escape_graveyard_start_enabled'====== Args={'value': False, 'prev_value': 0, 'change': 0, 'player_num': 1}
2025-11-08 10:03:18,934 : INFO : EventManager : Unordered handler for class <Auditor> on event game_ended with priority 1. Handlers: [RegisteredHandler(callback=<bound method Auditor.disable of <Auditor>>, priority=1, kwargs={}, key=UUID('18344221-dd07-4034-86c1-a6fd3127b9c6'), condition=None, blocking_facility=None), RegisteredHandler(callback=<bound method Auditor._save_audits of <Auditor>>, priority=1, kwargs={}, key=UUID('9db9a9d4-39ac-4a73-a15b-0e05d61a43da'), condition=None, blocking_facility=None)]. The order of those handlers is not defined and they will be executed in random order. This might lead to race conditions and potential bugs.
2025-11-08 10:03:18,934 : INFO : EventManager : Unordered handler for class <Auditor> on event game_ended with priority 1. Handlers: [RegisteredHandler(callback=<bound method Auditor.disable of <Auditor>>, priority=1, kwargs={}, key=UUID('18344221-dd07-4034-86c1-a6fd3127b9c6'), condition=None, blocking_facility=None), RegisteredHandler(callback=<bound method Auditor._save_audits of <Auditor>>, priority=1, kwargs={}, key=UUID('9db9a9d4-39ac-4a73-a15b-0e05d61a43da'), condition=None, blocking_facility=None)]. The order of those handlers is not defined and they will be executed in random order. This might lead to race conditions and potential bugs.
2025-11-08 10:03:18,938 : INFO : EventManager : Event: ======'mode_base_starting'====== Args={'queue': <QueuedEvent>, 'player': 1, 'ball': 1, 'balls_remaining': 2, 'is_extra_ball': False}
2025-11-08 10:03:18,938 : INFO : drop_target_bank.right_bank : 2 targets are down. Will reset those.
2025-11-08 10:03:18,938 : INFO : coil.c_drop_target_right : Pulsing Driver for 50ms (1.0 pulse_power)
2025-11-08 10:03:18,939 : INFO : drop_target_bank.left_bank : All targets are already up. Will not reset bank.
2025-11-08 10:03:18,939 : INFO : EventManager : Event: ======'balls_in_play'====== Args={'balls': 1}
2025-11-08 10:03:18,939 : INFO : EventManager : Event: ======'ball_started'====== Args={'player': 1, 'ball': 1, 'balls_remaining': 2, 'is_extra_ball': False}
2025-11-08 10:03:18,940 : INFO : EventManager : Event: ======'logicblock_eg_pop_counter_updated'====== Args={'value': 0, 'enabled': True}
2025-11-08 10:03:18,940 : INFO : EventManager : Event: ======'logicblock_eg_pop_counter_updated'====== Args={'value': 0, 'enabled': True}
2025-11-08 10:03:18,940 : INFO : Mode.base : Started. Priority: 50
2025-11-08 10:03:18,940 : INFO : EventManager : Event: ======'modes_active_modes_changed'====== Args={}
2025-11-08 10:03:18,940 : INFO : EventManager : Event: ======'mode_base_started'====== Args={'queue': <QueuedEvent>, 'player': 1, 'ball': 1, 'balls_remaining': 2, 'is_extra_ball': False}
2025-11-08 10:03:18,940 : INFO : EventManager : Event: ======'logicblock_eg_pop_counter_updated'====== Args={'value': 0, 'enabled': True}
2025-11-08 10:03:18,942 : INFO : EventManager : Unordered handler for class <Auditor> on event game_ended with priority 1. Handlers: [RegisteredHandler(callback=<bound method Auditor.disable of <Auditor>>, priority=1, kwargs={}, key=UUID('18344221-dd07-4034-86c1-a6fd3127b9c6'), condition=None, blocking_facility=None), RegisteredHandler(callback=<bound method Auditor._save_audits of <Auditor>>, priority=1, kwargs={}, key=UUID('9db9a9d4-39ac-4a73-a15b-0e05d61a43da'), condition=None, blocking_facility=None)]. The order of those handlers is not defined and they will be executed in random order. This might lead to race conditions and potential bugs.
2025-11-08 10:03:18,942 : INFO : EventManager : Event: ======'stop_mode_attract'====== Args={'priority': 0}
2025-11-08 10:03:18,942 : INFO : EventManager : Event: ======'mode_attract_will_stop'====== Args={'priority': 0}
2025-11-08 10:03:18,942 : INFO : EventManager : Event: ======'godot_attract_off'====== Args={'priority': 0}
2025-11-08 10:03:18,942 : INFO : EventManager : Event: ======'godot_play_base'====== Args={'priority': 0}
2025-11-08 10:03:18,943 : INFO : EventManager : Event: ======'single_player_ball_started'====== Args={}
2025-11-08 10:03:18,956 : INFO : EventManager : Event: ======'ball_start_target'====== Args={'target': 'playfield'}
2025-11-08 10:03:18,957 : INFO : ball_device.bd_trough : Setting up player-controlled eject. Balls: 1, Target: <playfield.playfield>, player_controlled_eject_event: None
2025-11-08 10:03:18,957 : INFO : ball_device.bd_trough : Adding 1 ball(s) to the eject_queue with target <playfield.playfield>.
2025-11-08 10:03:18,957 : INFO : EventManager : Event: ======'balldevice_balls_available'====== Args={}
2025-11-08 10:03:18,958 : INFO : ball_device.bd_trough : State: waiting_for_target_ready
2025-11-08 10:03:18,958 : INFO : EventManager : Event: ======'balldevice_bd_trough_ball_eject_attempt'====== Args={'balls': 1, 'target': <playfield.playfield>, 'source': <ball_device.bd_trough>, 'mechanical_eject': False, 'num_attempts': 0}
2025-11-08 10:03:18,959 : INFO : ball_device.bd_trough : State: ejecting
2025-11-08 10:03:18,959 : INFO : ball_device.bd_trough : Ejecting ball to <playfield.playfield>
2025-11-08 10:03:18,959 : INFO : EventManager : Event: ======'balldevice_bd_trough_ejecting_ball'====== Args={'balls': 1, 'target': <playfield.playfield>, 'source': <ball_device.bd_trough>, 'mechanical_eject': False, 'num_attempts': 0}
2025-11-08 10:03:18,960 : INFO : ball_device.bd_trough : Wait for ball to leave device
2025-11-08 10:03:18,976 : INFO : coil.c_trough_eject : Pulsing Driver for 40ms (1.0 pulse_power)
2025-11-08 10:03:19,007 : INFO : SwitchController : <<<<<<< 's_right_bank_target_middle' inactive (muted) >>>>>>>
2025-11-08 10:03:19,069 : INFO : SwitchController : <<<<<<< 's_right_bank_target_left' inactive (muted) >>>>>>>
2025-11-08 10:03:19,100 : INFO : SwitchController : <<<<<<< 's_trough' inactive >>>>>>>
2025-11-08 10:03:19,108 : INFO : ball_device.bd_trough : State: ball_left
2025-11-08 10:03:19,108 : INFO : ball_device.bd_trough : Ball left
2025-11-08 10:03:19,108 : INFO : ball_device.bd_trough : Wait for confirm with timeout 10.0
2025-11-08 10:03:19,197 : INFO : EventManager : Event: ======'slide_base_created'====== Args={'_from_bcp': True}
2025-11-08 10:03:19,198 : INFO : EventManager : Event: ======'slide_attract_inactive'====== Args={'is_removing': True, '_from_bcp': True}
2025-11-08 10:03:19,198 : INFO : EventManager : Event: ======'slide_base_active'====== Args={'original_context': 'base', 'original_calling_context': 'mode_base_started', 'priority': 50.0, 'queue': '<QueuedEvent>', 'player': 1.0, 'ball': 1.0, 'balls_remaining': 2.0, 'is_extra_ball': False, 'cmd': 'slides_play', '_from_bcp': True}
2025-11-08 10:03:19,198 : INFO : EventManager : Event: ======'slide_attract_removed'====== Args={'_from_bcp': True}
2025-11-08 10:03:19,427 : INFO : EventManager : Event: ======'drop_target_s_right_bank_target_left_up'====== Args={'device': <drop_target.s_right_bank_target_left>}
2025-11-08 10:03:19,427 : INFO : EventManager : Event: ======'drop_target_s_right_bank_target_middle_up'====== Args={'device': <drop_target.s_right_bank_target_middle>}
2025-11-08 10:03:19,427 : INFO : EventManager : Event: ======'drop_target_bank_right_bank_up'====== Args={}
2025-11-08 10:03:19,504 : INFO : EventManager : Event: ======'blink_off'====== Args={'priority': 0}
2025-11-08 10:03:20,108 : INFO : EventManager : Event: ======'blink_on'====== Args={'priority': 0}
2025-11-08 10:03:20,713 : INFO : EventManager : Event: ======'blink_off'====== Args={'priority': 0}
2025-11-08 10:03:20,713 : INFO : EventManager : Unordered handler for class <Auditor> on event game_ended with priority 1. Handlers: [RegisteredHandler(callback=<bound method Auditor.disable of <Auditor>>, priority=1, kwargs={}, key=UUID('18344221-dd07-4034-86c1-a6fd3127b9c6'), condition=None, blocking_facility=None), RegisteredHandler(callback=<bound method Auditor._save_audits of <Auditor>>, priority=1, kwargs={}, key=UUID('9db9a9d4-39ac-4a73-a15b-0e05d61a43da'), condition=None, blocking_facility=None)]. The order of those handlers is not defined and they will be executed in random order. This might lead to race conditions and potential bugs.
2025-11-08 10:03:21,307 : INFO : EventManager : Event: ======'blink_on'====== Args={'priority': 0}
2025-11-08 10:03:21,898 : INFO : EventManager : Event: ======'blink_off'====== Args={'priority': 0}
2025-11-08 10:03:21,899 : INFO : EventManager : Unordered handler for class <Auditor> on event game_ended with priority 1. Handlers: [RegisteredHandler(callback=<bound method Auditor.disable of <Auditor>>, priority=1, kwargs={}, key=UUID('18344221-dd07-4034-86c1-a6fd3127b9c6'), condition=None, blocking_facility=None), RegisteredHandler(callback=<bound method Auditor._save_audits of <Auditor>>, priority=1, kwargs={}, key=UUID('9db9a9d4-39ac-4a73-a15b-0e05d61a43da'), condition=None, blocking_facility=None)]. The order of those handlers is not defined and they will be executed in random order. This might lead to race conditions and potential bugs.
2025-11-08 10:03:22,503 : INFO : EventManager : Event: ======'blink_on'====== Args={'priority': 0}
2025-11-08 10:03:23,108 : INFO : EventManager : Event: ======'blink_off'====== Args={'priority': 0}
2025-11-08 10:03:23,108 : INFO : EventManager : Unordered handler for class <Auditor> on event game_ended with priority 1. Handlers: [RegisteredHandler(callback=<bound method Auditor.disable of <Auditor>>, priority=1, kwargs={}, key=UUID('18344221-dd07-4034-86c1-a6fd3127b9c6'), condition=None, blocking_facility=None), RegisteredHandler(callback=<bound method Auditor._save_audits of <Auditor>>, priority=1, kwargs={}, key=UUID('9db9a9d4-39ac-4a73-a15b-0e05d61a43da'), condition=None, blocking_facility=None)]. The order of those handlers is not defined and they will be executed in random order. This might lead to race conditions and potential bugs.
2025-11-08 10:03:23,714 : INFO : EventManager : Event: ======'blink_on'====== Args={'priority': 0}
2025-11-08 10:03:24,302 : INFO : EventManager : Event: ======'blink_off'====== Args={'priority': 0}
2025-11-08 10:03:24,302 : INFO : EventManager : Unordered handler for class <Auditor> on event game_ended with priority 1. Handlers: [RegisteredHandler(callback=<bound method Auditor.disable of <Auditor>>, priority=1, kwargs={}, key=UUID('18344221-dd07-4034-86c1-a6fd3127b9c6'), condition=None, blocking_facility=None), RegisteredHandler(callback=<bound method Auditor._save_audits of <Auditor>>, priority=1, kwargs={}, key=UUID('9db9a9d4-39ac-4a73-a15b-0e05d61a43da'), condition=None, blocking_facility=None)]. The order of those handlers is not defined and they will be executed in random order. This might lead to race conditions and potential bugs.
2025-11-08 10:03:24,895 : INFO : EventManager : Event: ======'blink_on'====== Args={'priority': 0}
2025-11-08 10:03:25,516 : INFO : EventManager : Event: ======'blink_off'====== Args={'priority': 0}
2025-11-08 10:03:25,517 : INFO : EventManager : Unordered handler for class <Auditor> on event game_ended with priority 1. Handlers: [RegisteredHandler(callback=<bound method Auditor.disable of <Auditor>>, priority=1, kwargs={}, key=UUID('18344221-dd07-4034-86c1-a6fd3127b9c6'), condition=None, blocking_facility=None), RegisteredHandler(callback=<bound method Auditor._save_audits of <Auditor>>, priority=1, kwargs={}, key=UUID('9db9a9d4-39ac-4a73-a15b-0e05d61a43da'), condition=None, blocking_facility=None)]. The order of those handlers is not defined and they will be executed in random order. This might lead to race conditions and potential bugs.
2025-11-08 10:03:26,107 : INFO : EventManager : Event: ======'blink_on'====== Args={'priority': 0}
2025-11-08 10:03:26,716 : INFO : EventManager : Event: ======'blink_off'====== Args={'priority': 0}
2025-11-08 10:03:26,716 : INFO : EventManager : Unordered handler for class <Auditor> on event game_ended with priority 1. Handlers: [RegisteredHandler(callback=<bound method Auditor.disable of <Auditor>>, priority=1, kwargs={}, key=UUID('18344221-dd07-4034-86c1-a6fd3127b9c6'), condition=None, blocking_facility=None), RegisteredHandler(callback=<bound method Auditor._save_audits of <Auditor>>, priority=1, kwargs={}, key=UUID('9db9a9d4-39ac-4a73-a15b-0e05d61a43da'), condition=None, blocking_facility=None)]. The order of those handlers is not defined and they will be executed in random order. This might lead to race conditions and potential bugs.
2025-11-08 10:03:27,304 : INFO : EventManager : Event: ======'blink_on'====== Args={'priority': 0}
2025-11-08 10:03:27,894 : INFO : EventManager : Event: ======'blink_off'====== Args={'priority': 0}
2025-11-08 10:03:27,895 : INFO : EventManager : Unordered handler for class <Auditor> on event game_ended with priority 1. Handlers: [RegisteredHandler(callback=<bound method Auditor.disable of <Auditor>>, priority=1, kwargs={}, key=UUID('18344221-dd07-4034-86c1-a6fd3127b9c6'), condition=None, blocking_facility=None), RegisteredHandler(callback=<bound method Auditor._save_audits of <Auditor>>, priority=1, kwargs={}, key=UUID('9db9a9d4-39ac-4a73-a15b-0e05d61a43da'), condition=None, blocking_facility=None)]. The order of those handlers is not defined and they will be executed in random order. This might lead to race conditions and potential bugs.
2025-11-08 10:03:28,516 : INFO : EventManager : Event: ======'blink_on'====== Args={'priority': 0}
2025-11-08 10:03:29,107 : INFO : EventManager : Event: ======'blink_off'====== Args={'priority': 0}
2025-11-08 10:03:29,107 : INFO : ball_device.bd_trough : State: failed_confirm
2025-11-08 10:03:29,107 : INFO : ball_device.bd_trough : Got timeout (10.0s) before confirm from <playfield.playfield>
2025-11-08 10:03:29,108 : INFO : EventManager : Unordered handler for class <Auditor> on event game_ended with priority 1. Handlers: [RegisteredHandler(callback=<bound method Auditor.disable of <Auditor>>, priority=1, kwargs={}, key=UUID('18344221-dd07-4034-86c1-a6fd3127b9c6'), condition=None, blocking_facility=None), RegisteredHandler(callback=<bound method Auditor._save_audits of <Auditor>>, priority=1, kwargs={}, key=UUID('9db9a9d4-39ac-4a73-a15b-0e05d61a43da'), condition=None, blocking_facility=None)]. The order of those handlers is not defined and they will be executed in random order. This might lead to race conditions and potential bugs.
2025-11-08 10:03:29,199 : INFO : ball_device.bd_trough : Confirming eject because target is playfield and ball did not return.
2025-11-08 10:03:29,199 : INFO : ball_device.bd_trough : Eject successful
2025-11-08 10:03:29,199 : INFO : EventManager : Event: ======'balldevice_bd_trough_ball_eject_success'====== Args={'balls': 1, 'target': <playfield.playfield>}
2025-11-08 10:03:29,199 : INFO : EventManager : Event: ======'balldevice_playfield_ball_enter'====== Args={'new_balls': 1, 'unclaimed_balls': 1, 'device': <playfield.playfield>}
2025-11-08 10:03:29,199 : INFO : EventManager : Event: ======'playfield_ball_count_change'====== Args={'balls': 1, 'change': 1}
2025-11-08 10:03:29,199 : INFO : EventManager : Event: ======'balldevice_bd_trough_ball_count_changed'====== Args={'balls': 0}
2025-11-08 10:03:29,199 : INFO : ball_device.bd_trough : State: idle
2025-11-08 10:03:29,709 : INFO : EventManager : Event: ======'blink_on'====== Args={'priority': 0}
2025-11-08 10:03:30,305 : INFO : EventManager : Event: ======'blink_off'====== Args={'priority': 0}
2025-11-08 10:03:30,306 : INFO : EventManager : Unordered handler for class <Auditor> on event game_ended with priority 1. Handlers: [RegisteredHandler(callback=<bound method Auditor.disable of <Auditor>>, priority=1, kwargs={}, key=UUID('18344221-dd07-4034-86c1-a6fd3127b9c6'), condition=None, blocking_facility=None), RegisteredHandler(callback=<bound method Auditor._save_audits of <Auditor>>, priority=1, kwargs={}, key=UUID('9db9a9d4-39ac-4a73-a15b-0e05d61a43da'), condition=None, blocking_facility=None)]. The order of those handlers is not defined and they will be executed in random order. This might lead to race conditions and potential bugs.
2025-11-08 10:03:30,893 : INFO : EventManager : Event: ======'blink_on'====== Args={'priority': 0}
2025-11-08 10:03:31,514 : INFO : EventManager : Event: ======'blink_off'====== Args={'priority': 0}
2025-11-08 10:03:31,514 : INFO : EventManager : Unordered handler for class <Auditor> on event game_ended with priority 1. Handlers: [RegisteredHandler(callback=<bound method Auditor.disable of <Auditor>>, priority=1, kwargs={}, key=UUID('18344221-dd07-4034-86c1-a6fd3127b9c6'), condition=None, blocking_facility=None), RegisteredHandler(callback=<bound method Auditor._save_audits of <Auditor>>, priority=1, kwargs={}, key=UUID('9db9a9d4-39ac-4a73-a15b-0e05d61a43da'), condition=None, blocking_facility=None)]. The order of those handlers is not defined and they will be executed in random order. This might lead to race conditions and potential bugs.
2025-11-08 10:03:32,034 : INFO : Machine : Shutting down...
2025-11-08 10:03:32,034 : INFO : EventManager : Event: ======'shutdown'====== Args={}
2025-11-08 10:03:32,037 : INFO : EventManager : Event: ======'mode_game_will_stop'====== Args={}
2025-11-08 10:03:32,037 : INFO : EventManager : Event: ======'mode_game_stopping'====== Args={}
2025-11-08 10:03:32,039 : INFO : EventManager : Event: ======'mode_base_will_stop'====== Args={}
2025-11-08 10:03:32,039 : INFO : EventManager : Event: ======'mode_base_stopping'====== Args={}
2025-11-08 10:03:32,039 : INFO : EventManager : Event: ======'godot_stop_base'====== Args={'priority': 0}
2025-11-08 10:03:32,039 : INFO : Mode.base : Stopped.
2025-11-08 10:03:32,040 : INFO : EventManager : Event: ======'modes_active_modes_changed'====== Args={}
2025-11-08 10:03:32,040 : INFO : EventManager : Event: ======'mode_base_stopped'====== Args={}
2025-11-08 10:03:32,040 : INFO : EventManager : Event: ======'clear'====== Args={'key': 'base'}
2025-11-08 10:03:32,040 : INFO : Mode.game : Stopped.
2025-11-08 10:03:32,041 : INFO : EventManager : Event: ======'modes_active_modes_changed'====== Args={}
2025-11-08 10:03:32,041 : INFO : EventManager : Event: ======'mode_game_stopped'====== Args={}
2025-11-08 10:03:32,041 : INFO : EventManager : Event: ======'clear'====== Args={'key': 'game'}
2025-11-08 10:03:32,109 : INFO : EventManager : Event: ======'blink_on'====== Args={'priority': 0}
2025-11-08 10:03:32,141 : INFO : root : MPF run loop ended.
