2025-10-25 20:03:06,488 : INFO : root : Loading config.
2025-10-25 20:03:06,494 : INFO : YamlMultifileConfigLoader : Machine config file #1: config.yaml
2025-10-25 20:03:06,496 : INFO : ConfigProcessor : Loading config from cache: C:\Users\antho\AppData\Local\Temp\fdca14d0c9d658ab8200d57120800af5.mpf_cache
2025-10-25 20:03:06,626 : INFO : ConfigProcessor : Loading config from cache: C:\Users\antho\AppData\Local\Temp\5dec96b1547c4adf5bdd3d1715e74bc0.mpf_cache
2025-10-25 20:03:06,626 : INFO : ConfigProcessor : Loading config from cache: C:\Users\antho\AppData\Local\Temp\202a5840610e95051f9f473dfa660cc0.mpf_cache
2025-10-25 20:03:06,627 : INFO : ConfigProcessor : Loading config from cache: C:\Users\antho\AppData\Local\Temp\5dec96b1547c4adf5bdd3d1715e74bc0.mpf_cache
2025-10-25 20:03:06,628 : INFO : ConfigProcessor : Loading config from cache: C:\Users\antho\AppData\Local\Temp\2cd13a2d3f375e00ab01d6d09a85d8e7.mpf_cache
2025-10-25 20:03:06,629 : INFO : ConfigProcessor : Loading config from cache: C:\Users\antho\AppData\Local\Temp\9220b44b97b91972524500b81035d790.mpf_cache
2025-10-25 20:03:06,629 : INFO : ConfigProcessor : Loading config from cache: C:\Users\antho\AppData\Local\Temp\31ee881584fa6fce665a672a4f3f633a.mpf_cache
2025-10-25 20:03:06,630 : INFO : ConfigProcessor : Loading config from cache: C:\Users\antho\AppData\Local\Temp\5e841763ec73085bbf92358fe6afda21.mpf_cache
2025-10-25 20:03:06,630 : INFO : ConfigProcessor : Loading config from cache: C:\Users\antho\AppData\Local\Temp\b17152efa55a24f0424602723f8d3921.mpf_cache
2025-10-25 20:03:06,631 : INFO : ConfigProcessor : Loading config from cache: C:\Users\antho\AppData\Local\Temp\e87fc0e7d2f8a851b5fa3f604e0d0c6e.mpf_cache
2025-10-25 20:03:06,631 : INFO : ConfigProcessor : Loading config from cache: C:\Users\antho\AppData\Local\Temp\196ac76b6cab3a9880804c826cfbcb5c.mpf_cache
2025-10-25 20:03:06,633 : INFO : ConfigProcessor : Loading config from cache: C:\Users\antho\AppData\Local\Temp\834292dd7853e12a66732dc89828c828.mpf_cache
2025-10-25 20:03:06,633 : INFO : ConfigProcessor : Loading config from cache: C:\Users\antho\AppData\Local\Temp\ae2be9c5579852c305357e207df97e8b.mpf_cache
2025-10-25 20:03:06,634 : INFO : ConfigProcessor : Loading config from cache: C:\Users\antho\AppData\Local\Temp\46f8fa3e41dfeeb8232af2f03a13b6c4.mpf_cache
2025-10-25 20:03:06,634 : INFO : ConfigProcessor : Loading config from cache: C:\Users\antho\AppData\Local\Temp\c67e9c175da6c060302945929b27b878.mpf_cache
2025-10-25 20:03:06,635 : INFO : ConfigProcessor : Loading config from cache: C:\Users\antho\AppData\Local\Temp\1c965aadbb61a7e709e8884fad17ac0b.mpf_cache
2025-10-25 20:03:06,636 : INFO : ConfigProcessor : Loading config from cache: C:\Users\antho\AppData\Local\Temp\60ca9d662df3e70e96f6d7ec0f4491aa.mpf_cache
2025-10-25 20:03:06,636 : INFO : Machine : Mission Pinball Framework Core Engine v0.80.0.dev11
2025-10-25 20:03:06,636 : INFO : Machine : Command line arguments: {'no_load_cache': False, 'create_config_cache': True, 'bcp': True, 'configfile': ['config.yaml'], 'force_assets_load': False, 'platform_integration_test': False, 'jsonlogging': False, 'logfile': 'logs\\2025-10-25-20-03-06-mpf-LAPTOP-MPGP6R69.log', 'pause': False, 'production': False, 'text_ui': True, 'loglevel': 15, 'consoleloglevel': 20, 'force_platform': None, 'syslog_address': None, 'full_logfile_path': 'C:\\Users\\antho\\nightpin\\logs\\2025-10-25-20-03-06-mpf-LAPTOP-MPGP6R69.log'}
2025-10-25 20:03:06,636 : INFO : Machine : MPF path: C:\Users\antho\mpf\Lib\site-packages\mpf
2025-10-25 20:03:06,636 : INFO : Machine : Machine path: C:\Users\antho\nightpin
2025-10-25 20:03:06,636 : INFO : Machine : Platform: win32
2025-10-25 20:03:06,636 : INFO : Machine : Python executable location: C:\Users\antho\mpf\Scripts\python.exe
2025-10-25 20:03:06,636 : INFO : Machine : Python version: 3.12.7 (64-bit)
2025-10-25 20:03:06,639 : INFO : Machine : Initializing MPF...
2025-10-25 20:03:06,886 : INFO : lisy : Connecting to com3 at 115200bps
2025-10-25 20:03:06,887 : WARNING : lisy : Could not import terminos (this is ok on windows).
2025-10-25 20:03:07,039 : INFO : EventManager : Event: ======'machine_var_lisy_hardware'====== Args={'value': 'LISY35', 'prev_value': None, 'change': True}
2025-10-25 20:03:07,039 : INFO : EventManager : Event: ======'machine_var_lisy_version'====== Args={'value': '5.26 ', 'prev_value': None, 'change': True}
2025-10-25 20:03:07,039 : INFO : EventManager : Event: ======'machine_var_lisy_api_version'====== Args={'value': b'0.09', 'prev_value': None, 'change': True}
2025-10-25 20:03:08,359 : INFO : EventManager : Event: ======'machine_var_credits_string'====== Args={'value': 'FREE PLAY', 'prev_value': None, 'change': True}
2025-10-25 20:03:08,393 : INFO : EventManager : Event: ======'machine_var_master_volume'====== Args={'value': 0.5, 'prev_value': None, 'change': True}
2025-10-25 20:03:08,393 : INFO : EventManager : Event: ======'machine_var_player1_score'====== Args={'value': 3980, 'prev_value': None, 'change': True}
2025-10-25 20:03:08,393 : INFO : EventManager : Event: ======'machine_var_player2_score'====== Args={'value': 5110, 'prev_value': None, 'change': True}
2025-10-25 20:03:08,393 : INFO : EventManager : Event: ======'machine_var_mpf_version'====== Args={'value': 'Mission Pinball Framework v0.80.0.dev11', 'prev_value': None, 'change': True}
2025-10-25 20:03:08,393 : INFO : EventManager : Event: ======'machine_var_mpf_extended_version'====== Args={'value': 'Mission Pinball Framework v0.80.0.dev11, Config version:6, Show version: 6, BCP version:1.1', 'prev_value': None, 'change': True}
2025-10-25 20:03:08,394 : INFO : EventManager : Event: ======'machine_var_python_version'====== Args={'value': '3.12.7', 'prev_value': None, 'change': True}
2025-10-25 20:03:08,514 : INFO : EventManager : Event: ======'machine_var_platform'====== Args={'value': 'Windows-11-10.0.26100-SP0', 'prev_value': None, 'change': True}
2025-10-25 20:03:08,514 : INFO : EventManager : Event: ======'machine_var_platform_system'====== Args={'value': 'Windows', 'prev_value': None, 'change': True}
2025-10-25 20:03:08,514 : INFO : EventManager : Event: ======'machine_var_platform_release'====== Args={'value': '11', 'prev_value': None, 'change': True}
2025-10-25 20:03:08,514 : INFO : EventManager : Event: ======'machine_var_platform_version'====== Args={'value': '10.0.26100', 'prev_value': None, 'change': True}
2025-10-25 20:03:08,514 : INFO : EventManager : Event: ======'machine_var_platform_machine'====== Args={'value': 'AMD64', 'prev_value': None, 'change': True}
2025-10-25 20:03:08,514 : INFO : EventManager : Event: ======'machine_var_log_file_path'====== Args={'value': 'C:\\Users\\antho\\nightpin\\logs\\2025-10-25-20-03-06-mpf-LAPTOP-MPGP6R69.log', 'prev_value': None, 'change': True}
2025-10-25 20:03:08,514 : INFO : EventManager : Event: ======'init_phase_1'====== Args={}
2025-10-25 20:03:08,546 : INFO : EventManager : Event: ======'drop_target_bank_right_bank_up'====== Args={}
2025-10-25 20:03:08,546 : INFO : EventManager : Event: ======'drop_target_bank_left_bank_up'====== Args={}
2025-10-25 20:03:08,626 : INFO : EventManager : Event: ======'init_phase_2'====== Args={}
2025-10-25 20:03:08,634 : INFO : EventManager : Event: ======'bcp_connection_attempt'====== Args={'name': 'local_display', 'host': 'localhost', 'port': 5050}
2025-10-25 20:03:08,637 : INFO : BCPClientSocket : Connecting BCP to 'local_display' at localhost:5050...
2025-10-25 20:03:08,655 : INFO : BCPClientSocket : Connected BCP to 'local_display' localhost:5050
2025-10-25 20:03:08,656 : INFO : EventManager : Event: ======'bcp_clients_connected'====== Args={}
2025-10-25 20:03:08,760 : INFO : ball_device.bd_trough : BCH: Initial count: 0
2025-10-25 20:03:08,791 : INFO : ball_device.bd_trough : State: idle
2025-10-25 20:03:08,791 : INFO : ball_device.bd_saucer : BCH: Initial count: 0
2025-10-25 20:03:08,792 : INFO : ball_device.bd_saucer : State: idle
2025-10-25 20:03:08,816 : INFO : EventManager : Event: ======'init_phase_3'====== Args={}
2025-10-25 20:03:08,822 : INFO : EventManager : Event: ======'init_phase_4'====== Args={}
2025-10-25 20:03:08,822 : INFO : BallController : Initial balls found: 0
2025-10-25 20:03:08,823 : INFO : EventManager : Event: ======'machine_var_audits_events_game_ended'====== Args={'value': 5, 'prev_value': None, 'change': True}
2025-10-25 20:03:08,824 : INFO : EventManager : Event: ======'machine_var_audits_events_game_started'====== Args={'value': 23, 'prev_value': None, 'change': True}
2025-10-25 20:03:08,824 : INFO : EventManager : Event: ======'machine_var_audits_missing_switches_s_coin_right'====== Args={'value': 22, 'prev_value': None, 'change': True}
2025-10-25 20:03:08,824 : INFO : EventManager : Event: ======'machine_var_audits_missing_switches_s_credit_button'====== Args={'value': 1, 'prev_value': None, 'change': True}
2025-10-25 20:03:08,824 : INFO : EventManager : Event: ======'machine_var_audits_missing_switches_s_left_bank_target_right'====== Args={'value': 1, 'prev_value': None, 'change': True}
2025-10-25 20:03:08,824 : INFO : EventManager : Event: ======'machine_var_audits_missing_switches_s_left_outlane_rollover'====== Args={'value': 1, 'prev_value': None, 'change': True}
2025-10-25 20:03:08,824 : INFO : EventManager : Event: ======'machine_var_audits_missing_switches_s_right_outlane_rollover'====== Args={'value': 5, 'prev_value': None, 'change': True}
2025-10-25 20:03:08,824 : INFO : EventManager : Event: ======'machine_var_audits_missing_switches_s_spinner'====== Args={'value': 1, 'prev_value': None, 'change': True}
2025-10-25 20:03:08,824 : INFO : EventManager : Event: ======'machine_var_audits_missing_switches_s_tilt'====== Args={'value': 23, 'prev_value': None, 'change': True}
2025-10-25 20:03:08,824 : INFO : EventManager : Event: ======'machine_var_audits_player_score'====== Args={'value': {'average': 4349, 'top': [5110, 5070, 4300, 4230, 3980, 3410], 'total': 6}, 'prev_value': None, 'change': True}
2025-10-25 20:03:08,824 : INFO : EventManager : Event: ======'machine_var_audits_switches_s_coin_right'====== Args={'value': 1, 'prev_value': None, 'change': True}
2025-10-25 20:03:08,824 : INFO : EventManager : Event: ======'machine_var_audits_switches_s_credit_button'====== Args={'value': 4, 'prev_value': None, 'change': True}
2025-10-25 20:03:08,824 : INFO : EventManager : Event: ======'machine_var_audits_switches_s_inlanes'====== Args={'value': 25, 'prev_value': None, 'change': True}
2025-10-25 20:03:08,824 : INFO : EventManager : Event: ======'machine_var_audits_switches_s_left_bank_target_left'====== Args={'value': 32, 'prev_value': None, 'change': True}
2025-10-25 20:03:08,824 : INFO : EventManager : Event: ======'machine_var_audits_switches_s_left_bank_target_middle'====== Args={'value': 22, 'prev_value': None, 'change': True}
2025-10-25 20:03:08,824 : INFO : EventManager : Event: ======'machine_var_audits_switches_s_left_bank_target_right'====== Args={'value': 24, 'prev_value': None, 'change': True}
2025-10-25 20:03:08,824 : INFO : EventManager : Event: ======'machine_var_audits_switches_s_left_lower_bumper'====== Args={'value': 28, 'prev_value': None, 'change': True}
2025-10-25 20:03:08,824 : INFO : EventManager : Event: ======'machine_var_audits_switches_s_left_outlane_rollover'====== Args={'value': 20, 'prev_value': None, 'change': True}
2025-10-25 20:03:08,824 : INFO : EventManager : Event: ======'machine_var_audits_switches_s_left_pop_bumper'====== Args={'value': 95, 'prev_value': None, 'change': True}
2025-10-25 20:03:08,824 : INFO : EventManager : Event: ======'machine_var_audits_switches_s_left_sling'====== Args={'value': 89, 'prev_value': None, 'change': True}
2025-10-25 20:03:08,826 : INFO : EventManager : Event: ======'machine_var_audits_switches_s_left_upper_bumper'====== Args={'value': 33, 'prev_value': None, 'change': True}
2025-10-25 20:03:08,826 : INFO : EventManager : Event: ======'machine_var_audits_switches_s_middle_pop_bumper'====== Args={'value': 88, 'prev_value': None, 'change': True}
2025-10-25 20:03:08,826 : INFO : EventManager : Event: ======'machine_var_audits_switches_s_middle_skill_lane'====== Args={'value': 28, 'prev_value': None, 'change': True}
2025-10-25 20:03:08,826 : INFO : EventManager : Event: ======'machine_var_audits_switches_s_middle_upper_rollovers'====== Args={'value': 65, 'prev_value': None, 'change': True}
2025-10-25 20:03:08,826 : INFO : EventManager : Event: ======'machine_var_audits_switches_s_outer_skill_lanes'====== Args={'value': 47, 'prev_value': None, 'change': True}
2025-10-25 20:03:08,826 : INFO : EventManager : Event: ======'machine_var_audits_switches_s_pop_bumper_bottom'====== Args={'value': 6, 'prev_value': None, 'change': True}
2025-10-25 20:03:08,826 : INFO : EventManager : Event: ======'machine_var_audits_switches_s_pop_bumper_left'====== Args={'value': 2, 'prev_value': None, 'change': True}
2025-10-25 20:03:08,826 : INFO : EventManager : Event: ======'machine_var_audits_switches_s_pop_bumper_right'====== Args={'value': 1, 'prev_value': None, 'change': True}
2025-10-25 20:03:08,826 : INFO : EventManager : Event: ======'machine_var_audits_switches_s_right_bank_target_left'====== Args={'value': 40, 'prev_value': None, 'change': True}
2025-10-25 20:03:08,826 : INFO : EventManager : Event: ======'machine_var_audits_switches_s_right_bank_target_middle'====== Args={'value': 28, 'prev_value': None, 'change': True}
2025-10-25 20:03:08,826 : INFO : EventManager : Event: ======'machine_var_audits_switches_s_right_bank_target_right'====== Args={'value': 27, 'prev_value': None, 'change': True}
2025-10-25 20:03:08,826 : INFO : EventManager : Event: ======'machine_var_audits_switches_s_right_outlane_rollover'====== Args={'value': 3, 'prev_value': None, 'change': True}
2025-10-25 20:03:08,826 : INFO : EventManager : Event: ======'machine_var_audits_switches_s_right_pop_bumper'====== Args={'value': 131, 'prev_value': None, 'change': True}
2025-10-25 20:03:08,827 : INFO : EventManager : Event: ======'machine_var_audits_switches_s_right_sling'====== Args={'value': 67, 'prev_value': None, 'change': True}
2025-10-25 20:03:08,827 : INFO : EventManager : Event: ======'machine_var_audits_switches_s_saucer'====== Args={'value': 39, 'prev_value': None, 'change': True}
2025-10-25 20:03:08,827 : INFO : EventManager : Event: ======'machine_var_audits_switches_s_slam_tilt'====== Args={'value': 4, 'prev_value': None, 'change': True}
2025-10-25 20:03:08,827 : INFO : EventManager : Event: ======'machine_var_audits_switches_s_spinner'====== Args={'value': 311, 'prev_value': None, 'change': True}
2025-10-25 20:03:08,827 : INFO : EventManager : Event: ======'machine_var_audits_switches_s_stand_up'====== Args={'value': 7, 'prev_value': None, 'change': True}
2025-10-25 20:03:08,827 : INFO : EventManager : Event: ======'machine_var_audits_switches_s_start_button'====== Args={'value': 9, 'prev_value': None, 'change': True}
2025-10-25 20:03:08,827 : INFO : EventManager : Event: ======'machine_var_audits_switches_s_tilt'====== Args={'value': 0, 'prev_value': None, 'change': True}
2025-10-25 20:03:08,827 : INFO : EventManager : Event: ======'machine_var_audits_switches_s_trough'====== Args={'value': 128, 'prev_value': None, 'change': True}
2025-10-25 20:03:08,828 : INFO : EventManager : Event: ======'init_phase_5'====== Args={}
2025-10-25 20:03:08,839 : INFO : EventManager : Event: ======'init_done'====== Args={}
2025-10-25 20:03:08,839 : INFO : EventManager : Event: ======'machine_reset_phase_1'====== Args={}
2025-10-25 20:03:08,846 : INFO : EventManager : Event: ======'machine_reset_phase_2'====== Args={}
2025-10-25 20:03:08,846 : INFO : EventManager : Event: ======'machine_reset_phase_3'====== Args={}
2025-10-25 20:03:08,847 : INFO : EventManager : Event: ======'mode_attract_will_start'====== Args={'queue': <QueuedEvent>}
2025-10-25 20:03:08,847 : INFO : EventManager : Event: ======'mode_attract_starting'====== Args={'queue': <QueuedEvent>}
2025-10-25 20:03:08,848 : INFO : Mode.attract : Started. Priority: 10
2025-10-25 20:03:08,848 : INFO : EventManager : Event: ======'modes_active_modes_changed'====== Args={}
2025-10-25 20:03:08,848 : INFO : EventManager : Event: ======'mode_attract_started'====== Args={'queue': <QueuedEvent>}
2025-10-25 20:03:08,848 : INFO : EventManager : Event: ======'godot_attract_on'====== Args={'priority': 0}
2025-10-25 20:03:08,849 : INFO : EventManager : Event: ======'collecting_balls_complete'====== Args={}
2025-10-25 20:03:08,849 : INFO : EventManager : Event: ======'reset_complete'====== Args={}
2025-10-25 20:03:08,862 : INFO : Machine : Starting the main run loop with active modes: [<Mode.attract>]
2025-10-25 20:03:08,876 : INFO : EventManager : Event: ======'slide_attract_created'====== Args={'_from_bcp': True}
2025-10-25 20:03:08,876 : INFO : EventManager : Event: ======'slide__removed'====== Args={'_from_bcp': True}
2025-10-25 20:03:08,876 : INFO : EventManager : Event: ======'slide_attract_active'====== Args={'original_context': 'attract', 'original_calling_context': 'mode_attract_started', 'priority': 10.0, 'queue': '<QueuedEvent>', 'cmd': 'slides_play', '_from_bcp': True}
2025-10-25 20:03:10,837 : INFO : EventManager : Event: ======'attract_wave_complete'====== Args={'priority': 0}
2025-10-25 20:03:11,228 : INFO : EventManager : Event: ======'attract_pulse_complete'====== Args={'priority': 0}
2025-10-25 20:03:11,633 : INFO : EventManager : Event: ======'attract_pulse_complete'====== Args={'priority': 0}
2025-10-25 20:03:13,637 : INFO : EventManager : Event: ======'attract_wave_complete'====== Args={'priority': 0}
2025-10-25 20:03:14,029 : INFO : EventManager : Event: ======'attract_pulse_complete'====== Args={'priority': 0}
2025-10-25 20:03:14,402 : INFO : SwitchController : <<<<<<< 's_start_button' active >>>>>>>
2025-10-25 20:03:14,434 : INFO : EventManager : Event: ======'attract_pulse_complete'====== Args={'priority': 0}
2025-10-25 20:03:14,574 : INFO : SwitchController : <<<<<<< 's_start_button' inactive >>>>>>>
2025-10-25 20:03:14,574 : INFO : EventManager : Event: ======'request_to_start_game'====== Args={}
2025-10-25 20:03:14,574 : INFO : BallController : Known balls: 0
2025-10-25 20:03:14,574 : INFO : BallController : bd_trough contains 0 balls. Tags ['trough', 'home', 'drain']
2025-10-25 20:03:14,574 : INFO : BallController : bd_saucer contains 0 balls. Tags ['saucer', 'home', 'eject']
2025-10-25 20:03:14,574 : INFO : BallController : playfield contains 0 balls. Tags ['default']
2025-10-25 20:03:14,574 : WARNING : BallController : BallController denies game start. Not enough balls. 0 found. 1 required
2025-10-25 20:03:14,574 : INFO : BallController : Triggering ball search.
2025-10-25 20:03:16,435 : INFO : EventManager : Event: ======'attract_wave_complete'====== Args={'priority': 0}
2025-10-25 20:03:16,791 : INFO : SwitchController : <<<<<<< 's_start_button' active >>>>>>>
2025-10-25 20:03:16,822 : INFO : EventManager : Event: ======'attract_pulse_complete'====== Args={'priority': 0}
2025-10-25 20:03:17,101 : INFO : SwitchController : <<<<<<< 's_start_button' inactive >>>>>>>
2025-10-25 20:03:17,101 : INFO : EventManager : Event: ======'request_to_start_game'====== Args={}
2025-10-25 20:03:17,101 : INFO : BallController : Known balls: 0
2025-10-25 20:03:17,101 : INFO : BallController : bd_trough contains 0 balls. Tags ['trough', 'home', 'drain']
2025-10-25 20:03:17,101 : INFO : BallController : bd_saucer contains 0 balls. Tags ['saucer', 'home', 'eject']
2025-10-25 20:03:17,102 : INFO : BallController : playfield contains 0 balls. Tags ['default']
2025-10-25 20:03:17,102 : WARNING : BallController : BallController denies game start. Not enough balls. 0 found. 1 required
2025-10-25 20:03:17,102 : INFO : BallController : Triggering ball search.
2025-10-25 20:03:17,224 : INFO : EventManager : Event: ======'attract_pulse_complete'====== Args={'priority': 0}
2025-10-25 20:03:19,226 : INFO : EventManager : Event: ======'attract_wave_complete'====== Args={'priority': 0}
2025-10-25 20:03:19,615 : INFO : EventManager : Event: ======'attract_pulse_complete'====== Args={'priority': 0}
2025-10-25 20:03:20,036 : INFO : EventManager : Event: ======'attract_pulse_complete'====== Args={'priority': 0}
2025-10-25 20:03:21,257 : INFO : SwitchController : <<<<<<< 's_start_button' active >>>>>>>
2025-10-25 20:03:22,019 : INFO : EventManager : Event: ======'attract_wave_complete'====== Args={'priority': 0}
2025-10-25 20:03:22,129 : INFO : SwitchController : <<<<<<< 's_start_button' inactive >>>>>>>
2025-10-25 20:03:22,129 : INFO : EventManager : Event: ======'request_to_start_game'====== Args={}
2025-10-25 20:03:22,129 : INFO : BallController : Known balls: 0
2025-10-25 20:03:22,130 : INFO : BallController : bd_trough contains 0 balls. Tags ['trough', 'home', 'drain']
2025-10-25 20:03:22,130 : INFO : BallController : bd_saucer contains 0 balls. Tags ['saucer', 'home', 'eject']
2025-10-25 20:03:22,130 : INFO : BallController : playfield contains 0 balls. Tags ['default']
2025-10-25 20:03:22,130 : WARNING : BallController : BallController denies game start. Not enough balls. 0 found. 1 required
2025-10-25 20:03:22,130 : INFO : BallController : Triggering ball search.
2025-10-25 20:03:22,409 : INFO : EventManager : Event: ======'attract_pulse_complete'====== Args={'priority': 0}
2025-10-25 20:03:22,754 : INFO : SwitchController : <<<<<<< 's_start_button' active >>>>>>>
2025-10-25 20:03:22,818 : INFO : EventManager : Event: ======'attract_pulse_complete'====== Args={'priority': 0}
2025-10-25 20:03:23,068 : INFO : SwitchController : <<<<<<< 's_start_button' inactive >>>>>>>
2025-10-25 20:03:23,068 : INFO : EventManager : Event: ======'request_to_start_game'====== Args={}
2025-10-25 20:03:23,068 : INFO : BallController : Known balls: 0
2025-10-25 20:03:23,068 : INFO : BallController : bd_trough contains 0 balls. Tags ['trough', 'home', 'drain']
2025-10-25 20:03:23,068 : INFO : BallController : bd_saucer contains 0 balls. Tags ['saucer', 'home', 'eject']
2025-10-25 20:03:23,068 : INFO : BallController : playfield contains 0 balls. Tags ['default']
2025-10-25 20:03:23,068 : WARNING : BallController : BallController denies game start. Not enough balls. 0 found. 1 required
2025-10-25 20:03:23,068 : INFO : BallController : Triggering ball search.
2025-10-25 20:03:23,549 : INFO : SwitchController : <<<<<<< 's_credit_button' active >>>>>>>
2025-10-25 20:03:23,859 : INFO : SwitchController : <<<<<<< 's_credit_button' inactive >>>>>>>
2025-10-25 20:03:24,807 : INFO : EventManager : Event: ======'attract_wave_complete'====== Args={'priority': 0}
2025-10-25 20:03:25,196 : INFO : EventManager : Event: ======'attract_pulse_complete'====== Args={'priority': 0}
2025-10-25 20:03:25,242 : INFO : SwitchController : <<<<<<< 's_start_button' active >>>>>>>
2025-10-25 20:03:25,601 : INFO : EventManager : Event: ======'attract_pulse_complete'====== Args={'priority': 0}
2025-10-25 20:03:25,879 : INFO : SwitchController : <<<<<<< 's_start_button' inactive >>>>>>>
2025-10-25 20:03:25,879 : INFO : EventManager : Event: ======'request_to_start_game'====== Args={}
2025-10-25 20:03:25,879 : INFO : BallController : Known balls: 0
2025-10-25 20:03:25,879 : INFO : BallController : bd_trough contains 0 balls. Tags ['trough', 'home', 'drain']
2025-10-25 20:03:25,879 : INFO : BallController : bd_saucer contains 0 balls. Tags ['saucer', 'home', 'eject']
2025-10-25 20:03:25,879 : INFO : BallController : playfield contains 0 balls. Tags ['default']
2025-10-25 20:03:25,880 : WARNING : BallController : BallController denies game start. Not enough balls. 0 found. 1 required
2025-10-25 20:03:25,880 : INFO : BallController : Triggering ball search.
2025-10-25 20:03:26,049 : INFO : SwitchController : <<<<<<< 's_start_button' active >>>>>>>
2025-10-25 20:03:26,299 : INFO : SwitchController : <<<<<<< 's_start_button' inactive >>>>>>>
2025-10-25 20:03:26,299 : INFO : EventManager : Event: ======'request_to_start_game'====== Args={}
2025-10-25 20:03:26,299 : INFO : BallController : Known balls: 0
2025-10-25 20:03:26,300 : INFO : BallController : bd_trough contains 0 balls. Tags ['trough', 'home', 'drain']
2025-10-25 20:03:26,300 : INFO : BallController : bd_saucer contains 0 balls. Tags ['saucer', 'home', 'eject']
2025-10-25 20:03:26,300 : INFO : BallController : playfield contains 0 balls. Tags ['default']
2025-10-25 20:03:26,300 : WARNING : BallController : BallController denies game start. Not enough balls. 0 found. 1 required
2025-10-25 20:03:26,300 : INFO : BallController : Triggering ball search.
2025-10-25 20:03:26,361 : INFO : SwitchController : <<<<<<< 's_start_button' active >>>>>>>
2025-10-25 20:03:26,549 : INFO : SwitchController : <<<<<<< 's_start_button' inactive >>>>>>>
2025-10-25 20:03:26,549 : INFO : EventManager : Event: ======'request_to_start_game'====== Args={}
2025-10-25 20:03:26,549 : INFO : BallController : Known balls: 0
2025-10-25 20:03:26,549 : INFO : BallController : bd_trough contains 0 balls. Tags ['trough', 'home', 'drain']
2025-10-25 20:03:26,549 : INFO : BallController : bd_saucer contains 0 balls. Tags ['saucer', 'home', 'eject']
2025-10-25 20:03:26,549 : INFO : BallController : playfield contains 0 balls. Tags ['default']
2025-10-25 20:03:26,549 : WARNING : BallController : BallController denies game start. Not enough balls. 0 found. 1 required
2025-10-25 20:03:26,550 : INFO : BallController : Triggering ball search.
2025-10-25 20:03:26,611 : INFO : SwitchController : <<<<<<< 's_start_button' active >>>>>>>
2025-10-25 20:03:26,936 : INFO : SwitchController : <<<<<<< 's_start_button' inactive >>>>>>>
2025-10-25 20:03:26,936 : INFO : EventManager : Event: ======'request_to_start_game'====== Args={}
2025-10-25 20:03:26,936 : INFO : BallController : Known balls: 0
2025-10-25 20:03:26,936 : INFO : BallController : bd_trough contains 0 balls. Tags ['trough', 'home', 'drain']
2025-10-25 20:03:26,936 : INFO : BallController : bd_saucer contains 0 balls. Tags ['saucer', 'home', 'eject']
2025-10-25 20:03:26,938 : INFO : BallController : playfield contains 0 balls. Tags ['default']
2025-10-25 20:03:26,938 : WARNING : BallController : BallController denies game start. Not enough balls. 0 found. 1 required
2025-10-25 20:03:26,938 : INFO : BallController : Triggering ball search.
2025-10-25 20:03:27,606 : INFO : EventManager : Event: ======'attract_wave_complete'====== Args={'priority': 0}
2025-10-25 20:03:27,998 : INFO : EventManager : Event: ======'attract_pulse_complete'====== Args={'priority': 0}
2025-10-25 20:03:28,403 : INFO : EventManager : Event: ======'attract_pulse_complete'====== Args={'priority': 0}
2025-10-25 20:03:30,385 : INFO : EventManager : Event: ======'attract_wave_complete'====== Args={'priority': 0}
2025-10-25 20:03:30,772 : INFO : EventManager : Event: ======'attract_pulse_complete'====== Args={'priority': 0}
2025-10-25 20:03:31,178 : INFO : EventManager : Event: ======'attract_pulse_complete'====== Args={'priority': 0}
2025-10-25 20:03:31,333 : INFO : Machine : Shutting down...
2025-10-25 20:03:31,333 : INFO : EventManager : Event: ======'shutdown'====== Args={}
2025-10-25 20:03:31,366 : ERROR : asyncio : Exception in callback RunningShow._run_next_step()
handle: <TimerHandle when=720819.2779999999 RunningShow._run_next_step()>
Traceback (most recent call last):
  File "C:\Users\antho\AppData\Local\Programs\Python\Python312\Lib\asyncio\events.py", line 88, in _run
    self._context.run(self._callback, *self._args)
  File "C:\Users\antho\mpf\Lib\site-packages\mpf\assets\show.py", line 690, in _run_next_step
    player.show_play_callback(
  File "C:\Users\antho\mpf\Lib\site-packages\mpf\core\config_player.py", line 365, in show_play_callback
    self.play(settings=settings, priority=priority, calling_context=calling_context,
  File "C:\Users\antho\mpf\Lib\site-packages\mpf\config_players\light_player.py", line 43, in play
    self._light_color(light, instance_dict, full_context, s['color'], s["fade"], final_priority, start_time)
  File "C:\Users\antho\mpf\Lib\site-packages\mpf\config_players\light_player.py", line 103, in _light_color
    light.color(color, key=full_context, fade_ms=fade_ms, priority=priority, start_time=start_time)
  File "C:\Users\antho\mpf\Lib\site-packages\mpf\devices\light.py", line 414, in color
    self._schedule_update()
  File "C:\Users\antho\mpf\Lib\site-packages\mpf\devices\light.py", line 657, in _schedule_update
    driver.set_fade(start_brightness, start_time, target_brightness, target_time)
  File "C:\Users\antho\mpf\Lib\site-packages\mpf\platforms\interfaces\light_platform_interface.py", line 98, in set_fade
    self.set_brightness_and_fade(target_brightness, max(fade_ms, 0))
  File "C:\Users\antho\mpf\Lib\site-packages\mpf\platforms\interfaces\light_platform_interface.py", line 160, in set_brightness_and_fade
    self.set_brightness(brightness)
  File "C:\Users\antho\mpf\Lib\site-packages\mpf\platforms\lisy\lisy.py", line 123, in set_brightness
    self.platform.send_byte(LisyDefines.LampsSetLampOn, bytes([self.number]))
  File "C:\Users\antho\mpf\Lib\site-packages\mpf\platforms\lisy\lisy.py", line 783, in send_byte
    assert self._writer is not None
           ^^^^^^^^^^^^^^^^^^^^^^^^
AssertionError
2025-10-25 20:03:31,442 : INFO : root : MPF run loop ended.
