2025-11-07 15:14:55,375 : INFO : root : Loading config.
2025-11-07 15:14:55,381 : INFO : YamlMultifileConfigLoader : Machine config file #1: config.yaml
2025-11-07 15:14:55,381 : INFO : ConfigProcessor : Loading config from cache: C:\Users\antho\AppData\Local\Temp\fdca14d0c9d658ab8200d57120800af5.mpf_cache
2025-11-07 15:14:55,511 : INFO : ConfigProcessor : Loading config from cache: C:\Users\antho\AppData\Local\Temp\5dec96b1547c4adf5bdd3d1715e74bc0.mpf_cache
2025-11-07 15:14:55,512 : INFO : ConfigProcessor : Loading config from cache: C:\Users\antho\AppData\Local\Temp\202a5840610e95051f9f473dfa660cc0.mpf_cache
2025-11-07 15:14:55,512 : INFO : ConfigProcessor : Loading config from cache: C:\Users\antho\AppData\Local\Temp\5dec96b1547c4adf5bdd3d1715e74bc0.mpf_cache
2025-11-07 15:14:55,513 : INFO : ConfigProcessor : Loading config from cache: C:\Users\antho\AppData\Local\Temp\2cd13a2d3f375e00ab01d6d09a85d8e7.mpf_cache
2025-11-07 15:14:55,526 : INFO : ConfigProcessor : Loading config from cache: C:\Users\antho\AppData\Local\Temp\9220b44b97b91972524500b81035d790.mpf_cache
2025-11-07 15:14:55,526 : INFO : ConfigProcessor : Loading config from cache: C:\Users\antho\AppData\Local\Temp\aa919e501ed8450b10d3bb8e37574ac5.mpf_cache
2025-11-07 15:14:55,527 : INFO : ConfigProcessor : Loading config from cache: C:\Users\antho\AppData\Local\Temp\31ee881584fa6fce665a672a4f3f633a.mpf_cache
2025-11-07 15:14:55,528 : INFO : ConfigProcessor : Loading config from cache: C:\Users\antho\AppData\Local\Temp\5e841763ec73085bbf92358fe6afda21.mpf_cache
2025-11-07 15:14:55,529 : INFO : ConfigProcessor : Loading config from cache: C:\Users\antho\AppData\Local\Temp\7f73d12aa9beccac1cbd8c265ccda72e.mpf_cache
2025-11-07 15:14:55,529 : INFO : ConfigProcessor : Loading config from cache: C:\Users\antho\AppData\Local\Temp\a03ebaa9d6d5676c418deb142cb34911.mpf_cache
2025-11-07 15:14:55,530 : INFO : ConfigProcessor : Loading config from cache: C:\Users\antho\AppData\Local\Temp\b17152efa55a24f0424602723f8d3921.mpf_cache
2025-11-07 15:14:55,531 : INFO : ConfigProcessor : Loading config from cache: C:\Users\antho\AppData\Local\Temp\e87fc0e7d2f8a851b5fa3f604e0d0c6e.mpf_cache
2025-11-07 15:14:55,531 : INFO : ConfigProcessor : Loading config from cache: C:\Users\antho\AppData\Local\Temp\196ac76b6cab3a9880804c826cfbcb5c.mpf_cache
2025-11-07 15:14:55,532 : INFO : ConfigProcessor : Loading config from cache: C:\Users\antho\AppData\Local\Temp\55437eb303afaa980597ff60f339a871.mpf_cache
2025-11-07 15:14:55,533 : INFO : ConfigProcessor : Loading config from cache: C:\Users\antho\AppData\Local\Temp\fddc1006228d3387e6d1e46051a3638d.mpf_cache
2025-11-07 15:14:55,533 : INFO : ConfigProcessor : Loading config from cache: C:\Users\antho\AppData\Local\Temp\834292dd7853e12a66732dc89828c828.mpf_cache
2025-11-07 15:14:55,534 : INFO : ConfigProcessor : Loading config from cache: C:\Users\antho\AppData\Local\Temp\46f8fa3e41dfeeb8232af2f03a13b6c4.mpf_cache
2025-11-07 15:14:55,534 : INFO : ConfigProcessor : Loading config from cache: C:\Users\antho\AppData\Local\Temp\c67e9c175da6c060302945929b27b878.mpf_cache
2025-11-07 15:14:55,535 : INFO : ConfigProcessor : Loading config from cache: C:\Users\antho\AppData\Local\Temp\03987edb382fe443ccf68b3f49f06933.mpf_cache
2025-11-07 15:14:55,535 : INFO : Machine : Mission Pinball Framework Core Engine v0.80.0.dev11
2025-11-07 15:14:55,535 : INFO : Machine : Command line arguments: {'no_load_cache': False, 'create_config_cache': True, 'bcp': True, 'configfile': ['config.yaml'], 'force_assets_load': False, 'platform_integration_test': False, 'jsonlogging': False, 'logfile': 'logs\\2025-11-07-15-14-55-mpf-LAPTOP-MPGP6R69.log', 'pause': False, 'production': False, 'text_ui': True, 'loglevel': 15, 'consoleloglevel': 20, 'force_platform': None, 'syslog_address': None, 'full_logfile_path': 'C:\\Users\\antho\\nightpin\\logs\\2025-11-07-15-14-55-mpf-LAPTOP-MPGP6R69.log'}
2025-11-07 15:14:55,535 : INFO : Machine : MPF path: C:\Users\antho\mpf\Lib\site-packages\mpf
2025-11-07 15:14:55,535 : INFO : Machine : Machine path: C:\Users\antho\nightpin
2025-11-07 15:14:55,536 : INFO : Machine : Platform: win32
2025-11-07 15:14:55,536 : INFO : Machine : Python executable location: C:\Users\antho\mpf\Scripts\python.exe
2025-11-07 15:14:55,536 : INFO : Machine : Python version: 3.12.7 (64-bit)
2025-11-07 15:14:55,538 : INFO : Machine : Initializing MPF...
2025-11-07 15:14:55,796 : INFO : lisy : Connecting to com3 at 115200bps
2025-11-07 15:14:55,797 : WARNING : lisy : Could not import terminos (this is ok on windows).
2025-11-07 15:14:55,965 : INFO : EventManager : Event: ======'machine_var_lisy_hardware'====== Args={'value': 'LISY35', 'prev_value': None, 'change': True}
2025-11-07 15:14:55,965 : INFO : EventManager : Event: ======'machine_var_lisy_version'====== Args={'value': '5.26 ', 'prev_value': None, 'change': True}
2025-11-07 15:14:55,965 : INFO : EventManager : Event: ======'machine_var_lisy_api_version'====== Args={'value': b'0.09', 'prev_value': None, 'change': True}
2025-11-07 15:14:57,286 : INFO : EventManager : Event: ======'machine_var_credits_string'====== Args={'value': 'FREE PLAY', 'prev_value': None, 'change': True}
2025-11-07 15:14:57,318 : INFO : EventManager : Event: ======'machine_var_master_volume'====== Args={'value': 0.5, 'prev_value': None, 'change': True}
2025-11-07 15:14:57,318 : INFO : EventManager : Event: ======'machine_var_player1_score'====== Args={'value': 2100, 'prev_value': None, 'change': True}
2025-11-07 15:14:57,318 : INFO : EventManager : Event: ======'machine_var_mpf_version'====== Args={'value': 'Mission Pinball Framework v0.80.0.dev11', 'prev_value': None, 'change': True}
2025-11-07 15:14:57,318 : INFO : EventManager : Event: ======'machine_var_mpf_extended_version'====== Args={'value': 'Mission Pinball Framework v0.80.0.dev11, Config version:6, Show version: 6, BCP version:1.1', 'prev_value': None, 'change': True}
2025-11-07 15:14:57,318 : INFO : EventManager : Event: ======'machine_var_python_version'====== Args={'value': '3.12.7', 'prev_value': None, 'change': True}
2025-11-07 15:14:57,417 : INFO : EventManager : Event: ======'machine_var_platform'====== Args={'value': 'Windows-11-10.0.26100-SP0', 'prev_value': None, 'change': True}
2025-11-07 15:14:57,417 : INFO : EventManager : Event: ======'machine_var_platform_system'====== Args={'value': 'Windows', 'prev_value': None, 'change': True}
2025-11-07 15:14:57,417 : INFO : EventManager : Event: ======'machine_var_platform_release'====== Args={'value': '11', 'prev_value': None, 'change': True}
2025-11-07 15:14:57,417 : INFO : EventManager : Event: ======'machine_var_platform_version'====== Args={'value': '10.0.26100', 'prev_value': None, 'change': True}
2025-11-07 15:14:57,417 : INFO : EventManager : Event: ======'machine_var_platform_machine'====== Args={'value': 'AMD64', 'prev_value': None, 'change': True}
2025-11-07 15:14:57,417 : INFO : EventManager : Event: ======'machine_var_log_file_path'====== Args={'value': 'C:\\Users\\antho\\nightpin\\logs\\2025-11-07-15-14-55-mpf-LAPTOP-MPGP6R69.log', 'prev_value': None, 'change': True}
2025-11-07 15:14:57,417 : INFO : EventManager : Event: ======'init_phase_1'====== Args={}
2025-11-07 15:14:57,453 : INFO : EventManager : Event: ======'drop_target_bank_right_bank_up'====== Args={}
2025-11-07 15:14:57,453 : INFO : EventManager : Event: ======'drop_target_bank_left_bank_up'====== Args={}
2025-11-07 15:14:57,529 : INFO : EventManager : Event: ======'init_phase_2'====== Args={}
2025-11-07 15:14:57,529 : INFO : SwitchController : Found active switch: ('8', <mpf.platforms.lisy.lisy.LisyHardwarePlatform object at 0x000001DAA4BD96D0>) <switch.s_trough>
2025-11-07 15:14:57,538 : INFO : EventManager : Event: ======'bcp_connection_attempt'====== Args={'name': 'local_display', 'host': 'localhost', 'port': 5050}
2025-11-07 15:14:57,540 : INFO : BCPClientSocket : Connecting BCP to 'local_display' at localhost:5050...
2025-11-07 15:14:57,557 : INFO : BCPClientSocket : Connected BCP to 'local_display' localhost:5050
2025-11-07 15:14:57,558 : INFO : EventManager : Event: ======'bcp_clients_connected'====== Args={}
2025-11-07 15:14:57,671 : INFO : ball_device.bd_trough : BCH: Initial count: 1
2025-11-07 15:14:57,706 : INFO : ball_device.bd_trough : State: idle
2025-11-07 15:14:57,707 : INFO : ball_device.bd_saucer : BCH: Initial count: 0
2025-11-07 15:14:57,707 : INFO : ball_device.bd_saucer : State: idle
2025-11-07 15:14:57,723 : INFO : EventManager : Event: ======'init_phase_3'====== Args={}
2025-11-07 15:14:57,730 : INFO : EventManager : Event: ======'init_phase_4'====== Args={}
2025-11-07 15:14:57,730 : INFO : BallController : Initial balls found: 1
2025-11-07 15:14:57,732 : INFO : EventManager : Event: ======'machine_var_audits_events_game_ended'====== Args={'value': 18, 'prev_value': None, 'change': True}
2025-11-07 15:14:57,732 : INFO : EventManager : Event: ======'machine_var_audits_events_game_started'====== Args={'value': 117, 'prev_value': None, 'change': True}
2025-11-07 15:14:57,732 : INFO : EventManager : Event: ======'machine_var_audits_missing_switches_s_coin_right'====== Args={'value': 116, 'prev_value': None, 'change': True}
2025-11-07 15:14:57,733 : INFO : EventManager : Event: ======'machine_var_audits_missing_switches_s_credit_button'====== Args={'value': 89, 'prev_value': None, 'change': True}
2025-11-07 15:14:57,733 : INFO : EventManager : Event: ======'machine_var_audits_missing_switches_s_inlanes'====== Args={'value': 12, 'prev_value': None, 'change': True}
2025-11-07 15:14:57,733 : INFO : EventManager : Event: ======'machine_var_audits_missing_switches_s_left_bank_target_left'====== Args={'value': 37, 'prev_value': None, 'change': True}
2025-11-07 15:14:57,733 : INFO : EventManager : Event: ======'machine_var_audits_missing_switches_s_left_bank_target_middle'====== Args={'value': 40, 'prev_value': None, 'change': True}
2025-11-07 15:14:57,733 : INFO : EventManager : Event: ======'machine_var_audits_missing_switches_s_left_bank_target_right'====== Args={'value': 37, 'prev_value': None, 'change': True}
2025-11-07 15:14:57,733 : INFO : EventManager : Event: ======'machine_var_audits_missing_switches_s_left_inlane'====== Args={'value': 20, 'prev_value': None, 'change': True}
2025-11-07 15:14:57,733 : INFO : EventManager : Event: ======'machine_var_audits_missing_switches_s_left_lower_bumper'====== Args={'value': 25, 'prev_value': None, 'change': True}
2025-11-07 15:14:57,733 : INFO : EventManager : Event: ======'machine_var_audits_missing_switches_s_left_outlane'====== Args={'value': 20, 'prev_value': None, 'change': True}
2025-11-07 15:14:57,733 : INFO : EventManager : Event: ======'machine_var_audits_missing_switches_s_left_outlane_rollover'====== Args={'value': 23, 'prev_value': None, 'change': True}
2025-11-07 15:14:57,734 : INFO : EventManager : Event: ======'machine_var_audits_missing_switches_s_left_pop_bumper'====== Args={'value': 7, 'prev_value': None, 'change': True}
2025-11-07 15:14:57,734 : INFO : EventManager : Event: ======'machine_var_audits_missing_switches_s_left_rollover'====== Args={'value': 23, 'prev_value': None, 'change': True}
2025-11-07 15:14:57,734 : INFO : EventManager : Event: ======'machine_var_audits_missing_switches_s_left_skill_lane'====== Args={'value': 1, 'prev_value': None, 'change': True}
2025-11-07 15:14:57,734 : INFO : EventManager : Event: ======'machine_var_audits_missing_switches_s_left_sling'====== Args={'value': 2, 'prev_value': None, 'change': True}
2025-11-07 15:14:57,734 : INFO : EventManager : Event: ======'machine_var_audits_missing_switches_s_left_upper_bumper'====== Args={'value': 30, 'prev_value': None, 'change': True}
2025-11-07 15:14:57,734 : INFO : EventManager : Event: ======'machine_var_audits_missing_switches_s_middle_pop_bumper'====== Args={'value': 21, 'prev_value': None, 'change': True}
2025-11-07 15:14:57,734 : INFO : EventManager : Event: ======'machine_var_audits_missing_switches_s_middle_rollover'====== Args={'value': 21, 'prev_value': None, 'change': True}
2025-11-07 15:14:57,734 : INFO : EventManager : Event: ======'machine_var_audits_missing_switches_s_middle_skill_lane'====== Args={'value': 1, 'prev_value': None, 'change': True}
2025-11-07 15:14:57,734 : INFO : EventManager : Event: ======'machine_var_audits_missing_switches_s_middle_upper_rollovers'====== Args={'value': 5, 'prev_value': None, 'change': True}
2025-11-07 15:14:57,734 : INFO : EventManager : Event: ======'machine_var_audits_missing_switches_s_outer_skill_lanes'====== Args={'value': 1, 'prev_value': None, 'change': True}
2025-11-07 15:14:57,735 : INFO : EventManager : Event: ======'machine_var_audits_missing_switches_s_right_bank_target_left'====== Args={'value': 20, 'prev_value': None, 'change': True}
2025-11-07 15:14:57,735 : INFO : EventManager : Event: ======'machine_var_audits_missing_switches_s_right_bank_target_middle'====== Args={'value': 30, 'prev_value': None, 'change': True}
2025-11-07 15:14:57,735 : INFO : EventManager : Event: ======'machine_var_audits_missing_switches_s_right_bank_target_right'====== Args={'value': 30, 'prev_value': None, 'change': True}
2025-11-07 15:14:57,735 : INFO : EventManager : Event: ======'machine_var_audits_missing_switches_s_right_outlane'====== Args={'value': 20, 'prev_value': None, 'change': True}
2025-11-07 15:14:57,735 : INFO : EventManager : Event: ======'machine_var_audits_missing_switches_s_right_outlane_rollover'====== Args={'value': 40, 'prev_value': None, 'change': True}
2025-11-07 15:14:57,735 : INFO : EventManager : Event: ======'machine_var_audits_missing_switches_s_right_pop_bumper'====== Args={'value': 23, 'prev_value': None, 'change': True}
2025-11-07 15:14:57,735 : INFO : EventManager : Event: ======'machine_var_audits_missing_switches_s_right_rollover'====== Args={'value': 32, 'prev_value': None, 'change': True}
2025-11-07 15:14:57,735 : INFO : EventManager : Event: ======'machine_var_audits_missing_switches_s_right_skill_lane'====== Args={'value': 1, 'prev_value': None, 'change': True}
2025-11-07 15:14:57,735 : INFO : EventManager : Event: ======'machine_var_audits_missing_switches_s_right_sling'====== Args={'value': 2, 'prev_value': None, 'change': True}
2025-11-07 15:14:57,735 : INFO : EventManager : Event: ======'machine_var_audits_missing_switches_s_rollover_upper'====== Args={'value': 23, 'prev_value': None, 'change': True}
2025-11-07 15:14:57,735 : INFO : EventManager : Event: ======'machine_var_audits_missing_switches_s_saucer'====== Args={'value': 21, 'prev_value': None, 'change': True}
2025-11-07 15:14:57,735 : INFO : EventManager : Event: ======'machine_var_audits_missing_switches_s_slam_tilt'====== Args={'value': 55, 'prev_value': None, 'change': True}
2025-11-07 15:14:57,735 : INFO : EventManager : Event: ======'machine_var_audits_missing_switches_s_spinner'====== Args={'value': 30, 'prev_value': None, 'change': True}
2025-11-07 15:14:57,735 : INFO : EventManager : Event: ======'machine_var_audits_missing_switches_s_stand_up'====== Args={'value': 89, 'prev_value': None, 'change': True}
2025-11-07 15:14:57,736 : INFO : EventManager : Event: ======'machine_var_audits_missing_switches_s_start_button'====== Args={'value': 22, 'prev_value': None, 'change': True}
2025-11-07 15:14:57,736 : INFO : EventManager : Event: ======'machine_var_audits_missing_switches_s_tilt'====== Args={'value': 23, 'prev_value': None, 'change': True}
2025-11-07 15:14:57,736 : INFO : EventManager : Event: ======'machine_var_audits_player_score'====== Args={'value': {'average': 1460, 'top': [5110, 5070, 4300, 4230, 3980, 3410, 2200, 2100, 1300, 1200], 'total': 26}, 'prev_value': None, 'change': True}
2025-11-07 15:14:57,736 : INFO : EventManager : Event: ======'machine_var_audits_shots_my_first_shot'====== Args={'value': 3, 'prev_value': None, 'change': True}
2025-11-07 15:14:57,736 : INFO : EventManager : Event: ======'machine_var_audits_shots_sh_eg_pop_left'====== Args={'value': 8, 'prev_value': None, 'change': True}
2025-11-07 15:14:57,736 : INFO : EventManager : Event: ======'machine_var_audits_shots_sh_eg_pop_middle'====== Args={'value': 8, 'prev_value': None, 'change': True}
2025-11-07 15:14:57,736 : INFO : EventManager : Event: ======'machine_var_audits_shots_sh_eg_pop_right'====== Args={'value': 13, 'prev_value': None, 'change': True}
2025-11-07 15:14:57,736 : INFO : EventManager : Event: ======'machine_var_audits_shots_sh_eg_right_drop_left'====== Args={'value': 4, 'prev_value': None, 'change': True}
2025-11-07 15:14:57,736 : INFO : EventManager : Event: ======'machine_var_audits_shots_sh_eg_right_drop_middle'====== Args={'value': 3, 'prev_value': None, 'change': True}
2025-11-07 15:14:57,736 : INFO : EventManager : Event: ======'machine_var_audits_shots_sh_eg_right_drop_right'====== Args={'value': 3, 'prev_value': None, 'change': True}
2025-11-07 15:14:57,737 : INFO : EventManager : Event: ======'machine_var_audits_shots_sh_eg_spinner'====== Args={'value': 2, 'prev_value': None, 'change': True}
2025-11-07 15:14:57,737 : INFO : EventManager : Event: ======'machine_var_audits_shots_sh_escape_graveyard_start'====== Args={'value': 8, 'prev_value': None, 'change': True}
2025-11-07 15:14:57,737 : INFO : EventManager : Event: ======'machine_var_audits_switches_s_coin_right'====== Args={'value': 1, 'prev_value': None, 'change': True}
2025-11-07 15:14:57,737 : INFO : EventManager : Event: ======'machine_var_audits_switches_s_credit_button'====== Args={'value': 5, 'prev_value': None, 'change': True}
2025-11-07 15:14:57,737 : INFO : EventManager : Event: ======'machine_var_audits_switches_s_inlanes'====== Args={'value': 159, 'prev_value': None, 'change': True}
2025-11-07 15:14:57,737 : INFO : EventManager : Event: ======'machine_var_audits_switches_s_left_bank_target_left'====== Args={'value': 36, 'prev_value': None, 'change': True}
2025-11-07 15:14:57,737 : INFO : EventManager : Event: ======'machine_var_audits_switches_s_left_bank_target_middle'====== Args={'value': 27, 'prev_value': None, 'change': True}
2025-11-07 15:14:57,737 : INFO : EventManager : Event: ======'machine_var_audits_switches_s_left_bank_target_right'====== Args={'value': 27, 'prev_value': None, 'change': True}
2025-11-07 15:14:57,737 : INFO : EventManager : Event: ======'machine_var_audits_switches_s_left_inlane'====== Args={'value': 1, 'prev_value': None, 'change': True}
2025-11-07 15:14:57,737 : INFO : EventManager : Event: ======'machine_var_audits_switches_s_left_lower_bumper'====== Args={'value': 34, 'prev_value': None, 'change': True}
2025-11-07 15:14:57,737 : INFO : EventManager : Event: ======'machine_var_audits_switches_s_left_outlane'====== Args={'value': 1, 'prev_value': None, 'change': True}
2025-11-07 15:14:57,738 : INFO : EventManager : Event: ======'machine_var_audits_switches_s_left_outlane_rollover'====== Args={'value': 23, 'prev_value': None, 'change': True}
2025-11-07 15:14:57,738 : INFO : EventManager : Event: ======'machine_var_audits_switches_s_left_pop_bumper'====== Args={'value': 129, 'prev_value': None, 'change': True}
2025-11-07 15:14:57,738 : INFO : EventManager : Event: ======'machine_var_audits_switches_s_left_rollover'====== Args={'value': 2, 'prev_value': None, 'change': True}
2025-11-07 15:14:57,738 : INFO : EventManager : Event: ======'machine_var_audits_switches_s_left_skill_lane'====== Args={'value': 7, 'prev_value': None, 'change': True}
2025-11-07 15:14:57,738 : INFO : EventManager : Event: ======'machine_var_audits_switches_s_left_sling'====== Args={'value': 104, 'prev_value': None, 'change': True}
2025-11-07 15:14:57,738 : INFO : EventManager : Event: ======'machine_var_audits_switches_s_left_upper_bumper'====== Args={'value': 44, 'prev_value': None, 'change': True}
2025-11-07 15:14:57,738 : INFO : EventManager : Event: ======'machine_var_audits_switches_s_middle_pop_bumper'====== Args={'value': 131, 'prev_value': None, 'change': True}
2025-11-07 15:14:57,738 : INFO : EventManager : Event: ======'machine_var_audits_switches_s_middle_rollover'====== Args={'value': 9, 'prev_value': None, 'change': True}
2025-11-07 15:14:57,738 : INFO : EventManager : Event: ======'machine_var_audits_switches_s_middle_skill_lane'====== Args={'value': 89, 'prev_value': None, 'change': True}
2025-11-07 15:14:57,738 : INFO : EventManager : Event: ======'machine_var_audits_switches_s_middle_upper_rollovers'====== Args={'value': 97, 'prev_value': None, 'change': True}
2025-11-07 15:14:57,738 : INFO : EventManager : Event: ======'machine_var_audits_switches_s_outer_skill_lanes'====== Args={'value': 133, 'prev_value': None, 'change': True}
2025-11-07 15:14:57,738 : INFO : EventManager : Event: ======'machine_var_audits_switches_s_pop_bumper_bottom'====== Args={'value': 6, 'prev_value': None, 'change': True}
2025-11-07 15:14:57,738 : INFO : EventManager : Event: ======'machine_var_audits_switches_s_pop_bumper_left'====== Args={'value': 2, 'prev_value': None, 'change': True}
2025-11-07 15:14:57,738 : INFO : EventManager : Event: ======'machine_var_audits_switches_s_pop_bumper_right'====== Args={'value': 1, 'prev_value': None, 'change': True}
2025-11-07 15:14:57,738 : INFO : EventManager : Event: ======'machine_var_audits_switches_s_right_bank_target_left'====== Args={'value': 56, 'prev_value': None, 'change': True}
2025-11-07 15:14:57,738 : INFO : EventManager : Event: ======'machine_var_audits_switches_s_right_bank_target_middle'====== Args={'value': 43, 'prev_value': None, 'change': True}
2025-11-07 15:14:57,738 : INFO : EventManager : Event: ======'machine_var_audits_switches_s_right_bank_target_right'====== Args={'value': 40, 'prev_value': None, 'change': True}
2025-11-07 15:14:57,738 : INFO : EventManager : Event: ======'machine_var_audits_switches_s_right_inlane'====== Args={'value': 24, 'prev_value': None, 'change': True}
2025-11-07 15:14:57,738 : INFO : EventManager : Event: ======'machine_var_audits_switches_s_right_outlane'====== Args={'value': 1, 'prev_value': None, 'change': True}
2025-11-07 15:14:57,738 : INFO : EventManager : Event: ======'machine_var_audits_switches_s_right_outlane_rollover'====== Args={'value': 6, 'prev_value': None, 'change': True}
2025-11-07 15:14:57,740 : INFO : EventManager : Event: ======'machine_var_audits_switches_s_right_pop_bumper'====== Args={'value': 183, 'prev_value': None, 'change': True}
2025-11-07 15:14:57,740 : INFO : EventManager : Event: ======'machine_var_audits_switches_s_right_rollover'====== Args={'value': 0, 'prev_value': None, 'change': True}
2025-11-07 15:14:57,740 : INFO : EventManager : Event: ======'machine_var_audits_switches_s_right_skill_lane'====== Args={'value': 5, 'prev_value': None, 'change': True}
2025-11-07 15:14:57,740 : INFO : EventManager : Event: ======'machine_var_audits_switches_s_right_sling'====== Args={'value': 78, 'prev_value': None, 'change': True}
2025-11-07 15:14:57,740 : INFO : EventManager : Event: ======'machine_var_audits_switches_s_rollover_upper'====== Args={'value': 3, 'prev_value': None, 'change': True}
2025-11-07 15:14:57,740 : INFO : EventManager : Event: ======'machine_var_audits_switches_s_saucer'====== Args={'value': 103, 'prev_value': None, 'change': True}
2025-11-07 15:14:57,740 : INFO : EventManager : Event: ======'machine_var_audits_switches_s_slam_tilt'====== Args={'value': 6, 'prev_value': None, 'change': True}
2025-11-07 15:14:57,740 : INFO : EventManager : Event: ======'machine_var_audits_switches_s_spinner'====== Args={'value': 430, 'prev_value': None, 'change': True}
2025-11-07 15:14:57,740 : INFO : EventManager : Event: ======'machine_var_audits_switches_s_stand_up'====== Args={'value': 8, 'prev_value': None, 'change': True}
2025-11-07 15:14:57,740 : INFO : EventManager : Event: ======'machine_var_audits_switches_s_start_button'====== Args={'value': 39, 'prev_value': None, 'change': True}
2025-11-07 15:14:57,740 : INFO : EventManager : Event: ======'machine_var_audits_switches_s_tilt'====== Args={'value': 2, 'prev_value': None, 'change': True}
2025-11-07 15:14:57,740 : INFO : EventManager : Event: ======'machine_var_audits_switches_s_trough'====== Args={'value': 531, 'prev_value': None, 'change': True}
2025-11-07 15:14:57,741 : INFO : EventManager : Event: ======'init_phase_5'====== Args={}
2025-11-07 15:14:57,754 : INFO : EventManager : Event: ======'init_done'====== Args={}
2025-11-07 15:14:57,754 : INFO : EventManager : Event: ======'machine_reset_phase_1'====== Args={}
2025-11-07 15:14:57,762 : INFO : EventManager : Event: ======'machine_reset_phase_2'====== Args={}
2025-11-07 15:14:57,763 : INFO : EventManager : Event: ======'machine_reset_phase_3'====== Args={}
2025-11-07 15:14:57,763 : INFO : EventManager : Event: ======'mode_attract_will_start'====== Args={'queue': <QueuedEvent>}
2025-11-07 15:14:57,764 : INFO : EventManager : Event: ======'mode_attract_starting'====== Args={'queue': <QueuedEvent>}
2025-11-07 15:14:57,765 : INFO : Mode.attract : Started. Priority: 10
2025-11-07 15:14:57,765 : INFO : EventManager : Event: ======'modes_active_modes_changed'====== Args={}
2025-11-07 15:14:57,765 : INFO : EventManager : Event: ======'mode_attract_started'====== Args={'queue': <QueuedEvent>}
2025-11-07 15:14:57,765 : INFO : EventManager : Event: ======'godot_attract_on'====== Args={'priority': 0}
2025-11-07 15:14:57,766 : INFO : EventManager : Event: ======'collecting_balls_complete'====== Args={}
2025-11-07 15:14:57,766 : INFO : EventManager : Event: ======'reset_complete'====== Args={}
2025-11-07 15:14:57,780 : INFO : Machine : Starting the main run loop with active modes: [<Mode.attract>]
2025-11-07 15:14:57,796 : INFO : EventManager : Event: ======'slide_attract_created'====== Args={'_from_bcp': True}
2025-11-07 15:14:57,796 : INFO : EventManager : Event: ======'slide__removed'====== Args={'_from_bcp': True}
2025-11-07 15:14:57,797 : INFO : EventManager : Event: ======'slide_attract_active'====== Args={'original_context': 'attract', 'original_calling_context': 'mode_attract_started', 'priority': 10.0, 'queue': '<QueuedEvent>', 'cmd': 'slides_play', '_from_bcp': True}
2025-11-07 15:14:59,447 : INFO : SwitchController : <<<<<<< 's_start_button' active >>>>>>>
2025-11-07 15:14:59,605 : INFO : SwitchController : <<<<<<< 's_start_button' inactive >>>>>>>
2025-11-07 15:14:59,605 : INFO : EventManager : Event: ======'request_to_start_game'====== Args={}
2025-11-07 15:14:59,605 : INFO : EventManager : Event: ======'game_start'====== Args={'buttons': [], 'hold_time': 0.15699999989010394}
2025-11-07 15:14:59,605 : INFO : EventManager : Event: ======'mode_game_will_start'====== Args={'buttons': [], 'hold_time': 0.15699999989010394}
2025-11-07 15:14:59,607 : INFO : EventManager : Event: ======'mode_game_starting'====== Args={'buttons': [], 'hold_time': 0.15699999989010394}
2025-11-07 15:14:59,607 : INFO : Mode.game : Started. Priority: 20
2025-11-07 15:14:59,607 : INFO : EventManager : Event: ======'modes_active_modes_changed'====== Args={}
2025-11-07 15:14:59,607 : INFO : EventManager : Event: ======'mode_game_started'====== Args={'buttons': [], 'hold_time': 0.15699999989010394}
2025-11-07 15:14:59,620 : INFO : EventManager : Event: ======'game_will_start'====== Args={}
2025-11-07 15:14:59,621 : INFO : EventManager : Event: ======'game_starting'====== Args={'game': <Mode.game>}
2025-11-07 15:14:59,621 : INFO : EventManager : Event: ======'mode_attract_will_stop'====== Args={}
2025-11-07 15:14:59,621 : INFO : EventManager : Event: ======'mode_attract_stopping'====== Args={}
2025-11-07 15:14:59,622 : INFO : EventManager : Event: ======'godot_attract_off'====== Args={'priority': 0}
2025-11-07 15:14:59,622 : INFO : EventManager : Unordered handler for class <Auditor> on event game_ended with priority 1. Handlers: [RegisteredHandler(callback=<bound method Auditor.disable of <Auditor>>, priority=1, kwargs={}, key=UUID('1059f6c1-b0a5-43da-8ab8-d5ff688da95d'), condition=None, blocking_facility=None), RegisteredHandler(callback=<bound method Auditor._save_audits of <Auditor>>, priority=1, kwargs={}, key=UUID('1317f915-441c-428b-acdb-cf2f3bc6f3a5'), condition=None, blocking_facility=None)]. The order of those handlers is not defined and they will be executed in random order. This might lead to race conditions and potential bugs.
2025-11-07 15:14:59,622 : INFO : EventManager : Event: ======'godot_attract_off'====== Args={'priority': 0}
2025-11-07 15:14:59,623 : INFO : Mode.attract : Stopped.
2025-11-07 15:14:59,623 : INFO : EventManager : Event: ======'modes_active_modes_changed'====== Args={}
2025-11-07 15:14:59,623 : INFO : EventManager : Event: ======'mode_attract_stopped'====== Args={}
2025-11-07 15:14:59,623 : INFO : EventManager : Event: ======'clear'====== Args={'key': 'attract'}
2025-11-07 15:14:59,623 : INFO : EventManager : Event: ======'player_add_request'====== Args={}
2025-11-07 15:14:59,624 : INFO : EventManager : Event: ======'player_will_add'====== Args={'number': 1}
2025-11-07 15:14:59,624 : INFO : EventManager : Event: ======'player_adding'====== Args={'player': <Player 1>, 'number': 1}
2025-11-07 15:14:59,624 : INFO : EventManager : Event: ======'player_added'====== Args={'player': <Player 1>, 'num': 1}
2025-11-07 15:14:59,624 : INFO : Mode.game : Player added successfully. Total players: 1
2025-11-07 15:14:59,625 : INFO : EventManager : Event: ======'player_index'====== Args={'value': 0, 'prev_value': 0, 'change': 0, 'player_num': 1}
2025-11-07 15:14:59,625 : INFO : EventManager : Event: ======'player_number'====== Args={'value': 1, 'prev_value': 1, 'change': 0, 'player_num': 1}
2025-11-07 15:14:59,625 : INFO : EventManager : Event: ======'player_score'====== Args={'value': 0, 'prev_value': 0, 'change': 0, 'player_num': 1}
2025-11-07 15:14:59,627 : INFO : EventManager : Unordered handler for class <Auditor> on event game_ended with priority 1. Handlers: [RegisteredHandler(callback=<bound method Auditor.disable of <Auditor>>, priority=1, kwargs={}, key=UUID('1059f6c1-b0a5-43da-8ab8-d5ff688da95d'), condition=None, blocking_facility=None), RegisteredHandler(callback=<bound method Auditor._save_audits of <Auditor>>, priority=1, kwargs={}, key=UUID('1317f915-441c-428b-acdb-cf2f3bc6f3a5'), condition=None, blocking_facility=None)]. The order of those handlers is not defined and they will be executed in random order. This might lead to race conditions and potential bugs.
2025-11-07 15:14:59,642 : INFO : EventManager : Event: ======'game_started'====== Args={}
2025-11-07 15:14:59,643 : INFO : EventManager : Event: ======'blink_on'====== Args={'priority': 0}
2025-11-07 15:14:59,651 : INFO : EventManager : Event: ======'player_turn_will_start'====== Args={'player': <Player 1>, 'number': 1}
2025-11-07 15:14:59,657 : INFO : EventManager : Event: ======'player_turn_starting'====== Args={'player': <Player 1>, 'number': 1}
2025-11-07 15:14:59,657 : INFO : EventManager : Event: ======'player_ball'====== Args={'value': 1, 'prev_value': 0, 'change': 1, 'player_num': 1}
2025-11-07 15:14:59,657 : INFO : EventManager : Event: ======'player_turn_started'====== Args={'player': <Player 1>, 'number': 1}
2025-11-07 15:14:59,658 : INFO : EventManager : Event: ======'ball_will_start'====== Args={'player': 1, 'ball': 1, 'balls_remaining': 2, 'is_extra_ball': False}
2025-11-07 15:14:59,663 : INFO : EventManager : Event: ======'ball_starting'====== Args={'player': 1, 'ball': 1, 'balls_remaining': 2, 'is_extra_ball': False}
2025-11-07 15:14:59,663 : INFO : EventManager : Event: ======'mode_base_will_start'====== Args={'queue': <QueuedEvent>, 'player': 1, 'ball': 1, 'balls_remaining': 2, 'is_extra_ball': False}
2025-11-07 15:14:59,663 : INFO : EventManager : Event: ======'player_shot_sh_escape_graveyard_start_enabled'====== Args={'value': False, 'prev_value': 0, 'change': 0, 'player_num': 1}
2025-11-07 15:14:59,664 : INFO : EventManager : Unordered handler for class <Auditor> on event game_ended with priority 1. Handlers: [RegisteredHandler(callback=<bound method Auditor.disable of <Auditor>>, priority=1, kwargs={}, key=UUID('1059f6c1-b0a5-43da-8ab8-d5ff688da95d'), condition=None, blocking_facility=None), RegisteredHandler(callback=<bound method Auditor._save_audits of <Auditor>>, priority=1, kwargs={}, key=UUID('1317f915-441c-428b-acdb-cf2f3bc6f3a5'), condition=None, blocking_facility=None)]. The order of those handlers is not defined and they will be executed in random order. This might lead to race conditions and potential bugs.
2025-11-07 15:14:59,664 : INFO : EventManager : Unordered handler for class <Auditor> on event game_ended with priority 1. Handlers: [RegisteredHandler(callback=<bound method Auditor.disable of <Auditor>>, priority=1, kwargs={}, key=UUID('1059f6c1-b0a5-43da-8ab8-d5ff688da95d'), condition=None, blocking_facility=None), RegisteredHandler(callback=<bound method Auditor._save_audits of <Auditor>>, priority=1, kwargs={}, key=UUID('1317f915-441c-428b-acdb-cf2f3bc6f3a5'), condition=None, blocking_facility=None)]. The order of those handlers is not defined and they will be executed in random order. This might lead to race conditions and potential bugs.
2025-11-07 15:14:59,667 : INFO : EventManager : Event: ======'mode_base_starting'====== Args={'queue': <QueuedEvent>, 'player': 1, 'ball': 1, 'balls_remaining': 2, 'is_extra_ball': False}
2025-11-07 15:14:59,667 : INFO : drop_target_bank.right_bank : All targets are already up. Will not reset bank.
2025-11-07 15:14:59,667 : INFO : drop_target_bank.left_bank : All targets are already up. Will not reset bank.
2025-11-07 15:14:59,668 : INFO : EventManager : Event: ======'balls_in_play'====== Args={'balls': 1}
2025-11-07 15:14:59,668 : INFO : EventManager : Event: ======'ball_started'====== Args={'player': 1, 'ball': 1, 'balls_remaining': 2, 'is_extra_ball': False}
2025-11-07 15:14:59,669 : INFO : EventManager : Event: ======'logicblock_eg_pop_counter_updated'====== Args={'value': 0, 'enabled': True}
2025-11-07 15:14:59,669 : INFO : EventManager : Event: ======'logicblock_eg_pop_counter_updated'====== Args={'value': 0, 'enabled': True}
2025-11-07 15:14:59,669 : INFO : Mode.base : Started. Priority: 50
2025-11-07 15:14:59,669 : INFO : EventManager : Event: ======'modes_active_modes_changed'====== Args={}
2025-11-07 15:14:59,669 : INFO : EventManager : Event: ======'mode_base_started'====== Args={'queue': <QueuedEvent>, 'player': 1, 'ball': 1, 'balls_remaining': 2, 'is_extra_ball': False}
2025-11-07 15:14:59,669 : INFO : EventManager : Event: ======'logicblock_eg_pop_counter_updated'====== Args={'value': 0, 'enabled': True}
2025-11-07 15:14:59,669 : INFO : EventManager : Event: ======'start_firstball_intro'====== Args={'priority': 0}
2025-11-07 15:14:59,671 : INFO : EventManager : Unordered handler for class <Auditor> on event game_ended with priority 1. Handlers: [RegisteredHandler(callback=<bound method Auditor.disable of <Auditor>>, priority=1, kwargs={}, key=UUID('1059f6c1-b0a5-43da-8ab8-d5ff688da95d'), condition=None, blocking_facility=None), RegisteredHandler(callback=<bound method Auditor._save_audits of <Auditor>>, priority=1, kwargs={}, key=UUID('1317f915-441c-428b-acdb-cf2f3bc6f3a5'), condition=None, blocking_facility=None)]. The order of those handlers is not defined and they will be executed in random order. This might lead to race conditions and potential bugs.
2025-11-07 15:14:59,671 : INFO : EventManager : Event: ======'stop_mode_attract'====== Args={'priority': 0}
2025-11-07 15:14:59,672 : INFO : EventManager : Event: ======'mode_attract_will_stop'====== Args={'priority': 0}
2025-11-07 15:14:59,672 : INFO : EventManager : Event: ======'godot_attract_off'====== Args={'priority': 0}
2025-11-07 15:14:59,672 : INFO : EventManager : Event: ======'godot_play_base'====== Args={'priority': 0}
2025-11-07 15:14:59,672 : INFO : EventManager : Event: ======'single_player_ball_started'====== Args={}
2025-11-07 15:14:59,706 : INFO : EventManager : Event: ======'ball_start_target'====== Args={'target': 'playfield'}
2025-11-07 15:14:59,706 : INFO : ball_device.bd_trough : Setting up player-controlled eject. Balls: 1, Target: <playfield.playfield>, player_controlled_eject_event: None
2025-11-07 15:14:59,707 : INFO : ball_device.bd_trough : Adding 1 ball(s) to the eject_queue with target <playfield.playfield>.
2025-11-07 15:14:59,707 : INFO : EventManager : Event: ======'balldevice_balls_available'====== Args={}
2025-11-07 15:14:59,708 : INFO : ball_device.bd_trough : State: waiting_for_target_ready
2025-11-07 15:14:59,708 : INFO : EventManager : Event: ======'balldevice_bd_trough_ball_eject_attempt'====== Args={'balls': 1, 'target': <playfield.playfield>, 'source': <ball_device.bd_trough>, 'mechanical_eject': False, 'num_attempts': 0}
2025-11-07 15:14:59,709 : INFO : ball_device.bd_trough : State: ejecting
2025-11-07 15:14:59,709 : INFO : ball_device.bd_trough : Ejecting ball to <playfield.playfield>
2025-11-07 15:14:59,709 : INFO : EventManager : Event: ======'balldevice_bd_trough_ejecting_ball'====== Args={'balls': 1, 'target': <playfield.playfield>, 'source': <ball_device.bd_trough>, 'mechanical_eject': False, 'num_attempts': 0}
2025-11-07 15:14:59,710 : INFO : ball_device.bd_trough : Wait for ball to leave device
2025-11-07 15:14:59,710 : INFO : coil.c_trough_eject : Pulsing Driver for 40ms (1.0 pulse_power)
2025-11-07 15:14:59,764 : INFO : SwitchController : <<<<<<< 's_trough' inactive >>>>>>>
2025-11-07 15:14:59,771 : INFO : ball_device.bd_trough : State: ball_left
2025-11-07 15:14:59,771 : INFO : ball_device.bd_trough : Ball left
2025-11-07 15:14:59,771 : INFO : ball_device.bd_trough : Wait for confirm with timeout 10.0
2025-11-07 15:14:59,780 : INFO : EventManager : Event: ======'slide_base_created'====== Args={'_from_bcp': True}
2025-11-07 15:14:59,780 : INFO : EventManager : Event: ======'slide_attract_inactive'====== Args={'is_removing': True, '_from_bcp': True}
2025-11-07 15:14:59,780 : INFO : EventManager : Event: ======'slide_base_active'====== Args={'original_context': 'base', 'original_calling_context': 'mode_base_started', 'priority': 50.0, 'queue': '<QueuedEvent>', 'player': 1.0, 'ball': 1.0, 'balls_remaining': 2.0, 'is_extra_ball': False, 'cmd': 'slides_play', '_from_bcp': True}
2025-11-07 15:14:59,781 : INFO : EventManager : Event: ======'slide_attract_removed'====== Args={'_from_bcp': True}
2025-11-07 15:15:00,250 : INFO : EventManager : Event: ======'blink_off'====== Args={'priority': 0}
2025-11-07 15:15:00,841 : INFO : EventManager : Event: ======'blink_on'====== Args={'priority': 0}
2025-11-07 15:15:01,447 : INFO : EventManager : Event: ======'blink_off'====== Args={'priority': 0}
2025-11-07 15:15:01,447 : INFO : EventManager : Unordered handler for class <Auditor> on event game_ended with priority 1. Handlers: [RegisteredHandler(callback=<bound method Auditor.disable of <Auditor>>, priority=1, kwargs={}, key=UUID('1059f6c1-b0a5-43da-8ab8-d5ff688da95d'), condition=None, blocking_facility=None), RegisteredHandler(callback=<bound method Auditor._save_audits of <Auditor>>, priority=1, kwargs={}, key=UUID('1317f915-441c-428b-acdb-cf2f3bc6f3a5'), condition=None, blocking_facility=None)]. The order of those handlers is not defined and they will be executed in random order. This might lead to race conditions and potential bugs.
2025-11-07 15:15:02,037 : INFO : EventManager : Event: ======'blink_on'====== Args={'priority': 0}
2025-11-07 15:15:02,348 : INFO : SwitchController : <<<<<<< 's_left_sling' active >>>>>>>
2025-11-07 15:15:02,348 : INFO : EventManager : Event: ======'s_left_sling_active'====== Args={}
2025-11-07 15:15:02,348 : INFO : EventManager : Event: ======'playfield_active'====== Args={'source': 'ac_left_sling'}
2025-11-07 15:15:02,348 : INFO : EventManager : Event: ======'machine_var_audits_switches_s_left_sling'====== Args={'value': 105, 'prev_value': 104, 'change': 1}
2025-11-07 15:15:02,348 : INFO : EventManager : Event: ======'player_score'====== Args={'value': 10, 'prev_value': 0, 'change': 10, 'player_num': 1, 'source': 'base'}
2025-11-07 15:15:02,363 : INFO : SwitchController : <<<<<<< 's_left_sling' inactive >>>>>>>
2025-11-07 15:15:02,364 : INFO : ball_device.bd_trough : Got eject confirm
2025-11-07 15:15:02,364 : INFO : ball_device.bd_trough : Eject successful
2025-11-07 15:15:02,364 : INFO : EventManager : Event: ======'balldevice_bd_trough_ball_eject_success'====== Args={'balls': 1, 'target': <playfield.playfield>}
2025-11-07 15:15:02,369 : INFO : EventManager : Event: ======'balldevice_playfield_ball_enter'====== Args={'new_balls': 1, 'unclaimed_balls': 1, 'device': <playfield.playfield>}
2025-11-07 15:15:02,369 : INFO : EventManager : Event: ======'playfield_ball_count_change'====== Args={'balls': 1, 'change': 1}
2025-11-07 15:15:02,370 : INFO : EventManager : Event: ======'balldevice_bd_trough_ball_count_changed'====== Args={'balls': 0}
2025-11-07 15:15:02,370 : INFO : ball_device.bd_trough : State: idle
2025-11-07 15:15:02,489 : INFO : SwitchController : <<<<<<< 's_left_sling' active >>>>>>>
2025-11-07 15:15:02,489 : INFO : EventManager : Event: ======'s_left_sling_active'====== Args={}
2025-11-07 15:15:02,489 : INFO : EventManager : Event: ======'machine_var_audits_switches_s_left_sling'====== Args={'value': 106, 'prev_value': 105, 'change': 1}
2025-11-07 15:15:02,489 : INFO : EventManager : Event: ======'player_score'====== Args={'value': 20, 'prev_value': 10, 'change': 10, 'player_num': 1, 'source': 'base'}
2025-11-07 15:15:02,496 : INFO : SwitchController : <<<<<<< 's_left_sling' inactive >>>>>>>
2025-11-07 15:15:02,644 : INFO : EventManager : Event: ======'blink_off'====== Args={'priority': 0}
2025-11-07 15:15:02,644 : INFO : EventManager : Unordered handler for class <Auditor> on event game_ended with priority 1. Handlers: [RegisteredHandler(callback=<bound method Auditor.disable of <Auditor>>, priority=1, kwargs={}, key=UUID('1059f6c1-b0a5-43da-8ab8-d5ff688da95d'), condition=None, blocking_facility=None), RegisteredHandler(callback=<bound method Auditor._save_audits of <Auditor>>, priority=1, kwargs={}, key=UUID('1317f915-441c-428b-acdb-cf2f3bc6f3a5'), condition=None, blocking_facility=None)]. The order of those handlers is not defined and they will be executed in random order. This might lead to race conditions and potential bugs.
2025-11-07 15:15:02,707 : INFO : SwitchController : <<<<<<< 's_right_sling' active >>>>>>>
2025-11-07 15:15:02,707 : INFO : EventManager : Event: ======'s_right_sling_active'====== Args={}
2025-11-07 15:15:02,707 : INFO : EventManager : Event: ======'machine_var_audits_switches_s_right_sling'====== Args={'value': 79, 'prev_value': 78, 'change': 1}
2025-11-07 15:15:02,708 : INFO : EventManager : Event: ======'player_score'====== Args={'value': 30, 'prev_value': 20, 'change': 10, 'player_num': 1, 'source': 'base'}
2025-11-07 15:15:02,709 : INFO : EventManager : Unordered handler for class <Auditor> on event game_ended with priority 1. Handlers: [RegisteredHandler(callback=<bound method Auditor.disable of <Auditor>>, priority=1, kwargs={}, key=UUID('1059f6c1-b0a5-43da-8ab8-d5ff688da95d'), condition=None, blocking_facility=None), RegisteredHandler(callback=<bound method Auditor._save_audits of <Auditor>>, priority=1, kwargs={}, key=UUID('1317f915-441c-428b-acdb-cf2f3bc6f3a5'), condition=None, blocking_facility=None)]. The order of those handlers is not defined and they will be executed in random order. This might lead to race conditions and potential bugs.
2025-11-07 15:15:02,715 : INFO : SwitchController : <<<<<<< 's_right_sling' inactive >>>>>>>
2025-11-07 15:15:02,716 : INFO : EventManager : Unordered handler for class <Auditor> on event game_ended with priority 1. Handlers: [RegisteredHandler(callback=<bound method Auditor.disable of <Auditor>>, priority=1, kwargs={}, key=UUID('1059f6c1-b0a5-43da-8ab8-d5ff688da95d'), condition=None, blocking_facility=None), RegisteredHandler(callback=<bound method Auditor._save_audits of <Auditor>>, priority=1, kwargs={}, key=UUID('1317f915-441c-428b-acdb-cf2f3bc6f3a5'), condition=None, blocking_facility=None)]. The order of those handlers is not defined and they will be executed in random order. This might lead to race conditions and potential bugs.
2025-11-07 15:15:02,785 : INFO : SwitchController : <<<<<<< 's_right_sling' active >>>>>>>
2025-11-07 15:15:02,785 : INFO : EventManager : Event: ======'s_right_sling_active'====== Args={}
2025-11-07 15:15:02,785 : INFO : EventManager : Event: ======'machine_var_audits_switches_s_right_sling'====== Args={'value': 80, 'prev_value': 79, 'change': 1}
2025-11-07 15:15:02,785 : INFO : EventManager : Event: ======'player_score'====== Args={'value': 40, 'prev_value': 30, 'change': 10, 'player_num': 1, 'source': 'base'}
2025-11-07 15:15:02,787 : INFO : EventManager : Unordered handler for class <Auditor> on event game_ended with priority 1. Handlers: [RegisteredHandler(callback=<bound method Auditor.disable of <Auditor>>, priority=1, kwargs={}, key=UUID('1059f6c1-b0a5-43da-8ab8-d5ff688da95d'), condition=None, blocking_facility=None), RegisteredHandler(callback=<bound method Auditor._save_audits of <Auditor>>, priority=1, kwargs={}, key=UUID('1317f915-441c-428b-acdb-cf2f3bc6f3a5'), condition=None, blocking_facility=None)]. The order of those handlers is not defined and they will be executed in random order. This might lead to race conditions and potential bugs.
2025-11-07 15:15:02,794 : INFO : SwitchController : <<<<<<< 's_right_sling' inactive >>>>>>>
2025-11-07 15:15:02,795 : INFO : EventManager : Unordered handler for class <Auditor> on event game_ended with priority 1. Handlers: [RegisteredHandler(callback=<bound method Auditor.disable of <Auditor>>, priority=1, kwargs={}, key=UUID('1059f6c1-b0a5-43da-8ab8-d5ff688da95d'), condition=None, blocking_facility=None), RegisteredHandler(callback=<bound method Auditor._save_audits of <Auditor>>, priority=1, kwargs={}, key=UUID('1317f915-441c-428b-acdb-cf2f3bc6f3a5'), condition=None, blocking_facility=None)]. The order of those handlers is not defined and they will be executed in random order. This might lead to race conditions and potential bugs.
2025-11-07 15:15:02,795 : INFO : EventManager : Unordered handler for class <Auditor> on event game_ended with priority 1. Handlers: [RegisteredHandler(callback=<bound method Auditor.disable of <Auditor>>, priority=1, kwargs={}, key=UUID('1059f6c1-b0a5-43da-8ab8-d5ff688da95d'), condition=None, blocking_facility=None), RegisteredHandler(callback=<bound method Auditor._save_audits of <Auditor>>, priority=1, kwargs={}, key=UUID('1317f915-441c-428b-acdb-cf2f3bc6f3a5'), condition=None, blocking_facility=None)]. The order of those handlers is not defined and they will be executed in random order. This might lead to race conditions and potential bugs.
2025-11-07 15:15:03,237 : INFO : EventManager : Event: ======'blink_on'====== Args={'priority': 0}
2025-11-07 15:15:03,831 : INFO : EventManager : Event: ======'blink_off'====== Args={'priority': 0}
2025-11-07 15:15:03,831 : INFO : EventManager : Unordered handler for class <Auditor> on event game_ended with priority 1. Handlers: [RegisteredHandler(callback=<bound method Auditor.disable of <Auditor>>, priority=1, kwargs={}, key=UUID('1059f6c1-b0a5-43da-8ab8-d5ff688da95d'), condition=None, blocking_facility=None), RegisteredHandler(callback=<bound method Auditor._save_audits of <Auditor>>, priority=1, kwargs={}, key=UUID('1317f915-441c-428b-acdb-cf2f3bc6f3a5'), condition=None, blocking_facility=None)]. The order of those handlers is not defined and they will be executed in random order. This might lead to race conditions and potential bugs.
2025-11-07 15:15:04,440 : INFO : EventManager : Event: ======'blink_on'====== Args={'priority': 0}
2025-11-07 15:15:04,517 : INFO : SwitchController : <<<<<<< 's_left_inlane' active >>>>>>>
2025-11-07 15:15:04,517 : INFO : EventManager : Event: ======'s_left_inlane_active'====== Args={}
2025-11-07 15:15:04,517 : INFO : EventManager : Event: ======'sw_playfield_active'====== Args={}
2025-11-07 15:15:04,517 : INFO : EventManager : Event: ======'machine_var_audits_switches_s_left_inlane'====== Args={'value': 2, 'prev_value': 1, 'change': 1}
2025-11-07 15:15:04,519 : INFO : EventManager : Event: ======'player_score'====== Args={'value': 140, 'prev_value': 40, 'change': 100, 'player_num': 1, 'source': 'base'}
2025-11-07 15:15:04,595 : INFO : SwitchController : <<<<<<< 's_left_inlane' inactive >>>>>>>
2025-11-07 15:15:05,046 : INFO : EventManager : Event: ======'blink_off'====== Args={'priority': 0}
2025-11-07 15:15:05,046 : INFO : EventManager : Unordered handler for class <Auditor> on event game_ended with priority 1. Handlers: [RegisteredHandler(callback=<bound method Auditor.disable of <Auditor>>, priority=1, kwargs={}, key=UUID('1059f6c1-b0a5-43da-8ab8-d5ff688da95d'), condition=None, blocking_facility=None), RegisteredHandler(callback=<bound method Auditor._save_audits of <Auditor>>, priority=1, kwargs={}, key=UUID('1317f915-441c-428b-acdb-cf2f3bc6f3a5'), condition=None, blocking_facility=None)]. The order of those handlers is not defined and they will be executed in random order. This might lead to race conditions and potential bugs.
2025-11-07 15:15:05,644 : INFO : EventManager : Event: ======'blink_on'====== Args={'priority': 0}
2025-11-07 15:15:06,242 : INFO : EventManager : Event: ======'blink_off'====== Args={'priority': 0}
2025-11-07 15:15:06,242 : INFO : EventManager : Unordered handler for class <Auditor> on event game_ended with priority 1. Handlers: [RegisteredHandler(callback=<bound method Auditor.disable of <Auditor>>, priority=1, kwargs={}, key=UUID('1059f6c1-b0a5-43da-8ab8-d5ff688da95d'), condition=None, blocking_facility=None), RegisteredHandler(callback=<bound method Auditor._save_audits of <Auditor>>, priority=1, kwargs={}, key=UUID('1317f915-441c-428b-acdb-cf2f3bc6f3a5'), condition=None, blocking_facility=None)]. The order of those handlers is not defined and they will be executed in random order. This might lead to race conditions and potential bugs.
2025-11-07 15:15:06,831 : INFO : EventManager : Event: ======'blink_on'====== Args={'priority': 0}
2025-11-07 15:15:07,451 : INFO : EventManager : Event: ======'blink_off'====== Args={'priority': 0}
2025-11-07 15:15:07,451 : INFO : EventManager : Unordered handler for class <Auditor> on event game_ended with priority 1. Handlers: [RegisteredHandler(callback=<bound method Auditor.disable of <Auditor>>, priority=1, kwargs={}, key=UUID('1059f6c1-b0a5-43da-8ab8-d5ff688da95d'), condition=None, blocking_facility=None), RegisteredHandler(callback=<bound method Auditor._save_audits of <Auditor>>, priority=1, kwargs={}, key=UUID('1317f915-441c-428b-acdb-cf2f3bc6f3a5'), condition=None, blocking_facility=None)]. The order of those handlers is not defined and they will be executed in random order. This might lead to race conditions and potential bugs.
2025-11-07 15:15:08,044 : INFO : EventManager : Event: ======'blink_on'====== Args={'priority': 0}
2025-11-07 15:15:08,644 : INFO : EventManager : Event: ======'blink_off'====== Args={'priority': 0}
2025-11-07 15:15:08,645 : INFO : EventManager : Unordered handler for class <Auditor> on event game_ended with priority 1. Handlers: [RegisteredHandler(callback=<bound method Auditor.disable of <Auditor>>, priority=1, kwargs={}, key=UUID('1059f6c1-b0a5-43da-8ab8-d5ff688da95d'), condition=None, blocking_facility=None), RegisteredHandler(callback=<bound method Auditor._save_audits of <Auditor>>, priority=1, kwargs={}, key=UUID('1317f915-441c-428b-acdb-cf2f3bc6f3a5'), condition=None, blocking_facility=None)]. The order of those handlers is not defined and they will be executed in random order. This might lead to race conditions and potential bugs.
2025-11-07 15:15:09,230 : INFO : SwitchController : <<<<<<< 's_trough' active >>>>>>>
2025-11-07 15:15:09,230 : INFO : EventManager : Event: ======'machine_var_audits_switches_s_trough'====== Args={'value': 532, 'prev_value': 531, 'change': 1}
2025-11-07 15:15:09,240 : INFO : EventManager : Event: ======'blink_on'====== Args={'priority': 0}
2025-11-07 15:15:09,261 : INFO : SwitchController : <<<<<<< 's_trough' inactive >>>>>>>
2025-11-07 15:15:09,307 : INFO : SwitchController : <<<<<<< 's_trough' active >>>>>>>
2025-11-07 15:15:09,307 : INFO : EventManager : Event: ======'machine_var_audits_switches_s_trough'====== Args={'value': 533, 'prev_value': 532, 'change': 1}
2025-11-07 15:15:09,806 : INFO : EventManager : Event: ======'balldevice_bd_trough_ball_count_changed'====== Args={'balls': 1}
2025-11-07 15:15:09,806 : INFO : ball_device.bd_trough : Received unexpected ball
2025-11-07 15:15:09,806 : INFO : EventManager : Event: ======'balldevice_captured_from_playfield'====== Args={'balls': 1}
2025-11-07 15:15:09,807 : INFO : EventManager : Event: ======'sw_playfield_active'====== Args={'balls': 1}
2025-11-07 15:15:09,807 : INFO : EventManager : Event: ======'playfield_ball_count_change'====== Args={'balls': 0, 'change': -1}
2025-11-07 15:15:09,807 : INFO : EventManager : Event: ======'balldevice_bd_trough_ball_enter'====== Args={'new_balls': 1, 'unclaimed_balls': 1, 'new_available_balls': 1, 'device': <ball_device.bd_trough>}
2025-11-07 15:15:09,807 : INFO : EventManager : Event: ======'ball_drain'====== Args={'device': <ball_device.bd_trough>, 'balls': 1}
2025-11-07 15:15:09,808 : INFO : EventManager : Event: ======'ball_will_end'====== Args={}
2025-11-07 15:15:09,808 : INFO : EventManager : Event: ======'balldevice_balls_available'====== Args={}
2025-11-07 15:15:09,808 : INFO : EventManager : Event: ======'balldevice_bd_trough_ball_entered'====== Args={'new_balls': 1, 'device': <ball_device.bd_trough>}
2025-11-07 15:15:09,810 : INFO : EventManager : Event: ======'ball_ending'====== Args={}
2025-11-07 15:15:09,810 : INFO : EventManager : Event: ======'mode_base_will_stop'====== Args={}
2025-11-07 15:15:09,810 : INFO : EventManager : Event: ======'mode_base_stopping'====== Args={}
2025-11-07 15:15:09,811 : INFO : EventManager : Event: ======'godot_stop_base'====== Args={'priority': 0}
2025-11-07 15:15:09,811 : INFO : Mode.base : Stopped.
2025-11-07 15:15:09,811 : INFO : EventManager : Event: ======'modes_active_modes_changed'====== Args={}
2025-11-07 15:15:09,812 : INFO : EventManager : Event: ======'mode_base_stopped'====== Args={}
2025-11-07 15:15:09,812 : INFO : EventManager : Event: ======'clear'====== Args={'key': 'base'}
2025-11-07 15:15:09,825 : INFO : EventManager : Event: ======'ball_ended'====== Args={}
2025-11-07 15:15:09,826 : INFO : EventManager : Event: ======'player_turn_will_end'====== Args={'player': <Player 1>, 'number': 1}
2025-11-07 15:15:09,831 : INFO : EventManager : Event: ======'player_turn_ending'====== Args={'player': <Player 1>, 'number': 1}
2025-11-07 15:15:09,831 : INFO : EventManager : Event: ======'blink_off'====== Args={'priority': 0}
2025-11-07 15:15:09,832 : INFO : EventManager : Unordered handler for class <Auditor> on event game_ended with priority 1. Handlers: [RegisteredHandler(callback=<bound method Auditor.disable of <Auditor>>, priority=1, kwargs={}, key=UUID('1059f6c1-b0a5-43da-8ab8-d5ff688da95d'), condition=None, blocking_facility=None), RegisteredHandler(callback=<bound method Auditor._save_audits of <Auditor>>, priority=1, kwargs={}, key=UUID('1317f915-441c-428b-acdb-cf2f3bc6f3a5'), condition=None, blocking_facility=None)]. The order of those handlers is not defined and they will be executed in random order. This might lead to race conditions and potential bugs.
2025-11-07 15:15:09,832 : INFO : EventManager : Event: ======'player_turn_ended'====== Args={'player': <Player 1>, 'number': 1}
2025-11-07 15:15:09,833 : INFO : EventManager : Event: ======'player_turn_will_start'====== Args={'player': <Player 1>, 'number': 1}
2025-11-07 15:15:09,833 : INFO : EventManager : Event: ======'player_turn_starting'====== Args={'player': <Player 1>, 'number': 1}
2025-11-07 15:15:09,833 : INFO : EventManager : Event: ======'player_ball'====== Args={'value': 2, 'prev_value': 1, 'change': 1, 'player_num': 1}
2025-11-07 15:15:09,834 : INFO : EventManager : Event: ======'player_turn_started'====== Args={'player': <Player 1>, 'number': 1}
2025-11-07 15:15:09,834 : INFO : EventManager : Event: ======'ball_will_start'====== Args={'player': 1, 'ball': 2, 'balls_remaining': 1, 'is_extra_ball': False}
2025-11-07 15:15:09,839 : INFO : EventManager : Event: ======'ball_starting'====== Args={'player': 1, 'ball': 2, 'balls_remaining': 1, 'is_extra_ball': False}
2025-11-07 15:15:09,840 : INFO : EventManager : Event: ======'mode_base_will_start'====== Args={'queue': <QueuedEvent>, 'player': 1, 'ball': 2, 'balls_remaining': 1, 'is_extra_ball': False}
2025-11-07 15:15:09,840 : INFO : EventManager : Unordered handler for class <Auditor> on event game_ended with priority 1. Handlers: [RegisteredHandler(callback=<bound method Auditor.disable of <Auditor>>, priority=1, kwargs={}, key=UUID('1059f6c1-b0a5-43da-8ab8-d5ff688da95d'), condition=None, blocking_facility=None), RegisteredHandler(callback=<bound method Auditor._save_audits of <Auditor>>, priority=1, kwargs={}, key=UUID('1317f915-441c-428b-acdb-cf2f3bc6f3a5'), condition=None, blocking_facility=None)]. The order of those handlers is not defined and they will be executed in random order. This might lead to race conditions and potential bugs.
2025-11-07 15:15:09,841 : INFO : EventManager : Unordered handler for class <Auditor> on event game_ended with priority 1. Handlers: [RegisteredHandler(callback=<bound method Auditor.disable of <Auditor>>, priority=1, kwargs={}, key=UUID('1059f6c1-b0a5-43da-8ab8-d5ff688da95d'), condition=None, blocking_facility=None), RegisteredHandler(callback=<bound method Auditor._save_audits of <Auditor>>, priority=1, kwargs={}, key=UUID('1317f915-441c-428b-acdb-cf2f3bc6f3a5'), condition=None, blocking_facility=None)]. The order of those handlers is not defined and they will be executed in random order. This might lead to race conditions and potential bugs.
2025-11-07 15:15:09,844 : INFO : EventManager : Event: ======'mode_base_starting'====== Args={'queue': <QueuedEvent>, 'player': 1, 'ball': 2, 'balls_remaining': 1, 'is_extra_ball': False}
2025-11-07 15:15:09,844 : INFO : drop_target_bank.right_bank : All targets are already up. Will not reset bank.
2025-11-07 15:15:09,844 : INFO : drop_target_bank.left_bank : All targets are already up. Will not reset bank.
2025-11-07 15:15:09,844 : INFO : EventManager : Event: ======'balls_in_play'====== Args={'balls': 1}
2025-11-07 15:15:09,845 : INFO : EventManager : Event: ======'ball_started'====== Args={'player': 1, 'ball': 2, 'balls_remaining': 1, 'is_extra_ball': False}
2025-11-07 15:15:09,845 : INFO : EventManager : Event: ======'logicblock_eg_pop_counter_updated'====== Args={'value': 0, 'enabled': True}
2025-11-07 15:15:09,845 : INFO : EventManager : Event: ======'logicblock_eg_pop_counter_updated'====== Args={'value': 0, 'enabled': True}
2025-11-07 15:15:09,845 : INFO : Mode.base : Started. Priority: 50
2025-11-07 15:15:09,845 : INFO : EventManager : Event: ======'modes_active_modes_changed'====== Args={}
2025-11-07 15:15:09,845 : INFO : EventManager : Event: ======'mode_base_started'====== Args={'queue': <QueuedEvent>, 'player': 1, 'ball': 2, 'balls_remaining': 1, 'is_extra_ball': False}
2025-11-07 15:15:09,845 : INFO : EventManager : Event: ======'mode_music_ball_2plus_will_start'====== Args={'player': 1, 'ball': 2, 'balls_remaining': 1, 'is_extra_ball': False}
2025-11-07 15:15:09,845 : INFO : EventManager : Unordered handler for class <Auditor> on event game_ended with priority 1. Handlers: [RegisteredHandler(callback=<bound method Auditor.disable of <Auditor>>, priority=1, kwargs={}, key=UUID('1059f6c1-b0a5-43da-8ab8-d5ff688da95d'), condition=None, blocking_facility=None), RegisteredHandler(callback=<bound method Auditor._save_audits of <Auditor>>, priority=1, kwargs={}, key=UUID('1317f915-441c-428b-acdb-cf2f3bc6f3a5'), condition=None, blocking_facility=None)]. The order of those handlers is not defined and they will be executed in random order. This might lead to race conditions and potential bugs.
2025-11-07 15:15:09,846 : INFO : EventManager : Event: ======'mode_music_ball_2plus_starting'====== Args={'player': 1, 'ball': 2, 'balls_remaining': 1, 'is_extra_ball': False}
2025-11-07 15:15:09,846 : INFO : EventManager : Event: ======'logicblock_eg_pop_counter_updated'====== Args={'value': 0, 'enabled': True}
2025-11-07 15:15:09,846 : INFO : EventManager : Event: ======'start_subsequent_loop'====== Args={'priority': 0}
2025-11-07 15:15:09,847 : INFO : EventManager : Unordered handler for class <Auditor> on event game_ended with priority 1. Handlers: [RegisteredHandler(callback=<bound method Auditor.disable of <Auditor>>, priority=1, kwargs={}, key=UUID('1059f6c1-b0a5-43da-8ab8-d5ff688da95d'), condition=None, blocking_facility=None), RegisteredHandler(callback=<bound method Auditor._save_audits of <Auditor>>, priority=1, kwargs={}, key=UUID('1317f915-441c-428b-acdb-cf2f3bc6f3a5'), condition=None, blocking_facility=None)]. The order of those handlers is not defined and they will be executed in random order. This might lead to race conditions and potential bugs.
2025-11-07 15:15:09,848 : INFO : EventManager : Event: ======'subsequentball_trigger'====== Args={'priority': 0}
2025-11-07 15:15:09,848 : INFO : EventManager : Event: ======'stop_mode_attract'====== Args={'priority': 0}
2025-11-07 15:15:09,848 : INFO : EventManager : Event: ======'mode_attract_will_stop'====== Args={'priority': 0}
2025-11-07 15:15:09,848 : INFO : EventManager : Event: ======'godot_attract_off'====== Args={'priority': 0}
2025-11-07 15:15:09,848 : INFO : EventManager : Event: ======'godot_play_base'====== Args={'priority': 0}
2025-11-07 15:15:09,848 : INFO : EventManager : Event: ======'start_subsequent_loop'====== Args={'priority': 0}
2025-11-07 15:15:09,848 : INFO : EventManager : Event: ======'subsequentball_trigger'====== Args={'priority': 0}
2025-11-07 15:15:09,849 : INFO : Mode.music_ball_2plus : Started. Priority: 60
2025-11-07 15:15:09,849 : INFO : EventManager : Event: ======'modes_active_modes_changed'====== Args={}
2025-11-07 15:15:09,849 : INFO : EventManager : Event: ======'mode_music_ball_2plus_started'====== Args={'player': 1, 'ball': 2, 'balls_remaining': 1, 'is_extra_ball': False}
2025-11-07 15:15:09,849 : INFO : EventManager : Event: ======'single_player_ball_started'====== Args={}
2025-11-07 15:15:09,865 : INFO : EventManager : Event: ======'ball_start_target'====== Args={'target': 'playfield'}
2025-11-07 15:15:09,866 : INFO : EventManager : Event: ======'slide_base_created'====== Args={'_from_bcp': True}
2025-11-07 15:15:09,866 : INFO : EventManager : Event: ======'slide_base_inactive'====== Args={'is_removing': True, '_from_bcp': True}
2025-11-07 15:15:09,866 : INFO : EventManager : Event: ======'slide_base_active'====== Args={'original_context': 'base', 'original_calling_context': 'mode_base_started', 'priority': 50.0, 'queue': '<QueuedEvent>', 'player': 1.0, 'ball': 2.0, 'balls_remaining': 1.0, 'is_extra_ball': False, 'cmd': 'slides_play', '_from_bcp': True}
2025-11-07 15:15:09,866 : INFO : EventManager : Event: ======'slide_base_removed'====== Args={'_from_bcp': True}
2025-11-07 15:15:09,867 : INFO : ball_device.bd_trough : Setting up player-controlled eject. Balls: 1, Target: <playfield.playfield>, player_controlled_eject_event: None
2025-11-07 15:15:09,867 : INFO : ball_device.bd_trough : Adding 1 ball(s) to the eject_queue with target <playfield.playfield>.
2025-11-07 15:15:09,867 : INFO : EventManager : Event: ======'balldevice_balls_available'====== Args={}
2025-11-07 15:15:09,868 : INFO : ball_device.bd_trough : State: waiting_for_target_ready
2025-11-07 15:15:09,868 : INFO : EventManager : Event: ======'balldevice_bd_trough_ball_eject_attempt'====== Args={'balls': 1, 'target': <playfield.playfield>, 'source': <ball_device.bd_trough>, 'mechanical_eject': False, 'num_attempts': 0}
2025-11-07 15:15:09,868 : INFO : ball_device.bd_trough : State: ejecting
2025-11-07 15:15:09,868 : INFO : ball_device.bd_trough : Ejecting ball to <playfield.playfield>
2025-11-07 15:15:09,868 : INFO : EventManager : Event: ======'balldevice_bd_trough_ejecting_ball'====== Args={'balls': 1, 'target': <playfield.playfield>, 'source': <ball_device.bd_trough>, 'mechanical_eject': False, 'num_attempts': 0}
2025-11-07 15:15:09,869 : INFO : ball_device.bd_trough : Wait for ball to leave device
2025-11-07 15:15:09,869 : INFO : coil.c_trough_eject : Pulsing Driver for 40ms (1.0 pulse_power)
2025-11-07 15:15:09,916 : INFO : SwitchController : <<<<<<< 's_trough' inactive >>>>>>>
2025-11-07 15:15:09,924 : INFO : ball_device.bd_trough : State: ball_left
2025-11-07 15:15:09,924 : INFO : ball_device.bd_trough : Ball left
2025-11-07 15:15:09,924 : INFO : ball_device.bd_trough : Wait for confirm with timeout 10.0
2025-11-07 15:15:10,442 : INFO : EventManager : Event: ======'blink_on'====== Args={'priority': 0}
2025-11-07 15:15:10,846 : INFO : EventManager : Event: ======'play_subsequentball'====== Args={'priority': 0}
2025-11-07 15:15:10,846 : INFO : EventManager : Event: ======'zombie3'====== Args={'priority': 0}
2025-11-07 15:15:10,846 : INFO : EventManager : Event: ======'zombie_moan_3'====== Args={'priority': 0}
2025-11-07 15:15:10,846 : INFO : EventManager : Event: ======'subsequentball'====== Args={'priority': 0}
2025-11-07 15:15:11,047 : INFO : EventManager : Event: ======'blink_off'====== Args={'priority': 0}
2025-11-07 15:15:11,047 : INFO : EventManager : Unordered handler for class <Auditor> on event game_ended with priority 1. Handlers: [RegisteredHandler(callback=<bound method Auditor.disable of <Auditor>>, priority=1, kwargs={}, key=UUID('1059f6c1-b0a5-43da-8ab8-d5ff688da95d'), condition=None, blocking_facility=None), RegisteredHandler(callback=<bound method Auditor._save_audits of <Auditor>>, priority=1, kwargs={}, key=UUID('1317f915-441c-428b-acdb-cf2f3bc6f3a5'), condition=None, blocking_facility=None)]. The order of those handlers is not defined and they will be executed in random order. This might lead to race conditions and potential bugs.
2025-11-07 15:15:11,647 : INFO : EventManager : Event: ======'blink_on'====== Args={'priority': 0}
2025-11-07 15:15:12,247 : INFO : EventManager : Event: ======'blink_off'====== Args={'priority': 0}
2025-11-07 15:15:12,247 : INFO : EventManager : Unordered handler for class <Auditor> on event game_ended with priority 1. Handlers: [RegisteredHandler(callback=<bound method Auditor.disable of <Auditor>>, priority=1, kwargs={}, key=UUID('1059f6c1-b0a5-43da-8ab8-d5ff688da95d'), condition=None, blocking_facility=None), RegisteredHandler(callback=<bound method Auditor._save_audits of <Auditor>>, priority=1, kwargs={}, key=UUID('1317f915-441c-428b-acdb-cf2f3bc6f3a5'), condition=None, blocking_facility=None)]. The order of those handlers is not defined and they will be executed in random order. This might lead to race conditions and potential bugs.
2025-11-07 15:15:12,837 : INFO : EventManager : Event: ======'blink_on'====== Args={'priority': 0}
2025-11-07 15:15:12,853 : INFO : EventManager : Event: ======'play_subsequentball'====== Args={'priority': 0}
2025-11-07 15:15:12,853 : INFO : EventManager : Event: ======'zombie3'====== Args={'priority': 0}
2025-11-07 15:15:12,853 : INFO : EventManager : Event: ======'zombie_moan_3'====== Args={'priority': 0}
2025-11-07 15:15:12,853 : INFO : EventManager : Event: ======'subsequentball'====== Args={'priority': 0}
2025-11-07 15:15:13,443 : INFO : EventManager : Event: ======'blink_off'====== Args={'priority': 0}
2025-11-07 15:15:13,443 : INFO : EventManager : Unordered handler for class <Auditor> on event game_ended with priority 1. Handlers: [RegisteredHandler(callback=<bound method Auditor.disable of <Auditor>>, priority=1, kwargs={}, key=UUID('1059f6c1-b0a5-43da-8ab8-d5ff688da95d'), condition=None, blocking_facility=None), RegisteredHandler(callback=<bound method Auditor._save_audits of <Auditor>>, priority=1, kwargs={}, key=UUID('1317f915-441c-428b-acdb-cf2f3bc6f3a5'), condition=None, blocking_facility=None)]. The order of those handlers is not defined and they will be executed in random order. This might lead to race conditions and potential bugs.
2025-11-07 15:15:14,048 : INFO : EventManager : Event: ======'blink_on'====== Args={'priority': 0}
2025-11-07 15:15:14,171 : INFO : Machine : Shutting down...
2025-11-07 15:15:14,172 : INFO : EventManager : Event: ======'shutdown'====== Args={}
2025-11-07 15:15:14,174 : INFO : EventManager : Event: ======'mode_game_will_stop'====== Args={}
2025-11-07 15:15:14,174 : INFO : EventManager : Event: ======'mode_game_stopping'====== Args={}
2025-11-07 15:15:14,176 : INFO : EventManager : Event: ======'mode_base_will_stop'====== Args={}
2025-11-07 15:15:14,176 : INFO : EventManager : Event: ======'mode_base_stopping'====== Args={}
2025-11-07 15:15:14,176 : INFO : EventManager : Event: ======'mode_music_ball_2plus_will_stop'====== Args={}
2025-11-07 15:15:14,176 : INFO : EventManager : Event: ======'mode_music_ball_2plus_stopping'====== Args={}
2025-11-07 15:15:14,176 : INFO : EventManager : Event: ======'godot_stop_base'====== Args={'priority': 0}
2025-11-07 15:15:14,176 : INFO : Mode.music_ball_2plus : Stopped.
2025-11-07 15:15:14,177 : INFO : EventManager : Event: ======'modes_active_modes_changed'====== Args={}
2025-11-07 15:15:14,177 : INFO : EventManager : Event: ======'mode_music_ball_2plus_stopped'====== Args={}
2025-11-07 15:15:14,177 : INFO : EventManager : Event: ======'clear'====== Args={'key': 'music_ball_2plus'}
2025-11-07 15:15:14,177 : INFO : Mode.base : Stopped.
2025-11-07 15:15:14,177 : INFO : EventManager : Event: ======'modes_active_modes_changed'====== Args={}
2025-11-07 15:15:14,177 : INFO : EventManager : Event: ======'mode_base_stopped'====== Args={}
2025-11-07 15:15:14,177 : INFO : EventManager : Event: ======'clear'====== Args={'key': 'base'}
2025-11-07 15:15:14,178 : INFO : Mode.game : Stopped.
2025-11-07 15:15:14,178 : INFO : EventManager : Event: ======'modes_active_modes_changed'====== Args={}
2025-11-07 15:15:14,178 : INFO : EventManager : Event: ======'mode_game_stopped'====== Args={}
2025-11-07 15:15:14,178 : INFO : EventManager : Event: ======'clear'====== Args={'key': 'game'}
2025-11-07 15:15:14,283 : INFO : root : MPF run loop ended.
