2025-11-07 16:53:18,044 : INFO : root : Loading config.
2025-11-07 16:53:18,057 : INFO : YamlMultifileConfigLoader : Machine config file #1: config.yaml
2025-11-07 16:53:18,058 : INFO : ConfigProcessor : Loading config from cache: C:\Users\antho\AppData\Local\Temp\fdca14d0c9d658ab8200d57120800af5.mpf_cache
2025-11-07 16:53:18,332 : INFO : ConfigProcessor : Loading config from cache: C:\Users\antho\AppData\Local\Temp\5dec96b1547c4adf5bdd3d1715e74bc0.mpf_cache
2025-11-07 16:53:18,334 : INFO : ConfigProcessor : Loading config from cache: C:\Users\antho\AppData\Local\Temp\202a5840610e95051f9f473dfa660cc0.mpf_cache
2025-11-07 16:53:18,335 : INFO : ConfigProcessor : Loading config from cache: C:\Users\antho\AppData\Local\Temp\5dec96b1547c4adf5bdd3d1715e74bc0.mpf_cache
2025-11-07 16:53:18,336 : WARNING : ConfigProcessor : Config file in cache changed: C:\Users\antho\nightpin\modes\base\config\base.yaml
2025-11-07 16:53:18,336 : INFO : ConfigProcessor : Loading config from file C:\Users\antho\nightpin\modes\base\config\base.yaml.
2025-11-07 16:53:18,377 : INFO : ConfigProcessor : Loading config: C:\Users\antho\nightpin\modes\base\config\base.yaml
2025-11-07 16:53:18,377 : ERROR : ConfigProcessor : Config section 'slides' is removed in MPF 0.80 and will be ignored.
2025-11-07 16:53:18,379 : INFO : ConfigProcessor : Config file cache created: C:\Users\antho\AppData\Local\Temp\2cd13a2d3f375e00ab01d6d09a85d8e7.mpf_cache
2025-11-07 16:53:18,380 : INFO : ConfigProcessor : Loading config from cache: C:\Users\antho\AppData\Local\Temp\9220b44b97b91972524500b81035d790.mpf_cache
2025-11-07 16:53:18,383 : INFO : ConfigProcessor : Loading config from cache: C:\Users\antho\AppData\Local\Temp\aa919e501ed8450b10d3bb8e37574ac5.mpf_cache
2025-11-07 16:53:18,385 : INFO : ConfigProcessor : Loading config from cache: C:\Users\antho\AppData\Local\Temp\31ee881584fa6fce665a672a4f3f633a.mpf_cache
2025-11-07 16:53:18,386 : INFO : ConfigProcessor : Loading config from cache: C:\Users\antho\AppData\Local\Temp\5e841763ec73085bbf92358fe6afda21.mpf_cache
2025-11-07 16:53:18,387 : INFO : ConfigProcessor : Loading config from cache: C:\Users\antho\AppData\Local\Temp\7f73d12aa9beccac1cbd8c265ccda72e.mpf_cache
2025-11-07 16:53:18,388 : INFO : ConfigProcessor : Loading config from cache: C:\Users\antho\AppData\Local\Temp\a03ebaa9d6d5676c418deb142cb34911.mpf_cache
2025-11-07 16:53:18,389 : INFO : ConfigProcessor : Loading config from cache: C:\Users\antho\AppData\Local\Temp\b17152efa55a24f0424602723f8d3921.mpf_cache
2025-11-07 16:53:18,389 : INFO : ConfigProcessor : Loading config from cache: C:\Users\antho\AppData\Local\Temp\e87fc0e7d2f8a851b5fa3f604e0d0c6e.mpf_cache
2025-11-07 16:53:18,392 : INFO : ConfigProcessor : Loading config from cache: C:\Users\antho\AppData\Local\Temp\196ac76b6cab3a9880804c826cfbcb5c.mpf_cache
2025-11-07 16:53:18,392 : INFO : ConfigProcessor : Loading config from cache: C:\Users\antho\AppData\Local\Temp\55437eb303afaa980597ff60f339a871.mpf_cache
2025-11-07 16:53:18,394 : INFO : ConfigProcessor : Loading config from cache: C:\Users\antho\AppData\Local\Temp\fddc1006228d3387e6d1e46051a3638d.mpf_cache
2025-11-07 16:53:18,395 : INFO : ConfigProcessor : Loading config from cache: C:\Users\antho\AppData\Local\Temp\834292dd7853e12a66732dc89828c828.mpf_cache
2025-11-07 16:53:18,396 : INFO : ConfigProcessor : Loading config from cache: C:\Users\antho\AppData\Local\Temp\46f8fa3e41dfeeb8232af2f03a13b6c4.mpf_cache
2025-11-07 16:53:18,397 : INFO : ConfigProcessor : Loading config from cache: C:\Users\antho\AppData\Local\Temp\c67e9c175da6c060302945929b27b878.mpf_cache
2025-11-07 16:53:18,398 : INFO : ConfigProcessor : Loading config from cache: C:\Users\antho\AppData\Local\Temp\03987edb382fe443ccf68b3f49f06933.mpf_cache
2025-11-07 16:53:18,401 : INFO : Machine : Mission Pinball Framework Core Engine v0.80.0.dev11
2025-11-07 16:53:18,401 : INFO : Machine : Command line arguments: {'no_load_cache': False, 'create_config_cache': True, 'bcp': True, 'configfile': ['config.yaml'], 'force_assets_load': False, 'platform_integration_test': False, 'jsonlogging': False, 'logfile': 'logs\\2025-11-07-16-53-18-mpf-LAPTOP-MPGP6R69.log', 'pause': False, 'production': False, 'text_ui': True, 'loglevel': 15, 'consoleloglevel': 20, 'force_platform': None, 'syslog_address': None, 'full_logfile_path': 'C:\\Users\\antho\\nightpin\\logs\\2025-11-07-16-53-18-mpf-LAPTOP-MPGP6R69.log'}
2025-11-07 16:53:18,401 : INFO : Machine : MPF path: C:\Users\antho\mpf\Lib\site-packages\mpf
2025-11-07 16:53:18,401 : INFO : Machine : Machine path: C:\Users\antho\nightpin
2025-11-07 16:53:18,401 : INFO : Machine : Platform: win32
2025-11-07 16:53:18,401 : INFO : Machine : Python executable location: C:\Users\antho\mpf\Scripts\python.exe
2025-11-07 16:53:18,401 : INFO : Machine : Python version: 3.12.7 (64-bit)
2025-11-07 16:53:18,406 : INFO : Machine : Initializing MPF...
2025-11-07 16:53:19,051 : INFO : lisy : Connecting to com3 at 115200bps
2025-11-07 16:53:19,053 : WARNING : lisy : Could not import terminos (this is ok on windows).
2025-11-07 16:53:19,206 : INFO : EventManager : Event: ======'machine_var_lisy_hardware'====== Args={'value': 'LISY35', 'prev_value': None, 'change': True}
2025-11-07 16:53:19,206 : INFO : EventManager : Event: ======'machine_var_lisy_version'====== Args={'value': '5.26 ', 'prev_value': None, 'change': True}
2025-11-07 16:53:19,207 : INFO : EventManager : Event: ======'machine_var_lisy_api_version'====== Args={'value': b'0.09', 'prev_value': None, 'change': True}
2025-11-07 16:53:20,540 : INFO : EventManager : Event: ======'machine_var_credits_string'====== Args={'value': 'FREE PLAY', 'prev_value': None, 'change': True}
2025-11-07 16:53:20,602 : INFO : EventManager : Event: ======'machine_var_master_volume'====== Args={'value': 0.5, 'prev_value': None, 'change': True}
2025-11-07 16:53:20,602 : INFO : EventManager : Event: ======'machine_var_player1_score'====== Args={'value': 200, 'prev_value': None, 'change': True}
2025-11-07 16:53:20,602 : INFO : EventManager : Event: ======'machine_var_mpf_version'====== Args={'value': 'Mission Pinball Framework v0.80.0.dev11', 'prev_value': None, 'change': True}
2025-11-07 16:53:20,602 : INFO : EventManager : Event: ======'machine_var_mpf_extended_version'====== Args={'value': 'Mission Pinball Framework v0.80.0.dev11, Config version:6, Show version: 6, BCP version:1.1', 'prev_value': None, 'change': True}
2025-11-07 16:53:20,604 : INFO : EventManager : Event: ======'machine_var_python_version'====== Args={'value': '3.12.7', 'prev_value': None, 'change': True}
2025-11-07 16:53:20,842 : INFO : EventManager : Event: ======'machine_var_platform'====== Args={'value': 'Windows-11-10.0.26100-SP0', 'prev_value': None, 'change': True}
2025-11-07 16:53:20,842 : INFO : EventManager : Event: ======'machine_var_platform_system'====== Args={'value': 'Windows', 'prev_value': None, 'change': True}
2025-11-07 16:53:20,842 : INFO : EventManager : Event: ======'machine_var_platform_release'====== Args={'value': '11', 'prev_value': None, 'change': True}
2025-11-07 16:53:20,842 : INFO : EventManager : Event: ======'machine_var_platform_version'====== Args={'value': '10.0.26100', 'prev_value': None, 'change': True}
2025-11-07 16:53:20,842 : INFO : EventManager : Event: ======'machine_var_platform_machine'====== Args={'value': 'AMD64', 'prev_value': None, 'change': True}
2025-11-07 16:53:20,842 : INFO : EventManager : Event: ======'machine_var_log_file_path'====== Args={'value': 'C:\\Users\\antho\\nightpin\\logs\\2025-11-07-16-53-18-mpf-LAPTOP-MPGP6R69.log', 'prev_value': None, 'change': True}
2025-11-07 16:53:20,842 : INFO : EventManager : Event: ======'init_phase_1'====== Args={}
2025-11-07 16:53:20,949 : INFO : EventManager : Event: ======'drop_target_bank_right_bank_up'====== Args={}
2025-11-07 16:53:20,949 : INFO : EventManager : Event: ======'drop_target_bank_left_bank_up'====== Args={}
2025-11-07 16:53:21,048 : INFO : EventManager : Event: ======'init_phase_2'====== Args={}
2025-11-07 16:53:21,070 : INFO : EventManager : Event: ======'bcp_connection_attempt'====== Args={'name': 'local_display', 'host': 'localhost', 'port': 5050}
2025-11-07 16:53:21,075 : INFO : BCPClientSocket : Connecting BCP to 'local_display' at localhost:5050...
2025-11-07 16:53:22,141 : INFO : BCPClientSocket : Connected BCP to 'local_display' localhost:5050
2025-11-07 16:53:22,143 : INFO : EventManager : Event: ======'bcp_clients_connected'====== Args={}
2025-11-07 16:53:22,460 : INFO : ball_device.bd_trough : BCH: Initial count: 0
2025-11-07 16:53:22,461 : INFO : ball_device.bd_trough : State: idle
2025-11-07 16:53:22,462 : INFO : ball_device.bd_saucer : BCH: Initial count: 0
2025-11-07 16:53:22,463 : INFO : ball_device.bd_saucer : State: idle
2025-11-07 16:53:22,516 : INFO : EventManager : Event: ======'init_phase_3'====== Args={}
2025-11-07 16:53:22,532 : INFO : EventManager : Event: ======'init_phase_4'====== Args={}
2025-11-07 16:53:22,534 : INFO : BallController : Initial balls found: 0
2025-11-07 16:53:22,537 : INFO : EventManager : Event: ======'machine_var_audits_events_game_ended'====== Args={'value': 20, 'prev_value': None, 'change': True}
2025-11-07 16:53:22,537 : INFO : EventManager : Event: ======'machine_var_audits_events_game_started'====== Args={'value': 133, 'prev_value': None, 'change': True}
2025-11-07 16:53:22,538 : INFO : EventManager : Event: ======'machine_var_audits_missing_switches_s_coin_right'====== Args={'value': 132, 'prev_value': None, 'change': True}
2025-11-07 16:53:22,538 : INFO : EventManager : Event: ======'machine_var_audits_missing_switches_s_credit_button'====== Args={'value': 105, 'prev_value': None, 'change': True}
2025-11-07 16:53:22,538 : INFO : EventManager : Event: ======'machine_var_audits_missing_switches_s_inlanes'====== Args={'value': 12, 'prev_value': None, 'change': True}
2025-11-07 16:53:22,538 : INFO : EventManager : Event: ======'machine_var_audits_missing_switches_s_left_bank_target_left'====== Args={'value': 3, 'prev_value': None, 'change': True}
2025-11-07 16:53:22,538 : INFO : EventManager : Event: ======'machine_var_audits_missing_switches_s_left_bank_target_middle'====== Args={'value': 3, 'prev_value': None, 'change': True}
2025-11-07 16:53:22,539 : INFO : EventManager : Event: ======'machine_var_audits_missing_switches_s_left_bank_target_right'====== Args={'value': 3, 'prev_value': None, 'change': True}
2025-11-07 16:53:22,539 : INFO : EventManager : Event: ======'machine_var_audits_missing_switches_s_left_inlane'====== Args={'value': 15, 'prev_value': None, 'change': True}
2025-11-07 16:53:22,539 : INFO : EventManager : Event: ======'machine_var_audits_missing_switches_s_left_lower_bumper'====== Args={'value': 3, 'prev_value': None, 'change': True}
2025-11-07 16:53:22,539 : INFO : EventManager : Event: ======'machine_var_audits_missing_switches_s_left_outlane'====== Args={'value': 36, 'prev_value': None, 'change': True}
2025-11-07 16:53:22,540 : INFO : EventManager : Event: ======'machine_var_audits_missing_switches_s_left_outlane_rollover'====== Args={'value': 23, 'prev_value': None, 'change': True}
2025-11-07 16:53:22,540 : INFO : EventManager : Event: ======'machine_var_audits_missing_switches_s_left_pop_bumper'====== Args={'value': 2, 'prev_value': None, 'change': True}
2025-11-07 16:53:22,540 : INFO : EventManager : Event: ======'machine_var_audits_missing_switches_s_left_rollover'====== Args={'value': 39, 'prev_value': None, 'change': True}
2025-11-07 16:53:22,540 : INFO : EventManager : Event: ======'machine_var_audits_missing_switches_s_left_skill_lane'====== Args={'value': 1, 'prev_value': None, 'change': True}
2025-11-07 16:53:22,540 : INFO : EventManager : Event: ======'machine_var_audits_missing_switches_s_left_sling'====== Args={'value': 3, 'prev_value': None, 'change': True}
2025-11-07 16:53:22,540 : INFO : EventManager : Event: ======'machine_var_audits_missing_switches_s_left_upper_bumper'====== Args={'value': 3, 'prev_value': None, 'change': True}
2025-11-07 16:53:22,540 : INFO : EventManager : Event: ======'machine_var_audits_missing_switches_s_middle_pop_bumper'====== Args={'value': 1, 'prev_value': None, 'change': True}
2025-11-07 16:53:22,542 : INFO : EventManager : Event: ======'machine_var_audits_missing_switches_s_middle_rollover'====== Args={'value': 1, 'prev_value': None, 'change': True}
2025-11-07 16:53:22,542 : INFO : EventManager : Event: ======'machine_var_audits_missing_switches_s_middle_skill_lane'====== Args={'value': 1, 'prev_value': None, 'change': True}
2025-11-07 16:53:22,542 : INFO : EventManager : Event: ======'machine_var_audits_missing_switches_s_middle_upper_rollovers'====== Args={'value': 5, 'prev_value': None, 'change': True}
2025-11-07 16:53:22,542 : INFO : EventManager : Event: ======'machine_var_audits_missing_switches_s_outer_skill_lanes'====== Args={'value': 1, 'prev_value': None, 'change': True}
2025-11-07 16:53:22,542 : INFO : EventManager : Event: ======'machine_var_audits_missing_switches_s_right_bank_target_left'====== Args={'value': 1, 'prev_value': None, 'change': True}
2025-11-07 16:53:22,542 : INFO : EventManager : Event: ======'machine_var_audits_missing_switches_s_right_bank_target_middle'====== Args={'value': 1, 'prev_value': None, 'change': True}
2025-11-07 16:53:22,543 : INFO : EventManager : Event: ======'machine_var_audits_missing_switches_s_right_bank_target_right'====== Args={'value': 1, 'prev_value': None, 'change': True}
2025-11-07 16:53:22,543 : INFO : EventManager : Event: ======'machine_var_audits_missing_switches_s_right_outlane'====== Args={'value': 36, 'prev_value': None, 'change': True}
2025-11-07 16:53:22,544 : INFO : EventManager : Event: ======'machine_var_audits_missing_switches_s_right_outlane_rollover'====== Args={'value': 40, 'prev_value': None, 'change': True}
2025-11-07 16:53:22,544 : INFO : EventManager : Event: ======'machine_var_audits_missing_switches_s_right_pop_bumper'====== Args={'value': 1, 'prev_value': None, 'change': True}
2025-11-07 16:53:22,544 : INFO : EventManager : Event: ======'machine_var_audits_missing_switches_s_right_rollover'====== Args={'value': 48, 'prev_value': None, 'change': True}
2025-11-07 16:53:22,544 : INFO : EventManager : Event: ======'machine_var_audits_missing_switches_s_right_skill_lane'====== Args={'value': 1, 'prev_value': None, 'change': True}
2025-11-07 16:53:22,544 : INFO : EventManager : Event: ======'machine_var_audits_missing_switches_s_right_sling'====== Args={'value': 1, 'prev_value': None, 'change': True}
2025-11-07 16:53:22,545 : INFO : EventManager : Event: ======'machine_var_audits_missing_switches_s_rollover_upper'====== Args={'value': 2, 'prev_value': None, 'change': True}
2025-11-07 16:53:22,545 : INFO : EventManager : Event: ======'machine_var_audits_missing_switches_s_saucer'====== Args={'value': 1, 'prev_value': None, 'change': True}
2025-11-07 16:53:22,545 : INFO : EventManager : Event: ======'machine_var_audits_missing_switches_s_slam_tilt'====== Args={'value': 71, 'prev_value': None, 'change': True}
2025-11-07 16:53:22,545 : INFO : EventManager : Event: ======'machine_var_audits_missing_switches_s_spinner'====== Args={'value': 46, 'prev_value': None, 'change': True}
2025-11-07 16:53:22,545 : INFO : EventManager : Event: ======'machine_var_audits_missing_switches_s_stand_up'====== Args={'value': 105, 'prev_value': None, 'change': True}
2025-11-07 16:53:22,546 : INFO : EventManager : Event: ======'machine_var_audits_missing_switches_s_start_button'====== Args={'value': 2, 'prev_value': None, 'change': True}
2025-11-07 16:53:22,546 : INFO : EventManager : Event: ======'machine_var_audits_missing_switches_s_tilt'====== Args={'value': 39, 'prev_value': None, 'change': True}
2025-11-07 16:53:22,546 : INFO : EventManager : Event: ======'machine_var_audits_player_score'====== Args={'value': {'average': 1377, 'top': [5110, 5070, 4300, 4230, 3980, 3410, 2200, 2100, 1300, 1200], 'total': 28}, 'prev_value': None, 'change': True}
2025-11-07 16:53:22,546 : INFO : EventManager : Event: ======'machine_var_audits_shots_my_first_shot'====== Args={'value': 3, 'prev_value': None, 'change': True}
2025-11-07 16:53:22,546 : INFO : EventManager : Event: ======'machine_var_audits_shots_sh_eg_pop_left'====== Args={'value': 8, 'prev_value': None, 'change': True}
2025-11-07 16:53:22,547 : INFO : EventManager : Event: ======'machine_var_audits_shots_sh_eg_pop_middle'====== Args={'value': 8, 'prev_value': None, 'change': True}
2025-11-07 16:53:22,547 : INFO : EventManager : Event: ======'machine_var_audits_shots_sh_eg_pop_right'====== Args={'value': 13, 'prev_value': None, 'change': True}
2025-11-07 16:53:22,547 : INFO : EventManager : Event: ======'machine_var_audits_shots_sh_eg_right_drop_left'====== Args={'value': 4, 'prev_value': None, 'change': True}
2025-11-07 16:53:22,547 : INFO : EventManager : Event: ======'machine_var_audits_shots_sh_eg_right_drop_middle'====== Args={'value': 3, 'prev_value': None, 'change': True}
2025-11-07 16:53:22,548 : INFO : EventManager : Event: ======'machine_var_audits_shots_sh_eg_right_drop_right'====== Args={'value': 3, 'prev_value': None, 'change': True}
2025-11-07 16:53:22,548 : INFO : EventManager : Event: ======'machine_var_audits_shots_sh_eg_spinner'====== Args={'value': 2, 'prev_value': None, 'change': True}
2025-11-07 16:53:22,548 : INFO : EventManager : Event: ======'machine_var_audits_shots_sh_escape_graveyard_start'====== Args={'value': 10, 'prev_value': None, 'change': True}
2025-11-07 16:53:22,548 : INFO : EventManager : Event: ======'machine_var_audits_switches_s_coin_right'====== Args={'value': 1, 'prev_value': None, 'change': True}
2025-11-07 16:53:22,548 : INFO : EventManager : Event: ======'machine_var_audits_switches_s_credit_button'====== Args={'value': 5, 'prev_value': None, 'change': True}
2025-11-07 16:53:22,549 : INFO : EventManager : Event: ======'machine_var_audits_switches_s_inlanes'====== Args={'value': 159, 'prev_value': None, 'change': True}
2025-11-07 16:53:22,549 : INFO : EventManager : Event: ======'machine_var_audits_switches_s_left_bank_target_left'====== Args={'value': 38, 'prev_value': None, 'change': True}
2025-11-07 16:53:22,549 : INFO : EventManager : Event: ======'machine_var_audits_switches_s_left_bank_target_middle'====== Args={'value': 28, 'prev_value': None, 'change': True}
2025-11-07 16:53:22,549 : INFO : EventManager : Event: ======'machine_var_audits_switches_s_left_bank_target_right'====== Args={'value': 28, 'prev_value': None, 'change': True}
2025-11-07 16:53:22,549 : INFO : EventManager : Event: ======'machine_var_audits_switches_s_left_inlane'====== Args={'value': 2, 'prev_value': None, 'change': True}
2025-11-07 16:53:22,550 : INFO : EventManager : Event: ======'machine_var_audits_switches_s_left_lower_bumper'====== Args={'value': 36, 'prev_value': None, 'change': True}
2025-11-07 16:53:22,550 : INFO : EventManager : Event: ======'machine_var_audits_switches_s_left_outlane'====== Args={'value': 1, 'prev_value': None, 'change': True}
2025-11-07 16:53:22,551 : INFO : EventManager : Event: ======'machine_var_audits_switches_s_left_outlane_rollover'====== Args={'value': 23, 'prev_value': None, 'change': True}
2025-11-07 16:53:22,551 : INFO : EventManager : Event: ======'machine_var_audits_switches_s_left_pop_bumper'====== Args={'value': 134, 'prev_value': None, 'change': True}
2025-11-07 16:53:22,551 : INFO : EventManager : Event: ======'machine_var_audits_switches_s_left_rollover'====== Args={'value': 2, 'prev_value': None, 'change': True}
2025-11-07 16:53:22,551 : INFO : EventManager : Event: ======'machine_var_audits_switches_s_left_skill_lane'====== Args={'value': 14, 'prev_value': None, 'change': True}
2025-11-07 16:53:22,551 : INFO : EventManager : Event: ======'machine_var_audits_switches_s_left_sling'====== Args={'value': 113, 'prev_value': None, 'change': True}
2025-11-07 16:53:22,552 : INFO : EventManager : Event: ======'machine_var_audits_switches_s_left_upper_bumper'====== Args={'value': 45, 'prev_value': None, 'change': True}
2025-11-07 16:53:22,552 : INFO : EventManager : Event: ======'machine_var_audits_switches_s_middle_pop_bumper'====== Args={'value': 147, 'prev_value': None, 'change': True}
2025-11-07 16:53:22,552 : INFO : EventManager : Event: ======'machine_var_audits_switches_s_middle_rollover'====== Args={'value': 20, 'prev_value': None, 'change': True}
2025-11-07 16:53:22,552 : INFO : EventManager : Event: ======'machine_var_audits_switches_s_middle_skill_lane'====== Args={'value': 91, 'prev_value': None, 'change': True}
2025-11-07 16:53:22,553 : INFO : EventManager : Event: ======'machine_var_audits_switches_s_middle_upper_rollovers'====== Args={'value': 97, 'prev_value': None, 'change': True}
2025-11-07 16:53:22,553 : INFO : EventManager : Event: ======'machine_var_audits_switches_s_outer_skill_lanes'====== Args={'value': 133, 'prev_value': None, 'change': True}
2025-11-07 16:53:22,553 : INFO : EventManager : Event: ======'machine_var_audits_switches_s_pop_bumper_bottom'====== Args={'value': 6, 'prev_value': None, 'change': True}
2025-11-07 16:53:22,553 : INFO : EventManager : Event: ======'machine_var_audits_switches_s_pop_bumper_left'====== Args={'value': 2, 'prev_value': None, 'change': True}
2025-11-07 16:53:22,553 : INFO : EventManager : Event: ======'machine_var_audits_switches_s_pop_bumper_right'====== Args={'value': 1, 'prev_value': None, 'change': True}
2025-11-07 16:53:22,554 : INFO : EventManager : Event: ======'machine_var_audits_switches_s_right_bank_target_left'====== Args={'value': 60, 'prev_value': None, 'change': True}
2025-11-07 16:53:22,554 : INFO : EventManager : Event: ======'machine_var_audits_switches_s_right_bank_target_middle'====== Args={'value': 46, 'prev_value': None, 'change': True}
2025-11-07 16:53:22,554 : INFO : EventManager : Event: ======'machine_var_audits_switches_s_right_bank_target_right'====== Args={'value': 42, 'prev_value': None, 'change': True}
2025-11-07 16:53:22,554 : INFO : EventManager : Event: ======'machine_var_audits_switches_s_right_inlane'====== Args={'value': 45, 'prev_value': None, 'change': True}
2025-11-07 16:53:22,555 : INFO : EventManager : Event: ======'machine_var_audits_switches_s_right_outlane'====== Args={'value': 1, 'prev_value': None, 'change': True}
2025-11-07 16:53:22,555 : INFO : EventManager : Event: ======'machine_var_audits_switches_s_right_outlane_rollover'====== Args={'value': 6, 'prev_value': None, 'change': True}
2025-11-07 16:53:22,555 : INFO : EventManager : Event: ======'machine_var_audits_switches_s_right_pop_bumper'====== Args={'value': 188, 'prev_value': None, 'change': True}
2025-11-07 16:53:22,555 : INFO : EventManager : Event: ======'machine_var_audits_switches_s_right_rollover'====== Args={'value': 0, 'prev_value': None, 'change': True}
2025-11-07 16:53:22,555 : INFO : EventManager : Event: ======'machine_var_audits_switches_s_right_skill_lane'====== Args={'value': 14, 'prev_value': None, 'change': True}
2025-11-07 16:53:22,555 : INFO : EventManager : Event: ======'machine_var_audits_switches_s_right_sling'====== Args={'value': 89, 'prev_value': None, 'change': True}
2025-11-07 16:53:22,555 : INFO : EventManager : Event: ======'machine_var_audits_switches_s_rollover_upper'====== Args={'value': 4, 'prev_value': None, 'change': True}
2025-11-07 16:53:22,556 : INFO : EventManager : Event: ======'machine_var_audits_switches_s_saucer'====== Args={'value': 112, 'prev_value': None, 'change': True}
2025-11-07 16:53:22,556 : INFO : EventManager : Event: ======'machine_var_audits_switches_s_slam_tilt'====== Args={'value': 6, 'prev_value': None, 'change': True}
2025-11-07 16:53:22,556 : INFO : EventManager : Event: ======'machine_var_audits_switches_s_spinner'====== Args={'value': 430, 'prev_value': None, 'change': True}
2025-11-07 16:53:22,556 : INFO : EventManager : Event: ======'machine_var_audits_switches_s_stand_up'====== Args={'value': 8, 'prev_value': None, 'change': True}
2025-11-07 16:53:22,556 : INFO : EventManager : Event: ======'machine_var_audits_switches_s_start_button'====== Args={'value': 39, 'prev_value': None, 'change': True}
2025-11-07 16:53:22,557 : INFO : EventManager : Event: ======'machine_var_audits_switches_s_tilt'====== Args={'value': 2, 'prev_value': None, 'change': True}
2025-11-07 16:53:22,557 : INFO : EventManager : Event: ======'machine_var_audits_switches_s_trough'====== Args={'value': 578, 'prev_value': None, 'change': True}
2025-11-07 16:53:22,559 : INFO : EventManager : Event: ======'init_phase_5'====== Args={}
2025-11-07 16:53:22,662 : INFO : EventManager : Event: ======'init_done'====== Args={}
2025-11-07 16:53:22,719 : INFO : EventManager : Event: ======'machine_reset_phase_1'====== Args={}
2025-11-07 16:53:22,720 : INFO : SwitchController : <<<<<<< 's_trough' active >>>>>>>
2025-11-07 16:53:22,739 : INFO : SwitchController : <<<<<<< 's_trough' inactive >>>>>>>
2025-11-07 16:53:22,755 : INFO : EventManager : Event: ======'machine_reset_phase_2'====== Args={}
2025-11-07 16:53:22,756 : INFO : SwitchController : <<<<<<< 's_trough' active >>>>>>>
2025-11-07 16:53:22,756 : INFO : EventManager : Event: ======'machine_reset_phase_3'====== Args={}
2025-11-07 16:53:22,768 : INFO : EventManager : Event: ======'mode_attract_will_start'====== Args={'queue': <QueuedEvent>}
2025-11-07 16:53:22,772 : INFO : EventManager : Event: ======'mode_attract_starting'====== Args={'queue': <QueuedEvent>}
2025-11-07 16:53:22,774 : INFO : Mode.attract : Started. Priority: 10
2025-11-07 16:53:22,774 : INFO : EventManager : Event: ======'modes_active_modes_changed'====== Args={}
2025-11-07 16:53:22,774 : INFO : EventManager : Event: ======'mode_attract_started'====== Args={'queue': <QueuedEvent>}
2025-11-07 16:53:22,775 : INFO : EventManager : Event: ======'godot_attract_on'====== Args={'priority': 0}
2025-11-07 16:53:22,776 : INFO : EventManager : Event: ======'collecting_balls_complete'====== Args={}
2025-11-07 16:53:22,776 : INFO : EventManager : Event: ======'reset_complete'====== Args={}
2025-11-07 16:53:22,813 : INFO : Machine : Starting the main run loop with active modes: [<Mode.attract>]
2025-11-07 16:53:22,890 : INFO : EventManager : Event: ======'slide_attract_created'====== Args={'_from_bcp': True}
2025-11-07 16:53:22,891 : INFO : EventManager : Event: ======'slide__removed'====== Args={'_from_bcp': True}
2025-11-07 16:53:22,892 : INFO : EventManager : Event: ======'slide_attract_active'====== Args={'original_context': 'attract', 'original_calling_context': 'mode_attract_started', 'priority': 10.0, 'queue': '<QueuedEvent>', 'cmd': 'slides_play', '_from_bcp': True}
2025-11-07 16:53:23,264 : INFO : EventManager : Event: ======'balldevice_bd_trough_ball_count_changed'====== Args={'balls': 1}
2025-11-07 16:53:23,264 : INFO : ball_device.bd_trough : Received unexpected ball
2025-11-07 16:53:23,264 : INFO : EventManager : Event: ======'balldevice_captured_from_playfield'====== Args={'balls': 1}
2025-11-07 16:53:23,265 : INFO : EventManager : Event: ======'sw_playfield_active'====== Args={'balls': 1}
2025-11-07 16:53:23,265 : INFO : EventManager : Event: ======'playfield_active'====== Args={'source': None}
2025-11-07 16:53:23,266 : INFO : EventManager : Event: ======'unexpected_ball_on_playfield'====== Args={}
2025-11-07 16:53:23,266 : INFO : EventManager : Event: ======'playfield_ball_count_change'====== Args={'balls': -1, 'change': -1}
2025-11-07 16:53:23,268 : INFO : EventManager : Event: ======'balldevice_playfield_ball_enter'====== Args={'new_balls': 1, 'unclaimed_balls': 1, 'device': <playfield.playfield>}
2025-11-07 16:53:23,268 : INFO : EventManager : Event: ======'playfield_ball_count_change'====== Args={'balls': 0, 'change': 1}
2025-11-07 16:53:23,268 : INFO : BallController : Found a new ball which was captured from playfield. Known balls: 1
2025-11-07 16:53:23,268 : INFO : EventManager : Event: ======'found_new_ball'====== Args={}
2025-11-07 16:53:23,268 : INFO : EventManager : Event: ======'balldevice_bd_trough_ball_enter'====== Args={'new_balls': 1, 'unclaimed_balls': 1, 'new_available_balls': 1, 'device': <ball_device.bd_trough>}
2025-11-07 16:53:23,268 : INFO : EventManager : Event: ======'ball_drain'====== Args={'device': <ball_device.bd_trough>, 'balls': 1}
2025-11-07 16:53:23,268 : INFO : EventManager : Event: ======'balldevice_balls_available'====== Args={}
2025-11-07 16:53:23,269 : INFO : EventManager : Event: ======'balldevice_bd_trough_ball_entered'====== Args={'new_balls': 1, 'device': <ball_device.bd_trough>}
2025-11-07 16:53:24,773 : INFO : EventManager : Event: ======'attract_wave_complete'====== Args={'priority': 0}
2025-11-07 16:53:25,007 : INFO : SwitchController : <<<<<<< 's_start_button' active >>>>>>>
2025-11-07 16:53:25,131 : INFO : SwitchController : <<<<<<< 's_start_button' inactive >>>>>>>
2025-11-07 16:53:25,131 : INFO : EventManager : Event: ======'request_to_start_game'====== Args={}
2025-11-07 16:53:25,132 : INFO : EventManager : Event: ======'game_start'====== Args={'buttons': [], 'hold_time': 0.125}
2025-11-07 16:53:25,132 : INFO : EventManager : Event: ======'mode_game_will_start'====== Args={'buttons': [], 'hold_time': 0.125}
2025-11-07 16:53:25,134 : INFO : EventManager : Event: ======'mode_game_starting'====== Args={'buttons': [], 'hold_time': 0.125}
2025-11-07 16:53:25,134 : INFO : Mode.game : Started. Priority: 20
2025-11-07 16:53:25,135 : INFO : EventManager : Event: ======'modes_active_modes_changed'====== Args={}
2025-11-07 16:53:25,135 : INFO : EventManager : Event: ======'mode_game_started'====== Args={'buttons': [], 'hold_time': 0.125}
2025-11-07 16:53:25,172 : INFO : EventManager : Event: ======'game_will_start'====== Args={}
2025-11-07 16:53:25,173 : INFO : EventManager : Event: ======'attract_pulse_complete'====== Args={'priority': 0}
2025-11-07 16:53:25,175 : INFO : EventManager : Event: ======'game_starting'====== Args={'game': <Mode.game>}
2025-11-07 16:53:25,177 : INFO : EventManager : Event: ======'mode_attract_will_stop'====== Args={}
2025-11-07 16:53:25,177 : INFO : EventManager : Event: ======'mode_attract_stopping'====== Args={}
2025-11-07 16:53:25,177 : INFO : EventManager : Event: ======'godot_attract_off'====== Args={'priority': 0}
2025-11-07 16:53:25,178 : INFO : EventManager : Unordered handler for class <Auditor> on event game_ended with priority 1. Handlers: [RegisteredHandler(callback=<bound method Auditor.disable of <Auditor>>, priority=1, kwargs={}, key=UUID('ec714e71-cf1e-415d-befa-5a28f063d3cb'), condition=None, blocking_facility=None), RegisteredHandler(callback=<bound method Auditor._save_audits of <Auditor>>, priority=1, kwargs={}, key=UUID('65d48e54-17c6-4bb1-9284-edd924eea7a6'), condition=None, blocking_facility=None)]. The order of those handlers is not defined and they will be executed in random order. This might lead to race conditions and potential bugs.
2025-11-07 16:53:25,179 : INFO : EventManager : Event: ======'godot_attract_off'====== Args={'priority': 0}
2025-11-07 16:53:25,182 : INFO : Mode.attract : Stopped.
2025-11-07 16:53:25,182 : INFO : EventManager : Event: ======'modes_active_modes_changed'====== Args={}
2025-11-07 16:53:25,182 : INFO : EventManager : Event: ======'mode_attract_stopped'====== Args={}
2025-11-07 16:53:25,182 : INFO : EventManager : Event: ======'clear'====== Args={'key': 'attract'}
2025-11-07 16:53:25,183 : INFO : EventManager : Event: ======'player_add_request'====== Args={}
2025-11-07 16:53:25,184 : INFO : EventManager : Event: ======'player_will_add'====== Args={'number': 1}
2025-11-07 16:53:25,184 : INFO : EventManager : Event: ======'player_adding'====== Args={'player': <Player 1>, 'number': 1}
2025-11-07 16:53:25,184 : INFO : EventManager : Event: ======'player_added'====== Args={'player': <Player 1>, 'num': 1}
2025-11-07 16:53:25,184 : INFO : Mode.game : Player added successfully. Total players: 1
2025-11-07 16:53:25,185 : INFO : EventManager : Event: ======'player_index'====== Args={'value': 0, 'prev_value': 0, 'change': 0, 'player_num': 1}
2025-11-07 16:53:25,187 : INFO : EventManager : Event: ======'player_number'====== Args={'value': 1, 'prev_value': 1, 'change': 0, 'player_num': 1}
2025-11-07 16:53:25,187 : INFO : EventManager : Event: ======'player_score'====== Args={'value': 0, 'prev_value': 0, 'change': 0, 'player_num': 1}
2025-11-07 16:53:25,189 : INFO : EventManager : Unordered handler for class <Auditor> on event game_ended with priority 1. Handlers: [RegisteredHandler(callback=<bound method Auditor.disable of <Auditor>>, priority=1, kwargs={}, key=UUID('ec714e71-cf1e-415d-befa-5a28f063d3cb'), condition=None, blocking_facility=None), RegisteredHandler(callback=<bound method Auditor._save_audits of <Auditor>>, priority=1, kwargs={}, key=UUID('65d48e54-17c6-4bb1-9284-edd924eea7a6'), condition=None, blocking_facility=None)]. The order of those handlers is not defined and they will be executed in random order. This might lead to race conditions and potential bugs.
2025-11-07 16:53:25,235 : INFO : EventManager : Event: ======'game_started'====== Args={}
2025-11-07 16:53:25,236 : INFO : EventManager : Event: ======'blink_on'====== Args={'priority': 0}
2025-11-07 16:53:25,251 : INFO : EventManager : Event: ======'player_turn_will_start'====== Args={'player': <Player 1>, 'number': 1}
2025-11-07 16:53:25,253 : INFO : EventManager : Event: ======'player_turn_starting'====== Args={'player': <Player 1>, 'number': 1}
2025-11-07 16:53:25,254 : INFO : EventManager : Event: ======'player_ball'====== Args={'value': 1, 'prev_value': 0, 'change': 1, 'player_num': 1}
2025-11-07 16:53:25,255 : INFO : EventManager : Event: ======'player_turn_started'====== Args={'player': <Player 1>, 'number': 1}
2025-11-07 16:53:25,256 : INFO : EventManager : Event: ======'ball_will_start'====== Args={'player': 1, 'ball': 1, 'balls_remaining': 2, 'is_extra_ball': False}
2025-11-07 16:53:25,267 : INFO : EventManager : Event: ======'ball_starting'====== Args={'player': 1, 'ball': 1, 'balls_remaining': 2, 'is_extra_ball': False}
2025-11-07 16:53:25,268 : INFO : EventManager : Event: ======'mode_base_will_start'====== Args={'queue': <QueuedEvent>, 'player': 1, 'ball': 1, 'balls_remaining': 2, 'is_extra_ball': False}
2025-11-07 16:53:25,269 : INFO : EventManager : Event: ======'player_shot_sh_escape_graveyard_start_enabled'====== Args={'value': False, 'prev_value': 0, 'change': 0, 'player_num': 1}
2025-11-07 16:53:25,271 : INFO : EventManager : Unordered handler for class <Auditor> on event game_ended with priority 1. Handlers: [RegisteredHandler(callback=<bound method Auditor.disable of <Auditor>>, priority=1, kwargs={}, key=UUID('ec714e71-cf1e-415d-befa-5a28f063d3cb'), condition=None, blocking_facility=None), RegisteredHandler(callback=<bound method Auditor._save_audits of <Auditor>>, priority=1, kwargs={}, key=UUID('65d48e54-17c6-4bb1-9284-edd924eea7a6'), condition=None, blocking_facility=None)]. The order of those handlers is not defined and they will be executed in random order. This might lead to race conditions and potential bugs.
2025-11-07 16:53:25,272 : INFO : EventManager : Unordered handler for class <Auditor> on event game_ended with priority 1. Handlers: [RegisteredHandler(callback=<bound method Auditor.disable of <Auditor>>, priority=1, kwargs={}, key=UUID('ec714e71-cf1e-415d-befa-5a28f063d3cb'), condition=None, blocking_facility=None), RegisteredHandler(callback=<bound method Auditor._save_audits of <Auditor>>, priority=1, kwargs={}, key=UUID('65d48e54-17c6-4bb1-9284-edd924eea7a6'), condition=None, blocking_facility=None)]. The order of those handlers is not defined and they will be executed in random order. This might lead to race conditions and potential bugs.
2025-11-07 16:53:25,280 : INFO : EventManager : Event: ======'mode_base_starting'====== Args={'queue': <QueuedEvent>, 'player': 1, 'ball': 1, 'balls_remaining': 2, 'is_extra_ball': False}
2025-11-07 16:53:25,280 : INFO : drop_target_bank.right_bank : All targets are already up. Will not reset bank.
2025-11-07 16:53:25,280 : INFO : drop_target_bank.left_bank : All targets are already up. Will not reset bank.
2025-11-07 16:53:25,281 : INFO : EventManager : Event: ======'balls_in_play'====== Args={'balls': 1}
2025-11-07 16:53:25,281 : INFO : EventManager : Event: ======'ball_started'====== Args={'player': 1, 'ball': 1, 'balls_remaining': 2, 'is_extra_ball': False}
2025-11-07 16:53:25,282 : INFO : EventManager : Event: ======'logicblock_eg_pop_counter_updated'====== Args={'value': 0, 'enabled': True}
2025-11-07 16:53:25,282 : INFO : EventManager : Event: ======'logicblock_eg_pop_counter_updated'====== Args={'value': 0, 'enabled': True}
2025-11-07 16:53:25,282 : INFO : Mode.base : Started. Priority: 50
2025-11-07 16:53:25,282 : INFO : EventManager : Event: ======'modes_active_modes_changed'====== Args={}
2025-11-07 16:53:25,283 : INFO : EventManager : Event: ======'mode_base_started'====== Args={'queue': <QueuedEvent>, 'player': 1, 'ball': 1, 'balls_remaining': 2, 'is_extra_ball': False}
2025-11-07 16:53:25,283 : INFO : EventManager : Event: ======'logicblock_eg_pop_counter_updated'====== Args={'value': 0, 'enabled': True}
2025-11-07 16:53:25,287 : INFO : EventManager : Unordered handler for class <Auditor> on event game_ended with priority 1. Handlers: [RegisteredHandler(callback=<bound method Auditor.disable of <Auditor>>, priority=1, kwargs={}, key=UUID('ec714e71-cf1e-415d-befa-5a28f063d3cb'), condition=None, blocking_facility=None), RegisteredHandler(callback=<bound method Auditor._save_audits of <Auditor>>, priority=1, kwargs={}, key=UUID('65d48e54-17c6-4bb1-9284-edd924eea7a6'), condition=None, blocking_facility=None)]. The order of those handlers is not defined and they will be executed in random order. This might lead to race conditions and potential bugs.
2025-11-07 16:53:25,290 : INFO : EventManager : Event: ======'stop_mode_attract'====== Args={'priority': 0}
2025-11-07 16:53:25,290 : INFO : EventManager : Event: ======'mode_attract_will_stop'====== Args={'priority': 0}
2025-11-07 16:53:25,291 : INFO : EventManager : Event: ======'godot_attract_off'====== Args={'priority': 0}
2025-11-07 16:53:25,291 : INFO : EventManager : Event: ======'godot_play_base'====== Args={'priority': 0}
2025-11-07 16:53:25,292 : INFO : EventManager : Event: ======'single_player_ball_started'====== Args={}
2025-11-07 16:53:25,327 : INFO : EventManager : Event: ======'ball_start_target'====== Args={'target': 'playfield'}
2025-11-07 16:53:25,328 : INFO : ball_device.bd_trough : Setting up player-controlled eject. Balls: 1, Target: <playfield.playfield>, player_controlled_eject_event: None
2025-11-07 16:53:25,328 : INFO : ball_device.bd_trough : Adding 1 ball(s) to the eject_queue with target <playfield.playfield>.
2025-11-07 16:53:25,329 : INFO : EventManager : Event: ======'balldevice_balls_available'====== Args={}
2025-11-07 16:53:25,331 : INFO : ball_device.bd_trough : State: waiting_for_target_ready
2025-11-07 16:53:25,333 : INFO : EventManager : Event: ======'balldevice_bd_trough_ball_eject_attempt'====== Args={'balls': 1, 'target': <playfield.playfield>, 'source': <ball_device.bd_trough>, 'mechanical_eject': False, 'num_attempts': 0}
2025-11-07 16:53:25,334 : INFO : ball_device.bd_trough : State: ejecting
2025-11-07 16:53:25,335 : INFO : ball_device.bd_trough : Ejecting ball to <playfield.playfield>
2025-11-07 16:53:25,335 : INFO : EventManager : Event: ======'balldevice_bd_trough_ejecting_ball'====== Args={'balls': 1, 'target': <playfield.playfield>, 'source': <ball_device.bd_trough>, 'mechanical_eject': False, 'num_attempts': 0}
2025-11-07 16:53:25,336 : INFO : ball_device.bd_trough : Wait for ball to leave device
2025-11-07 16:53:25,337 : INFO : coil.c_trough_eject : Pulsing Driver for 40ms (1.0 pulse_power)
2025-11-07 16:53:25,396 : INFO : SwitchController : <<<<<<< 's_trough' inactive >>>>>>>
2025-11-07 16:53:25,413 : INFO : ball_device.bd_trough : State: ball_left
2025-11-07 16:53:25,414 : INFO : ball_device.bd_trough : Ball left
2025-11-07 16:53:25,414 : INFO : ball_device.bd_trough : Wait for confirm with timeout 10.0
2025-11-07 16:53:25,492 : INFO : EventManager : Event: ======'slide_base_created'====== Args={'_from_bcp': True}
2025-11-07 16:53:25,494 : INFO : EventManager : Event: ======'slide_attract_inactive'====== Args={'is_removing': True, '_from_bcp': True}
2025-11-07 16:53:25,495 : INFO : EventManager : Event: ======'slide_base_active'====== Args={'original_context': 'base', 'original_calling_context': 'mode_base_started', 'priority': 50.0, 'queue': '<QueuedEvent>', 'player': 1.0, 'ball': 1.0, 'balls_remaining': 2.0, 'is_extra_ball': False, 'cmd': 'slides_play', '_from_bcp': True}
2025-11-07 16:53:25,495 : INFO : EventManager : Event: ======'slide_attract_removed'====== Args={'_from_bcp': True}
2025-11-07 16:53:25,819 : INFO : EventManager : Event: ======'blink_off'====== Args={'priority': 0}
2025-11-07 16:53:26,414 : INFO : EventManager : Event: ======'blink_on'====== Args={'priority': 0}
2025-11-07 16:53:27,018 : INFO : EventManager : Event: ======'blink_off'====== Args={'priority': 0}
2025-11-07 16:53:27,019 : INFO : EventManager : Unordered handler for class <Auditor> on event game_ended with priority 1. Handlers: [RegisteredHandler(callback=<bound method Auditor.disable of <Auditor>>, priority=1, kwargs={}, key=UUID('ec714e71-cf1e-415d-befa-5a28f063d3cb'), condition=None, blocking_facility=None), RegisteredHandler(callback=<bound method Auditor._save_audits of <Auditor>>, priority=1, kwargs={}, key=UUID('65d48e54-17c6-4bb1-9284-edd924eea7a6'), condition=None, blocking_facility=None)]. The order of those handlers is not defined and they will be executed in random order. This might lead to race conditions and potential bugs.
2025-11-07 16:53:27,611 : INFO : EventManager : Event: ======'blink_on'====== Args={'priority': 0}
2025-11-07 16:53:28,030 : INFO : SwitchController : <<<<<<< 's_right_inlane' active >>>>>>>
2025-11-07 16:53:28,030 : INFO : EventManager : Event: ======'s_right_inlane_active'====== Args={}
2025-11-07 16:53:28,032 : INFO : EventManager : Event: ======'sw_playfield_active'====== Args={}
2025-11-07 16:53:28,032 : INFO : EventManager : Event: ======'machine_var_audits_switches_s_right_inlane'====== Args={'value': 46, 'prev_value': 45, 'change': 1}
2025-11-07 16:53:28,034 : INFO : EventManager : Event: ======'player_score'====== Args={'value': 100, 'prev_value': 0, 'change': 100, 'player_num': 1, 'source': 'base'}
2025-11-07 16:53:28,035 : INFO : EventManager : Event: ======'playfield_active'====== Args={'source': None}
2025-11-07 16:53:28,068 : INFO : ball_device.bd_trough : Got eject confirm
2025-11-07 16:53:28,068 : INFO : ball_device.bd_trough : Eject successful
2025-11-07 16:53:28,069 : INFO : EventManager : Event: ======'balldevice_bd_trough_ball_eject_success'====== Args={'balls': 1, 'target': <playfield.playfield>}
2025-11-07 16:53:28,069 : INFO : EventManager : Event: ======'balldevice_playfield_ball_enter'====== Args={'new_balls': 1, 'unclaimed_balls': 1, 'device': <playfield.playfield>}
2025-11-07 16:53:28,069 : INFO : EventManager : Event: ======'playfield_ball_count_change'====== Args={'balls': 1, 'change': 1}
2025-11-07 16:53:28,071 : INFO : EventManager : Event: ======'balldevice_bd_trough_ball_count_changed'====== Args={'balls': 0}
2025-11-07 16:53:28,072 : INFO : ball_device.bd_trough : State: idle
2025-11-07 16:53:28,233 : INFO : EventManager : Event: ======'blink_off'====== Args={'priority': 0}
2025-11-07 16:53:28,235 : INFO : EventManager : Unordered handler for class <Auditor> on event game_ended with priority 1. Handlers: [RegisteredHandler(callback=<bound method Auditor.disable of <Auditor>>, priority=1, kwargs={}, key=UUID('ec714e71-cf1e-415d-befa-5a28f063d3cb'), condition=None, blocking_facility=None), RegisteredHandler(callback=<bound method Auditor._save_audits of <Auditor>>, priority=1, kwargs={}, key=UUID('65d48e54-17c6-4bb1-9284-edd924eea7a6'), condition=None, blocking_facility=None)]. The order of those handlers is not defined and they will be executed in random order. This might lead to race conditions and potential bugs.
2025-11-07 16:53:28,481 : INFO : SwitchController : <<<<<<< 's_right_inlane' inactive >>>>>>>
2025-11-07 16:53:28,825 : INFO : EventManager : Event: ======'blink_on'====== Args={'priority': 0}
2025-11-07 16:53:29,419 : INFO : EventManager : Event: ======'blink_off'====== Args={'priority': 0}
2025-11-07 16:53:29,421 : INFO : EventManager : Unordered handler for class <Auditor> on event game_ended with priority 1. Handlers: [RegisteredHandler(callback=<bound method Auditor.disable of <Auditor>>, priority=1, kwargs={}, key=UUID('ec714e71-cf1e-415d-befa-5a28f063d3cb'), condition=None, blocking_facility=None), RegisteredHandler(callback=<bound method Auditor._save_audits of <Auditor>>, priority=1, kwargs={}, key=UUID('65d48e54-17c6-4bb1-9284-edd924eea7a6'), condition=None, blocking_facility=None)]. The order of those handlers is not defined and they will be executed in random order. This might lead to race conditions and potential bugs.
2025-11-07 16:53:30,028 : INFO : EventManager : Event: ======'blink_on'====== Args={'priority': 0}
2025-11-07 16:53:30,616 : INFO : EventManager : Event: ======'blink_off'====== Args={'priority': 0}
2025-11-07 16:53:30,617 : INFO : EventManager : Unordered handler for class <Auditor> on event game_ended with priority 1. Handlers: [RegisteredHandler(callback=<bound method Auditor.disable of <Auditor>>, priority=1, kwargs={}, key=UUID('ec714e71-cf1e-415d-befa-5a28f063d3cb'), condition=None, blocking_facility=None), RegisteredHandler(callback=<bound method Auditor._save_audits of <Auditor>>, priority=1, kwargs={}, key=UUID('65d48e54-17c6-4bb1-9284-edd924eea7a6'), condition=None, blocking_facility=None)]. The order of those handlers is not defined and they will be executed in random order. This might lead to race conditions and potential bugs.
2025-11-07 16:53:31,224 : INFO : EventManager : Event: ======'blink_on'====== Args={'priority': 0}
2025-11-07 16:53:31,332 : INFO : SwitchController : <<<<<<< 's_trough' active >>>>>>>
2025-11-07 16:53:31,332 : INFO : EventManager : Event: ======'machine_var_audits_switches_s_trough'====== Args={'value': 579, 'prev_value': 578, 'change': 1}
2025-11-07 16:53:31,378 : INFO : SwitchController : <<<<<<< 's_trough' inactive >>>>>>>
2025-11-07 16:53:31,393 : INFO : SwitchController : <<<<<<< 's_trough' active >>>>>>>
2025-11-07 16:53:31,395 : INFO : EventManager : Event: ======'machine_var_audits_switches_s_trough'====== Args={'value': 580, 'prev_value': 579, 'change': 1}
2025-11-07 16:53:31,829 : INFO : EventManager : Event: ======'blink_off'====== Args={'priority': 0}
2025-11-07 16:53:31,830 : INFO : EventManager : Unordered handler for class <Auditor> on event game_ended with priority 1. Handlers: [RegisteredHandler(callback=<bound method Auditor.disable of <Auditor>>, priority=1, kwargs={}, key=UUID('ec714e71-cf1e-415d-befa-5a28f063d3cb'), condition=None, blocking_facility=None), RegisteredHandler(callback=<bound method Auditor._save_audits of <Auditor>>, priority=1, kwargs={}, key=UUID('65d48e54-17c6-4bb1-9284-edd924eea7a6'), condition=None, blocking_facility=None)]. The order of those handlers is not defined and they will be executed in random order. This might lead to race conditions and potential bugs.
2025-11-07 16:53:31,907 : INFO : EventManager : Event: ======'balldevice_bd_trough_ball_count_changed'====== Args={'balls': 1}
2025-11-07 16:53:31,907 : INFO : ball_device.bd_trough : Received unexpected ball
2025-11-07 16:53:31,908 : INFO : EventManager : Event: ======'balldevice_captured_from_playfield'====== Args={'balls': 1}
2025-11-07 16:53:31,909 : INFO : EventManager : Event: ======'sw_playfield_active'====== Args={'balls': 1}
2025-11-07 16:53:31,909 : INFO : EventManager : Event: ======'playfield_ball_count_change'====== Args={'balls': 0, 'change': -1}
2025-11-07 16:53:31,909 : INFO : EventManager : Event: ======'balldevice_bd_trough_ball_enter'====== Args={'new_balls': 1, 'unclaimed_balls': 1, 'new_available_balls': 1, 'device': <ball_device.bd_trough>}
2025-11-07 16:53:31,911 : INFO : EventManager : Event: ======'ball_drain'====== Args={'device': <ball_device.bd_trough>, 'balls': 1}
2025-11-07 16:53:31,912 : INFO : EventManager : Event: ======'ball_will_end'====== Args={}
2025-11-07 16:53:31,913 : INFO : EventManager : Event: ======'balldevice_balls_available'====== Args={}
2025-11-07 16:53:31,913 : INFO : EventManager : Event: ======'balldevice_bd_trough_ball_entered'====== Args={'new_balls': 1, 'device': <ball_device.bd_trough>}
2025-11-07 16:53:31,915 : INFO : EventManager : Event: ======'ball_ending'====== Args={}
2025-11-07 16:53:31,916 : INFO : EventManager : Event: ======'mode_base_will_stop'====== Args={}
2025-11-07 16:53:31,916 : INFO : EventManager : Event: ======'mode_base_stopping'====== Args={}
2025-11-07 16:53:31,916 : INFO : EventManager : Event: ======'godot_stop_base'====== Args={'priority': 0}
2025-11-07 16:53:31,917 : INFO : Mode.base : Stopped.
2025-11-07 16:53:31,917 : INFO : EventManager : Event: ======'modes_active_modes_changed'====== Args={}
2025-11-07 16:53:31,918 : INFO : EventManager : Event: ======'mode_base_stopped'====== Args={}
2025-11-07 16:53:31,918 : INFO : EventManager : Event: ======'clear'====== Args={'key': 'base'}
2025-11-07 16:53:31,951 : INFO : EventManager : Event: ======'ball_ended'====== Args={}
2025-11-07 16:53:31,953 : INFO : EventManager : Event: ======'player_turn_will_end'====== Args={'player': <Player 1>, 'number': 1}
2025-11-07 16:53:31,965 : INFO : EventManager : Event: ======'player_turn_ending'====== Args={'player': <Player 1>, 'number': 1}
2025-11-07 16:53:31,966 : INFO : EventManager : Event: ======'player_turn_ended'====== Args={'player': <Player 1>, 'number': 1}
2025-11-07 16:53:31,967 : INFO : EventManager : Event: ======'player_turn_will_start'====== Args={'player': <Player 1>, 'number': 1}
2025-11-07 16:53:31,968 : INFO : EventManager : Event: ======'player_turn_starting'====== Args={'player': <Player 1>, 'number': 1}
2025-11-07 16:53:31,969 : INFO : EventManager : Event: ======'player_ball'====== Args={'value': 2, 'prev_value': 1, 'change': 1, 'player_num': 1}
2025-11-07 16:53:31,970 : INFO : EventManager : Event: ======'player_turn_started'====== Args={'player': <Player 1>, 'number': 1}
2025-11-07 16:53:31,972 : INFO : EventManager : Event: ======'ball_will_start'====== Args={'player': 1, 'ball': 2, 'balls_remaining': 1, 'is_extra_ball': False}
2025-11-07 16:53:31,984 : INFO : EventManager : Event: ======'ball_starting'====== Args={'player': 1, 'ball': 2, 'balls_remaining': 1, 'is_extra_ball': False}
2025-11-07 16:53:31,984 : INFO : EventManager : Event: ======'mode_base_will_start'====== Args={'queue': <QueuedEvent>, 'player': 1, 'ball': 2, 'balls_remaining': 1, 'is_extra_ball': False}
2025-11-07 16:53:31,986 : INFO : EventManager : Unordered handler for class <Auditor> on event game_ended with priority 1. Handlers: [RegisteredHandler(callback=<bound method Auditor.disable of <Auditor>>, priority=1, kwargs={}, key=UUID('ec714e71-cf1e-415d-befa-5a28f063d3cb'), condition=None, blocking_facility=None), RegisteredHandler(callback=<bound method Auditor._save_audits of <Auditor>>, priority=1, kwargs={}, key=UUID('65d48e54-17c6-4bb1-9284-edd924eea7a6'), condition=None, blocking_facility=None)]. The order of those handlers is not defined and they will be executed in random order. This might lead to race conditions and potential bugs.
2025-11-07 16:53:31,987 : INFO : EventManager : Unordered handler for class <Auditor> on event game_ended with priority 1. Handlers: [RegisteredHandler(callback=<bound method Auditor.disable of <Auditor>>, priority=1, kwargs={}, key=UUID('ec714e71-cf1e-415d-befa-5a28f063d3cb'), condition=None, blocking_facility=None), RegisteredHandler(callback=<bound method Auditor._save_audits of <Auditor>>, priority=1, kwargs={}, key=UUID('65d48e54-17c6-4bb1-9284-edd924eea7a6'), condition=None, blocking_facility=None)]. The order of those handlers is not defined and they will be executed in random order. This might lead to race conditions and potential bugs.
2025-11-07 16:53:31,994 : INFO : EventManager : Event: ======'mode_base_starting'====== Args={'queue': <QueuedEvent>, 'player': 1, 'ball': 2, 'balls_remaining': 1, 'is_extra_ball': False}
2025-11-07 16:53:31,994 : INFO : drop_target_bank.right_bank : All targets are already up. Will not reset bank.
2025-11-07 16:53:31,994 : INFO : drop_target_bank.left_bank : All targets are already up. Will not reset bank.
2025-11-07 16:53:31,995 : INFO : EventManager : Event: ======'balls_in_play'====== Args={'balls': 1}
2025-11-07 16:53:31,995 : INFO : EventManager : Event: ======'ball_started'====== Args={'player': 1, 'ball': 2, 'balls_remaining': 1, 'is_extra_ball': False}
2025-11-07 16:53:31,997 : INFO : EventManager : Event: ======'logicblock_eg_pop_counter_updated'====== Args={'value': 0, 'enabled': True}
2025-11-07 16:53:31,997 : INFO : EventManager : Event: ======'logicblock_eg_pop_counter_updated'====== Args={'value': 0, 'enabled': True}
2025-11-07 16:53:31,998 : INFO : Mode.base : Started. Priority: 50
2025-11-07 16:53:31,998 : INFO : EventManager : Event: ======'modes_active_modes_changed'====== Args={}
2025-11-07 16:53:31,998 : INFO : EventManager : Event: ======'mode_base_started'====== Args={'queue': <QueuedEvent>, 'player': 1, 'ball': 2, 'balls_remaining': 1, 'is_extra_ball': False}
2025-11-07 16:53:31,998 : INFO : EventManager : Event: ======'mode_music_ball_2plus_will_start'====== Args={'player': 1, 'ball': 2, 'balls_remaining': 1, 'is_extra_ball': False}
2025-11-07 16:53:31,999 : INFO : EventManager : Unordered handler for class <Auditor> on event game_ended with priority 1. Handlers: [RegisteredHandler(callback=<bound method Auditor.disable of <Auditor>>, priority=1, kwargs={}, key=UUID('ec714e71-cf1e-415d-befa-5a28f063d3cb'), condition=None, blocking_facility=None), RegisteredHandler(callback=<bound method Auditor._save_audits of <Auditor>>, priority=1, kwargs={}, key=UUID('65d48e54-17c6-4bb1-9284-edd924eea7a6'), condition=None, blocking_facility=None)]. The order of those handlers is not defined and they will be executed in random order. This might lead to race conditions and potential bugs.
2025-11-07 16:53:31,999 : INFO : EventManager : Event: ======'mode_music_ball_2plus_starting'====== Args={'player': 1, 'ball': 2, 'balls_remaining': 1, 'is_extra_ball': False}
2025-11-07 16:53:31,999 : INFO : EventManager : Event: ======'logicblock_eg_pop_counter_updated'====== Args={'value': 0, 'enabled': True}
2025-11-07 16:53:32,004 : INFO : EventManager : Unordered handler for class <Auditor> on event game_ended with priority 1. Handlers: [RegisteredHandler(callback=<bound method Auditor.disable of <Auditor>>, priority=1, kwargs={}, key=UUID('ec714e71-cf1e-415d-befa-5a28f063d3cb'), condition=None, blocking_facility=None), RegisteredHandler(callback=<bound method Auditor._save_audits of <Auditor>>, priority=1, kwargs={}, key=UUID('65d48e54-17c6-4bb1-9284-edd924eea7a6'), condition=None, blocking_facility=None)]. The order of those handlers is not defined and they will be executed in random order. This might lead to race conditions and potential bugs.
2025-11-07 16:53:32,005 : INFO : EventManager : Event: ======'stop_mode_attract'====== Args={'priority': 0}
2025-11-07 16:53:32,005 : INFO : EventManager : Event: ======'mode_attract_will_stop'====== Args={'priority': 0}
2025-11-07 16:53:32,005 : INFO : EventManager : Event: ======'godot_attract_off'====== Args={'priority': 0}
2025-11-07 16:53:32,005 : INFO : EventManager : Event: ======'godot_play_base'====== Args={'priority': 0}
2025-11-07 16:53:32,005 : INFO : Mode.music_ball_2plus : Started. Priority: 60
2025-11-07 16:53:32,006 : INFO : EventManager : Event: ======'modes_active_modes_changed'====== Args={}
2025-11-07 16:53:32,006 : INFO : EventManager : Event: ======'mode_music_ball_2plus_started'====== Args={'player': 1, 'ball': 2, 'balls_remaining': 1, 'is_extra_ball': False}
2025-11-07 16:53:32,008 : INFO : EventManager : Event: ======'single_player_ball_started'====== Args={}
2025-11-07 16:53:32,046 : INFO : EventManager : Event: ======'ball_start_target'====== Args={'target': 'playfield'}
2025-11-07 16:53:32,047 : INFO : ball_device.bd_trough : Setting up player-controlled eject. Balls: 1, Target: <playfield.playfield>, player_controlled_eject_event: None
2025-11-07 16:53:32,047 : INFO : ball_device.bd_trough : Adding 1 ball(s) to the eject_queue with target <playfield.playfield>.
2025-11-07 16:53:32,048 : INFO : EventManager : Event: ======'balldevice_balls_available'====== Args={}
2025-11-07 16:53:32,052 : INFO : ball_device.bd_trough : State: waiting_for_target_ready
2025-11-07 16:53:32,052 : INFO : EventManager : Event: ======'balldevice_bd_trough_ball_eject_attempt'====== Args={'balls': 1, 'target': <playfield.playfield>, 'source': <ball_device.bd_trough>, 'mechanical_eject': False, 'num_attempts': 0}
2025-11-07 16:53:32,053 : INFO : ball_device.bd_trough : State: ejecting
2025-11-07 16:53:32,053 : INFO : ball_device.bd_trough : Ejecting ball to <playfield.playfield>
2025-11-07 16:53:32,053 : INFO : EventManager : Event: ======'balldevice_bd_trough_ejecting_ball'====== Args={'balls': 1, 'target': <playfield.playfield>, 'source': <ball_device.bd_trough>, 'mechanical_eject': False, 'num_attempts': 0}
2025-11-07 16:53:32,055 : INFO : ball_device.bd_trough : Wait for ball to leave device
2025-11-07 16:53:32,055 : INFO : coil.c_trough_eject : Pulsing Driver for 40ms (1.0 pulse_power)
2025-11-07 16:53:32,110 : INFO : SwitchController : <<<<<<< 's_trough' inactive >>>>>>>
2025-11-07 16:53:32,130 : INFO : SwitchController : <<<<<<< 's_trough' active >>>>>>>
2025-11-07 16:53:32,130 : INFO : EventManager : Event: ======'machine_var_audits_switches_s_trough'====== Args={'value': 581, 'prev_value': 580, 'change': 1}
2025-11-07 16:53:32,150 : INFO : ball_device.bd_trough : State: ball_left
2025-11-07 16:53:32,150 : INFO : ball_device.bd_trough : Ball left
2025-11-07 16:53:32,150 : INFO : ball_device.bd_trough : Wait for confirm with timeout 10.0
2025-11-07 16:53:32,151 : INFO : SwitchController : <<<<<<< 's_trough' inactive >>>>>>>
2025-11-07 16:53:32,287 : INFO : EventManager : Event: ======'slide_base_created'====== Args={'_from_bcp': True}
2025-11-07 16:53:32,288 : INFO : EventManager : Event: ======'slide_base_inactive'====== Args={'is_removing': True, '_from_bcp': True}
2025-11-07 16:53:32,288 : INFO : EventManager : Event: ======'slide_base_active'====== Args={'original_context': 'base', 'original_calling_context': 'mode_base_started', 'priority': 50.0, 'queue': '<QueuedEvent>', 'player': 1.0, 'ball': 2.0, 'balls_remaining': 1.0, 'is_extra_ball': False, 'cmd': 'slides_play', '_from_bcp': True}
2025-11-07 16:53:32,289 : INFO : EventManager : Event: ======'slide_base_removed'====== Args={'_from_bcp': True}
2025-11-07 16:53:32,421 : INFO : EventManager : Event: ======'blink_on'====== Args={'priority': 0}
2025-11-07 16:53:33,027 : INFO : EventManager : Event: ======'blink_off'====== Args={'priority': 0}
2025-11-07 16:53:33,029 : INFO : EventManager : Unordered handler for class <Auditor> on event game_ended with priority 1. Handlers: [RegisteredHandler(callback=<bound method Auditor.disable of <Auditor>>, priority=1, kwargs={}, key=UUID('ec714e71-cf1e-415d-befa-5a28f063d3cb'), condition=None, blocking_facility=None), RegisteredHandler(callback=<bound method Auditor._save_audits of <Auditor>>, priority=1, kwargs={}, key=UUID('65d48e54-17c6-4bb1-9284-edd924eea7a6'), condition=None, blocking_facility=None)]. The order of those handlers is not defined and they will be executed in random order. This might lead to race conditions and potential bugs.
2025-11-07 16:53:33,615 : INFO : EventManager : Event: ======'blink_on'====== Args={'priority': 0}
2025-11-07 16:53:34,226 : INFO : EventManager : Event: ======'blink_off'====== Args={'priority': 0}
2025-11-07 16:53:34,227 : INFO : EventManager : Unordered handler for class <Auditor> on event game_ended with priority 1. Handlers: [RegisteredHandler(callback=<bound method Auditor.disable of <Auditor>>, priority=1, kwargs={}, key=UUID('ec714e71-cf1e-415d-befa-5a28f063d3cb'), condition=None, blocking_facility=None), RegisteredHandler(callback=<bound method Auditor._save_audits of <Auditor>>, priority=1, kwargs={}, key=UUID('65d48e54-17c6-4bb1-9284-edd924eea7a6'), condition=None, blocking_facility=None)]. The order of those handlers is not defined and they will be executed in random order. This might lead to race conditions and potential bugs.
2025-11-07 16:53:34,818 : INFO : EventManager : Event: ======'blink_on'====== Args={'priority': 0}
2025-11-07 16:53:35,409 : INFO : EventManager : Event: ======'blink_off'====== Args={'priority': 0}
2025-11-07 16:53:35,411 : INFO : EventManager : Unordered handler for class <Auditor> on event game_ended with priority 1. Handlers: [RegisteredHandler(callback=<bound method Auditor.disable of <Auditor>>, priority=1, kwargs={}, key=UUID('ec714e71-cf1e-415d-befa-5a28f063d3cb'), condition=None, blocking_facility=None), RegisteredHandler(callback=<bound method Auditor._save_audits of <Auditor>>, priority=1, kwargs={}, key=UUID('65d48e54-17c6-4bb1-9284-edd924eea7a6'), condition=None, blocking_facility=None)]. The order of those handlers is not defined and they will be executed in random order. This might lead to race conditions and potential bugs.
2025-11-07 16:53:36,031 : INFO : EventManager : Event: ======'blink_on'====== Args={'priority': 0}
2025-11-07 16:53:36,617 : INFO : EventManager : Event: ======'blink_off'====== Args={'priority': 0}
2025-11-07 16:53:36,619 : INFO : EventManager : Unordered handler for class <Auditor> on event game_ended with priority 1. Handlers: [RegisteredHandler(callback=<bound method Auditor.disable of <Auditor>>, priority=1, kwargs={}, key=UUID('ec714e71-cf1e-415d-befa-5a28f063d3cb'), condition=None, blocking_facility=None), RegisteredHandler(callback=<bound method Auditor._save_audits of <Auditor>>, priority=1, kwargs={}, key=UUID('65d48e54-17c6-4bb1-9284-edd924eea7a6'), condition=None, blocking_facility=None)]. The order of those handlers is not defined and they will be executed in random order. This might lead to race conditions and potential bugs.
2025-11-07 16:53:37,226 : INFO : EventManager : Event: ======'blink_on'====== Args={'priority': 0}
2025-11-07 16:53:37,815 : INFO : EventManager : Event: ======'blink_off'====== Args={'priority': 0}
2025-11-07 16:53:37,816 : INFO : EventManager : Unordered handler for class <Auditor> on event game_ended with priority 1. Handlers: [RegisteredHandler(callback=<bound method Auditor.disable of <Auditor>>, priority=1, kwargs={}, key=UUID('ec714e71-cf1e-415d-befa-5a28f063d3cb'), condition=None, blocking_facility=None), RegisteredHandler(callback=<bound method Auditor._save_audits of <Auditor>>, priority=1, kwargs={}, key=UUID('65d48e54-17c6-4bb1-9284-edd924eea7a6'), condition=None, blocking_facility=None)]. The order of those handlers is not defined and they will be executed in random order. This might lead to race conditions and potential bugs.
2025-11-07 16:53:38,423 : INFO : EventManager : Event: ======'blink_on'====== Args={'priority': 0}
2025-11-07 16:53:39,027 : INFO : EventManager : Event: ======'blink_off'====== Args={'priority': 0}
2025-11-07 16:53:39,028 : INFO : EventManager : Unordered handler for class <Auditor> on event game_ended with priority 1. Handlers: [RegisteredHandler(callback=<bound method Auditor.disable of <Auditor>>, priority=1, kwargs={}, key=UUID('ec714e71-cf1e-415d-befa-5a28f063d3cb'), condition=None, blocking_facility=None), RegisteredHandler(callback=<bound method Auditor._save_audits of <Auditor>>, priority=1, kwargs={}, key=UUID('65d48e54-17c6-4bb1-9284-edd924eea7a6'), condition=None, blocking_facility=None)]. The order of those handlers is not defined and they will be executed in random order. This might lead to race conditions and potential bugs.
2025-11-07 16:53:39,137 : INFO : SwitchController : <<<<<<< 's_right_inlane' active >>>>>>>
2025-11-07 16:53:39,137 : INFO : EventManager : Event: ======'s_right_inlane_active'====== Args={}
2025-11-07 16:53:39,137 : INFO : EventManager : Event: ======'sw_playfield_active'====== Args={}
2025-11-07 16:53:39,137 : INFO : EventManager : Event: ======'machine_var_audits_switches_s_right_inlane'====== Args={'value': 47, 'prev_value': 46, 'change': 1}
2025-11-07 16:53:39,139 : INFO : EventManager : Event: ======'player_score'====== Args={'value': 200, 'prev_value': 100, 'change': 100, 'player_num': 1, 'source': 'base'}
2025-11-07 16:53:39,142 : INFO : EventManager : Unordered handler for class <Auditor> on event game_ended with priority 1. Handlers: [RegisteredHandler(callback=<bound method Auditor.disable of <Auditor>>, priority=1, kwargs={}, key=UUID('ec714e71-cf1e-415d-befa-5a28f063d3cb'), condition=None, blocking_facility=None), RegisteredHandler(callback=<bound method Auditor._save_audits of <Auditor>>, priority=1, kwargs={}, key=UUID('65d48e54-17c6-4bb1-9284-edd924eea7a6'), condition=None, blocking_facility=None)]. The order of those handlers is not defined and they will be executed in random order. This might lead to race conditions and potential bugs.
2025-11-07 16:53:39,143 : INFO : EventManager : Event: ======'playfield_active'====== Args={'source': None}
2025-11-07 16:53:39,170 : INFO : EventManager : Unordered handler for class <Auditor> on event game_ended with priority 1. Handlers: [RegisteredHandler(callback=<bound method Auditor.disable of <Auditor>>, priority=1, kwargs={}, key=UUID('ec714e71-cf1e-415d-befa-5a28f063d3cb'), condition=None, blocking_facility=None), RegisteredHandler(callback=<bound method Auditor._save_audits of <Auditor>>, priority=1, kwargs={}, key=UUID('65d48e54-17c6-4bb1-9284-edd924eea7a6'), condition=None, blocking_facility=None)]. The order of those handlers is not defined and they will be executed in random order. This might lead to race conditions and potential bugs.
2025-11-07 16:53:39,172 : INFO : EventManager : Unordered handler for class <Auditor> on event game_ended with priority 1. Handlers: [RegisteredHandler(callback=<bound method Auditor.disable of <Auditor>>, priority=1, kwargs={}, key=UUID('ec714e71-cf1e-415d-befa-5a28f063d3cb'), condition=None, blocking_facility=None), RegisteredHandler(callback=<bound method Auditor._save_audits of <Auditor>>, priority=1, kwargs={}, key=UUID('65d48e54-17c6-4bb1-9284-edd924eea7a6'), condition=None, blocking_facility=None)]. The order of those handlers is not defined and they will be executed in random order. This might lead to race conditions and potential bugs.
2025-11-07 16:53:39,174 : INFO : EventManager : Unordered handler for class <Auditor> on event game_ended with priority 1. Handlers: [RegisteredHandler(callback=<bound method Auditor.disable of <Auditor>>, priority=1, kwargs={}, key=UUID('ec714e71-cf1e-415d-befa-5a28f063d3cb'), condition=None, blocking_facility=None), RegisteredHandler(callback=<bound method Auditor._save_audits of <Auditor>>, priority=1, kwargs={}, key=UUID('65d48e54-17c6-4bb1-9284-edd924eea7a6'), condition=None, blocking_facility=None)]. The order of those handlers is not defined and they will be executed in random order. This might lead to race conditions and potential bugs.
2025-11-07 16:53:39,175 : INFO : EventManager : Unordered handler for class <Auditor> on event game_ended with priority 1. Handlers: [RegisteredHandler(callback=<bound method Auditor.disable of <Auditor>>, priority=1, kwargs={}, key=UUID('ec714e71-cf1e-415d-befa-5a28f063d3cb'), condition=None, blocking_facility=None), RegisteredHandler(callback=<bound method Auditor._save_audits of <Auditor>>, priority=1, kwargs={}, key=UUID('65d48e54-17c6-4bb1-9284-edd924eea7a6'), condition=None, blocking_facility=None)]. The order of those handlers is not defined and they will be executed in random order. This might lead to race conditions and potential bugs.
2025-11-07 16:53:39,175 : INFO : EventManager : Unordered handler for class <Auditor> on event game_ended with priority 1. Handlers: [RegisteredHandler(callback=<bound method Auditor.disable of <Auditor>>, priority=1, kwargs={}, key=UUID('ec714e71-cf1e-415d-befa-5a28f063d3cb'), condition=None, blocking_facility=None), RegisteredHandler(callback=<bound method Auditor._save_audits of <Auditor>>, priority=1, kwargs={}, key=UUID('65d48e54-17c6-4bb1-9284-edd924eea7a6'), condition=None, blocking_facility=None)]. The order of those handlers is not defined and they will be executed in random order. This might lead to race conditions and potential bugs.
2025-11-07 16:53:39,176 : INFO : EventManager : Unordered handler for class <Auditor> on event game_ended with priority 1. Handlers: [RegisteredHandler(callback=<bound method Auditor.disable of <Auditor>>, priority=1, kwargs={}, key=UUID('ec714e71-cf1e-415d-befa-5a28f063d3cb'), condition=None, blocking_facility=None), RegisteredHandler(callback=<bound method Auditor._save_audits of <Auditor>>, priority=1, kwargs={}, key=UUID('65d48e54-17c6-4bb1-9284-edd924eea7a6'), condition=None, blocking_facility=None)]. The order of those handlers is not defined and they will be executed in random order. This might lead to race conditions and potential bugs.
2025-11-07 16:53:39,177 : INFO : EventManager : Unordered handler for class <Auditor> on event game_ended with priority 1. Handlers: [RegisteredHandler(callback=<bound method Auditor.disable of <Auditor>>, priority=1, kwargs={}, key=UUID('ec714e71-cf1e-415d-befa-5a28f063d3cb'), condition=None, blocking_facility=None), RegisteredHandler(callback=<bound method Auditor._save_audits of <Auditor>>, priority=1, kwargs={}, key=UUID('65d48e54-17c6-4bb1-9284-edd924eea7a6'), condition=None, blocking_facility=None)]. The order of those handlers is not defined and they will be executed in random order. This might lead to race conditions and potential bugs.
2025-11-07 16:53:39,178 : INFO : EventManager : Unordered handler for class <Auditor> on event game_ended with priority 1. Handlers: [RegisteredHandler(callback=<bound method Auditor.disable of <Auditor>>, priority=1, kwargs={}, key=UUID('ec714e71-cf1e-415d-befa-5a28f063d3cb'), condition=None, blocking_facility=None), RegisteredHandler(callback=<bound method Auditor._save_audits of <Auditor>>, priority=1, kwargs={}, key=UUID('65d48e54-17c6-4bb1-9284-edd924eea7a6'), condition=None, blocking_facility=None)]. The order of those handlers is not defined and they will be executed in random order. This might lead to race conditions and potential bugs.
2025-11-07 16:53:39,179 : INFO : EventManager : Unordered handler for class <Auditor> on event game_ended with priority 1. Handlers: [RegisteredHandler(callback=<bound method Auditor.disable of <Auditor>>, priority=1, kwargs={}, key=UUID('ec714e71-cf1e-415d-befa-5a28f063d3cb'), condition=None, blocking_facility=None), RegisteredHandler(callback=<bound method Auditor._save_audits of <Auditor>>, priority=1, kwargs={}, key=UUID('65d48e54-17c6-4bb1-9284-edd924eea7a6'), condition=None, blocking_facility=None)]. The order of those handlers is not defined and they will be executed in random order. This might lead to race conditions and potential bugs.
2025-11-07 16:53:39,181 : INFO : EventManager : Unordered handler for class <Auditor> on event game_ended with priority 1. Handlers: [RegisteredHandler(callback=<bound method Auditor.disable of <Auditor>>, priority=1, kwargs={}, key=UUID('ec714e71-cf1e-415d-befa-5a28f063d3cb'), condition=None, blocking_facility=None), RegisteredHandler(callback=<bound method Auditor._save_audits of <Auditor>>, priority=1, kwargs={}, key=UUID('65d48e54-17c6-4bb1-9284-edd924eea7a6'), condition=None, blocking_facility=None)]. The order of those handlers is not defined and they will be executed in random order. This might lead to race conditions and potential bugs.
2025-11-07 16:53:39,183 : INFO : EventManager : Unordered handler for class <Auditor> on event game_ended with priority 1. Handlers: [RegisteredHandler(callback=<bound method Auditor.disable of <Auditor>>, priority=1, kwargs={}, key=UUID('ec714e71-cf1e-415d-befa-5a28f063d3cb'), condition=None, blocking_facility=None), RegisteredHandler(callback=<bound method Auditor._save_audits of <Auditor>>, priority=1, kwargs={}, key=UUID('65d48e54-17c6-4bb1-9284-edd924eea7a6'), condition=None, blocking_facility=None)]. The order of those handlers is not defined and they will be executed in random order. This might lead to race conditions and potential bugs.
2025-11-07 16:53:39,183 : INFO : ball_device.bd_trough : Got eject confirm
2025-11-07 16:53:39,184 : INFO : ball_device.bd_trough : Eject successful
2025-11-07 16:53:39,184 : INFO : EventManager : Event: ======'balldevice_bd_trough_ball_eject_success'====== Args={'balls': 1, 'target': <playfield.playfield>}
2025-11-07 16:53:39,185 : INFO : EventManager : Event: ======'balldevice_playfield_ball_enter'====== Args={'new_balls': 1, 'unclaimed_balls': 1, 'device': <playfield.playfield>}
2025-11-07 16:53:39,185 : INFO : EventManager : Event: ======'playfield_ball_count_change'====== Args={'balls': 1, 'change': 1}
2025-11-07 16:53:39,186 : INFO : EventManager : Event: ======'balldevice_bd_trough_ball_count_changed'====== Args={'balls': 0}
2025-11-07 16:53:39,186 : INFO : ball_device.bd_trough : State: idle
2025-11-07 16:53:39,477 : INFO : SwitchController : <<<<<<< 's_right_inlane' inactive >>>>>>>
2025-11-07 16:53:39,638 : INFO : EventManager : Event: ======'blink_on'====== Args={'priority': 0}
2025-11-07 16:53:40,220 : INFO : EventManager : Event: ======'blink_off'====== Args={'priority': 0}
2025-11-07 16:53:40,222 : INFO : EventManager : Unordered handler for class <Auditor> on event game_ended with priority 1. Handlers: [RegisteredHandler(callback=<bound method Auditor.disable of <Auditor>>, priority=1, kwargs={}, key=UUID('ec714e71-cf1e-415d-befa-5a28f063d3cb'), condition=None, blocking_facility=None), RegisteredHandler(callback=<bound method Auditor._save_audits of <Auditor>>, priority=1, kwargs={}, key=UUID('65d48e54-17c6-4bb1-9284-edd924eea7a6'), condition=None, blocking_facility=None)]. The order of those handlers is not defined and they will be executed in random order. This might lead to race conditions and potential bugs.
2025-11-07 16:53:40,749 : INFO : SwitchController : <<<<<<< 's_trough' active >>>>>>>
2025-11-07 16:53:40,749 : INFO : EventManager : Event: ======'machine_var_audits_switches_s_trough'====== Args={'value': 582, 'prev_value': 581, 'change': 1}
2025-11-07 16:53:40,777 : INFO : SwitchController : <<<<<<< 's_trough' inactive >>>>>>>
2025-11-07 16:53:40,811 : INFO : SwitchController : <<<<<<< 's_trough' active >>>>>>>
2025-11-07 16:53:40,812 : INFO : EventManager : Event: ======'machine_var_audits_switches_s_trough'====== Args={'value': 583, 'prev_value': 582, 'change': 1}
2025-11-07 16:53:40,827 : INFO : EventManager : Event: ======'blink_on'====== Args={'priority': 0}
2025-11-07 16:53:41,307 : INFO : EventManager : Event: ======'balldevice_bd_trough_ball_count_changed'====== Args={'balls': 1}
2025-11-07 16:53:41,307 : INFO : ball_device.bd_trough : Received unexpected ball
2025-11-07 16:53:41,307 : INFO : EventManager : Event: ======'balldevice_captured_from_playfield'====== Args={'balls': 1}
2025-11-07 16:53:41,308 : INFO : EventManager : Event: ======'sw_playfield_active'====== Args={'balls': 1}
2025-11-07 16:53:41,308 : INFO : EventManager : Event: ======'playfield_ball_count_change'====== Args={'balls': 0, 'change': -1}
2025-11-07 16:53:41,309 : INFO : EventManager : Event: ======'balldevice_bd_trough_ball_enter'====== Args={'new_balls': 1, 'unclaimed_balls': 1, 'new_available_balls': 1, 'device': <ball_device.bd_trough>}
2025-11-07 16:53:41,309 : INFO : EventManager : Event: ======'ball_drain'====== Args={'device': <ball_device.bd_trough>, 'balls': 1}
2025-11-07 16:53:41,311 : INFO : EventManager : Event: ======'ball_will_end'====== Args={}
2025-11-07 16:53:41,311 : INFO : EventManager : Event: ======'balldevice_balls_available'====== Args={}
2025-11-07 16:53:41,311 : INFO : EventManager : Event: ======'balldevice_bd_trough_ball_entered'====== Args={'new_balls': 1, 'device': <ball_device.bd_trough>}
2025-11-07 16:53:41,311 : INFO : EventManager : Event: ======'mode_music_ball_2plus_will_stop'====== Args={}
2025-11-07 16:53:41,312 : INFO : EventManager : Event: ======'mode_music_ball_2plus_stopping'====== Args={}
2025-11-07 16:53:41,313 : INFO : Mode.music_ball_2plus : Stopped.
2025-11-07 16:53:41,313 : INFO : EventManager : Event: ======'modes_active_modes_changed'====== Args={}
2025-11-07 16:53:41,313 : INFO : EventManager : Event: ======'mode_music_ball_2plus_stopped'====== Args={}
2025-11-07 16:53:41,313 : INFO : EventManager : Event: ======'clear'====== Args={'key': 'music_ball_2plus'}
2025-11-07 16:53:41,315 : INFO : EventManager : Event: ======'ball_ending'====== Args={}
2025-11-07 16:53:41,366 : INFO : EventManager : Event: ======'mode_base_will_stop'====== Args={}
2025-11-07 16:53:41,366 : INFO : EventManager : Event: ======'mode_base_stopping'====== Args={}
2025-11-07 16:53:41,368 : INFO : EventManager : Event: ======'godot_stop_base'====== Args={'priority': 0}
2025-11-07 16:53:41,370 : INFO : Mode.base : Stopped.
2025-11-07 16:53:41,370 : INFO : EventManager : Event: ======'modes_active_modes_changed'====== Args={}
2025-11-07 16:53:41,372 : INFO : EventManager : Event: ======'mode_base_stopped'====== Args={}
2025-11-07 16:53:41,372 : INFO : EventManager : Event: ======'clear'====== Args={'key': 'base'}
2025-11-07 16:53:41,422 : INFO : EventManager : Event: ======'ball_ended'====== Args={}
2025-11-07 16:53:41,423 : INFO : EventManager : Event: ======'blink_off'====== Args={'priority': 0}
2025-11-07 16:53:41,427 : INFO : EventManager : Unordered handler for class <Auditor> on event game_ended with priority 1. Handlers: [RegisteredHandler(callback=<bound method Auditor.disable of <Auditor>>, priority=1, kwargs={}, key=UUID('ec714e71-cf1e-415d-befa-5a28f063d3cb'), condition=None, blocking_facility=None), RegisteredHandler(callback=<bound method Auditor._save_audits of <Auditor>>, priority=1, kwargs={}, key=UUID('65d48e54-17c6-4bb1-9284-edd924eea7a6'), condition=None, blocking_facility=None)]. The order of those handlers is not defined and they will be executed in random order. This might lead to race conditions and potential bugs.
2025-11-07 16:53:41,431 : INFO : EventManager : Event: ======'player_turn_will_end'====== Args={'player': <Player 1>, 'number': 1}
2025-11-07 16:53:41,442 : INFO : EventManager : Event: ======'player_turn_ending'====== Args={'player': <Player 1>, 'number': 1}
2025-11-07 16:53:41,443 : INFO : EventManager : Event: ======'player_turn_ended'====== Args={'player': <Player 1>, 'number': 1}
2025-11-07 16:53:41,444 : INFO : EventManager : Event: ======'player_turn_will_start'====== Args={'player': <Player 1>, 'number': 1}
2025-11-07 16:53:41,444 : INFO : EventManager : Event: ======'player_turn_starting'====== Args={'player': <Player 1>, 'number': 1}
2025-11-07 16:53:41,445 : INFO : EventManager : Event: ======'player_ball'====== Args={'value': 3, 'prev_value': 2, 'change': 1, 'player_num': 1}
2025-11-07 16:53:41,446 : INFO : EventManager : Event: ======'player_turn_started'====== Args={'player': <Player 1>, 'number': 1}
2025-11-07 16:53:41,448 : INFO : EventManager : Event: ======'ball_will_start'====== Args={'player': 1, 'ball': 3, 'balls_remaining': 0, 'is_extra_ball': False}
2025-11-07 16:53:41,460 : INFO : EventManager : Event: ======'ball_starting'====== Args={'player': 1, 'ball': 3, 'balls_remaining': 0, 'is_extra_ball': False}
2025-11-07 16:53:41,461 : INFO : EventManager : Event: ======'mode_base_will_start'====== Args={'queue': <QueuedEvent>, 'player': 1, 'ball': 3, 'balls_remaining': 0, 'is_extra_ball': False}
2025-11-07 16:53:41,461 : INFO : EventManager : Unordered handler for class <Auditor> on event game_ended with priority 1. Handlers: [RegisteredHandler(callback=<bound method Auditor.disable of <Auditor>>, priority=1, kwargs={}, key=UUID('ec714e71-cf1e-415d-befa-5a28f063d3cb'), condition=None, blocking_facility=None), RegisteredHandler(callback=<bound method Auditor._save_audits of <Auditor>>, priority=1, kwargs={}, key=UUID('65d48e54-17c6-4bb1-9284-edd924eea7a6'), condition=None, blocking_facility=None)]. The order of those handlers is not defined and they will be executed in random order. This might lead to race conditions and potential bugs.
2025-11-07 16:53:41,462 : INFO : EventManager : Unordered handler for class <Auditor> on event game_ended with priority 1. Handlers: [RegisteredHandler(callback=<bound method Auditor.disable of <Auditor>>, priority=1, kwargs={}, key=UUID('ec714e71-cf1e-415d-befa-5a28f063d3cb'), condition=None, blocking_facility=None), RegisteredHandler(callback=<bound method Auditor._save_audits of <Auditor>>, priority=1, kwargs={}, key=UUID('65d48e54-17c6-4bb1-9284-edd924eea7a6'), condition=None, blocking_facility=None)]. The order of those handlers is not defined and they will be executed in random order. This might lead to race conditions and potential bugs.
2025-11-07 16:53:41,469 : INFO : EventManager : Event: ======'mode_base_starting'====== Args={'queue': <QueuedEvent>, 'player': 1, 'ball': 3, 'balls_remaining': 0, 'is_extra_ball': False}
2025-11-07 16:53:41,469 : INFO : drop_target_bank.right_bank : All targets are already up. Will not reset bank.
2025-11-07 16:53:41,469 : INFO : drop_target_bank.left_bank : All targets are already up. Will not reset bank.
2025-11-07 16:53:41,471 : INFO : EventManager : Event: ======'balls_in_play'====== Args={'balls': 1}
2025-11-07 16:53:41,472 : INFO : EventManager : Event: ======'ball_started'====== Args={'player': 1, 'ball': 3, 'balls_remaining': 0, 'is_extra_ball': False}
2025-11-07 16:53:41,473 : INFO : EventManager : Event: ======'logicblock_eg_pop_counter_updated'====== Args={'value': 0, 'enabled': True}
2025-11-07 16:53:41,473 : INFO : EventManager : Event: ======'logicblock_eg_pop_counter_updated'====== Args={'value': 0, 'enabled': True}
2025-11-07 16:53:41,473 : INFO : Mode.base : Started. Priority: 50
2025-11-07 16:53:41,473 : INFO : EventManager : Event: ======'modes_active_modes_changed'====== Args={}
2025-11-07 16:53:41,474 : INFO : EventManager : Event: ======'mode_base_started'====== Args={'queue': <QueuedEvent>, 'player': 1, 'ball': 3, 'balls_remaining': 0, 'is_extra_ball': False}
2025-11-07 16:53:41,474 : INFO : EventManager : Event: ======'mode_music_ball_2plus_will_start'====== Args={'player': 1, 'ball': 3, 'balls_remaining': 0, 'is_extra_ball': False}
2025-11-07 16:53:41,474 : INFO : EventManager : Unordered handler for class <Auditor> on event game_ended with priority 1. Handlers: [RegisteredHandler(callback=<bound method Auditor.disable of <Auditor>>, priority=1, kwargs={}, key=UUID('ec714e71-cf1e-415d-befa-5a28f063d3cb'), condition=None, blocking_facility=None), RegisteredHandler(callback=<bound method Auditor._save_audits of <Auditor>>, priority=1, kwargs={}, key=UUID('65d48e54-17c6-4bb1-9284-edd924eea7a6'), condition=None, blocking_facility=None)]. The order of those handlers is not defined and they will be executed in random order. This might lead to race conditions and potential bugs.
2025-11-07 16:53:41,475 : INFO : EventManager : Event: ======'mode_music_ball_2plus_starting'====== Args={'player': 1, 'ball': 3, 'balls_remaining': 0, 'is_extra_ball': False}
2025-11-07 16:53:41,476 : INFO : EventManager : Event: ======'logicblock_eg_pop_counter_updated'====== Args={'value': 0, 'enabled': True}
2025-11-07 16:53:41,479 : INFO : EventManager : Unordered handler for class <Auditor> on event game_ended with priority 1. Handlers: [RegisteredHandler(callback=<bound method Auditor.disable of <Auditor>>, priority=1, kwargs={}, key=UUID('ec714e71-cf1e-415d-befa-5a28f063d3cb'), condition=None, blocking_facility=None), RegisteredHandler(callback=<bound method Auditor._save_audits of <Auditor>>, priority=1, kwargs={}, key=UUID('65d48e54-17c6-4bb1-9284-edd924eea7a6'), condition=None, blocking_facility=None)]. The order of those handlers is not defined and they will be executed in random order. This might lead to race conditions and potential bugs.
2025-11-07 16:53:41,480 : INFO : EventManager : Event: ======'stop_mode_attract'====== Args={'priority': 0}
2025-11-07 16:53:41,480 : INFO : EventManager : Event: ======'mode_attract_will_stop'====== Args={'priority': 0}
2025-11-07 16:53:41,480 : INFO : EventManager : Event: ======'godot_attract_off'====== Args={'priority': 0}
2025-11-07 16:53:41,480 : INFO : EventManager : Event: ======'godot_play_base'====== Args={'priority': 0}
2025-11-07 16:53:41,480 : INFO : Mode.music_ball_2plus : Started. Priority: 60
2025-11-07 16:53:41,482 : INFO : EventManager : Event: ======'modes_active_modes_changed'====== Args={}
2025-11-07 16:53:41,482 : INFO : EventManager : Event: ======'mode_music_ball_2plus_started'====== Args={'player': 1, 'ball': 3, 'balls_remaining': 0, 'is_extra_ball': False}
2025-11-07 16:53:41,483 : INFO : EventManager : Event: ======'single_player_ball_started'====== Args={}
2025-11-07 16:53:41,520 : INFO : EventManager : Event: ======'ball_start_target'====== Args={'target': 'playfield'}
2025-11-07 16:53:41,520 : INFO : ball_device.bd_trough : Setting up player-controlled eject. Balls: 1, Target: <playfield.playfield>, player_controlled_eject_event: None
2025-11-07 16:53:41,520 : INFO : ball_device.bd_trough : Adding 1 ball(s) to the eject_queue with target <playfield.playfield>.
2025-11-07 16:53:41,520 : INFO : EventManager : Event: ======'balldevice_balls_available'====== Args={}
2025-11-07 16:53:41,523 : INFO : ball_device.bd_trough : State: waiting_for_target_ready
2025-11-07 16:53:41,523 : INFO : EventManager : Event: ======'balldevice_bd_trough_ball_eject_attempt'====== Args={'balls': 1, 'target': <playfield.playfield>, 'source': <ball_device.bd_trough>, 'mechanical_eject': False, 'num_attempts': 0}
2025-11-07 16:53:41,525 : INFO : ball_device.bd_trough : State: ejecting
2025-11-07 16:53:41,525 : INFO : ball_device.bd_trough : Ejecting ball to <playfield.playfield>
2025-11-07 16:53:41,525 : INFO : EventManager : Event: ======'balldevice_bd_trough_ejecting_ball'====== Args={'balls': 1, 'target': <playfield.playfield>, 'source': <ball_device.bd_trough>, 'mechanical_eject': False, 'num_attempts': 0}
2025-11-07 16:53:41,526 : INFO : ball_device.bd_trough : Wait for ball to leave device
2025-11-07 16:53:41,526 : INFO : coil.c_trough_eject : Pulsing Driver for 40ms (1.0 pulse_power)
2025-11-07 16:53:41,545 : INFO : EventManager : Event: ======'slide_base_created'====== Args={'_from_bcp': True}
2025-11-07 16:53:41,546 : INFO : EventManager : Event: ======'slide_base_inactive'====== Args={'is_removing': True, '_from_bcp': True}
2025-11-07 16:53:41,547 : INFO : EventManager : Event: ======'slide_base_active'====== Args={'original_context': 'base', 'original_calling_context': 'mode_base_started', 'priority': 50.0, 'queue': '<QueuedEvent>', 'player': 1.0, 'ball': 3.0, 'balls_remaining': 0.0, 'is_extra_ball': False, 'cmd': 'slides_play', '_from_bcp': True}
2025-11-07 16:53:41,547 : INFO : EventManager : Event: ======'slide_base_removed'====== Args={'_from_bcp': True}
2025-11-07 16:53:41,572 : INFO : SwitchController : <<<<<<< 's_trough' inactive >>>>>>>
2025-11-07 16:53:41,585 : INFO : ball_device.bd_trough : State: ball_left
2025-11-07 16:53:41,585 : INFO : ball_device.bd_trough : Ball left
2025-11-07 16:53:41,585 : INFO : ball_device.bd_trough : Wait for confirm with timeout 10.0
2025-11-07 16:53:42,020 : INFO : EventManager : Event: ======'blink_on'====== Args={'priority': 0}
2025-11-07 16:53:42,621 : INFO : EventManager : Event: ======'blink_off'====== Args={'priority': 0}
2025-11-07 16:53:42,623 : INFO : EventManager : Unordered handler for class <Auditor> on event game_ended with priority 1. Handlers: [RegisteredHandler(callback=<bound method Auditor.disable of <Auditor>>, priority=1, kwargs={}, key=UUID('ec714e71-cf1e-415d-befa-5a28f063d3cb'), condition=None, blocking_facility=None), RegisteredHandler(callback=<bound method Auditor._save_audits of <Auditor>>, priority=1, kwargs={}, key=UUID('65d48e54-17c6-4bb1-9284-edd924eea7a6'), condition=None, blocking_facility=None)]. The order of those handlers is not defined and they will be executed in random order. This might lead to race conditions and potential bugs.
2025-11-07 16:53:43,227 : INFO : EventManager : Event: ======'blink_on'====== Args={'priority': 0}
2025-11-07 16:53:43,819 : INFO : EventManager : Event: ======'blink_off'====== Args={'priority': 0}
2025-11-07 16:53:43,820 : INFO : EventManager : Unordered handler for class <Auditor> on event game_ended with priority 1. Handlers: [RegisteredHandler(callback=<bound method Auditor.disable of <Auditor>>, priority=1, kwargs={}, key=UUID('ec714e71-cf1e-415d-befa-5a28f063d3cb'), condition=None, blocking_facility=None), RegisteredHandler(callback=<bound method Auditor._save_audits of <Auditor>>, priority=1, kwargs={}, key=UUID('65d48e54-17c6-4bb1-9284-edd924eea7a6'), condition=None, blocking_facility=None)]. The order of those handlers is not defined and they will be executed in random order. This might lead to race conditions and potential bugs.
2025-11-07 16:53:44,422 : INFO : EventManager : Event: ======'blink_on'====== Args={'priority': 0}
2025-11-07 16:53:44,720 : INFO : Machine : Shutting down...
2025-11-07 16:53:44,720 : INFO : EventManager : Event: ======'shutdown'====== Args={}
2025-11-07 16:53:44,724 : INFO : EventManager : Event: ======'mode_game_will_stop'====== Args={}
2025-11-07 16:53:44,724 : INFO : EventManager : Event: ======'mode_game_stopping'====== Args={}
2025-11-07 16:53:44,727 : INFO : EventManager : Event: ======'mode_base_will_stop'====== Args={}
2025-11-07 16:53:44,727 : INFO : EventManager : Event: ======'mode_base_stopping'====== Args={}
2025-11-07 16:53:44,727 : INFO : EventManager : Event: ======'mode_music_ball_2plus_will_stop'====== Args={}
2025-11-07 16:53:44,728 : INFO : EventManager : Event: ======'mode_music_ball_2plus_stopping'====== Args={}
2025-11-07 16:53:44,728 : INFO : EventManager : Event: ======'godot_stop_base'====== Args={'priority': 0}
2025-11-07 16:53:44,729 : INFO : Mode.music_ball_2plus : Stopped.
2025-11-07 16:53:44,729 : INFO : EventManager : Event: ======'modes_active_modes_changed'====== Args={}
2025-11-07 16:53:44,729 : INFO : EventManager : Event: ======'mode_music_ball_2plus_stopped'====== Args={}
2025-11-07 16:53:44,729 : INFO : EventManager : Event: ======'clear'====== Args={'key': 'music_ball_2plus'}
2025-11-07 16:53:44,730 : INFO : Mode.base : Stopped.
2025-11-07 16:53:44,730 : INFO : EventManager : Event: ======'modes_active_modes_changed'====== Args={}
2025-11-07 16:53:44,730 : INFO : EventManager : Event: ======'mode_base_stopped'====== Args={}
2025-11-07 16:53:44,730 : INFO : EventManager : Event: ======'clear'====== Args={'key': 'base'}
2025-11-07 16:53:44,734 : INFO : Mode.game : Stopped.
2025-11-07 16:53:44,734 : INFO : EventManager : Event: ======'modes_active_modes_changed'====== Args={}
2025-11-07 16:53:44,734 : INFO : EventManager : Event: ======'mode_game_stopped'====== Args={}
2025-11-07 16:53:44,734 : INFO : EventManager : Event: ======'clear'====== Args={'key': 'game'}
2025-11-07 16:53:45,026 : INFO : EventManager : Event: ======'blink_off'====== Args={'priority': 0}
2025-11-07 16:53:45,617 : INFO : EventManager : Event: ======'blink_on'====== Args={'priority': 0}
2025-11-07 16:53:45,681 : ERROR : root : Received second SIGINT. Will exit ungracefully!
NoneType: None
