2025-10-25 21:06:12,226 : INFO : root : Loading config.
2025-10-25 21:06:12,232 : INFO : YamlMultifileConfigLoader : Machine config file #1: config.yaml
2025-10-25 21:06:12,232 : INFO : ConfigProcessor : Loading config from cache: C:\Users\antho\AppData\Local\Temp\fdca14d0c9d658ab8200d57120800af5.mpf_cache
2025-10-25 21:06:12,377 : INFO : ConfigProcessor : Loading config from cache: C:\Users\antho\AppData\Local\Temp\5dec96b1547c4adf5bdd3d1715e74bc0.mpf_cache
2025-10-25 21:06:12,378 : INFO : ConfigProcessor : Loading config from cache: C:\Users\antho\AppData\Local\Temp\202a5840610e95051f9f473dfa660cc0.mpf_cache
2025-10-25 21:06:12,379 : INFO : ConfigProcessor : Loading config from cache: C:\Users\antho\AppData\Local\Temp\5dec96b1547c4adf5bdd3d1715e74bc0.mpf_cache
2025-10-25 21:06:12,379 : INFO : ConfigProcessor : Loading config from cache: C:\Users\antho\AppData\Local\Temp\2cd13a2d3f375e00ab01d6d09a85d8e7.mpf_cache
2025-10-25 21:06:12,380 : INFO : ConfigProcessor : Loading config from cache: C:\Users\antho\AppData\Local\Temp\9220b44b97b91972524500b81035d790.mpf_cache
2025-10-25 21:06:12,381 : INFO : ConfigProcessor : Loading config from cache: C:\Users\antho\AppData\Local\Temp\31ee881584fa6fce665a672a4f3f633a.mpf_cache
2025-10-25 21:06:12,381 : INFO : ConfigProcessor : Loading config from cache: C:\Users\antho\AppData\Local\Temp\5e841763ec73085bbf92358fe6afda21.mpf_cache
2025-10-25 21:06:12,382 : INFO : ConfigProcessor : Loading config from cache: C:\Users\antho\AppData\Local\Temp\b17152efa55a24f0424602723f8d3921.mpf_cache
2025-10-25 21:06:12,382 : INFO : ConfigProcessor : Loading config from cache: C:\Users\antho\AppData\Local\Temp\e87fc0e7d2f8a851b5fa3f604e0d0c6e.mpf_cache
2025-10-25 21:06:12,383 : INFO : ConfigProcessor : Loading config from cache: C:\Users\antho\AppData\Local\Temp\196ac76b6cab3a9880804c826cfbcb5c.mpf_cache
2025-10-25 21:06:12,383 : INFO : ConfigProcessor : Loading config from cache: C:\Users\antho\AppData\Local\Temp\834292dd7853e12a66732dc89828c828.mpf_cache
2025-10-25 21:06:12,384 : INFO : ConfigProcessor : Loading config from cache: C:\Users\antho\AppData\Local\Temp\ae2be9c5579852c305357e207df97e8b.mpf_cache
2025-10-25 21:06:12,384 : INFO : ConfigProcessor : Loading config from cache: C:\Users\antho\AppData\Local\Temp\46f8fa3e41dfeeb8232af2f03a13b6c4.mpf_cache
2025-10-25 21:06:12,384 : INFO : ConfigProcessor : Loading config from cache: C:\Users\antho\AppData\Local\Temp\c67e9c175da6c060302945929b27b878.mpf_cache
2025-10-25 21:06:12,384 : INFO : ConfigProcessor : Loading config from cache: C:\Users\antho\AppData\Local\Temp\1c965aadbb61a7e709e8884fad17ac0b.mpf_cache
2025-10-25 21:06:12,385 : INFO : ConfigProcessor : Loading config from cache: C:\Users\antho\AppData\Local\Temp\60ca9d662df3e70e96f6d7ec0f4491aa.mpf_cache
2025-10-25 21:06:12,385 : INFO : Machine : Mission Pinball Framework Core Engine v0.80.0.dev11
2025-10-25 21:06:12,386 : INFO : Machine : Command line arguments: {'no_load_cache': False, 'create_config_cache': True, 'bcp': True, 'configfile': ['config.yaml'], 'force_assets_load': False, 'platform_integration_test': False, 'jsonlogging': False, 'logfile': 'logs\\2025-10-25-21-06-12-mpf-LAPTOP-MPGP6R69.log', 'pause': False, 'production': False, 'text_ui': True, 'loglevel': 15, 'consoleloglevel': 20, 'force_platform': None, 'syslog_address': None, 'full_logfile_path': 'C:\\Users\\antho\\nightpin\\logs\\2025-10-25-21-06-12-mpf-LAPTOP-MPGP6R69.log'}
2025-10-25 21:06:12,386 : INFO : Machine : MPF path: C:\Users\antho\mpf\Lib\site-packages\mpf
2025-10-25 21:06:12,386 : INFO : Machine : Machine path: C:\Users\antho\nightpin
2025-10-25 21:06:12,386 : INFO : Machine : Platform: win32
2025-10-25 21:06:12,386 : INFO : Machine : Python executable location: C:\Users\antho\mpf\Scripts\python.exe
2025-10-25 21:06:12,386 : INFO : Machine : Python version: 3.12.7 (64-bit)
2025-10-25 21:06:12,390 : INFO : Machine : Initializing MPF...
2025-10-25 21:06:12,639 : INFO : lisy : Connecting to com3 at 115200bps
2025-10-25 21:06:12,639 : WARNING : lisy : Could not import terminos (this is ok on windows).
2025-10-25 21:06:12,791 : INFO : EventManager : Event: ======'machine_var_lisy_hardware'====== Args={'value': 'LISY35', 'prev_value': None, 'change': True}
2025-10-25 21:06:12,791 : INFO : EventManager : Event: ======'machine_var_lisy_version'====== Args={'value': '5.26 ', 'prev_value': None, 'change': True}
2025-10-25 21:06:12,791 : INFO : EventManager : Event: ======'machine_var_lisy_api_version'====== Args={'value': b'0.09', 'prev_value': None, 'change': True}
2025-10-25 21:06:14,120 : INFO : EventManager : Event: ======'machine_var_credits_string'====== Args={'value': 'FREE PLAY', 'prev_value': None, 'change': True}
2025-10-25 21:06:14,152 : INFO : EventManager : Event: ======'machine_var_master_volume'====== Args={'value': 0.5, 'prev_value': None, 'change': True}
2025-10-25 21:06:14,152 : INFO : EventManager : Event: ======'machine_var_player1_score'====== Args={'value': 300, 'prev_value': None, 'change': True}
2025-10-25 21:06:14,152 : INFO : EventManager : Event: ======'machine_var_mpf_version'====== Args={'value': 'Mission Pinball Framework v0.80.0.dev11', 'prev_value': None, 'change': True}
2025-10-25 21:06:14,152 : INFO : EventManager : Event: ======'machine_var_mpf_extended_version'====== Args={'value': 'Mission Pinball Framework v0.80.0.dev11, Config version:6, Show version: 6, BCP version:1.1', 'prev_value': None, 'change': True}
2025-10-25 21:06:14,152 : INFO : EventManager : Event: ======'machine_var_python_version'====== Args={'value': '3.12.7', 'prev_value': None, 'change': True}
2025-10-25 21:06:14,246 : INFO : EventManager : Event: ======'machine_var_platform'====== Args={'value': 'Windows-11-10.0.26100-SP0', 'prev_value': None, 'change': True}
2025-10-25 21:06:14,246 : INFO : EventManager : Event: ======'machine_var_platform_system'====== Args={'value': 'Windows', 'prev_value': None, 'change': True}
2025-10-25 21:06:14,246 : INFO : EventManager : Event: ======'machine_var_platform_release'====== Args={'value': '11', 'prev_value': None, 'change': True}
2025-10-25 21:06:14,246 : INFO : EventManager : Event: ======'machine_var_platform_version'====== Args={'value': '10.0.26100', 'prev_value': None, 'change': True}
2025-10-25 21:06:14,246 : INFO : EventManager : Event: ======'machine_var_platform_machine'====== Args={'value': 'AMD64', 'prev_value': None, 'change': True}
2025-10-25 21:06:14,246 : INFO : EventManager : Event: ======'machine_var_log_file_path'====== Args={'value': 'C:\\Users\\antho\\nightpin\\logs\\2025-10-25-21-06-12-mpf-LAPTOP-MPGP6R69.log', 'prev_value': None, 'change': True}
2025-10-25 21:06:14,246 : INFO : EventManager : Event: ======'init_phase_1'====== Args={}
2025-10-25 21:06:14,278 : INFO : EventManager : Event: ======'drop_target_bank_right_bank_up'====== Args={}
2025-10-25 21:06:14,279 : INFO : EventManager : Event: ======'drop_target_bank_left_bank_up'====== Args={}
2025-10-25 21:06:14,359 : INFO : EventManager : Event: ======'init_phase_2'====== Args={}
2025-10-25 21:06:14,360 : INFO : SwitchController : Found active switch: ('8', <mpf.platforms.lisy.lisy.LisyHardwarePlatform object at 0x00000202491096D0>) <switch.s_trough>
2025-10-25 21:06:14,368 : INFO : EventManager : Event: ======'bcp_connection_attempt'====== Args={'name': 'local_display', 'host': 'localhost', 'port': 5050}
2025-10-25 21:06:14,371 : INFO : BCPClientSocket : Connecting BCP to 'local_display' at localhost:5050...
2025-10-25 21:06:14,388 : INFO : BCPClientSocket : Connected BCP to 'local_display' localhost:5050
2025-10-25 21:06:14,388 : INFO : EventManager : Event: ======'bcp_clients_connected'====== Args={}
2025-10-25 21:06:14,491 : INFO : ball_device.bd_trough : BCH: Initial count: 1
2025-10-25 21:06:14,522 : INFO : ball_device.bd_trough : State: idle
2025-10-25 21:06:14,523 : INFO : ball_device.bd_saucer : BCH: Initial count: 0
2025-10-25 21:06:14,523 : INFO : ball_device.bd_saucer : State: idle
2025-10-25 21:06:14,536 : INFO : EventManager : Event: ======'init_phase_3'====== Args={}
2025-10-25 21:06:14,542 : INFO : EventManager : Event: ======'init_phase_4'====== Args={}
2025-10-25 21:06:14,543 : INFO : BallController : Initial balls found: 1
2025-10-25 21:06:14,544 : INFO : EventManager : Event: ======'machine_var_audits_events_game_ended'====== Args={'value': 8, 'prev_value': None, 'change': True}
2025-10-25 21:06:14,544 : INFO : EventManager : Event: ======'machine_var_audits_events_game_started'====== Args={'value': 33, 'prev_value': None, 'change': True}
2025-10-25 21:06:14,544 : INFO : EventManager : Event: ======'machine_var_audits_missing_switches_s_coin_right'====== Args={'value': 32, 'prev_value': None, 'change': True}
2025-10-25 21:06:14,544 : INFO : EventManager : Event: ======'machine_var_audits_missing_switches_s_credit_button'====== Args={'value': 5, 'prev_value': None, 'change': True}
2025-10-25 21:06:14,544 : INFO : EventManager : Event: ======'machine_var_audits_missing_switches_s_inlanes'====== Args={'value': 2, 'prev_value': None, 'change': True}
2025-10-25 21:06:14,544 : INFO : EventManager : Event: ======'machine_var_audits_missing_switches_s_left_bank_target_left'====== Args={'value': 10, 'prev_value': None, 'change': True}
2025-10-25 21:06:14,544 : INFO : EventManager : Event: ======'machine_var_audits_missing_switches_s_left_bank_target_middle'====== Args={'value': 10, 'prev_value': None, 'change': True}
2025-10-25 21:06:14,545 : INFO : EventManager : Event: ======'machine_var_audits_missing_switches_s_left_bank_target_right'====== Args={'value': 11, 'prev_value': None, 'change': True}
2025-10-25 21:06:14,545 : INFO : EventManager : Event: ======'machine_var_audits_missing_switches_s_left_lower_bumper'====== Args={'value': 10, 'prev_value': None, 'change': True}
2025-10-25 21:06:14,545 : INFO : EventManager : Event: ======'machine_var_audits_missing_switches_s_left_outlane_rollover'====== Args={'value': 11, 'prev_value': None, 'change': True}
2025-10-25 21:06:14,545 : INFO : EventManager : Event: ======'machine_var_audits_missing_switches_s_left_pop_bumper'====== Args={'value': 10, 'prev_value': None, 'change': True}
2025-10-25 21:06:14,545 : INFO : EventManager : Event: ======'machine_var_audits_missing_switches_s_left_sling'====== Args={'value': 10, 'prev_value': None, 'change': True}
2025-10-25 21:06:14,545 : INFO : EventManager : Event: ======'machine_var_audits_missing_switches_s_left_upper_bumper'====== Args={'value': 10, 'prev_value': None, 'change': True}
2025-10-25 21:06:14,546 : INFO : EventManager : Event: ======'machine_var_audits_missing_switches_s_middle_pop_bumper'====== Args={'value': 10, 'prev_value': None, 'change': True}
2025-10-25 21:06:14,546 : INFO : EventManager : Event: ======'machine_var_audits_missing_switches_s_middle_skill_lane'====== Args={'value': 10, 'prev_value': None, 'change': True}
2025-10-25 21:06:14,546 : INFO : EventManager : Event: ======'machine_var_audits_missing_switches_s_middle_upper_rollovers'====== Args={'value': 9, 'prev_value': None, 'change': True}
2025-10-25 21:06:14,546 : INFO : EventManager : Event: ======'machine_var_audits_missing_switches_s_outer_skill_lanes'====== Args={'value': 8, 'prev_value': None, 'change': True}
2025-10-25 21:06:14,546 : INFO : EventManager : Event: ======'machine_var_audits_missing_switches_s_right_bank_target_left'====== Args={'value': 10, 'prev_value': None, 'change': True}
2025-10-25 21:06:14,546 : INFO : EventManager : Event: ======'machine_var_audits_missing_switches_s_right_bank_target_middle'====== Args={'value': 9, 'prev_value': None, 'change': True}
2025-10-25 21:06:14,546 : INFO : EventManager : Event: ======'machine_var_audits_missing_switches_s_right_bank_target_right'====== Args={'value': 5, 'prev_value': None, 'change': True}
2025-10-25 21:06:14,546 : INFO : EventManager : Event: ======'machine_var_audits_missing_switches_s_right_outlane_rollover'====== Args={'value': 4, 'prev_value': None, 'change': True}
2025-10-25 21:06:14,546 : INFO : EventManager : Event: ======'machine_var_audits_missing_switches_s_right_pop_bumper'====== Args={'value': 9, 'prev_value': None, 'change': True}
2025-10-25 21:06:14,546 : INFO : EventManager : Event: ======'machine_var_audits_missing_switches_s_right_sling'====== Args={'value': 10, 'prev_value': None, 'change': True}
2025-10-25 21:06:14,546 : INFO : EventManager : Event: ======'machine_var_audits_missing_switches_s_saucer'====== Args={'value': 10, 'prev_value': None, 'change': True}
2025-10-25 21:06:14,546 : INFO : EventManager : Event: ======'machine_var_audits_missing_switches_s_slam_tilt'====== Args={'value': 5, 'prev_value': None, 'change': True}
2025-10-25 21:06:14,547 : INFO : EventManager : Event: ======'machine_var_audits_missing_switches_s_spinner'====== Args={'value': 5, 'prev_value': None, 'change': True}
2025-10-25 21:06:14,547 : INFO : EventManager : Event: ======'machine_var_audits_missing_switches_s_stand_up'====== Args={'value': 5, 'prev_value': None, 'change': True}
2025-10-25 21:06:14,547 : INFO : EventManager : Event: ======'machine_var_audits_missing_switches_s_start_button'====== Args={'value': 3, 'prev_value': None, 'change': True}
2025-10-25 21:06:14,547 : INFO : EventManager : Event: ======'machine_var_audits_missing_switches_s_tilt'====== Args={'value': 3, 'prev_value': None, 'change': True}
2025-10-25 21:06:14,547 : INFO : EventManager : Event: ======'machine_var_audits_missing_switches_s_trough'====== Args={'value': 2, 'prev_value': None, 'change': True}
2025-10-25 21:06:14,547 : INFO : EventManager : Event: ======'machine_var_audits_player_score'====== Args={'value': {'average': 2356, 'top': [5110, 5070, 4300, 4230, 3980, 3410, 500, 500, 300, 300], 'total': 12}, 'prev_value': None, 'change': True}
2025-10-25 21:06:14,547 : INFO : EventManager : Event: ======'machine_var_audits_switches_s_coin_right'====== Args={'value': 1, 'prev_value': None, 'change': True}
2025-10-25 21:06:14,547 : INFO : EventManager : Event: ======'machine_var_audits_switches_s_credit_button'====== Args={'value': 5, 'prev_value': None, 'change': True}
2025-10-25 21:06:14,547 : INFO : EventManager : Event: ======'machine_var_audits_switches_s_inlanes'====== Args={'value': 67, 'prev_value': None, 'change': True}
2025-10-25 21:06:14,547 : INFO : EventManager : Event: ======'machine_var_audits_switches_s_left_bank_target_left'====== Args={'value': 32, 'prev_value': None, 'change': True}
2025-10-25 21:06:14,547 : INFO : EventManager : Event: ======'machine_var_audits_switches_s_left_bank_target_middle'====== Args={'value': 22, 'prev_value': None, 'change': True}
2025-10-25 21:06:14,547 : INFO : EventManager : Event: ======'machine_var_audits_switches_s_left_bank_target_right'====== Args={'value': 24, 'prev_value': None, 'change': True}
2025-10-25 21:06:14,548 : INFO : EventManager : Event: ======'machine_var_audits_switches_s_left_lower_bumper'====== Args={'value': 28, 'prev_value': None, 'change': True}
2025-10-25 21:06:14,548 : INFO : EventManager : Event: ======'machine_var_audits_switches_s_left_outlane_rollover'====== Args={'value': 20, 'prev_value': None, 'change': True}
2025-10-25 21:06:14,548 : INFO : EventManager : Event: ======'machine_var_audits_switches_s_left_pop_bumper'====== Args={'value': 95, 'prev_value': None, 'change': True}
2025-10-25 21:06:14,548 : INFO : EventManager : Event: ======'machine_var_audits_switches_s_left_sling'====== Args={'value': 89, 'prev_value': None, 'change': True}
2025-10-25 21:06:14,548 : INFO : EventManager : Event: ======'machine_var_audits_switches_s_left_upper_bumper'====== Args={'value': 33, 'prev_value': None, 'change': True}
2025-10-25 21:06:14,548 : INFO : EventManager : Event: ======'machine_var_audits_switches_s_middle_pop_bumper'====== Args={'value': 88, 'prev_value': None, 'change': True}
2025-10-25 21:06:14,548 : INFO : EventManager : Event: ======'machine_var_audits_switches_s_middle_skill_lane'====== Args={'value': 28, 'prev_value': None, 'change': True}
2025-10-25 21:06:14,548 : INFO : EventManager : Event: ======'machine_var_audits_switches_s_middle_upper_rollovers'====== Args={'value': 66, 'prev_value': None, 'change': True}
2025-10-25 21:06:14,548 : INFO : EventManager : Event: ======'machine_var_audits_switches_s_outer_skill_lanes'====== Args={'value': 49, 'prev_value': None, 'change': True}
2025-10-25 21:06:14,548 : INFO : EventManager : Event: ======'machine_var_audits_switches_s_pop_bumper_bottom'====== Args={'value': 6, 'prev_value': None, 'change': True}
2025-10-25 21:06:14,548 : INFO : EventManager : Event: ======'machine_var_audits_switches_s_pop_bumper_left'====== Args={'value': 2, 'prev_value': None, 'change': True}
2025-10-25 21:06:14,548 : INFO : EventManager : Event: ======'machine_var_audits_switches_s_pop_bumper_right'====== Args={'value': 1, 'prev_value': None, 'change': True}
2025-10-25 21:06:14,549 : INFO : EventManager : Event: ======'machine_var_audits_switches_s_right_bank_target_left'====== Args={'value': 40, 'prev_value': None, 'change': True}
2025-10-25 21:06:14,549 : INFO : EventManager : Event: ======'machine_var_audits_switches_s_right_bank_target_middle'====== Args={'value': 29, 'prev_value': None, 'change': True}
2025-10-25 21:06:14,549 : INFO : EventManager : Event: ======'machine_var_audits_switches_s_right_bank_target_right'====== Args={'value': 29, 'prev_value': None, 'change': True}
2025-10-25 21:06:14,549 : INFO : EventManager : Event: ======'machine_var_audits_switches_s_right_outlane_rollover'====== Args={'value': 5, 'prev_value': None, 'change': True}
2025-10-25 21:06:14,549 : INFO : EventManager : Event: ======'machine_var_audits_switches_s_right_pop_bumper'====== Args={'value': 132, 'prev_value': None, 'change': True}
2025-10-25 21:06:14,549 : INFO : EventManager : Event: ======'machine_var_audits_switches_s_right_sling'====== Args={'value': 67, 'prev_value': None, 'change': True}
2025-10-25 21:06:14,549 : INFO : EventManager : Event: ======'machine_var_audits_switches_s_saucer'====== Args={'value': 39, 'prev_value': None, 'change': True}
2025-10-25 21:06:14,549 : INFO : EventManager : Event: ======'machine_var_audits_switches_s_slam_tilt'====== Args={'value': 5, 'prev_value': None, 'change': True}
2025-10-25 21:06:14,549 : INFO : EventManager : Event: ======'machine_var_audits_switches_s_spinner'====== Args={'value': 312, 'prev_value': None, 'change': True}
2025-10-25 21:06:14,549 : INFO : EventManager : Event: ======'machine_var_audits_switches_s_stand_up'====== Args={'value': 8, 'prev_value': None, 'change': True}
2025-10-25 21:06:14,549 : INFO : EventManager : Event: ======'machine_var_audits_switches_s_start_button'====== Args={'value': 20, 'prev_value': None, 'change': True}
2025-10-25 21:06:14,550 : INFO : EventManager : Event: ======'machine_var_audits_switches_s_tilt'====== Args={'value': 1, 'prev_value': None, 'change': True}
2025-10-25 21:06:14,550 : INFO : EventManager : Event: ======'machine_var_audits_switches_s_trough'====== Args={'value': 248, 'prev_value': None, 'change': True}
2025-10-25 21:06:14,550 : INFO : EventManager : Event: ======'init_phase_5'====== Args={}
2025-10-25 21:06:14,561 : INFO : EventManager : Event: ======'init_done'====== Args={}
2025-10-25 21:06:14,562 : INFO : EventManager : Event: ======'machine_reset_phase_1'====== Args={}
2025-10-25 21:06:14,568 : INFO : EventManager : Event: ======'machine_reset_phase_2'====== Args={}
2025-10-25 21:06:14,568 : INFO : EventManager : Event: ======'machine_reset_phase_3'====== Args={}
2025-10-25 21:06:14,568 : INFO : EventManager : Event: ======'mode_attract_will_start'====== Args={'queue': <QueuedEvent>}
2025-10-25 21:06:14,570 : INFO : EventManager : Event: ======'mode_attract_starting'====== Args={'queue': <QueuedEvent>}
2025-10-25 21:06:14,570 : INFO : Mode.attract : Started. Priority: 10
2025-10-25 21:06:14,570 : INFO : EventManager : Event: ======'modes_active_modes_changed'====== Args={}
2025-10-25 21:06:14,570 : INFO : EventManager : Event: ======'mode_attract_started'====== Args={'queue': <QueuedEvent>}
2025-10-25 21:06:14,570 : INFO : EventManager : Event: ======'godot_attract_on'====== Args={'priority': 0}
2025-10-25 21:06:14,571 : INFO : EventManager : Event: ======'collecting_balls_complete'====== Args={}
2025-10-25 21:06:14,571 : INFO : EventManager : Event: ======'reset_complete'====== Args={}
2025-10-25 21:06:14,585 : INFO : Machine : Starting the main run loop with active modes: [<Mode.attract>]
2025-10-25 21:06:14,601 : INFO : EventManager : Event: ======'slide_attract_created'====== Args={'_from_bcp': True}
2025-10-25 21:06:14,601 : INFO : EventManager : Event: ======'slide__removed'====== Args={'_from_bcp': True}
2025-10-25 21:06:14,602 : INFO : EventManager : Event: ======'slide_attract_active'====== Args={'original_context': 'attract', 'original_calling_context': 'mode_attract_started', 'priority': 10.0, 'queue': '<QueuedEvent>', 'cmd': 'slides_play', '_from_bcp': True}
2025-10-25 21:06:16,566 : INFO : EventManager : Event: ======'attract_wave_complete'====== Args={'priority': 0}
2025-10-25 21:06:16,957 : INFO : EventManager : Event: ======'attract_pulse_complete'====== Args={'priority': 0}
2025-10-25 21:06:17,362 : INFO : EventManager : Event: ======'attract_pulse_complete'====== Args={'priority': 0}
2025-10-25 21:06:19,364 : INFO : EventManager : Event: ======'attract_wave_complete'====== Args={'priority': 0}
2025-10-25 21:06:19,740 : INFO : EventManager : Event: ======'attract_pulse_complete'====== Args={'priority': 0}
2025-10-25 21:06:20,161 : INFO : EventManager : Event: ======'attract_pulse_complete'====== Args={'priority': 0}
2025-10-25 21:06:21,192 : INFO : SwitchController : <<<<<<< 's_start_button' active >>>>>>>
2025-10-25 21:06:21,332 : INFO : SwitchController : <<<<<<< 's_start_button' inactive >>>>>>>
2025-10-25 21:06:21,332 : INFO : EventManager : Event: ======'request_to_start_game'====== Args={}
2025-10-25 21:06:21,332 : INFO : EventManager : Event: ======'game_start'====== Args={'buttons': [], 'hold_time': 0.14000000001396984}
2025-10-25 21:06:21,333 : INFO : EventManager : Event: ======'mode_game_will_start'====== Args={'buttons': [], 'hold_time': 0.14000000001396984}
2025-10-25 21:06:21,333 : INFO : EventManager : Event: ======'mode_game_starting'====== Args={'buttons': [], 'hold_time': 0.14000000001396984}
2025-10-25 21:06:21,333 : INFO : Mode.game : Started. Priority: 20
2025-10-25 21:06:21,333 : INFO : EventManager : Event: ======'modes_active_modes_changed'====== Args={}
2025-10-25 21:06:21,333 : INFO : EventManager : Event: ======'mode_game_started'====== Args={'buttons': [], 'hold_time': 0.14000000001396984}
2025-10-25 21:06:21,346 : INFO : EventManager : Event: ======'game_will_start'====== Args={}
2025-10-25 21:06:21,347 : INFO : EventManager : Event: ======'game_starting'====== Args={'game': <Mode.game>}
2025-10-25 21:06:21,347 : INFO : EventManager : Event: ======'mode_attract_will_stop'====== Args={}
2025-10-25 21:06:21,347 : INFO : EventManager : Event: ======'mode_attract_stopping'====== Args={}
2025-10-25 21:06:21,347 : INFO : EventManager : Unordered handler for class <Auditor> on event game_ended with priority 1. Handlers: [RegisteredHandler(callback=<bound method Auditor.disable of <Auditor>>, priority=1, kwargs={}, key=UUID('acc6ab76-98d3-475d-ba26-ee82eadae9b5'), condition=None, blocking_facility=None), RegisteredHandler(callback=<bound method Auditor._save_audits of <Auditor>>, priority=1, kwargs={}, key=UUID('dadaa31a-704e-44b0-a7f7-20d51542e1db'), condition=None, blocking_facility=None)]. The order of those handlers is not defined and they will be executed in random order. This might lead to race conditions and potential bugs.
2025-10-25 21:06:21,349 : INFO : EventManager : Event: ======'godot_attract_off'====== Args={'priority': 0}
2025-10-25 21:06:21,349 : INFO : Mode.attract : Stopped.
2025-10-25 21:06:21,350 : INFO : EventManager : Event: ======'modes_active_modes_changed'====== Args={}
2025-10-25 21:06:21,350 : INFO : EventManager : Event: ======'mode_attract_stopped'====== Args={}
2025-10-25 21:06:21,350 : INFO : EventManager : Event: ======'clear'====== Args={'key': 'attract'}
2025-10-25 21:06:21,350 : INFO : EventManager : Event: ======'player_add_request'====== Args={}
2025-10-25 21:06:21,350 : INFO : EventManager : Event: ======'player_will_add'====== Args={'number': 1}
2025-10-25 21:06:21,351 : INFO : EventManager : Event: ======'player_adding'====== Args={'player': <Player 1>, 'number': 1}
2025-10-25 21:06:21,351 : INFO : EventManager : Event: ======'player_added'====== Args={'player': <Player 1>, 'num': 1}
2025-10-25 21:06:21,351 : INFO : Mode.game : Player added successfully. Total players: 1
2025-10-25 21:06:21,351 : INFO : EventManager : Event: ======'player_index'====== Args={'value': 0, 'prev_value': 0, 'change': 0, 'player_num': 1}
2025-10-25 21:06:21,351 : INFO : EventManager : Event: ======'player_number'====== Args={'value': 1, 'prev_value': 1, 'change': 0, 'player_num': 1}
2025-10-25 21:06:21,351 : INFO : EventManager : Event: ======'player_score'====== Args={'value': 0, 'prev_value': 0, 'change': 0, 'player_num': 1}
2025-10-25 21:06:21,352 : INFO : EventManager : Unordered handler for class <Auditor> on event game_ended with priority 1. Handlers: [RegisteredHandler(callback=<bound method Auditor.disable of <Auditor>>, priority=1, kwargs={}, key=UUID('acc6ab76-98d3-475d-ba26-ee82eadae9b5'), condition=None, blocking_facility=None), RegisteredHandler(callback=<bound method Auditor._save_audits of <Auditor>>, priority=1, kwargs={}, key=UUID('dadaa31a-704e-44b0-a7f7-20d51542e1db'), condition=None, blocking_facility=None)]. The order of those handlers is not defined and they will be executed in random order. This might lead to race conditions and potential bugs.
2025-10-25 21:06:21,367 : INFO : EventManager : Event: ======'game_started'====== Args={}
2025-10-25 21:06:21,368 : INFO : EventManager : Event: ======'player_turn_will_start'====== Args={'player': <Player 1>, 'number': 1}
2025-10-25 21:06:21,369 : INFO : EventManager : Event: ======'player_turn_starting'====== Args={'player': <Player 1>, 'number': 1}
2025-10-25 21:06:21,372 : INFO : EventManager : Event: ======'player_ball'====== Args={'value': 1, 'prev_value': 0, 'change': 1, 'player_num': 1}
2025-10-25 21:06:21,372 : INFO : EventManager : Event: ======'player_turn_started'====== Args={'player': <Player 1>, 'number': 1}
2025-10-25 21:06:21,373 : INFO : EventManager : Event: ======'ball_will_start'====== Args={'player': 1, 'ball': 1, 'balls_remaining': 2, 'is_extra_ball': False}
2025-10-25 21:06:21,378 : INFO : EventManager : Event: ======'ball_starting'====== Args={'player': 1, 'ball': 1, 'balls_remaining': 2, 'is_extra_ball': False}
2025-10-25 21:06:21,379 : INFO : drop_target_bank.right_bank : All targets are already up. Will not reset bank.
2025-10-25 21:06:21,379 : INFO : drop_target_bank.left_bank : All targets are already up. Will not reset bank.
2025-10-25 21:06:21,379 : INFO : EventManager : Event: ======'balls_in_play'====== Args={'balls': 1}
2025-10-25 21:06:21,379 : INFO : EventManager : Event: ======'ball_started'====== Args={'player': 1, 'ball': 1, 'balls_remaining': 2, 'is_extra_ball': False}
2025-10-25 21:06:21,380 : INFO : EventManager : Event: ======'mode_base_will_start'====== Args={'player': 1, 'ball': 1, 'balls_remaining': 2, 'is_extra_ball': False}
2025-10-25 21:06:21,380 : INFO : EventManager : Unordered handler for class <Auditor> on event game_ended with priority 1. Handlers: [RegisteredHandler(callback=<bound method Auditor.disable of <Auditor>>, priority=1, kwargs={}, key=UUID('acc6ab76-98d3-475d-ba26-ee82eadae9b5'), condition=None, blocking_facility=None), RegisteredHandler(callback=<bound method Auditor._save_audits of <Auditor>>, priority=1, kwargs={}, key=UUID('dadaa31a-704e-44b0-a7f7-20d51542e1db'), condition=None, blocking_facility=None)]. The order of those handlers is not defined and they will be executed in random order. This might lead to race conditions and potential bugs.
2025-10-25 21:06:21,382 : INFO : EventManager : Event: ======'mode_base_starting'====== Args={'player': 1, 'ball': 1, 'balls_remaining': 2, 'is_extra_ball': False}
2025-10-25 21:06:21,382 : INFO : EventManager : Event: ======'info_flip_back_now'====== Args={'priority': 0, 'delay': '2s'}
2025-10-25 21:06:21,383 : INFO : Mode.base : Started. Priority: 50
2025-10-25 21:06:21,383 : INFO : EventManager : Event: ======'modes_active_modes_changed'====== Args={}
2025-10-25 21:06:21,383 : INFO : EventManager : Event: ======'mode_base_started'====== Args={'player': 1, 'ball': 1, 'balls_remaining': 2, 'is_extra_ball': False}
2025-10-25 21:06:21,383 : INFO : EventManager : Event: ======'single_player_ball_started'====== Args={}
2025-10-25 21:06:21,396 : INFO : EventManager : Event: ======'ball_start_target'====== Args={'target': 'playfield'}
2025-10-25 21:06:21,397 : INFO : ball_device.bd_trough : Setting up player-controlled eject. Balls: 1, Target: <playfield.playfield>, player_controlled_eject_event: None
2025-10-25 21:06:21,397 : INFO : ball_device.bd_trough : Adding 1 ball(s) to the eject_queue with target <playfield.playfield>.
2025-10-25 21:06:21,397 : INFO : EventManager : Event: ======'balldevice_balls_available'====== Args={}
2025-10-25 21:06:21,398 : INFO : ball_device.bd_trough : State: waiting_for_target_ready
2025-10-25 21:06:21,398 : INFO : EventManager : Event: ======'balldevice_bd_trough_ball_eject_attempt'====== Args={'balls': 1, 'target': <playfield.playfield>, 'source': <ball_device.bd_trough>, 'mechanical_eject': False, 'num_attempts': 0}
2025-10-25 21:06:21,398 : INFO : ball_device.bd_trough : State: ejecting
2025-10-25 21:06:21,398 : INFO : ball_device.bd_trough : Ejecting ball to <playfield.playfield>
2025-10-25 21:06:21,398 : INFO : EventManager : Event: ======'balldevice_bd_trough_ejecting_ball'====== Args={'balls': 1, 'target': <playfield.playfield>, 'source': <ball_device.bd_trough>, 'mechanical_eject': False, 'num_attempts': 0}
2025-10-25 21:06:21,399 : INFO : ball_device.bd_trough : Wait for ball to leave device
2025-10-25 21:06:21,399 : INFO : coil.c_trough_eject : Pulsing Driver for 40ms (1.0 pulse_power)
2025-10-25 21:06:21,473 : INFO : SwitchController : <<<<<<< 's_trough' inactive >>>>>>>
2025-10-25 21:06:21,480 : INFO : SwitchController : <<<<<<< 's_trough' active >>>>>>>
2025-10-25 21:06:21,480 : INFO : EventManager : Event: ======'machine_var_audits_switches_s_trough'====== Args={'value': 249, 'prev_value': 248, 'change': 1}
2025-10-25 21:06:21,486 : INFO : ball_device.bd_trough : State: ball_left
2025-10-25 21:06:21,486 : INFO : ball_device.bd_trough : Ball left
2025-10-25 21:06:21,486 : INFO : ball_device.bd_trough : Wait for confirm with timeout 10.0
2025-10-25 21:06:21,486 : INFO : SwitchController : <<<<<<< 's_trough' inactive >>>>>>>
2025-10-25 21:06:31,485 : INFO : ball_device.bd_trough : State: failed_confirm
2025-10-25 21:06:31,485 : INFO : ball_device.bd_trough : Got timeout (10.0s) before confirm from <playfield.playfield>
2025-10-25 21:06:31,577 : INFO : ball_device.bd_trough : Confirming eject because target is playfield and ball did not return.
2025-10-25 21:06:31,577 : INFO : ball_device.bd_trough : Eject successful
2025-10-25 21:06:31,577 : INFO : EventManager : Event: ======'balldevice_bd_trough_ball_eject_success'====== Args={'balls': 1, 'target': <playfield.playfield>}
2025-10-25 21:06:31,578 : INFO : EventManager : Event: ======'balldevice_playfield_ball_enter'====== Args={'new_balls': 1, 'unclaimed_balls': 1, 'device': <playfield.playfield>}
2025-10-25 21:06:31,578 : INFO : EventManager : Event: ======'playfield_ball_count_change'====== Args={'balls': 1, 'change': 1}
2025-10-25 21:06:31,578 : INFO : EventManager : Event: ======'balldevice_bd_trough_ball_count_changed'====== Args={'balls': 0}
2025-10-25 21:06:31,578 : INFO : ball_device.bd_trough : State: idle
2025-10-25 21:06:44,686 : INFO : SwitchController : <<<<<<< 's_inlanes' active >>>>>>>
2025-10-25 21:06:44,686 : INFO : EventManager : Event: ======'s_inlanes_active'====== Args={}
2025-10-25 21:06:44,686 : INFO : EventManager : Event: ======'sw_playfield_active'====== Args={}
2025-10-25 21:06:44,686 : INFO : EventManager : Event: ======'machine_var_audits_switches_s_inlanes'====== Args={'value': 68, 'prev_value': 67, 'change': 1}
2025-10-25 21:06:44,686 : INFO : EventManager : Event: ======'player_score'====== Args={'value': 100, 'prev_value': 0, 'change': 100, 'player_num': 1, 'source': 'base'}
2025-10-25 21:06:44,687 : INFO : EventManager : Unordered handler for class <Auditor> on event game_ended with priority 1. Handlers: [RegisteredHandler(callback=<bound method Auditor.disable of <Auditor>>, priority=1, kwargs={}, key=UUID('acc6ab76-98d3-475d-ba26-ee82eadae9b5'), condition=None, blocking_facility=None), RegisteredHandler(callback=<bound method Auditor._save_audits of <Auditor>>, priority=1, kwargs={}, key=UUID('dadaa31a-704e-44b0-a7f7-20d51542e1db'), condition=None, blocking_facility=None)]. The order of those handlers is not defined and they will be executed in random order. This might lead to race conditions and potential bugs.
2025-10-25 21:06:44,698 : INFO : EventManager : Unordered handler for class <Auditor> on event game_ended with priority 1. Handlers: [RegisteredHandler(callback=<bound method Auditor.disable of <Auditor>>, priority=1, kwargs={}, key=UUID('acc6ab76-98d3-475d-ba26-ee82eadae9b5'), condition=None, blocking_facility=None), RegisteredHandler(callback=<bound method Auditor._save_audits of <Auditor>>, priority=1, kwargs={}, key=UUID('dadaa31a-704e-44b0-a7f7-20d51542e1db'), condition=None, blocking_facility=None)]. The order of those handlers is not defined and they will be executed in random order. This might lead to race conditions and potential bugs.
2025-10-25 21:06:44,732 : INFO : SwitchController : <<<<<<< 's_inlanes' inactive >>>>>>>
2025-10-25 21:06:46,526 : INFO : SwitchController : <<<<<<< 's_trough' active >>>>>>>
2025-10-25 21:06:46,526 : INFO : EventManager : Event: ======'machine_var_audits_switches_s_trough'====== Args={'value': 250, 'prev_value': 249, 'change': 1}
2025-10-25 21:06:46,572 : INFO : SwitchController : <<<<<<< 's_trough' inactive >>>>>>>
2025-10-25 21:06:46,587 : INFO : SwitchController : <<<<<<< 's_trough' active >>>>>>>
2025-10-25 21:06:46,587 : INFO : EventManager : Event: ======'machine_var_audits_switches_s_trough'====== Args={'value': 251, 'prev_value': 250, 'change': 1}
2025-10-25 21:06:47,088 : INFO : EventManager : Event: ======'balldevice_bd_trough_ball_count_changed'====== Args={'balls': 1}
2025-10-25 21:06:47,088 : INFO : ball_device.bd_trough : Received unexpected ball
2025-10-25 21:06:47,088 : INFO : EventManager : Event: ======'balldevice_captured_from_playfield'====== Args={'balls': 1}
2025-10-25 21:06:47,089 : INFO : EventManager : Event: ======'sw_playfield_active'====== Args={'balls': 1}
2025-10-25 21:06:47,089 : INFO : EventManager : Event: ======'playfield_ball_count_change'====== Args={'balls': 0, 'change': -1}
2025-10-25 21:06:47,089 : INFO : EventManager : Event: ======'balldevice_bd_trough_ball_enter'====== Args={'new_balls': 1, 'unclaimed_balls': 1, 'new_available_balls': 1, 'device': <ball_device.bd_trough>}
2025-10-25 21:06:47,090 : INFO : EventManager : Event: ======'ball_drain'====== Args={'device': <ball_device.bd_trough>, 'balls': 1}
2025-10-25 21:06:47,090 : INFO : EventManager : Event: ======'ball_will_end'====== Args={}
2025-10-25 21:06:47,090 : INFO : EventManager : Event: ======'balldevice_balls_available'====== Args={}
2025-10-25 21:06:47,090 : INFO : EventManager : Event: ======'balldevice_bd_trough_ball_entered'====== Args={'new_balls': 1, 'device': <ball_device.bd_trough>}
2025-10-25 21:06:47,091 : INFO : EventManager : Event: ======'ball_ending'====== Args={}
2025-10-25 21:06:47,091 : INFO : EventManager : Event: ======'mode_base_will_stop'====== Args={}
2025-10-25 21:06:47,091 : INFO : EventManager : Event: ======'mode_base_stopping'====== Args={}
2025-10-25 21:06:47,092 : INFO : EventManager : Event: ======'stop_base_music'====== Args={'priority': 0}
2025-10-25 21:06:47,092 : INFO : Mode.base : Stopped.
2025-10-25 21:06:47,092 : INFO : EventManager : Event: ======'modes_active_modes_changed'====== Args={}
2025-10-25 21:06:47,092 : INFO : EventManager : Event: ======'mode_base_stopped'====== Args={}
2025-10-25 21:06:47,093 : INFO : EventManager : Event: ======'clear'====== Args={'key': 'base'}
2025-10-25 21:06:47,105 : INFO : EventManager : Event: ======'ball_ended'====== Args={}
2025-10-25 21:06:47,106 : INFO : EventManager : Event: ======'player_turn_will_end'====== Args={'player': <Player 1>, 'number': 1}
2025-10-25 21:06:47,111 : INFO : EventManager : Event: ======'player_turn_ending'====== Args={'player': <Player 1>, 'number': 1}
2025-10-25 21:06:47,113 : INFO : EventManager : Event: ======'player_turn_ended'====== Args={'player': <Player 1>, 'number': 1}
2025-10-25 21:06:47,113 : INFO : EventManager : Event: ======'player_turn_will_start'====== Args={'player': <Player 1>, 'number': 1}
2025-10-25 21:06:47,113 : INFO : EventManager : Event: ======'player_turn_starting'====== Args={'player': <Player 1>, 'number': 1}
2025-10-25 21:06:47,113 : INFO : EventManager : Event: ======'player_ball'====== Args={'value': 2, 'prev_value': 1, 'change': 1, 'player_num': 1}
2025-10-25 21:06:47,114 : INFO : EventManager : Event: ======'player_turn_started'====== Args={'player': <Player 1>, 'number': 1}
2025-10-25 21:06:47,114 : INFO : EventManager : Event: ======'ball_will_start'====== Args={'player': 1, 'ball': 2, 'balls_remaining': 1, 'is_extra_ball': False}
2025-10-25 21:06:47,117 : INFO : EventManager : Event: ======'ball_starting'====== Args={'player': 1, 'ball': 2, 'balls_remaining': 1, 'is_extra_ball': False}
2025-10-25 21:06:47,118 : INFO : drop_target_bank.right_bank : All targets are already up. Will not reset bank.
2025-10-25 21:06:47,118 : INFO : drop_target_bank.left_bank : All targets are already up. Will not reset bank.
2025-10-25 21:06:47,118 : INFO : EventManager : Event: ======'balls_in_play'====== Args={'balls': 1}
2025-10-25 21:06:47,118 : INFO : EventManager : Event: ======'ball_started'====== Args={'player': 1, 'ball': 2, 'balls_remaining': 1, 'is_extra_ball': False}
2025-10-25 21:06:47,119 : INFO : EventManager : Event: ======'mode_base_will_start'====== Args={'player': 1, 'ball': 2, 'balls_remaining': 1, 'is_extra_ball': False}
2025-10-25 21:06:47,119 : INFO : EventManager : Unordered handler for class <Auditor> on event game_ended with priority 1. Handlers: [RegisteredHandler(callback=<bound method Auditor.disable of <Auditor>>, priority=1, kwargs={}, key=UUID('acc6ab76-98d3-475d-ba26-ee82eadae9b5'), condition=None, blocking_facility=None), RegisteredHandler(callback=<bound method Auditor._save_audits of <Auditor>>, priority=1, kwargs={}, key=UUID('dadaa31a-704e-44b0-a7f7-20d51542e1db'), condition=None, blocking_facility=None)]. The order of those handlers is not defined and they will be executed in random order. This might lead to race conditions and potential bugs.
2025-10-25 21:06:47,122 : INFO : EventManager : Event: ======'mode_base_starting'====== Args={'player': 1, 'ball': 2, 'balls_remaining': 1, 'is_extra_ball': False}
2025-10-25 21:06:47,123 : INFO : EventManager : Event: ======'info_flip_back_now'====== Args={'priority': 0, 'delay': '2s'}
2025-10-25 21:06:47,123 : INFO : Mode.base : Started. Priority: 50
2025-10-25 21:06:47,123 : INFO : EventManager : Event: ======'modes_active_modes_changed'====== Args={}
2025-10-25 21:06:47,123 : INFO : EventManager : Event: ======'mode_base_started'====== Args={'player': 1, 'ball': 2, 'balls_remaining': 1, 'is_extra_ball': False}
2025-10-25 21:06:47,124 : INFO : EventManager : Event: ======'single_player_ball_started'====== Args={}
2025-10-25 21:06:47,137 : INFO : EventManager : Event: ======'ball_start_target'====== Args={'target': 'playfield'}
2025-10-25 21:06:47,137 : INFO : ball_device.bd_trough : Setting up player-controlled eject. Balls: 1, Target: <playfield.playfield>, player_controlled_eject_event: None
2025-10-25 21:06:47,137 : INFO : ball_device.bd_trough : Adding 1 ball(s) to the eject_queue with target <playfield.playfield>.
2025-10-25 21:06:47,137 : INFO : EventManager : Event: ======'balldevice_balls_available'====== Args={}
2025-10-25 21:06:47,138 : INFO : ball_device.bd_trough : State: waiting_for_target_ready
2025-10-25 21:06:47,138 : INFO : EventManager : Event: ======'balldevice_bd_trough_ball_eject_attempt'====== Args={'balls': 1, 'target': <playfield.playfield>, 'source': <ball_device.bd_trough>, 'mechanical_eject': False, 'num_attempts': 0}
2025-10-25 21:06:47,139 : INFO : ball_device.bd_trough : State: ejecting
2025-10-25 21:06:47,139 : INFO : ball_device.bd_trough : Ejecting ball to <playfield.playfield>
2025-10-25 21:06:47,139 : INFO : EventManager : Event: ======'balldevice_bd_trough_ejecting_ball'====== Args={'balls': 1, 'target': <playfield.playfield>, 'source': <ball_device.bd_trough>, 'mechanical_eject': False, 'num_attempts': 0}
2025-10-25 21:06:47,139 : INFO : ball_device.bd_trough : Wait for ball to leave device
2025-10-25 21:06:47,141 : INFO : coil.c_trough_eject : Pulsing Driver for 40ms (1.0 pulse_power)
2025-10-25 21:06:47,198 : INFO : SwitchController : <<<<<<< 's_trough' inactive >>>>>>>
2025-10-25 21:06:47,204 : INFO : ball_device.bd_trough : State: ball_left
2025-10-25 21:06:47,204 : INFO : ball_device.bd_trough : Ball left
2025-10-25 21:06:47,204 : INFO : ball_device.bd_trough : Wait for confirm with timeout 10.0
2025-10-25 21:06:50,564 : INFO : SwitchController : <<<<<<< 's_inlanes' active >>>>>>>
2025-10-25 21:06:50,564 : INFO : EventManager : Event: ======'s_inlanes_active'====== Args={}
2025-10-25 21:06:50,564 : INFO : EventManager : Event: ======'sw_playfield_active'====== Args={}
2025-10-25 21:06:50,564 : INFO : EventManager : Event: ======'machine_var_audits_switches_s_inlanes'====== Args={'value': 69, 'prev_value': 68, 'change': 1}
2025-10-25 21:06:50,564 : INFO : EventManager : Event: ======'player_score'====== Args={'value': 200, 'prev_value': 100, 'change': 100, 'player_num': 1, 'source': 'base'}
2025-10-25 21:06:50,565 : INFO : EventManager : Unordered handler for class <Auditor> on event game_ended with priority 1. Handlers: [RegisteredHandler(callback=<bound method Auditor.disable of <Auditor>>, priority=1, kwargs={}, key=UUID('acc6ab76-98d3-475d-ba26-ee82eadae9b5'), condition=None, blocking_facility=None), RegisteredHandler(callback=<bound method Auditor._save_audits of <Auditor>>, priority=1, kwargs={}, key=UUID('dadaa31a-704e-44b0-a7f7-20d51542e1db'), condition=None, blocking_facility=None)]. The order of those handlers is not defined and they will be executed in random order. This might lead to race conditions and potential bugs.
2025-10-25 21:06:50,567 : INFO : EventManager : Event: ======'playfield_active'====== Args={'source': None}
2025-10-25 21:06:50,576 : INFO : SwitchController : <<<<<<< 's_inlanes' inactive >>>>>>>
2025-10-25 21:06:50,577 : INFO : EventManager : Unordered handler for class <Auditor> on event game_ended with priority 1. Handlers: [RegisteredHandler(callback=<bound method Auditor.disable of <Auditor>>, priority=1, kwargs={}, key=UUID('acc6ab76-98d3-475d-ba26-ee82eadae9b5'), condition=None, blocking_facility=None), RegisteredHandler(callback=<bound method Auditor._save_audits of <Auditor>>, priority=1, kwargs={}, key=UUID('dadaa31a-704e-44b0-a7f7-20d51542e1db'), condition=None, blocking_facility=None)]. The order of those handlers is not defined and they will be executed in random order. This might lead to race conditions and potential bugs.
2025-10-25 21:06:50,577 : INFO : EventManager : Unordered handler for class <Auditor> on event game_ended with priority 1. Handlers: [RegisteredHandler(callback=<bound method Auditor.disable of <Auditor>>, priority=1, kwargs={}, key=UUID('acc6ab76-98d3-475d-ba26-ee82eadae9b5'), condition=None, blocking_facility=None), RegisteredHandler(callback=<bound method Auditor._save_audits of <Auditor>>, priority=1, kwargs={}, key=UUID('dadaa31a-704e-44b0-a7f7-20d51542e1db'), condition=None, blocking_facility=None)]. The order of those handlers is not defined and they will be executed in random order. This might lead to race conditions and potential bugs.
2025-10-25 21:06:50,578 : INFO : ball_device.bd_trough : Got eject confirm
2025-10-25 21:06:50,578 : INFO : ball_device.bd_trough : Eject successful
2025-10-25 21:06:50,578 : INFO : EventManager : Event: ======'balldevice_bd_trough_ball_eject_success'====== Args={'balls': 1, 'target': <playfield.playfield>}
2025-10-25 21:06:50,582 : INFO : EventManager : Event: ======'balldevice_playfield_ball_enter'====== Args={'new_balls': 1, 'unclaimed_balls': 1, 'device': <playfield.playfield>}
2025-10-25 21:06:50,582 : INFO : EventManager : Event: ======'playfield_ball_count_change'====== Args={'balls': 1, 'change': 1}
2025-10-25 21:06:50,582 : INFO : EventManager : Event: ======'balldevice_bd_trough_ball_count_changed'====== Args={'balls': 0}
2025-10-25 21:06:50,582 : INFO : ball_device.bd_trough : State: idle
2025-10-25 21:06:51,935 : INFO : SwitchController : <<<<<<< 's_trough' active >>>>>>>
2025-10-25 21:06:51,935 : INFO : EventManager : Event: ======'machine_var_audits_switches_s_trough'====== Args={'value': 252, 'prev_value': 251, 'change': 1}
2025-10-25 21:06:51,951 : INFO : SwitchController : <<<<<<< 's_trough' inactive >>>>>>>
2025-10-25 21:06:51,998 : INFO : SwitchController : <<<<<<< 's_trough' active >>>>>>>
2025-10-25 21:06:51,998 : INFO : EventManager : Event: ======'machine_var_audits_switches_s_trough'====== Args={'value': 253, 'prev_value': 252, 'change': 1}
2025-10-25 21:06:52,499 : INFO : EventManager : Event: ======'balldevice_bd_trough_ball_count_changed'====== Args={'balls': 1}
2025-10-25 21:06:52,499 : INFO : ball_device.bd_trough : Received unexpected ball
2025-10-25 21:06:52,499 : INFO : EventManager : Event: ======'balldevice_captured_from_playfield'====== Args={'balls': 1}
2025-10-25 21:06:52,500 : INFO : EventManager : Event: ======'sw_playfield_active'====== Args={'balls': 1}
2025-10-25 21:06:52,500 : INFO : EventManager : Event: ======'playfield_ball_count_change'====== Args={'balls': 0, 'change': -1}
2025-10-25 21:06:52,500 : INFO : EventManager : Event: ======'balldevice_bd_trough_ball_enter'====== Args={'new_balls': 1, 'unclaimed_balls': 1, 'new_available_balls': 1, 'device': <ball_device.bd_trough>}
2025-10-25 21:06:52,500 : INFO : EventManager : Event: ======'ball_drain'====== Args={'device': <ball_device.bd_trough>, 'balls': 1}
2025-10-25 21:06:52,501 : INFO : EventManager : Event: ======'ball_will_end'====== Args={}
2025-10-25 21:06:52,501 : INFO : EventManager : Event: ======'balldevice_balls_available'====== Args={}
2025-10-25 21:06:52,501 : INFO : EventManager : Event: ======'balldevice_bd_trough_ball_entered'====== Args={'new_balls': 1, 'device': <ball_device.bd_trough>}
2025-10-25 21:06:52,502 : INFO : EventManager : Event: ======'ball_ending'====== Args={}
2025-10-25 21:06:52,502 : INFO : EventManager : Event: ======'mode_base_will_stop'====== Args={}
2025-10-25 21:06:52,502 : INFO : EventManager : Event: ======'mode_base_stopping'====== Args={}
2025-10-25 21:06:52,502 : INFO : EventManager : Event: ======'stop_base_music'====== Args={'priority': 0}
2025-10-25 21:06:52,503 : INFO : Mode.base : Stopped.
2025-10-25 21:06:52,503 : INFO : EventManager : Event: ======'modes_active_modes_changed'====== Args={}
2025-10-25 21:06:52,503 : INFO : EventManager : Event: ======'mode_base_stopped'====== Args={}
2025-10-25 21:06:52,503 : INFO : EventManager : Event: ======'clear'====== Args={'key': 'base'}
2025-10-25 21:06:52,515 : INFO : EventManager : Event: ======'ball_ended'====== Args={}
2025-10-25 21:06:52,515 : INFO : EventManager : Event: ======'player_turn_will_end'====== Args={'player': <Player 1>, 'number': 1}
2025-10-25 21:06:52,520 : INFO : EventManager : Event: ======'player_turn_ending'====== Args={'player': <Player 1>, 'number': 1}
2025-10-25 21:06:52,521 : INFO : EventManager : Event: ======'player_turn_ended'====== Args={'player': <Player 1>, 'number': 1}
2025-10-25 21:06:52,521 : INFO : EventManager : Event: ======'player_turn_will_start'====== Args={'player': <Player 1>, 'number': 1}
2025-10-25 21:06:52,521 : INFO : EventManager : Event: ======'player_turn_starting'====== Args={'player': <Player 1>, 'number': 1}
2025-10-25 21:06:52,522 : INFO : EventManager : Event: ======'player_ball'====== Args={'value': 3, 'prev_value': 2, 'change': 1, 'player_num': 1}
2025-10-25 21:06:52,522 : INFO : EventManager : Event: ======'player_turn_started'====== Args={'player': <Player 1>, 'number': 1}
2025-10-25 21:06:52,523 : INFO : EventManager : Event: ======'ball_will_start'====== Args={'player': 1, 'ball': 3, 'balls_remaining': 0, 'is_extra_ball': False}
2025-10-25 21:06:52,526 : INFO : EventManager : Event: ======'ball_starting'====== Args={'player': 1, 'ball': 3, 'balls_remaining': 0, 'is_extra_ball': False}
2025-10-25 21:06:52,526 : INFO : drop_target_bank.right_bank : All targets are already up. Will not reset bank.
2025-10-25 21:06:52,526 : INFO : drop_target_bank.left_bank : All targets are already up. Will not reset bank.
2025-10-25 21:06:52,527 : INFO : EventManager : Event: ======'balls_in_play'====== Args={'balls': 1}
2025-10-25 21:06:52,527 : INFO : EventManager : Event: ======'ball_started'====== Args={'player': 1, 'ball': 3, 'balls_remaining': 0, 'is_extra_ball': False}
2025-10-25 21:06:52,527 : INFO : EventManager : Event: ======'mode_base_will_start'====== Args={'player': 1, 'ball': 3, 'balls_remaining': 0, 'is_extra_ball': False}
2025-10-25 21:06:52,527 : INFO : EventManager : Unordered handler for class <Auditor> on event game_ended with priority 1. Handlers: [RegisteredHandler(callback=<bound method Auditor.disable of <Auditor>>, priority=1, kwargs={}, key=UUID('acc6ab76-98d3-475d-ba26-ee82eadae9b5'), condition=None, blocking_facility=None), RegisteredHandler(callback=<bound method Auditor._save_audits of <Auditor>>, priority=1, kwargs={}, key=UUID('dadaa31a-704e-44b0-a7f7-20d51542e1db'), condition=None, blocking_facility=None)]. The order of those handlers is not defined and they will be executed in random order. This might lead to race conditions and potential bugs.
2025-10-25 21:06:52,532 : INFO : EventManager : Event: ======'mode_base_starting'====== Args={'player': 1, 'ball': 3, 'balls_remaining': 0, 'is_extra_ball': False}
2025-10-25 21:06:52,533 : INFO : EventManager : Event: ======'info_flip_back_now'====== Args={'priority': 0, 'delay': '2s'}
2025-10-25 21:06:52,534 : INFO : Mode.base : Started. Priority: 50
2025-10-25 21:06:52,534 : INFO : EventManager : Event: ======'modes_active_modes_changed'====== Args={}
2025-10-25 21:06:52,534 : INFO : EventManager : Event: ======'mode_base_started'====== Args={'player': 1, 'ball': 3, 'balls_remaining': 0, 'is_extra_ball': False}
2025-10-25 21:06:52,535 : INFO : EventManager : Event: ======'single_player_ball_started'====== Args={}
2025-10-25 21:06:52,547 : INFO : EventManager : Event: ======'ball_start_target'====== Args={'target': 'playfield'}
2025-10-25 21:06:52,547 : INFO : ball_device.bd_trough : Setting up player-controlled eject. Balls: 1, Target: <playfield.playfield>, player_controlled_eject_event: None
2025-10-25 21:06:52,547 : INFO : ball_device.bd_trough : Adding 1 ball(s) to the eject_queue with target <playfield.playfield>.
2025-10-25 21:06:52,547 : INFO : EventManager : Event: ======'balldevice_balls_available'====== Args={}
2025-10-25 21:06:52,548 : INFO : ball_device.bd_trough : State: waiting_for_target_ready
2025-10-25 21:06:52,548 : INFO : EventManager : Event: ======'balldevice_bd_trough_ball_eject_attempt'====== Args={'balls': 1, 'target': <playfield.playfield>, 'source': <ball_device.bd_trough>, 'mechanical_eject': False, 'num_attempts': 0}
2025-10-25 21:06:52,548 : INFO : ball_device.bd_trough : State: ejecting
2025-10-25 21:06:52,548 : INFO : ball_device.bd_trough : Ejecting ball to <playfield.playfield>
2025-10-25 21:06:52,548 : INFO : EventManager : Event: ======'balldevice_bd_trough_ejecting_ball'====== Args={'balls': 1, 'target': <playfield.playfield>, 'source': <ball_device.bd_trough>, 'mechanical_eject': False, 'num_attempts': 0}
2025-10-25 21:06:52,549 : INFO : ball_device.bd_trough : Wait for ball to leave device
2025-10-25 21:06:52,549 : INFO : coil.c_trough_eject : Pulsing Driver for 40ms (1.0 pulse_power)
2025-10-25 21:06:52,609 : INFO : SwitchController : <<<<<<< 's_trough' inactive >>>>>>>
2025-10-25 21:06:52,614 : INFO : ball_device.bd_trough : State: ball_left
2025-10-25 21:06:52,614 : INFO : ball_device.bd_trough : Ball left
2025-10-25 21:06:52,614 : INFO : ball_device.bd_trough : Wait for confirm with timeout 10.0
2025-10-25 21:06:54,595 : INFO : SwitchController : <<<<<<< 's_inlanes' active >>>>>>>
2025-10-25 21:06:54,595 : INFO : EventManager : Event: ======'s_inlanes_active'====== Args={}
2025-10-25 21:06:54,595 : INFO : EventManager : Event: ======'sw_playfield_active'====== Args={}
2025-10-25 21:06:54,595 : INFO : EventManager : Event: ======'machine_var_audits_switches_s_inlanes'====== Args={'value': 70, 'prev_value': 69, 'change': 1}
2025-10-25 21:06:54,596 : INFO : EventManager : Event: ======'player_score'====== Args={'value': 300, 'prev_value': 200, 'change': 100, 'player_num': 1, 'source': 'base'}
2025-10-25 21:06:54,596 : INFO : EventManager : Unordered handler for class <Auditor> on event game_ended with priority 1. Handlers: [RegisteredHandler(callback=<bound method Auditor.disable of <Auditor>>, priority=1, kwargs={}, key=UUID('acc6ab76-98d3-475d-ba26-ee82eadae9b5'), condition=None, blocking_facility=None), RegisteredHandler(callback=<bound method Auditor._save_audits of <Auditor>>, priority=1, kwargs={}, key=UUID('dadaa31a-704e-44b0-a7f7-20d51542e1db'), condition=None, blocking_facility=None)]. The order of those handlers is not defined and they will be executed in random order. This might lead to race conditions and potential bugs.
2025-10-25 21:06:54,597 : INFO : EventManager : Event: ======'playfield_active'====== Args={'source': None}
2025-10-25 21:06:54,607 : INFO : EventManager : Unordered handler for class <Auditor> on event game_ended with priority 1. Handlers: [RegisteredHandler(callback=<bound method Auditor.disable of <Auditor>>, priority=1, kwargs={}, key=UUID('acc6ab76-98d3-475d-ba26-ee82eadae9b5'), condition=None, blocking_facility=None), RegisteredHandler(callback=<bound method Auditor._save_audits of <Auditor>>, priority=1, kwargs={}, key=UUID('dadaa31a-704e-44b0-a7f7-20d51542e1db'), condition=None, blocking_facility=None)]. The order of those handlers is not defined and they will be executed in random order. This might lead to race conditions and potential bugs.
2025-10-25 21:06:54,608 : INFO : EventManager : Unordered handler for class <Auditor> on event game_ended with priority 1. Handlers: [RegisteredHandler(callback=<bound method Auditor.disable of <Auditor>>, priority=1, kwargs={}, key=UUID('acc6ab76-98d3-475d-ba26-ee82eadae9b5'), condition=None, blocking_facility=None), RegisteredHandler(callback=<bound method Auditor._save_audits of <Auditor>>, priority=1, kwargs={}, key=UUID('dadaa31a-704e-44b0-a7f7-20d51542e1db'), condition=None, blocking_facility=None)]. The order of those handlers is not defined and they will be executed in random order. This might lead to race conditions and potential bugs.
2025-10-25 21:06:54,608 : INFO : ball_device.bd_trough : Got eject confirm
2025-10-25 21:06:54,608 : INFO : ball_device.bd_trough : Eject successful
2025-10-25 21:06:54,608 : INFO : EventManager : Event: ======'balldevice_bd_trough_ball_eject_success'====== Args={'balls': 1, 'target': <playfield.playfield>}
2025-10-25 21:06:54,608 : INFO : EventManager : Event: ======'balldevice_playfield_ball_enter'====== Args={'new_balls': 1, 'unclaimed_balls': 1, 'device': <playfield.playfield>}
2025-10-25 21:06:54,608 : INFO : EventManager : Event: ======'playfield_ball_count_change'====== Args={'balls': 1, 'change': 1}
2025-10-25 21:06:54,609 : INFO : EventManager : Event: ======'balldevice_bd_trough_ball_count_changed'====== Args={'balls': 0}
2025-10-25 21:06:54,609 : INFO : ball_device.bd_trough : State: idle
2025-10-25 21:06:54,657 : INFO : SwitchController : <<<<<<< 's_inlanes' inactive >>>>>>>
2025-10-25 21:06:57,161 : INFO : SwitchController : <<<<<<< 's_trough' active >>>>>>>
2025-10-25 21:06:57,161 : INFO : EventManager : Event: ======'machine_var_audits_switches_s_trough'====== Args={'value': 254, 'prev_value': 253, 'change': 1}
2025-10-25 21:06:57,177 : INFO : SwitchController : <<<<<<< 's_trough' inactive >>>>>>>
2025-10-25 21:06:57,208 : INFO : SwitchController : <<<<<<< 's_trough' active >>>>>>>
2025-10-25 21:06:57,208 : INFO : EventManager : Event: ======'machine_var_audits_switches_s_trough'====== Args={'value': 255, 'prev_value': 254, 'change': 1}
2025-10-25 21:06:57,224 : INFO : SwitchController : <<<<<<< 's_trough' inactive >>>>>>>
2025-10-25 21:06:57,229 : INFO : SwitchController : <<<<<<< 's_trough' active >>>>>>>
2025-10-25 21:06:57,230 : INFO : EventManager : Event: ======'machine_var_audits_switches_s_trough'====== Args={'value': 256, 'prev_value': 255, 'change': 1}
2025-10-25 21:06:57,736 : INFO : EventManager : Event: ======'balldevice_bd_trough_ball_count_changed'====== Args={'balls': 1}
2025-10-25 21:06:57,736 : INFO : ball_device.bd_trough : Received unexpected ball
2025-10-25 21:06:57,736 : INFO : EventManager : Event: ======'balldevice_captured_from_playfield'====== Args={'balls': 1}
2025-10-25 21:06:57,736 : INFO : EventManager : Event: ======'sw_playfield_active'====== Args={'balls': 1}
2025-10-25 21:06:57,736 : INFO : EventManager : Event: ======'playfield_ball_count_change'====== Args={'balls': 0, 'change': -1}
2025-10-25 21:06:57,737 : INFO : EventManager : Event: ======'balldevice_bd_trough_ball_enter'====== Args={'new_balls': 1, 'unclaimed_balls': 1, 'new_available_balls': 1, 'device': <ball_device.bd_trough>}
2025-10-25 21:06:57,737 : INFO : EventManager : Event: ======'ball_drain'====== Args={'device': <ball_device.bd_trough>, 'balls': 1}
2025-10-25 21:06:57,737 : INFO : EventManager : Event: ======'ball_will_end'====== Args={}
2025-10-25 21:06:57,738 : INFO : EventManager : Event: ======'balldevice_balls_available'====== Args={}
2025-10-25 21:06:57,738 : INFO : EventManager : Event: ======'balldevice_bd_trough_ball_entered'====== Args={'new_balls': 1, 'device': <ball_device.bd_trough>}
2025-10-25 21:06:57,739 : INFO : EventManager : Event: ======'ball_ending'====== Args={}
2025-10-25 21:06:57,739 : INFO : EventManager : Event: ======'mode_base_will_stop'====== Args={}
2025-10-25 21:06:57,739 : INFO : EventManager : Event: ======'mode_base_stopping'====== Args={}
2025-10-25 21:06:57,739 : INFO : EventManager : Event: ======'stop_base_music'====== Args={'priority': 0}
2025-10-25 21:06:57,740 : INFO : Mode.base : Stopped.
2025-10-25 21:06:57,740 : INFO : EventManager : Event: ======'modes_active_modes_changed'====== Args={}
2025-10-25 21:06:57,740 : INFO : EventManager : Event: ======'mode_base_stopped'====== Args={}
2025-10-25 21:06:57,740 : INFO : EventManager : Event: ======'clear'====== Args={'key': 'base'}
2025-10-25 21:06:57,752 : INFO : EventManager : Event: ======'ball_ended'====== Args={}
2025-10-25 21:06:57,754 : INFO : EventManager : Event: ======'player_turn_will_end'====== Args={'player': <Player 1>, 'number': 1}
2025-10-25 21:06:57,757 : INFO : EventManager : Event: ======'player_turn_ending'====== Args={'player': <Player 1>, 'number': 1}
2025-10-25 21:06:57,757 : INFO : EventManager : Event: ======'player_turn_ended'====== Args={'player': <Player 1>, 'number': 1}
2025-10-25 21:06:57,757 : INFO : EventManager : Event: ======'game_will_end'====== Args={}
2025-10-25 21:06:57,758 : INFO : EventManager : Event: ======'game_ending'====== Args={}
2025-10-25 21:06:57,758 : INFO : EventManager : Event: ======'game_ended'====== Args={}
2025-10-25 21:06:57,758 : INFO : EventManager : Event: ======'mode_game_will_stop'====== Args={}
2025-10-25 21:06:57,758 : INFO : EventManager : Event: ======'mode_game_stopping'====== Args={}
2025-10-25 21:06:57,758 : INFO : EventManager : Event: ======'mode_attract_will_start'====== Args={}
2025-10-25 21:06:57,759 : INFO : EventManager : Event: ======'mode_attract_starting'====== Args={}
2025-10-25 21:06:57,760 : INFO : Mode.attract : Started. Priority: 10
2025-10-25 21:06:57,760 : INFO : EventManager : Event: ======'modes_active_modes_changed'====== Args={}
2025-10-25 21:06:57,760 : INFO : EventManager : Event: ======'mode_attract_started'====== Args={}
2025-10-25 21:06:57,760 : INFO : EventManager : Event: ======'godot_attract_on'====== Args={'priority': 0}
2025-10-25 21:06:57,761 : INFO : EventManager : Event: ======'collecting_balls_complete'====== Args={}
2025-10-25 21:06:57,761 : INFO : Mode.game : Stopped.
2025-10-25 21:06:57,761 : INFO : EventManager : Event: ======'modes_active_modes_changed'====== Args={}
2025-10-25 21:06:57,761 : INFO : EventManager : Event: ======'mode_game_stopped'====== Args={}
2025-10-25 21:06:57,761 : INFO : EventManager : Event: ======'clear'====== Args={'key': 'game'}
2025-10-25 21:06:57,785 : INFO : EventManager : Event: ======'slide_attract_created'====== Args={'_from_bcp': True}
2025-10-25 21:06:57,786 : INFO : EventManager : Event: ======'slide_attract_inactive'====== Args={'is_removing': True, '_from_bcp': True}
2025-10-25 21:06:57,786 : INFO : EventManager : Event: ======'slide_attract_active'====== Args={'original_context': 'attract', 'original_calling_context': 'mode_attract_started', 'priority': 10.0, 'cmd': 'slides_play', '_from_bcp': True}
2025-10-25 21:06:57,786 : INFO : EventManager : Event: ======'slide_attract_removed'====== Args={'_from_bcp': True}
2025-10-25 21:06:59,761 : INFO : EventManager : Event: ======'attract_wave_complete'====== Args={'priority': 0}
2025-10-25 21:07:00,151 : INFO : EventManager : Event: ======'attract_pulse_complete'====== Args={'priority': 0}
2025-10-25 21:07:00,556 : INFO : EventManager : Event: ======'attract_pulse_complete'====== Args={'priority': 0}
2025-10-25 21:07:02,554 : INFO : EventManager : Event: ======'attract_wave_complete'====== Args={'priority': 0}
2025-10-25 21:07:02,946 : INFO : EventManager : Event: ======'attract_pulse_complete'====== Args={'priority': 0}
2025-10-25 21:07:03,363 : INFO : EventManager : Event: ======'attract_pulse_complete'====== Args={'priority': 0}
2025-10-25 21:07:05,353 : INFO : EventManager : Event: ======'attract_wave_complete'====== Args={'priority': 0}
2025-10-25 21:07:05,509 : INFO : Machine : Shutting down...
2025-10-25 21:07:05,509 : INFO : EventManager : Event: ======'shutdown'====== Args={}
2025-10-25 21:07:05,537 : ERROR : asyncio : Exception in callback RunningShow._run_next_step()
handle: <TimerHandle when=724633.45 RunningShow._run_next_step()>
Traceback (most recent call last):
  File "C:\Users\antho\AppData\Local\Programs\Python\Python312\Lib\asyncio\events.py", line 88, in _run
    self._context.run(self._callback, *self._args)
  File "C:\Users\antho\mpf\Lib\site-packages\mpf\assets\show.py", line 690, in _run_next_step
    player.show_play_callback(
  File "C:\Users\antho\mpf\Lib\site-packages\mpf\core\config_player.py", line 365, in show_play_callback
    self.play(settings=settings, priority=priority, calling_context=calling_context,
  File "C:\Users\antho\mpf\Lib\site-packages\mpf\config_players\light_player.py", line 43, in play
    self._light_color(light, instance_dict, full_context, s['color'], s["fade"], final_priority, start_time)
  File "C:\Users\antho\mpf\Lib\site-packages\mpf\config_players\light_player.py", line 103, in _light_color
    light.color(color, key=full_context, fade_ms=fade_ms, priority=priority, start_time=start_time)
  File "C:\Users\antho\mpf\Lib\site-packages\mpf\devices\light.py", line 414, in color
    self._schedule_update()
  File "C:\Users\antho\mpf\Lib\site-packages\mpf\devices\light.py", line 657, in _schedule_update
    driver.set_fade(start_brightness, start_time, target_brightness, target_time)
  File "C:\Users\antho\mpf\Lib\site-packages\mpf\platforms\interfaces\light_platform_interface.py", line 98, in set_fade
    self.set_brightness_and_fade(target_brightness, max(fade_ms, 0))
  File "C:\Users\antho\mpf\Lib\site-packages\mpf\platforms\interfaces\light_platform_interface.py", line 160, in set_brightness_and_fade
    self.set_brightness(brightness)
  File "C:\Users\antho\mpf\Lib\site-packages\mpf\platforms\lisy\lisy.py", line 126, in set_brightness
    self.platform.send_byte(LisyDefines.LampsSetLampOff, bytes([self.number]))
  File "C:\Users\antho\mpf\Lib\site-packages\mpf\platforms\lisy\lisy.py", line 783, in send_byte
    assert self._writer is not None
           ^^^^^^^^^^^^^^^^^^^^^^^^
AssertionError
2025-10-25 21:07:05,601 : INFO : root : MPF run loop ended.
