2025-12-01 08:17:40,712 : INFO : root : Loading config.
2025-12-01 08:17:40,719 : INFO : YamlMultifileConfigLoader : Machine config file #1: config.yaml
2025-12-01 08:17:40,720 : INFO : ConfigProcessor : Loading config from cache: C:\Users\antho\AppData\Local\Temp\fdca14d0c9d658ab8200d57120800af5.mpf_cache
2025-12-01 08:17:40,842 : INFO : ConfigProcessor : Loading config from cache: C:\Users\antho\AppData\Local\Temp\5dec96b1547c4adf5bdd3d1715e74bc0.mpf_cache
2025-12-01 08:17:40,843 : INFO : ConfigProcessor : Loading config from cache: C:\Users\antho\AppData\Local\Temp\202a5840610e95051f9f473dfa660cc0.mpf_cache
2025-12-01 08:17:40,843 : INFO : ConfigProcessor : Loading config from cache: C:\Users\antho\AppData\Local\Temp\5dec96b1547c4adf5bdd3d1715e74bc0.mpf_cache
2025-12-01 08:17:40,844 : INFO : ConfigProcessor : Loading config from cache: C:\Users\antho\AppData\Local\Temp\2cd13a2d3f375e00ab01d6d09a85d8e7.mpf_cache
2025-12-01 08:17:40,856 : INFO : ConfigProcessor : Loading config from cache: C:\Users\antho\AppData\Local\Temp\9220b44b97b91972524500b81035d790.mpf_cache
2025-12-01 08:17:40,858 : INFO : ConfigProcessor : Loading config from cache: C:\Users\antho\AppData\Local\Temp\31ee881584fa6fce665a672a4f3f633a.mpf_cache
2025-12-01 08:17:40,858 : INFO : ConfigProcessor : Loading config from cache: C:\Users\antho\AppData\Local\Temp\5e841763ec73085bbf92358fe6afda21.mpf_cache
2025-12-01 08:17:40,859 : INFO : ConfigProcessor : Loading config from cache: C:\Users\antho\AppData\Local\Temp\7f73d12aa9beccac1cbd8c265ccda72e.mpf_cache
2025-12-01 08:17:40,859 : INFO : ConfigProcessor : Loading config from cache: C:\Users\antho\AppData\Local\Temp\a03ebaa9d6d5676c418deb142cb34911.mpf_cache
2025-12-01 08:17:40,859 : INFO : ConfigProcessor : Loading config from cache: C:\Users\antho\AppData\Local\Temp\2a094deb6857657f8a15ea4f7a0ec867.mpf_cache
2025-12-01 08:17:40,860 : INFO : ConfigProcessor : Loading config from cache: C:\Users\antho\AppData\Local\Temp\d7fd77a855ca1faa8685cb9a9066d080.mpf_cache
2025-12-01 08:17:40,860 : INFO : ConfigProcessor : Loading config from cache: C:\Users\antho\AppData\Local\Temp\b17152efa55a24f0424602723f8d3921.mpf_cache
2025-12-01 08:17:40,861 : INFO : ConfigProcessor : Loading config from cache: C:\Users\antho\AppData\Local\Temp\e87fc0e7d2f8a851b5fa3f604e0d0c6e.mpf_cache
2025-12-01 08:17:40,861 : INFO : ConfigProcessor : Loading config from cache: C:\Users\antho\AppData\Local\Temp\196ac76b6cab3a9880804c826cfbcb5c.mpf_cache
2025-12-01 08:17:40,861 : INFO : ConfigProcessor : Loading config from cache: C:\Users\antho\AppData\Local\Temp\55437eb303afaa980597ff60f339a871.mpf_cache
2025-12-01 08:17:40,862 : INFO : ConfigProcessor : Loading config from cache: C:\Users\antho\AppData\Local\Temp\fddc1006228d3387e6d1e46051a3638d.mpf_cache
2025-12-01 08:17:40,862 : INFO : ConfigProcessor : Loading config from cache: C:\Users\antho\AppData\Local\Temp\834292dd7853e12a66732dc89828c828.mpf_cache
2025-12-01 08:17:40,864 : INFO : ConfigProcessor : Loading config from cache: C:\Users\antho\AppData\Local\Temp\46f8fa3e41dfeeb8232af2f03a13b6c4.mpf_cache
2025-12-01 08:17:40,864 : INFO : ConfigProcessor : Loading config from cache: C:\Users\antho\AppData\Local\Temp\c67e9c175da6c060302945929b27b878.mpf_cache
2025-12-01 08:17:40,864 : INFO : ConfigProcessor : Loading config from cache: C:\Users\antho\AppData\Local\Temp\ec2973663a8c2c2d478c01722317ca63.mpf_cache
2025-12-01 08:17:40,865 : INFO : Machine : Mission Pinball Framework Core Engine v0.80.0.dev11
2025-12-01 08:17:40,865 : INFO : Machine : Command line arguments: {'no_load_cache': False, 'create_config_cache': True, 'bcp': True, 'configfile': ['config.yaml'], 'force_assets_load': False, 'platform_integration_test': False, 'jsonlogging': False, 'logfile': 'logs\\2025-12-01-08-17-40-mpf-LAPTOP-MPGP6R69.log', 'pause': False, 'production': False, 'text_ui': True, 'loglevel': 15, 'consoleloglevel': 20, 'force_platform': None, 'syslog_address': None, 'full_logfile_path': 'C:\\Users\\antho\\nightpin\\logs\\2025-12-01-08-17-40-mpf-LAPTOP-MPGP6R69.log'}
2025-12-01 08:17:40,865 : INFO : Machine : MPF path: C:\Users\antho\mpf\Lib\site-packages\mpf
2025-12-01 08:17:40,865 : INFO : Machine : Machine path: C:\Users\antho\nightpin
2025-12-01 08:17:40,865 : INFO : Machine : Platform: win32
2025-12-01 08:17:40,865 : INFO : Machine : Python executable location: C:\Users\antho\mpf\Scripts\python.exe
2025-12-01 08:17:40,865 : INFO : Machine : Python version: 3.12.7 (64-bit)
2025-12-01 08:17:40,867 : INFO : Machine : Initializing MPF...
2025-12-01 08:17:41,074 : INFO : lisy : Connecting to com3 at 115200bps
2025-12-01 08:17:41,075 : WARNING : lisy : Could not import terminos (this is ok on windows).
2025-12-01 08:17:41,246 : INFO : EventManager : Event: ======'machine_var_lisy_hardware'====== Args={'value': 'LISY35', 'prev_value': None, 'change': True}
2025-12-01 08:17:41,246 : INFO : EventManager : Event: ======'machine_var_lisy_version'====== Args={'value': '5.26 ', 'prev_value': None, 'change': True}
2025-12-01 08:17:41,246 : INFO : EventManager : Event: ======'machine_var_lisy_api_version'====== Args={'value': b'0.09', 'prev_value': None, 'change': True}
2025-12-01 08:17:42,568 : INFO : EventManager : Event: ======'machine_var_credits_string'====== Args={'value': 'FREE PLAY', 'prev_value': None, 'change': True}
2025-12-01 08:17:42,601 : INFO : EventManager : Event: ======'machine_var_master_volume'====== Args={'value': 0.5, 'prev_value': None, 'change': True}
2025-12-01 08:17:42,601 : INFO : EventManager : Event: ======'machine_var_player1_score'====== Args={'value': 1400, 'prev_value': None, 'change': True}
2025-12-01 08:17:42,601 : INFO : EventManager : Event: ======'machine_var_player2_score'====== Args={'value': 1500, 'prev_value': None, 'change': True}
2025-12-01 08:17:42,601 : INFO : EventManager : Event: ======'machine_var_player3_score'====== Args={'value': 1600, 'prev_value': None, 'change': True}
2025-12-01 08:17:42,601 : INFO : EventManager : Event: ======'machine_var_player4_score'====== Args={'value': 1700, 'prev_value': None, 'change': True}
2025-12-01 08:17:42,601 : INFO : EventManager : Event: ======'machine_var_mpf_version'====== Args={'value': 'Mission Pinball Framework v0.80.0.dev11', 'prev_value': None, 'change': True}
2025-12-01 08:17:42,601 : INFO : EventManager : Event: ======'machine_var_mpf_extended_version'====== Args={'value': 'Mission Pinball Framework v0.80.0.dev11, Config version:6, Show version: 6, BCP version:1.1', 'prev_value': None, 'change': True}
2025-12-01 08:17:42,602 : INFO : EventManager : Event: ======'machine_var_python_version'====== Args={'value': '3.12.7', 'prev_value': None, 'change': True}
2025-12-01 08:17:42,701 : INFO : EventManager : Event: ======'machine_var_platform'====== Args={'value': 'Windows-11-10.0.26100-SP0', 'prev_value': None, 'change': True}
2025-12-01 08:17:42,701 : INFO : EventManager : Event: ======'machine_var_platform_system'====== Args={'value': 'Windows', 'prev_value': None, 'change': True}
2025-12-01 08:17:42,701 : INFO : EventManager : Event: ======'machine_var_platform_release'====== Args={'value': '11', 'prev_value': None, 'change': True}
2025-12-01 08:17:42,701 : INFO : EventManager : Event: ======'machine_var_platform_version'====== Args={'value': '10.0.26100', 'prev_value': None, 'change': True}
2025-12-01 08:17:42,701 : INFO : EventManager : Event: ======'machine_var_platform_machine'====== Args={'value': 'AMD64', 'prev_value': None, 'change': True}
2025-12-01 08:17:42,701 : INFO : EventManager : Event: ======'machine_var_log_file_path'====== Args={'value': 'C:\\Users\\antho\\nightpin\\logs\\2025-12-01-08-17-40-mpf-LAPTOP-MPGP6R69.log', 'prev_value': None, 'change': True}
2025-12-01 08:17:42,701 : INFO : EventManager : Event: ======'init_phase_1'====== Args={}
2025-12-01 08:17:42,743 : INFO : EventManager : Event: ======'drop_target_bank_right_bank_up'====== Args={}
2025-12-01 08:17:42,743 : INFO : EventManager : Event: ======'drop_target_bank_left_bank_up'====== Args={}
2025-12-01 08:17:42,829 : INFO : EventManager : Event: ======'init_phase_2'====== Args={}
2025-12-01 08:17:42,830 : INFO : SwitchController : Found active switch: ('8', <mpf.platforms.lisy.lisy.LisyHardwarePlatform object at 0x00000210AF4196D0>) <switch.s_trough>
2025-12-01 08:17:42,830 : INFO : SwitchController : Found active switch: ('15', <mpf.platforms.lisy.lisy.LisyHardwarePlatform object at 0x00000210AF4196D0>) <switch.s_spinner>
2025-12-01 08:17:42,838 : INFO : EventManager : Event: ======'bcp_connection_attempt'====== Args={'name': 'local_display', 'host': 'localhost', 'port': 5050}
2025-12-01 08:17:42,841 : INFO : BCPClientSocket : Connecting BCP to 'local_display' at localhost:5050...
2025-12-01 08:17:43,866 : INFO : BCPClientSocket : Connected BCP to 'local_display' localhost:5050
2025-12-01 08:17:43,867 : INFO : EventManager : Event: ======'bcp_clients_connected'====== Args={}
2025-12-01 08:17:43,972 : INFO : ball_device.bd_trough : BCH: Initial count: 1
2025-12-01 08:17:44,005 : INFO : ball_device.bd_trough : State: idle
2025-12-01 08:17:44,006 : INFO : ball_device.bd_saucer : BCH: Initial count: 0
2025-12-01 08:17:44,007 : INFO : ball_device.bd_saucer : State: idle
2025-12-01 08:17:44,020 : INFO : EventManager : Event: ======'init_phase_3'====== Args={}
2025-12-01 08:17:44,025 : INFO : EventManager : Event: ======'init_phase_4'====== Args={}
2025-12-01 08:17:44,027 : INFO : BallController : Initial balls found: 1
2025-12-01 08:17:44,028 : INFO : EventManager : Event: ======'machine_var_audits_events_game_ended'====== Args={'value': 45, 'prev_value': None, 'change': True}
2025-12-01 08:17:44,028 : INFO : EventManager : Event: ======'machine_var_audits_events_game_started'====== Args={'value': 185, 'prev_value': None, 'change': True}
2025-12-01 08:17:44,028 : INFO : EventManager : Event: ======'machine_var_audits_missing_switches_s_coin_right'====== Args={'value': 44, 'prev_value': None, 'change': True}
2025-12-01 08:17:44,028 : INFO : EventManager : Event: ======'machine_var_audits_missing_switches_s_credit_button'====== Args={'value': 35, 'prev_value': None, 'change': True}
2025-12-01 08:17:44,028 : INFO : EventManager : Event: ======'machine_var_audits_missing_switches_s_inlanes'====== Args={'value': 12, 'prev_value': None, 'change': True}
2025-12-01 08:17:44,028 : INFO : EventManager : Event: ======'machine_var_audits_missing_switches_s_left_bank_target_left'====== Args={'value': 4, 'prev_value': None, 'change': True}
2025-12-01 08:17:44,028 : INFO : EventManager : Event: ======'machine_var_audits_missing_switches_s_left_bank_target_middle'====== Args={'value': 33, 'prev_value': None, 'change': True}
2025-12-01 08:17:44,029 : INFO : EventManager : Event: ======'machine_var_audits_missing_switches_s_left_inlane'====== Args={'value': 11, 'prev_value': None, 'change': True}
2025-12-01 08:17:44,029 : INFO : EventManager : Event: ======'machine_var_audits_missing_switches_s_left_lower_bumper'====== Args={'value': 5, 'prev_value': None, 'change': True}
2025-12-01 08:17:44,029 : INFO : EventManager : Event: ======'machine_var_audits_missing_switches_s_left_outlane'====== Args={'value': 7, 'prev_value': None, 'change': True}
2025-12-01 08:17:44,029 : INFO : EventManager : Event: ======'machine_var_audits_missing_switches_s_left_outlane_rollover'====== Args={'value': 23, 'prev_value': None, 'change': True}
2025-12-01 08:17:44,029 : INFO : EventManager : Event: ======'machine_var_audits_missing_switches_s_left_rollover'====== Args={'value': 5, 'prev_value': None, 'change': True}
2025-12-01 08:17:44,029 : INFO : EventManager : Event: ======'machine_var_audits_missing_switches_s_left_skill_lane'====== Args={'value': 3, 'prev_value': None, 'change': True}
2025-12-01 08:17:44,029 : INFO : EventManager : Event: ======'machine_var_audits_missing_switches_s_left_sling'====== Args={'value': 4, 'prev_value': None, 'change': True}
2025-12-01 08:17:44,029 : INFO : EventManager : Event: ======'machine_var_audits_missing_switches_s_middle_skill_lane'====== Args={'value': 1, 'prev_value': None, 'change': True}
2025-12-01 08:17:44,029 : INFO : EventManager : Event: ======'machine_var_audits_missing_switches_s_middle_upper_rollovers'====== Args={'value': 5, 'prev_value': None, 'change': True}
2025-12-01 08:17:44,029 : INFO : EventManager : Event: ======'machine_var_audits_missing_switches_s_outer_skill_lanes'====== Args={'value': 1, 'prev_value': None, 'change': True}
2025-12-01 08:17:44,029 : INFO : EventManager : Event: ======'machine_var_audits_missing_switches_s_right_outlane'====== Args={'value': 5, 'prev_value': None, 'change': True}
2025-12-01 08:17:44,029 : INFO : EventManager : Event: ======'machine_var_audits_missing_switches_s_right_outlane_rollover'====== Args={'value': 40, 'prev_value': None, 'change': True}
2025-12-01 08:17:44,029 : INFO : EventManager : Event: ======'machine_var_audits_missing_switches_s_right_rollover'====== Args={'value': 100, 'prev_value': None, 'change': True}
2025-12-01 08:17:44,030 : INFO : EventManager : Event: ======'machine_var_audits_missing_switches_s_right_skill_lane'====== Args={'value': 3, 'prev_value': None, 'change': True}
2025-12-01 08:17:44,030 : INFO : EventManager : Event: ======'machine_var_audits_missing_switches_s_right_sling'====== Args={'value': 5, 'prev_value': None, 'change': True}
2025-12-01 08:17:44,030 : INFO : EventManager : Event: ======'machine_var_audits_missing_switches_s_rollover_upper'====== Args={'value': 5, 'prev_value': None, 'change': True}
2025-12-01 08:17:44,030 : INFO : EventManager : Event: ======'machine_var_audits_missing_switches_s_slam_tilt'====== Args={'value': 35, 'prev_value': None, 'change': True}
2025-12-01 08:17:44,030 : INFO : EventManager : Event: ======'machine_var_audits_missing_switches_s_stand_up'====== Args={'value': 5, 'prev_value': None, 'change': True}
2025-12-01 08:17:44,030 : INFO : EventManager : Event: ======'machine_var_audits_missing_switches_s_start_button'====== Args={'value': 6, 'prev_value': None, 'change': True}
2025-12-01 08:17:44,030 : INFO : EventManager : Event: ======'machine_var_audits_missing_switches_s_tilt'====== Args={'value': 36, 'prev_value': None, 'change': True}
2025-12-01 08:17:44,030 : INFO : EventManager : Event: ======'machine_var_audits_missing_switches_s_trough'====== Args={'value': 5, 'prev_value': None, 'change': True}
2025-12-01 08:17:44,030 : INFO : EventManager : Event: ======'machine_var_audits_player_score'====== Args={'value': {'average': 962, 'top': [7340, 5110, 5070, 4300, 4230, 3980, 3410, 2500, 2500, 2320], 'total': 89}, 'prev_value': None, 'change': True}
2025-12-01 08:17:44,030 : INFO : EventManager : Event: ======'machine_var_audits_shots_my_first_shot'====== Args={'value': 3, 'prev_value': None, 'change': True}
2025-12-01 08:17:44,030 : INFO : EventManager : Event: ======'machine_var_audits_shots_sh_eg_pop_left'====== Args={'value': 10, 'prev_value': None, 'change': True}
2025-12-01 08:17:44,030 : INFO : EventManager : Event: ======'machine_var_audits_shots_sh_eg_pop_middle'====== Args={'value': 9, 'prev_value': None, 'change': True}
2025-12-01 08:17:44,030 : INFO : EventManager : Event: ======'machine_var_audits_shots_sh_eg_pop_right'====== Args={'value': 14, 'prev_value': None, 'change': True}
2025-12-01 08:17:44,030 : INFO : EventManager : Event: ======'machine_var_audits_shots_sh_eg_right_drop_left'====== Args={'value': 6, 'prev_value': None, 'change': True}
2025-12-01 08:17:44,031 : INFO : EventManager : Event: ======'machine_var_audits_shots_sh_eg_right_drop_middle'====== Args={'value': 3, 'prev_value': None, 'change': True}
2025-12-01 08:17:44,031 : INFO : EventManager : Event: ======'machine_var_audits_shots_sh_eg_right_drop_right'====== Args={'value': 4, 'prev_value': None, 'change': True}
2025-12-01 08:17:44,031 : INFO : EventManager : Event: ======'machine_var_audits_shots_sh_eg_spinner'====== Args={'value': 2, 'prev_value': None, 'change': True}
2025-12-01 08:17:44,031 : INFO : EventManager : Event: ======'machine_var_audits_shots_sh_escape_graveyard_start'====== Args={'value': 20, 'prev_value': None, 'change': True}
2025-12-01 08:17:44,031 : INFO : EventManager : Event: ======'machine_var_audits_switches_s_coin_right'====== Args={'value': 2, 'prev_value': None, 'change': True}
2025-12-01 08:17:44,031 : INFO : EventManager : Event: ======'machine_var_audits_switches_s_credit_button'====== Args={'value': 7, 'prev_value': None, 'change': True}
2025-12-01 08:17:44,031 : INFO : EventManager : Event: ======'machine_var_audits_switches_s_inlanes'====== Args={'value': 159, 'prev_value': None, 'change': True}
2025-12-01 08:17:44,031 : INFO : EventManager : Event: ======'machine_var_audits_switches_s_left_bank_target_left'====== Args={'value': 46, 'prev_value': None, 'change': True}
2025-12-01 08:17:44,031 : INFO : EventManager : Event: ======'machine_var_audits_switches_s_left_bank_target_middle'====== Args={'value': 31, 'prev_value': None, 'change': True}
2025-12-01 08:17:44,031 : INFO : EventManager : Event: ======'machine_var_audits_switches_s_left_bank_target_right'====== Args={'value': 34, 'prev_value': None, 'change': True}
2025-12-01 08:17:44,031 : INFO : EventManager : Event: ======'machine_var_audits_switches_s_left_inlane'====== Args={'value': 13, 'prev_value': None, 'change': True}
2025-12-01 08:17:44,031 : INFO : EventManager : Event: ======'machine_var_audits_switches_s_left_lower_bumper'====== Args={'value': 46, 'prev_value': None, 'change': True}
2025-12-01 08:17:44,031 : INFO : EventManager : Event: ======'machine_var_audits_switches_s_left_outlane'====== Args={'value': 7, 'prev_value': None, 'change': True}
2025-12-01 08:17:44,031 : INFO : EventManager : Event: ======'machine_var_audits_switches_s_left_outlane_rollover'====== Args={'value': 23, 'prev_value': None, 'change': True}
2025-12-01 08:17:44,032 : INFO : EventManager : Event: ======'machine_var_audits_switches_s_left_pop_bumper'====== Args={'value': 162, 'prev_value': None, 'change': True}
2025-12-01 08:17:44,032 : INFO : EventManager : Event: ======'machine_var_audits_switches_s_left_rollover'====== Args={'value': 7, 'prev_value': None, 'change': True}
2025-12-01 08:17:44,032 : INFO : EventManager : Event: ======'machine_var_audits_switches_s_left_skill_lane'====== Args={'value': 24, 'prev_value': None, 'change': True}
2025-12-01 08:17:44,032 : INFO : EventManager : Event: ======'machine_var_audits_switches_s_left_sling'====== Args={'value': 125, 'prev_value': None, 'change': True}
2025-12-01 08:17:44,032 : INFO : EventManager : Event: ======'machine_var_audits_switches_s_left_upper_bumper'====== Args={'value': 62, 'prev_value': None, 'change': True}
2025-12-01 08:17:44,032 : INFO : EventManager : Event: ======'machine_var_audits_switches_s_middle_pop_bumper'====== Args={'value': 193, 'prev_value': None, 'change': True}
2025-12-01 08:17:44,032 : INFO : EventManager : Event: ======'machine_var_audits_switches_s_middle_rollover'====== Args={'value': 56, 'prev_value': None, 'change': True}
2025-12-01 08:17:44,032 : INFO : EventManager : Event: ======'machine_var_audits_switches_s_middle_skill_lane'====== Args={'value': 102, 'prev_value': None, 'change': True}
2025-12-01 08:17:44,032 : INFO : EventManager : Event: ======'machine_var_audits_switches_s_middle_upper_rollovers'====== Args={'value': 97, 'prev_value': None, 'change': True}
2025-12-01 08:17:44,032 : INFO : EventManager : Event: ======'machine_var_audits_switches_s_outer_skill_lanes'====== Args={'value': 133, 'prev_value': None, 'change': True}
2025-12-01 08:17:44,032 : INFO : EventManager : Event: ======'machine_var_audits_switches_s_pop_bumper_bottom'====== Args={'value': 6, 'prev_value': None, 'change': True}
2025-12-01 08:17:44,032 : INFO : EventManager : Event: ======'machine_var_audits_switches_s_pop_bumper_left'====== Args={'value': 2, 'prev_value': None, 'change': True}
2025-12-01 08:17:44,032 : INFO : EventManager : Event: ======'machine_var_audits_switches_s_pop_bumper_right'====== Args={'value': 1, 'prev_value': None, 'change': True}
2025-12-01 08:17:44,033 : INFO : EventManager : Event: ======'machine_var_audits_switches_s_right_bank_target_left'====== Args={'value': 69, 'prev_value': None, 'change': True}
2025-12-01 08:17:44,033 : INFO : EventManager : Event: ======'machine_var_audits_switches_s_right_bank_target_middle'====== Args={'value': 53, 'prev_value': None, 'change': True}
2025-12-01 08:17:44,033 : INFO : EventManager : Event: ======'machine_var_audits_switches_s_right_bank_target_right'====== Args={'value': 45, 'prev_value': None, 'change': True}
2025-12-01 08:17:44,033 : INFO : EventManager : Event: ======'machine_var_audits_switches_s_right_inlane'====== Args={'value': 505, 'prev_value': None, 'change': True}
2025-12-01 08:17:44,033 : INFO : EventManager : Event: ======'machine_var_audits_switches_s_right_outlane'====== Args={'value': 5, 'prev_value': None, 'change': True}
2025-12-01 08:17:44,033 : INFO : EventManager : Event: ======'machine_var_audits_switches_s_right_outlane_rollover'====== Args={'value': 6, 'prev_value': None, 'change': True}
2025-12-01 08:17:44,033 : INFO : EventManager : Event: ======'machine_var_audits_switches_s_right_pop_bumper'====== Args={'value': 219, 'prev_value': None, 'change': True}
2025-12-01 08:17:44,033 : INFO : EventManager : Event: ======'machine_var_audits_switches_s_right_rollover'====== Args={'value': 0, 'prev_value': None, 'change': True}
2025-12-01 08:17:44,033 : INFO : EventManager : Event: ======'machine_var_audits_switches_s_right_skill_lane'====== Args={'value': 21, 'prev_value': None, 'change': True}
2025-12-01 08:17:44,033 : INFO : EventManager : Event: ======'machine_var_audits_switches_s_right_sling'====== Args={'value': 103, 'prev_value': None, 'change': True}
2025-12-01 08:17:44,033 : INFO : EventManager : Event: ======'machine_var_audits_switches_s_rollover_upper'====== Args={'value': 13, 'prev_value': None, 'change': True}
2025-12-01 08:17:44,033 : INFO : EventManager : Event: ======'machine_var_audits_switches_s_saucer'====== Args={'value': 151, 'prev_value': None, 'change': True}
2025-12-01 08:17:44,033 : INFO : EventManager : Event: ======'machine_var_audits_switches_s_slam_tilt'====== Args={'value': 8, 'prev_value': None, 'change': True}
2025-12-01 08:17:44,033 : INFO : EventManager : Event: ======'machine_var_audits_switches_s_spinner'====== Args={'value': 607, 'prev_value': None, 'change': True}
2025-12-01 08:17:44,033 : INFO : EventManager : Event: ======'machine_var_audits_switches_s_stand_up'====== Args={'value': 13, 'prev_value': None, 'change': True}
2025-12-01 08:17:44,033 : INFO : EventManager : Event: ======'machine_var_audits_switches_s_start_button'====== Args={'value': 84, 'prev_value': None, 'change': True}
2025-12-01 08:17:44,033 : INFO : EventManager : Event: ======'machine_var_audits_switches_s_tilt'====== Args={'value': 3, 'prev_value': None, 'change': True}
2025-12-01 08:17:44,033 : INFO : EventManager : Event: ======'machine_var_audits_switches_s_trough'====== Args={'value': 1271, 'prev_value': None, 'change': True}
2025-12-01 08:17:44,034 : INFO : EventManager : Event: ======'init_phase_5'====== Args={}
2025-12-01 08:17:44,047 : INFO : EventManager : Event: ======'init_done'====== Args={}
2025-12-01 08:17:44,049 : INFO : EventManager : Event: ======'machine_reset_phase_1'====== Args={}
2025-12-01 08:17:44,055 : INFO : EventManager : Event: ======'machine_reset_phase_2'====== Args={}
2025-12-01 08:17:44,055 : INFO : EventManager : Event: ======'machine_reset_phase_3'====== Args={}
2025-12-01 08:17:44,056 : INFO : EventManager : Event: ======'mode_attract_will_start'====== Args={'queue': <QueuedEvent>}
2025-12-01 08:17:44,057 : INFO : EventManager : Event: ======'mode_attract_starting'====== Args={'queue': <QueuedEvent>}
2025-12-01 08:17:44,058 : INFO : Mode.attract : Started. Priority: 10
2025-12-01 08:17:44,058 : INFO : EventManager : Event: ======'modes_active_modes_changed'====== Args={}
2025-12-01 08:17:44,058 : INFO : EventManager : Event: ======'mode_attract_started'====== Args={'queue': <QueuedEvent>}
2025-12-01 08:17:44,058 : INFO : EventManager : Event: ======'godot_attract_on'====== Args={'priority': 0}
2025-12-01 08:17:44,059 : INFO : EventManager : Event: ======'collecting_balls_complete'====== Args={}
2025-12-01 08:17:44,059 : INFO : EventManager : Event: ======'reset_complete'====== Args={}
2025-12-01 08:17:44,092 : INFO : Machine : Starting the main run loop with active modes: [<Mode.attract>]
2025-12-01 08:17:44,104 : INFO : EventManager : Event: ======'slide_attract_created'====== Args={'_from_bcp': True}
2025-12-01 08:17:44,104 : INFO : EventManager : Event: ======'slide__removed'====== Args={'_from_bcp': True}
2025-12-01 08:17:44,104 : INFO : EventManager : Event: ======'slide_attract_active'====== Args={'original_context': 'attract', 'original_calling_context': 'mode_attract_started', 'priority': 10.0, 'queue': '<QueuedEvent>', 'cmd': 'slides_play', '_from_bcp': True}
2025-12-01 08:17:46,037 : INFO : EventManager : Event: ======'attract_wave_complete'====== Args={'priority': 0}
2025-12-01 08:17:46,424 : INFO : EventManager : Event: ======'attract_pulse_complete'====== Args={'priority': 0}
2025-12-01 08:17:46,831 : INFO : EventManager : Event: ======'attract_pulse_complete'====== Args={'priority': 0}
2025-12-01 08:17:48,828 : INFO : EventManager : Event: ======'attract_wave_complete'====== Args={'priority': 0}
2025-12-01 08:17:49,219 : INFO : EventManager : Event: ======'attract_pulse_complete'====== Args={'priority': 0}
2025-12-01 08:17:49,625 : INFO : EventManager : Event: ======'attract_pulse_complete'====== Args={'priority': 0}
2025-12-01 08:17:51,614 : INFO : EventManager : Event: ======'attract_wave_complete'====== Args={'priority': 0}
2025-12-01 08:17:52,005 : INFO : EventManager : Event: ======'attract_pulse_complete'====== Args={'priority': 0}
2025-12-01 08:17:52,410 : INFO : EventManager : Event: ======'attract_pulse_complete'====== Args={'priority': 0}
2025-12-01 08:17:54,017 : INFO : Machine : Shutting down...
2025-12-01 08:17:54,017 : INFO : EventManager : Event: ======'shutdown'====== Args={}
2025-12-01 08:17:54,422 : INFO : EventManager : Event: ======'attract_wave_complete'====== Args={'priority': 0}
2025-12-01 08:17:54,811 : INFO : EventManager : Event: ======'attract_pulse_complete'====== Args={'priority': 0}
2025-12-01 08:17:55,218 : INFO : EventManager : Event: ======'attract_pulse_complete'====== Args={'priority': 0}
2025-12-01 08:17:57,199 : INFO : EventManager : Event: ======'attract_wave_complete'====== Args={'priority': 0}
2025-12-01 08:17:57,584 : INFO : EventManager : Event: ======'attract_pulse_complete'====== Args={'priority': 0}
2025-12-01 08:17:57,994 : INFO : EventManager : Event: ======'attract_pulse_complete'====== Args={'priority': 0}
2025-12-01 08:17:59,996 : INFO : EventManager : Event: ======'attract_wave_complete'====== Args={'priority': 0}
2025-12-01 08:18:00,385 : INFO : EventManager : Event: ======'attract_pulse_complete'====== Args={'priority': 0}
2025-12-01 08:18:00,794 : INFO : EventManager : Event: ======'attract_pulse_complete'====== Args={'priority': 0}
2025-12-01 08:18:02,789 : INFO : EventManager : Event: ======'attract_wave_complete'====== Args={'priority': 0}
2025-12-01 08:18:03,181 : INFO : EventManager : Event: ======'attract_pulse_complete'====== Args={'priority': 0}
2025-12-01 08:18:03,589 : INFO : EventManager : Event: ======'attract_pulse_complete'====== Args={'priority': 0}
2025-12-01 08:18:05,574 : INFO : EventManager : Event: ======'attract_wave_complete'====== Args={'priority': 0}
2025-12-01 08:18:05,965 : INFO : EventManager : Event: ======'attract_pulse_complete'====== Args={'priority': 0}
2025-12-01 08:18:06,373 : INFO : EventManager : Event: ======'attract_pulse_complete'====== Args={'priority': 0}
2025-12-01 08:18:08,363 : INFO : EventManager : Event: ======'attract_wave_complete'====== Args={'priority': 0}
2025-12-01 08:18:08,760 : INFO : EventManager : Event: ======'attract_pulse_complete'====== Args={'priority': 0}
2025-12-01 08:18:09,168 : INFO : EventManager : Event: ======'attract_pulse_complete'====== Args={'priority': 0}
2025-12-01 08:18:11,169 : INFO : EventManager : Event: ======'attract_wave_complete'====== Args={'priority': 0}
2025-12-01 08:18:11,563 : INFO : EventManager : Event: ======'attract_pulse_complete'====== Args={'priority': 0}
2025-12-01 08:18:11,956 : INFO : EventManager : Event: ======'attract_pulse_complete'====== Args={'priority': 0}
2025-12-01 08:18:13,943 : INFO : EventManager : Event: ======'attract_wave_complete'====== Args={'priority': 0}
2025-12-01 08:18:14,336 : INFO : EventManager : Event: ======'attract_pulse_complete'====== Args={'priority': 0}
2025-12-01 08:18:14,743 : INFO : EventManager : Event: ======'attract_pulse_complete'====== Args={'priority': 0}
2025-12-01 08:18:16,739 : INFO : EventManager : Event: ======'attract_wave_complete'====== Args={'priority': 0}
2025-12-01 08:18:17,132 : INFO : EventManager : Event: ======'attract_pulse_complete'====== Args={'priority': 0}
2025-12-01 08:18:17,540 : INFO : EventManager : Event: ======'attract_pulse_complete'====== Args={'priority': 0}
2025-12-01 08:18:19,534 : INFO : EventManager : Event: ======'attract_wave_complete'====== Args={'priority': 0}
2025-12-01 08:18:19,927 : INFO : EventManager : Event: ======'attract_pulse_complete'====== Args={'priority': 0}
2025-12-01 08:18:20,336 : INFO : EventManager : Event: ======'attract_pulse_complete'====== Args={'priority': 0}
2025-12-01 08:18:22,324 : INFO : EventManager : Event: ======'attract_wave_complete'====== Args={'priority': 0}
2025-12-01 08:18:22,713 : INFO : EventManager : Event: ======'attract_pulse_complete'====== Args={'priority': 0}
2025-12-01 08:18:23,120 : INFO : EventManager : Event: ======'attract_pulse_complete'====== Args={'priority': 0}
2025-12-01 08:18:25,117 : INFO : EventManager : Event: ======'attract_wave_complete'====== Args={'priority': 0}
2025-12-01 08:18:25,511 : INFO : EventManager : Event: ======'attract_pulse_complete'====== Args={'priority': 0}
2025-12-01 08:18:25,917 : INFO : EventManager : Event: ======'attract_pulse_complete'====== Args={'priority': 0}
2025-12-01 08:18:27,911 : INFO : EventManager : Event: ======'attract_wave_complete'====== Args={'priority': 0}
2025-12-01 08:18:28,302 : INFO : EventManager : Event: ======'attract_pulse_complete'====== Args={'priority': 0}
2025-12-01 08:18:28,706 : INFO : EventManager : Event: ======'attract_pulse_complete'====== Args={'priority': 0}
2025-12-01 08:18:30,702 : INFO : EventManager : Event: ======'attract_wave_complete'====== Args={'priority': 0}
2025-12-01 08:18:31,092 : INFO : EventManager : Event: ======'attract_pulse_complete'====== Args={'priority': 0}
2025-12-01 08:18:31,500 : INFO : EventManager : Event: ======'attract_pulse_complete'====== Args={'priority': 0}
2025-12-01 08:18:33,487 : INFO : EventManager : Event: ======'attract_wave_complete'====== Args={'priority': 0}
2025-12-01 08:18:33,878 : INFO : EventManager : Event: ======'attract_pulse_complete'====== Args={'priority': 0}
2025-12-01 08:18:34,285 : INFO : EventManager : Event: ======'attract_pulse_complete'====== Args={'priority': 0}
2025-12-01 08:18:36,287 : INFO : EventManager : Event: ======'attract_wave_complete'====== Args={'priority': 0}
2025-12-01 08:18:36,679 : INFO : EventManager : Event: ======'attract_pulse_complete'====== Args={'priority': 0}
2025-12-01 08:18:37,088 : INFO : EventManager : Event: ======'attract_pulse_complete'====== Args={'priority': 0}
2025-12-01 08:18:39,067 : INFO : EventManager : Event: ======'attract_wave_complete'====== Args={'priority': 0}
2025-12-01 08:18:39,458 : INFO : EventManager : Event: ======'attract_pulse_complete'====== Args={'priority': 0}
2025-12-01 08:18:39,863 : INFO : EventManager : Event: ======'attract_pulse_complete'====== Args={'priority': 0}
2025-12-01 08:18:41,865 : INFO : EventManager : Event: ======'attract_wave_complete'====== Args={'priority': 0}
2025-12-01 08:18:42,258 : INFO : EventManager : Event: ======'attract_pulse_complete'====== Args={'priority': 0}
2025-12-01 08:18:42,668 : INFO : EventManager : Event: ======'attract_pulse_complete'====== Args={'priority': 0}
2025-12-01 08:18:44,658 : INFO : EventManager : Event: ======'attract_wave_complete'====== Args={'priority': 0}
2025-12-01 08:18:45,063 : INFO : EventManager : Event: ======'attract_pulse_complete'====== Args={'priority': 0}
2025-12-01 08:18:45,454 : INFO : EventManager : Event: ======'attract_pulse_complete'====== Args={'priority': 0}
2025-12-01 08:18:47,449 : INFO : EventManager : Event: ======'attract_wave_complete'====== Args={'priority': 0}
2025-12-01 08:18:47,840 : INFO : EventManager : Event: ======'attract_pulse_complete'====== Args={'priority': 0}
2025-12-01 08:18:48,247 : INFO : EventManager : Event: ======'attract_pulse_complete'====== Args={'priority': 0}
2025-12-01 08:18:50,247 : INFO : EventManager : Event: ======'attract_wave_complete'====== Args={'priority': 0}
2025-12-01 08:18:50,640 : INFO : EventManager : Event: ======'attract_pulse_complete'====== Args={'priority': 0}
2025-12-01 08:18:51,047 : INFO : EventManager : Event: ======'attract_pulse_complete'====== Args={'priority': 0}
2025-12-01 08:18:53,045 : INFO : EventManager : Event: ======'attract_wave_complete'====== Args={'priority': 0}
2025-12-01 08:18:53,436 : INFO : EventManager : Event: ======'attract_pulse_complete'====== Args={'priority': 0}
2025-12-01 08:18:53,829 : INFO : EventManager : Event: ======'attract_pulse_complete'====== Args={'priority': 0}
2025-12-01 08:18:55,815 : INFO : EventManager : Event: ======'attract_wave_complete'====== Args={'priority': 0}
2025-12-01 08:18:56,210 : INFO : EventManager : Event: ======'attract_pulse_complete'====== Args={'priority': 0}
2025-12-01 08:18:56,616 : INFO : EventManager : Event: ======'attract_pulse_complete'====== Args={'priority': 0}
2025-12-01 08:18:58,614 : INFO : EventManager : Event: ======'attract_wave_complete'====== Args={'priority': 0}
2025-12-01 08:18:59,006 : INFO : EventManager : Event: ======'attract_pulse_complete'====== Args={'priority': 0}
2025-12-01 08:18:59,415 : INFO : EventManager : Event: ======'attract_pulse_complete'====== Args={'priority': 0}
2025-12-01 08:19:01,407 : INFO : EventManager : Event: ======'attract_wave_complete'====== Args={'priority': 0}
2025-12-01 08:19:01,798 : INFO : EventManager : Event: ======'attract_pulse_complete'====== Args={'priority': 0}
2025-12-01 08:19:02,205 : INFO : EventManager : Event: ======'attract_pulse_complete'====== Args={'priority': 0}
2025-12-01 08:19:04,196 : INFO : EventManager : Event: ======'attract_wave_complete'====== Args={'priority': 0}
2025-12-01 08:19:04,586 : INFO : EventManager : Event: ======'attract_pulse_complete'====== Args={'priority': 0}
2025-12-01 08:19:04,994 : INFO : EventManager : Event: ======'attract_pulse_complete'====== Args={'priority': 0}
2025-12-01 08:19:06,997 : INFO : EventManager : Event: ======'attract_wave_complete'====== Args={'priority': 0}
2025-12-01 08:19:07,390 : INFO : EventManager : Event: ======'attract_pulse_complete'====== Args={'priority': 0}
2025-12-01 08:19:07,784 : INFO : EventManager : Event: ======'attract_pulse_complete'====== Args={'priority': 0}
2025-12-01 08:19:09,793 : INFO : EventManager : Event: ======'attract_wave_complete'====== Args={'priority': 0}
2025-12-01 08:19:10,188 : INFO : EventManager : Event: ======'attract_pulse_complete'====== Args={'priority': 0}
2025-12-01 08:19:10,581 : INFO : EventManager : Event: ======'attract_pulse_complete'====== Args={'priority': 0}
2025-12-01 08:19:12,567 : INFO : EventManager : Event: ======'attract_wave_complete'====== Args={'priority': 0}
2025-12-01 08:19:12,957 : INFO : EventManager : Event: ======'attract_pulse_complete'====== Args={'priority': 0}
2025-12-01 08:19:13,364 : INFO : EventManager : Event: ======'attract_pulse_complete'====== Args={'priority': 0}
2025-12-01 08:19:15,366 : INFO : EventManager : Event: ======'attract_wave_complete'====== Args={'priority': 0}
2025-12-01 08:19:15,758 : INFO : EventManager : Event: ======'attract_pulse_complete'====== Args={'priority': 0}
2025-12-01 08:19:16,164 : INFO : EventManager : Event: ======'attract_pulse_complete'====== Args={'priority': 0}
2025-12-01 08:19:18,161 : INFO : EventManager : Event: ======'attract_wave_complete'====== Args={'priority': 0}
2025-12-01 08:19:18,554 : INFO : EventManager : Event: ======'attract_pulse_complete'====== Args={'priority': 0}
2025-12-01 08:19:18,964 : INFO : EventManager : Event: ======'attract_pulse_complete'====== Args={'priority': 0}
2025-12-01 08:19:20,941 : INFO : EventManager : Event: ======'attract_wave_complete'====== Args={'priority': 0}
2025-12-01 08:19:21,336 : INFO : EventManager : Event: ======'attract_pulse_complete'====== Args={'priority': 0}
2025-12-01 08:19:21,741 : INFO : EventManager : Event: ======'attract_pulse_complete'====== Args={'priority': 0}
2025-12-01 08:19:23,736 : INFO : EventManager : Event: ======'attract_wave_complete'====== Args={'priority': 0}
2025-12-01 08:19:24,126 : INFO : EventManager : Event: ======'attract_pulse_complete'====== Args={'priority': 0}
2025-12-01 08:19:24,535 : INFO : EventManager : Event: ======'attract_pulse_complete'====== Args={'priority': 0}
2025-12-01 08:19:26,538 : INFO : EventManager : Event: ======'attract_wave_complete'====== Args={'priority': 0}
2025-12-01 08:19:26,930 : INFO : EventManager : Event: ======'attract_pulse_complete'====== Args={'priority': 0}
2025-12-01 08:19:27,341 : INFO : EventManager : Event: ======'attract_pulse_complete'====== Args={'priority': 0}
2025-12-01 08:19:29,315 : INFO : EventManager : Event: ======'attract_wave_complete'====== Args={'priority': 0}
2025-12-01 08:19:29,710 : INFO : EventManager : Event: ======'attract_pulse_complete'====== Args={'priority': 0}
2025-12-01 08:19:30,119 : INFO : EventManager : Event: ======'attract_pulse_complete'====== Args={'priority': 0}
2025-12-01 08:19:32,123 : INFO : EventManager : Event: ======'attract_wave_complete'====== Args={'priority': 0}
2025-12-01 08:19:32,515 : INFO : EventManager : Event: ======'attract_pulse_complete'====== Args={'priority': 0}
2025-12-01 08:19:32,921 : INFO : EventManager : Event: ======'attract_pulse_complete'====== Args={'priority': 0}
2025-12-01 08:19:34,910 : INFO : EventManager : Event: ======'attract_wave_complete'====== Args={'priority': 0}
2025-12-01 08:19:35,300 : INFO : EventManager : Event: ======'attract_pulse_complete'====== Args={'priority': 0}
2025-12-01 08:19:35,708 : INFO : EventManager : Event: ======'attract_pulse_complete'====== Args={'priority': 0}
2025-12-01 08:19:37,699 : INFO : EventManager : Event: ======'attract_wave_complete'====== Args={'priority': 0}
2025-12-01 08:19:38,091 : INFO : EventManager : Event: ======'attract_pulse_complete'====== Args={'priority': 0}
2025-12-01 08:19:38,495 : INFO : EventManager : Event: ======'attract_pulse_complete'====== Args={'priority': 0}
2025-12-01 08:19:40,494 : INFO : EventManager : Event: ======'attract_wave_complete'====== Args={'priority': 0}
2025-12-01 08:19:40,887 : INFO : EventManager : Event: ======'attract_pulse_complete'====== Args={'priority': 0}
2025-12-01 08:19:41,294 : INFO : EventManager : Event: ======'attract_pulse_complete'====== Args={'priority': 0}
2025-12-01 08:19:43,286 : INFO : EventManager : Event: ======'attract_wave_complete'====== Args={'priority': 0}
2025-12-01 08:19:43,680 : INFO : EventManager : Event: ======'attract_pulse_complete'====== Args={'priority': 0}
2025-12-01 08:19:44,084 : INFO : EventManager : Event: ======'attract_pulse_complete'====== Args={'priority': 0}
2025-12-01 08:19:46,073 : INFO : EventManager : Event: ======'attract_wave_complete'====== Args={'priority': 0}
2025-12-01 08:19:46,326 : ERROR : root : Received second SIGINT. Will exit ungracefully!
NoneType: None
