2025-10-31 11:48:36,640 : INFO : root : Loading config.
2025-10-31 11:48:36,645 : INFO : YamlMultifileConfigLoader : Machine config file #1: config.yaml
2025-10-31 11:48:36,646 : INFO : ConfigProcessor : Loading config from cache: C:\Users\antho\AppData\Local\Temp\fdca14d0c9d658ab8200d57120800af5.mpf_cache
2025-10-31 11:48:36,783 : DEBUG : YamlMultifileConfigLoader : Loading mode attract from C:\Users\antho\mpf\Lib\site-packages\mpf\modes\attract\config\attract.yaml
2025-10-31 11:48:36,784 : DEBUG : YamlMultifileConfigLoader : Loading mode attract from C:\Users\antho\mpf\Lib\site-packages\mpf\modes\attract\config\attract.yaml
2025-10-31 11:48:36,784 : INFO : ConfigProcessor : Loading config from cache: C:\Users\antho\AppData\Local\Temp\5dec96b1547c4adf5bdd3d1715e74bc0.mpf_cache
2025-10-31 11:48:36,785 : DEBUG : YamlMultifileConfigLoader : Loading mode game from C:\Users\antho\mpf\Lib\site-packages\mpf\modes\game\config\game.yaml
2025-10-31 11:48:36,785 : INFO : ConfigProcessor : Loading config from cache: C:\Users\antho\AppData\Local\Temp\202a5840610e95051f9f473dfa660cc0.mpf_cache
2025-10-31 11:48:36,786 : DEBUG : YamlMultifileConfigLoader : Loading mode attract from C:\Users\antho\mpf\Lib\site-packages\mpf\modes\attract\config\attract.yaml
2025-10-31 11:48:36,786 : DEBUG : YamlMultifileConfigLoader : Loading mode attract from C:\Users\antho\mpf\Lib\site-packages\mpf\modes\attract\config\attract.yaml
2025-10-31 11:48:36,786 : INFO : ConfigProcessor : Loading config from cache: C:\Users\antho\AppData\Local\Temp\5dec96b1547c4adf5bdd3d1715e74bc0.mpf_cache
2025-10-31 11:48:36,787 : DEBUG : YamlMultifileConfigLoader : Loading mode base from C:\Users\antho\mpf\Lib\site-packages\mpf\modes\base\config\base.yaml
2025-10-31 11:48:36,787 : INFO : ConfigProcessor : Loading config from cache: C:\Users\antho\AppData\Local\Temp\2cd13a2d3f375e00ab01d6d09a85d8e7.mpf_cache
2025-10-31 11:48:36,802 : DEBUG : YamlMultifileConfigLoader : Loading mode escape_graveyard from C:\Users\antho\mpf\Lib\site-packages\mpf\modes\escape_graveyard\config\escape_graveyard.yaml
2025-10-31 11:48:36,802 : INFO : ConfigProcessor : Loading config from cache: C:\Users\antho\AppData\Local\Temp\9220b44b97b91972524500b81035d790.mpf_cache
2025-10-31 11:48:36,803 : INFO : ConfigProcessor : Loading config from cache: C:\Users\antho\AppData\Local\Temp\31ee881584fa6fce665a672a4f3f633a.mpf_cache
2025-10-31 11:48:36,804 : INFO : ConfigProcessor : Loading config from cache: C:\Users\antho\AppData\Local\Temp\5e841763ec73085bbf92358fe6afda21.mpf_cache
2025-10-31 11:48:36,805 : INFO : ConfigProcessor : Loading config from cache: C:\Users\antho\AppData\Local\Temp\7f73d12aa9beccac1cbd8c265ccda72e.mpf_cache
2025-10-31 11:48:36,805 : INFO : ConfigProcessor : Loading config from cache: C:\Users\antho\AppData\Local\Temp\a03ebaa9d6d5676c418deb142cb34911.mpf_cache
2025-10-31 11:48:36,806 : INFO : ConfigProcessor : Loading config from cache: C:\Users\antho\AppData\Local\Temp\b17152efa55a24f0424602723f8d3921.mpf_cache
2025-10-31 11:48:36,806 : INFO : ConfigProcessor : Loading config from cache: C:\Users\antho\AppData\Local\Temp\e87fc0e7d2f8a851b5fa3f604e0d0c6e.mpf_cache
2025-10-31 11:48:36,807 : INFO : ConfigProcessor : Loading config from cache: C:\Users\antho\AppData\Local\Temp\196ac76b6cab3a9880804c826cfbcb5c.mpf_cache
2025-10-31 11:48:36,807 : INFO : ConfigProcessor : Loading config from cache: C:\Users\antho\AppData\Local\Temp\55437eb303afaa980597ff60f339a871.mpf_cache
2025-10-31 11:48:36,809 : INFO : ConfigProcessor : Loading config from cache: C:\Users\antho\AppData\Local\Temp\fddc1006228d3387e6d1e46051a3638d.mpf_cache
2025-10-31 11:48:36,809 : INFO : ConfigProcessor : Loading config from cache: C:\Users\antho\AppData\Local\Temp\834292dd7853e12a66732dc89828c828.mpf_cache
2025-10-31 11:48:36,810 : INFO : ConfigProcessor : Loading config from cache: C:\Users\antho\AppData\Local\Temp\46f8fa3e41dfeeb8232af2f03a13b6c4.mpf_cache
2025-10-31 11:48:36,811 : INFO : ConfigProcessor : Loading config from cache: C:\Users\antho\AppData\Local\Temp\c67e9c175da6c060302945929b27b878.mpf_cache
2025-10-31 11:48:36,812 : INFO : Machine : Mission Pinball Framework Core Engine v0.80.0.dev11
2025-10-31 11:48:36,812 : INFO : Machine : Command line arguments: {'no_load_cache': False, 'create_config_cache': True, 'bcp': True, 'configfile': ['config.yaml'], 'force_assets_load': False, 'platform_integration_test': False, 'jsonlogging': False, 'logfile': 'logs\\2025-10-31-11-48-36-mpf-LAPTOP-MPGP6R69.log', 'pause': False, 'production': False, 'text_ui': False, 'loglevel': 10, 'consoleloglevel': 20, 'force_platform': 'smart_virtual', 'syslog_address': None, 'full_logfile_path': 'C:\\Users\\antho\\nightpin\\logs\\2025-10-31-11-48-36-mpf-LAPTOP-MPGP6R69.log'}
2025-10-31 11:48:36,812 : INFO : Machine : MPF path: C:\Users\antho\mpf\Lib\site-packages\mpf
2025-10-31 11:48:36,812 : INFO : Machine : Machine path: C:\Users\antho\nightpin
2025-10-31 11:48:36,812 : INFO : Machine : Platform: win32
2025-10-31 11:48:36,812 : INFO : Machine : Python executable location: C:\Users\antho\mpf\Scripts\python.exe
2025-10-31 11:48:36,812 : INFO : Machine : Python version: 3.12.7 (64-bit)
2025-10-31 11:48:36,814 : DEBUG : asyncio : Using proactor: IocpProactor
2025-10-31 11:48:36,815 : INFO : Machine : Initializing MPF...
2025-10-31 11:48:36,920 : DEBUG : TextUi : Text UI is disabled. TUI option setting: False, Asciimatics loaded: <class 'asciimatics.scene.Scene'>
2025-10-31 11:48:36,938 : INFO : EventManager : Event: ======'machine_var_credits_string'====== Args={'value': 'FREE PLAY', 'prev_value': None, 'change': True}
2025-10-31 11:48:36,972 : DEBUG : YAML File Interface : Loading file: C:\Users\antho\nightpin\data/machine_vars.yaml
2025-10-31 11:48:36,976 : INFO : EventManager : Event: ======'machine_var_master_volume'====== Args={'value': 0.5, 'prev_value': None, 'change': True}
2025-10-31 11:48:36,976 : INFO : EventManager : Event: ======'machine_var_player1_score'====== Args={'value': 2200, 'prev_value': None, 'change': True}
2025-10-31 11:48:36,976 : INFO : EventManager : Event: ======'machine_var_player2_score'====== Args={'value': 1200, 'prev_value': None, 'change': True}
2025-10-31 11:48:36,976 : INFO : EventManager : Event: ======'machine_var_mpf_version'====== Args={'value': 'Mission Pinball Framework v0.80.0.dev11', 'prev_value': None, 'change': True}
2025-10-31 11:48:36,976 : INFO : EventManager : Event: ======'machine_var_mpf_extended_version'====== Args={'value': 'Mission Pinball Framework v0.80.0.dev11, Config version:6, Show version: 6, BCP version:1.1', 'prev_value': None, 'change': True}
2025-10-31 11:48:36,977 : INFO : EventManager : Event: ======'machine_var_python_version'====== Args={'value': '3.12.7', 'prev_value': None, 'change': True}
2025-10-31 11:48:37,170 : INFO : EventManager : Event: ======'machine_var_platform'====== Args={'value': 'Windows-11-10.0.26100-SP0', 'prev_value': None, 'change': True}
2025-10-31 11:48:37,171 : INFO : EventManager : Event: ======'machine_var_platform_system'====== Args={'value': 'Windows', 'prev_value': None, 'change': True}
2025-10-31 11:48:37,171 : INFO : EventManager : Event: ======'machine_var_platform_release'====== Args={'value': '11', 'prev_value': None, 'change': True}
2025-10-31 11:48:37,171 : INFO : EventManager : Event: ======'machine_var_platform_version'====== Args={'value': '10.0.26100', 'prev_value': None, 'change': True}
2025-10-31 11:48:37,171 : INFO : EventManager : Event: ======'machine_var_platform_machine'====== Args={'value': 'AMD64', 'prev_value': None, 'change': True}
2025-10-31 11:48:37,171 : INFO : EventManager : Event: ======'machine_var_log_file_path'====== Args={'value': 'C:\\Users\\antho\\nightpin\\logs\\2025-10-31-11-48-36-mpf-LAPTOP-MPGP6R69.log', 'prev_value': None, 'change': True}
2025-10-31 11:48:37,171 : INFO : EventManager : Event: ======'init_phase_1'====== Args={}
2025-10-31 11:48:37,178 : DEBUG : ModeController : Loaded mode game
2025-10-31 11:48:37,178 : DEBUG : ModeController : Loaded mode escape_graveyard
2025-10-31 11:48:37,179 : DEBUG : ModeController : Loaded mode base
2025-10-31 11:48:37,189 : DEBUG : ModeController : Loaded mode attract
2025-10-31 11:48:37,212 : INFO : EventManager : Event: ======'drop_target_bank_right_bank_up'====== Args={}
2025-10-31 11:48:37,212 : INFO : EventManager : Event: ======'drop_target_bank_left_bank_up'====== Args={}
2025-10-31 11:48:37,218 : INFO : EventManager : Event: ======'init_phase_2'====== Args={}
2025-10-31 11:48:37,225 : INFO : EventManager : Event: ======'bcp_connection_attempt'====== Args={'name': 'local_display', 'host': 'localhost', 'port': 5050}
2025-10-31 11:48:37,228 : INFO : BCPClientSocket : Connecting BCP to 'local_display' at localhost:5050...
2025-10-31 11:49:35,590 : INFO : Machine : Starting the main run loop with active modes: []
2025-10-31 11:49:35,590 : WARNING : Machine : Attract mode is not active, game will not be playable. Please check your attract mode configuration.
2025-10-31 11:49:35,591 : INFO : Machine : Shutting down...
2025-10-31 11:49:35,591 : INFO : EventManager : Event: ======'shutdown'====== Args={}
2025-10-31 11:49:36,599 : INFO : root : MPF run loop ended.
