2025-11-07 14:35:55,372 : INFO : root : Loading config.
2025-11-07 14:35:55,379 : INFO : YamlMultifileConfigLoader : Machine config file #1: config.yaml
2025-11-07 14:35:55,379 : INFO : ConfigProcessor : Loading config from cache: C:\Users\antho\AppData\Local\Temp\fdca14d0c9d658ab8200d57120800af5.mpf_cache
2025-11-07 14:35:55,510 : INFO : ConfigProcessor : Loading config from cache: C:\Users\antho\AppData\Local\Temp\5dec96b1547c4adf5bdd3d1715e74bc0.mpf_cache
2025-11-07 14:35:55,510 : INFO : ConfigProcessor : Loading config from cache: C:\Users\antho\AppData\Local\Temp\202a5840610e95051f9f473dfa660cc0.mpf_cache
2025-11-07 14:35:55,511 : INFO : ConfigProcessor : Loading config from cache: C:\Users\antho\AppData\Local\Temp\5dec96b1547c4adf5bdd3d1715e74bc0.mpf_cache
2025-11-07 14:35:55,512 : WARNING : ConfigProcessor : Config file in cache changed: C:\Users\antho\nightpin\modes\base\config\base.yaml
2025-11-07 14:35:55,512 : INFO : ConfigProcessor : Loading config from file C:\Users\antho\nightpin\modes\base\config\base.yaml.
2025-11-07 14:35:55,534 : INFO : ConfigProcessor : Loading config: C:\Users\antho\nightpin\modes\base\config\base.yaml
2025-11-07 14:35:55,534 : ERROR : ConfigProcessor : Config section 'slides' is removed in MPF 0.80 and will be ignored.
2025-11-07 14:35:55,535 : INFO : ConfigProcessor : Config file cache created: C:\Users\antho\AppData\Local\Temp\2cd13a2d3f375e00ab01d6d09a85d8e7.mpf_cache
2025-11-07 14:35:55,536 : INFO : ConfigProcessor : Loading config from cache: C:\Users\antho\AppData\Local\Temp\9220b44b97b91972524500b81035d790.mpf_cache
2025-11-07 14:35:55,536 : INFO : ConfigProcessor : Loading config from cache: C:\Users\antho\AppData\Local\Temp\aa919e501ed8450b10d3bb8e37574ac5.mpf_cache
2025-11-07 14:35:55,537 : INFO : ConfigProcessor : Loading config from cache: C:\Users\antho\AppData\Local\Temp\31ee881584fa6fce665a672a4f3f633a.mpf_cache
2025-11-07 14:35:55,538 : INFO : ConfigProcessor : Loading config from cache: C:\Users\antho\AppData\Local\Temp\5e841763ec73085bbf92358fe6afda21.mpf_cache
2025-11-07 14:35:55,538 : INFO : ConfigProcessor : Loading config from cache: C:\Users\antho\AppData\Local\Temp\7f73d12aa9beccac1cbd8c265ccda72e.mpf_cache
2025-11-07 14:35:55,540 : INFO : ConfigProcessor : Loading config from cache: C:\Users\antho\AppData\Local\Temp\a03ebaa9d6d5676c418deb142cb34911.mpf_cache
2025-11-07 14:35:55,540 : INFO : ConfigProcessor : Loading config from cache: C:\Users\antho\AppData\Local\Temp\b17152efa55a24f0424602723f8d3921.mpf_cache
2025-11-07 14:35:55,540 : INFO : ConfigProcessor : Loading config from cache: C:\Users\antho\AppData\Local\Temp\e87fc0e7d2f8a851b5fa3f604e0d0c6e.mpf_cache
2025-11-07 14:35:55,541 : INFO : ConfigProcessor : Loading config from cache: C:\Users\antho\AppData\Local\Temp\196ac76b6cab3a9880804c826cfbcb5c.mpf_cache
2025-11-07 14:35:55,543 : INFO : ConfigProcessor : Loading config from cache: C:\Users\antho\AppData\Local\Temp\55437eb303afaa980597ff60f339a871.mpf_cache
2025-11-07 14:35:55,543 : INFO : ConfigProcessor : Loading config from cache: C:\Users\antho\AppData\Local\Temp\fddc1006228d3387e6d1e46051a3638d.mpf_cache
2025-11-07 14:35:55,543 : INFO : ConfigProcessor : Loading config from cache: C:\Users\antho\AppData\Local\Temp\834292dd7853e12a66732dc89828c828.mpf_cache
2025-11-07 14:35:55,544 : INFO : ConfigProcessor : Loading config from cache: C:\Users\antho\AppData\Local\Temp\46f8fa3e41dfeeb8232af2f03a13b6c4.mpf_cache
2025-11-07 14:35:55,544 : INFO : ConfigProcessor : Loading config from cache: C:\Users\antho\AppData\Local\Temp\c67e9c175da6c060302945929b27b878.mpf_cache
2025-11-07 14:35:55,545 : INFO : Machine : Mission Pinball Framework Core Engine v0.80.0.dev11
2025-11-07 14:35:55,545 : INFO : Machine : Command line arguments: {'no_load_cache': False, 'create_config_cache': True, 'bcp': True, 'configfile': ['config.yaml'], 'force_assets_load': False, 'platform_integration_test': False, 'jsonlogging': False, 'logfile': 'logs\\2025-11-07-14-35-55-mpf-LAPTOP-MPGP6R69.log', 'pause': False, 'production': False, 'text_ui': True, 'loglevel': 15, 'consoleloglevel': 20, 'force_platform': None, 'syslog_address': None, 'full_logfile_path': 'C:\\Users\\antho\\nightpin\\logs\\2025-11-07-14-35-55-mpf-LAPTOP-MPGP6R69.log'}
2025-11-07 14:35:55,545 : INFO : Machine : MPF path: C:\Users\antho\mpf\Lib\site-packages\mpf
2025-11-07 14:35:55,545 : INFO : Machine : Machine path: C:\Users\antho\nightpin
2025-11-07 14:35:55,545 : INFO : Machine : Platform: win32
2025-11-07 14:35:55,545 : INFO : Machine : Python executable location: C:\Users\antho\mpf\Scripts\python.exe
2025-11-07 14:35:55,545 : INFO : Machine : Python version: 3.12.7 (64-bit)
2025-11-07 14:35:55,547 : INFO : Machine : Initializing MPF...
2025-11-07 14:35:55,858 : INFO : lisy : Connecting to com3 at 115200bps
2025-11-07 14:35:55,859 : WARNING : lisy : Could not import terminos (this is ok on windows).
2025-11-07 14:35:56,026 : INFO : EventManager : Event: ======'machine_var_lisy_hardware'====== Args={'value': 'LISY35', 'prev_value': None, 'change': True}
2025-11-07 14:35:56,026 : INFO : EventManager : Event: ======'machine_var_lisy_version'====== Args={'value': '5.26 ', 'prev_value': None, 'change': True}
2025-11-07 14:35:56,026 : INFO : EventManager : Event: ======'machine_var_lisy_api_version'====== Args={'value': b'0.09', 'prev_value': None, 'change': True}
2025-11-07 14:35:57,350 : INFO : EventManager : Event: ======'machine_var_credits_string'====== Args={'value': 'FREE PLAY', 'prev_value': None, 'change': True}
2025-11-07 14:35:57,385 : INFO : EventManager : Event: ======'machine_var_master_volume'====== Args={'value': 0.5, 'prev_value': None, 'change': True}
2025-11-07 14:35:57,385 : INFO : EventManager : Event: ======'machine_var_player1_score'====== Args={'value': 2100, 'prev_value': None, 'change': True}
2025-11-07 14:35:57,385 : INFO : EventManager : Event: ======'machine_var_mpf_version'====== Args={'value': 'Mission Pinball Framework v0.80.0.dev11', 'prev_value': None, 'change': True}
2025-11-07 14:35:57,385 : INFO : EventManager : Event: ======'machine_var_mpf_extended_version'====== Args={'value': 'Mission Pinball Framework v0.80.0.dev11, Config version:6, Show version: 6, BCP version:1.1', 'prev_value': None, 'change': True}
2025-11-07 14:35:57,386 : INFO : EventManager : Event: ======'machine_var_python_version'====== Args={'value': '3.12.7', 'prev_value': None, 'change': True}
2025-11-07 14:35:57,574 : INFO : EventManager : Event: ======'machine_var_platform'====== Args={'value': 'Windows-11-10.0.26100-SP0', 'prev_value': None, 'change': True}
2025-11-07 14:35:57,574 : INFO : EventManager : Event: ======'machine_var_platform_system'====== Args={'value': 'Windows', 'prev_value': None, 'change': True}
2025-11-07 14:35:57,574 : INFO : EventManager : Event: ======'machine_var_platform_release'====== Args={'value': '11', 'prev_value': None, 'change': True}
2025-11-07 14:35:57,574 : INFO : EventManager : Event: ======'machine_var_platform_version'====== Args={'value': '10.0.26100', 'prev_value': None, 'change': True}
2025-11-07 14:35:57,574 : INFO : EventManager : Event: ======'machine_var_platform_machine'====== Args={'value': 'AMD64', 'prev_value': None, 'change': True}
2025-11-07 14:35:57,574 : INFO : EventManager : Event: ======'machine_var_log_file_path'====== Args={'value': 'C:\\Users\\antho\\nightpin\\logs\\2025-11-07-14-35-55-mpf-LAPTOP-MPGP6R69.log', 'prev_value': None, 'change': True}
2025-11-07 14:35:57,574 : INFO : EventManager : Event: ======'init_phase_1'====== Args={}
2025-11-07 14:35:57,614 : INFO : EventManager : Event: ======'drop_target_bank_right_bank_up'====== Args={}
2025-11-07 14:35:57,614 : INFO : EventManager : Event: ======'drop_target_bank_left_bank_up'====== Args={}
2025-11-07 14:35:57,698 : INFO : EventManager : Event: ======'init_phase_2'====== Args={}
2025-11-07 14:35:57,707 : INFO : EventManager : Event: ======'bcp_connection_attempt'====== Args={'name': 'local_display', 'host': 'localhost', 'port': 5050}
2025-11-07 14:35:57,710 : INFO : BCPClientSocket : Connecting BCP to 'local_display' at localhost:5050...
2025-11-07 14:35:57,734 : INFO : BCPClientSocket : Connected BCP to 'local_display' localhost:5050
2025-11-07 14:35:57,736 : INFO : EventManager : Event: ======'bcp_clients_connected'====== Args={}
2025-11-07 14:35:57,852 : INFO : ball_device.bd_trough : BCH: Initial count: 0
2025-11-07 14:35:57,852 : INFO : ball_device.bd_trough : State: idle
2025-11-07 14:35:57,853 : INFO : ball_device.bd_saucer : BCH: Initial count: 0
2025-11-07 14:35:57,853 : INFO : ball_device.bd_saucer : State: idle
2025-11-07 14:35:57,878 : INFO : EventManager : Event: ======'init_phase_3'====== Args={}
2025-11-07 14:35:57,886 : INFO : EventManager : Event: ======'init_phase_4'====== Args={}
2025-11-07 14:35:57,886 : INFO : BallController : Initial balls found: 0
2025-11-07 14:35:57,888 : INFO : EventManager : Event: ======'machine_var_audits_events_game_ended'====== Args={'value': 18, 'prev_value': None, 'change': True}
2025-11-07 14:35:57,888 : INFO : EventManager : Event: ======'machine_var_audits_events_game_started'====== Args={'value': 110, 'prev_value': None, 'change': True}
2025-11-07 14:35:57,888 : INFO : EventManager : Event: ======'machine_var_audits_missing_switches_s_coin_right'====== Args={'value': 109, 'prev_value': None, 'change': True}
2025-11-07 14:35:57,888 : INFO : EventManager : Event: ======'machine_var_audits_missing_switches_s_credit_button'====== Args={'value': 82, 'prev_value': None, 'change': True}
2025-11-07 14:35:57,888 : INFO : EventManager : Event: ======'machine_var_audits_missing_switches_s_inlanes'====== Args={'value': 12, 'prev_value': None, 'change': True}
2025-11-07 14:35:57,889 : INFO : EventManager : Event: ======'machine_var_audits_missing_switches_s_left_bank_target_left'====== Args={'value': 30, 'prev_value': None, 'change': True}
2025-11-07 14:35:57,889 : INFO : EventManager : Event: ======'machine_var_audits_missing_switches_s_left_bank_target_middle'====== Args={'value': 33, 'prev_value': None, 'change': True}
2025-11-07 14:35:57,889 : INFO : EventManager : Event: ======'machine_var_audits_missing_switches_s_left_bank_target_right'====== Args={'value': 30, 'prev_value': None, 'change': True}
2025-11-07 14:35:57,889 : INFO : EventManager : Event: ======'machine_var_audits_missing_switches_s_left_inlane'====== Args={'value': 13, 'prev_value': None, 'change': True}
2025-11-07 14:35:57,889 : INFO : EventManager : Event: ======'machine_var_audits_missing_switches_s_left_lower_bumper'====== Args={'value': 18, 'prev_value': None, 'change': True}
2025-11-07 14:35:57,889 : INFO : EventManager : Event: ======'machine_var_audits_missing_switches_s_left_outlane'====== Args={'value': 13, 'prev_value': None, 'change': True}
2025-11-07 14:35:57,889 : INFO : EventManager : Event: ======'machine_var_audits_missing_switches_s_left_outlane_rollover'====== Args={'value': 23, 'prev_value': None, 'change': True}
2025-11-07 14:35:57,889 : INFO : EventManager : Event: ======'machine_var_audits_missing_switches_s_left_rollover'====== Args={'value': 16, 'prev_value': None, 'change': True}
2025-11-07 14:35:57,889 : INFO : EventManager : Event: ======'machine_var_audits_missing_switches_s_left_skill_lane'====== Args={'value': 4, 'prev_value': None, 'change': True}
2025-11-07 14:35:57,890 : INFO : EventManager : Event: ======'machine_var_audits_missing_switches_s_left_upper_bumper'====== Args={'value': 23, 'prev_value': None, 'change': True}
2025-11-07 14:35:57,890 : INFO : EventManager : Event: ======'machine_var_audits_missing_switches_s_middle_pop_bumper'====== Args={'value': 14, 'prev_value': None, 'change': True}
2025-11-07 14:35:57,890 : INFO : EventManager : Event: ======'machine_var_audits_missing_switches_s_middle_rollover'====== Args={'value': 14, 'prev_value': None, 'change': True}
2025-11-07 14:35:57,890 : INFO : EventManager : Event: ======'machine_var_audits_missing_switches_s_middle_skill_lane'====== Args={'value': 5, 'prev_value': None, 'change': True}
2025-11-07 14:35:57,890 : INFO : EventManager : Event: ======'machine_var_audits_missing_switches_s_middle_upper_rollovers'====== Args={'value': 5, 'prev_value': None, 'change': True}
2025-11-07 14:35:57,890 : INFO : EventManager : Event: ======'machine_var_audits_missing_switches_s_outer_skill_lanes'====== Args={'value': 1, 'prev_value': None, 'change': True}
2025-11-07 14:35:57,890 : INFO : EventManager : Event: ======'machine_var_audits_missing_switches_s_right_bank_target_left'====== Args={'value': 13, 'prev_value': None, 'change': True}
2025-11-07 14:35:57,890 : INFO : EventManager : Event: ======'machine_var_audits_missing_switches_s_right_bank_target_middle'====== Args={'value': 23, 'prev_value': None, 'change': True}
2025-11-07 14:35:57,890 : INFO : EventManager : Event: ======'machine_var_audits_missing_switches_s_right_bank_target_right'====== Args={'value': 23, 'prev_value': None, 'change': True}
2025-11-07 14:35:57,891 : INFO : EventManager : Event: ======'machine_var_audits_missing_switches_s_right_inlane'====== Args={'value': 2, 'prev_value': None, 'change': True}
2025-11-07 14:35:57,891 : INFO : EventManager : Event: ======'machine_var_audits_missing_switches_s_right_outlane'====== Args={'value': 13, 'prev_value': None, 'change': True}
2025-11-07 14:35:57,891 : INFO : EventManager : Event: ======'machine_var_audits_missing_switches_s_right_outlane_rollover'====== Args={'value': 40, 'prev_value': None, 'change': True}
2025-11-07 14:35:57,891 : INFO : EventManager : Event: ======'machine_var_audits_missing_switches_s_right_pop_bumper'====== Args={'value': 16, 'prev_value': None, 'change': True}
2025-11-07 14:35:57,891 : INFO : EventManager : Event: ======'machine_var_audits_missing_switches_s_right_rollover'====== Args={'value': 25, 'prev_value': None, 'change': True}
2025-11-07 14:35:57,891 : INFO : EventManager : Event: ======'machine_var_audits_missing_switches_s_right_skill_lane'====== Args={'value': 4, 'prev_value': None, 'change': True}
2025-11-07 14:35:57,891 : INFO : EventManager : Event: ======'machine_var_audits_missing_switches_s_rollover_upper'====== Args={'value': 16, 'prev_value': None, 'change': True}
2025-11-07 14:35:57,891 : INFO : EventManager : Event: ======'machine_var_audits_missing_switches_s_saucer'====== Args={'value': 14, 'prev_value': None, 'change': True}
2025-11-07 14:35:57,891 : INFO : EventManager : Event: ======'machine_var_audits_missing_switches_s_slam_tilt'====== Args={'value': 48, 'prev_value': None, 'change': True}
2025-11-07 14:35:57,891 : INFO : EventManager : Event: ======'machine_var_audits_missing_switches_s_spinner'====== Args={'value': 23, 'prev_value': None, 'change': True}
2025-11-07 14:35:57,892 : INFO : EventManager : Event: ======'machine_var_audits_missing_switches_s_stand_up'====== Args={'value': 82, 'prev_value': None, 'change': True}
2025-11-07 14:35:57,892 : INFO : EventManager : Event: ======'machine_var_audits_missing_switches_s_start_button'====== Args={'value': 15, 'prev_value': None, 'change': True}
2025-11-07 14:35:57,892 : INFO : EventManager : Event: ======'machine_var_audits_missing_switches_s_tilt'====== Args={'value': 16, 'prev_value': None, 'change': True}
2025-11-07 14:35:57,892 : INFO : EventManager : Event: ======'machine_var_audits_player_score'====== Args={'value': {'average': 1460, 'top': [5110, 5070, 4300, 4230, 3980, 3410, 2200, 2100, 1300, 1200], 'total': 26}, 'prev_value': None, 'change': True}
2025-11-07 14:35:57,892 : INFO : EventManager : Event: ======'machine_var_audits_shots_my_first_shot'====== Args={'value': 3, 'prev_value': None, 'change': True}
2025-11-07 14:35:57,892 : INFO : EventManager : Event: ======'machine_var_audits_shots_sh_eg_pop_left'====== Args={'value': 8, 'prev_value': None, 'change': True}
2025-11-07 14:35:57,892 : INFO : EventManager : Event: ======'machine_var_audits_shots_sh_eg_pop_middle'====== Args={'value': 8, 'prev_value': None, 'change': True}
2025-11-07 14:35:57,892 : INFO : EventManager : Event: ======'machine_var_audits_shots_sh_eg_pop_right'====== Args={'value': 13, 'prev_value': None, 'change': True}
2025-11-07 14:35:57,892 : INFO : EventManager : Event: ======'machine_var_audits_shots_sh_eg_right_drop_left'====== Args={'value': 4, 'prev_value': None, 'change': True}
2025-11-07 14:35:57,892 : INFO : EventManager : Event: ======'machine_var_audits_shots_sh_eg_right_drop_middle'====== Args={'value': 3, 'prev_value': None, 'change': True}
2025-11-07 14:35:57,892 : INFO : EventManager : Event: ======'machine_var_audits_shots_sh_eg_right_drop_right'====== Args={'value': 3, 'prev_value': None, 'change': True}
2025-11-07 14:35:57,892 : INFO : EventManager : Event: ======'machine_var_audits_shots_sh_eg_spinner'====== Args={'value': 2, 'prev_value': None, 'change': True}
2025-11-07 14:35:57,893 : INFO : EventManager : Event: ======'machine_var_audits_shots_sh_escape_graveyard_start'====== Args={'value': 8, 'prev_value': None, 'change': True}
2025-11-07 14:35:57,893 : INFO : EventManager : Event: ======'machine_var_audits_switches_s_coin_right'====== Args={'value': 1, 'prev_value': None, 'change': True}
2025-11-07 14:35:57,893 : INFO : EventManager : Event: ======'machine_var_audits_switches_s_credit_button'====== Args={'value': 5, 'prev_value': None, 'change': True}
2025-11-07 14:35:57,893 : INFO : EventManager : Event: ======'machine_var_audits_switches_s_inlanes'====== Args={'value': 159, 'prev_value': None, 'change': True}
2025-11-07 14:35:57,893 : INFO : EventManager : Event: ======'machine_var_audits_switches_s_left_bank_target_left'====== Args={'value': 36, 'prev_value': None, 'change': True}
2025-11-07 14:35:57,893 : INFO : EventManager : Event: ======'machine_var_audits_switches_s_left_bank_target_middle'====== Args={'value': 27, 'prev_value': None, 'change': True}
2025-11-07 14:35:57,893 : INFO : EventManager : Event: ======'machine_var_audits_switches_s_left_bank_target_right'====== Args={'value': 27, 'prev_value': None, 'change': True}
2025-11-07 14:35:57,893 : INFO : EventManager : Event: ======'machine_var_audits_switches_s_left_inlane'====== Args={'value': 1, 'prev_value': None, 'change': True}
2025-11-07 14:35:57,893 : INFO : EventManager : Event: ======'machine_var_audits_switches_s_left_lower_bumper'====== Args={'value': 34, 'prev_value': None, 'change': True}
2025-11-07 14:35:57,893 : INFO : EventManager : Event: ======'machine_var_audits_switches_s_left_outlane'====== Args={'value': 1, 'prev_value': None, 'change': True}
2025-11-07 14:35:57,893 : INFO : EventManager : Event: ======'machine_var_audits_switches_s_left_outlane_rollover'====== Args={'value': 23, 'prev_value': None, 'change': True}
2025-11-07 14:35:57,893 : INFO : EventManager : Event: ======'machine_var_audits_switches_s_left_pop_bumper'====== Args={'value': 129, 'prev_value': None, 'change': True}
2025-11-07 14:35:57,893 : INFO : EventManager : Event: ======'machine_var_audits_switches_s_left_rollover'====== Args={'value': 2, 'prev_value': None, 'change': True}
2025-11-07 14:35:57,893 : INFO : EventManager : Event: ======'machine_var_audits_switches_s_left_skill_lane'====== Args={'value': 6, 'prev_value': None, 'change': True}
2025-11-07 14:35:57,894 : INFO : EventManager : Event: ======'machine_var_audits_switches_s_left_sling'====== Args={'value': 99, 'prev_value': None, 'change': True}
2025-11-07 14:35:57,894 : INFO : EventManager : Event: ======'machine_var_audits_switches_s_left_upper_bumper'====== Args={'value': 44, 'prev_value': None, 'change': True}
2025-11-07 14:35:57,894 : INFO : EventManager : Event: ======'machine_var_audits_switches_s_middle_pop_bumper'====== Args={'value': 131, 'prev_value': None, 'change': True}
2025-11-07 14:35:57,894 : INFO : EventManager : Event: ======'machine_var_audits_switches_s_middle_rollover'====== Args={'value': 9, 'prev_value': None, 'change': True}
2025-11-07 14:35:57,894 : INFO : EventManager : Event: ======'machine_var_audits_switches_s_middle_skill_lane'====== Args={'value': 88, 'prev_value': None, 'change': True}
2025-11-07 14:35:57,895 : INFO : EventManager : Event: ======'machine_var_audits_switches_s_middle_upper_rollovers'====== Args={'value': 97, 'prev_value': None, 'change': True}
2025-11-07 14:35:57,895 : INFO : EventManager : Event: ======'machine_var_audits_switches_s_outer_skill_lanes'====== Args={'value': 133, 'prev_value': None, 'change': True}
2025-11-07 14:35:57,895 : INFO : EventManager : Event: ======'machine_var_audits_switches_s_pop_bumper_bottom'====== Args={'value': 6, 'prev_value': None, 'change': True}
2025-11-07 14:35:57,895 : INFO : EventManager : Event: ======'machine_var_audits_switches_s_pop_bumper_left'====== Args={'value': 2, 'prev_value': None, 'change': True}
2025-11-07 14:35:57,895 : INFO : EventManager : Event: ======'machine_var_audits_switches_s_pop_bumper_right'====== Args={'value': 1, 'prev_value': None, 'change': True}
2025-11-07 14:35:57,895 : INFO : EventManager : Event: ======'machine_var_audits_switches_s_right_bank_target_left'====== Args={'value': 56, 'prev_value': None, 'change': True}
2025-11-07 14:35:57,895 : INFO : EventManager : Event: ======'machine_var_audits_switches_s_right_bank_target_middle'====== Args={'value': 43, 'prev_value': None, 'change': True}
2025-11-07 14:35:57,896 : INFO : EventManager : Event: ======'machine_var_audits_switches_s_right_bank_target_right'====== Args={'value': 40, 'prev_value': None, 'change': True}
2025-11-07 14:35:57,896 : INFO : EventManager : Event: ======'machine_var_audits_switches_s_right_inlane'====== Args={'value': 16, 'prev_value': None, 'change': True}
2025-11-07 14:35:57,896 : INFO : EventManager : Event: ======'machine_var_audits_switches_s_right_outlane'====== Args={'value': 1, 'prev_value': None, 'change': True}
2025-11-07 14:35:57,896 : INFO : EventManager : Event: ======'machine_var_audits_switches_s_right_outlane_rollover'====== Args={'value': 6, 'prev_value': None, 'change': True}
2025-11-07 14:35:57,896 : INFO : EventManager : Event: ======'machine_var_audits_switches_s_right_pop_bumper'====== Args={'value': 183, 'prev_value': None, 'change': True}
2025-11-07 14:35:57,896 : INFO : EventManager : Event: ======'machine_var_audits_switches_s_right_rollover'====== Args={'value': 0, 'prev_value': None, 'change': True}
2025-11-07 14:35:57,896 : INFO : EventManager : Event: ======'machine_var_audits_switches_s_right_skill_lane'====== Args={'value': 4, 'prev_value': None, 'change': True}
2025-11-07 14:35:57,896 : INFO : EventManager : Event: ======'machine_var_audits_switches_s_right_sling'====== Args={'value': 76, 'prev_value': None, 'change': True}
2025-11-07 14:35:57,897 : INFO : EventManager : Event: ======'machine_var_audits_switches_s_rollover_upper'====== Args={'value': 3, 'prev_value': None, 'change': True}
2025-11-07 14:35:57,897 : INFO : EventManager : Event: ======'machine_var_audits_switches_s_saucer'====== Args={'value': 103, 'prev_value': None, 'change': True}
2025-11-07 14:35:57,897 : INFO : EventManager : Event: ======'machine_var_audits_switches_s_slam_tilt'====== Args={'value': 6, 'prev_value': None, 'change': True}
2025-11-07 14:35:57,897 : INFO : EventManager : Event: ======'machine_var_audits_switches_s_spinner'====== Args={'value': 430, 'prev_value': None, 'change': True}
2025-11-07 14:35:57,897 : INFO : EventManager : Event: ======'machine_var_audits_switches_s_stand_up'====== Args={'value': 8, 'prev_value': None, 'change': True}
2025-11-07 14:35:57,897 : INFO : EventManager : Event: ======'machine_var_audits_switches_s_start_button'====== Args={'value': 39, 'prev_value': None, 'change': True}
2025-11-07 14:35:57,897 : INFO : EventManager : Event: ======'machine_var_audits_switches_s_tilt'====== Args={'value': 2, 'prev_value': None, 'change': True}
2025-11-07 14:35:57,897 : INFO : EventManager : Event: ======'machine_var_audits_switches_s_trough'====== Args={'value': 507, 'prev_value': None, 'change': True}
2025-11-07 14:35:57,899 : INFO : EventManager : Event: ======'init_phase_5'====== Args={}
2025-11-07 14:35:57,935 : INFO : EventManager : Event: ======'init_done'====== Args={}
2025-11-07 14:35:57,936 : INFO : EventManager : Event: ======'machine_reset_phase_1'====== Args={}
2025-11-07 14:35:57,946 : INFO : EventManager : Event: ======'machine_reset_phase_2'====== Args={}
2025-11-07 14:35:57,946 : INFO : EventManager : Event: ======'machine_reset_phase_3'====== Args={}
2025-11-07 14:35:57,947 : INFO : EventManager : Event: ======'mode_attract_will_start'====== Args={'queue': <QueuedEvent>}
2025-11-07 14:35:57,948 : INFO : EventManager : Event: ======'mode_attract_starting'====== Args={'queue': <QueuedEvent>}
2025-11-07 14:35:57,948 : INFO : Mode.attract : Started. Priority: 10
2025-11-07 14:35:57,948 : INFO : EventManager : Event: ======'modes_active_modes_changed'====== Args={}
2025-11-07 14:35:57,948 : INFO : EventManager : Event: ======'mode_attract_started'====== Args={'queue': <QueuedEvent>}
2025-11-07 14:35:57,949 : INFO : EventManager : Event: ======'godot_attract_on'====== Args={'priority': 0}
2025-11-07 14:35:57,949 : INFO : EventManager : Event: ======'collecting_balls_complete'====== Args={}
2025-11-07 14:35:57,949 : INFO : EventManager : Event: ======'reset_complete'====== Args={}
2025-11-07 14:35:57,965 : INFO : Machine : Starting the main run loop with active modes: [<Mode.attract>]
2025-11-07 14:35:57,982 : INFO : EventManager : Event: ======'slide_attract_created'====== Args={'_from_bcp': True}
2025-11-07 14:35:57,982 : INFO : EventManager : Event: ======'slide__removed'====== Args={'_from_bcp': True}
2025-11-07 14:35:57,983 : INFO : EventManager : Event: ======'slide_attract_active'====== Args={'original_context': 'attract', 'original_calling_context': 'mode_attract_started', 'priority': 10.0, 'queue': '<QueuedEvent>', 'cmd': 'slides_play', '_from_bcp': True}
2025-11-07 14:35:59,938 : INFO : EventManager : Event: ======'attract_wave_complete'====== Args={'priority': 0}
2025-11-07 14:36:00,327 : INFO : EventManager : Event: ======'attract_pulse_complete'====== Args={'priority': 0}
2025-11-07 14:36:00,733 : INFO : EventManager : Event: ======'attract_pulse_complete'====== Args={'priority': 0}
2025-11-07 14:36:01,991 : INFO : SwitchController : <<<<<<< 's_trough' active >>>>>>>
2025-11-07 14:36:02,006 : INFO : SwitchController : <<<<<<< 's_trough' inactive >>>>>>>
2025-11-07 14:36:02,022 : INFO : SwitchController : <<<<<<< 's_trough' active >>>>>>>
2025-11-07 14:36:02,042 : INFO : SwitchController : <<<<<<< 's_trough' inactive >>>>>>>
2025-11-07 14:36:02,054 : INFO : SwitchController : <<<<<<< 's_trough' active >>>>>>>
2025-11-07 14:36:02,069 : INFO : SwitchController : <<<<<<< 's_trough' inactive >>>>>>>
2025-11-07 14:36:02,085 : INFO : SwitchController : <<<<<<< 's_trough' active >>>>>>>
2025-11-07 14:36:02,584 : INFO : EventManager : Event: ======'balldevice_bd_trough_ball_count_changed'====== Args={'balls': 1}
2025-11-07 14:36:02,584 : INFO : ball_device.bd_trough : Received unexpected ball
2025-11-07 14:36:02,584 : INFO : EventManager : Event: ======'balldevice_captured_from_playfield'====== Args={'balls': 1}
2025-11-07 14:36:02,586 : INFO : EventManager : Event: ======'sw_playfield_active'====== Args={'balls': 1}
2025-11-07 14:36:02,586 : INFO : EventManager : Event: ======'playfield_active'====== Args={'source': None}
2025-11-07 14:36:02,586 : INFO : EventManager : Event: ======'unexpected_ball_on_playfield'====== Args={}
2025-11-07 14:36:02,586 : INFO : EventManager : Event: ======'playfield_ball_count_change'====== Args={'balls': -1, 'change': -1}
2025-11-07 14:36:02,587 : INFO : EventManager : Event: ======'balldevice_playfield_ball_enter'====== Args={'new_balls': 1, 'unclaimed_balls': 1, 'device': <playfield.playfield>}
2025-11-07 14:36:02,587 : INFO : EventManager : Event: ======'playfield_ball_count_change'====== Args={'balls': 0, 'change': 1}
2025-11-07 14:36:02,587 : INFO : BallController : Found a new ball which was captured from playfield. Known balls: 1
2025-11-07 14:36:02,587 : INFO : EventManager : Event: ======'found_new_ball'====== Args={}
2025-11-07 14:36:02,587 : INFO : EventManager : Event: ======'balldevice_bd_trough_ball_enter'====== Args={'new_balls': 1, 'unclaimed_balls': 1, 'new_available_balls': 1, 'device': <ball_device.bd_trough>}
2025-11-07 14:36:02,587 : INFO : EventManager : Event: ======'ball_drain'====== Args={'device': <ball_device.bd_trough>, 'balls': 1}
2025-11-07 14:36:02,588 : INFO : EventManager : Event: ======'balldevice_balls_available'====== Args={}
2025-11-07 14:36:02,588 : INFO : EventManager : Event: ======'balldevice_bd_trough_ball_entered'====== Args={'new_balls': 1, 'device': <ball_device.bd_trough>}
2025-11-07 14:36:02,724 : INFO : EventManager : Event: ======'attract_wave_complete'====== Args={'priority': 0}
2025-11-07 14:36:03,126 : INFO : EventManager : Event: ======'attract_pulse_complete'====== Args={'priority': 0}
2025-11-07 14:36:03,530 : INFO : EventManager : Event: ======'attract_pulse_complete'====== Args={'priority': 0}
2025-11-07 14:36:05,522 : INFO : EventManager : Event: ======'attract_wave_complete'====== Args={'priority': 0}
2025-11-07 14:36:05,922 : INFO : EventManager : Event: ======'attract_pulse_complete'====== Args={'priority': 0}
2025-11-07 14:36:06,325 : INFO : EventManager : Event: ======'attract_pulse_complete'====== Args={'priority': 0}
2025-11-07 14:36:07,151 : INFO : SwitchController : <<<<<<< 's_start_button' active >>>>>>>
2025-11-07 14:36:07,386 : INFO : SwitchController : <<<<<<< 's_start_button' inactive >>>>>>>
2025-11-07 14:36:07,386 : INFO : EventManager : Event: ======'request_to_start_game'====== Args={}
2025-11-07 14:36:07,386 : INFO : EventManager : Event: ======'game_start'====== Args={'buttons': [], 'hold_time': 0.2339999999385327}
2025-11-07 14:36:07,387 : INFO : EventManager : Event: ======'mode_game_will_start'====== Args={'buttons': [], 'hold_time': 0.2339999999385327}
2025-11-07 14:36:07,387 : INFO : EventManager : Event: ======'mode_game_starting'====== Args={'buttons': [], 'hold_time': 0.2339999999385327}
2025-11-07 14:36:07,387 : INFO : Mode.game : Started. Priority: 20
2025-11-07 14:36:07,387 : INFO : EventManager : Event: ======'modes_active_modes_changed'====== Args={}
2025-11-07 14:36:07,387 : INFO : EventManager : Event: ======'mode_game_started'====== Args={'buttons': [], 'hold_time': 0.2339999999385327}
2025-11-07 14:36:07,402 : INFO : EventManager : Event: ======'game_will_start'====== Args={}
2025-11-07 14:36:07,402 : INFO : EventManager : Event: ======'game_starting'====== Args={'game': <Mode.game>}
2025-11-07 14:36:07,402 : INFO : EventManager : Event: ======'mode_attract_will_stop'====== Args={}
2025-11-07 14:36:07,404 : INFO : EventManager : Event: ======'mode_attract_stopping'====== Args={}
2025-11-07 14:36:07,404 : INFO : EventManager : Event: ======'godot_attract_off'====== Args={'priority': 0}
2025-11-07 14:36:07,404 : INFO : EventManager : Unordered handler for class <Auditor> on event game_ended with priority 1. Handlers: [RegisteredHandler(callback=<bound method Auditor.disable of <Auditor>>, priority=1, kwargs={}, key=UUID('00b82044-5feb-4263-8857-3ae9664be2ba'), condition=None, blocking_facility=None), RegisteredHandler(callback=<bound method Auditor._save_audits of <Auditor>>, priority=1, kwargs={}, key=UUID('5b533b0f-06c0-41eb-8db5-6fd1cc33deb2'), condition=None, blocking_facility=None)]. The order of those handlers is not defined and they will be executed in random order. This might lead to race conditions and potential bugs.
2025-11-07 14:36:07,404 : INFO : EventManager : Event: ======'godot_attract_off'====== Args={'priority': 0}
2025-11-07 14:36:07,405 : INFO : Mode.attract : Stopped.
2025-11-07 14:36:07,405 : INFO : EventManager : Event: ======'modes_active_modes_changed'====== Args={}
2025-11-07 14:36:07,405 : INFO : EventManager : Event: ======'mode_attract_stopped'====== Args={}
2025-11-07 14:36:07,405 : INFO : EventManager : Event: ======'clear'====== Args={'key': 'attract'}
2025-11-07 14:36:07,406 : INFO : EventManager : Event: ======'player_add_request'====== Args={}
2025-11-07 14:36:07,406 : INFO : EventManager : Event: ======'player_will_add'====== Args={'number': 1}
2025-11-07 14:36:07,406 : INFO : EventManager : Event: ======'player_adding'====== Args={'player': <Player 1>, 'number': 1}
2025-11-07 14:36:07,407 : INFO : EventManager : Event: ======'player_added'====== Args={'player': <Player 1>, 'num': 1}
2025-11-07 14:36:07,407 : INFO : Mode.game : Player added successfully. Total players: 1
2025-11-07 14:36:07,407 : INFO : EventManager : Event: ======'player_index'====== Args={'value': 0, 'prev_value': 0, 'change': 0, 'player_num': 1}
2025-11-07 14:36:07,407 : INFO : EventManager : Event: ======'player_number'====== Args={'value': 1, 'prev_value': 1, 'change': 0, 'player_num': 1}
2025-11-07 14:36:07,407 : INFO : EventManager : Event: ======'player_score'====== Args={'value': 0, 'prev_value': 0, 'change': 0, 'player_num': 1}
2025-11-07 14:36:07,408 : INFO : EventManager : Unordered handler for class <Auditor> on event game_ended with priority 1. Handlers: [RegisteredHandler(callback=<bound method Auditor.disable of <Auditor>>, priority=1, kwargs={}, key=UUID('00b82044-5feb-4263-8857-3ae9664be2ba'), condition=None, blocking_facility=None), RegisteredHandler(callback=<bound method Auditor._save_audits of <Auditor>>, priority=1, kwargs={}, key=UUID('5b533b0f-06c0-41eb-8db5-6fd1cc33deb2'), condition=None, blocking_facility=None)]. The order of those handlers is not defined and they will be executed in random order. This might lead to race conditions and potential bugs.
2025-11-07 14:36:07,425 : INFO : EventManager : Event: ======'game_started'====== Args={}
2025-11-07 14:36:07,425 : INFO : EventManager : Event: ======'blink_on'====== Args={'priority': 0}
2025-11-07 14:36:07,426 : INFO : EventManager : Event: ======'player_turn_will_start'====== Args={'player': <Player 1>, 'number': 1}
2025-11-07 14:36:07,427 : INFO : EventManager : Event: ======'player_turn_starting'====== Args={'player': <Player 1>, 'number': 1}
2025-11-07 14:36:07,431 : INFO : EventManager : Event: ======'player_ball'====== Args={'value': 1, 'prev_value': 0, 'change': 1, 'player_num': 1}
2025-11-07 14:36:07,431 : INFO : EventManager : Event: ======'player_turn_started'====== Args={'player': <Player 1>, 'number': 1}
2025-11-07 14:36:07,432 : INFO : EventManager : Event: ======'ball_will_start'====== Args={'player': 1, 'ball': 1, 'balls_remaining': 2, 'is_extra_ball': False}
2025-11-07 14:36:07,437 : INFO : EventManager : Event: ======'ball_starting'====== Args={'player': 1, 'ball': 1, 'balls_remaining': 2, 'is_extra_ball': False}
2025-11-07 14:36:07,438 : INFO : EventManager : Event: ======'mode_base_will_start'====== Args={'queue': <QueuedEvent>, 'player': 1, 'ball': 1, 'balls_remaining': 2, 'is_extra_ball': False}
2025-11-07 14:36:07,438 : INFO : EventManager : Event: ======'player_shot_sh_escape_graveyard_start_enabled'====== Args={'value': False, 'prev_value': 0, 'change': 0, 'player_num': 1}
2025-11-07 14:36:07,440 : INFO : EventManager : Unordered handler for class <Auditor> on event game_ended with priority 1. Handlers: [RegisteredHandler(callback=<bound method Auditor.disable of <Auditor>>, priority=1, kwargs={}, key=UUID('00b82044-5feb-4263-8857-3ae9664be2ba'), condition=None, blocking_facility=None), RegisteredHandler(callback=<bound method Auditor._save_audits of <Auditor>>, priority=1, kwargs={}, key=UUID('5b533b0f-06c0-41eb-8db5-6fd1cc33deb2'), condition=None, blocking_facility=None)]. The order of those handlers is not defined and they will be executed in random order. This might lead to race conditions and potential bugs.
2025-11-07 14:36:07,441 : INFO : EventManager : Unordered handler for class <Auditor> on event game_ended with priority 1. Handlers: [RegisteredHandler(callback=<bound method Auditor.disable of <Auditor>>, priority=1, kwargs={}, key=UUID('00b82044-5feb-4263-8857-3ae9664be2ba'), condition=None, blocking_facility=None), RegisteredHandler(callback=<bound method Auditor._save_audits of <Auditor>>, priority=1, kwargs={}, key=UUID('5b533b0f-06c0-41eb-8db5-6fd1cc33deb2'), condition=None, blocking_facility=None)]. The order of those handlers is not defined and they will be executed in random order. This might lead to race conditions and potential bugs.
2025-11-07 14:36:07,443 : INFO : EventManager : Event: ======'mode_base_starting'====== Args={'queue': <QueuedEvent>, 'player': 1, 'ball': 1, 'balls_remaining': 2, 'is_extra_ball': False}
2025-11-07 14:36:07,444 : INFO : drop_target_bank.right_bank : All targets are already up. Will not reset bank.
2025-11-07 14:36:07,444 : INFO : drop_target_bank.left_bank : All targets are already up. Will not reset bank.
2025-11-07 14:36:07,444 : INFO : EventManager : Event: ======'balls_in_play'====== Args={'balls': 1}
2025-11-07 14:36:07,444 : INFO : EventManager : Event: ======'ball_started'====== Args={'player': 1, 'ball': 1, 'balls_remaining': 2, 'is_extra_ball': False}
2025-11-07 14:36:07,445 : INFO : EventManager : Event: ======'logicblock_eg_pop_counter_updated'====== Args={'value': 0, 'enabled': True}
2025-11-07 14:36:07,445 : INFO : EventManager : Event: ======'logicblock_eg_pop_counter_updated'====== Args={'value': 0, 'enabled': True}
2025-11-07 14:36:07,445 : INFO : Mode.base : Started. Priority: 50
2025-11-07 14:36:07,445 : INFO : EventManager : Event: ======'modes_active_modes_changed'====== Args={}
2025-11-07 14:36:07,445 : INFO : EventManager : Event: ======'mode_base_started'====== Args={'queue': <QueuedEvent>, 'player': 1, 'ball': 1, 'balls_remaining': 2, 'is_extra_ball': False}
2025-11-07 14:36:07,445 : INFO : EventManager : Event: ======'logicblock_eg_pop_counter_updated'====== Args={'value': 0, 'enabled': True}
2025-11-07 14:36:07,445 : INFO : EventManager : Event: ======'start_firstball_intro'====== Args={'priority': 0}
2025-11-07 14:36:07,447 : INFO : EventManager : Unordered handler for class <Auditor> on event game_ended with priority 1. Handlers: [RegisteredHandler(callback=<bound method Auditor.disable of <Auditor>>, priority=1, kwargs={}, key=UUID('00b82044-5feb-4263-8857-3ae9664be2ba'), condition=None, blocking_facility=None), RegisteredHandler(callback=<bound method Auditor._save_audits of <Auditor>>, priority=1, kwargs={}, key=UUID('5b533b0f-06c0-41eb-8db5-6fd1cc33deb2'), condition=None, blocking_facility=None)]. The order of those handlers is not defined and they will be executed in random order. This might lead to race conditions and potential bugs.
2025-11-07 14:36:07,448 : INFO : EventManager : Event: ======'stop_mode_attract'====== Args={'priority': 0}
2025-11-07 14:36:07,448 : INFO : EventManager : Event: ======'mode_attract_will_stop'====== Args={'priority': 0}
2025-11-07 14:36:07,448 : INFO : EventManager : Event: ======'godot_attract_off'====== Args={'priority': 0}
2025-11-07 14:36:07,448 : INFO : EventManager : Event: ======'godot_play_base'====== Args={'priority': 0}
2025-11-07 14:36:07,449 : INFO : EventManager : Event: ======'single_player_ball_started'====== Args={}
2025-11-07 14:36:07,464 : INFO : EventManager : Event: ======'ball_start_target'====== Args={'target': 'playfield'}
2025-11-07 14:36:07,465 : INFO : ball_device.bd_trough : Setting up player-controlled eject. Balls: 1, Target: <playfield.playfield>, player_controlled_eject_event: None
2025-11-07 14:36:07,465 : INFO : ball_device.bd_trough : Adding 1 ball(s) to the eject_queue with target <playfield.playfield>.
2025-11-07 14:36:07,465 : INFO : EventManager : Event: ======'balldevice_balls_available'====== Args={}
2025-11-07 14:36:07,466 : INFO : ball_device.bd_trough : State: waiting_for_target_ready
2025-11-07 14:36:07,467 : INFO : EventManager : Event: ======'balldevice_bd_trough_ball_eject_attempt'====== Args={'balls': 1, 'target': <playfield.playfield>, 'source': <ball_device.bd_trough>, 'mechanical_eject': False, 'num_attempts': 0}
2025-11-07 14:36:07,467 : INFO : ball_device.bd_trough : State: ejecting
2025-11-07 14:36:07,467 : INFO : ball_device.bd_trough : Ejecting ball to <playfield.playfield>
2025-11-07 14:36:07,467 : INFO : EventManager : Event: ======'balldevice_bd_trough_ejecting_ball'====== Args={'balls': 1, 'target': <playfield.playfield>, 'source': <ball_device.bd_trough>, 'mechanical_eject': False, 'num_attempts': 0}
2025-11-07 14:36:07,468 : INFO : ball_device.bd_trough : Wait for ball to leave device
2025-11-07 14:36:07,468 : INFO : coil.c_trough_eject : Pulsing Driver for 40ms (1.0 pulse_power)
2025-11-07 14:36:07,528 : INFO : SwitchController : <<<<<<< 's_trough' inactive >>>>>>>
2025-11-07 14:36:07,534 : INFO : SwitchController : <<<<<<< 's_trough' active >>>>>>>
2025-11-07 14:36:07,534 : INFO : EventManager : Event: ======'machine_var_audits_switches_s_trough'====== Args={'value': 508, 'prev_value': 507, 'change': 1}
2025-11-07 14:36:07,540 : INFO : ball_device.bd_trough : State: ball_left
2025-11-07 14:36:07,540 : INFO : ball_device.bd_trough : Ball left
2025-11-07 14:36:07,540 : INFO : ball_device.bd_trough : Wait for confirm with timeout 10.0
2025-11-07 14:36:07,541 : INFO : SwitchController : <<<<<<< 's_trough' inactive >>>>>>>
2025-11-07 14:36:07,546 : INFO : EventManager : Event: ======'slide_base_created'====== Args={'_from_bcp': True}
2025-11-07 14:36:07,547 : INFO : EventManager : Event: ======'slide_attract_inactive'====== Args={'is_removing': True, '_from_bcp': True}
2025-11-07 14:36:07,547 : INFO : EventManager : Event: ======'slide_base_active'====== Args={'original_context': 'base', 'original_calling_context': 'mode_base_started', 'priority': 50.0, 'queue': '<QueuedEvent>', 'player': 1.0, 'ball': 1.0, 'balls_remaining': 2.0, 'is_extra_ball': False, 'cmd': 'slides_play', '_from_bcp': True}
2025-11-07 14:36:07,547 : INFO : EventManager : Event: ======'slide_attract_removed'====== Args={'_from_bcp': True}
2025-11-07 14:36:08,024 : INFO : EventManager : Event: ======'blink_off'====== Args={'priority': 0}
2025-11-07 14:36:08,613 : INFO : EventManager : Event: ======'blink_on'====== Args={'priority': 0}
2025-11-07 14:36:09,232 : INFO : EventManager : Event: ======'blink_off'====== Args={'priority': 0}
2025-11-07 14:36:09,232 : INFO : EventManager : Unordered handler for class <Auditor> on event game_ended with priority 1. Handlers: [RegisteredHandler(callback=<bound method Auditor.disable of <Auditor>>, priority=1, kwargs={}, key=UUID('00b82044-5feb-4263-8857-3ae9664be2ba'), condition=None, blocking_facility=None), RegisteredHandler(callback=<bound method Auditor._save_audits of <Auditor>>, priority=1, kwargs={}, key=UUID('5b533b0f-06c0-41eb-8db5-6fd1cc33deb2'), condition=None, blocking_facility=None)]. The order of those handlers is not defined and they will be executed in random order. This might lead to race conditions and potential bugs.
2025-11-07 14:36:09,824 : INFO : EventManager : Event: ======'blink_on'====== Args={'priority': 0}
2025-11-07 14:36:10,432 : INFO : EventManager : Event: ======'blink_off'====== Args={'priority': 0}
2025-11-07 14:36:10,432 : INFO : EventManager : Unordered handler for class <Auditor> on event game_ended with priority 1. Handlers: [RegisteredHandler(callback=<bound method Auditor.disable of <Auditor>>, priority=1, kwargs={}, key=UUID('00b82044-5feb-4263-8857-3ae9664be2ba'), condition=None, blocking_facility=None), RegisteredHandler(callback=<bound method Auditor._save_audits of <Auditor>>, priority=1, kwargs={}, key=UUID('5b533b0f-06c0-41eb-8db5-6fd1cc33deb2'), condition=None, blocking_facility=None)]. The order of those handlers is not defined and they will be executed in random order. This might lead to race conditions and potential bugs.
2025-11-07 14:36:10,697 : INFO : SwitchController : <<<<<<< 's_right_inlane' active >>>>>>>
2025-11-07 14:36:10,697 : INFO : EventManager : Event: ======'s_right_inlane_active'====== Args={}
2025-11-07 14:36:10,697 : INFO : EventManager : Event: ======'sw_playfield_active'====== Args={}
2025-11-07 14:36:10,697 : INFO : EventManager : Event: ======'machine_var_audits_switches_s_right_inlane'====== Args={'value': 17, 'prev_value': 16, 'change': 1}
2025-11-07 14:36:10,698 : INFO : EventManager : Event: ======'player_score'====== Args={'value': 100, 'prev_value': 0, 'change': 100, 'player_num': 1, 'source': 'base'}
2025-11-07 14:36:10,700 : INFO : EventManager : Unordered handler for class <Auditor> on event game_ended with priority 1. Handlers: [RegisteredHandler(callback=<bound method Auditor.disable of <Auditor>>, priority=1, kwargs={}, key=UUID('00b82044-5feb-4263-8857-3ae9664be2ba'), condition=None, blocking_facility=None), RegisteredHandler(callback=<bound method Auditor._save_audits of <Auditor>>, priority=1, kwargs={}, key=UUID('5b533b0f-06c0-41eb-8db5-6fd1cc33deb2'), condition=None, blocking_facility=None)]. The order of those handlers is not defined and they will be executed in random order. This might lead to race conditions and potential bugs.
2025-11-07 14:36:10,700 : INFO : EventManager : Event: ======'playfield_active'====== Args={'source': None}
2025-11-07 14:36:10,713 : INFO : EventManager : Unordered handler for class <Auditor> on event game_ended with priority 1. Handlers: [RegisteredHandler(callback=<bound method Auditor.disable of <Auditor>>, priority=1, kwargs={}, key=UUID('00b82044-5feb-4263-8857-3ae9664be2ba'), condition=None, blocking_facility=None), RegisteredHandler(callback=<bound method Auditor._save_audits of <Auditor>>, priority=1, kwargs={}, key=UUID('5b533b0f-06c0-41eb-8db5-6fd1cc33deb2'), condition=None, blocking_facility=None)]. The order of those handlers is not defined and they will be executed in random order. This might lead to race conditions and potential bugs.
2025-11-07 14:36:10,713 : INFO : EventManager : Unordered handler for class <Auditor> on event game_ended with priority 1. Handlers: [RegisteredHandler(callback=<bound method Auditor.disable of <Auditor>>, priority=1, kwargs={}, key=UUID('00b82044-5feb-4263-8857-3ae9664be2ba'), condition=None, blocking_facility=None), RegisteredHandler(callback=<bound method Auditor._save_audits of <Auditor>>, priority=1, kwargs={}, key=UUID('5b533b0f-06c0-41eb-8db5-6fd1cc33deb2'), condition=None, blocking_facility=None)]. The order of those handlers is not defined and they will be executed in random order. This might lead to race conditions and potential bugs.
2025-11-07 14:36:10,714 : INFO : EventManager : Unordered handler for class <Auditor> on event game_ended with priority 1. Handlers: [RegisteredHandler(callback=<bound method Auditor.disable of <Auditor>>, priority=1, kwargs={}, key=UUID('00b82044-5feb-4263-8857-3ae9664be2ba'), condition=None, blocking_facility=None), RegisteredHandler(callback=<bound method Auditor._save_audits of <Auditor>>, priority=1, kwargs={}, key=UUID('5b533b0f-06c0-41eb-8db5-6fd1cc33deb2'), condition=None, blocking_facility=None)]. The order of those handlers is not defined and they will be executed in random order. This might lead to race conditions and potential bugs.
2025-11-07 14:36:10,714 : INFO : EventManager : Unordered handler for class <Auditor> on event game_ended with priority 1. Handlers: [RegisteredHandler(callback=<bound method Auditor.disable of <Auditor>>, priority=1, kwargs={}, key=UUID('00b82044-5feb-4263-8857-3ae9664be2ba'), condition=None, blocking_facility=None), RegisteredHandler(callback=<bound method Auditor._save_audits of <Auditor>>, priority=1, kwargs={}, key=UUID('5b533b0f-06c0-41eb-8db5-6fd1cc33deb2'), condition=None, blocking_facility=None)]. The order of those handlers is not defined and they will be executed in random order. This might lead to race conditions and potential bugs.
2025-11-07 14:36:10,715 : INFO : ball_device.bd_trough : Got eject confirm
2025-11-07 14:36:10,715 : INFO : ball_device.bd_trough : Eject successful
2025-11-07 14:36:10,715 : INFO : EventManager : Event: ======'balldevice_bd_trough_ball_eject_success'====== Args={'balls': 1, 'target': <playfield.playfield>}
2025-11-07 14:36:10,715 : INFO : EventManager : Event: ======'balldevice_playfield_ball_enter'====== Args={'new_balls': 1, 'unclaimed_balls': 1, 'device': <playfield.playfield>}
2025-11-07 14:36:10,715 : INFO : EventManager : Event: ======'playfield_ball_count_change'====== Args={'balls': 1, 'change': 1}
2025-11-07 14:36:10,715 : INFO : EventManager : Event: ======'balldevice_bd_trough_ball_count_changed'====== Args={'balls': 0}
2025-11-07 14:36:10,716 : INFO : ball_device.bd_trough : State: idle
2025-11-07 14:36:11,023 : INFO : EventManager : Event: ======'blink_on'====== Args={'priority': 0}
2025-11-07 14:36:11,132 : INFO : SwitchController : <<<<<<< 's_right_inlane' inactive >>>>>>>
2025-11-07 14:36:11,334 : INFO : SwitchController : <<<<<<< 's_right_inlane' active >>>>>>>
2025-11-07 14:36:11,334 : INFO : EventManager : Event: ======'s_right_inlane_active'====== Args={}
2025-11-07 14:36:11,334 : INFO : EventManager : Event: ======'sw_playfield_active'====== Args={}
2025-11-07 14:36:11,334 : INFO : EventManager : Event: ======'machine_var_audits_switches_s_right_inlane'====== Args={'value': 18, 'prev_value': 17, 'change': 1}
2025-11-07 14:36:11,335 : INFO : EventManager : Event: ======'player_score'====== Args={'value': 200, 'prev_value': 100, 'change': 100, 'player_num': 1, 'source': 'base'}
2025-11-07 14:36:11,490 : INFO : SwitchController : <<<<<<< 's_right_inlane' inactive >>>>>>>
2025-11-07 14:36:11,616 : INFO : EventManager : Event: ======'blink_off'====== Args={'priority': 0}
2025-11-07 14:36:11,616 : INFO : EventManager : Unordered handler for class <Auditor> on event game_ended with priority 1. Handlers: [RegisteredHandler(callback=<bound method Auditor.disable of <Auditor>>, priority=1, kwargs={}, key=UUID('00b82044-5feb-4263-8857-3ae9664be2ba'), condition=None, blocking_facility=None), RegisteredHandler(callback=<bound method Auditor._save_audits of <Auditor>>, priority=1, kwargs={}, key=UUID('5b533b0f-06c0-41eb-8db5-6fd1cc33deb2'), condition=None, blocking_facility=None)]. The order of those handlers is not defined and they will be executed in random order. This might lead to race conditions and potential bugs.
2025-11-07 14:36:11,694 : INFO : SwitchController : <<<<<<< 's_right_inlane' active >>>>>>>
2025-11-07 14:36:11,694 : INFO : EventManager : Event: ======'s_right_inlane_active'====== Args={}
2025-11-07 14:36:11,694 : INFO : EventManager : Event: ======'sw_playfield_active'====== Args={}
2025-11-07 14:36:11,694 : INFO : EventManager : Event: ======'machine_var_audits_switches_s_right_inlane'====== Args={'value': 19, 'prev_value': 18, 'change': 1}
2025-11-07 14:36:11,695 : INFO : EventManager : Event: ======'player_score'====== Args={'value': 300, 'prev_value': 200, 'change': 100, 'player_num': 1, 'source': 'base'}
2025-11-07 14:36:11,696 : INFO : EventManager : Unordered handler for class <Auditor> on event game_ended with priority 1. Handlers: [RegisteredHandler(callback=<bound method Auditor.disable of <Auditor>>, priority=1, kwargs={}, key=UUID('00b82044-5feb-4263-8857-3ae9664be2ba'), condition=None, blocking_facility=None), RegisteredHandler(callback=<bound method Auditor._save_audits of <Auditor>>, priority=1, kwargs={}, key=UUID('5b533b0f-06c0-41eb-8db5-6fd1cc33deb2'), condition=None, blocking_facility=None)]. The order of those handlers is not defined and they will be executed in random order. This might lead to race conditions and potential bugs.
2025-11-07 14:36:11,704 : INFO : EventManager : Unordered handler for class <Auditor> on event game_ended with priority 1. Handlers: [RegisteredHandler(callback=<bound method Auditor.disable of <Auditor>>, priority=1, kwargs={}, key=UUID('00b82044-5feb-4263-8857-3ae9664be2ba'), condition=None, blocking_facility=None), RegisteredHandler(callback=<bound method Auditor._save_audits of <Auditor>>, priority=1, kwargs={}, key=UUID('5b533b0f-06c0-41eb-8db5-6fd1cc33deb2'), condition=None, blocking_facility=None)]. The order of those handlers is not defined and they will be executed in random order. This might lead to race conditions and potential bugs.
2025-11-07 14:36:11,833 : INFO : SwitchController : <<<<<<< 's_right_inlane' inactive >>>>>>>
2025-11-07 14:36:12,236 : INFO : EventManager : Event: ======'blink_on'====== Args={'priority': 0}
2025-11-07 14:36:12,830 : INFO : EventManager : Event: ======'blink_off'====== Args={'priority': 0}
2025-11-07 14:36:12,830 : INFO : EventManager : Unordered handler for class <Auditor> on event game_ended with priority 1. Handlers: [RegisteredHandler(callback=<bound method Auditor.disable of <Auditor>>, priority=1, kwargs={}, key=UUID('00b82044-5feb-4263-8857-3ae9664be2ba'), condition=None, blocking_facility=None), RegisteredHandler(callback=<bound method Auditor._save_audits of <Auditor>>, priority=1, kwargs={}, key=UUID('5b533b0f-06c0-41eb-8db5-6fd1cc33deb2'), condition=None, blocking_facility=None)]. The order of those handlers is not defined and they will be executed in random order. This might lead to race conditions and potential bugs.
2025-11-07 14:36:13,419 : INFO : SwitchController : <<<<<<< 's_left_sling' active >>>>>>>
2025-11-07 14:36:13,419 : INFO : EventManager : Event: ======'s_left_sling_active'====== Args={}
2025-11-07 14:36:13,419 : INFO : EventManager : Event: ======'machine_var_audits_switches_s_left_sling'====== Args={'value': 100, 'prev_value': 99, 'change': 1}
2025-11-07 14:36:13,419 : INFO : EventManager : Event: ======'test_subsequentball'====== Args={'priority': 0}
2025-11-07 14:36:13,420 : INFO : EventManager : Event: ======'player_score'====== Args={'value': 310, 'prev_value': 300, 'change': 10, 'player_num': 1, 'source': 'base'}
2025-11-07 14:36:13,421 : INFO : EventManager : Unordered handler for class <Auditor> on event game_ended with priority 1. Handlers: [RegisteredHandler(callback=<bound method Auditor.disable of <Auditor>>, priority=1, kwargs={}, key=UUID('00b82044-5feb-4263-8857-3ae9664be2ba'), condition=None, blocking_facility=None), RegisteredHandler(callback=<bound method Auditor._save_audits of <Auditor>>, priority=1, kwargs={}, key=UUID('5b533b0f-06c0-41eb-8db5-6fd1cc33deb2'), condition=None, blocking_facility=None)]. The order of those handlers is not defined and they will be executed in random order. This might lead to race conditions and potential bugs.
2025-11-07 14:36:13,433 : INFO : SwitchController : <<<<<<< 's_left_sling' inactive >>>>>>>
2025-11-07 14:36:13,434 : INFO : EventManager : Event: ======'blink_on'====== Args={'priority': 0}
2025-11-07 14:36:14,028 : INFO : EventManager : Event: ======'blink_off'====== Args={'priority': 0}
2025-11-07 14:36:14,028 : INFO : EventManager : Unordered handler for class <Auditor> on event game_ended with priority 1. Handlers: [RegisteredHandler(callback=<bound method Auditor.disable of <Auditor>>, priority=1, kwargs={}, key=UUID('00b82044-5feb-4263-8857-3ae9664be2ba'), condition=None, blocking_facility=None), RegisteredHandler(callback=<bound method Auditor._save_audits of <Auditor>>, priority=1, kwargs={}, key=UUID('5b533b0f-06c0-41eb-8db5-6fd1cc33deb2'), condition=None, blocking_facility=None)]. The order of those handlers is not defined and they will be executed in random order. This might lead to race conditions and potential bugs.
2025-11-07 14:36:14,618 : INFO : EventManager : Event: ======'blink_on'====== Args={'priority': 0}
2025-11-07 14:36:15,225 : INFO : EventManager : Event: ======'blink_off'====== Args={'priority': 0}
2025-11-07 14:36:15,226 : INFO : EventManager : Unordered handler for class <Auditor> on event game_ended with priority 1. Handlers: [RegisteredHandler(callback=<bound method Auditor.disable of <Auditor>>, priority=1, kwargs={}, key=UUID('00b82044-5feb-4263-8857-3ae9664be2ba'), condition=None, blocking_facility=None), RegisteredHandler(callback=<bound method Auditor._save_audits of <Auditor>>, priority=1, kwargs={}, key=UUID('5b533b0f-06c0-41eb-8db5-6fd1cc33deb2'), condition=None, blocking_facility=None)]. The order of those handlers is not defined and they will be executed in random order. This might lead to race conditions and potential bugs.
2025-11-07 14:36:15,815 : INFO : EventManager : Event: ======'blink_on'====== Args={'priority': 0}
2025-11-07 14:36:16,432 : INFO : EventManager : Event: ======'blink_off'====== Args={'priority': 0}
2025-11-07 14:36:16,432 : INFO : EventManager : Unordered handler for class <Auditor> on event game_ended with priority 1. Handlers: [RegisteredHandler(callback=<bound method Auditor.disable of <Auditor>>, priority=1, kwargs={}, key=UUID('00b82044-5feb-4263-8857-3ae9664be2ba'), condition=None, blocking_facility=None), RegisteredHandler(callback=<bound method Auditor._save_audits of <Auditor>>, priority=1, kwargs={}, key=UUID('5b533b0f-06c0-41eb-8db5-6fd1cc33deb2'), condition=None, blocking_facility=None)]. The order of those handlers is not defined and they will be executed in random order. This might lead to race conditions and potential bugs.
2025-11-07 14:36:17,023 : INFO : EventManager : Event: ======'blink_on'====== Args={'priority': 0}
2025-11-07 14:36:17,615 : INFO : EventManager : Event: ======'blink_off'====== Args={'priority': 0}
2025-11-07 14:36:17,615 : INFO : EventManager : Unordered handler for class <Auditor> on event game_ended with priority 1. Handlers: [RegisteredHandler(callback=<bound method Auditor.disable of <Auditor>>, priority=1, kwargs={}, key=UUID('00b82044-5feb-4263-8857-3ae9664be2ba'), condition=None, blocking_facility=None), RegisteredHandler(callback=<bound method Auditor._save_audits of <Auditor>>, priority=1, kwargs={}, key=UUID('5b533b0f-06c0-41eb-8db5-6fd1cc33deb2'), condition=None, blocking_facility=None)]. The order of those handlers is not defined and they will be executed in random order. This might lead to race conditions and potential bugs.
2025-11-07 14:36:18,225 : INFO : EventManager : Event: ======'blink_on'====== Args={'priority': 0}
2025-11-07 14:36:18,827 : INFO : EventManager : Event: ======'blink_off'====== Args={'priority': 0}
2025-11-07 14:36:18,827 : INFO : EventManager : Unordered handler for class <Auditor> on event game_ended with priority 1. Handlers: [RegisteredHandler(callback=<bound method Auditor.disable of <Auditor>>, priority=1, kwargs={}, key=UUID('00b82044-5feb-4263-8857-3ae9664be2ba'), condition=None, blocking_facility=None), RegisteredHandler(callback=<bound method Auditor._save_audits of <Auditor>>, priority=1, kwargs={}, key=UUID('5b533b0f-06c0-41eb-8db5-6fd1cc33deb2'), condition=None, blocking_facility=None)]. The order of those handlers is not defined and they will be executed in random order. This might lead to race conditions and potential bugs.
2025-11-07 14:36:19,429 : INFO : EventManager : Event: ======'blink_on'====== Args={'priority': 0}
2025-11-07 14:36:20,018 : INFO : EventManager : Event: ======'blink_off'====== Args={'priority': 0}
2025-11-07 14:36:20,018 : INFO : EventManager : Unordered handler for class <Auditor> on event game_ended with priority 1. Handlers: [RegisteredHandler(callback=<bound method Auditor.disable of <Auditor>>, priority=1, kwargs={}, key=UUID('00b82044-5feb-4263-8857-3ae9664be2ba'), condition=None, blocking_facility=None), RegisteredHandler(callback=<bound method Auditor._save_audits of <Auditor>>, priority=1, kwargs={}, key=UUID('5b533b0f-06c0-41eb-8db5-6fd1cc33deb2'), condition=None, blocking_facility=None)]. The order of those handlers is not defined and they will be executed in random order. This might lead to race conditions and potential bugs.
2025-11-07 14:36:20,624 : INFO : EventManager : Event: ======'blink_on'====== Args={'priority': 0}
2025-11-07 14:36:21,186 : INFO : SwitchController : <<<<<<< 's_trough' active >>>>>>>
2025-11-07 14:36:21,186 : INFO : EventManager : Event: ======'machine_var_audits_switches_s_trough'====== Args={'value': 509, 'prev_value': 508, 'change': 1}
2025-11-07 14:36:21,194 : INFO : SwitchController : <<<<<<< 's_trough' inactive >>>>>>>
2025-11-07 14:36:21,232 : INFO : EventManager : Event: ======'blink_off'====== Args={'priority': 0}
2025-11-07 14:36:21,232 : INFO : EventManager : Unordered handler for class <Auditor> on event game_ended with priority 1. Handlers: [RegisteredHandler(callback=<bound method Auditor.disable of <Auditor>>, priority=1, kwargs={}, key=UUID('00b82044-5feb-4263-8857-3ae9664be2ba'), condition=None, blocking_facility=None), RegisteredHandler(callback=<bound method Auditor._save_audits of <Auditor>>, priority=1, kwargs={}, key=UUID('5b533b0f-06c0-41eb-8db5-6fd1cc33deb2'), condition=None, blocking_facility=None)]. The order of those handlers is not defined and they will be executed in random order. This might lead to race conditions and potential bugs.
2025-11-07 14:36:21,248 : INFO : SwitchController : <<<<<<< 's_trough' active >>>>>>>
2025-11-07 14:36:21,248 : INFO : EventManager : Event: ======'machine_var_audits_switches_s_trough'====== Args={'value': 510, 'prev_value': 509, 'change': 1}
2025-11-07 14:36:21,743 : INFO : EventManager : Event: ======'balldevice_bd_trough_ball_count_changed'====== Args={'balls': 1}
2025-11-07 14:36:21,743 : INFO : ball_device.bd_trough : Received unexpected ball
2025-11-07 14:36:21,743 : INFO : EventManager : Event: ======'balldevice_captured_from_playfield'====== Args={'balls': 1}
2025-11-07 14:36:21,744 : INFO : EventManager : Event: ======'sw_playfield_active'====== Args={'balls': 1}
2025-11-07 14:36:21,744 : INFO : EventManager : Event: ======'playfield_ball_count_change'====== Args={'balls': 0, 'change': -1}
2025-11-07 14:36:21,744 : INFO : EventManager : Event: ======'balldevice_bd_trough_ball_enter'====== Args={'new_balls': 1, 'unclaimed_balls': 1, 'new_available_balls': 1, 'device': <ball_device.bd_trough>}
2025-11-07 14:36:21,745 : INFO : EventManager : Event: ======'ball_drain'====== Args={'device': <ball_device.bd_trough>, 'balls': 1}
2025-11-07 14:36:21,745 : INFO : EventManager : Event: ======'ball_will_end'====== Args={}
2025-11-07 14:36:21,745 : INFO : EventManager : Event: ======'balldevice_balls_available'====== Args={}
2025-11-07 14:36:21,745 : INFO : EventManager : Event: ======'balldevice_bd_trough_ball_entered'====== Args={'new_balls': 1, 'device': <ball_device.bd_trough>}
2025-11-07 14:36:21,746 : INFO : EventManager : Event: ======'ball_ending'====== Args={}
2025-11-07 14:36:21,746 : INFO : EventManager : Event: ======'mode_base_will_stop'====== Args={}
2025-11-07 14:36:21,746 : INFO : EventManager : Event: ======'mode_base_stopping'====== Args={}
2025-11-07 14:36:21,748 : INFO : EventManager : Event: ======'godot_stop_base'====== Args={'priority': 0}
2025-11-07 14:36:21,748 : INFO : Mode.base : Stopped.
2025-11-07 14:36:21,748 : INFO : EventManager : Event: ======'modes_active_modes_changed'====== Args={}
2025-11-07 14:36:21,749 : INFO : EventManager : Event: ======'mode_base_stopped'====== Args={}
2025-11-07 14:36:21,749 : INFO : EventManager : Event: ======'clear'====== Args={'key': 'base'}
2025-11-07 14:36:21,762 : INFO : EventManager : Event: ======'ball_ended'====== Args={}
2025-11-07 14:36:21,763 : INFO : EventManager : Event: ======'player_turn_will_end'====== Args={'player': <Player 1>, 'number': 1}
2025-11-07 14:36:21,768 : INFO : EventManager : Event: ======'player_turn_ending'====== Args={'player': <Player 1>, 'number': 1}
2025-11-07 14:36:21,768 : INFO : EventManager : Event: ======'player_turn_ended'====== Args={'player': <Player 1>, 'number': 1}
2025-11-07 14:36:21,768 : INFO : EventManager : Event: ======'player_turn_will_start'====== Args={'player': <Player 1>, 'number': 1}
2025-11-07 14:36:21,769 : INFO : EventManager : Event: ======'player_turn_starting'====== Args={'player': <Player 1>, 'number': 1}
2025-11-07 14:36:21,769 : INFO : EventManager : Event: ======'player_ball'====== Args={'value': 2, 'prev_value': 1, 'change': 1, 'player_num': 1}
2025-11-07 14:36:21,769 : INFO : EventManager : Event: ======'player_turn_started'====== Args={'player': <Player 1>, 'number': 1}
2025-11-07 14:36:21,770 : INFO : EventManager : Event: ======'ball_will_start'====== Args={'player': 1, 'ball': 2, 'balls_remaining': 1, 'is_extra_ball': False}
2025-11-07 14:36:21,774 : INFO : EventManager : Event: ======'ball_starting'====== Args={'player': 1, 'ball': 2, 'balls_remaining': 1, 'is_extra_ball': False}
2025-11-07 14:36:21,774 : INFO : EventManager : Event: ======'mode_base_will_start'====== Args={'queue': <QueuedEvent>, 'player': 1, 'ball': 2, 'balls_remaining': 1, 'is_extra_ball': False}
2025-11-07 14:36:21,776 : INFO : EventManager : Unordered handler for class <Auditor> on event game_ended with priority 1. Handlers: [RegisteredHandler(callback=<bound method Auditor.disable of <Auditor>>, priority=1, kwargs={}, key=UUID('00b82044-5feb-4263-8857-3ae9664be2ba'), condition=None, blocking_facility=None), RegisteredHandler(callback=<bound method Auditor._save_audits of <Auditor>>, priority=1, kwargs={}, key=UUID('5b533b0f-06c0-41eb-8db5-6fd1cc33deb2'), condition=None, blocking_facility=None)]. The order of those handlers is not defined and they will be executed in random order. This might lead to race conditions and potential bugs.
2025-11-07 14:36:21,776 : INFO : EventManager : Unordered handler for class <Auditor> on event game_ended with priority 1. Handlers: [RegisteredHandler(callback=<bound method Auditor.disable of <Auditor>>, priority=1, kwargs={}, key=UUID('00b82044-5feb-4263-8857-3ae9664be2ba'), condition=None, blocking_facility=None), RegisteredHandler(callback=<bound method Auditor._save_audits of <Auditor>>, priority=1, kwargs={}, key=UUID('5b533b0f-06c0-41eb-8db5-6fd1cc33deb2'), condition=None, blocking_facility=None)]. The order of those handlers is not defined and they will be executed in random order. This might lead to race conditions and potential bugs.
2025-11-07 14:36:21,779 : INFO : EventManager : Event: ======'mode_base_starting'====== Args={'queue': <QueuedEvent>, 'player': 1, 'ball': 2, 'balls_remaining': 1, 'is_extra_ball': False}
2025-11-07 14:36:21,779 : INFO : drop_target_bank.right_bank : All targets are already up. Will not reset bank.
2025-11-07 14:36:21,779 : INFO : drop_target_bank.left_bank : All targets are already up. Will not reset bank.
2025-11-07 14:36:21,780 : INFO : EventManager : Event: ======'balls_in_play'====== Args={'balls': 1}
2025-11-07 14:36:21,780 : INFO : EventManager : Event: ======'ball_started'====== Args={'player': 1, 'ball': 2, 'balls_remaining': 1, 'is_extra_ball': False}
2025-11-07 14:36:21,780 : INFO : EventManager : Event: ======'logicblock_eg_pop_counter_updated'====== Args={'value': 0, 'enabled': True}
2025-11-07 14:36:21,780 : INFO : EventManager : Event: ======'logicblock_eg_pop_counter_updated'====== Args={'value': 0, 'enabled': True}
2025-11-07 14:36:21,780 : INFO : Mode.base : Started. Priority: 50
2025-11-07 14:36:21,780 : INFO : EventManager : Event: ======'modes_active_modes_changed'====== Args={}
2025-11-07 14:36:21,780 : INFO : EventManager : Event: ======'mode_base_started'====== Args={'queue': <QueuedEvent>, 'player': 1, 'ball': 2, 'balls_remaining': 1, 'is_extra_ball': False}
2025-11-07 14:36:21,780 : INFO : EventManager : Event: ======'mode_music_ball_2plus_will_start'====== Args={'player': 1, 'ball': 2, 'balls_remaining': 1, 'is_extra_ball': False}
2025-11-07 14:36:21,781 : INFO : EventManager : Unordered handler for class <Auditor> on event game_ended with priority 1. Handlers: [RegisteredHandler(callback=<bound method Auditor.disable of <Auditor>>, priority=1, kwargs={}, key=UUID('00b82044-5feb-4263-8857-3ae9664be2ba'), condition=None, blocking_facility=None), RegisteredHandler(callback=<bound method Auditor._save_audits of <Auditor>>, priority=1, kwargs={}, key=UUID('5b533b0f-06c0-41eb-8db5-6fd1cc33deb2'), condition=None, blocking_facility=None)]. The order of those handlers is not defined and they will be executed in random order. This might lead to race conditions and potential bugs.
2025-11-07 14:36:21,781 : INFO : EventManager : Event: ======'mode_music_ball_2plus_starting'====== Args={'player': 1, 'ball': 2, 'balls_remaining': 1, 'is_extra_ball': False}
2025-11-07 14:36:21,781 : INFO : EventManager : Event: ======'logicblock_eg_pop_counter_updated'====== Args={'value': 0, 'enabled': True}
2025-11-07 14:36:21,781 : INFO : EventManager : Event: ======'start_subsequent_loop'====== Args={'priority': 0}
2025-11-07 14:36:21,782 : INFO : EventManager : Unordered handler for class <Auditor> on event game_ended with priority 1. Handlers: [RegisteredHandler(callback=<bound method Auditor.disable of <Auditor>>, priority=1, kwargs={}, key=UUID('00b82044-5feb-4263-8857-3ae9664be2ba'), condition=None, blocking_facility=None), RegisteredHandler(callback=<bound method Auditor._save_audits of <Auditor>>, priority=1, kwargs={}, key=UUID('5b533b0f-06c0-41eb-8db5-6fd1cc33deb2'), condition=None, blocking_facility=None)]. The order of those handlers is not defined and they will be executed in random order. This might lead to race conditions and potential bugs.
2025-11-07 14:36:21,783 : INFO : EventManager : Event: ======'stop_mode_attract'====== Args={'priority': 0}
2025-11-07 14:36:21,783 : INFO : EventManager : Event: ======'mode_attract_will_stop'====== Args={'priority': 0}
2025-11-07 14:36:21,783 : INFO : EventManager : Event: ======'godot_attract_off'====== Args={'priority': 0}
2025-11-07 14:36:21,783 : INFO : EventManager : Event: ======'godot_play_base'====== Args={'priority': 0}
2025-11-07 14:36:21,783 : INFO : EventManager : Event: ======'start_subsequent_loop'====== Args={'priority': 0}
2025-11-07 14:36:21,783 : INFO : Mode.music_ball_2plus : Started. Priority: 60
2025-11-07 14:36:21,784 : INFO : EventManager : Event: ======'modes_active_modes_changed'====== Args={}
2025-11-07 14:36:21,784 : INFO : EventManager : Event: ======'mode_music_ball_2plus_started'====== Args={'player': 1, 'ball': 2, 'balls_remaining': 1, 'is_extra_ball': False}
2025-11-07 14:36:21,784 : INFO : EventManager : Event: ======'single_player_ball_started'====== Args={}
2025-11-07 14:36:21,799 : INFO : EventManager : Event: ======'ball_start_target'====== Args={'target': 'playfield'}
2025-11-07 14:36:21,800 : INFO : ball_device.bd_trough : Setting up player-controlled eject. Balls: 1, Target: <playfield.playfield>, player_controlled_eject_event: None
2025-11-07 14:36:21,800 : INFO : ball_device.bd_trough : Adding 1 ball(s) to the eject_queue with target <playfield.playfield>.
2025-11-07 14:36:21,800 : INFO : EventManager : Event: ======'balldevice_balls_available'====== Args={}
2025-11-07 14:36:21,803 : INFO : ball_device.bd_trough : State: waiting_for_target_ready
2025-11-07 14:36:21,803 : INFO : EventManager : Event: ======'balldevice_bd_trough_ball_eject_attempt'====== Args={'balls': 1, 'target': <playfield.playfield>, 'source': <ball_device.bd_trough>, 'mechanical_eject': False, 'num_attempts': 0}
2025-11-07 14:36:21,803 : INFO : EventManager : Event: ======'slide_base_created'====== Args={'_from_bcp': True}
2025-11-07 14:36:21,803 : INFO : EventManager : Event: ======'slide_base_inactive'====== Args={'is_removing': True, '_from_bcp': True}
2025-11-07 14:36:21,803 : INFO : EventManager : Event: ======'slide_base_active'====== Args={'original_context': 'base', 'original_calling_context': 'mode_base_started', 'priority': 50.0, 'queue': '<QueuedEvent>', 'player': 1.0, 'ball': 2.0, 'balls_remaining': 1.0, 'is_extra_ball': False, 'cmd': 'slides_play', '_from_bcp': True}
2025-11-07 14:36:21,803 : INFO : EventManager : Event: ======'slide_base_removed'====== Args={'_from_bcp': True}
2025-11-07 14:36:21,804 : INFO : ball_device.bd_trough : State: ejecting
2025-11-07 14:36:21,804 : INFO : ball_device.bd_trough : Ejecting ball to <playfield.playfield>
2025-11-07 14:36:21,804 : INFO : EventManager : Event: ======'balldevice_bd_trough_ejecting_ball'====== Args={'balls': 1, 'target': <playfield.playfield>, 'source': <ball_device.bd_trough>, 'mechanical_eject': False, 'num_attempts': 0}
2025-11-07 14:36:21,805 : INFO : ball_device.bd_trough : Wait for ball to leave device
2025-11-07 14:36:21,805 : INFO : coil.c_trough_eject : Pulsing Driver for 40ms (1.0 pulse_power)
2025-11-07 14:36:21,821 : INFO : EventManager : Event: ======'blink_on'====== Args={'priority': 0}
2025-11-07 14:36:21,852 : INFO : SwitchController : <<<<<<< 's_trough' inactive >>>>>>>
2025-11-07 14:36:21,860 : INFO : ball_device.bd_trough : State: ball_left
2025-11-07 14:36:21,861 : INFO : ball_device.bd_trough : Ball left
2025-11-07 14:36:21,861 : INFO : ball_device.bd_trough : Wait for confirm with timeout 10.0
2025-11-07 14:36:22,424 : INFO : EventManager : Event: ======'blink_off'====== Args={'priority': 0}
2025-11-07 14:36:22,424 : INFO : EventManager : Unordered handler for class <Auditor> on event game_ended with priority 1. Handlers: [RegisteredHandler(callback=<bound method Auditor.disable of <Auditor>>, priority=1, kwargs={}, key=UUID('00b82044-5feb-4263-8857-3ae9664be2ba'), condition=None, blocking_facility=None), RegisteredHandler(callback=<bound method Auditor._save_audits of <Auditor>>, priority=1, kwargs={}, key=UUID('5b533b0f-06c0-41eb-8db5-6fd1cc33deb2'), condition=None, blocking_facility=None)]. The order of those handlers is not defined and they will be executed in random order. This might lead to race conditions and potential bugs.
2025-11-07 14:36:23,029 : INFO : EventManager : Event: ======'blink_on'====== Args={'priority': 0}
2025-11-07 14:36:23,623 : INFO : EventManager : Event: ======'blink_off'====== Args={'priority': 0}
2025-11-07 14:36:23,623 : INFO : EventManager : Unordered handler for class <Auditor> on event game_ended with priority 1. Handlers: [RegisteredHandler(callback=<bound method Auditor.disable of <Auditor>>, priority=1, kwargs={}, key=UUID('00b82044-5feb-4263-8857-3ae9664be2ba'), condition=None, blocking_facility=None), RegisteredHandler(callback=<bound method Auditor._save_audits of <Auditor>>, priority=1, kwargs={}, key=UUID('5b533b0f-06c0-41eb-8db5-6fd1cc33deb2'), condition=None, blocking_facility=None)]. The order of those handlers is not defined and they will be executed in random order. This might lead to race conditions and potential bugs.
2025-11-07 14:36:24,230 : INFO : EventManager : Event: ======'blink_on'====== Args={'priority': 0}
2025-11-07 14:36:24,821 : INFO : EventManager : Event: ======'blink_off'====== Args={'priority': 0}
2025-11-07 14:36:24,821 : INFO : EventManager : Unordered handler for class <Auditor> on event game_ended with priority 1. Handlers: [RegisteredHandler(callback=<bound method Auditor.disable of <Auditor>>, priority=1, kwargs={}, key=UUID('00b82044-5feb-4263-8857-3ae9664be2ba'), condition=None, blocking_facility=None), RegisteredHandler(callback=<bound method Auditor._save_audits of <Auditor>>, priority=1, kwargs={}, key=UUID('5b533b0f-06c0-41eb-8db5-6fd1cc33deb2'), condition=None, blocking_facility=None)]. The order of those handlers is not defined and they will be executed in random order. This might lead to race conditions and potential bugs.
2025-11-07 14:36:25,428 : INFO : EventManager : Event: ======'blink_on'====== Args={'priority': 0}
2025-11-07 14:36:26,019 : INFO : EventManager : Event: ======'blink_off'====== Args={'priority': 0}
2025-11-07 14:36:26,019 : INFO : EventManager : Unordered handler for class <Auditor> on event game_ended with priority 1. Handlers: [RegisteredHandler(callback=<bound method Auditor.disable of <Auditor>>, priority=1, kwargs={}, key=UUID('00b82044-5feb-4263-8857-3ae9664be2ba'), condition=None, blocking_facility=None), RegisteredHandler(callback=<bound method Auditor._save_audits of <Auditor>>, priority=1, kwargs={}, key=UUID('5b533b0f-06c0-41eb-8db5-6fd1cc33deb2'), condition=None, blocking_facility=None)]. The order of those handlers is not defined and they will be executed in random order. This might lead to race conditions and potential bugs.
2025-11-07 14:36:26,621 : INFO : EventManager : Event: ======'blink_on'====== Args={'priority': 0}
2025-11-07 14:36:27,044 : INFO : Machine : Shutting down...
2025-11-07 14:36:27,044 : INFO : EventManager : Event: ======'shutdown'====== Args={}
2025-11-07 14:36:27,046 : INFO : EventManager : Event: ======'mode_game_will_stop'====== Args={}
2025-11-07 14:36:27,046 : INFO : EventManager : Event: ======'mode_game_stopping'====== Args={}
2025-11-07 14:36:27,047 : INFO : EventManager : Event: ======'mode_base_will_stop'====== Args={}
2025-11-07 14:36:27,047 : INFO : EventManager : Event: ======'mode_base_stopping'====== Args={}
2025-11-07 14:36:27,047 : INFO : EventManager : Event: ======'mode_music_ball_2plus_will_stop'====== Args={}
2025-11-07 14:36:27,047 : INFO : EventManager : Event: ======'mode_music_ball_2plus_stopping'====== Args={}
2025-11-07 14:36:27,048 : INFO : EventManager : Event: ======'godot_stop_base'====== Args={'priority': 0}
2025-11-07 14:36:27,048 : INFO : Mode.music_ball_2plus : Stopped.
2025-11-07 14:36:27,048 : INFO : EventManager : Event: ======'modes_active_modes_changed'====== Args={}
2025-11-07 14:36:27,048 : INFO : EventManager : Event: ======'mode_music_ball_2plus_stopped'====== Args={}
2025-11-07 14:36:27,048 : INFO : EventManager : Event: ======'clear'====== Args={'key': 'music_ball_2plus'}
2025-11-07 14:36:27,048 : INFO : Mode.base : Stopped.
2025-11-07 14:36:27,048 : INFO : EventManager : Event: ======'modes_active_modes_changed'====== Args={}
2025-11-07 14:36:27,049 : INFO : EventManager : Event: ======'mode_base_stopped'====== Args={}
2025-11-07 14:36:27,049 : INFO : EventManager : Event: ======'clear'====== Args={'key': 'base'}
2025-11-07 14:36:27,049 : INFO : Mode.game : Stopped.
2025-11-07 14:36:27,049 : INFO : EventManager : Event: ======'modes_active_modes_changed'====== Args={}
2025-11-07 14:36:27,050 : INFO : EventManager : Event: ======'mode_game_stopped'====== Args={}
2025-11-07 14:36:27,050 : INFO : EventManager : Event: ======'clear'====== Args={'key': 'game'}
2025-11-07 14:36:27,150 : INFO : root : MPF run loop ended.
