2025-10-31 13:35:21,088 : INFO : root : Loading config.
2025-10-31 13:35:21,103 : INFO : YamlMultifileConfigLoader : Machine config file #1: config.yaml
2025-10-31 13:35:21,105 : INFO : ConfigProcessor : Loading config from cache: C:\Users\antho\AppData\Local\Temp\fdca14d0c9d658ab8200d57120800af5.mpf_cache
2025-10-31 13:35:21,438 : INFO : ConfigProcessor : Loading config from cache: C:\Users\antho\AppData\Local\Temp\5dec96b1547c4adf5bdd3d1715e74bc0.mpf_cache
2025-10-31 13:35:21,441 : INFO : ConfigProcessor : Loading config from cache: C:\Users\antho\AppData\Local\Temp\202a5840610e95051f9f473dfa660cc0.mpf_cache
2025-10-31 13:35:21,442 : INFO : ConfigProcessor : Loading config from cache: C:\Users\antho\AppData\Local\Temp\5dec96b1547c4adf5bdd3d1715e74bc0.mpf_cache
2025-10-31 13:35:21,445 : INFO : ConfigProcessor : Loading config from cache: C:\Users\antho\AppData\Local\Temp\2cd13a2d3f375e00ab01d6d09a85d8e7.mpf_cache
2025-10-31 13:35:21,447 : INFO : ConfigProcessor : Loading config from cache: C:\Users\antho\AppData\Local\Temp\9220b44b97b91972524500b81035d790.mpf_cache
2025-10-31 13:35:21,450 : INFO : ConfigProcessor : Loading config from cache: C:\Users\antho\AppData\Local\Temp\31ee881584fa6fce665a672a4f3f633a.mpf_cache
2025-10-31 13:35:21,452 : INFO : ConfigProcessor : Loading config from cache: C:\Users\antho\AppData\Local\Temp\5e841763ec73085bbf92358fe6afda21.mpf_cache
2025-10-31 13:35:21,453 : INFO : ConfigProcessor : Loading config from cache: C:\Users\antho\AppData\Local\Temp\7f73d12aa9beccac1cbd8c265ccda72e.mpf_cache
2025-10-31 13:35:21,454 : INFO : ConfigProcessor : Loading config from cache: C:\Users\antho\AppData\Local\Temp\a03ebaa9d6d5676c418deb142cb34911.mpf_cache
2025-10-31 13:35:21,455 : INFO : ConfigProcessor : Loading config from cache: C:\Users\antho\AppData\Local\Temp\b17152efa55a24f0424602723f8d3921.mpf_cache
2025-10-31 13:35:21,458 : INFO : ConfigProcessor : Loading config from cache: C:\Users\antho\AppData\Local\Temp\e87fc0e7d2f8a851b5fa3f604e0d0c6e.mpf_cache
2025-10-31 13:35:21,459 : INFO : ConfigProcessor : Loading config from cache: C:\Users\antho\AppData\Local\Temp\196ac76b6cab3a9880804c826cfbcb5c.mpf_cache
2025-10-31 13:35:21,461 : INFO : ConfigProcessor : Loading config from cache: C:\Users\antho\AppData\Local\Temp\55437eb303afaa980597ff60f339a871.mpf_cache
2025-10-31 13:35:21,463 : INFO : ConfigProcessor : Loading config from cache: C:\Users\antho\AppData\Local\Temp\fddc1006228d3387e6d1e46051a3638d.mpf_cache
2025-10-31 13:35:21,464 : INFO : ConfigProcessor : Loading config from cache: C:\Users\antho\AppData\Local\Temp\834292dd7853e12a66732dc89828c828.mpf_cache
2025-10-31 13:35:21,465 : INFO : ConfigProcessor : Loading config from cache: C:\Users\antho\AppData\Local\Temp\46f8fa3e41dfeeb8232af2f03a13b6c4.mpf_cache
2025-10-31 13:35:21,467 : INFO : ConfigProcessor : Loading config from cache: C:\Users\antho\AppData\Local\Temp\c67e9c175da6c060302945929b27b878.mpf_cache
2025-10-31 13:35:21,469 : INFO : Machine : Mission Pinball Framework Core Engine v0.80.0.dev11
2025-10-31 13:35:21,470 : INFO : Machine : Command line arguments: {'no_load_cache': False, 'create_config_cache': True, 'bcp': True, 'configfile': ['config.yaml'], 'force_assets_load': False, 'platform_integration_test': False, 'jsonlogging': False, 'logfile': 'logs\\2025-10-31-13-35-21-mpf-LAPTOP-MPGP6R69.log', 'pause': False, 'production': False, 'text_ui': True, 'loglevel': 15, 'consoleloglevel': 20, 'force_platform': None, 'syslog_address': None, 'full_logfile_path': 'C:\\Users\\antho\\nightpin\\logs\\2025-10-31-13-35-21-mpf-LAPTOP-MPGP6R69.log'}
2025-10-31 13:35:21,470 : INFO : Machine : MPF path: C:\Users\antho\mpf\Lib\site-packages\mpf
2025-10-31 13:35:21,470 : INFO : Machine : Machine path: C:\Users\antho\nightpin
2025-10-31 13:35:21,470 : INFO : Machine : Platform: win32
2025-10-31 13:35:21,471 : INFO : Machine : Python executable location: C:\Users\antho\mpf\Scripts\python.exe
2025-10-31 13:35:21,471 : INFO : Machine : Python version: 3.12.7 (64-bit)
2025-10-31 13:35:21,477 : INFO : Machine : Initializing MPF...
2025-10-31 13:35:22,234 : INFO : lisy : Connecting to com3 at 115200bps
2025-10-31 13:35:22,237 : WARNING : lisy : Could not import terminos (this is ok on windows).
2025-10-31 13:35:22,405 : INFO : EventManager : Event: ======'machine_var_lisy_hardware'====== Args={'value': 'LISY35', 'prev_value': None, 'change': True}
2025-10-31 13:35:22,405 : INFO : EventManager : Event: ======'machine_var_lisy_version'====== Args={'value': '5.26 ', 'prev_value': None, 'change': True}
2025-10-31 13:35:22,406 : INFO : EventManager : Event: ======'machine_var_lisy_api_version'====== Args={'value': b'0.09', 'prev_value': None, 'change': True}
2025-10-31 13:35:23,744 : INFO : EventManager : Event: ======'machine_var_credits_string'====== Args={'value': 'FREE PLAY', 'prev_value': None, 'change': True}
2025-10-31 13:35:23,852 : INFO : EventManager : Event: ======'machine_var_master_volume'====== Args={'value': 0.5, 'prev_value': None, 'change': True}
2025-10-31 13:35:23,853 : INFO : EventManager : Event: ======'machine_var_player1_score'====== Args={'value': 2200, 'prev_value': None, 'change': True}
2025-10-31 13:35:23,853 : INFO : EventManager : Event: ======'machine_var_player2_score'====== Args={'value': 1200, 'prev_value': None, 'change': True}
2025-10-31 13:35:23,854 : INFO : EventManager : Event: ======'machine_var_mpf_version'====== Args={'value': 'Mission Pinball Framework v0.80.0.dev11', 'prev_value': None, 'change': True}
2025-10-31 13:35:23,854 : INFO : EventManager : Event: ======'machine_var_mpf_extended_version'====== Args={'value': 'Mission Pinball Framework v0.80.0.dev11, Config version:6, Show version: 6, BCP version:1.1', 'prev_value': None, 'change': True}
2025-10-31 13:35:23,855 : INFO : EventManager : Event: ======'machine_var_python_version'====== Args={'value': '3.12.7', 'prev_value': None, 'change': True}
2025-10-31 13:35:24,111 : INFO : EventManager : Event: ======'machine_var_platform'====== Args={'value': 'Windows-11-10.0.26100-SP0', 'prev_value': None, 'change': True}
2025-10-31 13:35:24,111 : INFO : EventManager : Event: ======'machine_var_platform_system'====== Args={'value': 'Windows', 'prev_value': None, 'change': True}
2025-10-31 13:35:24,111 : INFO : EventManager : Event: ======'machine_var_platform_release'====== Args={'value': '11', 'prev_value': None, 'change': True}
2025-10-31 13:35:24,111 : INFO : EventManager : Event: ======'machine_var_platform_version'====== Args={'value': '10.0.26100', 'prev_value': None, 'change': True}
2025-10-31 13:35:24,113 : INFO : EventManager : Event: ======'machine_var_platform_machine'====== Args={'value': 'AMD64', 'prev_value': None, 'change': True}
2025-10-31 13:35:24,113 : INFO : EventManager : Event: ======'machine_var_log_file_path'====== Args={'value': 'C:\\Users\\antho\\nightpin\\logs\\2025-10-31-13-35-21-mpf-LAPTOP-MPGP6R69.log', 'prev_value': None, 'change': True}
2025-10-31 13:35:24,113 : INFO : EventManager : Event: ======'init_phase_1'====== Args={}
2025-10-31 13:35:24,228 : INFO : EventManager : Event: ======'drop_target_bank_right_bank_up'====== Args={}
2025-10-31 13:35:24,228 : INFO : EventManager : Event: ======'drop_target_bank_left_bank_up'====== Args={}
2025-10-31 13:35:24,314 : INFO : EventManager : Event: ======'init_phase_2'====== Args={}
2025-10-31 13:35:24,318 : INFO : SwitchController : Found active switch: ('8', <mpf.platforms.lisy.lisy.LisyHardwarePlatform object at 0x0000022FDBD096D0>) <switch.s_trough>
2025-10-31 13:35:24,335 : INFO : EventManager : Event: ======'bcp_connection_attempt'====== Args={'name': 'local_display', 'host': 'localhost', 'port': 5050}
2025-10-31 13:35:24,339 : INFO : BCPClientSocket : Connecting BCP to 'local_display' at localhost:5050...
2025-10-31 13:35:25,403 : INFO : BCPClientSocket : Connected BCP to 'local_display' localhost:5050
2025-10-31 13:35:25,405 : INFO : EventManager : Event: ======'bcp_clients_connected'====== Args={}
2025-10-31 13:35:25,740 : INFO : ball_device.bd_trough : BCH: Initial count: 1
2025-10-31 13:35:25,848 : INFO : ball_device.bd_trough : State: idle
2025-10-31 13:35:25,851 : INFO : ball_device.bd_saucer : BCH: Initial count: 0
2025-10-31 13:35:25,851 : INFO : ball_device.bd_saucer : State: idle
2025-10-31 13:35:25,887 : INFO : EventManager : Event: ======'init_phase_3'====== Args={}
2025-10-31 13:35:25,904 : INFO : EventManager : Event: ======'init_phase_4'====== Args={}
2025-10-31 13:35:25,905 : INFO : BallController : Initial balls found: 1
2025-10-31 13:35:25,907 : INFO : EventManager : Event: ======'machine_var_audits_events_game_ended'====== Args={'value': 17, 'prev_value': None, 'change': True}
2025-10-31 13:35:25,909 : INFO : EventManager : Event: ======'machine_var_audits_events_game_started'====== Args={'value': 70, 'prev_value': None, 'change': True}
2025-10-31 13:35:25,909 : INFO : EventManager : Event: ======'machine_var_audits_missing_switches_s_coin_right'====== Args={'value': 69, 'prev_value': None, 'change': True}
2025-10-31 13:35:25,909 : INFO : EventManager : Event: ======'machine_var_audits_missing_switches_s_credit_button'====== Args={'value': 42, 'prev_value': None, 'change': True}
2025-10-31 13:35:25,909 : INFO : EventManager : Event: ======'machine_var_audits_missing_switches_s_inlanes'====== Args={'value': 2, 'prev_value': None, 'change': True}
2025-10-31 13:35:25,910 : INFO : EventManager : Event: ======'machine_var_audits_missing_switches_s_left_bank_target_left'====== Args={'value': 22, 'prev_value': None, 'change': True}
2025-10-31 13:35:25,910 : INFO : EventManager : Event: ======'machine_var_audits_missing_switches_s_left_bank_target_middle'====== Args={'value': 8, 'prev_value': None, 'change': True}
2025-10-31 13:35:25,910 : INFO : EventManager : Event: ======'machine_var_audits_missing_switches_s_left_bank_target_right'====== Args={'value': 8, 'prev_value': None, 'change': True}
2025-10-31 13:35:25,910 : INFO : EventManager : Event: ======'machine_var_audits_missing_switches_s_left_lower_bumper'====== Args={'value': 11, 'prev_value': None, 'change': True}
2025-10-31 13:35:25,910 : INFO : EventManager : Event: ======'machine_var_audits_missing_switches_s_left_outlane_rollover'====== Args={'value': 8, 'prev_value': None, 'change': True}
2025-10-31 13:35:25,911 : INFO : EventManager : Event: ======'machine_var_audits_missing_switches_s_left_pop_bumper'====== Args={'value': 4, 'prev_value': None, 'change': True}
2025-10-31 13:35:25,911 : INFO : EventManager : Event: ======'machine_var_audits_missing_switches_s_left_sling'====== Args={'value': 8, 'prev_value': None, 'change': True}
2025-10-31 13:35:25,911 : INFO : EventManager : Event: ======'machine_var_audits_missing_switches_s_left_upper_bumper'====== Args={'value': 8, 'prev_value': None, 'change': True}
2025-10-31 13:35:25,911 : INFO : EventManager : Event: ======'machine_var_audits_missing_switches_s_middle_pop_bumper'====== Args={'value': 4, 'prev_value': None, 'change': True}
2025-10-31 13:35:25,911 : INFO : EventManager : Event: ======'machine_var_audits_missing_switches_s_middle_skill_lane'====== Args={'value': 8, 'prev_value': None, 'change': True}
2025-10-31 13:35:25,912 : INFO : EventManager : Event: ======'machine_var_audits_missing_switches_s_middle_upper_rollovers'====== Args={'value': 4, 'prev_value': None, 'change': True}
2025-10-31 13:35:25,912 : INFO : EventManager : Event: ======'machine_var_audits_missing_switches_s_outer_skill_lanes'====== Args={'value': 4, 'prev_value': None, 'change': True}
2025-10-31 13:35:25,912 : INFO : EventManager : Event: ======'machine_var_audits_missing_switches_s_right_bank_target_left'====== Args={'value': 4, 'prev_value': None, 'change': True}
2025-10-31 13:35:25,912 : INFO : EventManager : Event: ======'machine_var_audits_missing_switches_s_right_bank_target_middle'====== Args={'value': 4, 'prev_value': None, 'change': True}
2025-10-31 13:35:25,913 : INFO : EventManager : Event: ======'machine_var_audits_missing_switches_s_right_bank_target_right'====== Args={'value': 4, 'prev_value': None, 'change': True}
2025-10-31 13:35:25,913 : INFO : EventManager : Event: ======'machine_var_audits_missing_switches_s_right_outlane_rollover'====== Args={'value': 25, 'prev_value': None, 'change': True}
2025-10-31 13:35:25,913 : INFO : EventManager : Event: ======'machine_var_audits_missing_switches_s_right_pop_bumper'====== Args={'value': 4, 'prev_value': None, 'change': True}
2025-10-31 13:35:25,913 : INFO : EventManager : Event: ======'machine_var_audits_missing_switches_s_right_sling'====== Args={'value': 8, 'prev_value': None, 'change': True}
2025-10-31 13:35:25,914 : INFO : EventManager : Event: ======'machine_var_audits_missing_switches_s_saucer'====== Args={'value': 4, 'prev_value': None, 'change': True}
2025-10-31 13:35:25,914 : INFO : EventManager : Event: ======'machine_var_audits_missing_switches_s_slam_tilt'====== Args={'value': 8, 'prev_value': None, 'change': True}
2025-10-31 13:35:25,914 : INFO : EventManager : Event: ======'machine_var_audits_missing_switches_s_spinner'====== Args={'value': 4, 'prev_value': None, 'change': True}
2025-10-31 13:35:25,914 : INFO : EventManager : Event: ======'machine_var_audits_missing_switches_s_stand_up'====== Args={'value': 42, 'prev_value': None, 'change': True}
2025-10-31 13:35:25,914 : INFO : EventManager : Event: ======'machine_var_audits_missing_switches_s_start_button'====== Args={'value': 7, 'prev_value': None, 'change': True}
2025-10-31 13:35:25,915 : INFO : EventManager : Event: ======'machine_var_audits_missing_switches_s_tilt'====== Args={'value': 40, 'prev_value': None, 'change': True}
2025-10-31 13:35:25,915 : INFO : EventManager : Event: ======'machine_var_audits_missing_switches_s_trough'====== Args={'value': 1, 'prev_value': None, 'change': True}
2025-10-31 13:35:25,915 : INFO : EventManager : Event: ======'machine_var_audits_player_score'====== Args={'value': {'average': 1435, 'top': [5110, 5070, 4300, 4230, 3980, 3410, 2200, 1300, 1200, 500], 'total': 25}, 'prev_value': None, 'change': True}
2025-10-31 13:35:25,915 : INFO : EventManager : Event: ======'machine_var_audits_shots_sh_eg_pop_left'====== Args={'value': 8, 'prev_value': None, 'change': True}
2025-10-31 13:35:25,915 : INFO : EventManager : Event: ======'machine_var_audits_shots_sh_eg_pop_middle'====== Args={'value': 8, 'prev_value': None, 'change': True}
2025-10-31 13:35:25,917 : INFO : EventManager : Event: ======'machine_var_audits_shots_sh_eg_pop_right'====== Args={'value': 13, 'prev_value': None, 'change': True}
2025-10-31 13:35:25,917 : INFO : EventManager : Event: ======'machine_var_audits_shots_sh_eg_right_drop_left'====== Args={'value': 4, 'prev_value': None, 'change': True}
2025-10-31 13:35:25,918 : INFO : EventManager : Event: ======'machine_var_audits_shots_sh_eg_right_drop_middle'====== Args={'value': 3, 'prev_value': None, 'change': True}
2025-10-31 13:35:25,918 : INFO : EventManager : Event: ======'machine_var_audits_shots_sh_eg_right_drop_right'====== Args={'value': 3, 'prev_value': None, 'change': True}
2025-10-31 13:35:25,918 : INFO : EventManager : Event: ======'machine_var_audits_shots_sh_eg_spinner'====== Args={'value': 2, 'prev_value': None, 'change': True}
2025-10-31 13:35:25,918 : INFO : EventManager : Event: ======'machine_var_audits_shots_sh_escape_graveyard_start'====== Args={'value': 3, 'prev_value': None, 'change': True}
2025-10-31 13:35:25,918 : INFO : EventManager : Event: ======'machine_var_audits_switches_s_coin_right'====== Args={'value': 1, 'prev_value': None, 'change': True}
2025-10-31 13:35:25,918 : INFO : EventManager : Event: ======'machine_var_audits_switches_s_credit_button'====== Args={'value': 5, 'prev_value': None, 'change': True}
2025-10-31 13:35:25,918 : INFO : EventManager : Event: ======'machine_var_audits_switches_s_inlanes'====== Args={'value': 158, 'prev_value': None, 'change': True}
2025-10-31 13:35:25,919 : INFO : EventManager : Event: ======'machine_var_audits_switches_s_left_bank_target_left'====== Args={'value': 33, 'prev_value': None, 'change': True}
2025-10-31 13:35:25,919 : INFO : EventManager : Event: ======'machine_var_audits_switches_s_left_bank_target_middle'====== Args={'value': 26, 'prev_value': None, 'change': True}
2025-10-31 13:35:25,919 : INFO : EventManager : Event: ======'machine_var_audits_switches_s_left_bank_target_right'====== Args={'value': 26, 'prev_value': None, 'change': True}
2025-10-31 13:35:25,919 : INFO : EventManager : Event: ======'machine_var_audits_switches_s_left_lower_bumper'====== Args={'value': 31, 'prev_value': None, 'change': True}
2025-10-31 13:35:25,919 : INFO : EventManager : Event: ======'machine_var_audits_switches_s_left_outlane_rollover'====== Args={'value': 23, 'prev_value': None, 'change': True}
2025-10-31 13:35:25,920 : INFO : EventManager : Event: ======'machine_var_audits_switches_s_left_pop_bumper'====== Args={'value': 118, 'prev_value': None, 'change': True}
2025-10-31 13:35:25,920 : INFO : EventManager : Event: ======'machine_var_audits_switches_s_left_sling'====== Args={'value': 93, 'prev_value': None, 'change': True}
2025-10-31 13:35:25,920 : INFO : EventManager : Event: ======'machine_var_audits_switches_s_left_upper_bumper'====== Args={'value': 40, 'prev_value': None, 'change': True}
2025-10-31 13:35:25,920 : INFO : EventManager : Event: ======'machine_var_audits_switches_s_middle_pop_bumper'====== Args={'value': 106, 'prev_value': None, 'change': True}
2025-10-31 13:35:25,921 : INFO : EventManager : Event: ======'machine_var_audits_switches_s_middle_skill_lane'====== Args={'value': 34, 'prev_value': None, 'change': True}
2025-10-31 13:35:25,921 : INFO : EventManager : Event: ======'machine_var_audits_switches_s_middle_upper_rollovers'====== Args={'value': 76, 'prev_value': None, 'change': True}
2025-10-31 13:35:25,921 : INFO : EventManager : Event: ======'machine_var_audits_switches_s_outer_skill_lanes'====== Args={'value': 58, 'prev_value': None, 'change': True}
2025-10-31 13:35:25,921 : INFO : EventManager : Event: ======'machine_var_audits_switches_s_pop_bumper_bottom'====== Args={'value': 6, 'prev_value': None, 'change': True}
2025-10-31 13:35:25,921 : INFO : EventManager : Event: ======'machine_var_audits_switches_s_pop_bumper_left'====== Args={'value': 2, 'prev_value': None, 'change': True}
2025-10-31 13:35:25,921 : INFO : EventManager : Event: ======'machine_var_audits_switches_s_pop_bumper_right'====== Args={'value': 1, 'prev_value': None, 'change': True}
2025-10-31 13:35:25,923 : INFO : EventManager : Event: ======'machine_var_audits_switches_s_right_bank_target_left'====== Args={'value': 50, 'prev_value': None, 'change': True}
2025-10-31 13:35:25,923 : INFO : EventManager : Event: ======'machine_var_audits_switches_s_right_bank_target_middle'====== Args={'value': 38, 'prev_value': None, 'change': True}
2025-10-31 13:35:25,923 : INFO : EventManager : Event: ======'machine_var_audits_switches_s_right_bank_target_right'====== Args={'value': 37, 'prev_value': None, 'change': True}
2025-10-31 13:35:25,923 : INFO : EventManager : Event: ======'machine_var_audits_switches_s_right_outlane_rollover'====== Args={'value': 6, 'prev_value': None, 'change': True}
2025-10-31 13:35:25,924 : INFO : EventManager : Event: ======'machine_var_audits_switches_s_right_pop_bumper'====== Args={'value': 163, 'prev_value': None, 'change': True}
2025-10-31 13:35:25,924 : INFO : EventManager : Event: ======'machine_var_audits_switches_s_right_sling'====== Args={'value': 71, 'prev_value': None, 'change': True}
2025-10-31 13:35:25,924 : INFO : EventManager : Event: ======'machine_var_audits_switches_s_saucer'====== Args={'value': 66, 'prev_value': None, 'change': True}
2025-10-31 13:35:25,924 : INFO : EventManager : Event: ======'machine_var_audits_switches_s_slam_tilt'====== Args={'value': 6, 'prev_value': None, 'change': True}
2025-10-31 13:35:25,924 : INFO : EventManager : Event: ======'machine_var_audits_switches_s_spinner'====== Args={'value': 411, 'prev_value': None, 'change': True}
2025-10-31 13:35:25,925 : INFO : EventManager : Event: ======'machine_var_audits_switches_s_stand_up'====== Args={'value': 8, 'prev_value': None, 'change': True}
2025-10-31 13:35:25,925 : INFO : EventManager : Event: ======'machine_var_audits_switches_s_start_button'====== Args={'value': 35, 'prev_value': None, 'change': True}
2025-10-31 13:35:25,925 : INFO : EventManager : Event: ======'machine_var_audits_switches_s_tilt'====== Args={'value': 1, 'prev_value': None, 'change': True}
2025-10-31 13:35:25,925 : INFO : EventManager : Event: ======'machine_var_audits_switches_s_trough'====== Args={'value': 427, 'prev_value': None, 'change': True}
2025-10-31 13:35:25,927 : INFO : EventManager : Event: ======'init_phase_5'====== Args={}
2025-10-31 13:35:25,963 : INFO : EventManager : Event: ======'init_done'====== Args={}
2025-10-31 13:35:25,965 : INFO : EventManager : Event: ======'machine_reset_phase_1'====== Args={}
2025-10-31 13:35:25,986 : INFO : EventManager : Event: ======'machine_reset_phase_2'====== Args={}
2025-10-31 13:35:25,987 : INFO : EventManager : Event: ======'machine_reset_phase_3'====== Args={}
2025-10-31 13:35:25,989 : INFO : EventManager : Event: ======'mode_attract_will_start'====== Args={'queue': <QueuedEvent>}
2025-10-31 13:35:25,991 : INFO : EventManager : Event: ======'mode_attract_starting'====== Args={'queue': <QueuedEvent>}
2025-10-31 13:35:25,992 : INFO : Mode.attract : Started. Priority: 10
2025-10-31 13:35:25,992 : INFO : EventManager : Event: ======'modes_active_modes_changed'====== Args={}
2025-10-31 13:35:25,992 : INFO : EventManager : Event: ======'mode_attract_started'====== Args={'queue': <QueuedEvent>}
2025-10-31 13:35:25,994 : INFO : EventManager : Event: ======'godot_attract_on'====== Args={'priority': 0}
2025-10-31 13:35:25,995 : INFO : EventManager : Event: ======'collecting_balls_complete'====== Args={}
2025-10-31 13:35:25,995 : INFO : EventManager : Event: ======'reset_complete'====== Args={}
2025-10-31 13:35:26,042 : INFO : Machine : Starting the main run loop with active modes: [<Mode.attract>]
2025-10-31 13:35:26,114 : INFO : EventManager : Event: ======'slide_attract_created'====== Args={'_from_bcp': True}
2025-10-31 13:35:26,114 : INFO : EventManager : Event: ======'slide__removed'====== Args={'_from_bcp': True}
2025-10-31 13:35:26,116 : INFO : EventManager : Event: ======'slide_attract_active'====== Args={'original_context': 'attract', 'original_calling_context': 'mode_attract_started', 'priority': 10.0, 'queue': '<QueuedEvent>', 'cmd': 'slides_play', '_from_bcp': True}
2025-10-31 13:35:27,990 : INFO : EventManager : Event: ======'attract_wave_complete'====== Args={'priority': 0}
2025-10-31 13:35:28,392 : INFO : EventManager : Event: ======'attract_pulse_complete'====== Args={'priority': 0}
2025-10-31 13:35:28,796 : INFO : EventManager : Event: ======'attract_pulse_complete'====== Args={'priority': 0}
2025-10-31 13:35:30,789 : INFO : EventManager : Event: ======'attract_wave_complete'====== Args={'priority': 0}
2025-10-31 13:35:31,193 : INFO : EventManager : Event: ======'attract_pulse_complete'====== Args={'priority': 0}
2025-10-31 13:35:31,597 : INFO : EventManager : Event: ======'attract_pulse_complete'====== Args={'priority': 0}
2025-10-31 13:35:33,597 : INFO : EventManager : Event: ======'attract_wave_complete'====== Args={'priority': 0}
2025-10-31 13:35:33,983 : INFO : EventManager : Event: ======'attract_pulse_complete'====== Args={'priority': 0}
2025-10-31 13:35:34,385 : INFO : EventManager : Event: ======'attract_pulse_complete'====== Args={'priority': 0}
2025-10-31 13:35:35,209 : INFO : SwitchController : <<<<<<< 's_start_button' active >>>>>>>
2025-10-31 13:35:35,349 : INFO : SwitchController : <<<<<<< 's_start_button' inactive >>>>>>>
2025-10-31 13:35:35,350 : INFO : EventManager : Event: ======'request_to_start_game'====== Args={}
2025-10-31 13:35:35,351 : INFO : EventManager : Event: ======'game_start'====== Args={'buttons': [], 'hold_time': 0.1410000000614673}
2025-10-31 13:35:35,351 : INFO : EventManager : Event: ======'mode_game_will_start'====== Args={'buttons': [], 'hold_time': 0.1410000000614673}
2025-10-31 13:35:35,352 : INFO : EventManager : Event: ======'mode_game_starting'====== Args={'buttons': [], 'hold_time': 0.1410000000614673}
2025-10-31 13:35:35,352 : INFO : Mode.game : Started. Priority: 20
2025-10-31 13:35:35,353 : INFO : EventManager : Event: ======'modes_active_modes_changed'====== Args={}
2025-10-31 13:35:35,353 : INFO : EventManager : Event: ======'mode_game_started'====== Args={'buttons': [], 'hold_time': 0.1410000000614673}
2025-10-31 13:35:35,403 : INFO : EventManager : Event: ======'game_will_start'====== Args={}
2025-10-31 13:35:35,404 : INFO : EventManager : Event: ======'game_starting'====== Args={'game': <Mode.game>}
2025-10-31 13:35:35,404 : INFO : EventManager : Event: ======'mode_attract_will_stop'====== Args={}
2025-10-31 13:35:35,406 : INFO : EventManager : Event: ======'mode_attract_stopping'====== Args={}
2025-10-31 13:35:35,407 : INFO : EventManager : Event: ======'godot_attract_off'====== Args={'priority': 0}
2025-10-31 13:35:35,408 : INFO : EventManager : Unordered handler for class <Auditor> on event game_ended with priority 1. Handlers: [RegisteredHandler(callback=<bound method Auditor.disable of <Auditor>>, priority=1, kwargs={}, key=UUID('13e75cba-3048-4f53-8830-34e43c0d5988'), condition=None, blocking_facility=None), RegisteredHandler(callback=<bound method Auditor._save_audits of <Auditor>>, priority=1, kwargs={}, key=UUID('1f594d42-0a72-4a02-bf6a-5b56cbd4fc24'), condition=None, blocking_facility=None)]. The order of those handlers is not defined and they will be executed in random order. This might lead to race conditions and potential bugs.
2025-10-31 13:35:35,409 : INFO : EventManager : Event: ======'godot_attract_off'====== Args={'priority': 0}
2025-10-31 13:35:35,412 : INFO : Mode.attract : Stopped.
2025-10-31 13:35:35,412 : INFO : EventManager : Event: ======'modes_active_modes_changed'====== Args={}
2025-10-31 13:35:35,413 : INFO : EventManager : Event: ======'mode_attract_stopped'====== Args={}
2025-10-31 13:35:35,413 : INFO : EventManager : Event: ======'clear'====== Args={'key': 'attract'}
2025-10-31 13:35:35,415 : INFO : EventManager : Event: ======'player_add_request'====== Args={}
2025-10-31 13:35:35,417 : INFO : EventManager : Event: ======'player_will_add'====== Args={'number': 1}
2025-10-31 13:35:35,417 : INFO : EventManager : Event: ======'player_adding'====== Args={'player': <Player 1>, 'number': 1}
2025-10-31 13:35:35,417 : INFO : EventManager : Event: ======'player_added'====== Args={'player': <Player 1>, 'num': 1}
2025-10-31 13:35:35,417 : INFO : Mode.game : Player added successfully. Total players: 1
2025-10-31 13:35:35,419 : INFO : EventManager : Event: ======'player_index'====== Args={'value': 0, 'prev_value': 0, 'change': 0, 'player_num': 1}
2025-10-31 13:35:35,419 : INFO : EventManager : Event: ======'player_number'====== Args={'value': 1, 'prev_value': 1, 'change': 0, 'player_num': 1}
2025-10-31 13:35:35,419 : INFO : EventManager : Event: ======'player_score'====== Args={'value': 0, 'prev_value': 0, 'change': 0, 'player_num': 1}
2025-10-31 13:35:35,422 : INFO : EventManager : Unordered handler for class <Auditor> on event game_ended with priority 1. Handlers: [RegisteredHandler(callback=<bound method Auditor.disable of <Auditor>>, priority=1, kwargs={}, key=UUID('13e75cba-3048-4f53-8830-34e43c0d5988'), condition=None, blocking_facility=None), RegisteredHandler(callback=<bound method Auditor._save_audits of <Auditor>>, priority=1, kwargs={}, key=UUID('1f594d42-0a72-4a02-bf6a-5b56cbd4fc24'), condition=None, blocking_facility=None)]. The order of those handlers is not defined and they will be executed in random order. This might lead to race conditions and potential bugs.
2025-10-31 13:35:35,476 : INFO : EventManager : Event: ======'game_started'====== Args={}
2025-10-31 13:35:35,478 : INFO : EventManager : Event: ======'blink_on'====== Args={'priority': 0}
2025-10-31 13:35:35,481 : INFO : EventManager : Event: ======'player_turn_will_start'====== Args={'player': <Player 1>, 'number': 1}
2025-10-31 13:35:35,492 : INFO : EventManager : Event: ======'player_turn_starting'====== Args={'player': <Player 1>, 'number': 1}
2025-10-31 13:35:35,493 : INFO : EventManager : Event: ======'player_ball'====== Args={'value': 1, 'prev_value': 0, 'change': 1, 'player_num': 1}
2025-10-31 13:35:35,494 : INFO : EventManager : Event: ======'player_turn_started'====== Args={'player': <Player 1>, 'number': 1}
2025-10-31 13:35:35,497 : INFO : EventManager : Event: ======'ball_will_start'====== Args={'player': 1, 'ball': 1, 'balls_remaining': 2, 'is_extra_ball': False}
2025-10-31 13:35:35,509 : INFO : EventManager : Event: ======'ball_starting'====== Args={'player': 1, 'ball': 1, 'balls_remaining': 2, 'is_extra_ball': False}
2025-10-31 13:35:35,510 : INFO : EventManager : Event: ======'mode_base_will_start'====== Args={'queue': <QueuedEvent>, 'player': 1, 'ball': 1, 'balls_remaining': 2, 'is_extra_ball': False}
2025-10-31 13:35:35,510 : INFO : EventManager : Event: ======'player_shot_my_first_shot_enabled'====== Args={'value': True, 'prev_value': 0, 'change': 1, 'player_num': 1}
2025-10-31 13:35:35,512 : INFO : EventManager : Event: ======'player_shot_sh_escape_graveyard_start_enabled'====== Args={'value': False, 'prev_value': 0, 'change': 0, 'player_num': 1}
2025-10-31 13:35:35,513 : INFO : EventManager : Unordered handler for class <Auditor> on event game_ended with priority 1. Handlers: [RegisteredHandler(callback=<bound method Auditor.disable of <Auditor>>, priority=1, kwargs={}, key=UUID('13e75cba-3048-4f53-8830-34e43c0d5988'), condition=None, blocking_facility=None), RegisteredHandler(callback=<bound method Auditor._save_audits of <Auditor>>, priority=1, kwargs={}, key=UUID('1f594d42-0a72-4a02-bf6a-5b56cbd4fc24'), condition=None, blocking_facility=None)]. The order of those handlers is not defined and they will be executed in random order. This might lead to race conditions and potential bugs.
2025-10-31 13:35:35,562 : INFO : EventManager : Event: ======'mode_base_starting'====== Args={'queue': <QueuedEvent>, 'player': 1, 'ball': 1, 'balls_remaining': 2, 'is_extra_ball': False}
2025-10-31 13:35:35,562 : INFO : drop_target_bank.right_bank : All targets are already up. Will not reset bank.
2025-10-31 13:35:35,563 : INFO : drop_target_bank.left_bank : All targets are already up. Will not reset bank.
2025-10-31 13:35:35,565 : INFO : EventManager : Event: ======'balls_in_play'====== Args={'balls': 1}
2025-10-31 13:35:35,565 : INFO : EventManager : Event: ======'ball_started'====== Args={'player': 1, 'ball': 1, 'balls_remaining': 2, 'is_extra_ball': False}
2025-10-31 13:35:35,566 : INFO : EventManager : Event: ======'logicblock_eg_pop_counter_updated'====== Args={'value': 0, 'enabled': True}
2025-10-31 13:35:35,566 : INFO : EventManager : Event: ======'logicblock_eg_pop_counter_updated'====== Args={'value': 0, 'enabled': True}
2025-10-31 13:35:35,566 : INFO : Mode.base : Started. Priority: 50
2025-10-31 13:35:35,566 : INFO : EventManager : Event: ======'modes_active_modes_changed'====== Args={}
2025-10-31 13:35:35,566 : INFO : EventManager : Event: ======'mode_base_started'====== Args={'queue': <QueuedEvent>, 'player': 1, 'ball': 1, 'balls_remaining': 2, 'is_extra_ball': False}
2025-10-31 13:35:35,567 : INFO : EventManager : Event: ======'logicblock_eg_pop_counter_updated'====== Args={'value': 0, 'enabled': True}
2025-10-31 13:35:35,567 : INFO : EventManager : Event: ======'start_firstball_intro'====== Args={'priority': 0}
2025-10-31 13:35:35,571 : INFO : EventManager : Unordered handler for class <Auditor> on event game_ended with priority 1. Handlers: [RegisteredHandler(callback=<bound method Auditor.disable of <Auditor>>, priority=1, kwargs={}, key=UUID('13e75cba-3048-4f53-8830-34e43c0d5988'), condition=None, blocking_facility=None), RegisteredHandler(callback=<bound method Auditor._save_audits of <Auditor>>, priority=1, kwargs={}, key=UUID('1f594d42-0a72-4a02-bf6a-5b56cbd4fc24'), condition=None, blocking_facility=None)]. The order of those handlers is not defined and they will be executed in random order. This might lead to race conditions and potential bugs.
2025-10-31 13:35:35,573 : INFO : EventManager : Event: ======'stop_mode_attract'====== Args={'priority': 0}
2025-10-31 13:35:35,573 : INFO : EventManager : Event: ======'godot_attract_off'====== Args={'priority': 0}
2025-10-31 13:35:35,574 : INFO : EventManager : Event: ======'single_player_ball_started'====== Args={}
2025-10-31 13:35:35,624 : INFO : EventManager : Event: ======'ball_start_target'====== Args={'target': 'playfield'}
2025-10-31 13:35:35,625 : INFO : ball_device.bd_trough : Setting up player-controlled eject. Balls: 1, Target: <playfield.playfield>, player_controlled_eject_event: None
2025-10-31 13:35:35,625 : INFO : ball_device.bd_trough : Adding 1 ball(s) to the eject_queue with target <playfield.playfield>.
2025-10-31 13:35:35,625 : INFO : EventManager : Event: ======'balldevice_balls_available'====== Args={}
2025-10-31 13:35:35,628 : INFO : ball_device.bd_trough : State: waiting_for_target_ready
2025-10-31 13:35:35,628 : INFO : EventManager : Event: ======'balldevice_bd_trough_ball_eject_attempt'====== Args={'balls': 1, 'target': <playfield.playfield>, 'source': <ball_device.bd_trough>, 'mechanical_eject': False, 'num_attempts': 0}
2025-10-31 13:35:35,630 : INFO : ball_device.bd_trough : State: ejecting
2025-10-31 13:35:35,630 : INFO : ball_device.bd_trough : Ejecting ball to <playfield.playfield>
2025-10-31 13:35:35,631 : INFO : EventManager : Event: ======'balldevice_bd_trough_ejecting_ball'====== Args={'balls': 1, 'target': <playfield.playfield>, 'source': <ball_device.bd_trough>, 'mechanical_eject': False, 'num_attempts': 0}
2025-10-31 13:35:35,633 : INFO : ball_device.bd_trough : Wait for ball to leave device
2025-10-31 13:35:35,633 : INFO : coil.c_trough_eject : Pulsing Driver for 40ms (1.0 pulse_power)
2025-10-31 13:35:35,691 : INFO : SwitchController : <<<<<<< 's_trough' inactive >>>>>>>
2025-10-31 13:35:35,707 : INFO : ball_device.bd_trough : State: ball_left
2025-10-31 13:35:35,707 : INFO : ball_device.bd_trough : Ball left
2025-10-31 13:35:35,707 : INFO : ball_device.bd_trough : Wait for confirm with timeout 10.0
2025-10-31 13:35:36,080 : INFO : EventManager : Event: ======'blink_off'====== Args={'priority': 0}
2025-10-31 13:35:36,674 : INFO : EventManager : Event: ======'blink_on'====== Args={'priority': 0}
2025-10-31 13:35:37,277 : INFO : EventManager : Event: ======'blink_off'====== Args={'priority': 0}
2025-10-31 13:35:37,279 : INFO : EventManager : Unordered handler for class <Auditor> on event game_ended with priority 1. Handlers: [RegisteredHandler(callback=<bound method Auditor.disable of <Auditor>>, priority=1, kwargs={}, key=UUID('13e75cba-3048-4f53-8830-34e43c0d5988'), condition=None, blocking_facility=None), RegisteredHandler(callback=<bound method Auditor._save_audits of <Auditor>>, priority=1, kwargs={}, key=UUID('1f594d42-0a72-4a02-bf6a-5b56cbd4fc24'), condition=None, blocking_facility=None)]. The order of those handlers is not defined and they will be executed in random order. This might lead to race conditions and potential bugs.
2025-10-31 13:35:37,869 : INFO : EventManager : Event: ======'blink_on'====== Args={'priority': 0}
2025-10-31 13:35:38,477 : INFO : EventManager : Event: ======'blink_off'====== Args={'priority': 0}
2025-10-31 13:35:38,478 : INFO : EventManager : Unordered handler for class <Auditor> on event game_ended with priority 1. Handlers: [RegisteredHandler(callback=<bound method Auditor.disable of <Auditor>>, priority=1, kwargs={}, key=UUID('13e75cba-3048-4f53-8830-34e43c0d5988'), condition=None, blocking_facility=None), RegisteredHandler(callback=<bound method Auditor._save_audits of <Auditor>>, priority=1, kwargs={}, key=UUID('1f594d42-0a72-4a02-bf6a-5b56cbd4fc24'), condition=None, blocking_facility=None)]. The order of those handlers is not defined and they will be executed in random order. This might lead to race conditions and potential bugs.
2025-10-31 13:35:39,070 : INFO : EventManager : Event: ======'blink_on'====== Args={'priority': 0}
2025-10-31 13:35:39,662 : INFO : EventManager : Event: ======'blink_off'====== Args={'priority': 0}
2025-10-31 13:35:39,664 : INFO : EventManager : Unordered handler for class <Auditor> on event game_ended with priority 1. Handlers: [RegisteredHandler(callback=<bound method Auditor.disable of <Auditor>>, priority=1, kwargs={}, key=UUID('13e75cba-3048-4f53-8830-34e43c0d5988'), condition=None, blocking_facility=None), RegisteredHandler(callback=<bound method Auditor._save_audits of <Auditor>>, priority=1, kwargs={}, key=UUID('1f594d42-0a72-4a02-bf6a-5b56cbd4fc24'), condition=None, blocking_facility=None)]. The order of those handlers is not defined and they will be executed in random order. This might lead to race conditions and potential bugs.
2025-10-31 13:35:40,284 : INFO : EventManager : Event: ======'blink_on'====== Args={'priority': 0}
2025-10-31 13:35:40,873 : INFO : EventManager : Event: ======'blink_off'====== Args={'priority': 0}
2025-10-31 13:35:40,875 : INFO : EventManager : Unordered handler for class <Auditor> on event game_ended with priority 1. Handlers: [RegisteredHandler(callback=<bound method Auditor.disable of <Auditor>>, priority=1, kwargs={}, key=UUID('13e75cba-3048-4f53-8830-34e43c0d5988'), condition=None, blocking_facility=None), RegisteredHandler(callback=<bound method Auditor._save_audits of <Auditor>>, priority=1, kwargs={}, key=UUID('1f594d42-0a72-4a02-bf6a-5b56cbd4fc24'), condition=None, blocking_facility=None)]. The order of those handlers is not defined and they will be executed in random order. This might lead to race conditions and potential bugs.
2025-10-31 13:35:41,485 : INFO : EventManager : Event: ======'blink_on'====== Args={'priority': 0}
2025-10-31 13:35:42,080 : INFO : EventManager : Event: ======'blink_off'====== Args={'priority': 0}
2025-10-31 13:35:42,082 : INFO : EventManager : Unordered handler for class <Auditor> on event game_ended with priority 1. Handlers: [RegisteredHandler(callback=<bound method Auditor.disable of <Auditor>>, priority=1, kwargs={}, key=UUID('13e75cba-3048-4f53-8830-34e43c0d5988'), condition=None, blocking_facility=None), RegisteredHandler(callback=<bound method Auditor._save_audits of <Auditor>>, priority=1, kwargs={}, key=UUID('1f594d42-0a72-4a02-bf6a-5b56cbd4fc24'), condition=None, blocking_facility=None)]. The order of those handlers is not defined and they will be executed in random order. This might lead to race conditions and potential bugs.
2025-10-31 13:35:42,675 : INFO : EventManager : Event: ======'blink_on'====== Args={'priority': 0}
2025-10-31 13:35:43,282 : INFO : EventManager : Event: ======'blink_off'====== Args={'priority': 0}
2025-10-31 13:35:43,284 : INFO : EventManager : Unordered handler for class <Auditor> on event game_ended with priority 1. Handlers: [RegisteredHandler(callback=<bound method Auditor.disable of <Auditor>>, priority=1, kwargs={}, key=UUID('13e75cba-3048-4f53-8830-34e43c0d5988'), condition=None, blocking_facility=None), RegisteredHandler(callback=<bound method Auditor._save_audits of <Auditor>>, priority=1, kwargs={}, key=UUID('1f594d42-0a72-4a02-bf6a-5b56cbd4fc24'), condition=None, blocking_facility=None)]. The order of those handlers is not defined and they will be executed in random order. This might lead to race conditions and potential bugs.
2025-10-31 13:35:43,875 : INFO : EventManager : Event: ======'blink_on'====== Args={'priority': 0}
2025-10-31 13:35:44,483 : INFO : EventManager : Event: ======'blink_off'====== Args={'priority': 0}
2025-10-31 13:35:44,485 : INFO : EventManager : Unordered handler for class <Auditor> on event game_ended with priority 1. Handlers: [RegisteredHandler(callback=<bound method Auditor.disable of <Auditor>>, priority=1, kwargs={}, key=UUID('13e75cba-3048-4f53-8830-34e43c0d5988'), condition=None, blocking_facility=None), RegisteredHandler(callback=<bound method Auditor._save_audits of <Auditor>>, priority=1, kwargs={}, key=UUID('1f594d42-0a72-4a02-bf6a-5b56cbd4fc24'), condition=None, blocking_facility=None)]. The order of those handlers is not defined and they will be executed in random order. This might lead to race conditions and potential bugs.
2025-10-31 13:35:45,078 : INFO : EventManager : Event: ======'blink_on'====== Args={'priority': 0}
2025-10-31 13:35:45,670 : INFO : EventManager : Event: ======'blink_off'====== Args={'priority': 0}
2025-10-31 13:35:45,671 : INFO : EventManager : Unordered handler for class <Auditor> on event game_ended with priority 1. Handlers: [RegisteredHandler(callback=<bound method Auditor.disable of <Auditor>>, priority=1, kwargs={}, key=UUID('13e75cba-3048-4f53-8830-34e43c0d5988'), condition=None, blocking_facility=None), RegisteredHandler(callback=<bound method Auditor._save_audits of <Auditor>>, priority=1, kwargs={}, key=UUID('1f594d42-0a72-4a02-bf6a-5b56cbd4fc24'), condition=None, blocking_facility=None)]. The order of those handlers is not defined and they will be executed in random order. This might lead to race conditions and potential bugs.
2025-10-31 13:35:45,685 : INFO : ball_device.bd_trough : State: failed_confirm
2025-10-31 13:35:45,686 : INFO : ball_device.bd_trough : Got timeout (10.0s) before confirm from <playfield.playfield>
2025-10-31 13:35:45,780 : INFO : ball_device.bd_trough : Confirming eject because target is playfield and ball did not return.
2025-10-31 13:35:45,780 : INFO : ball_device.bd_trough : Eject successful
2025-10-31 13:35:45,781 : INFO : EventManager : Event: ======'balldevice_bd_trough_ball_eject_success'====== Args={'balls': 1, 'target': <playfield.playfield>}
2025-10-31 13:35:45,782 : INFO : EventManager : Event: ======'balldevice_playfield_ball_enter'====== Args={'new_balls': 1, 'unclaimed_balls': 1, 'device': <playfield.playfield>}
2025-10-31 13:35:45,782 : INFO : EventManager : Event: ======'playfield_ball_count_change'====== Args={'balls': 1, 'change': 1}
2025-10-31 13:35:45,785 : INFO : EventManager : Event: ======'balldevice_bd_trough_ball_count_changed'====== Args={'balls': 0}
2025-10-31 13:35:45,786 : INFO : ball_device.bd_trough : State: idle
2025-10-31 13:35:46,279 : INFO : EventManager : Event: ======'blink_on'====== Args={'priority': 0}
2025-10-31 13:35:46,876 : INFO : EventManager : Event: ======'blink_off'====== Args={'priority': 0}
2025-10-31 13:35:46,877 : INFO : EventManager : Unordered handler for class <Auditor> on event game_ended with priority 1. Handlers: [RegisteredHandler(callback=<bound method Auditor.disable of <Auditor>>, priority=1, kwargs={}, key=UUID('13e75cba-3048-4f53-8830-34e43c0d5988'), condition=None, blocking_facility=None), RegisteredHandler(callback=<bound method Auditor._save_audits of <Auditor>>, priority=1, kwargs={}, key=UUID('1f594d42-0a72-4a02-bf6a-5b56cbd4fc24'), condition=None, blocking_facility=None)]. The order of those handlers is not defined and they will be executed in random order. This might lead to race conditions and potential bugs.
2025-10-31 13:35:47,481 : INFO : EventManager : Event: ======'blink_on'====== Args={'priority': 0}
2025-10-31 13:35:48,072 : INFO : EventManager : Event: ======'blink_off'====== Args={'priority': 0}
2025-10-31 13:35:48,074 : INFO : EventManager : Unordered handler for class <Auditor> on event game_ended with priority 1. Handlers: [RegisteredHandler(callback=<bound method Auditor.disable of <Auditor>>, priority=1, kwargs={}, key=UUID('13e75cba-3048-4f53-8830-34e43c0d5988'), condition=None, blocking_facility=None), RegisteredHandler(callback=<bound method Auditor._save_audits of <Auditor>>, priority=1, kwargs={}, key=UUID('1f594d42-0a72-4a02-bf6a-5b56cbd4fc24'), condition=None, blocking_facility=None)]. The order of those handlers is not defined and they will be executed in random order. This might lead to race conditions and potential bugs.
2025-10-31 13:35:48,666 : INFO : EventManager : Event: ======'blink_on'====== Args={'priority': 0}
2025-10-31 13:35:48,682 : INFO : SwitchController : <<<<<<< 's_middle_upper_rollovers' active >>>>>>>
2025-10-31 13:35:48,683 : INFO : EventManager : Event: ======'s_middle_upper_rollovers_active'====== Args={}
2025-10-31 13:35:48,683 : INFO : EventManager : Event: ======'machine_var_audits_switches_s_middle_upper_rollovers'====== Args={'value': 77, 'prev_value': 76, 'change': 1}
2025-10-31 13:35:48,685 : INFO : EventManager : Event: ======'player_shot_my_first_shot'====== Args={'value': 1, 'prev_value': 0, 'change': 1, 'player_num': 1}
2025-10-31 13:35:48,687 : INFO : EventManager : Event: ======'machine_var_audits_shots_my_first_shot'====== Args={'value': 1, 'prev_value': None, 'change': True}
2025-10-31 13:35:48,687 : INFO : EventManager : Event: ======'my_first_shot_hit'====== Args={'profile': 'my_first_profile', 'state': 'unlit', 'advancing': True}
2025-10-31 13:35:48,688 : INFO : EventManager : Event: ======'my_first_shot_my_first_profile_hit'====== Args={'profile': 'my_first_profile', 'state': 'unlit', 'advancing': True}
2025-10-31 13:35:48,688 : INFO : EventManager : Event: ======'my_first_shot_my_first_profile_unlit_hit'====== Args={'profile': 'my_first_profile', 'state': 'unlit', 'advancing': True}
2025-10-31 13:35:48,688 : INFO : EventManager : Event: ======'my_first_shot_unlit_hit'====== Args={'profile': 'my_first_profile', 'state': 'unlit', 'advancing': True}
2025-10-31 13:35:48,688 : INFO : EventManager : Event: ======'player_score'====== Args={'value': 100, 'prev_value': 0, 'change': 100, 'player_num': 1, 'source': 'base'}
2025-10-31 13:35:48,946 : INFO : SwitchController : <<<<<<< 's_middle_upper_rollovers' inactive >>>>>>>
2025-10-31 13:35:49,273 : INFO : EventManager : Event: ======'blink_off'====== Args={'priority': 0}
2025-10-31 13:35:49,275 : INFO : EventManager : Unordered handler for class <Auditor> on event game_ended with priority 1. Handlers: [RegisteredHandler(callback=<bound method Auditor.disable of <Auditor>>, priority=1, kwargs={}, key=UUID('13e75cba-3048-4f53-8830-34e43c0d5988'), condition=None, blocking_facility=None), RegisteredHandler(callback=<bound method Auditor._save_audits of <Auditor>>, priority=1, kwargs={}, key=UUID('1f594d42-0a72-4a02-bf6a-5b56cbd4fc24'), condition=None, blocking_facility=None)]. The order of those handlers is not defined and they will be executed in random order. This might lead to race conditions and potential bugs.
2025-10-31 13:35:49,867 : INFO : EventManager : Event: ======'blink_on'====== Args={'priority': 0}
2025-10-31 13:35:50,490 : INFO : EventManager : Event: ======'blink_off'====== Args={'priority': 0}
2025-10-31 13:35:50,493 : INFO : EventManager : Unordered handler for class <Auditor> on event game_ended with priority 1. Handlers: [RegisteredHandler(callback=<bound method Auditor.disable of <Auditor>>, priority=1, kwargs={}, key=UUID('13e75cba-3048-4f53-8830-34e43c0d5988'), condition=None, blocking_facility=None), RegisteredHandler(callback=<bound method Auditor._save_audits of <Auditor>>, priority=1, kwargs={}, key=UUID('1f594d42-0a72-4a02-bf6a-5b56cbd4fc24'), condition=None, blocking_facility=None)]. The order of those handlers is not defined and they will be executed in random order. This might lead to race conditions and potential bugs.
2025-10-31 13:35:51,082 : INFO : EventManager : Event: ======'blink_on'====== Args={'priority': 0}
2025-10-31 13:35:51,672 : INFO : EventManager : Event: ======'blink_off'====== Args={'priority': 0}
2025-10-31 13:35:51,674 : INFO : EventManager : Unordered handler for class <Auditor> on event game_ended with priority 1. Handlers: [RegisteredHandler(callback=<bound method Auditor.disable of <Auditor>>, priority=1, kwargs={}, key=UUID('13e75cba-3048-4f53-8830-34e43c0d5988'), condition=None, blocking_facility=None), RegisteredHandler(callback=<bound method Auditor._save_audits of <Auditor>>, priority=1, kwargs={}, key=UUID('1f594d42-0a72-4a02-bf6a-5b56cbd4fc24'), condition=None, blocking_facility=None)]. The order of those handlers is not defined and they will be executed in random order. This might lead to race conditions and potential bugs.
2025-10-31 13:35:52,278 : INFO : EventManager : Event: ======'blink_on'====== Args={'priority': 0}
2025-10-31 13:35:52,870 : INFO : EventManager : Event: ======'blink_off'====== Args={'priority': 0}
2025-10-31 13:35:52,872 : INFO : EventManager : Unordered handler for class <Auditor> on event game_ended with priority 1. Handlers: [RegisteredHandler(callback=<bound method Auditor.disable of <Auditor>>, priority=1, kwargs={}, key=UUID('13e75cba-3048-4f53-8830-34e43c0d5988'), condition=None, blocking_facility=None), RegisteredHandler(callback=<bound method Auditor._save_audits of <Auditor>>, priority=1, kwargs={}, key=UUID('1f594d42-0a72-4a02-bf6a-5b56cbd4fc24'), condition=None, blocking_facility=None)]. The order of those handlers is not defined and they will be executed in random order. This might lead to race conditions and potential bugs.
2025-10-31 13:35:52,947 : INFO : SwitchController : <<<<<<< 's_outer_skill_lanes' active >>>>>>>
2025-10-31 13:35:52,947 : INFO : EventManager : Event: ======'s_outer_skill_lanes_active'====== Args={}
2025-10-31 13:35:52,949 : INFO : EventManager : Event: ======'machine_var_audits_switches_s_outer_skill_lanes'====== Args={'value': 59, 'prev_value': 58, 'change': 1}
2025-10-31 13:35:52,951 : INFO : EventManager : Event: ======'player_score'====== Args={'value': 600, 'prev_value': 100, 'change': 500, 'player_num': 1, 'source': 'base'}
2025-10-31 13:35:52,953 : INFO : EventManager : Unordered handler for class <Auditor> on event game_ended with priority 1. Handlers: [RegisteredHandler(callback=<bound method Auditor.disable of <Auditor>>, priority=1, kwargs={}, key=UUID('13e75cba-3048-4f53-8830-34e43c0d5988'), condition=None, blocking_facility=None), RegisteredHandler(callback=<bound method Auditor._save_audits of <Auditor>>, priority=1, kwargs={}, key=UUID('1f594d42-0a72-4a02-bf6a-5b56cbd4fc24'), condition=None, blocking_facility=None)]. The order of those handlers is not defined and they will be executed in random order. This might lead to race conditions and potential bugs.
2025-10-31 13:35:52,980 : INFO : EventManager : Unordered handler for class <Auditor> on event game_ended with priority 1. Handlers: [RegisteredHandler(callback=<bound method Auditor.disable of <Auditor>>, priority=1, kwargs={}, key=UUID('13e75cba-3048-4f53-8830-34e43c0d5988'), condition=None, blocking_facility=None), RegisteredHandler(callback=<bound method Auditor._save_audits of <Auditor>>, priority=1, kwargs={}, key=UUID('1f594d42-0a72-4a02-bf6a-5b56cbd4fc24'), condition=None, blocking_facility=None)]. The order of those handlers is not defined and they will be executed in random order. This might lead to race conditions and potential bugs.
2025-10-31 13:35:52,982 : INFO : EventManager : Unordered handler for class <Auditor> on event game_ended with priority 1. Handlers: [RegisteredHandler(callback=<bound method Auditor.disable of <Auditor>>, priority=1, kwargs={}, key=UUID('13e75cba-3048-4f53-8830-34e43c0d5988'), condition=None, blocking_facility=None), RegisteredHandler(callback=<bound method Auditor._save_audits of <Auditor>>, priority=1, kwargs={}, key=UUID('1f594d42-0a72-4a02-bf6a-5b56cbd4fc24'), condition=None, blocking_facility=None)]. The order of those handlers is not defined and they will be executed in random order. This might lead to race conditions and potential bugs.
2025-10-31 13:35:52,984 : INFO : EventManager : Unordered handler for class <Auditor> on event game_ended with priority 1. Handlers: [RegisteredHandler(callback=<bound method Auditor.disable of <Auditor>>, priority=1, kwargs={}, key=UUID('13e75cba-3048-4f53-8830-34e43c0d5988'), condition=None, blocking_facility=None), RegisteredHandler(callback=<bound method Auditor._save_audits of <Auditor>>, priority=1, kwargs={}, key=UUID('1f594d42-0a72-4a02-bf6a-5b56cbd4fc24'), condition=None, blocking_facility=None)]. The order of those handlers is not defined and they will be executed in random order. This might lead to race conditions and potential bugs.
2025-10-31 13:35:52,985 : INFO : EventManager : Unordered handler for class <Auditor> on event game_ended with priority 1. Handlers: [RegisteredHandler(callback=<bound method Auditor.disable of <Auditor>>, priority=1, kwargs={}, key=UUID('13e75cba-3048-4f53-8830-34e43c0d5988'), condition=None, blocking_facility=None), RegisteredHandler(callback=<bound method Auditor._save_audits of <Auditor>>, priority=1, kwargs={}, key=UUID('1f594d42-0a72-4a02-bf6a-5b56cbd4fc24'), condition=None, blocking_facility=None)]. The order of those handlers is not defined and they will be executed in random order. This might lead to race conditions and potential bugs.
2025-10-31 13:35:53,416 : INFO : SwitchController : <<<<<<< 's_outer_skill_lanes' inactive >>>>>>>
2025-10-31 13:35:53,479 : INFO : EventManager : Event: ======'blink_on'====== Args={'priority': 0}
2025-10-31 13:35:54,083 : INFO : EventManager : Event: ======'blink_off'====== Args={'priority': 0}
2025-10-31 13:35:54,085 : INFO : EventManager : Unordered handler for class <Auditor> on event game_ended with priority 1. Handlers: [RegisteredHandler(callback=<bound method Auditor.disable of <Auditor>>, priority=1, kwargs={}, key=UUID('13e75cba-3048-4f53-8830-34e43c0d5988'), condition=None, blocking_facility=None), RegisteredHandler(callback=<bound method Auditor._save_audits of <Auditor>>, priority=1, kwargs={}, key=UUID('1f594d42-0a72-4a02-bf6a-5b56cbd4fc24'), condition=None, blocking_facility=None)]. The order of those handlers is not defined and they will be executed in random order. This might lead to race conditions and potential bugs.
2025-10-31 13:35:54,675 : INFO : EventManager : Event: ======'blink_on'====== Args={'priority': 0}
2025-10-31 13:35:55,284 : INFO : EventManager : Event: ======'blink_off'====== Args={'priority': 0}
2025-10-31 13:35:55,285 : INFO : EventManager : Unordered handler for class <Auditor> on event game_ended with priority 1. Handlers: [RegisteredHandler(callback=<bound method Auditor.disable of <Auditor>>, priority=1, kwargs={}, key=UUID('13e75cba-3048-4f53-8830-34e43c0d5988'), condition=None, blocking_facility=None), RegisteredHandler(callback=<bound method Auditor._save_audits of <Auditor>>, priority=1, kwargs={}, key=UUID('1f594d42-0a72-4a02-bf6a-5b56cbd4fc24'), condition=None, blocking_facility=None)]. The order of those handlers is not defined and they will be executed in random order. This might lead to race conditions and potential bugs.
2025-10-31 13:35:55,873 : INFO : EventManager : Event: ======'blink_on'====== Args={'priority': 0}
2025-10-31 13:35:55,920 : INFO : SwitchController : <<<<<<< 's_middle_skill_lane' active >>>>>>>
2025-10-31 13:35:55,922 : INFO : EventManager : Event: ======'s_middle_skill_lane_active'====== Args={}
2025-10-31 13:35:55,922 : INFO : EventManager : Event: ======'machine_var_audits_switches_s_middle_skill_lane'====== Args={'value': 35, 'prev_value': 34, 'change': 1}
2025-10-31 13:35:55,924 : INFO : EventManager : Event: ======'player_score'====== Args={'value': 1100, 'prev_value': 600, 'change': 500, 'player_num': 1, 'source': 'base'}
2025-10-31 13:35:56,343 : INFO : SwitchController : <<<<<<< 's_middle_skill_lane' inactive >>>>>>>
2025-10-31 13:35:56,482 : INFO : EventManager : Event: ======'blink_off'====== Args={'priority': 0}
2025-10-31 13:35:56,484 : INFO : EventManager : Unordered handler for class <Auditor> on event game_ended with priority 1. Handlers: [RegisteredHandler(callback=<bound method Auditor.disable of <Auditor>>, priority=1, kwargs={}, key=UUID('13e75cba-3048-4f53-8830-34e43c0d5988'), condition=None, blocking_facility=None), RegisteredHandler(callback=<bound method Auditor._save_audits of <Auditor>>, priority=1, kwargs={}, key=UUID('1f594d42-0a72-4a02-bf6a-5b56cbd4fc24'), condition=None, blocking_facility=None)]. The order of those handlers is not defined and they will be executed in random order. This might lead to race conditions and potential bugs.
2025-10-31 13:35:57,072 : INFO : EventManager : Event: ======'blink_on'====== Args={'priority': 0}
2025-10-31 13:35:57,663 : INFO : EventManager : Event: ======'blink_off'====== Args={'priority': 0}
2025-10-31 13:35:57,664 : INFO : EventManager : Unordered handler for class <Auditor> on event game_ended with priority 1. Handlers: [RegisteredHandler(callback=<bound method Auditor.disable of <Auditor>>, priority=1, kwargs={}, key=UUID('13e75cba-3048-4f53-8830-34e43c0d5988'), condition=None, blocking_facility=None), RegisteredHandler(callback=<bound method Auditor._save_audits of <Auditor>>, priority=1, kwargs={}, key=UUID('1f594d42-0a72-4a02-bf6a-5b56cbd4fc24'), condition=None, blocking_facility=None)]. The order of those handlers is not defined and they will be executed in random order. This might lead to race conditions and potential bugs.
2025-10-31 13:35:58,285 : INFO : EventManager : Event: ======'blink_on'====== Args={'priority': 0}
2025-10-31 13:35:58,426 : INFO : SwitchController : <<<<<<< 's_middle_upper_rollovers' active >>>>>>>
2025-10-31 13:35:58,426 : INFO : EventManager : Event: ======'s_middle_upper_rollovers_active'====== Args={}
2025-10-31 13:35:58,426 : INFO : EventManager : Event: ======'machine_var_audits_switches_s_middle_upper_rollovers'====== Args={'value': 78, 'prev_value': 77, 'change': 1}
2025-10-31 13:35:58,429 : INFO : EventManager : Event: ======'player_shot_my_first_shot'====== Args={'value': 2, 'prev_value': 1, 'change': 1, 'player_num': 1}
2025-10-31 13:35:58,430 : INFO : EventManager : Event: ======'machine_var_audits_shots_my_first_shot'====== Args={'value': 2, 'prev_value': 1, 'change': 1}
2025-10-31 13:35:58,431 : INFO : EventManager : Event: ======'my_first_shot_hit'====== Args={'profile': 'my_first_profile', 'state': 'flashing', 'advancing': True}
2025-10-31 13:35:58,431 : INFO : EventManager : Event: ======'my_first_shot_my_first_profile_hit'====== Args={'profile': 'my_first_profile', 'state': 'flashing', 'advancing': True}
2025-10-31 13:35:58,431 : INFO : EventManager : Event: ======'my_first_shot_my_first_profile_flashing_hit'====== Args={'profile': 'my_first_profile', 'state': 'flashing', 'advancing': True}
2025-10-31 13:35:58,431 : INFO : EventManager : Event: ======'my_first_shot_flashing_hit'====== Args={'profile': 'my_first_profile', 'state': 'flashing', 'advancing': True}
2025-10-31 13:35:58,432 : INFO : EventManager : Event: ======'player_score'====== Args={'value': 1200, 'prev_value': 1100, 'change': 100, 'player_num': 1, 'source': 'base'}
2025-10-31 13:35:58,614 : INFO : SwitchController : <<<<<<< 's_middle_upper_rollovers' inactive >>>>>>>
2025-10-31 13:35:58,865 : INFO : EventManager : Event: ======'blink_off'====== Args={'priority': 0}
2025-10-31 13:35:58,866 : INFO : EventManager : Unordered handler for class <Auditor> on event game_ended with priority 1. Handlers: [RegisteredHandler(callback=<bound method Auditor.disable of <Auditor>>, priority=1, kwargs={}, key=UUID('13e75cba-3048-4f53-8830-34e43c0d5988'), condition=None, blocking_facility=None), RegisteredHandler(callback=<bound method Auditor._save_audits of <Auditor>>, priority=1, kwargs={}, key=UUID('1f594d42-0a72-4a02-bf6a-5b56cbd4fc24'), condition=None, blocking_facility=None)]. The order of those handlers is not defined and they will be executed in random order. This might lead to race conditions and potential bugs.
2025-10-31 13:35:59,478 : INFO : EventManager : Event: ======'blink_on'====== Args={'priority': 0}
2025-10-31 13:36:00,069 : INFO : EventManager : Event: ======'blink_off'====== Args={'priority': 0}
2025-10-31 13:36:00,072 : INFO : EventManager : Unordered handler for class <Auditor> on event game_ended with priority 1. Handlers: [RegisteredHandler(callback=<bound method Auditor.disable of <Auditor>>, priority=1, kwargs={}, key=UUID('13e75cba-3048-4f53-8830-34e43c0d5988'), condition=None, blocking_facility=None), RegisteredHandler(callback=<bound method Auditor._save_audits of <Auditor>>, priority=1, kwargs={}, key=UUID('1f594d42-0a72-4a02-bf6a-5b56cbd4fc24'), condition=None, blocking_facility=None)]. The order of those handlers is not defined and they will be executed in random order. This might lead to race conditions and potential bugs.
2025-10-31 13:36:00,085 : INFO : SwitchController : <<<<<<< 's_outer_skill_lanes' active >>>>>>>
2025-10-31 13:36:00,086 : INFO : EventManager : Event: ======'s_outer_skill_lanes_active'====== Args={}
2025-10-31 13:36:00,086 : INFO : EventManager : Event: ======'machine_var_audits_switches_s_outer_skill_lanes'====== Args={'value': 60, 'prev_value': 59, 'change': 1}
2025-10-31 13:36:00,088 : INFO : EventManager : Event: ======'player_score'====== Args={'value': 1700, 'prev_value': 1200, 'change': 500, 'player_num': 1, 'source': 'base'}
2025-10-31 13:36:00,091 : INFO : EventManager : Unordered handler for class <Auditor> on event game_ended with priority 1. Handlers: [RegisteredHandler(callback=<bound method Auditor.disable of <Auditor>>, priority=1, kwargs={}, key=UUID('13e75cba-3048-4f53-8830-34e43c0d5988'), condition=None, blocking_facility=None), RegisteredHandler(callback=<bound method Auditor._save_audits of <Auditor>>, priority=1, kwargs={}, key=UUID('1f594d42-0a72-4a02-bf6a-5b56cbd4fc24'), condition=None, blocking_facility=None)]. The order of those handlers is not defined and they will be executed in random order. This might lead to race conditions and potential bugs.
2025-10-31 13:36:00,249 : INFO : EventManager : Unordered handler for class <Auditor> on event game_ended with priority 1. Handlers: [RegisteredHandler(callback=<bound method Auditor.disable of <Auditor>>, priority=1, kwargs={}, key=UUID('13e75cba-3048-4f53-8830-34e43c0d5988'), condition=None, blocking_facility=None), RegisteredHandler(callback=<bound method Auditor._save_audits of <Auditor>>, priority=1, kwargs={}, key=UUID('1f594d42-0a72-4a02-bf6a-5b56cbd4fc24'), condition=None, blocking_facility=None)]. The order of those handlers is not defined and they will be executed in random order. This might lead to race conditions and potential bugs.
2025-10-31 13:36:00,251 : INFO : EventManager : Unordered handler for class <Auditor> on event game_ended with priority 1. Handlers: [RegisteredHandler(callback=<bound method Auditor.disable of <Auditor>>, priority=1, kwargs={}, key=UUID('13e75cba-3048-4f53-8830-34e43c0d5988'), condition=None, blocking_facility=None), RegisteredHandler(callback=<bound method Auditor._save_audits of <Auditor>>, priority=1, kwargs={}, key=UUID('1f594d42-0a72-4a02-bf6a-5b56cbd4fc24'), condition=None, blocking_facility=None)]. The order of those handlers is not defined and they will be executed in random order. This might lead to race conditions and potential bugs.
2025-10-31 13:36:00,568 : INFO : SwitchController : <<<<<<< 's_outer_skill_lanes' inactive >>>>>>>
2025-10-31 13:36:00,676 : INFO : EventManager : Event: ======'blink_on'====== Args={'priority': 0}
2025-10-31 13:36:01,190 : INFO : SwitchController : <<<<<<< 's_middle_upper_rollovers' active >>>>>>>
2025-10-31 13:36:01,190 : INFO : EventManager : Event: ======'s_middle_upper_rollovers_active'====== Args={}
2025-10-31 13:36:01,190 : INFO : EventManager : Event: ======'machine_var_audits_switches_s_middle_upper_rollovers'====== Args={'value': 79, 'prev_value': 78, 'change': 1}
2025-10-31 13:36:01,191 : INFO : EventManager : Event: ======'player_shot_my_first_shot'====== Args={'value': 0, 'prev_value': 2, 'change': -2, 'player_num': 1}
2025-10-31 13:36:01,193 : INFO : EventManager : Event: ======'machine_var_audits_shots_my_first_shot'====== Args={'value': 3, 'prev_value': 2, 'change': 1}
2025-10-31 13:36:01,193 : INFO : EventManager : Event: ======'my_first_shot_hit'====== Args={'profile': 'my_first_profile', 'state': 'lit', 'advancing': True}
2025-10-31 13:36:01,194 : INFO : EventManager : Event: ======'my_first_shot_my_first_profile_hit'====== Args={'profile': 'my_first_profile', 'state': 'lit', 'advancing': True}
2025-10-31 13:36:01,194 : INFO : EventManager : Event: ======'my_first_shot_my_first_profile_lit_hit'====== Args={'profile': 'my_first_profile', 'state': 'lit', 'advancing': True}
2025-10-31 13:36:01,194 : INFO : EventManager : Event: ======'my_first_shot_lit_hit'====== Args={'profile': 'my_first_profile', 'state': 'lit', 'advancing': True}
2025-10-31 13:36:01,195 : INFO : EventManager : Event: ======'player_score'====== Args={'value': 1800, 'prev_value': 1700, 'change': 100, 'player_num': 1, 'source': 'base'}
2025-10-31 13:36:01,282 : INFO : EventManager : Event: ======'blink_off'====== Args={'priority': 0}
2025-10-31 13:36:01,283 : INFO : EventManager : Unordered handler for class <Auditor> on event game_ended with priority 1. Handlers: [RegisteredHandler(callback=<bound method Auditor.disable of <Auditor>>, priority=1, kwargs={}, key=UUID('13e75cba-3048-4f53-8830-34e43c0d5988'), condition=None, blocking_facility=None), RegisteredHandler(callback=<bound method Auditor._save_audits of <Auditor>>, priority=1, kwargs={}, key=UUID('1f594d42-0a72-4a02-bf6a-5b56cbd4fc24'), condition=None, blocking_facility=None)]. The order of those handlers is not defined and they will be executed in random order. This might lead to race conditions and potential bugs.
2025-10-31 13:36:01,391 : INFO : SwitchController : <<<<<<< 's_middle_upper_rollovers' inactive >>>>>>>
2025-10-31 13:36:01,874 : INFO : EventManager : Event: ======'blink_on'====== Args={'priority': 0}
2025-10-31 13:36:02,479 : INFO : EventManager : Event: ======'blink_off'====== Args={'priority': 0}
2025-10-31 13:36:02,481 : INFO : EventManager : Unordered handler for class <Auditor> on event game_ended with priority 1. Handlers: [RegisteredHandler(callback=<bound method Auditor.disable of <Auditor>>, priority=1, kwargs={}, key=UUID('13e75cba-3048-4f53-8830-34e43c0d5988'), condition=None, blocking_facility=None), RegisteredHandler(callback=<bound method Auditor._save_audits of <Auditor>>, priority=1, kwargs={}, key=UUID('1f594d42-0a72-4a02-bf6a-5b56cbd4fc24'), condition=None, blocking_facility=None)]. The order of those handlers is not defined and they will be executed in random order. This might lead to race conditions and potential bugs.
2025-10-31 13:36:02,992 : INFO : SwitchController : <<<<<<< 's_outer_skill_lanes' active >>>>>>>
2025-10-31 13:36:02,992 : INFO : EventManager : Event: ======'s_outer_skill_lanes_active'====== Args={}
2025-10-31 13:36:02,993 : INFO : EventManager : Event: ======'machine_var_audits_switches_s_outer_skill_lanes'====== Args={'value': 61, 'prev_value': 60, 'change': 1}
2025-10-31 13:36:02,995 : INFO : EventManager : Event: ======'player_score'====== Args={'value': 2300, 'prev_value': 1800, 'change': 500, 'player_num': 1, 'source': 'base'}
2025-10-31 13:36:02,997 : INFO : EventManager : Unordered handler for class <Auditor> on event game_ended with priority 1. Handlers: [RegisteredHandler(callback=<bound method Auditor.disable of <Auditor>>, priority=1, kwargs={}, key=UUID('13e75cba-3048-4f53-8830-34e43c0d5988'), condition=None, blocking_facility=None), RegisteredHandler(callback=<bound method Auditor._save_audits of <Auditor>>, priority=1, kwargs={}, key=UUID('1f594d42-0a72-4a02-bf6a-5b56cbd4fc24'), condition=None, blocking_facility=None)]. The order of those handlers is not defined and they will be executed in random order. This might lead to race conditions and potential bugs.
2025-10-31 13:36:03,026 : INFO : EventManager : Unordered handler for class <Auditor> on event game_ended with priority 1. Handlers: [RegisteredHandler(callback=<bound method Auditor.disable of <Auditor>>, priority=1, kwargs={}, key=UUID('13e75cba-3048-4f53-8830-34e43c0d5988'), condition=None, blocking_facility=None), RegisteredHandler(callback=<bound method Auditor._save_audits of <Auditor>>, priority=1, kwargs={}, key=UUID('1f594d42-0a72-4a02-bf6a-5b56cbd4fc24'), condition=None, blocking_facility=None)]. The order of those handlers is not defined and they will be executed in random order. This might lead to race conditions and potential bugs.
2025-10-31 13:36:03,029 : INFO : EventManager : Unordered handler for class <Auditor> on event game_ended with priority 1. Handlers: [RegisteredHandler(callback=<bound method Auditor.disable of <Auditor>>, priority=1, kwargs={}, key=UUID('13e75cba-3048-4f53-8830-34e43c0d5988'), condition=None, blocking_facility=None), RegisteredHandler(callback=<bound method Auditor._save_audits of <Auditor>>, priority=1, kwargs={}, key=UUID('1f594d42-0a72-4a02-bf6a-5b56cbd4fc24'), condition=None, blocking_facility=None)]. The order of those handlers is not defined and they will be executed in random order. This might lead to race conditions and potential bugs.
2025-10-31 13:36:03,070 : INFO : EventManager : Event: ======'blink_on'====== Args={'priority': 0}
2025-10-31 13:36:03,323 : INFO : SwitchController : <<<<<<< 's_outer_skill_lanes' inactive >>>>>>>
2025-10-31 13:36:03,664 : INFO : EventManager : Event: ======'blink_off'====== Args={'priority': 0}
2025-10-31 13:36:03,666 : INFO : EventManager : Unordered handler for class <Auditor> on event game_ended with priority 1. Handlers: [RegisteredHandler(callback=<bound method Auditor.disable of <Auditor>>, priority=1, kwargs={}, key=UUID('13e75cba-3048-4f53-8830-34e43c0d5988'), condition=None, blocking_facility=None), RegisteredHandler(callback=<bound method Auditor._save_audits of <Auditor>>, priority=1, kwargs={}, key=UUID('1f594d42-0a72-4a02-bf6a-5b56cbd4fc24'), condition=None, blocking_facility=None)]. The order of those handlers is not defined and they will be executed in random order. This might lead to race conditions and potential bugs.
2025-10-31 13:36:04,147 : INFO : SwitchController : <<<<<<< 's_middle_skill_lane' active >>>>>>>
2025-10-31 13:36:04,148 : INFO : EventManager : Event: ======'s_middle_skill_lane_active'====== Args={}
2025-10-31 13:36:04,148 : INFO : EventManager : Event: ======'machine_var_audits_switches_s_middle_skill_lane'====== Args={'value': 36, 'prev_value': 35, 'change': 1}
2025-10-31 13:36:04,150 : INFO : EventManager : Event: ======'player_score'====== Args={'value': 2800, 'prev_value': 2300, 'change': 500, 'player_num': 1, 'source': 'base'}
2025-10-31 13:36:04,153 : INFO : EventManager : Unordered handler for class <Auditor> on event game_ended with priority 1. Handlers: [RegisteredHandler(callback=<bound method Auditor.disable of <Auditor>>, priority=1, kwargs={}, key=UUID('13e75cba-3048-4f53-8830-34e43c0d5988'), condition=None, blocking_facility=None), RegisteredHandler(callback=<bound method Auditor._save_audits of <Auditor>>, priority=1, kwargs={}, key=UUID('1f594d42-0a72-4a02-bf6a-5b56cbd4fc24'), condition=None, blocking_facility=None)]. The order of those handlers is not defined and they will be executed in random order. This might lead to race conditions and potential bugs.
2025-10-31 13:36:04,180 : INFO : EventManager : Unordered handler for class <Auditor> on event game_ended with priority 1. Handlers: [RegisteredHandler(callback=<bound method Auditor.disable of <Auditor>>, priority=1, kwargs={}, key=UUID('13e75cba-3048-4f53-8830-34e43c0d5988'), condition=None, blocking_facility=None), RegisteredHandler(callback=<bound method Auditor._save_audits of <Auditor>>, priority=1, kwargs={}, key=UUID('1f594d42-0a72-4a02-bf6a-5b56cbd4fc24'), condition=None, blocking_facility=None)]. The order of those handlers is not defined and they will be executed in random order. This might lead to race conditions and potential bugs.
2025-10-31 13:36:04,182 : INFO : EventManager : Unordered handler for class <Auditor> on event game_ended with priority 1. Handlers: [RegisteredHandler(callback=<bound method Auditor.disable of <Auditor>>, priority=1, kwargs={}, key=UUID('13e75cba-3048-4f53-8830-34e43c0d5988'), condition=None, blocking_facility=None), RegisteredHandler(callback=<bound method Auditor._save_audits of <Auditor>>, priority=1, kwargs={}, key=UUID('1f594d42-0a72-4a02-bf6a-5b56cbd4fc24'), condition=None, blocking_facility=None)]. The order of those handlers is not defined and they will be executed in random order. This might lead to race conditions and potential bugs.
2025-10-31 13:36:04,185 : INFO : EventManager : Unordered handler for class <Auditor> on event game_ended with priority 1. Handlers: [RegisteredHandler(callback=<bound method Auditor.disable of <Auditor>>, priority=1, kwargs={}, key=UUID('13e75cba-3048-4f53-8830-34e43c0d5988'), condition=None, blocking_facility=None), RegisteredHandler(callback=<bound method Auditor._save_audits of <Auditor>>, priority=1, kwargs={}, key=UUID('1f594d42-0a72-4a02-bf6a-5b56cbd4fc24'), condition=None, blocking_facility=None)]. The order of those handlers is not defined and they will be executed in random order. This might lead to race conditions and potential bugs.
2025-10-31 13:36:04,286 : INFO : EventManager : Event: ======'blink_on'====== Args={'priority': 0}
2025-10-31 13:36:04,705 : INFO : SwitchController : <<<<<<< 's_middle_skill_lane' inactive >>>>>>>
2025-10-31 13:36:04,877 : INFO : EventManager : Event: ======'blink_off'====== Args={'priority': 0}
2025-10-31 13:36:04,879 : INFO : EventManager : Unordered handler for class <Auditor> on event game_ended with priority 1. Handlers: [RegisteredHandler(callback=<bound method Auditor.disable of <Auditor>>, priority=1, kwargs={}, key=UUID('13e75cba-3048-4f53-8830-34e43c0d5988'), condition=None, blocking_facility=None), RegisteredHandler(callback=<bound method Auditor._save_audits of <Auditor>>, priority=1, kwargs={}, key=UUID('1f594d42-0a72-4a02-bf6a-5b56cbd4fc24'), condition=None, blocking_facility=None)]. The order of those handlers is not defined and they will be executed in random order. This might lead to race conditions and potential bugs.
2025-10-31 13:36:05,486 : INFO : EventManager : Event: ======'blink_on'====== Args={'priority': 0}
2025-10-31 13:36:06,076 : INFO : EventManager : Event: ======'blink_off'====== Args={'priority': 0}
2025-10-31 13:36:06,077 : INFO : EventManager : Unordered handler for class <Auditor> on event game_ended with priority 1. Handlers: [RegisteredHandler(callback=<bound method Auditor.disable of <Auditor>>, priority=1, kwargs={}, key=UUID('13e75cba-3048-4f53-8830-34e43c0d5988'), condition=None, blocking_facility=None), RegisteredHandler(callback=<bound method Auditor._save_audits of <Auditor>>, priority=1, kwargs={}, key=UUID('1f594d42-0a72-4a02-bf6a-5b56cbd4fc24'), condition=None, blocking_facility=None)]. The order of those handlers is not defined and they will be executed in random order. This might lead to race conditions and potential bugs.
2025-10-31 13:36:06,669 : INFO : EventManager : Event: ======'blink_on'====== Args={'priority': 0}
2025-10-31 13:36:07,274 : INFO : EventManager : Event: ======'blink_off'====== Args={'priority': 0}
2025-10-31 13:36:07,276 : INFO : EventManager : Unordered handler for class <Auditor> on event game_ended with priority 1. Handlers: [RegisteredHandler(callback=<bound method Auditor.disable of <Auditor>>, priority=1, kwargs={}, key=UUID('13e75cba-3048-4f53-8830-34e43c0d5988'), condition=None, blocking_facility=None), RegisteredHandler(callback=<bound method Auditor._save_audits of <Auditor>>, priority=1, kwargs={}, key=UUID('1f594d42-0a72-4a02-bf6a-5b56cbd4fc24'), condition=None, blocking_facility=None)]. The order of those handlers is not defined and they will be executed in random order. This might lead to race conditions and potential bugs.
2025-10-31 13:36:07,868 : INFO : EventManager : Event: ======'blink_on'====== Args={'priority': 0}
2025-10-31 13:36:08,476 : INFO : EventManager : Event: ======'blink_off'====== Args={'priority': 0}
2025-10-31 13:36:08,478 : INFO : EventManager : Unordered handler for class <Auditor> on event game_ended with priority 1. Handlers: [RegisteredHandler(callback=<bound method Auditor.disable of <Auditor>>, priority=1, kwargs={}, key=UUID('13e75cba-3048-4f53-8830-34e43c0d5988'), condition=None, blocking_facility=None), RegisteredHandler(callback=<bound method Auditor._save_audits of <Auditor>>, priority=1, kwargs={}, key=UUID('1f594d42-0a72-4a02-bf6a-5b56cbd4fc24'), condition=None, blocking_facility=None)]. The order of those handlers is not defined and they will be executed in random order. This might lead to race conditions and potential bugs.
2025-10-31 13:36:09,070 : INFO : EventManager : Event: ======'blink_on'====== Args={'priority': 0}
2025-10-31 13:36:09,674 : INFO : EventManager : Event: ======'blink_off'====== Args={'priority': 0}
2025-10-31 13:36:09,675 : INFO : EventManager : Unordered handler for class <Auditor> on event game_ended with priority 1. Handlers: [RegisteredHandler(callback=<bound method Auditor.disable of <Auditor>>, priority=1, kwargs={}, key=UUID('13e75cba-3048-4f53-8830-34e43c0d5988'), condition=None, blocking_facility=None), RegisteredHandler(callback=<bound method Auditor._save_audits of <Auditor>>, priority=1, kwargs={}, key=UUID('1f594d42-0a72-4a02-bf6a-5b56cbd4fc24'), condition=None, blocking_facility=None)]. The order of those handlers is not defined and they will be executed in random order. This might lead to race conditions and potential bugs.
2025-10-31 13:36:10,277 : INFO : EventManager : Event: ======'blink_on'====== Args={'priority': 0}
2025-10-31 13:36:10,866 : INFO : EventManager : Event: ======'blink_off'====== Args={'priority': 0}
2025-10-31 13:36:10,868 : INFO : EventManager : Unordered handler for class <Auditor> on event game_ended with priority 1. Handlers: [RegisteredHandler(callback=<bound method Auditor.disable of <Auditor>>, priority=1, kwargs={}, key=UUID('13e75cba-3048-4f53-8830-34e43c0d5988'), condition=None, blocking_facility=None), RegisteredHandler(callback=<bound method Auditor._save_audits of <Auditor>>, priority=1, kwargs={}, key=UUID('1f594d42-0a72-4a02-bf6a-5b56cbd4fc24'), condition=None, blocking_facility=None)]. The order of those handlers is not defined and they will be executed in random order. This might lead to race conditions and potential bugs.
2025-10-31 13:36:11,489 : INFO : EventManager : Event: ======'blink_on'====== Args={'priority': 0}
2025-10-31 13:36:12,080 : INFO : EventManager : Event: ======'blink_off'====== Args={'priority': 0}
2025-10-31 13:36:12,083 : INFO : EventManager : Unordered handler for class <Auditor> on event game_ended with priority 1. Handlers: [RegisteredHandler(callback=<bound method Auditor.disable of <Auditor>>, priority=1, kwargs={}, key=UUID('13e75cba-3048-4f53-8830-34e43c0d5988'), condition=None, blocking_facility=None), RegisteredHandler(callback=<bound method Auditor._save_audits of <Auditor>>, priority=1, kwargs={}, key=UUID('1f594d42-0a72-4a02-bf6a-5b56cbd4fc24'), condition=None, blocking_facility=None)]. The order of those handlers is not defined and they will be executed in random order. This might lead to race conditions and potential bugs.
2025-10-31 13:36:12,673 : INFO : EventManager : Event: ======'blink_on'====== Args={'priority': 0}
2025-10-31 13:36:13,281 : INFO : EventManager : Event: ======'blink_off'====== Args={'priority': 0}
2025-10-31 13:36:13,283 : INFO : EventManager : Unordered handler for class <Auditor> on event game_ended with priority 1. Handlers: [RegisteredHandler(callback=<bound method Auditor.disable of <Auditor>>, priority=1, kwargs={}, key=UUID('13e75cba-3048-4f53-8830-34e43c0d5988'), condition=None, blocking_facility=None), RegisteredHandler(callback=<bound method Auditor._save_audits of <Auditor>>, priority=1, kwargs={}, key=UUID('1f594d42-0a72-4a02-bf6a-5b56cbd4fc24'), condition=None, blocking_facility=None)]. The order of those handlers is not defined and they will be executed in random order. This might lead to race conditions and potential bugs.
2025-10-31 13:36:13,718 : INFO : SwitchController : <<<<<<< 's_trough' active >>>>>>>
2025-10-31 13:36:13,719 : INFO : EventManager : Event: ======'machine_var_audits_switches_s_trough'====== Args={'value': 428, 'prev_value': 427, 'change': 1}
2025-10-31 13:36:13,745 : INFO : SwitchController : <<<<<<< 's_trough' inactive >>>>>>>
2025-10-31 13:36:13,779 : INFO : SwitchController : <<<<<<< 's_trough' active >>>>>>>
2025-10-31 13:36:13,779 : INFO : EventManager : Event: ======'machine_var_audits_switches_s_trough'====== Args={'value': 429, 'prev_value': 428, 'change': 1}
2025-10-31 13:36:13,872 : INFO : EventManager : Event: ======'blink_on'====== Args={'priority': 0}
2025-10-31 13:36:14,281 : INFO : EventManager : Event: ======'balldevice_bd_trough_ball_count_changed'====== Args={'balls': 1}
2025-10-31 13:36:14,282 : INFO : ball_device.bd_trough : Received unexpected ball
2025-10-31 13:36:14,282 : INFO : EventManager : Event: ======'balldevice_captured_from_playfield'====== Args={'balls': 1}
2025-10-31 13:36:14,284 : INFO : EventManager : Event: ======'sw_playfield_active'====== Args={'balls': 1}
2025-10-31 13:36:14,284 : INFO : EventManager : Event: ======'playfield_ball_count_change'====== Args={'balls': 0, 'change': -1}
2025-10-31 13:36:14,285 : INFO : EventManager : Event: ======'balldevice_bd_trough_ball_enter'====== Args={'new_balls': 1, 'unclaimed_balls': 1, 'new_available_balls': 1, 'device': <ball_device.bd_trough>}
2025-10-31 13:36:14,286 : INFO : EventManager : Event: ======'ball_drain'====== Args={'device': <ball_device.bd_trough>, 'balls': 1}
2025-10-31 13:36:14,287 : INFO : EventManager : Event: ======'ball_will_end'====== Args={}
2025-10-31 13:36:14,287 : INFO : EventManager : Event: ======'balldevice_balls_available'====== Args={}
2025-10-31 13:36:14,288 : INFO : EventManager : Event: ======'balldevice_bd_trough_ball_entered'====== Args={'new_balls': 1, 'device': <ball_device.bd_trough>}
2025-10-31 13:36:14,289 : INFO : EventManager : Event: ======'mode_base_will_stop'====== Args={}
2025-10-31 13:36:14,289 : INFO : EventManager : Event: ======'mode_base_stopping'====== Args={}
2025-10-31 13:36:14,291 : INFO : Mode.base : Stopped.
2025-10-31 13:36:14,291 : INFO : EventManager : Event: ======'modes_active_modes_changed'====== Args={}
2025-10-31 13:36:14,292 : INFO : EventManager : Event: ======'mode_base_stopped'====== Args={}
2025-10-31 13:36:14,292 : INFO : EventManager : Event: ======'clear'====== Args={'key': 'base'}
2025-10-31 13:36:14,295 : INFO : EventManager : Event: ======'ball_ending'====== Args={}
2025-10-31 13:36:14,341 : INFO : EventManager : Event: ======'ball_ended'====== Args={}
2025-10-31 13:36:14,343 : INFO : EventManager : Event: ======'player_turn_will_end'====== Args={'player': <Player 1>, 'number': 1}
2025-10-31 13:36:14,358 : INFO : EventManager : Event: ======'player_turn_ending'====== Args={'player': <Player 1>, 'number': 1}
2025-10-31 13:36:14,362 : INFO : EventManager : Event: ======'player_turn_ended'====== Args={'player': <Player 1>, 'number': 1}
2025-10-31 13:36:14,363 : INFO : EventManager : Event: ======'player_turn_will_start'====== Args={'player': <Player 1>, 'number': 1}
2025-10-31 13:36:14,364 : INFO : EventManager : Event: ======'player_turn_starting'====== Args={'player': <Player 1>, 'number': 1}
2025-10-31 13:36:14,365 : INFO : EventManager : Event: ======'player_ball'====== Args={'value': 2, 'prev_value': 1, 'change': 1, 'player_num': 1}
2025-10-31 13:36:14,367 : INFO : EventManager : Event: ======'player_turn_started'====== Args={'player': <Player 1>, 'number': 1}
2025-10-31 13:36:14,370 : INFO : EventManager : Event: ======'ball_will_start'====== Args={'player': 1, 'ball': 2, 'balls_remaining': 1, 'is_extra_ball': False}
2025-10-31 13:36:14,388 : INFO : EventManager : Event: ======'ball_starting'====== Args={'player': 1, 'ball': 2, 'balls_remaining': 1, 'is_extra_ball': False}
2025-10-31 13:36:14,390 : INFO : EventManager : Event: ======'mode_base_will_start'====== Args={'queue': <QueuedEvent>, 'player': 1, 'ball': 2, 'balls_remaining': 1, 'is_extra_ball': False}
2025-10-31 13:36:14,392 : INFO : EventManager : Unordered handler for class <Auditor> on event game_ended with priority 1. Handlers: [RegisteredHandler(callback=<bound method Auditor.disable of <Auditor>>, priority=1, kwargs={}, key=UUID('13e75cba-3048-4f53-8830-34e43c0d5988'), condition=None, blocking_facility=None), RegisteredHandler(callback=<bound method Auditor._save_audits of <Auditor>>, priority=1, kwargs={}, key=UUID('1f594d42-0a72-4a02-bf6a-5b56cbd4fc24'), condition=None, blocking_facility=None)]. The order of those handlers is not defined and they will be executed in random order. This might lead to race conditions and potential bugs.
2025-10-31 13:36:14,404 : INFO : EventManager : Event: ======'mode_base_starting'====== Args={'queue': <QueuedEvent>, 'player': 1, 'ball': 2, 'balls_remaining': 1, 'is_extra_ball': False}
2025-10-31 13:36:14,404 : INFO : drop_target_bank.right_bank : All targets are already up. Will not reset bank.
2025-10-31 13:36:14,404 : INFO : drop_target_bank.left_bank : All targets are already up. Will not reset bank.
2025-10-31 13:36:14,405 : INFO : EventManager : Event: ======'balls_in_play'====== Args={'balls': 1}
2025-10-31 13:36:14,405 : INFO : EventManager : Event: ======'ball_started'====== Args={'player': 1, 'ball': 2, 'balls_remaining': 1, 'is_extra_ball': False}
2025-10-31 13:36:14,406 : INFO : EventManager : Event: ======'logicblock_eg_pop_counter_updated'====== Args={'value': 0, 'enabled': True}
2025-10-31 13:36:14,406 : INFO : EventManager : Event: ======'logicblock_eg_pop_counter_updated'====== Args={'value': 0, 'enabled': True}
2025-10-31 13:36:14,408 : INFO : Mode.base : Started. Priority: 50
2025-10-31 13:36:14,408 : INFO : EventManager : Event: ======'modes_active_modes_changed'====== Args={}
2025-10-31 13:36:14,408 : INFO : EventManager : Event: ======'mode_base_started'====== Args={'queue': <QueuedEvent>, 'player': 1, 'ball': 2, 'balls_remaining': 1, 'is_extra_ball': False}
2025-10-31 13:36:14,408 : INFO : EventManager : Event: ======'logicblock_eg_pop_counter_updated'====== Args={'value': 0, 'enabled': True}
2025-10-31 13:36:14,408 : INFO : EventManager : Event: ======'start_subsequent_loop'====== Args={'priority': 0}
2025-10-31 13:36:14,411 : INFO : EventManager : Unordered handler for class <Auditor> on event game_ended with priority 1. Handlers: [RegisteredHandler(callback=<bound method Auditor.disable of <Auditor>>, priority=1, kwargs={}, key=UUID('13e75cba-3048-4f53-8830-34e43c0d5988'), condition=None, blocking_facility=None), RegisteredHandler(callback=<bound method Auditor._save_audits of <Auditor>>, priority=1, kwargs={}, key=UUID('1f594d42-0a72-4a02-bf6a-5b56cbd4fc24'), condition=None, blocking_facility=None)]. The order of those handlers is not defined and they will be executed in random order. This might lead to race conditions and potential bugs.
2025-10-31 13:36:14,413 : INFO : EventManager : Event: ======'stop_mode_attract'====== Args={'priority': 0}
2025-10-31 13:36:14,413 : INFO : EventManager : Event: ======'godot_attract_off'====== Args={'priority': 0}
2025-10-31 13:36:14,416 : INFO : EventManager : Event: ======'single_player_ball_started'====== Args={}
2025-10-31 13:36:14,464 : INFO : EventManager : Event: ======'ball_start_target'====== Args={'target': 'playfield'}
2025-10-31 13:36:14,465 : INFO : ball_device.bd_trough : Setting up player-controlled eject. Balls: 1, Target: <playfield.playfield>, player_controlled_eject_event: None
2025-10-31 13:36:14,466 : INFO : ball_device.bd_trough : Adding 1 ball(s) to the eject_queue with target <playfield.playfield>.
2025-10-31 13:36:14,466 : INFO : EventManager : Event: ======'balldevice_balls_available'====== Args={}
2025-10-31 13:36:14,469 : INFO : ball_device.bd_trough : State: waiting_for_target_ready
2025-10-31 13:36:14,469 : INFO : EventManager : Event: ======'balldevice_bd_trough_ball_eject_attempt'====== Args={'balls': 1, 'target': <playfield.playfield>, 'source': <ball_device.bd_trough>, 'mechanical_eject': False, 'num_attempts': 0}
2025-10-31 13:36:14,471 : INFO : ball_device.bd_trough : State: ejecting
2025-10-31 13:36:14,471 : INFO : ball_device.bd_trough : Ejecting ball to <playfield.playfield>
2025-10-31 13:36:14,471 : INFO : EventManager : Event: ======'balldevice_bd_trough_ejecting_ball'====== Args={'balls': 1, 'target': <playfield.playfield>, 'source': <ball_device.bd_trough>, 'mechanical_eject': False, 'num_attempts': 0}
2025-10-31 13:36:14,473 : INFO : ball_device.bd_trough : Wait for ball to leave device
2025-10-31 13:36:14,474 : INFO : coil.c_trough_eject : Pulsing Driver for 40ms (1.0 pulse_power)
2025-10-31 13:36:14,475 : INFO : EventManager : Event: ======'blink_off'====== Args={'priority': 0}
2025-10-31 13:36:14,531 : INFO : SwitchController : <<<<<<< 's_trough' inactive >>>>>>>
2025-10-31 13:36:14,549 : INFO : ball_device.bd_trough : State: ball_left
2025-10-31 13:36:14,549 : INFO : ball_device.bd_trough : Ball left
2025-10-31 13:36:14,549 : INFO : ball_device.bd_trough : Wait for confirm with timeout 10.0
2025-10-31 13:36:15,070 : INFO : EventManager : Event: ======'blink_on'====== Args={'priority': 0}
2025-10-31 13:36:15,672 : INFO : EventManager : Event: ======'blink_off'====== Args={'priority': 0}
2025-10-31 13:36:15,674 : INFO : EventManager : Unordered handler for class <Auditor> on event game_ended with priority 1. Handlers: [RegisteredHandler(callback=<bound method Auditor.disable of <Auditor>>, priority=1, kwargs={}, key=UUID('13e75cba-3048-4f53-8830-34e43c0d5988'), condition=None, blocking_facility=None), RegisteredHandler(callback=<bound method Auditor._save_audits of <Auditor>>, priority=1, kwargs={}, key=UUID('1f594d42-0a72-4a02-bf6a-5b56cbd4fc24'), condition=None, blocking_facility=None)]. The order of those handlers is not defined and they will be executed in random order. This might lead to race conditions and potential bugs.
2025-10-31 13:36:16,284 : INFO : EventManager : Event: ======'blink_on'====== Args={'priority': 0}
2025-10-31 13:36:16,874 : INFO : EventManager : Event: ======'blink_off'====== Args={'priority': 0}
2025-10-31 13:36:16,876 : INFO : EventManager : Unordered handler for class <Auditor> on event game_ended with priority 1. Handlers: [RegisteredHandler(callback=<bound method Auditor.disable of <Auditor>>, priority=1, kwargs={}, key=UUID('13e75cba-3048-4f53-8830-34e43c0d5988'), condition=None, blocking_facility=None), RegisteredHandler(callback=<bound method Auditor._save_audits of <Auditor>>, priority=1, kwargs={}, key=UUID('1f594d42-0a72-4a02-bf6a-5b56cbd4fc24'), condition=None, blocking_facility=None)]. The order of those handlers is not defined and they will be executed in random order. This might lead to race conditions and potential bugs.
2025-10-31 13:36:17,480 : INFO : EventManager : Event: ======'blink_on'====== Args={'priority': 0}
2025-10-31 13:36:18,072 : INFO : EventManager : Event: ======'blink_off'====== Args={'priority': 0}
2025-10-31 13:36:18,074 : INFO : EventManager : Unordered handler for class <Auditor> on event game_ended with priority 1. Handlers: [RegisteredHandler(callback=<bound method Auditor.disable of <Auditor>>, priority=1, kwargs={}, key=UUID('13e75cba-3048-4f53-8830-34e43c0d5988'), condition=None, blocking_facility=None), RegisteredHandler(callback=<bound method Auditor._save_audits of <Auditor>>, priority=1, kwargs={}, key=UUID('1f594d42-0a72-4a02-bf6a-5b56cbd4fc24'), condition=None, blocking_facility=None)]. The order of those handlers is not defined and they will be executed in random order. This might lead to race conditions and potential bugs.
2025-10-31 13:36:18,594 : INFO : Machine : Shutting down...
2025-10-31 13:36:18,594 : INFO : EventManager : Event: ======'shutdown'====== Args={}
2025-10-31 13:36:18,599 : INFO : EventManager : Event: ======'mode_game_will_stop'====== Args={}
2025-10-31 13:36:18,601 : INFO : EventManager : Event: ======'mode_game_stopping'====== Args={}
2025-10-31 13:36:18,607 : INFO : EventManager : Event: ======'mode_base_will_stop'====== Args={}
2025-10-31 13:36:18,607 : INFO : EventManager : Event: ======'mode_base_stopping'====== Args={}
2025-10-31 13:36:18,609 : INFO : Mode.base : Stopped.
2025-10-31 13:36:18,609 : INFO : EventManager : Event: ======'modes_active_modes_changed'====== Args={}
2025-10-31 13:36:18,609 : INFO : EventManager : Event: ======'mode_base_stopped'====== Args={}
2025-10-31 13:36:18,609 : INFO : EventManager : Event: ======'clear'====== Args={'key': 'base'}
2025-10-31 13:36:18,612 : INFO : Mode.game : Stopped.
2025-10-31 13:36:18,613 : INFO : EventManager : Event: ======'modes_active_modes_changed'====== Args={}
2025-10-31 13:36:18,613 : INFO : EventManager : Event: ======'mode_game_stopped'====== Args={}
2025-10-31 13:36:18,613 : INFO : EventManager : Event: ======'clear'====== Args={'key': 'game'}
2025-10-31 13:36:18,662 : INFO : EventManager : Event: ======'blink_on'====== Args={'priority': 0}
2025-10-31 13:36:18,712 : INFO : root : MPF run loop ended.
