2025-11-04 09:09:56,911 : INFO : root : Loading config.
2025-11-04 09:09:56,918 : INFO : YamlMultifileConfigLoader : Machine config file #1: config.yaml
2025-11-04 09:09:56,918 : INFO : ConfigProcessor : Loading config from cache: C:\Users\antho\AppData\Local\Temp\fdca14d0c9d658ab8200d57120800af5.mpf_cache
2025-11-04 09:09:57,076 : INFO : ConfigProcessor : Loading config from cache: C:\Users\antho\AppData\Local\Temp\5dec96b1547c4adf5bdd3d1715e74bc0.mpf_cache
2025-11-04 09:09:57,077 : INFO : ConfigProcessor : Loading config from cache: C:\Users\antho\AppData\Local\Temp\202a5840610e95051f9f473dfa660cc0.mpf_cache
2025-11-04 09:09:57,078 : INFO : ConfigProcessor : Loading config from cache: C:\Users\antho\AppData\Local\Temp\5dec96b1547c4adf5bdd3d1715e74bc0.mpf_cache
2025-11-04 09:09:57,080 : INFO : ConfigProcessor : Loading config from cache: C:\Users\antho\AppData\Local\Temp\2cd13a2d3f375e00ab01d6d09a85d8e7.mpf_cache
2025-11-04 09:09:57,080 : INFO : ConfigProcessor : Loading config from cache: C:\Users\antho\AppData\Local\Temp\9220b44b97b91972524500b81035d790.mpf_cache
2025-11-04 09:09:57,081 : INFO : ConfigProcessor : Loading config from cache: C:\Users\antho\AppData\Local\Temp\aa919e501ed8450b10d3bb8e37574ac5.mpf_cache
2025-11-04 09:09:57,082 : INFO : ConfigProcessor : Loading config from cache: C:\Users\antho\AppData\Local\Temp\31ee881584fa6fce665a672a4f3f633a.mpf_cache
2025-11-04 09:09:57,083 : INFO : ConfigProcessor : Loading config from cache: C:\Users\antho\AppData\Local\Temp\5e841763ec73085bbf92358fe6afda21.mpf_cache
2025-11-04 09:09:57,084 : INFO : ConfigProcessor : Loading config from cache: C:\Users\antho\AppData\Local\Temp\7f73d12aa9beccac1cbd8c265ccda72e.mpf_cache
2025-11-04 09:09:57,084 : INFO : ConfigProcessor : Loading config from cache: C:\Users\antho\AppData\Local\Temp\a03ebaa9d6d5676c418deb142cb34911.mpf_cache
2025-11-04 09:09:57,084 : INFO : ConfigProcessor : Loading config from cache: C:\Users\antho\AppData\Local\Temp\b17152efa55a24f0424602723f8d3921.mpf_cache
2025-11-04 09:09:57,085 : INFO : ConfigProcessor : Loading config from cache: C:\Users\antho\AppData\Local\Temp\e87fc0e7d2f8a851b5fa3f604e0d0c6e.mpf_cache
2025-11-04 09:09:57,085 : INFO : ConfigProcessor : Loading config from cache: C:\Users\antho\AppData\Local\Temp\196ac76b6cab3a9880804c826cfbcb5c.mpf_cache
2025-11-04 09:09:57,086 : INFO : ConfigProcessor : Loading config from cache: C:\Users\antho\AppData\Local\Temp\55437eb303afaa980597ff60f339a871.mpf_cache
2025-11-04 09:09:57,086 : INFO : ConfigProcessor : Loading config from cache: C:\Users\antho\AppData\Local\Temp\fddc1006228d3387e6d1e46051a3638d.mpf_cache
2025-11-04 09:09:57,087 : INFO : ConfigProcessor : Loading config from cache: C:\Users\antho\AppData\Local\Temp\834292dd7853e12a66732dc89828c828.mpf_cache
2025-11-04 09:09:57,087 : INFO : ConfigProcessor : Loading config from cache: C:\Users\antho\AppData\Local\Temp\46f8fa3e41dfeeb8232af2f03a13b6c4.mpf_cache
2025-11-04 09:09:57,088 : INFO : ConfigProcessor : Loading config from cache: C:\Users\antho\AppData\Local\Temp\c67e9c175da6c060302945929b27b878.mpf_cache
2025-11-04 09:09:57,090 : INFO : Machine : Mission Pinball Framework Core Engine v0.80.0.dev11
2025-11-04 09:09:57,090 : INFO : Machine : Command line arguments: {'no_load_cache': False, 'create_config_cache': True, 'bcp': True, 'configfile': ['config.yaml'], 'force_assets_load': False, 'platform_integration_test': False, 'jsonlogging': False, 'logfile': 'logs\\2025-11-04-09-09-56-mpf-LAPTOP-MPGP6R69.log', 'pause': False, 'production': False, 'text_ui': True, 'loglevel': 15, 'consoleloglevel': 20, 'force_platform': None, 'syslog_address': None, 'full_logfile_path': 'C:\\Users\\antho\\nightpin\\logs\\2025-11-04-09-09-56-mpf-LAPTOP-MPGP6R69.log'}
2025-11-04 09:09:57,090 : INFO : Machine : MPF path: C:\Users\antho\mpf\Lib\site-packages\mpf
2025-11-04 09:09:57,090 : INFO : Machine : Machine path: C:\Users\antho\nightpin
2025-11-04 09:09:57,090 : INFO : Machine : Platform: win32
2025-11-04 09:09:57,090 : INFO : Machine : Python executable location: C:\Users\antho\mpf\Scripts\python.exe
2025-11-04 09:09:57,090 : INFO : Machine : Python version: 3.12.7 (64-bit)
2025-11-04 09:09:57,093 : INFO : Machine : Initializing MPF...
2025-11-04 09:09:57,379 : INFO : lisy : Connecting to com3 at 115200bps
2025-11-04 09:09:57,380 : WARNING : lisy : Could not import terminos (this is ok on windows).
2025-11-04 09:09:57,544 : INFO : EventManager : Event: ======'machine_var_lisy_hardware'====== Args={'value': 'LISY35', 'prev_value': None, 'change': True}
2025-11-04 09:09:57,544 : INFO : EventManager : Event: ======'machine_var_lisy_version'====== Args={'value': '5.26 ', 'prev_value': None, 'change': True}
2025-11-04 09:09:57,544 : INFO : EventManager : Event: ======'machine_var_lisy_api_version'====== Args={'value': b'0.09', 'prev_value': None, 'change': True}
2025-11-04 09:09:58,870 : INFO : EventManager : Event: ======'machine_var_credits_string'====== Args={'value': 'FREE PLAY', 'prev_value': None, 'change': True}
2025-11-04 09:09:58,908 : INFO : EventManager : Event: ======'machine_var_master_volume'====== Args={'value': 0.5, 'prev_value': None, 'change': True}
2025-11-04 09:09:58,908 : INFO : EventManager : Event: ======'machine_var_player1_score'====== Args={'value': 2200, 'prev_value': None, 'change': True}
2025-11-04 09:09:58,908 : INFO : EventManager : Event: ======'machine_var_player2_score'====== Args={'value': 1200, 'prev_value': None, 'change': True}
2025-11-04 09:09:58,908 : INFO : EventManager : Event: ======'machine_var_mpf_version'====== Args={'value': 'Mission Pinball Framework v0.80.0.dev11', 'prev_value': None, 'change': True}
2025-11-04 09:09:58,908 : INFO : EventManager : Event: ======'machine_var_mpf_extended_version'====== Args={'value': 'Mission Pinball Framework v0.80.0.dev11, Config version:6, Show version: 6, BCP version:1.1', 'prev_value': None, 'change': True}
2025-11-04 09:09:58,910 : INFO : EventManager : Event: ======'machine_var_python_version'====== Args={'value': '3.12.7', 'prev_value': None, 'change': True}
2025-11-04 09:09:59,005 : INFO : EventManager : Event: ======'machine_var_platform'====== Args={'value': 'Windows-11-10.0.26100-SP0', 'prev_value': None, 'change': True}
2025-11-04 09:09:59,005 : INFO : EventManager : Event: ======'machine_var_platform_system'====== Args={'value': 'Windows', 'prev_value': None, 'change': True}
2025-11-04 09:09:59,005 : INFO : EventManager : Event: ======'machine_var_platform_release'====== Args={'value': '11', 'prev_value': None, 'change': True}
2025-11-04 09:09:59,005 : INFO : EventManager : Event: ======'machine_var_platform_version'====== Args={'value': '10.0.26100', 'prev_value': None, 'change': True}
2025-11-04 09:09:59,005 : INFO : EventManager : Event: ======'machine_var_platform_machine'====== Args={'value': 'AMD64', 'prev_value': None, 'change': True}
2025-11-04 09:09:59,005 : INFO : EventManager : Event: ======'machine_var_log_file_path'====== Args={'value': 'C:\\Users\\antho\\nightpin\\logs\\2025-11-04-09-09-56-mpf-LAPTOP-MPGP6R69.log', 'prev_value': None, 'change': True}
2025-11-04 09:09:59,005 : INFO : EventManager : Event: ======'init_phase_1'====== Args={}
2025-11-04 09:09:59,047 : INFO : EventManager : Event: ======'drop_target_bank_right_bank_up'====== Args={}
2025-11-04 09:09:59,047 : INFO : EventManager : Event: ======'drop_target_bank_left_bank_up'====== Args={}
2025-11-04 09:09:59,127 : INFO : EventManager : Event: ======'init_phase_2'====== Args={}
2025-11-04 09:09:59,135 : INFO : EventManager : Event: ======'bcp_connection_attempt'====== Args={'name': 'local_display', 'host': 'localhost', 'port': 5050}
2025-11-04 09:09:59,138 : INFO : BCPClientSocket : Connecting BCP to 'local_display' at localhost:5050...
2025-11-04 09:09:59,157 : INFO : BCPClientSocket : Connected BCP to 'local_display' localhost:5050
2025-11-04 09:09:59,158 : INFO : EventManager : Event: ======'bcp_clients_connected'====== Args={}
2025-11-04 09:09:59,280 : INFO : ball_device.bd_trough : BCH: Initial count: 0
2025-11-04 09:09:59,315 : INFO : ball_device.bd_trough : State: idle
2025-11-04 09:09:59,316 : INFO : ball_device.bd_saucer : BCH: Initial count: 0
2025-11-04 09:09:59,316 : INFO : ball_device.bd_saucer : State: idle
2025-11-04 09:09:59,331 : INFO : EventManager : Event: ======'init_phase_3'====== Args={}
2025-11-04 09:09:59,337 : INFO : EventManager : Event: ======'init_phase_4'====== Args={}
2025-11-04 09:09:59,337 : INFO : BallController : Initial balls found: 0
2025-11-04 09:09:59,340 : INFO : EventManager : Event: ======'machine_var_audits_events_game_ended'====== Args={'value': 17, 'prev_value': None, 'change': True}
2025-11-04 09:09:59,340 : INFO : EventManager : Event: ======'machine_var_audits_events_game_started'====== Args={'value': 85, 'prev_value': None, 'change': True}
2025-11-04 09:09:59,340 : INFO : EventManager : Event: ======'machine_var_audits_missing_switches_s_coin_right'====== Args={'value': 84, 'prev_value': None, 'change': True}
2025-11-04 09:09:59,340 : INFO : EventManager : Event: ======'machine_var_audits_missing_switches_s_credit_button'====== Args={'value': 57, 'prev_value': None, 'change': True}
2025-11-04 09:09:59,341 : INFO : EventManager : Event: ======'machine_var_audits_missing_switches_s_inlanes'====== Args={'value': 12, 'prev_value': None, 'change': True}
2025-11-04 09:09:59,341 : INFO : EventManager : Event: ======'machine_var_audits_missing_switches_s_left_bank_target_left'====== Args={'value': 5, 'prev_value': None, 'change': True}
2025-11-04 09:09:59,341 : INFO : EventManager : Event: ======'machine_var_audits_missing_switches_s_left_bank_target_middle'====== Args={'value': 8, 'prev_value': None, 'change': True}
2025-11-04 09:09:59,341 : INFO : EventManager : Event: ======'machine_var_audits_missing_switches_s_left_bank_target_right'====== Args={'value': 5, 'prev_value': None, 'change': True}
2025-11-04 09:09:59,341 : INFO : EventManager : Event: ======'machine_var_audits_missing_switches_s_left_lower_bumper'====== Args={'value': 5, 'prev_value': None, 'change': True}
2025-11-04 09:09:59,341 : INFO : EventManager : Event: ======'machine_var_audits_missing_switches_s_left_outlane_rollover'====== Args={'value': 23, 'prev_value': None, 'change': True}
2025-11-04 09:09:59,341 : INFO : EventManager : Event: ======'machine_var_audits_missing_switches_s_left_pop_bumper'====== Args={'value': 5, 'prev_value': None, 'change': True}
2025-11-04 09:09:59,341 : INFO : EventManager : Event: ======'machine_var_audits_missing_switches_s_left_sling'====== Args={'value': 23, 'prev_value': None, 'change': True}
2025-11-04 09:09:59,341 : INFO : EventManager : Event: ======'machine_var_audits_missing_switches_s_left_upper_bumper'====== Args={'value': 5, 'prev_value': None, 'change': True}
2025-11-04 09:09:59,341 : INFO : EventManager : Event: ======'machine_var_audits_missing_switches_s_middle_pop_bumper'====== Args={'value': 5, 'prev_value': None, 'change': True}
2025-11-04 09:09:59,341 : INFO : EventManager : Event: ======'machine_var_audits_missing_switches_s_middle_skill_lane'====== Args={'value': 1, 'prev_value': None, 'change': True}
2025-11-04 09:09:59,342 : INFO : EventManager : Event: ======'machine_var_audits_missing_switches_s_middle_upper_rollovers'====== Args={'value': 5, 'prev_value': None, 'change': True}
2025-11-04 09:09:59,342 : INFO : EventManager : Event: ======'machine_var_audits_missing_switches_s_outer_skill_lanes'====== Args={'value': 1, 'prev_value': None, 'change': True}
2025-11-04 09:09:59,342 : INFO : EventManager : Event: ======'machine_var_audits_missing_switches_s_right_bank_target_left'====== Args={'value': 5, 'prev_value': None, 'change': True}
2025-11-04 09:09:59,342 : INFO : EventManager : Event: ======'machine_var_audits_missing_switches_s_right_bank_target_middle'====== Args={'value': 5, 'prev_value': None, 'change': True}
2025-11-04 09:09:59,342 : INFO : EventManager : Event: ======'machine_var_audits_missing_switches_s_right_bank_target_right'====== Args={'value': 5, 'prev_value': None, 'change': True}
2025-11-04 09:09:59,342 : INFO : EventManager : Event: ======'machine_var_audits_missing_switches_s_right_outlane_rollover'====== Args={'value': 40, 'prev_value': None, 'change': True}
2025-11-04 09:09:59,342 : INFO : EventManager : Event: ======'machine_var_audits_missing_switches_s_right_pop_bumper'====== Args={'value': 5, 'prev_value': None, 'change': True}
2025-11-04 09:09:59,342 : INFO : EventManager : Event: ======'machine_var_audits_missing_switches_s_right_sling'====== Args={'value': 6, 'prev_value': None, 'change': True}
2025-11-04 09:09:59,342 : INFO : EventManager : Event: ======'machine_var_audits_missing_switches_s_saucer'====== Args={'value': 5, 'prev_value': None, 'change': True}
2025-11-04 09:09:59,342 : INFO : EventManager : Event: ======'machine_var_audits_missing_switches_s_slam_tilt'====== Args={'value': 23, 'prev_value': None, 'change': True}
2025-11-04 09:09:59,342 : INFO : EventManager : Event: ======'machine_var_audits_missing_switches_s_spinner'====== Args={'value': 19, 'prev_value': None, 'change': True}
2025-11-04 09:09:59,342 : INFO : EventManager : Event: ======'machine_var_audits_missing_switches_s_stand_up'====== Args={'value': 57, 'prev_value': None, 'change': True}
2025-11-04 09:09:59,343 : INFO : EventManager : Event: ======'machine_var_audits_missing_switches_s_tilt'====== Args={'value': 55, 'prev_value': None, 'change': True}
2025-11-04 09:09:59,343 : INFO : EventManager : Event: ======'machine_var_audits_missing_switches_s_trough'====== Args={'value': 1, 'prev_value': None, 'change': True}
2025-11-04 09:09:59,343 : INFO : EventManager : Event: ======'machine_var_audits_player_score'====== Args={'value': {'average': 1435, 'top': [5110, 5070, 4300, 4230, 3980, 3410, 2200, 1300, 1200, 500], 'total': 25}, 'prev_value': None, 'change': True}
2025-11-04 09:09:59,343 : INFO : EventManager : Event: ======'machine_var_audits_shots_my_first_shot'====== Args={'value': 3, 'prev_value': None, 'change': True}
2025-11-04 09:09:59,343 : INFO : EventManager : Event: ======'machine_var_audits_shots_sh_eg_pop_left'====== Args={'value': 8, 'prev_value': None, 'change': True}
2025-11-04 09:09:59,343 : INFO : EventManager : Event: ======'machine_var_audits_shots_sh_eg_pop_middle'====== Args={'value': 8, 'prev_value': None, 'change': True}
2025-11-04 09:09:59,343 : INFO : EventManager : Event: ======'machine_var_audits_shots_sh_eg_pop_right'====== Args={'value': 13, 'prev_value': None, 'change': True}
2025-11-04 09:09:59,343 : INFO : EventManager : Event: ======'machine_var_audits_shots_sh_eg_right_drop_left'====== Args={'value': 4, 'prev_value': None, 'change': True}
2025-11-04 09:09:59,343 : INFO : EventManager : Event: ======'machine_var_audits_shots_sh_eg_right_drop_middle'====== Args={'value': 3, 'prev_value': None, 'change': True}
2025-11-04 09:09:59,344 : INFO : EventManager : Event: ======'machine_var_audits_shots_sh_eg_right_drop_right'====== Args={'value': 3, 'prev_value': None, 'change': True}
2025-11-04 09:09:59,344 : INFO : EventManager : Event: ======'machine_var_audits_shots_sh_eg_spinner'====== Args={'value': 2, 'prev_value': None, 'change': True}
2025-11-04 09:09:59,344 : INFO : EventManager : Event: ======'machine_var_audits_shots_sh_escape_graveyard_start'====== Args={'value': 3, 'prev_value': None, 'change': True}
2025-11-04 09:09:59,344 : INFO : EventManager : Event: ======'machine_var_audits_switches_s_coin_right'====== Args={'value': 1, 'prev_value': None, 'change': True}
2025-11-04 09:09:59,344 : INFO : EventManager : Event: ======'machine_var_audits_switches_s_credit_button'====== Args={'value': 5, 'prev_value': None, 'change': True}
2025-11-04 09:09:59,344 : INFO : EventManager : Event: ======'machine_var_audits_switches_s_inlanes'====== Args={'value': 159, 'prev_value': None, 'change': True}
2025-11-04 09:09:59,344 : INFO : EventManager : Event: ======'machine_var_audits_switches_s_left_bank_target_left'====== Args={'value': 36, 'prev_value': None, 'change': True}
2025-11-04 09:09:59,344 : INFO : EventManager : Event: ======'machine_var_audits_switches_s_left_bank_target_middle'====== Args={'value': 27, 'prev_value': None, 'change': True}
2025-11-04 09:09:59,344 : INFO : EventManager : Event: ======'machine_var_audits_switches_s_left_bank_target_right'====== Args={'value': 27, 'prev_value': None, 'change': True}
2025-11-04 09:09:59,344 : INFO : EventManager : Event: ======'machine_var_audits_switches_s_left_lower_bumper'====== Args={'value': 33, 'prev_value': None, 'change': True}
2025-11-04 09:09:59,344 : INFO : EventManager : Event: ======'machine_var_audits_switches_s_left_outlane_rollover'====== Args={'value': 23, 'prev_value': None, 'change': True}
2025-11-04 09:09:59,345 : INFO : EventManager : Event: ======'machine_var_audits_switches_s_left_pop_bumper'====== Args={'value': 121, 'prev_value': None, 'change': True}
2025-11-04 09:09:59,345 : INFO : EventManager : Event: ======'machine_var_audits_switches_s_left_sling'====== Args={'value': 93, 'prev_value': None, 'change': True}
2025-11-04 09:09:59,345 : INFO : EventManager : Event: ======'machine_var_audits_switches_s_left_upper_bumper'====== Args={'value': 42, 'prev_value': None, 'change': True}
2025-11-04 09:09:59,345 : INFO : EventManager : Event: ======'machine_var_audits_switches_s_middle_pop_bumper'====== Args={'value': 114, 'prev_value': None, 'change': True}
2025-11-04 09:09:59,345 : INFO : EventManager : Event: ======'machine_var_audits_switches_s_middle_skill_lane'====== Args={'value': 80, 'prev_value': None, 'change': True}
2025-11-04 09:09:59,345 : INFO : EventManager : Event: ======'machine_var_audits_switches_s_middle_upper_rollovers'====== Args={'value': 97, 'prev_value': None, 'change': True}
2025-11-04 09:09:59,345 : INFO : EventManager : Event: ======'machine_var_audits_switches_s_outer_skill_lanes'====== Args={'value': 133, 'prev_value': None, 'change': True}
2025-11-04 09:09:59,345 : INFO : EventManager : Event: ======'machine_var_audits_switches_s_pop_bumper_bottom'====== Args={'value': 6, 'prev_value': None, 'change': True}
2025-11-04 09:09:59,345 : INFO : EventManager : Event: ======'machine_var_audits_switches_s_pop_bumper_left'====== Args={'value': 2, 'prev_value': None, 'change': True}
2025-11-04 09:09:59,345 : INFO : EventManager : Event: ======'machine_var_audits_switches_s_pop_bumper_right'====== Args={'value': 1, 'prev_value': None, 'change': True}
2025-11-04 09:09:59,346 : INFO : EventManager : Event: ======'machine_var_audits_switches_s_right_bank_target_left'====== Args={'value': 53, 'prev_value': None, 'change': True}
2025-11-04 09:09:59,346 : INFO : EventManager : Event: ======'machine_var_audits_switches_s_right_bank_target_middle'====== Args={'value': 41, 'prev_value': None, 'change': True}
2025-11-04 09:09:59,346 : INFO : EventManager : Event: ======'machine_var_audits_switches_s_right_bank_target_right'====== Args={'value': 39, 'prev_value': None, 'change': True}
2025-11-04 09:09:59,346 : INFO : EventManager : Event: ======'machine_var_audits_switches_s_right_outlane_rollover'====== Args={'value': 6, 'prev_value': None, 'change': True}
2025-11-04 09:09:59,346 : INFO : EventManager : Event: ======'machine_var_audits_switches_s_right_pop_bumper'====== Args={'value': 173, 'prev_value': None, 'change': True}
2025-11-04 09:09:59,346 : INFO : EventManager : Event: ======'machine_var_audits_switches_s_right_sling'====== Args={'value': 72, 'prev_value': None, 'change': True}
2025-11-04 09:09:59,346 : INFO : EventManager : Event: ======'machine_var_audits_switches_s_saucer'====== Args={'value': 82, 'prev_value': None, 'change': True}
2025-11-04 09:09:59,346 : INFO : EventManager : Event: ======'machine_var_audits_switches_s_slam_tilt'====== Args={'value': 6, 'prev_value': None, 'change': True}
2025-11-04 09:09:59,346 : INFO : EventManager : Event: ======'machine_var_audits_switches_s_spinner'====== Args={'value': 411, 'prev_value': None, 'change': True}
2025-11-04 09:09:59,346 : INFO : EventManager : Event: ======'machine_var_audits_switches_s_stand_up'====== Args={'value': 8, 'prev_value': None, 'change': True}
2025-11-04 09:09:59,346 : INFO : EventManager : Event: ======'machine_var_audits_switches_s_start_button'====== Args={'value': 36, 'prev_value': None, 'change': True}
2025-11-04 09:09:59,346 : INFO : EventManager : Event: ======'machine_var_audits_switches_s_tilt'====== Args={'value': 1, 'prev_value': None, 'change': True}
2025-11-04 09:09:59,346 : INFO : EventManager : Event: ======'machine_var_audits_switches_s_trough'====== Args={'value': 446, 'prev_value': None, 'change': True}
2025-11-04 09:09:59,346 : INFO : EventManager : Event: ======'machine_var_audits_switches_s_left_inlane'====== Args={'value': 0, 'prev_value': None, 'change': True}
2025-11-04 09:09:59,347 : INFO : EventManager : Event: ======'machine_var_audits_switches_s_right_inlane'====== Args={'value': 0, 'prev_value': None, 'change': True}
2025-11-04 09:09:59,347 : INFO : EventManager : Event: ======'machine_var_audits_switches_s_rollover_upper'====== Args={'value': 0, 'prev_value': None, 'change': True}
2025-11-04 09:09:59,347 : INFO : EventManager : Event: ======'machine_var_audits_switches_s_right_outlane'====== Args={'value': 0, 'prev_value': None, 'change': True}
2025-11-04 09:09:59,347 : INFO : EventManager : Event: ======'machine_var_audits_switches_s_middle_rollover'====== Args={'value': 0, 'prev_value': None, 'change': True}
2025-11-04 09:09:59,347 : INFO : EventManager : Event: ======'machine_var_audits_switches_s_right_skill_lane'====== Args={'value': 0, 'prev_value': None, 'change': True}
2025-11-04 09:09:59,347 : INFO : EventManager : Event: ======'machine_var_audits_switches_s_left_skill_lane'====== Args={'value': 0, 'prev_value': None, 'change': True}
2025-11-04 09:09:59,347 : INFO : EventManager : Event: ======'machine_var_audits_switches_s_left_outlane'====== Args={'value': 0, 'prev_value': None, 'change': True}
2025-11-04 09:09:59,347 : INFO : EventManager : Event: ======'machine_var_audits_switches_s_left_rollover'====== Args={'value': 0, 'prev_value': None, 'change': True}
2025-11-04 09:09:59,347 : INFO : EventManager : Event: ======'machine_var_audits_switches_s_right_rollover'====== Args={'value': 0, 'prev_value': None, 'change': True}
2025-11-04 09:09:59,348 : INFO : EventManager : Event: ======'init_phase_5'====== Args={}
2025-11-04 09:09:59,360 : INFO : EventManager : Event: ======'init_done'====== Args={}
2025-11-04 09:09:59,361 : INFO : EventManager : Event: ======'machine_reset_phase_1'====== Args={}
2025-11-04 09:09:59,368 : INFO : EventManager : Event: ======'machine_reset_phase_2'====== Args={}
2025-11-04 09:09:59,369 : INFO : EventManager : Event: ======'machine_reset_phase_3'====== Args={}
2025-11-04 09:09:59,369 : INFO : EventManager : Event: ======'mode_attract_will_start'====== Args={'queue': <QueuedEvent>}
2025-11-04 09:09:59,370 : INFO : EventManager : Event: ======'mode_attract_starting'====== Args={'queue': <QueuedEvent>}
2025-11-04 09:09:59,370 : INFO : Mode.attract : Started. Priority: 10
2025-11-04 09:09:59,370 : INFO : EventManager : Event: ======'modes_active_modes_changed'====== Args={}
2025-11-04 09:09:59,371 : INFO : EventManager : Event: ======'mode_attract_started'====== Args={'queue': <QueuedEvent>}
2025-11-04 09:09:59,371 : INFO : EventManager : Event: ======'godot_attract_on'====== Args={'priority': 0}
2025-11-04 09:09:59,371 : INFO : EventManager : Event: ======'collecting_balls_complete'====== Args={}
2025-11-04 09:09:59,371 : INFO : EventManager : Event: ======'reset_complete'====== Args={}
2025-11-04 09:09:59,383 : INFO : Machine : Starting the main run loop with active modes: [<Mode.attract>]
2025-11-04 09:09:59,420 : INFO : EventManager : Event: ======'slide_attract_created'====== Args={'_from_bcp': True}
2025-11-04 09:09:59,422 : INFO : EventManager : Event: ======'slide__removed'====== Args={'_from_bcp': True}
2025-11-04 09:09:59,423 : INFO : EventManager : Event: ======'slide_attract_active'====== Args={'original_context': 'attract', 'original_calling_context': 'mode_attract_started', 'priority': 10.0, 'queue': '<QueuedEvent>', 'cmd': 'slides_play', '_from_bcp': True}
2025-11-04 09:10:01,361 : INFO : EventManager : Event: ======'attract_wave_complete'====== Args={'priority': 0}
2025-11-04 09:10:01,749 : INFO : EventManager : Event: ======'attract_pulse_complete'====== Args={'priority': 0}
2025-11-04 09:10:02,154 : INFO : EventManager : Event: ======'attract_pulse_complete'====== Args={'priority': 0}
2025-11-04 09:10:04,131 : INFO : EventManager : Event: ======'attract_wave_complete'====== Args={'priority': 0}
2025-11-04 09:10:04,535 : INFO : EventManager : Event: ======'attract_pulse_complete'====== Args={'priority': 0}
2025-11-04 09:10:04,943 : INFO : EventManager : Event: ======'attract_pulse_complete'====== Args={'priority': 0}
2025-11-04 09:10:05,669 : INFO : SwitchController : <<<<<<< 's_start_button' active >>>>>>>
2025-11-04 09:10:05,903 : INFO : SwitchController : <<<<<<< 's_start_button' inactive >>>>>>>
2025-11-04 09:10:05,903 : INFO : EventManager : Event: ======'request_to_start_game'====== Args={}
2025-11-04 09:10:05,903 : INFO : BallController : Known balls: 0
2025-11-04 09:10:05,903 : INFO : BallController : bd_trough contains 0 balls. Tags ['trough', 'home', 'drain']
2025-11-04 09:10:05,904 : INFO : BallController : bd_saucer contains 0 balls. Tags ['saucer', 'home', 'eject']
2025-11-04 09:10:05,904 : INFO : BallController : playfield contains 0 balls. Tags ['default']
2025-11-04 09:10:05,904 : WARNING : BallController : BallController denies game start. Not enough balls. 0 found. 1 required
2025-11-04 09:10:05,904 : INFO : BallController : Triggering ball search.
2025-11-04 09:10:06,943 : INFO : EventManager : Event: ======'attract_wave_complete'====== Args={'priority': 0}
2025-11-04 09:10:07,326 : INFO : EventManager : Event: ======'attract_pulse_complete'====== Args={'priority': 0}
2025-11-04 09:10:07,696 : INFO : SwitchController : <<<<<<< 's_start_button' active >>>>>>>
2025-11-04 09:10:07,725 : INFO : EventManager : Event: ======'attract_pulse_complete'====== Args={'priority': 0}
2025-11-04 09:10:08,580 : INFO : SwitchController : <<<<<<< 's_start_button' inactive >>>>>>>
2025-11-04 09:10:08,580 : INFO : EventManager : Event: ======'request_to_start_game'====== Args={}
2025-11-04 09:10:08,581 : INFO : BallController : Known balls: 0
2025-11-04 09:10:08,581 : INFO : BallController : bd_trough contains 0 balls. Tags ['trough', 'home', 'drain']
2025-11-04 09:10:08,581 : INFO : BallController : bd_saucer contains 0 balls. Tags ['saucer', 'home', 'eject']
2025-11-04 09:10:08,581 : INFO : BallController : playfield contains 0 balls. Tags ['default']
2025-11-04 09:10:08,581 : WARNING : BallController : BallController denies game start. Not enough balls. 0 found. 1 required
2025-11-04 09:10:08,581 : INFO : BallController : Triggering ball search.
2025-11-04 09:10:09,727 : INFO : EventManager : Event: ======'attract_wave_complete'====== Args={'priority': 0}
2025-11-04 09:10:10,116 : INFO : EventManager : Event: ======'attract_pulse_complete'====== Args={'priority': 0}
2025-11-04 09:10:10,533 : INFO : EventManager : Event: ======'attract_pulse_complete'====== Args={'priority': 0}
2025-11-04 09:10:11,652 : INFO : Machine : Shutting down...
2025-11-04 09:10:11,652 : INFO : EventManager : Event: ======'shutdown'====== Args={}
2025-11-04 09:10:11,712 : ERROR : asyncio : Exception in callback RunningShow._run_next_step()
handle: <TimerHandle when=1545624.1210000012 RunningShow._run_next_step()>
Traceback (most recent call last):
  File "C:\Users\antho\AppData\Local\Programs\Python\Python312\Lib\asyncio\events.py", line 88, in _run
    self._context.run(self._callback, *self._args)
  File "C:\Users\antho\mpf\Lib\site-packages\mpf\assets\show.py", line 690, in _run_next_step
    player.show_play_callback(
  File "C:\Users\antho\mpf\Lib\site-packages\mpf\core\config_player.py", line 365, in show_play_callback
    self.play(settings=settings, priority=priority, calling_context=calling_context,
  File "C:\Users\antho\mpf\Lib\site-packages\mpf\config_players\light_player.py", line 43, in play
    self._light_color(light, instance_dict, full_context, s['color'], s["fade"], final_priority, start_time)
  File "C:\Users\antho\mpf\Lib\site-packages\mpf\config_players\light_player.py", line 103, in _light_color
    light.color(color, key=full_context, fade_ms=fade_ms, priority=priority, start_time=start_time)
  File "C:\Users\antho\mpf\Lib\site-packages\mpf\devices\light.py", line 414, in color
    self._schedule_update()
  File "C:\Users\antho\mpf\Lib\site-packages\mpf\devices\light.py", line 657, in _schedule_update
    driver.set_fade(start_brightness, start_time, target_brightness, target_time)
  File "C:\Users\antho\mpf\Lib\site-packages\mpf\platforms\interfaces\light_platform_interface.py", line 98, in set_fade
    self.set_brightness_and_fade(target_brightness, max(fade_ms, 0))
  File "C:\Users\antho\mpf\Lib\site-packages\mpf\platforms\interfaces\light_platform_interface.py", line 160, in set_brightness_and_fade
    self.set_brightness(brightness)
  File "C:\Users\antho\mpf\Lib\site-packages\mpf\platforms\lisy\lisy.py", line 123, in set_brightness
    self.platform.send_byte(LisyDefines.LampsSetLampOn, bytes([self.number]))
  File "C:\Users\antho\mpf\Lib\site-packages\mpf\platforms\lisy\lisy.py", line 783, in send_byte
    assert self._writer is not None
           ^^^^^^^^^^^^^^^^^^^^^^^^
AssertionError
2025-11-04 09:10:11,861 : INFO : root : MPF run loop ended.
