2025-10-17 15:27:08,297 : INFO : root : Loading config.
2025-10-17 15:27:08,313 : INFO : YamlMultifileConfigLoader : Machine config file #1: config.yaml
2025-10-17 15:27:08,313 : INFO : ConfigProcessor : Loading config from cache: C:\Users\antho\AppData\Local\Temp\fdca14d0c9d658ab8200d57120800af5.mpf_cache
2025-10-17 15:27:08,459 : WARNING : ConfigProcessor : Config file in cache changed: C:\Users\antho\nightpin\modes\attract\config\attract.yaml
2025-10-17 15:27:08,459 : INFO : ConfigProcessor : Loading config from file C:\Users\antho\mpf\Lib\site-packages\mpf\modes\attract\config\attract.yaml.
2025-10-17 15:27:08,462 : INFO : ConfigProcessor : Loading config: C:\Users\antho\mpf\Lib\site-packages\mpf\modes\attract\config\attract.yaml
2025-10-17 15:27:08,462 : INFO : ConfigProcessor : Loading config from file C:\Users\antho\nightpin\modes\attract\config\attract.yaml.
2025-10-17 15:27:08,463 : INFO : ConfigProcessor : Loading config: C:\Users\antho\nightpin\modes\attract\config\attract.yaml
2025-10-17 15:27:08,463 : INFO : ConfigProcessor : Config file cache created: C:\Users\antho\AppData\Local\Temp\5dec96b1547c4adf5bdd3d1715e74bc0.mpf_cache
2025-10-17 15:27:08,464 : INFO : ConfigProcessor : Loading config from cache: C:\Users\antho\AppData\Local\Temp\202a5840610e95051f9f473dfa660cc0.mpf_cache
2025-10-17 15:27:08,475 : INFO : ConfigProcessor : Loading config from cache: C:\Users\antho\AppData\Local\Temp\5dec96b1547c4adf5bdd3d1715e74bc0.mpf_cache
2025-10-17 15:27:08,477 : INFO : ConfigProcessor : Loading config from cache: C:\Users\antho\AppData\Local\Temp\2cd13a2d3f375e00ab01d6d09a85d8e7.mpf_cache
2025-10-17 15:27:08,486 : INFO : Machine : Mission Pinball Framework Core Engine v0.80.0.dev11
2025-10-17 15:27:08,486 : INFO : Machine : Command line arguments: {'no_load_cache': False, 'create_config_cache': True, 'bcp': True, 'configfile': ['config.yaml'], 'force_assets_load': False, 'platform_integration_test': False, 'jsonlogging': False, 'logfile': 'logs\\2025-10-17-15-27-08-mpf-LAPTOP-MPGP6R69.log', 'pause': False, 'production': False, 'text_ui': False, 'loglevel': 15, 'consoleloglevel': 20, 'force_platform': 'virtual', 'syslog_address': None, 'full_logfile_path': 'C:\\Users\\antho\\nightpin\\logs\\2025-10-17-15-27-08-mpf-LAPTOP-MPGP6R69.log'}
2025-10-17 15:27:08,487 : INFO : Machine : MPF path: C:\Users\antho\mpf\Lib\site-packages\mpf
2025-10-17 15:27:08,487 : INFO : Machine : Machine path: C:\Users\antho\nightpin
2025-10-17 15:27:08,487 : INFO : Machine : Platform: win32
2025-10-17 15:27:08,487 : INFO : Machine : Python executable location: C:\Users\antho\mpf\Scripts\python.exe
2025-10-17 15:27:08,487 : INFO : Machine : Python version: 3.12.7 (64-bit)
2025-10-17 15:27:08,489 : INFO : Machine : Initializing MPF...
2025-10-17 15:27:08,601 : INFO : EventManager : Event: ======'machine_var_credits_string'====== Args={'value': 'FREE PLAY', 'prev_value': None, 'change': True}
2025-10-17 15:27:08,631 : INFO : EventManager : Event: ======'machine_var_master_volume'====== Args={'value': 0.5, 'prev_value': None, 'change': True}
2025-10-17 15:27:08,631 : INFO : EventManager : Event: ======'machine_var_mpf_version'====== Args={'value': 'Mission Pinball Framework v0.80.0.dev11', 'prev_value': None, 'change': True}
2025-10-17 15:27:08,631 : INFO : EventManager : Event: ======'machine_var_mpf_extended_version'====== Args={'value': 'Mission Pinball Framework v0.80.0.dev11, Config version:6, Show version: 6, BCP version:1.1', 'prev_value': None, 'change': True}
2025-10-17 15:27:08,631 : INFO : EventManager : Event: ======'machine_var_python_version'====== Args={'value': '3.12.7', 'prev_value': None, 'change': True}
2025-10-17 15:27:08,806 : INFO : EventManager : Event: ======'machine_var_platform'====== Args={'value': 'Windows-11-10.0.26100-SP0', 'prev_value': None, 'change': True}
2025-10-17 15:27:08,806 : INFO : EventManager : Event: ======'machine_var_platform_system'====== Args={'value': 'Windows', 'prev_value': None, 'change': True}
2025-10-17 15:27:08,806 : INFO : EventManager : Event: ======'machine_var_platform_release'====== Args={'value': '11', 'prev_value': None, 'change': True}
2025-10-17 15:27:08,806 : INFO : EventManager : Event: ======'machine_var_platform_version'====== Args={'value': '10.0.26100', 'prev_value': None, 'change': True}
2025-10-17 15:27:08,807 : INFO : EventManager : Event: ======'machine_var_platform_machine'====== Args={'value': 'AMD64', 'prev_value': None, 'change': True}
2025-10-17 15:27:08,807 : INFO : EventManager : Event: ======'machine_var_log_file_path'====== Args={'value': 'C:\\Users\\antho\\nightpin\\logs\\2025-10-17-15-27-08-mpf-LAPTOP-MPGP6R69.log', 'prev_value': None, 'change': True}
2025-10-17 15:27:08,807 : INFO : EventManager : Event: ======'init_phase_1'====== Args={}
2025-10-17 15:27:08,822 : INFO : EventManager : Event: ======'init_phase_2'====== Args={}
2025-10-17 15:27:08,822 : INFO : EventManager : Event: ======'bcp_connection_attempt'====== Args={'name': 'local_display', 'host': 'localhost', 'port': 5050}
2025-10-17 15:27:08,825 : INFO : BCPClientSocket : Connecting BCP to 'local_display' at localhost:5050...
2025-10-17 15:27:08,856 : INFO : BCPClientSocket : Connected BCP to 'local_display' localhost:5050
2025-10-17 15:27:08,857 : INFO : EventManager : Event: ======'bcp_clients_connected'====== Args={}
2025-10-17 15:27:08,867 : INFO : EventManager : Event: ======'init_phase_3'====== Args={}
2025-10-17 15:27:08,869 : INFO : EventManager : Event: ======'init_phase_4'====== Args={}
2025-10-17 15:27:08,870 : INFO : EventManager : Event: ======'machine_var_audits_events_game_started'====== Args={'value': 0, 'prev_value': None, 'change': True}
2025-10-17 15:27:08,870 : INFO : EventManager : Event: ======'machine_var_audits_events_game_ended'====== Args={'value': 0, 'prev_value': None, 'change': True}
2025-10-17 15:27:08,870 : INFO : EventManager : Event: ======'machine_var_audits_player_score'====== Args={'value': {'top': [], 'average': 0, 'total': 0}, 'prev_value': None, 'change': True}
2025-10-17 15:27:08,871 : INFO : EventManager : Event: ======'init_phase_5'====== Args={}
2025-10-17 15:27:08,871 : INFO : EventManager : Event: ======'init_done'====== Args={}
2025-10-17 15:27:08,871 : INFO : EventManager : Event: ======'machine_reset_phase_1'====== Args={}
2025-10-17 15:27:08,877 : INFO : EventManager : Event: ======'machine_reset_phase_2'====== Args={}
2025-10-17 15:27:08,878 : INFO : EventManager : Event: ======'machine_reset_phase_3'====== Args={}
2025-10-17 15:27:08,878 : INFO : EventManager : Event: ======'reset_complete'====== Args={}
2025-10-17 15:27:08,878 : INFO : EventManager : Event: ======'mode_attract_will_start'====== Args={}
2025-10-17 15:27:08,878 : INFO : EventManager : Event: ======'mode_attract_starting'====== Args={}
2025-10-17 15:27:08,879 : INFO : Mode.attract : Started. Priority: 10
2025-10-17 15:27:08,879 : INFO : EventManager : Event: ======'modes_active_modes_changed'====== Args={}
2025-10-17 15:27:08,879 : INFO : EventManager : Event: ======'mode_attract_started'====== Args={}
2025-10-17 15:27:08,879 : INFO : EventManager : Event: ======'collecting_balls_complete'====== Args={}
2025-10-17 15:27:08,879 : INFO : Machine : Starting the main run loop with active modes: [<Mode.attract>]
2025-10-17 15:27:08,907 : INFO : EventManager : Event: ======'slide_attract_created'====== Args={'_from_bcp': True}
2025-10-17 15:27:08,907 : INFO : EventManager : Event: ======'slide__removed'====== Args={'_from_bcp': True}
2025-10-17 15:27:08,908 : INFO : EventManager : Event: ======'slide_attract_active'====== Args={'original_context': 'attract', 'original_calling_context': 'mode_attract_started', 'priority': 10.0, 'cmd': 'slides_play', '_from_bcp': True}
2025-10-17 15:27:52,346 : INFO : Machine : Shutting down...
2025-10-17 15:27:52,346 : INFO : EventManager : Event: ======'shutdown'====== Args={}
2025-10-17 15:27:52,347 : INFO : root : MPF run loop ended.
