2025-11-08 12:35:44,094 : INFO : root : Loading config.
2025-11-08 12:35:44,098 : INFO : YamlMultifileConfigLoader : Machine config file #1: config.yaml
2025-11-08 12:35:44,099 : WARNING : ConfigProcessor : Config file in cache changed: C:\Users\antho\nightpin\config\config.yaml
2025-11-08 12:35:44,099 : INFO : ConfigProcessor : Loading config from file C:\Users\antho\mpf\Lib\site-packages\mpf\mpfconfig.yaml.
2025-11-08 12:35:44,112 : INFO : ConfigProcessor : Loading config: C:\Users\antho\mpf\Lib\site-packages\mpf\mpfconfig.yaml
2025-11-08 12:35:44,112 : INFO : ConfigProcessor : Loading config from file C:\Users\antho\nightpin\config\config.yaml.
2025-11-08 12:35:44,131 : INFO : ConfigProcessor : Loading config: C:\Users\antho\nightpin\config\config.yaml
2025-11-08 12:35:44,132 : ERROR : ConfigProcessor : Config section 'sound_system' is removed in MPF 0.80 and will be ignored.
2025-11-08 12:35:44,133 : INFO : ConfigProcessor : Loading config: C:\Users\antho\nightpin\config\config_ball_devices.yaml
2025-11-08 12:35:44,136 : INFO : ConfigProcessor : Loading config: C:\Users\antho\nightpin\config\config_coils.yaml
2025-11-08 12:35:44,140 : INFO : ConfigProcessor : Loading config: C:\Users\antho\nightpin\config\config_switches.yaml
2025-11-08 12:35:44,144 : INFO : ConfigProcessor : Loading config: C:\Users\antho\nightpin\config\config_lights.yaml
2025-11-08 12:35:44,147 : INFO : ConfigProcessor : Loading config: C:\Users\antho\nightpin\config\config_sounds.yaml
2025-11-08 12:35:44,147 : ERROR : ConfigProcessor : Config section 'sounds' is removed in MPF 0.80 and will be ignored.
2025-11-08 12:35:44,150 : INFO : ConfigProcessor : Config file cache created: C:\Users\antho\AppData\Local\Temp\fdca14d0c9d658ab8200d57120800af5.mpf_cache
2025-11-08 12:35:44,286 : INFO : ConfigProcessor : Loading config from cache: C:\Users\antho\AppData\Local\Temp\5dec96b1547c4adf5bdd3d1715e74bc0.mpf_cache
2025-11-08 12:35:44,287 : INFO : ConfigProcessor : Loading config from cache: C:\Users\antho\AppData\Local\Temp\202a5840610e95051f9f473dfa660cc0.mpf_cache
2025-11-08 12:35:44,289 : INFO : ConfigProcessor : Loading config from cache: C:\Users\antho\AppData\Local\Temp\5dec96b1547c4adf5bdd3d1715e74bc0.mpf_cache
2025-11-08 12:35:44,290 : INFO : ConfigProcessor : Loading config from cache: C:\Users\antho\AppData\Local\Temp\2cd13a2d3f375e00ab01d6d09a85d8e7.mpf_cache
2025-11-08 12:35:44,291 : INFO : ConfigProcessor : Loading config from cache: C:\Users\antho\AppData\Local\Temp\9220b44b97b91972524500b81035d790.mpf_cache
2025-11-08 12:35:44,292 : INFO : ConfigProcessor : Loading config from cache: C:\Users\antho\AppData\Local\Temp\31ee881584fa6fce665a672a4f3f633a.mpf_cache
2025-11-08 12:35:44,293 : INFO : ConfigProcessor : Loading config from cache: C:\Users\antho\AppData\Local\Temp\5e841763ec73085bbf92358fe6afda21.mpf_cache
2025-11-08 12:35:44,293 : INFO : ConfigProcessor : Loading config from cache: C:\Users\antho\AppData\Local\Temp\7f73d12aa9beccac1cbd8c265ccda72e.mpf_cache
2025-11-08 12:35:44,294 : INFO : ConfigProcessor : Loading config from cache: C:\Users\antho\AppData\Local\Temp\a03ebaa9d6d5676c418deb142cb34911.mpf_cache
2025-11-08 12:35:44,294 : INFO : ConfigProcessor : Loading config from cache: C:\Users\antho\AppData\Local\Temp\b17152efa55a24f0424602723f8d3921.mpf_cache
2025-11-08 12:35:44,294 : INFO : ConfigProcessor : Loading config from cache: C:\Users\antho\AppData\Local\Temp\e87fc0e7d2f8a851b5fa3f604e0d0c6e.mpf_cache
2025-11-08 12:35:44,295 : INFO : ConfigProcessor : Loading config from cache: C:\Users\antho\AppData\Local\Temp\196ac76b6cab3a9880804c826cfbcb5c.mpf_cache
2025-11-08 12:35:44,295 : INFO : ConfigProcessor : Loading config from cache: C:\Users\antho\AppData\Local\Temp\55437eb303afaa980597ff60f339a871.mpf_cache
2025-11-08 12:35:44,296 : INFO : ConfigProcessor : Loading config from cache: C:\Users\antho\AppData\Local\Temp\fddc1006228d3387e6d1e46051a3638d.mpf_cache
2025-11-08 12:35:44,297 : INFO : ConfigProcessor : Loading config from cache: C:\Users\antho\AppData\Local\Temp\834292dd7853e12a66732dc89828c828.mpf_cache
2025-11-08 12:35:44,297 : INFO : ConfigProcessor : Loading config from cache: C:\Users\antho\AppData\Local\Temp\46f8fa3e41dfeeb8232af2f03a13b6c4.mpf_cache
2025-11-08 12:35:44,298 : INFO : ConfigProcessor : Loading config from cache: C:\Users\antho\AppData\Local\Temp\c67e9c175da6c060302945929b27b878.mpf_cache
2025-11-08 12:35:44,298 : INFO : Machine : Mission Pinball Framework Core Engine v0.80.0.dev11
2025-11-08 12:35:44,298 : INFO : Machine : Command line arguments: {'no_load_cache': False, 'create_config_cache': True, 'bcp': True, 'configfile': ['config.yaml'], 'force_assets_load': False, 'platform_integration_test': False, 'jsonlogging': False, 'logfile': 'logs\\2025-11-08-12-35-44-mpf-LAPTOP-MPGP6R69.log', 'pause': False, 'production': False, 'text_ui': True, 'loglevel': 15, 'consoleloglevel': 20, 'force_platform': None, 'syslog_address': None, 'full_logfile_path': 'C:\\Users\\antho\\nightpin\\logs\\2025-11-08-12-35-44-mpf-LAPTOP-MPGP6R69.log'}
2025-11-08 12:35:44,299 : INFO : Machine : MPF path: C:\Users\antho\mpf\Lib\site-packages\mpf
2025-11-08 12:35:44,299 : INFO : Machine : Machine path: C:\Users\antho\nightpin
2025-11-08 12:35:44,299 : INFO : Machine : Platform: win32
2025-11-08 12:35:44,299 : INFO : Machine : Python executable location: C:\Users\antho\mpf\Scripts\python.exe
2025-11-08 12:35:44,299 : INFO : Machine : Python version: 3.12.7 (64-bit)
2025-11-08 12:35:44,301 : INFO : Machine : Initializing MPF...
2025-11-08 12:35:44,566 : INFO : lisy : Connecting to com3 at 115200bps
2025-11-08 12:35:44,568 : WARNING : lisy : Could not import terminos (this is ok on windows).
2025-11-08 12:35:44,724 : INFO : EventManager : Event: ======'machine_var_lisy_hardware'====== Args={'value': 'LISY35', 'prev_value': None, 'change': True}
2025-11-08 12:35:44,724 : INFO : EventManager : Event: ======'machine_var_lisy_version'====== Args={'value': '5.26 ', 'prev_value': None, 'change': True}
2025-11-08 12:35:44,724 : INFO : EventManager : Event: ======'machine_var_lisy_api_version'====== Args={'value': b'0.09', 'prev_value': None, 'change': True}
2025-11-08 12:35:46,047 : INFO : EventManager : Event: ======'machine_var_credits_string'====== Args={'value': 'FREE PLAY', 'prev_value': None, 'change': True}
2025-11-08 12:35:46,090 : INFO : EventManager : Event: ======'machine_var_master_volume'====== Args={'value': 0.5, 'prev_value': None, 'change': True}
2025-11-08 12:35:46,091 : INFO : EventManager : Event: ======'machine_var_player1_score'====== Args={'value': 300, 'prev_value': None, 'change': True}
2025-11-08 12:35:46,091 : INFO : EventManager : Event: ======'machine_var_player2_score'====== Args={'value': 400, 'prev_value': None, 'change': True}
2025-11-08 12:35:46,091 : INFO : EventManager : Event: ======'machine_var_player3_score'====== Args={'value': 500, 'prev_value': None, 'change': True}
2025-11-08 12:35:46,091 : INFO : EventManager : Event: ======'machine_var_player4_score'====== Args={'value': 600, 'prev_value': None, 'change': True}
2025-11-08 12:35:46,091 : INFO : EventManager : Event: ======'machine_var_mpf_version'====== Args={'value': 'Mission Pinball Framework v0.80.0.dev11', 'prev_value': None, 'change': True}
2025-11-08 12:35:46,091 : INFO : EventManager : Event: ======'machine_var_mpf_extended_version'====== Args={'value': 'Mission Pinball Framework v0.80.0.dev11, Config version:6, Show version: 6, BCP version:1.1', 'prev_value': None, 'change': True}
2025-11-08 12:35:46,092 : INFO : EventManager : Event: ======'machine_var_python_version'====== Args={'value': '3.12.7', 'prev_value': None, 'change': True}
2025-11-08 12:35:46,280 : INFO : EventManager : Event: ======'machine_var_platform'====== Args={'value': 'Windows-11-10.0.26100-SP0', 'prev_value': None, 'change': True}
2025-11-08 12:35:46,280 : INFO : EventManager : Event: ======'machine_var_platform_system'====== Args={'value': 'Windows', 'prev_value': None, 'change': True}
2025-11-08 12:35:46,280 : INFO : EventManager : Event: ======'machine_var_platform_release'====== Args={'value': '11', 'prev_value': None, 'change': True}
2025-11-08 12:35:46,280 : INFO : EventManager : Event: ======'machine_var_platform_version'====== Args={'value': '10.0.26100', 'prev_value': None, 'change': True}
2025-11-08 12:35:46,280 : INFO : EventManager : Event: ======'machine_var_platform_machine'====== Args={'value': 'AMD64', 'prev_value': None, 'change': True}
2025-11-08 12:35:46,280 : INFO : EventManager : Event: ======'machine_var_log_file_path'====== Args={'value': 'C:\\Users\\antho\\nightpin\\logs\\2025-11-08-12-35-44-mpf-LAPTOP-MPGP6R69.log', 'prev_value': None, 'change': True}
2025-11-08 12:35:46,280 : INFO : EventManager : Event: ======'init_phase_1'====== Args={}
2025-11-08 12:35:46,320 : INFO : EventManager : Event: ======'drop_target_bank_right_bank_up'====== Args={}
2025-11-08 12:35:46,320 : INFO : EventManager : Event: ======'drop_target_bank_left_bank_up'====== Args={}
2025-11-08 12:35:46,399 : INFO : EventManager : Event: ======'init_phase_2'====== Args={}
2025-11-08 12:35:46,403 : INFO : SwitchController : Found active switch: ('8', <mpf.platforms.lisy.lisy.LisyHardwarePlatform object at 0x0000016D68D396D0>) <switch.s_trough>
2025-11-08 12:35:46,404 : INFO : SwitchController : Found active switch: ('15', <mpf.platforms.lisy.lisy.LisyHardwarePlatform object at 0x0000016D68D396D0>) <switch.s_spinner>
2025-11-08 12:35:46,410 : INFO : EventManager : Event: ======'bcp_connection_attempt'====== Args={'name': 'local_display', 'host': 'localhost', 'port': 5050}
2025-11-08 12:35:46,412 : INFO : BCPClientSocket : Connecting BCP to 'local_display' at localhost:5050...
2025-11-08 12:35:46,431 : INFO : BCPClientSocket : Connected BCP to 'local_display' localhost:5050
2025-11-08 12:35:46,431 : INFO : EventManager : Event: ======'bcp_clients_connected'====== Args={}
2025-11-08 12:35:46,537 : INFO : ball_device.bd_trough : BCH: Initial count: 1
2025-11-08 12:35:46,538 : INFO : ball_device.bd_trough : State: idle
2025-11-08 12:35:46,538 : INFO : ball_device.bd_saucer : BCH: Initial count: 0
2025-11-08 12:35:46,538 : INFO : ball_device.bd_saucer : State: idle
2025-11-08 12:35:46,565 : INFO : EventManager : Event: ======'init_phase_3'====== Args={}
2025-11-08 12:35:46,589 : INFO : EventManager : Event: ======'init_phase_4'====== Args={}
2025-11-08 12:35:46,589 : INFO : BallController : Initial balls found: 1
2025-11-08 12:35:46,590 : INFO : EventManager : Event: ======'machine_var_audits_events_game_ended'====== Args={'value': 33, 'prev_value': None, 'change': True}
2025-11-08 12:35:46,591 : INFO : EventManager : Event: ======'machine_var_audits_events_game_started'====== Args={'value': 166, 'prev_value': None, 'change': True}
2025-11-08 12:35:46,591 : INFO : EventManager : Event: ======'machine_var_audits_missing_switches_s_coin_right'====== Args={'value': 25, 'prev_value': None, 'change': True}
2025-11-08 12:35:46,591 : INFO : EventManager : Event: ======'machine_var_audits_missing_switches_s_credit_button'====== Args={'value': 16, 'prev_value': None, 'change': True}
2025-11-08 12:35:46,591 : INFO : EventManager : Event: ======'machine_var_audits_missing_switches_s_inlanes'====== Args={'value': 12, 'prev_value': None, 'change': True}
2025-11-08 12:35:46,591 : INFO : EventManager : Event: ======'machine_var_audits_missing_switches_s_left_bank_target_left'====== Args={'value': 24, 'prev_value': None, 'change': True}
2025-11-08 12:35:46,591 : INFO : EventManager : Event: ======'machine_var_audits_missing_switches_s_left_bank_target_middle'====== Args={'value': 14, 'prev_value': None, 'change': True}
2025-11-08 12:35:46,591 : INFO : EventManager : Event: ======'machine_var_audits_missing_switches_s_left_bank_target_right'====== Args={'value': 24, 'prev_value': None, 'change': True}
2025-11-08 12:35:46,591 : INFO : EventManager : Event: ======'machine_var_audits_missing_switches_s_left_inlane'====== Args={'value': 5, 'prev_value': None, 'change': True}
2025-11-08 12:35:46,591 : INFO : EventManager : Event: ======'machine_var_audits_missing_switches_s_left_lower_bumper'====== Args={'value': 14, 'prev_value': None, 'change': True}
2025-11-08 12:35:46,591 : INFO : EventManager : Event: ======'machine_var_audits_missing_switches_s_left_outlane'====== Args={'value': 7, 'prev_value': None, 'change': True}
2025-11-08 12:35:46,591 : INFO : EventManager : Event: ======'machine_var_audits_missing_switches_s_left_outlane_rollover'====== Args={'value': 23, 'prev_value': None, 'change': True}
2025-11-08 12:35:46,591 : INFO : EventManager : Event: ======'machine_var_audits_missing_switches_s_left_pop_bumper'====== Args={'value': 17, 'prev_value': None, 'change': True}
2025-11-08 12:35:46,591 : INFO : EventManager : Event: ======'machine_var_audits_missing_switches_s_left_rollover'====== Args={'value': 17, 'prev_value': None, 'change': True}
2025-11-08 12:35:46,592 : INFO : EventManager : Event: ======'machine_var_audits_missing_switches_s_left_skill_lane'====== Args={'value': 12, 'prev_value': None, 'change': True}
2025-11-08 12:35:46,592 : INFO : EventManager : Event: ======'machine_var_audits_missing_switches_s_left_sling'====== Args={'value': 24, 'prev_value': None, 'change': True}
2025-11-08 12:35:46,592 : INFO : EventManager : Event: ======'machine_var_audits_missing_switches_s_left_upper_bumper'====== Args={'value': 14, 'prev_value': None, 'change': True}
2025-11-08 12:35:46,592 : INFO : EventManager : Event: ======'machine_var_audits_missing_switches_s_middle_pop_bumper'====== Args={'value': 24, 'prev_value': None, 'change': True}
2025-11-08 12:35:46,592 : INFO : EventManager : Event: ======'machine_var_audits_missing_switches_s_middle_rollover'====== Args={'value': 14, 'prev_value': None, 'change': True}
2025-11-08 12:35:46,592 : INFO : EventManager : Event: ======'machine_var_audits_missing_switches_s_middle_skill_lane'====== Args={'value': 12, 'prev_value': None, 'change': True}
2025-11-08 12:35:46,592 : INFO : EventManager : Event: ======'machine_var_audits_missing_switches_s_middle_upper_rollovers'====== Args={'value': 5, 'prev_value': None, 'change': True}
2025-11-08 12:35:46,592 : INFO : EventManager : Event: ======'machine_var_audits_missing_switches_s_outer_skill_lanes'====== Args={'value': 1, 'prev_value': None, 'change': True}
2025-11-08 12:35:46,592 : INFO : EventManager : Event: ======'machine_var_audits_missing_switches_s_right_bank_target_left'====== Args={'value': 7, 'prev_value': None, 'change': True}
2025-11-08 12:35:46,592 : INFO : EventManager : Event: ======'machine_var_audits_missing_switches_s_right_bank_target_middle'====== Args={'value': 14, 'prev_value': None, 'change': True}
2025-11-08 12:35:46,592 : INFO : EventManager : Event: ======'machine_var_audits_missing_switches_s_right_bank_target_right'====== Args={'value': 16, 'prev_value': None, 'change': True}
2025-11-08 12:35:46,592 : INFO : EventManager : Event: ======'machine_var_audits_missing_switches_s_right_outlane'====== Args={'value': 7, 'prev_value': None, 'change': True}
2025-11-08 12:35:46,592 : INFO : EventManager : Event: ======'machine_var_audits_missing_switches_s_right_outlane_rollover'====== Args={'value': 40, 'prev_value': None, 'change': True}
2025-11-08 12:35:46,593 : INFO : EventManager : Event: ======'machine_var_audits_missing_switches_s_right_pop_bumper'====== Args={'value': 17, 'prev_value': None, 'change': True}
2025-11-08 12:35:46,593 : INFO : EventManager : Event: ======'machine_var_audits_missing_switches_s_right_rollover'====== Args={'value': 81, 'prev_value': None, 'change': True}
2025-11-08 12:35:46,593 : INFO : EventManager : Event: ======'machine_var_audits_missing_switches_s_right_skill_lane'====== Args={'value': 17, 'prev_value': None, 'change': True}
2025-11-08 12:35:46,593 : INFO : EventManager : Event: ======'machine_var_audits_missing_switches_s_right_sling'====== Args={'value': 24, 'prev_value': None, 'change': True}
2025-11-08 12:35:46,593 : INFO : EventManager : Event: ======'machine_var_audits_missing_switches_s_rollover_upper'====== Args={'value': 14, 'prev_value': None, 'change': True}
2025-11-08 12:35:46,593 : INFO : EventManager : Event: ======'machine_var_audits_missing_switches_s_saucer'====== Args={'value': 14, 'prev_value': None, 'change': True}
2025-11-08 12:35:46,593 : INFO : EventManager : Event: ======'machine_var_audits_missing_switches_s_slam_tilt'====== Args={'value': 16, 'prev_value': None, 'change': True}
2025-11-08 12:35:46,593 : INFO : EventManager : Event: ======'machine_var_audits_missing_switches_s_spinner'====== Args={'value': 16, 'prev_value': None, 'change': True}
2025-11-08 12:35:46,593 : INFO : EventManager : Event: ======'machine_var_audits_missing_switches_s_stand_up'====== Args={'value': 17, 'prev_value': None, 'change': True}
2025-11-08 12:35:46,593 : INFO : EventManager : Event: ======'machine_var_audits_missing_switches_s_tilt'====== Args={'value': 17, 'prev_value': None, 'change': True}
2025-11-08 12:35:46,593 : INFO : EventManager : Event: ======'machine_var_audits_player_score'====== Args={'value': {'average': 1257, 'top': [7340, 5110, 5070, 4300, 4230, 3980, 3410, 2500, 2500, 2320], 'total': 51}, 'prev_value': None, 'change': True}
2025-11-08 12:35:46,593 : INFO : EventManager : Event: ======'machine_var_audits_shots_my_first_shot'====== Args={'value': 3, 'prev_value': None, 'change': True}
2025-11-08 12:35:46,593 : INFO : EventManager : Event: ======'machine_var_audits_shots_sh_eg_pop_left'====== Args={'value': 8, 'prev_value': None, 'change': True}
2025-11-08 12:35:46,593 : INFO : EventManager : Event: ======'machine_var_audits_shots_sh_eg_pop_middle'====== Args={'value': 8, 'prev_value': None, 'change': True}
2025-11-08 12:35:46,593 : INFO : EventManager : Event: ======'machine_var_audits_shots_sh_eg_pop_right'====== Args={'value': 13, 'prev_value': None, 'change': True}
2025-11-08 12:35:46,593 : INFO : EventManager : Event: ======'machine_var_audits_shots_sh_eg_right_drop_left'====== Args={'value': 4, 'prev_value': None, 'change': True}
2025-11-08 12:35:46,594 : INFO : EventManager : Event: ======'machine_var_audits_shots_sh_eg_right_drop_middle'====== Args={'value': 3, 'prev_value': None, 'change': True}
2025-11-08 12:35:46,594 : INFO : EventManager : Event: ======'machine_var_audits_shots_sh_eg_right_drop_right'====== Args={'value': 3, 'prev_value': None, 'change': True}
2025-11-08 12:35:46,594 : INFO : EventManager : Event: ======'machine_var_audits_shots_sh_eg_spinner'====== Args={'value': 2, 'prev_value': None, 'change': True}
2025-11-08 12:35:46,594 : INFO : EventManager : Event: ======'machine_var_audits_shots_sh_escape_graveyard_start'====== Args={'value': 13, 'prev_value': None, 'change': True}
2025-11-08 12:35:46,594 : INFO : EventManager : Event: ======'machine_var_audits_switches_s_coin_right'====== Args={'value': 2, 'prev_value': None, 'change': True}
2025-11-08 12:35:46,594 : INFO : EventManager : Event: ======'machine_var_audits_switches_s_credit_button'====== Args={'value': 7, 'prev_value': None, 'change': True}
2025-11-08 12:35:46,594 : INFO : EventManager : Event: ======'machine_var_audits_switches_s_inlanes'====== Args={'value': 159, 'prev_value': None, 'change': True}
2025-11-08 12:35:46,594 : INFO : EventManager : Event: ======'machine_var_audits_switches_s_left_bank_target_left'====== Args={'value': 42, 'prev_value': None, 'change': True}
2025-11-08 12:35:46,594 : INFO : EventManager : Event: ======'machine_var_audits_switches_s_left_bank_target_middle'====== Args={'value': 31, 'prev_value': None, 'change': True}
2025-11-08 12:35:46,594 : INFO : EventManager : Event: ======'machine_var_audits_switches_s_left_bank_target_right'====== Args={'value': 32, 'prev_value': None, 'change': True}
2025-11-08 12:35:46,594 : INFO : EventManager : Event: ======'machine_var_audits_switches_s_left_inlane'====== Args={'value': 12, 'prev_value': None, 'change': True}
2025-11-08 12:35:46,594 : INFO : EventManager : Event: ======'machine_var_audits_switches_s_left_lower_bumper'====== Args={'value': 45, 'prev_value': None, 'change': True}
2025-11-08 12:35:46,594 : INFO : EventManager : Event: ======'machine_var_audits_switches_s_left_outlane'====== Args={'value': 2, 'prev_value': None, 'change': True}
2025-11-08 12:35:46,594 : INFO : EventManager : Event: ======'machine_var_audits_switches_s_left_outlane_rollover'====== Args={'value': 23, 'prev_value': None, 'change': True}
2025-11-08 12:35:46,594 : INFO : EventManager : Event: ======'machine_var_audits_switches_s_left_pop_bumper'====== Args={'value': 150, 'prev_value': None, 'change': True}
2025-11-08 12:35:46,594 : INFO : EventManager : Event: ======'machine_var_audits_switches_s_left_rollover'====== Args={'value': 6, 'prev_value': None, 'change': True}
2025-11-08 12:35:46,594 : INFO : EventManager : Event: ======'machine_var_audits_switches_s_left_skill_lane'====== Args={'value': 22, 'prev_value': None, 'change': True}
2025-11-08 12:35:46,594 : INFO : EventManager : Event: ======'machine_var_audits_switches_s_left_sling'====== Args={'value': 122, 'prev_value': None, 'change': True}
2025-11-08 12:35:46,595 : INFO : EventManager : Event: ======'machine_var_audits_switches_s_left_upper_bumper'====== Args={'value': 53, 'prev_value': None, 'change': True}
2025-11-08 12:35:46,595 : INFO : EventManager : Event: ======'machine_var_audits_switches_s_middle_pop_bumper'====== Args={'value': 162, 'prev_value': None, 'change': True}
2025-11-08 12:35:46,595 : INFO : EventManager : Event: ======'machine_var_audits_switches_s_middle_rollover'====== Args={'value': 30, 'prev_value': None, 'change': True}
2025-11-08 12:35:46,595 : INFO : EventManager : Event: ======'machine_var_audits_switches_s_middle_skill_lane'====== Args={'value': 95, 'prev_value': None, 'change': True}
2025-11-08 12:35:46,595 : INFO : EventManager : Event: ======'machine_var_audits_switches_s_middle_upper_rollovers'====== Args={'value': 97, 'prev_value': None, 'change': True}
2025-11-08 12:35:46,595 : INFO : EventManager : Event: ======'machine_var_audits_switches_s_outer_skill_lanes'====== Args={'value': 133, 'prev_value': None, 'change': True}
2025-11-08 12:35:46,595 : INFO : EventManager : Event: ======'machine_var_audits_switches_s_pop_bumper_bottom'====== Args={'value': 6, 'prev_value': None, 'change': True}
2025-11-08 12:35:46,595 : INFO : EventManager : Event: ======'machine_var_audits_switches_s_pop_bumper_left'====== Args={'value': 2, 'prev_value': None, 'change': True}
2025-11-08 12:35:46,595 : INFO : EventManager : Event: ======'machine_var_audits_switches_s_pop_bumper_right'====== Args={'value': 1, 'prev_value': None, 'change': True}
2025-11-08 12:35:46,595 : INFO : EventManager : Event: ======'machine_var_audits_switches_s_right_bank_target_left'====== Args={'value': 65, 'prev_value': None, 'change': True}
2025-11-08 12:35:46,595 : INFO : EventManager : Event: ======'machine_var_audits_switches_s_right_bank_target_middle'====== Args={'value': 50, 'prev_value': None, 'change': True}
2025-11-08 12:35:46,595 : INFO : EventManager : Event: ======'machine_var_audits_switches_s_right_bank_target_right'====== Args={'value': 44, 'prev_value': None, 'change': True}
2025-11-08 12:35:46,595 : INFO : EventManager : Event: ======'machine_var_audits_switches_s_right_inlane'====== Args={'value': 275, 'prev_value': None, 'change': True}
2025-11-08 12:35:46,596 : INFO : EventManager : Event: ======'machine_var_audits_switches_s_right_outlane'====== Args={'value': 3, 'prev_value': None, 'change': True}
2025-11-08 12:35:46,596 : INFO : EventManager : Event: ======'machine_var_audits_switches_s_right_outlane_rollover'====== Args={'value': 6, 'prev_value': None, 'change': True}
2025-11-08 12:35:46,596 : INFO : EventManager : Event: ======'machine_var_audits_switches_s_right_pop_bumper'====== Args={'value': 200, 'prev_value': None, 'change': True}
2025-11-08 12:35:46,596 : INFO : EventManager : Event: ======'machine_var_audits_switches_s_right_rollover'====== Args={'value': 0, 'prev_value': None, 'change': True}
2025-11-08 12:35:46,596 : INFO : EventManager : Event: ======'machine_var_audits_switches_s_right_skill_lane'====== Args={'value': 18, 'prev_value': None, 'change': True}
2025-11-08 12:35:46,596 : INFO : EventManager : Event: ======'machine_var_audits_switches_s_right_sling'====== Args={'value': 100, 'prev_value': None, 'change': True}
2025-11-08 12:35:46,596 : INFO : EventManager : Event: ======'machine_var_audits_switches_s_rollover_upper'====== Args={'value': 9, 'prev_value': None, 'change': True}
2025-11-08 12:35:46,596 : INFO : EventManager : Event: ======'machine_var_audits_switches_s_saucer'====== Args={'value': 127, 'prev_value': None, 'change': True}
2025-11-08 12:35:46,596 : INFO : EventManager : Event: ======'machine_var_audits_switches_s_slam_tilt'====== Args={'value': 8, 'prev_value': None, 'change': True}
2025-11-08 12:35:46,596 : INFO : EventManager : Event: ======'machine_var_audits_switches_s_spinner'====== Args={'value': 554, 'prev_value': None, 'change': True}
2025-11-08 12:35:46,596 : INFO : EventManager : Event: ======'machine_var_audits_switches_s_stand_up'====== Args={'value': 12, 'prev_value': None, 'change': True}
2025-11-08 12:35:46,596 : INFO : EventManager : Event: ======'machine_var_audits_switches_s_start_button'====== Args={'value': 57, 'prev_value': None, 'change': True}
2025-11-08 12:35:46,597 : INFO : EventManager : Event: ======'machine_var_audits_switches_s_tilt'====== Args={'value': 3, 'prev_value': None, 'change': True}
2025-11-08 12:35:46,597 : INFO : EventManager : Event: ======'machine_var_audits_switches_s_trough'====== Args={'value': 910, 'prev_value': None, 'change': True}
2025-11-08 12:35:46,598 : INFO : EventManager : Event: ======'init_phase_5'====== Args={}
2025-11-08 12:35:46,636 : INFO : EventManager : Event: ======'init_done'====== Args={}
2025-11-08 12:35:46,637 : INFO : EventManager : Event: ======'machine_reset_phase_1'====== Args={}
2025-11-08 12:35:46,645 : INFO : EventManager : Event: ======'machine_reset_phase_2'====== Args={}
2025-11-08 12:35:46,646 : INFO : EventManager : Event: ======'machine_reset_phase_3'====== Args={}
2025-11-08 12:35:46,646 : INFO : EventManager : Event: ======'mode_attract_will_start'====== Args={'queue': <QueuedEvent>}
2025-11-08 12:35:46,648 : INFO : EventManager : Event: ======'mode_attract_starting'====== Args={'queue': <QueuedEvent>}
2025-11-08 12:35:46,649 : INFO : EventManager : Event: ======'eg_init_last_scores'====== Args={'priority': 0}
2025-11-08 12:35:46,649 : INFO : EventManager : Event: ======'set_machine_var'====== Args={'priority': 0, 'name': 'player1_score', 'value': 0}
2025-11-08 12:35:46,649 : INFO : EventManager : Event: ======'eg_init_last_scores_p2'====== Args={'priority': 0}
2025-11-08 12:35:46,649 : INFO : EventManager : Event: ======'set_machine_var'====== Args={'priority': 0, 'name': 'player2_score', 'value': 0}
2025-11-08 12:35:46,649 : INFO : EventManager : Event: ======'eg_init_last_scores_p3'====== Args={'priority': 0}
2025-11-08 12:35:46,649 : INFO : EventManager : Event: ======'set_machine_var'====== Args={'priority': 0, 'name': 'player3_score', 'value': 0}
2025-11-08 12:35:46,649 : INFO : EventManager : Event: ======'eg_init_last_scores_p4'====== Args={'priority': 0}
2025-11-08 12:35:46,649 : INFO : EventManager : Event: ======'set_machine_var'====== Args={'priority': 0, 'name': 'player4_score', 'value': 0}
2025-11-08 12:35:46,649 : INFO : Mode.attract : Started. Priority: 10
2025-11-08 12:35:46,649 : INFO : EventManager : Event: ======'modes_active_modes_changed'====== Args={}
2025-11-08 12:35:46,649 : INFO : EventManager : Event: ======'mode_attract_started'====== Args={'queue': <QueuedEvent>}
2025-11-08 12:35:46,649 : INFO : EventManager : Event: ======'godot_attract_on'====== Args={'priority': 0}
2025-11-08 12:35:46,650 : INFO : EventManager : Event: ======'collecting_balls_complete'====== Args={}
2025-11-08 12:35:46,650 : INFO : EventManager : Event: ======'reset_complete'====== Args={}
2025-11-08 12:35:46,664 : INFO : Machine : Starting the main run loop with active modes: [<Mode.attract>]
2025-11-08 12:35:46,689 : INFO : EventManager : Event: ======'slide_attract_created'====== Args={'_from_bcp': True}
2025-11-08 12:35:46,689 : INFO : EventManager : Event: ======'slide__removed'====== Args={'_from_bcp': True}
2025-11-08 12:35:46,690 : INFO : EventManager : Event: ======'slide_attract_active'====== Args={'original_context': 'attract', 'original_calling_context': 'mode_attract_started', 'priority': 10.0, 'queue': '<QueuedEvent>', 'cmd': 'slides_play', '_from_bcp': True}
2025-11-08 12:35:48,654 : INFO : EventManager : Event: ======'attract_wave_complete'====== Args={'priority': 0}
2025-11-08 12:35:49,044 : INFO : EventManager : Event: ======'attract_pulse_complete'====== Args={'priority': 0}
2025-11-08 12:35:49,451 : INFO : EventManager : Event: ======'attract_pulse_complete'====== Args={'priority': 0}
2025-11-08 12:35:51,436 : INFO : EventManager : Event: ======'attract_wave_complete'====== Args={'priority': 0}
2025-11-08 12:35:51,673 : INFO : Machine : Shutting down...
2025-11-08 12:35:51,673 : INFO : EventManager : Event: ======'shutdown'====== Args={}
2025-11-08 12:35:51,778 : INFO : root : MPF run loop ended.
