2025-10-27 06:57:28,434 : INFO : root : Loading config.
2025-10-27 06:57:28,441 : INFO : YamlMultifileConfigLoader : Machine config file #1: config.yaml
2025-10-27 06:57:28,442 : INFO : ConfigProcessor : Loading config from cache: C:\Users\antho\AppData\Local\Temp\fdca14d0c9d658ab8200d57120800af5.mpf_cache
2025-10-27 06:57:28,579 : INFO : ConfigProcessor : Loading config from cache: C:\Users\antho\AppData\Local\Temp\5dec96b1547c4adf5bdd3d1715e74bc0.mpf_cache
2025-10-27 06:57:28,580 : INFO : ConfigProcessor : Loading config from cache: C:\Users\antho\AppData\Local\Temp\202a5840610e95051f9f473dfa660cc0.mpf_cache
2025-10-27 06:57:28,581 : INFO : ConfigProcessor : Loading config from cache: C:\Users\antho\AppData\Local\Temp\5dec96b1547c4adf5bdd3d1715e74bc0.mpf_cache
2025-10-27 06:57:28,582 : INFO : ConfigProcessor : Loading config from cache: C:\Users\antho\AppData\Local\Temp\2cd13a2d3f375e00ab01d6d09a85d8e7.mpf_cache
2025-10-27 06:57:28,593 : INFO : ConfigProcessor : Loading config from cache: C:\Users\antho\AppData\Local\Temp\9220b44b97b91972524500b81035d790.mpf_cache
2025-10-27 06:57:28,595 : INFO : ConfigProcessor : Loading config from cache: C:\Users\antho\AppData\Local\Temp\31ee881584fa6fce665a672a4f3f633a.mpf_cache
2025-10-27 06:57:28,595 : INFO : ConfigProcessor : Loading config from cache: C:\Users\antho\AppData\Local\Temp\5e841763ec73085bbf92358fe6afda21.mpf_cache
2025-10-27 06:57:28,596 : INFO : ConfigProcessor : Loading config from cache: C:\Users\antho\AppData\Local\Temp\b17152efa55a24f0424602723f8d3921.mpf_cache
2025-10-27 06:57:28,597 : INFO : ConfigProcessor : Loading config from cache: C:\Users\antho\AppData\Local\Temp\e87fc0e7d2f8a851b5fa3f604e0d0c6e.mpf_cache
2025-10-27 06:57:28,598 : INFO : ConfigProcessor : Loading config from cache: C:\Users\antho\AppData\Local\Temp\196ac76b6cab3a9880804c826cfbcb5c.mpf_cache
2025-10-27 06:57:28,598 : INFO : ConfigProcessor : Loading config from cache: C:\Users\antho\AppData\Local\Temp\834292dd7853e12a66732dc89828c828.mpf_cache
2025-10-27 06:57:28,598 : INFO : ConfigProcessor : Loading config from cache: C:\Users\antho\AppData\Local\Temp\ae2be9c5579852c305357e207df97e8b.mpf_cache
2025-10-27 06:57:28,599 : INFO : ConfigProcessor : Loading config from cache: C:\Users\antho\AppData\Local\Temp\46f8fa3e41dfeeb8232af2f03a13b6c4.mpf_cache
2025-10-27 06:57:28,599 : INFO : ConfigProcessor : Loading config from cache: C:\Users\antho\AppData\Local\Temp\c67e9c175da6c060302945929b27b878.mpf_cache
2025-10-27 06:57:28,600 : INFO : Machine : Mission Pinball Framework Core Engine v0.80.0.dev11
2025-10-27 06:57:28,600 : INFO : Machine : Command line arguments: {'no_load_cache': False, 'create_config_cache': True, 'bcp': True, 'configfile': ['config.yaml'], 'force_assets_load': False, 'platform_integration_test': False, 'jsonlogging': False, 'logfile': 'logs\\2025-10-27-06-57-28-mpf-LAPTOP-MPGP6R69.log', 'pause': False, 'production': False, 'text_ui': True, 'loglevel': 15, 'consoleloglevel': 20, 'force_platform': None, 'syslog_address': None, 'full_logfile_path': 'C:\\Users\\antho\\nightpin\\logs\\2025-10-27-06-57-28-mpf-LAPTOP-MPGP6R69.log'}
2025-10-27 06:57:28,600 : INFO : Machine : MPF path: C:\Users\antho\mpf\Lib\site-packages\mpf
2025-10-27 06:57:28,600 : INFO : Machine : Machine path: C:\Users\antho\nightpin
2025-10-27 06:57:28,600 : INFO : Machine : Platform: win32
2025-10-27 06:57:28,600 : INFO : Machine : Python executable location: C:\Users\antho\mpf\Scripts\python.exe
2025-10-27 06:57:28,600 : INFO : Machine : Python version: 3.12.7 (64-bit)
2025-10-27 06:57:28,603 : INFO : Machine : Initializing MPF...
2025-10-27 06:57:28,855 : INFO : lisy : Connecting to com3 at 115200bps
2025-10-27 06:57:28,857 : WARNING : lisy : Could not import terminos (this is ok on windows).
2025-10-27 06:57:29,012 : INFO : EventManager : Event: ======'machine_var_lisy_hardware'====== Args={'value': 'LISY35', 'prev_value': None, 'change': True}
2025-10-27 06:57:29,012 : INFO : EventManager : Event: ======'machine_var_lisy_version'====== Args={'value': '5.26 ', 'prev_value': None, 'change': True}
2025-10-27 06:57:29,012 : INFO : EventManager : Event: ======'machine_var_lisy_api_version'====== Args={'value': b'0.09', 'prev_value': None, 'change': True}
2025-10-27 06:57:30,342 : INFO : EventManager : Event: ======'machine_var_credits_string'====== Args={'value': 'FREE PLAY', 'prev_value': None, 'change': True}
2025-10-27 06:57:30,378 : INFO : EventManager : Event: ======'machine_var_master_volume'====== Args={'value': 0.5, 'prev_value': None, 'change': True}
2025-10-27 06:57:30,379 : INFO : EventManager : Event: ======'machine_var_player1_score'====== Args={'value': 300, 'prev_value': None, 'change': True}
2025-10-27 06:57:30,379 : INFO : EventManager : Event: ======'machine_var_player2_score'====== Args={'value': 300, 'prev_value': None, 'change': True}
2025-10-27 06:57:30,379 : INFO : EventManager : Event: ======'machine_var_player3_score'====== Args={'value': 300, 'prev_value': None, 'change': True}
2025-10-27 06:57:30,379 : INFO : EventManager : Event: ======'machine_var_mpf_version'====== Args={'value': 'Mission Pinball Framework v0.80.0.dev11', 'prev_value': None, 'change': True}
2025-10-27 06:57:30,379 : INFO : EventManager : Event: ======'machine_var_mpf_extended_version'====== Args={'value': 'Mission Pinball Framework v0.80.0.dev11, Config version:6, Show version: 6, BCP version:1.1', 'prev_value': None, 'change': True}
2025-10-27 06:57:30,379 : INFO : EventManager : Event: ======'machine_var_python_version'====== Args={'value': '3.12.7', 'prev_value': None, 'change': True}
2025-10-27 06:57:30,478 : INFO : EventManager : Event: ======'machine_var_platform'====== Args={'value': 'Windows-11-10.0.26100-SP0', 'prev_value': None, 'change': True}
2025-10-27 06:57:30,478 : INFO : EventManager : Event: ======'machine_var_platform_system'====== Args={'value': 'Windows', 'prev_value': None, 'change': True}
2025-10-27 06:57:30,479 : INFO : EventManager : Event: ======'machine_var_platform_release'====== Args={'value': '11', 'prev_value': None, 'change': True}
2025-10-27 06:57:30,479 : INFO : EventManager : Event: ======'machine_var_platform_version'====== Args={'value': '10.0.26100', 'prev_value': None, 'change': True}
2025-10-27 06:57:30,479 : INFO : EventManager : Event: ======'machine_var_platform_machine'====== Args={'value': 'AMD64', 'prev_value': None, 'change': True}
2025-10-27 06:57:30,479 : INFO : EventManager : Event: ======'machine_var_log_file_path'====== Args={'value': 'C:\\Users\\antho\\nightpin\\logs\\2025-10-27-06-57-28-mpf-LAPTOP-MPGP6R69.log', 'prev_value': None, 'change': True}
2025-10-27 06:57:30,479 : INFO : EventManager : Event: ======'init_phase_1'====== Args={}
2025-10-27 06:57:30,516 : INFO : EventManager : Event: ======'drop_target_bank_right_bank_up'====== Args={}
2025-10-27 06:57:30,516 : INFO : EventManager : Event: ======'drop_target_bank_left_bank_up'====== Args={}
2025-10-27 06:57:30,597 : INFO : EventManager : Event: ======'init_phase_2'====== Args={}
2025-10-27 06:57:30,608 : INFO : EventManager : Event: ======'bcp_connection_attempt'====== Args={'name': 'local_display', 'host': 'localhost', 'port': 5050}
2025-10-27 06:57:30,610 : INFO : BCPClientSocket : Connecting BCP to 'local_display' at localhost:5050...
2025-10-27 06:57:30,630 : INFO : BCPClientSocket : Connected BCP to 'local_display' localhost:5050
2025-10-27 06:57:30,630 : INFO : EventManager : Event: ======'bcp_clients_connected'====== Args={}
2025-10-27 06:57:30,740 : INFO : ball_device.bd_trough : BCH: Initial count: 0
2025-10-27 06:57:30,772 : INFO : ball_device.bd_trough : State: idle
2025-10-27 06:57:30,773 : INFO : ball_device.bd_saucer : BCH: Initial count: 0
2025-10-27 06:57:30,773 : INFO : ball_device.bd_saucer : State: idle
2025-10-27 06:57:30,786 : INFO : EventManager : Event: ======'init_phase_3'====== Args={}
2025-10-27 06:57:30,792 : INFO : EventManager : Event: ======'init_phase_4'====== Args={}
2025-10-27 06:57:30,793 : INFO : BallController : Initial balls found: 0
2025-10-27 06:57:30,794 : INFO : EventManager : Event: ======'machine_var_audits_events_game_ended'====== Args={'value': 12, 'prev_value': None, 'change': True}
2025-10-27 06:57:30,794 : INFO : EventManager : Event: ======'machine_var_audits_events_game_started'====== Args={'value': 42, 'prev_value': None, 'change': True}
2025-10-27 06:57:30,794 : INFO : EventManager : Event: ======'machine_var_audits_missing_switches_s_coin_right'====== Args={'value': 41, 'prev_value': None, 'change': True}
2025-10-27 06:57:30,794 : INFO : EventManager : Event: ======'machine_var_audits_missing_switches_s_credit_button'====== Args={'value': 14, 'prev_value': None, 'change': True}
2025-10-27 06:57:30,794 : INFO : EventManager : Event: ======'machine_var_audits_missing_switches_s_left_bank_target_left'====== Args={'value': 19, 'prev_value': None, 'change': True}
2025-10-27 06:57:30,794 : INFO : EventManager : Event: ======'machine_var_audits_missing_switches_s_left_bank_target_middle'====== Args={'value': 19, 'prev_value': None, 'change': True}
2025-10-27 06:57:30,794 : INFO : EventManager : Event: ======'machine_var_audits_missing_switches_s_left_bank_target_right'====== Args={'value': 20, 'prev_value': None, 'change': True}
2025-10-27 06:57:30,794 : INFO : EventManager : Event: ======'machine_var_audits_missing_switches_s_left_lower_bumper'====== Args={'value': 1, 'prev_value': None, 'change': True}
2025-10-27 06:57:30,795 : INFO : EventManager : Event: ======'machine_var_audits_missing_switches_s_left_outlane_rollover'====== Args={'value': 20, 'prev_value': None, 'change': True}
2025-10-27 06:57:30,795 : INFO : EventManager : Event: ======'machine_var_audits_missing_switches_s_left_pop_bumper'====== Args={'value': 1, 'prev_value': None, 'change': True}
2025-10-27 06:57:30,795 : INFO : EventManager : Event: ======'machine_var_audits_missing_switches_s_left_sling'====== Args={'value': 19, 'prev_value': None, 'change': True}
2025-10-27 06:57:30,795 : INFO : EventManager : Event: ======'machine_var_audits_missing_switches_s_left_upper_bumper'====== Args={'value': 1, 'prev_value': None, 'change': True}
2025-10-27 06:57:30,795 : INFO : EventManager : Event: ======'machine_var_audits_missing_switches_s_middle_pop_bumper'====== Args={'value': 1, 'prev_value': None, 'change': True}
2025-10-27 06:57:30,795 : INFO : EventManager : Event: ======'machine_var_audits_missing_switches_s_middle_skill_lane'====== Args={'value': 1, 'prev_value': None, 'change': True}
2025-10-27 06:57:30,795 : INFO : EventManager : Event: ======'machine_var_audits_missing_switches_s_middle_upper_rollovers'====== Args={'value': 18, 'prev_value': None, 'change': True}
2025-10-27 06:57:30,796 : INFO : EventManager : Event: ======'machine_var_audits_missing_switches_s_outer_skill_lanes'====== Args={'value': 1, 'prev_value': None, 'change': True}
2025-10-27 06:57:30,796 : INFO : EventManager : Event: ======'machine_var_audits_missing_switches_s_right_bank_target_left'====== Args={'value': 1, 'prev_value': None, 'change': True}
2025-10-27 06:57:30,796 : INFO : EventManager : Event: ======'machine_var_audits_missing_switches_s_right_bank_target_middle'====== Args={'value': 1, 'prev_value': None, 'change': True}
2025-10-27 06:57:30,796 : INFO : EventManager : Event: ======'machine_var_audits_missing_switches_s_right_bank_target_right'====== Args={'value': 1, 'prev_value': None, 'change': True}
2025-10-27 06:57:30,796 : INFO : EventManager : Event: ======'machine_var_audits_missing_switches_s_right_outlane_rollover'====== Args={'value': 13, 'prev_value': None, 'change': True}
2025-10-27 06:57:30,796 : INFO : EventManager : Event: ======'machine_var_audits_missing_switches_s_right_pop_bumper'====== Args={'value': 1, 'prev_value': None, 'change': True}
2025-10-27 06:57:30,796 : INFO : EventManager : Event: ======'machine_var_audits_missing_switches_s_right_sling'====== Args={'value': 1, 'prev_value': None, 'change': True}
2025-10-27 06:57:30,796 : INFO : EventManager : Event: ======'machine_var_audits_missing_switches_s_saucer'====== Args={'value': 1, 'prev_value': None, 'change': True}
2025-10-27 06:57:30,796 : INFO : EventManager : Event: ======'machine_var_audits_missing_switches_s_slam_tilt'====== Args={'value': 14, 'prev_value': None, 'change': True}
2025-10-27 06:57:30,796 : INFO : EventManager : Event: ======'machine_var_audits_missing_switches_s_spinner'====== Args={'value': 1, 'prev_value': None, 'change': True}
2025-10-27 06:57:30,796 : INFO : EventManager : Event: ======'machine_var_audits_missing_switches_s_stand_up'====== Args={'value': 14, 'prev_value': None, 'change': True}
2025-10-27 06:57:30,797 : INFO : EventManager : Event: ======'machine_var_audits_missing_switches_s_tilt'====== Args={'value': 12, 'prev_value': None, 'change': True}
2025-10-27 06:57:30,797 : INFO : EventManager : Event: ======'machine_var_audits_player_score'====== Args={'value': {'average': 1668, 'top': [5110, 5070, 4300, 4230, 3980, 3410, 500, 500, 300, 300], 'total': 18}, 'prev_value': None, 'change': True}
2025-10-27 06:57:30,797 : INFO : EventManager : Event: ======'machine_var_audits_switches_s_coin_right'====== Args={'value': 1, 'prev_value': None, 'change': True}
2025-10-27 06:57:30,797 : INFO : EventManager : Event: ======'machine_var_audits_switches_s_credit_button'====== Args={'value': 5, 'prev_value': None, 'change': True}
2025-10-27 06:57:30,797 : INFO : EventManager : Event: ======'machine_var_audits_switches_s_inlanes'====== Args={'value': 90, 'prev_value': None, 'change': True}
2025-10-27 06:57:30,797 : INFO : EventManager : Event: ======'machine_var_audits_switches_s_left_bank_target_left'====== Args={'value': 32, 'prev_value': None, 'change': True}
2025-10-27 06:57:30,797 : INFO : EventManager : Event: ======'machine_var_audits_switches_s_left_bank_target_middle'====== Args={'value': 22, 'prev_value': None, 'change': True}
2025-10-27 06:57:30,797 : INFO : EventManager : Event: ======'machine_var_audits_switches_s_left_bank_target_right'====== Args={'value': 24, 'prev_value': None, 'change': True}
2025-10-27 06:57:30,797 : INFO : EventManager : Event: ======'machine_var_audits_switches_s_left_lower_bumper'====== Args={'value': 29, 'prev_value': None, 'change': True}
2025-10-27 06:57:30,797 : INFO : EventManager : Event: ======'machine_var_audits_switches_s_left_outlane_rollover'====== Args={'value': 20, 'prev_value': None, 'change': True}
2025-10-27 06:57:30,797 : INFO : EventManager : Event: ======'machine_var_audits_switches_s_left_pop_bumper'====== Args={'value': 98, 'prev_value': None, 'change': True}
2025-10-27 06:57:30,797 : INFO : EventManager : Event: ======'machine_var_audits_switches_s_left_sling'====== Args={'value': 89, 'prev_value': None, 'change': True}
2025-10-27 06:57:30,798 : INFO : EventManager : Event: ======'machine_var_audits_switches_s_left_upper_bumper'====== Args={'value': 34, 'prev_value': None, 'change': True}
2025-10-27 06:57:30,798 : INFO : EventManager : Event: ======'machine_var_audits_switches_s_middle_pop_bumper'====== Args={'value': 89, 'prev_value': None, 'change': True}
2025-10-27 06:57:30,798 : INFO : EventManager : Event: ======'machine_var_audits_switches_s_middle_skill_lane'====== Args={'value': 32, 'prev_value': None, 'change': True}
2025-10-27 06:57:30,798 : INFO : EventManager : Event: ======'machine_var_audits_switches_s_middle_upper_rollovers'====== Args={'value': 66, 'prev_value': None, 'change': True}
2025-10-27 06:57:30,798 : INFO : EventManager : Event: ======'machine_var_audits_switches_s_outer_skill_lanes'====== Args={'value': 52, 'prev_value': None, 'change': True}
2025-10-27 06:57:30,798 : INFO : EventManager : Event: ======'machine_var_audits_switches_s_pop_bumper_bottom'====== Args={'value': 6, 'prev_value': None, 'change': True}
2025-10-27 06:57:30,798 : INFO : EventManager : Event: ======'machine_var_audits_switches_s_pop_bumper_left'====== Args={'value': 2, 'prev_value': None, 'change': True}
2025-10-27 06:57:30,798 : INFO : EventManager : Event: ======'machine_var_audits_switches_s_pop_bumper_right'====== Args={'value': 1, 'prev_value': None, 'change': True}
2025-10-27 06:57:30,798 : INFO : EventManager : Event: ======'machine_var_audits_switches_s_right_bank_target_left'====== Args={'value': 42, 'prev_value': None, 'change': True}
2025-10-27 06:57:30,798 : INFO : EventManager : Event: ======'machine_var_audits_switches_s_right_bank_target_middle'====== Args={'value': 31, 'prev_value': None, 'change': True}
2025-10-27 06:57:30,798 : INFO : EventManager : Event: ======'machine_var_audits_switches_s_right_bank_target_right'====== Args={'value': 31, 'prev_value': None, 'change': True}
2025-10-27 06:57:30,798 : INFO : EventManager : Event: ======'machine_var_audits_switches_s_right_outlane_rollover'====== Args={'value': 5, 'prev_value': None, 'change': True}
2025-10-27 06:57:30,798 : INFO : EventManager : Event: ======'machine_var_audits_switches_s_right_pop_bumper'====== Args={'value': 137, 'prev_value': None, 'change': True}
2025-10-27 06:57:30,798 : INFO : EventManager : Event: ======'machine_var_audits_switches_s_right_sling'====== Args={'value': 68, 'prev_value': None, 'change': True}
2025-10-27 06:57:30,798 : INFO : EventManager : Event: ======'machine_var_audits_switches_s_saucer'====== Args={'value': 46, 'prev_value': None, 'change': True}
2025-10-27 06:57:30,798 : INFO : EventManager : Event: ======'machine_var_audits_switches_s_slam_tilt'====== Args={'value': 5, 'prev_value': None, 'change': True}
2025-10-27 06:57:30,798 : INFO : EventManager : Event: ======'machine_var_audits_switches_s_spinner'====== Args={'value': 359, 'prev_value': None, 'change': True}
2025-10-27 06:57:30,798 : INFO : EventManager : Event: ======'machine_var_audits_switches_s_stand_up'====== Args={'value': 8, 'prev_value': None, 'change': True}
2025-10-27 06:57:30,800 : INFO : EventManager : Event: ======'machine_var_audits_switches_s_start_button'====== Args={'value': 23, 'prev_value': None, 'change': True}
2025-10-27 06:57:30,800 : INFO : EventManager : Event: ======'machine_var_audits_switches_s_tilt'====== Args={'value': 1, 'prev_value': None, 'change': True}
2025-10-27 06:57:30,800 : INFO : EventManager : Event: ======'machine_var_audits_switches_s_trough'====== Args={'value': 301, 'prev_value': None, 'change': True}
2025-10-27 06:57:30,801 : INFO : EventManager : Event: ======'init_phase_5'====== Args={}
2025-10-27 06:57:30,812 : INFO : EventManager : Event: ======'init_done'====== Args={}
2025-10-27 06:57:30,813 : INFO : EventManager : Event: ======'machine_reset_phase_1'====== Args={}
2025-10-27 06:57:30,813 : INFO : SwitchController : <<<<<<< 's_trough' active >>>>>>>
2025-10-27 06:57:30,823 : INFO : SwitchController : <<<<<<< 's_trough' inactive >>>>>>>
2025-10-27 06:57:30,831 : INFO : EventManager : Event: ======'machine_reset_phase_2'====== Args={}
2025-10-27 06:57:30,831 : INFO : SwitchController : <<<<<<< 's_trough' active >>>>>>>
2025-10-27 06:57:30,833 : INFO : EventManager : Event: ======'machine_reset_phase_3'====== Args={}
2025-10-27 06:57:30,837 : INFO : EventManager : Event: ======'mode_attract_will_start'====== Args={'queue': <QueuedEvent>}
2025-10-27 06:57:30,838 : INFO : EventManager : Event: ======'mode_attract_starting'====== Args={'queue': <QueuedEvent>}
2025-10-27 06:57:30,839 : INFO : Mode.attract : Started. Priority: 10
2025-10-27 06:57:30,839 : INFO : EventManager : Event: ======'modes_active_modes_changed'====== Args={}
2025-10-27 06:57:30,839 : INFO : EventManager : Event: ======'mode_attract_started'====== Args={'queue': <QueuedEvent>}
2025-10-27 06:57:30,839 : INFO : EventManager : Event: ======'godot_attract_on'====== Args={'priority': 0}
2025-10-27 06:57:30,840 : INFO : EventManager : Event: ======'collecting_balls_complete'====== Args={}
2025-10-27 06:57:30,840 : INFO : EventManager : Event: ======'reset_complete'====== Args={}
2025-10-27 06:57:30,840 : INFO : SwitchController : <<<<<<< 's_trough' inactive >>>>>>>
2025-10-27 06:57:30,854 : INFO : SwitchController : <<<<<<< 's_trough' active >>>>>>>
2025-10-27 06:57:30,859 : INFO : Machine : Starting the main run loop with active modes: [<Mode.attract>]
2025-10-27 06:57:30,873 : INFO : EventManager : Event: ======'slide_attract_created'====== Args={'_from_bcp': True}
2025-10-27 06:57:30,873 : INFO : EventManager : Event: ======'slide__removed'====== Args={'_from_bcp': True}
2025-10-27 06:57:30,874 : INFO : EventManager : Event: ======'slide_attract_active'====== Args={'original_context': 'attract', 'original_calling_context': 'mode_attract_started', 'priority': 10.0, 'queue': '<QueuedEvent>', 'cmd': 'slides_play', '_from_bcp': True}
2025-10-27 06:57:31,357 : INFO : EventManager : Event: ======'balldevice_bd_trough_ball_count_changed'====== Args={'balls': 1}
2025-10-27 06:57:31,357 : INFO : ball_device.bd_trough : Received unexpected ball
2025-10-27 06:57:31,357 : INFO : EventManager : Event: ======'balldevice_captured_from_playfield'====== Args={'balls': 1}
2025-10-27 06:57:31,358 : INFO : EventManager : Event: ======'sw_playfield_active'====== Args={'balls': 1}
2025-10-27 06:57:31,358 : INFO : EventManager : Event: ======'playfield_active'====== Args={'source': None}
2025-10-27 06:57:31,358 : INFO : EventManager : Event: ======'unexpected_ball_on_playfield'====== Args={}
2025-10-27 06:57:31,358 : INFO : EventManager : Event: ======'playfield_ball_count_change'====== Args={'balls': -1, 'change': -1}
2025-10-27 06:57:31,359 : INFO : EventManager : Event: ======'balldevice_playfield_ball_enter'====== Args={'new_balls': 1, 'unclaimed_balls': 1, 'device': <playfield.playfield>}
2025-10-27 06:57:31,359 : INFO : EventManager : Event: ======'playfield_ball_count_change'====== Args={'balls': 0, 'change': 1}
2025-10-27 06:57:31,359 : INFO : BallController : Found a new ball which was captured from playfield. Known balls: 1
2025-10-27 06:57:31,359 : INFO : EventManager : Event: ======'found_new_ball'====== Args={}
2025-10-27 06:57:31,359 : INFO : EventManager : Event: ======'balldevice_bd_trough_ball_enter'====== Args={'new_balls': 1, 'unclaimed_balls': 1, 'new_available_balls': 1, 'device': <ball_device.bd_trough>}
2025-10-27 06:57:31,359 : INFO : EventManager : Event: ======'ball_drain'====== Args={'device': <ball_device.bd_trough>, 'balls': 1}
2025-10-27 06:57:31,360 : INFO : EventManager : Event: ======'balldevice_balls_available'====== Args={}
2025-10-27 06:57:31,360 : INFO : EventManager : Event: ======'balldevice_bd_trough_ball_entered'====== Args={'new_balls': 1, 'device': <ball_device.bd_trough>}
2025-10-27 06:57:32,836 : INFO : EventManager : Event: ======'attract_wave_complete'====== Args={'priority': 0}
2025-10-27 06:57:33,226 : INFO : EventManager : Event: ======'attract_pulse_complete'====== Args={'priority': 0}
2025-10-27 06:57:33,646 : INFO : EventManager : Event: ======'attract_pulse_complete'====== Args={'priority': 0}
2025-10-27 06:57:35,643 : INFO : EventManager : Event: ======'attract_wave_complete'====== Args={'priority': 0}
2025-10-27 06:57:36,031 : INFO : EventManager : Event: ======'attract_pulse_complete'====== Args={'priority': 0}
2025-10-27 06:57:36,440 : INFO : EventManager : Event: ======'attract_pulse_complete'====== Args={'priority': 0}
2025-10-27 06:57:38,434 : INFO : EventManager : Event: ======'attract_wave_complete'====== Args={'priority': 0}
2025-10-27 06:57:38,825 : INFO : EventManager : Event: ======'attract_pulse_complete'====== Args={'priority': 0}
2025-10-27 06:57:39,231 : INFO : EventManager : Event: ======'attract_pulse_complete'====== Args={'priority': 0}
2025-10-27 06:57:41,238 : INFO : EventManager : Event: ======'attract_wave_complete'====== Args={'priority': 0}
2025-10-27 06:57:41,630 : INFO : EventManager : Event: ======'attract_pulse_complete'====== Args={'priority': 0}
2025-10-27 06:57:42,032 : INFO : EventManager : Event: ======'attract_pulse_complete'====== Args={'priority': 0}
2025-10-27 06:57:44,009 : INFO : EventManager : Event: ======'attract_wave_complete'====== Args={'priority': 0}
2025-10-27 06:57:44,400 : INFO : EventManager : Event: ======'attract_pulse_complete'====== Args={'priority': 0}
2025-10-27 06:57:44,804 : INFO : EventManager : Event: ======'attract_pulse_complete'====== Args={'priority': 0}
2025-10-27 06:57:46,814 : INFO : EventManager : Event: ======'attract_wave_complete'====== Args={'priority': 0}
2025-10-27 06:57:47,204 : INFO : EventManager : Event: ======'attract_pulse_complete'====== Args={'priority': 0}
2025-10-27 06:57:47,612 : INFO : EventManager : Event: ======'attract_pulse_complete'====== Args={'priority': 0}
2025-10-27 06:57:49,600 : INFO : EventManager : Event: ======'attract_wave_complete'====== Args={'priority': 0}
2025-10-27 06:57:49,992 : INFO : EventManager : Event: ======'attract_pulse_complete'====== Args={'priority': 0}
2025-10-27 06:57:50,401 : INFO : EventManager : Event: ======'attract_pulse_complete'====== Args={'priority': 0}
2025-10-27 06:57:52,386 : INFO : EventManager : Event: ======'attract_wave_complete'====== Args={'priority': 0}
2025-10-27 06:57:52,778 : INFO : EventManager : Event: ======'attract_pulse_complete'====== Args={'priority': 0}
2025-10-27 06:57:53,186 : INFO : EventManager : Event: ======'attract_pulse_complete'====== Args={'priority': 0}
2025-10-27 06:57:55,178 : INFO : EventManager : Event: ======'attract_wave_complete'====== Args={'priority': 0}
2025-10-27 06:57:55,574 : INFO : EventManager : Event: ======'attract_pulse_complete'====== Args={'priority': 0}
2025-10-27 06:57:55,978 : INFO : EventManager : Event: ======'attract_pulse_complete'====== Args={'priority': 0}
2025-10-27 06:57:57,978 : INFO : EventManager : Event: ======'attract_wave_complete'====== Args={'priority': 0}
2025-10-27 06:57:58,367 : INFO : EventManager : Event: ======'attract_pulse_complete'====== Args={'priority': 0}
2025-10-27 06:57:58,786 : INFO : EventManager : Event: ======'attract_pulse_complete'====== Args={'priority': 0}
2025-10-27 06:58:00,765 : INFO : EventManager : Event: ======'attract_wave_complete'====== Args={'priority': 0}
2025-10-27 06:58:01,157 : INFO : EventManager : Event: ======'attract_pulse_complete'====== Args={'priority': 0}
2025-10-27 06:58:01,562 : INFO : EventManager : Event: ======'attract_pulse_complete'====== Args={'priority': 0}
2025-10-27 06:58:03,557 : INFO : EventManager : Event: ======'attract_wave_complete'====== Args={'priority': 0}
2025-10-27 06:58:03,946 : INFO : EventManager : Event: ======'attract_pulse_complete'====== Args={'priority': 0}
2025-10-27 06:58:04,351 : INFO : EventManager : Event: ======'attract_pulse_complete'====== Args={'priority': 0}
2025-10-27 06:58:06,350 : INFO : EventManager : Event: ======'attract_wave_complete'====== Args={'priority': 0}
2025-10-27 06:58:06,740 : INFO : EventManager : Event: ======'attract_pulse_complete'====== Args={'priority': 0}
2025-10-27 06:58:07,149 : INFO : EventManager : Event: ======'attract_pulse_complete'====== Args={'priority': 0}
2025-10-27 06:58:09,145 : INFO : EventManager : Event: ======'attract_wave_complete'====== Args={'priority': 0}
2025-10-27 06:58:09,534 : INFO : EventManager : Event: ======'attract_pulse_complete'====== Args={'priority': 0}
2025-10-27 06:58:09,927 : INFO : EventManager : Event: ======'attract_pulse_complete'====== Args={'priority': 0}
2025-10-27 06:58:11,938 : INFO : EventManager : Event: ======'attract_wave_complete'====== Args={'priority': 0}
2025-10-27 06:58:12,330 : INFO : EventManager : Event: ======'attract_pulse_complete'====== Args={'priority': 0}
2025-10-27 06:58:12,735 : INFO : EventManager : Event: ======'attract_pulse_complete'====== Args={'priority': 0}
2025-10-27 06:58:14,732 : INFO : EventManager : Event: ======'attract_wave_complete'====== Args={'priority': 0}
2025-10-27 06:58:15,124 : INFO : EventManager : Event: ======'attract_pulse_complete'====== Args={'priority': 0}
2025-10-27 06:58:15,528 : INFO : EventManager : Event: ======'attract_pulse_complete'====== Args={'priority': 0}
2025-10-27 06:58:17,514 : INFO : EventManager : Event: ======'attract_wave_complete'====== Args={'priority': 0}
2025-10-27 06:58:17,902 : INFO : EventManager : Event: ======'attract_pulse_complete'====== Args={'priority': 0}
2025-10-27 06:58:18,306 : INFO : EventManager : Event: ======'attract_pulse_complete'====== Args={'priority': 0}
2025-10-27 06:58:20,312 : INFO : EventManager : Event: ======'attract_wave_complete'====== Args={'priority': 0}
2025-10-27 06:58:20,702 : INFO : EventManager : Event: ======'attract_pulse_complete'====== Args={'priority': 0}
2025-10-27 06:58:21,108 : INFO : EventManager : Event: ======'attract_pulse_complete'====== Args={'priority': 0}
2025-10-27 06:58:23,103 : INFO : EventManager : Event: ======'attract_wave_complete'====== Args={'priority': 0}
2025-10-27 06:58:23,493 : INFO : EventManager : Event: ======'attract_pulse_complete'====== Args={'priority': 0}
2025-10-27 06:58:23,900 : INFO : EventManager : Event: ======'attract_pulse_complete'====== Args={'priority': 0}
2025-10-27 06:58:25,893 : INFO : EventManager : Event: ======'attract_wave_complete'====== Args={'priority': 0}
2025-10-27 06:58:26,284 : INFO : EventManager : Event: ======'attract_pulse_complete'====== Args={'priority': 0}
2025-10-27 06:58:26,690 : INFO : EventManager : Event: ======'attract_pulse_complete'====== Args={'priority': 0}
2025-10-27 06:58:28,685 : INFO : EventManager : Event: ======'attract_wave_complete'====== Args={'priority': 0}
2025-10-27 06:58:29,076 : INFO : EventManager : Event: ======'attract_pulse_complete'====== Args={'priority': 0}
2025-10-27 06:58:29,478 : INFO : EventManager : Event: ======'attract_pulse_complete'====== Args={'priority': 0}
2025-10-27 06:58:31,481 : INFO : EventManager : Event: ======'attract_wave_complete'====== Args={'priority': 0}
2025-10-27 06:58:31,872 : INFO : EventManager : Event: ======'attract_pulse_complete'====== Args={'priority': 0}
2025-10-27 06:58:32,278 : INFO : EventManager : Event: ======'attract_pulse_complete'====== Args={'priority': 0}
2025-10-27 06:58:34,261 : INFO : EventManager : Event: ======'attract_wave_complete'====== Args={'priority': 0}
2025-10-27 06:58:34,651 : INFO : EventManager : Event: ======'attract_pulse_complete'====== Args={'priority': 0}
2025-10-27 06:58:35,057 : INFO : EventManager : Event: ======'attract_pulse_complete'====== Args={'priority': 0}
2025-10-27 06:58:37,065 : INFO : EventManager : Event: ======'attract_wave_complete'====== Args={'priority': 0}
2025-10-27 06:58:37,454 : INFO : EventManager : Event: ======'attract_pulse_complete'====== Args={'priority': 0}
2025-10-27 06:58:37,859 : INFO : EventManager : Event: ======'attract_pulse_complete'====== Args={'priority': 0}
2025-10-27 06:58:39,859 : INFO : EventManager : Event: ======'attract_wave_complete'====== Args={'priority': 0}
2025-10-27 06:58:40,245 : INFO : EventManager : Event: ======'attract_pulse_complete'====== Args={'priority': 0}
2025-10-27 06:58:40,652 : INFO : EventManager : Event: ======'attract_pulse_complete'====== Args={'priority': 0}
2025-10-27 06:58:42,633 : INFO : EventManager : Event: ======'attract_wave_complete'====== Args={'priority': 0}
2025-10-27 06:58:43,035 : INFO : EventManager : Event: ======'attract_pulse_complete'====== Args={'priority': 0}
2025-10-27 06:58:43,439 : INFO : EventManager : Event: ======'attract_pulse_complete'====== Args={'priority': 0}
2025-10-27 06:58:45,431 : INFO : EventManager : Event: ======'attract_wave_complete'====== Args={'priority': 0}
2025-10-27 06:58:45,832 : INFO : EventManager : Event: ======'attract_pulse_complete'====== Args={'priority': 0}
2025-10-27 06:58:46,239 : INFO : EventManager : Event: ======'attract_pulse_complete'====== Args={'priority': 0}
2025-10-27 06:58:48,226 : INFO : EventManager : Event: ======'attract_wave_complete'====== Args={'priority': 0}
2025-10-27 06:58:48,617 : INFO : EventManager : Event: ======'attract_pulse_complete'====== Args={'priority': 0}
2025-10-27 06:58:49,023 : INFO : EventManager : Event: ======'attract_pulse_complete'====== Args={'priority': 0}
2025-10-27 06:58:51,016 : INFO : EventManager : Event: ======'attract_wave_complete'====== Args={'priority': 0}
2025-10-27 06:58:51,405 : INFO : EventManager : Event: ======'attract_pulse_complete'====== Args={'priority': 0}
2025-10-27 06:58:51,812 : INFO : EventManager : Event: ======'attract_pulse_complete'====== Args={'priority': 0}
2025-10-27 06:58:53,804 : INFO : EventManager : Event: ======'attract_wave_complete'====== Args={'priority': 0}
2025-10-27 06:58:54,195 : INFO : EventManager : Event: ======'attract_pulse_complete'====== Args={'priority': 0}
2025-10-27 06:58:54,600 : INFO : EventManager : Event: ======'attract_pulse_complete'====== Args={'priority': 0}
2025-10-27 06:58:56,602 : INFO : EventManager : Event: ======'attract_wave_complete'====== Args={'priority': 0}
2025-10-27 06:58:56,993 : INFO : EventManager : Event: ======'attract_pulse_complete'====== Args={'priority': 0}
2025-10-27 06:58:57,397 : INFO : EventManager : Event: ======'attract_pulse_complete'====== Args={'priority': 0}
2025-10-27 06:58:59,382 : INFO : EventManager : Event: ======'attract_wave_complete'====== Args={'priority': 0}
2025-10-27 06:58:59,773 : INFO : EventManager : Event: ======'attract_pulse_complete'====== Args={'priority': 0}
2025-10-27 06:59:00,181 : INFO : EventManager : Event: ======'attract_pulse_complete'====== Args={'priority': 0}
2025-10-27 06:59:00,725 : INFO : SwitchController : <<<<<<< 's_start_button' active >>>>>>>
2025-10-27 06:59:00,926 : INFO : SwitchController : <<<<<<< 's_start_button' inactive >>>>>>>
2025-10-27 06:59:00,926 : INFO : EventManager : Event: ======'request_to_start_game'====== Args={}
2025-10-27 06:59:00,926 : INFO : EventManager : Event: ======'game_start'====== Args={'buttons': [], 'hold_time': 0.18700000003445894}
2025-10-27 06:59:00,926 : INFO : EventManager : Event: ======'mode_game_will_start'====== Args={'buttons': [], 'hold_time': 0.18700000003445894}
2025-10-27 06:59:00,927 : INFO : EventManager : Event: ======'mode_game_starting'====== Args={'buttons': [], 'hold_time': 0.18700000003445894}
2025-10-27 06:59:00,927 : INFO : Mode.game : Started. Priority: 20
2025-10-27 06:59:00,927 : INFO : EventManager : Event: ======'modes_active_modes_changed'====== Args={}
2025-10-27 06:59:00,927 : INFO : EventManager : Event: ======'mode_game_started'====== Args={'buttons': [], 'hold_time': 0.18700000003445894}
2025-10-27 06:59:00,942 : INFO : EventManager : Event: ======'game_will_start'====== Args={}
2025-10-27 06:59:00,942 : INFO : EventManager : Event: ======'game_starting'====== Args={'game': <Mode.game>}
2025-10-27 06:59:00,942 : INFO : EventManager : Event: ======'mode_attract_will_stop'====== Args={}
2025-10-27 06:59:00,943 : INFO : EventManager : Event: ======'mode_attract_stopping'====== Args={}
2025-10-27 06:59:00,943 : INFO : EventManager : Unordered handler for class <Auditor> on event game_ended with priority 1. Handlers: [RegisteredHandler(callback=<bound method Auditor.disable of <Auditor>>, priority=1, kwargs={}, key=UUID('2b6965f7-5a78-4fb7-bf22-8df83adc65ba'), condition=None, blocking_facility=None), RegisteredHandler(callback=<bound method Auditor._save_audits of <Auditor>>, priority=1, kwargs={}, key=UUID('e2549df9-d712-43ed-8e6e-388343409a17'), condition=None, blocking_facility=None)]. The order of those handlers is not defined and they will be executed in random order. This might lead to race conditions and potential bugs.
2025-10-27 06:59:00,943 : INFO : EventManager : Event: ======'godot_attract_off'====== Args={'priority': 0}
2025-10-27 06:59:00,944 : INFO : Mode.attract : Stopped.
2025-10-27 06:59:00,944 : INFO : EventManager : Event: ======'modes_active_modes_changed'====== Args={}
2025-10-27 06:59:00,944 : INFO : EventManager : Event: ======'mode_attract_stopped'====== Args={}
2025-10-27 06:59:00,944 : INFO : EventManager : Event: ======'clear'====== Args={'key': 'attract'}
2025-10-27 06:59:00,944 : INFO : EventManager : Event: ======'player_add_request'====== Args={}
2025-10-27 06:59:00,945 : INFO : EventManager : Event: ======'player_will_add'====== Args={'number': 1}
2025-10-27 06:59:00,945 : INFO : EventManager : Event: ======'player_adding'====== Args={'player': <Player 1>, 'number': 1}
2025-10-27 06:59:00,945 : INFO : EventManager : Event: ======'player_added'====== Args={'player': <Player 1>, 'num': 1}
2025-10-27 06:59:00,945 : INFO : Mode.game : Player added successfully. Total players: 1
2025-10-27 06:59:00,945 : INFO : EventManager : Event: ======'player_index'====== Args={'value': 0, 'prev_value': 0, 'change': 0, 'player_num': 1}
2025-10-27 06:59:00,945 : INFO : EventManager : Event: ======'player_number'====== Args={'value': 1, 'prev_value': 1, 'change': 0, 'player_num': 1}
2025-10-27 06:59:00,945 : INFO : EventManager : Event: ======'player_score'====== Args={'value': 0, 'prev_value': 0, 'change': 0, 'player_num': 1}
2025-10-27 06:59:00,946 : INFO : EventManager : Unordered handler for class <Auditor> on event game_ended with priority 1. Handlers: [RegisteredHandler(callback=<bound method Auditor.disable of <Auditor>>, priority=1, kwargs={}, key=UUID('2b6965f7-5a78-4fb7-bf22-8df83adc65ba'), condition=None, blocking_facility=None), RegisteredHandler(callback=<bound method Auditor._save_audits of <Auditor>>, priority=1, kwargs={}, key=UUID('e2549df9-d712-43ed-8e6e-388343409a17'), condition=None, blocking_facility=None)]. The order of those handlers is not defined and they will be executed in random order. This might lead to race conditions and potential bugs.
2025-10-27 06:59:00,962 : INFO : EventManager : Event: ======'game_started'====== Args={}
2025-10-27 06:59:00,963 : INFO : EventManager : Event: ======'player_turn_will_start'====== Args={'player': <Player 1>, 'number': 1}
2025-10-27 06:59:00,967 : INFO : EventManager : Event: ======'player_turn_starting'====== Args={'player': <Player 1>, 'number': 1}
2025-10-27 06:59:00,967 : INFO : EventManager : Event: ======'player_ball'====== Args={'value': 1, 'prev_value': 0, 'change': 1, 'player_num': 1}
2025-10-27 06:59:00,968 : INFO : EventManager : Event: ======'player_turn_started'====== Args={'player': <Player 1>, 'number': 1}
2025-10-27 06:59:00,969 : INFO : EventManager : Event: ======'ball_will_start'====== Args={'player': 1, 'ball': 1, 'balls_remaining': 2, 'is_extra_ball': False}
2025-10-27 06:59:00,974 : INFO : EventManager : Event: ======'ball_starting'====== Args={'player': 1, 'ball': 1, 'balls_remaining': 2, 'is_extra_ball': False}
2025-10-27 06:59:00,974 : INFO : drop_target_bank.right_bank : All targets are already up. Will not reset bank.
2025-10-27 06:59:00,974 : INFO : drop_target_bank.left_bank : All targets are already up. Will not reset bank.
2025-10-27 06:59:00,974 : INFO : EventManager : Event: ======'balls_in_play'====== Args={'balls': 1}
2025-10-27 06:59:00,974 : INFO : EventManager : Event: ======'ball_started'====== Args={'player': 1, 'ball': 1, 'balls_remaining': 2, 'is_extra_ball': False}
2025-10-27 06:59:00,975 : INFO : EventManager : Event: ======'mode_base_will_start'====== Args={'player': 1, 'ball': 1, 'balls_remaining': 2, 'is_extra_ball': False}
2025-10-27 06:59:00,975 : INFO : EventManager : Unordered handler for class <Auditor> on event game_ended with priority 1. Handlers: [RegisteredHandler(callback=<bound method Auditor.disable of <Auditor>>, priority=1, kwargs={}, key=UUID('2b6965f7-5a78-4fb7-bf22-8df83adc65ba'), condition=None, blocking_facility=None), RegisteredHandler(callback=<bound method Auditor._save_audits of <Auditor>>, priority=1, kwargs={}, key=UUID('e2549df9-d712-43ed-8e6e-388343409a17'), condition=None, blocking_facility=None)]. The order of those handlers is not defined and they will be executed in random order. This might lead to race conditions and potential bugs.
2025-10-27 06:59:00,977 : INFO : EventManager : Event: ======'mode_base_starting'====== Args={'player': 1, 'ball': 1, 'balls_remaining': 2, 'is_extra_ball': False}
2025-10-27 06:59:00,978 : INFO : Mode.base : Started. Priority: 50
2025-10-27 06:59:00,978 : INFO : EventManager : Event: ======'modes_active_modes_changed'====== Args={}
2025-10-27 06:59:00,978 : INFO : EventManager : Event: ======'mode_base_started'====== Args={'player': 1, 'ball': 1, 'balls_remaining': 2, 'is_extra_ball': False}
2025-10-27 06:59:00,978 : INFO : EventManager : Event: ======'start_firstball_intro'====== Args={'priority': 0}
2025-10-27 06:59:00,978 : INFO : EventManager : Event: ======'godot_attract_off'====== Args={'priority': 0}
2025-10-27 06:59:00,979 : INFO : EventManager : Event: ======'single_player_ball_started'====== Args={}
2025-10-27 06:59:00,992 : INFO : EventManager : Event: ======'ball_start_target'====== Args={'target': 'playfield'}
2025-10-27 06:59:00,992 : INFO : ball_device.bd_trough : Setting up player-controlled eject. Balls: 1, Target: <playfield.playfield>, player_controlled_eject_event: None
2025-10-27 06:59:00,992 : INFO : ball_device.bd_trough : Adding 1 ball(s) to the eject_queue with target <playfield.playfield>.
2025-10-27 06:59:00,992 : INFO : EventManager : Event: ======'balldevice_balls_available'====== Args={}
2025-10-27 06:59:00,993 : INFO : ball_device.bd_trough : State: waiting_for_target_ready
2025-10-27 06:59:00,993 : INFO : EventManager : Event: ======'balldevice_bd_trough_ball_eject_attempt'====== Args={'balls': 1, 'target': <playfield.playfield>, 'source': <ball_device.bd_trough>, 'mechanical_eject': False, 'num_attempts': 0}
2025-10-27 06:59:00,993 : INFO : ball_device.bd_trough : State: ejecting
2025-10-27 06:59:00,993 : INFO : ball_device.bd_trough : Ejecting ball to <playfield.playfield>
2025-10-27 06:59:00,993 : INFO : EventManager : Event: ======'balldevice_bd_trough_ejecting_ball'====== Args={'balls': 1, 'target': <playfield.playfield>, 'source': <ball_device.bd_trough>, 'mechanical_eject': False, 'num_attempts': 0}
2025-10-27 06:59:00,994 : INFO : ball_device.bd_trough : Wait for ball to leave device
2025-10-27 06:59:00,994 : INFO : coil.c_trough_eject : Pulsing Driver for 40ms (1.0 pulse_power)
2025-10-27 06:59:01,066 : INFO : SwitchController : <<<<<<< 's_trough' inactive >>>>>>>
2025-10-27 06:59:01,073 : INFO : ball_device.bd_trough : State: ball_left
2025-10-27 06:59:01,073 : INFO : ball_device.bd_trough : Ball left
2025-10-27 06:59:01,073 : INFO : ball_device.bd_trough : Wait for confirm with timeout 10.0
2025-10-27 06:59:07,752 : INFO : EventManager : Event: ======'start_subsequent_loop'====== Args={'_from_bcp': True}
2025-10-27 06:59:11,067 : INFO : ball_device.bd_trough : State: failed_confirm
2025-10-27 06:59:11,067 : INFO : ball_device.bd_trough : Got timeout (10.0s) before confirm from <playfield.playfield>
2025-10-27 06:59:11,160 : INFO : ball_device.bd_trough : Confirming eject because target is playfield and ball did not return.
2025-10-27 06:59:11,160 : INFO : ball_device.bd_trough : Eject successful
2025-10-27 06:59:11,160 : INFO : EventManager : Event: ======'balldevice_bd_trough_ball_eject_success'====== Args={'balls': 1, 'target': <playfield.playfield>}
2025-10-27 06:59:11,160 : INFO : EventManager : Event: ======'balldevice_playfield_ball_enter'====== Args={'new_balls': 1, 'unclaimed_balls': 1, 'device': <playfield.playfield>}
2025-10-27 06:59:11,160 : INFO : EventManager : Event: ======'playfield_ball_count_change'====== Args={'balls': 1, 'change': 1}
2025-10-27 06:59:11,161 : INFO : EventManager : Event: ======'balldevice_bd_trough_ball_count_changed'====== Args={'balls': 0}
2025-10-27 06:59:11,161 : INFO : ball_device.bd_trough : State: idle
2025-10-27 06:59:19,271 : INFO : Machine : Shutting down...
2025-10-27 06:59:19,271 : INFO : EventManager : Event: ======'shutdown'====== Args={}
2025-10-27 06:59:19,272 : INFO : EventManager : Event: ======'mode_game_will_stop'====== Args={}
2025-10-27 06:59:19,272 : INFO : EventManager : Event: ======'mode_game_stopping'====== Args={}
2025-10-27 06:59:19,273 : INFO : EventManager : Event: ======'mode_base_will_stop'====== Args={}
2025-10-27 06:59:19,273 : INFO : EventManager : Event: ======'mode_base_stopping'====== Args={}
2025-10-27 06:59:19,275 : INFO : EventManager : Event: ======'stop_base_music'====== Args={'priority': 0}
2025-10-27 06:59:19,275 : INFO : Mode.base : Stopped.
2025-10-27 06:59:19,275 : INFO : EventManager : Event: ======'modes_active_modes_changed'====== Args={}
2025-10-27 06:59:19,275 : INFO : EventManager : Event: ======'mode_base_stopped'====== Args={}
2025-10-27 06:59:19,275 : INFO : EventManager : Event: ======'clear'====== Args={'key': 'base'}
2025-10-27 06:59:19,276 : INFO : Mode.game : Stopped.
2025-10-27 06:59:19,276 : INFO : EventManager : Event: ======'modes_active_modes_changed'====== Args={}
2025-10-27 06:59:19,276 : INFO : EventManager : Event: ======'mode_game_stopped'====== Args={}
2025-10-27 06:59:19,276 : INFO : EventManager : Event: ======'clear'====== Args={'key': 'game'}
2025-10-27 06:59:19,366 : INFO : root : MPF run loop ended.
