2025-11-05 16:52:13,389 : INFO : root : Loading config.
2025-11-05 16:52:13,396 : INFO : YamlMultifileConfigLoader : Machine config file #1: config.yaml
2025-11-05 16:52:13,397 : INFO : ConfigProcessor : Loading config from cache: C:\Users\antho\AppData\Local\Temp\fdca14d0c9d658ab8200d57120800af5.mpf_cache
2025-11-05 16:52:13,529 : WARNING : ConfigProcessor : Config file in cache changed: C:\Users\antho\nightpin\modes\attract\config\attract.yaml
2025-11-05 16:52:13,529 : INFO : ConfigProcessor : Loading config from file C:\Users\antho\mpf\Lib\site-packages\mpf\modes\attract\config\attract.yaml.
2025-11-05 16:52:13,531 : INFO : ConfigProcessor : Loading config: C:\Users\antho\mpf\Lib\site-packages\mpf\modes\attract\config\attract.yaml
2025-11-05 16:52:13,531 : INFO : ConfigProcessor : Loading config from file C:\Users\antho\nightpin\modes\attract\config\attract.yaml.
2025-11-05 16:52:13,545 : INFO : ConfigProcessor : Loading config: C:\Users\antho\nightpin\modes\attract\config\attract.yaml
2025-11-05 16:52:13,546 : INFO : ConfigProcessor : Config file cache created: C:\Users\antho\AppData\Local\Temp\5dec96b1547c4adf5bdd3d1715e74bc0.mpf_cache
2025-11-05 16:52:13,546 : INFO : ConfigProcessor : Loading config from cache: C:\Users\antho\AppData\Local\Temp\202a5840610e95051f9f473dfa660cc0.mpf_cache
2025-11-05 16:52:13,548 : INFO : ConfigProcessor : Loading config from cache: C:\Users\antho\AppData\Local\Temp\5dec96b1547c4adf5bdd3d1715e74bc0.mpf_cache
2025-11-05 16:52:13,557 : INFO : ConfigProcessor : Loading config from cache: C:\Users\antho\AppData\Local\Temp\2cd13a2d3f375e00ab01d6d09a85d8e7.mpf_cache
2025-11-05 16:52:13,557 : INFO : ConfigProcessor : Loading config from cache: C:\Users\antho\AppData\Local\Temp\9220b44b97b91972524500b81035d790.mpf_cache
2025-11-05 16:52:13,559 : INFO : ConfigProcessor : Loading config from cache: C:\Users\antho\AppData\Local\Temp\aa919e501ed8450b10d3bb8e37574ac5.mpf_cache
2025-11-05 16:52:13,560 : INFO : ConfigProcessor : Loading config from cache: C:\Users\antho\AppData\Local\Temp\31ee881584fa6fce665a672a4f3f633a.mpf_cache
2025-11-05 16:52:13,560 : INFO : ConfigProcessor : Loading config from cache: C:\Users\antho\AppData\Local\Temp\5e841763ec73085bbf92358fe6afda21.mpf_cache
2025-11-05 16:52:13,561 : INFO : ConfigProcessor : Loading config from cache: C:\Users\antho\AppData\Local\Temp\7f73d12aa9beccac1cbd8c265ccda72e.mpf_cache
2025-11-05 16:52:13,561 : INFO : ConfigProcessor : Loading config from cache: C:\Users\antho\AppData\Local\Temp\a03ebaa9d6d5676c418deb142cb34911.mpf_cache
2025-11-05 16:52:13,561 : INFO : ConfigProcessor : Loading config from cache: C:\Users\antho\AppData\Local\Temp\b17152efa55a24f0424602723f8d3921.mpf_cache
2025-11-05 16:52:13,563 : INFO : ConfigProcessor : Loading config from cache: C:\Users\antho\AppData\Local\Temp\e87fc0e7d2f8a851b5fa3f604e0d0c6e.mpf_cache
2025-11-05 16:52:13,564 : INFO : ConfigProcessor : Loading config from cache: C:\Users\antho\AppData\Local\Temp\196ac76b6cab3a9880804c826cfbcb5c.mpf_cache
2025-11-05 16:52:13,564 : INFO : ConfigProcessor : Loading config from cache: C:\Users\antho\AppData\Local\Temp\55437eb303afaa980597ff60f339a871.mpf_cache
2025-11-05 16:52:13,565 : INFO : ConfigProcessor : Loading config from cache: C:\Users\antho\AppData\Local\Temp\fddc1006228d3387e6d1e46051a3638d.mpf_cache
2025-11-05 16:52:13,566 : INFO : ConfigProcessor : Loading config from cache: C:\Users\antho\AppData\Local\Temp\834292dd7853e12a66732dc89828c828.mpf_cache
2025-11-05 16:52:13,566 : INFO : ConfigProcessor : Loading config from cache: C:\Users\antho\AppData\Local\Temp\46f8fa3e41dfeeb8232af2f03a13b6c4.mpf_cache
2025-11-05 16:52:13,566 : INFO : ConfigProcessor : Loading config from cache: C:\Users\antho\AppData\Local\Temp\c67e9c175da6c060302945929b27b878.mpf_cache
2025-11-05 16:52:13,567 : INFO : Machine : Mission Pinball Framework Core Engine v0.80.0.dev11
2025-11-05 16:52:13,567 : INFO : Machine : Command line arguments: {'no_load_cache': False, 'create_config_cache': True, 'bcp': True, 'configfile': ['config.yaml'], 'force_assets_load': False, 'platform_integration_test': False, 'jsonlogging': False, 'logfile': 'logs\\2025-11-05-16-52-13-mpf-LAPTOP-MPGP6R69.log', 'pause': False, 'production': False, 'text_ui': True, 'loglevel': 15, 'consoleloglevel': 20, 'force_platform': None, 'syslog_address': None, 'full_logfile_path': 'C:\\Users\\antho\\nightpin\\logs\\2025-11-05-16-52-13-mpf-LAPTOP-MPGP6R69.log'}
2025-11-05 16:52:13,567 : INFO : Machine : MPF path: C:\Users\antho\mpf\Lib\site-packages\mpf
2025-11-05 16:52:13,567 : INFO : Machine : Machine path: C:\Users\antho\nightpin
2025-11-05 16:52:13,567 : INFO : Machine : Platform: win32
2025-11-05 16:52:13,568 : INFO : Machine : Python executable location: C:\Users\antho\mpf\Scripts\python.exe
2025-11-05 16:52:13,568 : INFO : Machine : Python version: 3.12.7 (64-bit)
2025-11-05 16:52:13,570 : INFO : Machine : Initializing MPF...
2025-11-05 16:52:13,841 : INFO : lisy : Connecting to com3 at 115200bps
2025-11-05 16:52:13,842 : WARNING : lisy : Could not import terminos (this is ok on windows).
2025-11-05 16:52:14,000 : INFO : EventManager : Event: ======'machine_var_lisy_hardware'====== Args={'value': 'LISY35', 'prev_value': None, 'change': True}
2025-11-05 16:52:14,000 : INFO : EventManager : Event: ======'machine_var_lisy_version'====== Args={'value': '5.26 ', 'prev_value': None, 'change': True}
2025-11-05 16:52:14,000 : INFO : EventManager : Event: ======'machine_var_lisy_api_version'====== Args={'value': b'0.09', 'prev_value': None, 'change': True}
2025-11-05 16:52:15,321 : INFO : EventManager : Event: ======'machine_var_credits_string'====== Args={'value': 'FREE PLAY', 'prev_value': None, 'change': True}
2025-11-05 16:52:15,352 : INFO : EventManager : Event: ======'machine_var_master_volume'====== Args={'value': 0.5, 'prev_value': None, 'change': True}
2025-11-05 16:52:15,352 : INFO : EventManager : Event: ======'machine_var_player1_score'====== Args={'value': 2200, 'prev_value': None, 'change': True}
2025-11-05 16:52:15,352 : INFO : EventManager : Event: ======'machine_var_player2_score'====== Args={'value': 1200, 'prev_value': None, 'change': True}
2025-11-05 16:52:15,352 : INFO : EventManager : Event: ======'machine_var_mpf_version'====== Args={'value': 'Mission Pinball Framework v0.80.0.dev11', 'prev_value': None, 'change': True}
2025-11-05 16:52:15,352 : INFO : EventManager : Event: ======'machine_var_mpf_extended_version'====== Args={'value': 'Mission Pinball Framework v0.80.0.dev11, Config version:6, Show version: 6, BCP version:1.1', 'prev_value': None, 'change': True}
2025-11-05 16:52:15,352 : INFO : EventManager : Event: ======'machine_var_python_version'====== Args={'value': '3.12.7', 'prev_value': None, 'change': True}
2025-11-05 16:52:15,526 : INFO : EventManager : Event: ======'machine_var_platform'====== Args={'value': 'Windows-11-10.0.26100-SP0', 'prev_value': None, 'change': True}
2025-11-05 16:52:15,526 : INFO : EventManager : Event: ======'machine_var_platform_system'====== Args={'value': 'Windows', 'prev_value': None, 'change': True}
2025-11-05 16:52:15,526 : INFO : EventManager : Event: ======'machine_var_platform_release'====== Args={'value': '11', 'prev_value': None, 'change': True}
2025-11-05 16:52:15,526 : INFO : EventManager : Event: ======'machine_var_platform_version'====== Args={'value': '10.0.26100', 'prev_value': None, 'change': True}
2025-11-05 16:52:15,526 : INFO : EventManager : Event: ======'machine_var_platform_machine'====== Args={'value': 'AMD64', 'prev_value': None, 'change': True}
2025-11-05 16:52:15,526 : INFO : EventManager : Event: ======'machine_var_log_file_path'====== Args={'value': 'C:\\Users\\antho\\nightpin\\logs\\2025-11-05-16-52-13-mpf-LAPTOP-MPGP6R69.log', 'prev_value': None, 'change': True}
2025-11-05 16:52:15,526 : INFO : EventManager : Event: ======'init_phase_1'====== Args={}
2025-11-05 16:52:15,560 : INFO : EventManager : Event: ======'drop_target_bank_right_bank_up'====== Args={}
2025-11-05 16:52:15,561 : INFO : EventManager : Event: ======'drop_target_bank_left_bank_up'====== Args={}
2025-11-05 16:52:15,638 : INFO : EventManager : Event: ======'init_phase_2'====== Args={}
2025-11-05 16:52:15,639 : INFO : SwitchController : Found active switch: ('24', <mpf.platforms.lisy.lisy.LisyHardwarePlatform object at 0x000001E448DC96D0>) <switch.s_saucer>
2025-11-05 16:52:15,648 : INFO : EventManager : Event: ======'bcp_connection_attempt'====== Args={'name': 'local_display', 'host': 'localhost', 'port': 5050}
2025-11-05 16:52:15,650 : INFO : BCPClientSocket : Connecting BCP to 'local_display' at localhost:5050...
2025-11-05 16:52:15,692 : INFO : BCPClientSocket : Connected BCP to 'local_display' localhost:5050
2025-11-05 16:52:15,693 : INFO : EventManager : Event: ======'bcp_clients_connected'====== Args={}
2025-11-05 16:52:15,800 : INFO : ball_device.bd_trough : BCH: Initial count: 0
2025-11-05 16:52:15,800 : INFO : ball_device.bd_trough : State: idle
2025-11-05 16:52:15,800 : INFO : ball_device.bd_saucer : BCH: Initial count: 1
2025-11-05 16:52:15,801 : INFO : ball_device.bd_saucer : State: idle
2025-11-05 16:52:15,826 : INFO : EventManager : Event: ======'init_phase_3'====== Args={}
2025-11-05 16:52:15,832 : INFO : EventManager : Event: ======'init_phase_4'====== Args={}
2025-11-05 16:52:15,832 : INFO : BallController : Initial balls found: 1
2025-11-05 16:52:15,835 : INFO : EventManager : Event: ======'machine_var_audits_events_game_ended'====== Args={'value': 17, 'prev_value': None, 'change': True}
2025-11-05 16:52:15,835 : INFO : EventManager : Event: ======'machine_var_audits_events_game_started'====== Args={'value': 94, 'prev_value': None, 'change': True}
2025-11-05 16:52:15,836 : INFO : EventManager : Event: ======'machine_var_audits_missing_switches_s_coin_right'====== Args={'value': 93, 'prev_value': None, 'change': True}
2025-11-05 16:52:15,836 : INFO : EventManager : Event: ======'machine_var_audits_missing_switches_s_credit_button'====== Args={'value': 66, 'prev_value': None, 'change': True}
2025-11-05 16:52:15,836 : INFO : EventManager : Event: ======'machine_var_audits_missing_switches_s_inlanes'====== Args={'value': 12, 'prev_value': None, 'change': True}
2025-11-05 16:52:15,836 : INFO : EventManager : Event: ======'machine_var_audits_missing_switches_s_left_bank_target_left'====== Args={'value': 14, 'prev_value': None, 'change': True}
2025-11-05 16:52:15,836 : INFO : EventManager : Event: ======'machine_var_audits_missing_switches_s_left_bank_target_middle'====== Args={'value': 17, 'prev_value': None, 'change': True}
2025-11-05 16:52:15,836 : INFO : EventManager : Event: ======'machine_var_audits_missing_switches_s_left_bank_target_right'====== Args={'value': 14, 'prev_value': None, 'change': True}
2025-11-05 16:52:15,836 : INFO : EventManager : Event: ======'machine_var_audits_missing_switches_s_left_inlane'====== Args={'value': 9, 'prev_value': None, 'change': True}
2025-11-05 16:52:15,836 : INFO : EventManager : Event: ======'machine_var_audits_missing_switches_s_left_lower_bumper'====== Args={'value': 2, 'prev_value': None, 'change': True}
2025-11-05 16:52:15,837 : INFO : EventManager : Event: ======'machine_var_audits_missing_switches_s_left_outlane'====== Args={'value': 9, 'prev_value': None, 'change': True}
2025-11-05 16:52:15,837 : INFO : EventManager : Event: ======'machine_var_audits_missing_switches_s_left_outlane_rollover'====== Args={'value': 23, 'prev_value': None, 'change': True}
2025-11-05 16:52:15,837 : INFO : EventManager : Event: ======'machine_var_audits_missing_switches_s_left_skill_lane'====== Args={'value': 8, 'prev_value': None, 'change': True}
2025-11-05 16:52:15,837 : INFO : EventManager : Event: ======'machine_var_audits_missing_switches_s_left_upper_bumper'====== Args={'value': 7, 'prev_value': None, 'change': True}
2025-11-05 16:52:15,837 : INFO : EventManager : Event: ======'machine_var_audits_missing_switches_s_middle_rollover'====== Args={'value': 2, 'prev_value': None, 'change': True}
2025-11-05 16:52:15,837 : INFO : EventManager : Event: ======'machine_var_audits_missing_switches_s_middle_upper_rollovers'====== Args={'value': 5, 'prev_value': None, 'change': True}
2025-11-05 16:52:15,837 : INFO : EventManager : Event: ======'machine_var_audits_missing_switches_s_outer_skill_lanes'====== Args={'value': 1, 'prev_value': None, 'change': True}
2025-11-05 16:52:15,837 : INFO : EventManager : Event: ======'machine_var_audits_missing_switches_s_right_bank_target_left'====== Args={'value': 7, 'prev_value': None, 'change': True}
2025-11-05 16:52:15,838 : INFO : EventManager : Event: ======'machine_var_audits_missing_switches_s_right_bank_target_middle'====== Args={'value': 7, 'prev_value': None, 'change': True}
2025-11-05 16:52:15,838 : INFO : EventManager : Event: ======'machine_var_audits_missing_switches_s_right_bank_target_right'====== Args={'value': 7, 'prev_value': None, 'change': True}
2025-11-05 16:52:15,838 : INFO : EventManager : Event: ======'machine_var_audits_missing_switches_s_right_inlane'====== Args={'value': 2, 'prev_value': None, 'change': True}
2025-11-05 16:52:15,838 : INFO : EventManager : Event: ======'machine_var_audits_missing_switches_s_right_outlane'====== Args={'value': 9, 'prev_value': None, 'change': True}
2025-11-05 16:52:15,838 : INFO : EventManager : Event: ======'machine_var_audits_missing_switches_s_right_outlane_rollover'====== Args={'value': 40, 'prev_value': None, 'change': True}
2025-11-05 16:52:15,838 : INFO : EventManager : Event: ======'machine_var_audits_missing_switches_s_right_rollover'====== Args={'value': 9, 'prev_value': None, 'change': True}
2025-11-05 16:52:15,838 : INFO : EventManager : Event: ======'machine_var_audits_missing_switches_s_right_sling'====== Args={'value': 15, 'prev_value': None, 'change': True}
2025-11-05 16:52:15,838 : INFO : EventManager : Event: ======'machine_var_audits_missing_switches_s_slam_tilt'====== Args={'value': 32, 'prev_value': None, 'change': True}
2025-11-05 16:52:15,838 : INFO : EventManager : Event: ======'machine_var_audits_missing_switches_s_spinner'====== Args={'value': 7, 'prev_value': None, 'change': True}
2025-11-05 16:52:15,838 : INFO : EventManager : Event: ======'machine_var_audits_missing_switches_s_stand_up'====== Args={'value': 66, 'prev_value': None, 'change': True}
2025-11-05 16:52:15,839 : INFO : EventManager : Event: ======'machine_var_audits_player_score'====== Args={'value': {'average': 1435, 'top': [5110, 5070, 4300, 4230, 3980, 3410, 2200, 1300, 1200, 500], 'total': 25}, 'prev_value': None, 'change': True}
2025-11-05 16:52:15,839 : INFO : EventManager : Event: ======'machine_var_audits_shots_my_first_shot'====== Args={'value': 3, 'prev_value': None, 'change': True}
2025-11-05 16:52:15,839 : INFO : EventManager : Event: ======'machine_var_audits_shots_sh_eg_pop_left'====== Args={'value': 8, 'prev_value': None, 'change': True}
2025-11-05 16:52:15,839 : INFO : EventManager : Event: ======'machine_var_audits_shots_sh_eg_pop_middle'====== Args={'value': 8, 'prev_value': None, 'change': True}
2025-11-05 16:52:15,839 : INFO : EventManager : Event: ======'machine_var_audits_shots_sh_eg_pop_right'====== Args={'value': 13, 'prev_value': None, 'change': True}
2025-11-05 16:52:15,839 : INFO : EventManager : Event: ======'machine_var_audits_shots_sh_eg_right_drop_left'====== Args={'value': 4, 'prev_value': None, 'change': True}
2025-11-05 16:52:15,839 : INFO : EventManager : Event: ======'machine_var_audits_shots_sh_eg_right_drop_middle'====== Args={'value': 3, 'prev_value': None, 'change': True}
2025-11-05 16:52:15,839 : INFO : EventManager : Event: ======'machine_var_audits_shots_sh_eg_right_drop_right'====== Args={'value': 3, 'prev_value': None, 'change': True}
2025-11-05 16:52:15,839 : INFO : EventManager : Event: ======'machine_var_audits_shots_sh_eg_spinner'====== Args={'value': 2, 'prev_value': None, 'change': True}
2025-11-05 16:52:15,839 : INFO : EventManager : Event: ======'machine_var_audits_shots_sh_escape_graveyard_start'====== Args={'value': 7, 'prev_value': None, 'change': True}
2025-11-05 16:52:15,839 : INFO : EventManager : Event: ======'machine_var_audits_switches_s_coin_right'====== Args={'value': 1, 'prev_value': None, 'change': True}
2025-11-05 16:52:15,839 : INFO : EventManager : Event: ======'machine_var_audits_switches_s_credit_button'====== Args={'value': 5, 'prev_value': None, 'change': True}
2025-11-05 16:52:15,839 : INFO : EventManager : Event: ======'machine_var_audits_switches_s_inlanes'====== Args={'value': 159, 'prev_value': None, 'change': True}
2025-11-05 16:52:15,839 : INFO : EventManager : Event: ======'machine_var_audits_switches_s_left_bank_target_left'====== Args={'value': 36, 'prev_value': None, 'change': True}
2025-11-05 16:52:15,840 : INFO : EventManager : Event: ======'machine_var_audits_switches_s_left_bank_target_middle'====== Args={'value': 27, 'prev_value': None, 'change': True}
2025-11-05 16:52:15,840 : INFO : EventManager : Event: ======'machine_var_audits_switches_s_left_bank_target_right'====== Args={'value': 27, 'prev_value': None, 'change': True}
2025-11-05 16:52:15,840 : INFO : EventManager : Event: ======'machine_var_audits_switches_s_left_inlane'====== Args={'value': 0, 'prev_value': None, 'change': True}
2025-11-05 16:52:15,840 : INFO : EventManager : Event: ======'machine_var_audits_switches_s_left_lower_bumper'====== Args={'value': 34, 'prev_value': None, 'change': True}
2025-11-05 16:52:15,840 : INFO : EventManager : Event: ======'machine_var_audits_switches_s_left_outlane'====== Args={'value': 0, 'prev_value': None, 'change': True}
2025-11-05 16:52:15,840 : INFO : EventManager : Event: ======'machine_var_audits_switches_s_left_outlane_rollover'====== Args={'value': 23, 'prev_value': None, 'change': True}
2025-11-05 16:52:15,840 : INFO : EventManager : Event: ======'machine_var_audits_switches_s_left_pop_bumper'====== Args={'value': 128, 'prev_value': None, 'change': True}
2025-11-05 16:52:15,840 : INFO : EventManager : Event: ======'machine_var_audits_switches_s_left_rollover'====== Args={'value': 2, 'prev_value': None, 'change': True}
2025-11-05 16:52:15,840 : INFO : EventManager : Event: ======'machine_var_audits_switches_s_left_skill_lane'====== Args={'value': 1, 'prev_value': None, 'change': True}
2025-11-05 16:52:15,840 : INFO : EventManager : Event: ======'machine_var_audits_switches_s_left_sling'====== Args={'value': 95, 'prev_value': None, 'change': True}
2025-11-05 16:52:15,840 : INFO : EventManager : Event: ======'machine_var_audits_switches_s_left_upper_bumper'====== Args={'value': 44, 'prev_value': None, 'change': True}
2025-11-05 16:52:15,840 : INFO : EventManager : Event: ======'machine_var_audits_switches_s_middle_pop_bumper'====== Args={'value': 128, 'prev_value': None, 'change': True}
2025-11-05 16:52:15,840 : INFO : EventManager : Event: ======'machine_var_audits_switches_s_middle_rollover'====== Args={'value': 6, 'prev_value': None, 'change': True}
2025-11-05 16:52:15,840 : INFO : EventManager : Event: ======'machine_var_audits_switches_s_middle_skill_lane'====== Args={'value': 83, 'prev_value': None, 'change': True}
2025-11-05 16:52:15,840 : INFO : EventManager : Event: ======'machine_var_audits_switches_s_middle_upper_rollovers'====== Args={'value': 97, 'prev_value': None, 'change': True}
2025-11-05 16:52:15,840 : INFO : EventManager : Event: ======'machine_var_audits_switches_s_outer_skill_lanes'====== Args={'value': 133, 'prev_value': None, 'change': True}
2025-11-05 16:52:15,840 : INFO : EventManager : Event: ======'machine_var_audits_switches_s_pop_bumper_bottom'====== Args={'value': 6, 'prev_value': None, 'change': True}
2025-11-05 16:52:15,840 : INFO : EventManager : Event: ======'machine_var_audits_switches_s_pop_bumper_left'====== Args={'value': 2, 'prev_value': None, 'change': True}
2025-11-05 16:52:15,840 : INFO : EventManager : Event: ======'machine_var_audits_switches_s_pop_bumper_right'====== Args={'value': 1, 'prev_value': None, 'change': True}
2025-11-05 16:52:15,840 : INFO : EventManager : Event: ======'machine_var_audits_switches_s_right_bank_target_left'====== Args={'value': 55, 'prev_value': None, 'change': True}
2025-11-05 16:52:15,841 : INFO : EventManager : Event: ======'machine_var_audits_switches_s_right_bank_target_middle'====== Args={'value': 43, 'prev_value': None, 'change': True}
2025-11-05 16:52:15,841 : INFO : EventManager : Event: ======'machine_var_audits_switches_s_right_bank_target_right'====== Args={'value': 40, 'prev_value': None, 'change': True}
2025-11-05 16:52:15,841 : INFO : EventManager : Event: ======'machine_var_audits_switches_s_right_inlane'====== Args={'value': 3, 'prev_value': None, 'change': True}
2025-11-05 16:52:15,841 : INFO : EventManager : Event: ======'machine_var_audits_switches_s_right_outlane'====== Args={'value': 0, 'prev_value': None, 'change': True}
2025-11-05 16:52:15,841 : INFO : EventManager : Event: ======'machine_var_audits_switches_s_right_outlane_rollover'====== Args={'value': 6, 'prev_value': None, 'change': True}
2025-11-05 16:52:15,841 : INFO : EventManager : Event: ======'machine_var_audits_switches_s_right_pop_bumper'====== Args={'value': 183, 'prev_value': None, 'change': True}
2025-11-05 16:52:15,841 : INFO : EventManager : Event: ======'machine_var_audits_switches_s_right_rollover'====== Args={'value': 0, 'prev_value': None, 'change': True}
2025-11-05 16:52:15,841 : INFO : EventManager : Event: ======'machine_var_audits_switches_s_right_skill_lane'====== Args={'value': 2, 'prev_value': None, 'change': True}
2025-11-05 16:52:15,841 : INFO : EventManager : Event: ======'machine_var_audits_switches_s_right_sling'====== Args={'value': 72, 'prev_value': None, 'change': True}
2025-11-05 16:52:15,841 : INFO : EventManager : Event: ======'machine_var_audits_switches_s_rollover_upper'====== Args={'value': 3, 'prev_value': None, 'change': True}
2025-11-05 16:52:15,841 : INFO : EventManager : Event: ======'machine_var_audits_switches_s_saucer'====== Args={'value': 101, 'prev_value': None, 'change': True}
2025-11-05 16:52:15,841 : INFO : EventManager : Event: ======'machine_var_audits_switches_s_slam_tilt'====== Args={'value': 6, 'prev_value': None, 'change': True}
2025-11-05 16:52:15,841 : INFO : EventManager : Event: ======'machine_var_audits_switches_s_spinner'====== Args={'value': 430, 'prev_value': None, 'change': True}
2025-11-05 16:52:15,841 : INFO : EventManager : Event: ======'machine_var_audits_switches_s_stand_up'====== Args={'value': 8, 'prev_value': None, 'change': True}
2025-11-05 16:52:15,842 : INFO : EventManager : Event: ======'machine_var_audits_switches_s_start_button'====== Args={'value': 38, 'prev_value': None, 'change': True}
2025-11-05 16:52:15,842 : INFO : EventManager : Event: ======'machine_var_audits_switches_s_tilt'====== Args={'value': 2, 'prev_value': None, 'change': True}
2025-11-05 16:52:15,842 : INFO : EventManager : Event: ======'machine_var_audits_switches_s_trough'====== Args={'value': 461, 'prev_value': None, 'change': True}
2025-11-05 16:52:15,842 : INFO : EventManager : Event: ======'init_phase_5'====== Args={}
2025-11-05 16:52:15,880 : INFO : EventManager : Event: ======'init_done'====== Args={}
2025-11-05 16:52:15,880 : INFO : EventManager : Event: ======'machine_reset_phase_1'====== Args={}
2025-11-05 16:52:15,881 : INFO : SwitchController : <<<<<<< 's_saucer' inactive >>>>>>>
2025-11-05 16:52:15,888 : INFO : SwitchController : <<<<<<< 's_trough' active >>>>>>>
2025-11-05 16:52:15,893 : INFO : EventManager : Event: ======'machine_reset_phase_2'====== Args={}
2025-11-05 16:52:15,894 : INFO : EventManager : Event: ======'machine_reset_phase_3'====== Args={}
2025-11-05 16:52:15,895 : INFO : EventManager : Event: ======'mode_attract_will_start'====== Args={'queue': <QueuedEvent>}
2025-11-05 16:52:15,896 : INFO : EventManager : Event: ======'mode_attract_starting'====== Args={'queue': <QueuedEvent>}
2025-11-05 16:52:15,896 : INFO : Mode.attract : Started. Priority: 10
2025-11-05 16:52:15,897 : INFO : EventManager : Event: ======'modes_active_modes_changed'====== Args={}
2025-11-05 16:52:15,897 : INFO : EventManager : Event: ======'mode_attract_started'====== Args={'queue': <QueuedEvent>}
2025-11-05 16:52:15,897 : INFO : EventManager : Event: ======'godot_attract_on'====== Args={'priority': 0}
2025-11-05 16:52:15,898 : INFO : EventManager : Event: ======'collecting_balls_complete'====== Args={}
2025-11-05 16:52:15,898 : INFO : EventManager : Event: ======'reset_complete'====== Args={}
2025-11-05 16:52:15,912 : INFO : Machine : Starting the main run loop with active modes: [<Mode.attract>]
2025-11-05 16:52:15,940 : INFO : EventManager : Event: ======'slide_attract_created'====== Args={'_from_bcp': True}
2025-11-05 16:52:15,940 : INFO : EventManager : Event: ======'slide__removed'====== Args={'_from_bcp': True}
2025-11-05 16:52:15,942 : INFO : EventManager : Event: ======'slide_attract_active'====== Args={'original_context': 'attract', 'original_calling_context': 'mode_attract_started', 'priority': 10.0, 'queue': '<QueuedEvent>', 'cmd': 'slides_play', '_from_bcp': True}
2025-11-05 16:52:16,391 : INFO : EventManager : Event: ======'balldevice_bd_trough_ball_count_changed'====== Args={'balls': 1}
2025-11-05 16:52:16,391 : INFO : ball_device.bd_trough : Received unexpected ball
2025-11-05 16:52:16,391 : INFO : EventManager : Event: ======'balldevice_captured_from_playfield'====== Args={'balls': 1}
2025-11-05 16:52:16,392 : INFO : EventManager : Event: ======'sw_playfield_active'====== Args={'balls': 1}
2025-11-05 16:52:16,392 : INFO : EventManager : Event: ======'playfield_active'====== Args={'source': None}
2025-11-05 16:52:16,392 : INFO : EventManager : Event: ======'unexpected_ball_on_playfield'====== Args={}
2025-11-05 16:52:16,392 : INFO : EventManager : Event: ======'playfield_ball_count_change'====== Args={'balls': -1, 'change': -1}
2025-11-05 16:52:16,392 : INFO : EventManager : Event: ======'balldevice_bd_trough_ball_enter'====== Args={'new_balls': 1, 'unclaimed_balls': 1, 'new_available_balls': 1, 'device': <ball_device.bd_trough>}
2025-11-05 16:52:16,392 : INFO : EventManager : Event: ======'ball_drain'====== Args={'device': <ball_device.bd_trough>, 'balls': 1}
2025-11-05 16:52:16,392 : INFO : EventManager : Event: ======'balldevice_balls_available'====== Args={}
2025-11-05 16:52:16,394 : INFO : EventManager : Event: ======'balldevice_bd_trough_ball_entered'====== Args={'new_balls': 1, 'device': <ball_device.bd_trough>}
2025-11-05 16:52:17,755 : INFO : SwitchController : <<<<<<< 's_start_button' active >>>>>>>
2025-11-05 16:52:17,895 : INFO : EventManager : Event: ======'attract_wave_complete'====== Args={'priority': 0}
2025-11-05 16:52:17,910 : INFO : SwitchController : <<<<<<< 's_start_button' inactive >>>>>>>
2025-11-05 16:52:17,910 : INFO : EventManager : Event: ======'request_to_start_game'====== Args={}
2025-11-05 16:52:17,910 : INFO : EventManager : Event: ======'collecting_balls'====== Args={}
2025-11-05 16:52:17,910 : INFO : BallController : Known balls: 1
2025-11-05 16:52:17,911 : INFO : BallController : bd_trough contains 1 balls. Tags ['trough', 'home', 'drain']
2025-11-05 16:52:17,911 : INFO : BallController : bd_saucer contains 1 balls. Tags ['saucer', 'home', 'eject', 'playfield']
2025-11-05 16:52:17,911 : INFO : BallController : playfield contains -1 balls. Tags ['default']
2025-11-05 16:52:17,911 : WARNING : BallController : BallController denies game start. Balls are not in their home positions.
2025-11-05 16:52:18,282 : INFO : EventManager : Event: ======'attract_pulse_complete'====== Args={'priority': 0}
2025-11-05 16:52:18,687 : INFO : EventManager : Event: ======'attract_pulse_complete'====== Args={'priority': 0}
2025-11-05 16:52:20,678 : INFO : EventManager : Event: ======'attract_wave_complete'====== Args={'priority': 0}
2025-11-05 16:52:21,078 : INFO : EventManager : Event: ======'attract_pulse_complete'====== Args={'priority': 0}
2025-11-05 16:52:21,389 : INFO : EventManager : Event: ======'balldevice_bd_saucer_ball_count_changed'====== Args={'balls': 0}
2025-11-05 16:52:21,389 : WARNING : ball_device.bd_saucer : Ball disappeared while idle. This should not normally happen.
2025-11-05 16:52:21,389 : INFO : EventManager : Event: ======'balldevice_playfield_ball_enter'====== Args={'new_balls': 1, 'unclaimed_balls': 1, 'device': <playfield.playfield>}
2025-11-05 16:52:21,389 : INFO : EventManager : Event: ======'playfield_ball_count_change'====== Args={'balls': 0, 'change': 1}
2025-11-05 16:52:21,389 : INFO : ball_device.bd_saucer : 1 ball(s) missing from device. Mechanical eject? False
2025-11-05 16:52:21,389 : INFO : EventManager : Event: ======'balldevice_bd_saucer_ball_missing'====== Args={'balls': 1}
2025-11-05 16:52:21,389 : INFO : EventManager : Event: ======'balldevice_ball_missing'====== Args={'balls': 1, 'name': 'bd_saucer'}
2025-11-05 16:52:21,483 : INFO : EventManager : Event: ======'attract_pulse_complete'====== Args={'priority': 0}
2025-11-05 16:52:22,121 : INFO : SwitchController : <<<<<<< 's_start_button' active >>>>>>>
2025-11-05 16:52:22,481 : INFO : SwitchController : <<<<<<< 's_start_button' inactive >>>>>>>
2025-11-05 16:52:22,481 : INFO : EventManager : Event: ======'request_to_start_game'====== Args={}
2025-11-05 16:52:22,481 : INFO : EventManager : Event: ======'game_start'====== Args={'buttons': [], 'hold_time': 0.3600000001024455}
2025-11-05 16:52:22,482 : INFO : EventManager : Event: ======'mode_game_will_start'====== Args={'buttons': [], 'hold_time': 0.3600000001024455}
2025-11-05 16:52:22,482 : INFO : EventManager : Event: ======'mode_game_starting'====== Args={'buttons': [], 'hold_time': 0.3600000001024455}
2025-11-05 16:52:22,482 : INFO : Mode.game : Started. Priority: 20
2025-11-05 16:52:22,482 : INFO : EventManager : Event: ======'modes_active_modes_changed'====== Args={}
2025-11-05 16:52:22,482 : INFO : EventManager : Event: ======'mode_game_started'====== Args={'buttons': [], 'hold_time': 0.3600000001024455}
2025-11-05 16:52:22,498 : INFO : EventManager : Event: ======'game_will_start'====== Args={}
2025-11-05 16:52:22,498 : INFO : EventManager : Event: ======'game_starting'====== Args={'game': <Mode.game>}
2025-11-05 16:52:22,500 : INFO : EventManager : Event: ======'mode_attract_will_stop'====== Args={}
2025-11-05 16:52:22,500 : INFO : EventManager : Event: ======'mode_attract_stopping'====== Args={}
2025-11-05 16:52:22,500 : INFO : EventManager : Event: ======'godot_attract_off'====== Args={'priority': 0}
2025-11-05 16:52:22,500 : INFO : EventManager : Unordered handler for class <Auditor> on event game_ended with priority 1. Handlers: [RegisteredHandler(callback=<bound method Auditor.disable of <Auditor>>, priority=1, kwargs={}, key=UUID('b72c3e36-635b-46a7-8be0-8ceb553ad68a'), condition=None, blocking_facility=None), RegisteredHandler(callback=<bound method Auditor._save_audits of <Auditor>>, priority=1, kwargs={}, key=UUID('a2e6fbb6-f8e0-407c-9c1d-978887cc1e76'), condition=None, blocking_facility=None)]. The order of those handlers is not defined and they will be executed in random order. This might lead to race conditions and potential bugs.
2025-11-05 16:52:22,500 : INFO : EventManager : Event: ======'godot_attract_off'====== Args={'priority': 0}
2025-11-05 16:52:22,501 : INFO : Mode.attract : Stopped.
2025-11-05 16:52:22,501 : INFO : EventManager : Event: ======'modes_active_modes_changed'====== Args={}
2025-11-05 16:52:22,502 : INFO : EventManager : Event: ======'mode_attract_stopped'====== Args={}
2025-11-05 16:52:22,502 : INFO : EventManager : Event: ======'clear'====== Args={'key': 'attract'}
2025-11-05 16:52:22,502 : INFO : EventManager : Event: ======'player_add_request'====== Args={}
2025-11-05 16:52:22,503 : INFO : EventManager : Event: ======'player_will_add'====== Args={'number': 1}
2025-11-05 16:52:22,503 : INFO : EventManager : Event: ======'player_adding'====== Args={'player': <Player 1>, 'number': 1}
2025-11-05 16:52:22,503 : INFO : EventManager : Event: ======'player_added'====== Args={'player': <Player 1>, 'num': 1}
2025-11-05 16:52:22,503 : INFO : Mode.game : Player added successfully. Total players: 1
2025-11-05 16:52:22,504 : INFO : EventManager : Event: ======'player_index'====== Args={'value': 0, 'prev_value': 0, 'change': 0, 'player_num': 1}
2025-11-05 16:52:22,504 : INFO : EventManager : Event: ======'player_number'====== Args={'value': 1, 'prev_value': 1, 'change': 0, 'player_num': 1}
2025-11-05 16:52:22,504 : INFO : EventManager : Event: ======'player_score'====== Args={'value': 0, 'prev_value': 0, 'change': 0, 'player_num': 1}
2025-11-05 16:52:22,505 : INFO : EventManager : Unordered handler for class <Auditor> on event game_ended with priority 1. Handlers: [RegisteredHandler(callback=<bound method Auditor.disable of <Auditor>>, priority=1, kwargs={}, key=UUID('b72c3e36-635b-46a7-8be0-8ceb553ad68a'), condition=None, blocking_facility=None), RegisteredHandler(callback=<bound method Auditor._save_audits of <Auditor>>, priority=1, kwargs={}, key=UUID('a2e6fbb6-f8e0-407c-9c1d-978887cc1e76'), condition=None, blocking_facility=None)]. The order of those handlers is not defined and they will be executed in random order. This might lead to race conditions and potential bugs.
2025-11-05 16:52:22,546 : INFO : EventManager : Event: ======'game_started'====== Args={}
2025-11-05 16:52:22,547 : INFO : EventManager : Event: ======'blink_on'====== Args={'priority': 0}
2025-11-05 16:52:22,548 : INFO : EventManager : Event: ======'player_turn_will_start'====== Args={'player': <Player 1>, 'number': 1}
2025-11-05 16:52:22,553 : INFO : EventManager : Event: ======'player_turn_starting'====== Args={'player': <Player 1>, 'number': 1}
2025-11-05 16:52:22,553 : INFO : EventManager : Event: ======'player_ball'====== Args={'value': 1, 'prev_value': 0, 'change': 1, 'player_num': 1}
2025-11-05 16:52:22,553 : INFO : EventManager : Event: ======'player_turn_started'====== Args={'player': <Player 1>, 'number': 1}
2025-11-05 16:52:22,554 : INFO : EventManager : Event: ======'ball_will_start'====== Args={'player': 1, 'ball': 1, 'balls_remaining': 2, 'is_extra_ball': False}
2025-11-05 16:52:22,559 : INFO : EventManager : Event: ======'ball_starting'====== Args={'player': 1, 'ball': 1, 'balls_remaining': 2, 'is_extra_ball': False}
2025-11-05 16:52:22,559 : INFO : drop_target_bank.right_bank : All targets are already up. Will not reset bank.
2025-11-05 16:52:22,560 : INFO : drop_target_bank.left_bank : All targets are already up. Will not reset bank.
2025-11-05 16:52:22,560 : INFO : EventManager : Event: ======'balls_in_play'====== Args={'balls': 1}
2025-11-05 16:52:22,560 : INFO : EventManager : Event: ======'ball_started'====== Args={'player': 1, 'ball': 1, 'balls_remaining': 2, 'is_extra_ball': False}
2025-11-05 16:52:22,560 : INFO : EventManager : Event: ======'mode_base_will_start'====== Args={'player': 1, 'ball': 1, 'balls_remaining': 2, 'is_extra_ball': False}
2025-11-05 16:52:22,561 : INFO : EventManager : Event: ======'player_shot_sh_escape_graveyard_start_enabled'====== Args={'value': False, 'prev_value': 0, 'change': 0, 'player_num': 1}
2025-11-05 16:52:22,561 : INFO : EventManager : Unordered handler for class <Auditor> on event game_ended with priority 1. Handlers: [RegisteredHandler(callback=<bound method Auditor.disable of <Auditor>>, priority=1, kwargs={}, key=UUID('b72c3e36-635b-46a7-8be0-8ceb553ad68a'), condition=None, blocking_facility=None), RegisteredHandler(callback=<bound method Auditor._save_audits of <Auditor>>, priority=1, kwargs={}, key=UUID('a2e6fbb6-f8e0-407c-9c1d-978887cc1e76'), condition=None, blocking_facility=None)]. The order of those handlers is not defined and they will be executed in random order. This might lead to race conditions and potential bugs.
2025-11-05 16:52:22,563 : INFO : EventManager : Unordered handler for class <Auditor> on event game_ended with priority 1. Handlers: [RegisteredHandler(callback=<bound method Auditor.disable of <Auditor>>, priority=1, kwargs={}, key=UUID('b72c3e36-635b-46a7-8be0-8ceb553ad68a'), condition=None, blocking_facility=None), RegisteredHandler(callback=<bound method Auditor._save_audits of <Auditor>>, priority=1, kwargs={}, key=UUID('a2e6fbb6-f8e0-407c-9c1d-978887cc1e76'), condition=None, blocking_facility=None)]. The order of those handlers is not defined and they will be executed in random order. This might lead to race conditions and potential bugs.
2025-11-05 16:52:22,566 : INFO : EventManager : Event: ======'mode_base_starting'====== Args={'player': 1, 'ball': 1, 'balls_remaining': 2, 'is_extra_ball': False}
2025-11-05 16:52:22,567 : INFO : EventManager : Unordered handler for class <Auditor> on event game_ended with priority 1. Handlers: [RegisteredHandler(callback=<bound method Auditor.disable of <Auditor>>, priority=1, kwargs={}, key=UUID('b72c3e36-635b-46a7-8be0-8ceb553ad68a'), condition=None, blocking_facility=None), RegisteredHandler(callback=<bound method Auditor._save_audits of <Auditor>>, priority=1, kwargs={}, key=UUID('a2e6fbb6-f8e0-407c-9c1d-978887cc1e76'), condition=None, blocking_facility=None)]. The order of those handlers is not defined and they will be executed in random order. This might lead to race conditions and potential bugs.
2025-11-05 16:52:22,569 : INFO : EventManager : Event: ======'logicblock_eg_pop_counter_updated'====== Args={'value': 0, 'enabled': True}
2025-11-05 16:52:22,569 : INFO : EventManager : Event: ======'logicblock_eg_pop_counter_updated'====== Args={'value': 0, 'enabled': True}
2025-11-05 16:52:22,569 : INFO : Mode.base : Started. Priority: 50
2025-11-05 16:52:22,569 : INFO : EventManager : Event: ======'modes_active_modes_changed'====== Args={}
2025-11-05 16:52:22,569 : INFO : EventManager : Event: ======'mode_base_started'====== Args={'player': 1, 'ball': 1, 'balls_remaining': 2, 'is_extra_ball': False}
2025-11-05 16:52:22,569 : INFO : EventManager : Event: ======'single_player_ball_started'====== Args={}
2025-11-05 16:52:22,570 : INFO : EventManager : Event: ======'stop_mode_attract'====== Args={'priority': 0}
2025-11-05 16:52:22,570 : INFO : EventManager : Event: ======'godot_attract_off'====== Args={'priority': 0}
2025-11-05 16:52:22,570 : INFO : EventManager : Event: ======'godot_play_base'====== Args={'priority': 0}
2025-11-05 16:52:22,571 : INFO : EventManager : Event: ======'start_firstball_intro'====== Args={'priority': 0}
2025-11-05 16:52:22,571 : INFO : EventManager : Event: ======'zombie_moan_1'====== Args={'priority': 0, 'action': 'play'}
2025-11-05 16:52:22,572 : INFO : EventManager : Event: ======'ball_start_target'====== Args={'target': 'playfield'}
2025-11-05 16:52:22,585 : INFO : ball_device.bd_trough : Setting up player-controlled eject. Balls: 1, Target: <playfield.playfield>, player_controlled_eject_event: None
2025-11-05 16:52:22,585 : INFO : ball_device.bd_trough : Adding 1 ball(s) to the eject_queue with target <playfield.playfield>.
2025-11-05 16:52:22,586 : INFO : EventManager : Event: ======'balldevice_balls_available'====== Args={}
2025-11-05 16:52:22,586 : INFO : ball_device.bd_trough : State: waiting_for_target_ready
2025-11-05 16:52:22,586 : INFO : EventManager : Event: ======'balldevice_bd_trough_ball_eject_attempt'====== Args={'balls': 1, 'target': <playfield.playfield>, 'source': <ball_device.bd_trough>, 'mechanical_eject': False, 'num_attempts': 0}
2025-11-05 16:52:22,587 : INFO : ball_device.bd_trough : State: ejecting
2025-11-05 16:52:22,587 : INFO : ball_device.bd_trough : Ejecting ball to <playfield.playfield>
2025-11-05 16:52:22,587 : INFO : EventManager : Event: ======'balldevice_bd_trough_ejecting_ball'====== Args={'balls': 1, 'target': <playfield.playfield>, 'source': <ball_device.bd_trough>, 'mechanical_eject': False, 'num_attempts': 0}
2025-11-05 16:52:22,588 : INFO : ball_device.bd_trough : Wait for ball to leave device
2025-11-05 16:52:22,588 : INFO : coil.c_trough_eject : Pulsing Driver for 40ms (1.0 pulse_power)
2025-11-05 16:52:22,650 : INFO : SwitchController : <<<<<<< 's_trough' inactive >>>>>>>
2025-11-05 16:52:22,656 : INFO : SwitchController : <<<<<<< 's_trough' active >>>>>>>
2025-11-05 16:52:22,656 : INFO : EventManager : Event: ======'machine_var_audits_switches_s_trough'====== Args={'value': 462, 'prev_value': 461, 'change': 1}
2025-11-05 16:52:22,663 : INFO : ball_device.bd_trough : State: ball_left
2025-11-05 16:52:22,664 : INFO : ball_device.bd_trough : Ball left
2025-11-05 16:52:22,664 : INFO : ball_device.bd_trough : Wait for confirm with timeout 10.0
2025-11-05 16:52:22,665 : INFO : SwitchController : <<<<<<< 's_trough' inactive >>>>>>>
2025-11-05 16:52:23,132 : INFO : EventManager : Event: ======'blink_off'====== Args={'priority': 0}
2025-11-05 16:52:23,740 : INFO : EventManager : Event: ======'blink_on'====== Args={'priority': 0}
2025-11-05 16:52:24,346 : INFO : EventManager : Event: ======'blink_off'====== Args={'priority': 0}
2025-11-05 16:52:24,348 : INFO : EventManager : Unordered handler for class <Auditor> on event game_ended with priority 1. Handlers: [RegisteredHandler(callback=<bound method Auditor.disable of <Auditor>>, priority=1, kwargs={}, key=UUID('b72c3e36-635b-46a7-8be0-8ceb553ad68a'), condition=None, blocking_facility=None), RegisteredHandler(callback=<bound method Auditor._save_audits of <Auditor>>, priority=1, kwargs={}, key=UUID('a2e6fbb6-f8e0-407c-9c1d-978887cc1e76'), condition=None, blocking_facility=None)]. The order of those handlers is not defined and they will be executed in random order. This might lead to race conditions and potential bugs.
2025-11-05 16:52:24,940 : INFO : EventManager : Event: ======'blink_on'====== Args={'priority': 0}
2025-11-05 16:52:25,548 : INFO : EventManager : Event: ======'blink_off'====== Args={'priority': 0}
2025-11-05 16:52:25,549 : INFO : EventManager : Unordered handler for class <Auditor> on event game_ended with priority 1. Handlers: [RegisteredHandler(callback=<bound method Auditor.disable of <Auditor>>, priority=1, kwargs={}, key=UUID('b72c3e36-635b-46a7-8be0-8ceb553ad68a'), condition=None, blocking_facility=None), RegisteredHandler(callback=<bound method Auditor._save_audits of <Auditor>>, priority=1, kwargs={}, key=UUID('a2e6fbb6-f8e0-407c-9c1d-978887cc1e76'), condition=None, blocking_facility=None)]. The order of those handlers is not defined and they will be executed in random order. This might lead to race conditions and potential bugs.
2025-11-05 16:52:25,906 : INFO : SwitchController : <<<<<<< 's_start_button' active >>>>>>>
2025-11-05 16:52:25,906 : INFO : EventManager : Event: ======'sw_start'====== Args={}
2025-11-05 16:52:25,906 : INFO : EventManager : Event: ======'machine_var_audits_switches_s_start_button'====== Args={'value': 39, 'prev_value': 38, 'change': 1}
2025-11-05 16:52:25,908 : INFO : EventManager : Event: ======'player_add_request'====== Args={}
2025-11-05 16:52:25,908 : INFO : EventManager : Event: ======'player_will_add'====== Args={'number': 2}
2025-11-05 16:52:25,908 : INFO : EventManager : Event: ======'player_adding'====== Args={'player': <Player 2>, 'number': 2}
2025-11-05 16:52:25,908 : INFO : EventManager : Event: ======'player_added'====== Args={'player': <Player 2>, 'num': 2}
2025-11-05 16:52:25,908 : INFO : Mode.game : Player added successfully. Total players: 2
2025-11-05 16:52:25,908 : INFO : EventManager : Event: ======'multiplayer_game'====== Args={}
2025-11-05 16:52:25,909 : INFO : EventManager : Event: ======'player_index'====== Args={'value': 1, 'prev_value': 1, 'change': 0, 'player_num': 2}
2025-11-05 16:52:25,909 : INFO : EventManager : Event: ======'player_number'====== Args={'value': 2, 'prev_value': 2, 'change': 0, 'player_num': 2}
2025-11-05 16:52:25,909 : INFO : EventManager : Event: ======'player_score'====== Args={'value': 0, 'prev_value': 0, 'change': 0, 'player_num': 2}
2025-11-05 16:52:25,910 : INFO : EventManager : Unordered handler for class <Auditor> on event game_ended with priority 1. Handlers: [RegisteredHandler(callback=<bound method Auditor.disable of <Auditor>>, priority=1, kwargs={}, key=UUID('b72c3e36-635b-46a7-8be0-8ceb553ad68a'), condition=None, blocking_facility=None), RegisteredHandler(callback=<bound method Auditor._save_audits of <Auditor>>, priority=1, kwargs={}, key=UUID('a2e6fbb6-f8e0-407c-9c1d-978887cc1e76'), condition=None, blocking_facility=None)]. The order of those handlers is not defined and they will be executed in random order. This might lead to race conditions and potential bugs.
2025-11-05 16:52:25,925 : INFO : EventManager : Unordered handler for class <Auditor> on event game_ended with priority 1. Handlers: [RegisteredHandler(callback=<bound method Auditor.disable of <Auditor>>, priority=1, kwargs={}, key=UUID('b72c3e36-635b-46a7-8be0-8ceb553ad68a'), condition=None, blocking_facility=None), RegisteredHandler(callback=<bound method Auditor._save_audits of <Auditor>>, priority=1, kwargs={}, key=UUID('a2e6fbb6-f8e0-407c-9c1d-978887cc1e76'), condition=None, blocking_facility=None)]. The order of those handlers is not defined and they will be executed in random order. This might lead to race conditions and potential bugs.
2025-11-05 16:52:25,926 : INFO : EventManager : Unordered handler for class <Auditor> on event game_ended with priority 1. Handlers: [RegisteredHandler(callback=<bound method Auditor.disable of <Auditor>>, priority=1, kwargs={}, key=UUID('b72c3e36-635b-46a7-8be0-8ceb553ad68a'), condition=None, blocking_facility=None), RegisteredHandler(callback=<bound method Auditor._save_audits of <Auditor>>, priority=1, kwargs={}, key=UUID('a2e6fbb6-f8e0-407c-9c1d-978887cc1e76'), condition=None, blocking_facility=None)]. The order of those handlers is not defined and they will be executed in random order. This might lead to race conditions and potential bugs.
2025-11-05 16:52:25,926 : INFO : EventManager : Unordered handler for class <Auditor> on event game_ended with priority 1. Handlers: [RegisteredHandler(callback=<bound method Auditor.disable of <Auditor>>, priority=1, kwargs={}, key=UUID('b72c3e36-635b-46a7-8be0-8ceb553ad68a'), condition=None, blocking_facility=None), RegisteredHandler(callback=<bound method Auditor._save_audits of <Auditor>>, priority=1, kwargs={}, key=UUID('a2e6fbb6-f8e0-407c-9c1d-978887cc1e76'), condition=None, blocking_facility=None)]. The order of those handlers is not defined and they will be executed in random order. This might lead to race conditions and potential bugs.
2025-11-05 16:52:25,927 : INFO : EventManager : Unordered handler for class <Auditor> on event game_ended with priority 1. Handlers: [RegisteredHandler(callback=<bound method Auditor.disable of <Auditor>>, priority=1, kwargs={}, key=UUID('b72c3e36-635b-46a7-8be0-8ceb553ad68a'), condition=None, blocking_facility=None), RegisteredHandler(callback=<bound method Auditor._save_audits of <Auditor>>, priority=1, kwargs={}, key=UUID('a2e6fbb6-f8e0-407c-9c1d-978887cc1e76'), condition=None, blocking_facility=None)]. The order of those handlers is not defined and they will be executed in random order. This might lead to race conditions and potential bugs.
2025-11-05 16:52:26,095 : INFO : SwitchController : <<<<<<< 's_start_button' inactive >>>>>>>
2025-11-05 16:52:26,141 : INFO : EventManager : Event: ======'blink_on'====== Args={'priority': 0}
2025-11-05 16:52:26,734 : INFO : EventManager : Event: ======'blink_off'====== Args={'priority': 0}
2025-11-05 16:52:26,734 : INFO : EventManager : Unordered handler for class <Auditor> on event game_ended with priority 1. Handlers: [RegisteredHandler(callback=<bound method Auditor.disable of <Auditor>>, priority=1, kwargs={}, key=UUID('b72c3e36-635b-46a7-8be0-8ceb553ad68a'), condition=None, blocking_facility=None), RegisteredHandler(callback=<bound method Auditor._save_audits of <Auditor>>, priority=1, kwargs={}, key=UUID('a2e6fbb6-f8e0-407c-9c1d-978887cc1e76'), condition=None, blocking_facility=None)]. The order of those handlers is not defined and they will be executed in random order. This might lead to race conditions and potential bugs.
2025-11-05 16:52:27,338 : INFO : EventManager : Event: ======'blink_on'====== Args={'priority': 0}
2025-11-05 16:52:27,930 : INFO : EventManager : Event: ======'blink_off'====== Args={'priority': 0}
2025-11-05 16:52:27,931 : INFO : EventManager : Unordered handler for class <Auditor> on event game_ended with priority 1. Handlers: [RegisteredHandler(callback=<bound method Auditor.disable of <Auditor>>, priority=1, kwargs={}, key=UUID('b72c3e36-635b-46a7-8be0-8ceb553ad68a'), condition=None, blocking_facility=None), RegisteredHandler(callback=<bound method Auditor._save_audits of <Auditor>>, priority=1, kwargs={}, key=UUID('a2e6fbb6-f8e0-407c-9c1d-978887cc1e76'), condition=None, blocking_facility=None)]. The order of those handlers is not defined and they will be executed in random order. This might lead to race conditions and potential bugs.
2025-11-05 16:52:28,548 : INFO : EventManager : Event: ======'blink_on'====== Args={'priority': 0}
2025-11-05 16:52:29,141 : INFO : EventManager : Event: ======'blink_off'====== Args={'priority': 0}
2025-11-05 16:52:29,141 : INFO : EventManager : Unordered handler for class <Auditor> on event game_ended with priority 1. Handlers: [RegisteredHandler(callback=<bound method Auditor.disable of <Auditor>>, priority=1, kwargs={}, key=UUID('b72c3e36-635b-46a7-8be0-8ceb553ad68a'), condition=None, blocking_facility=None), RegisteredHandler(callback=<bound method Auditor._save_audits of <Auditor>>, priority=1, kwargs={}, key=UUID('a2e6fbb6-f8e0-407c-9c1d-978887cc1e76'), condition=None, blocking_facility=None)]. The order of those handlers is not defined and they will be executed in random order. This might lead to race conditions and potential bugs.
2025-11-05 16:52:29,734 : INFO : EventManager : Event: ======'blink_on'====== Args={'priority': 0}
2025-11-05 16:52:30,340 : INFO : EventManager : Event: ======'blink_off'====== Args={'priority': 0}
2025-11-05 16:52:30,340 : INFO : EventManager : Unordered handler for class <Auditor> on event game_ended with priority 1. Handlers: [RegisteredHandler(callback=<bound method Auditor.disable of <Auditor>>, priority=1, kwargs={}, key=UUID('b72c3e36-635b-46a7-8be0-8ceb553ad68a'), condition=None, blocking_facility=None), RegisteredHandler(callback=<bound method Auditor._save_audits of <Auditor>>, priority=1, kwargs={}, key=UUID('a2e6fbb6-f8e0-407c-9c1d-978887cc1e76'), condition=None, blocking_facility=None)]. The order of those handlers is not defined and they will be executed in random order. This might lead to race conditions and potential bugs.
2025-11-05 16:52:30,930 : INFO : EventManager : Event: ======'blink_on'====== Args={'priority': 0}
2025-11-05 16:52:31,551 : INFO : EventManager : Event: ======'blink_off'====== Args={'priority': 0}
2025-11-05 16:52:31,552 : INFO : EventManager : Unordered handler for class <Auditor> on event game_ended with priority 1. Handlers: [RegisteredHandler(callback=<bound method Auditor.disable of <Auditor>>, priority=1, kwargs={}, key=UUID('b72c3e36-635b-46a7-8be0-8ceb553ad68a'), condition=None, blocking_facility=None), RegisteredHandler(callback=<bound method Auditor._save_audits of <Auditor>>, priority=1, kwargs={}, key=UUID('a2e6fbb6-f8e0-407c-9c1d-978887cc1e76'), condition=None, blocking_facility=None)]. The order of those handlers is not defined and they will be executed in random order. This might lead to race conditions and potential bugs.
2025-11-05 16:52:32,142 : INFO : EventManager : Event: ======'blink_on'====== Args={'priority': 0}
2025-11-05 16:52:32,669 : INFO : ball_device.bd_trough : State: failed_confirm
2025-11-05 16:52:32,669 : INFO : ball_device.bd_trough : Got timeout (10.0s) before confirm from <playfield.playfield>
2025-11-05 16:52:32,730 : INFO : EventManager : Event: ======'blink_off'====== Args={'priority': 0}
2025-11-05 16:52:32,730 : INFO : EventManager : Unordered handler for class <Auditor> on event game_ended with priority 1. Handlers: [RegisteredHandler(callback=<bound method Auditor.disable of <Auditor>>, priority=1, kwargs={}, key=UUID('b72c3e36-635b-46a7-8be0-8ceb553ad68a'), condition=None, blocking_facility=None), RegisteredHandler(callback=<bound method Auditor._save_audits of <Auditor>>, priority=1, kwargs={}, key=UUID('a2e6fbb6-f8e0-407c-9c1d-978887cc1e76'), condition=None, blocking_facility=None)]. The order of those handlers is not defined and they will be executed in random order. This might lead to race conditions and potential bugs.
2025-11-05 16:52:32,761 : INFO : ball_device.bd_trough : Confirming eject because target is playfield and ball did not return.
2025-11-05 16:52:32,761 : INFO : ball_device.bd_trough : Eject successful
2025-11-05 16:52:32,761 : INFO : EventManager : Event: ======'balldevice_bd_trough_ball_eject_success'====== Args={'balls': 1, 'target': <playfield.playfield>}
2025-11-05 16:52:32,761 : INFO : EventManager : Event: ======'balldevice_playfield_ball_enter'====== Args={'new_balls': 1, 'unclaimed_balls': 1, 'device': <playfield.playfield>}
2025-11-05 16:52:32,762 : INFO : EventManager : Event: ======'playfield_ball_count_change'====== Args={'balls': 1, 'change': 1}
2025-11-05 16:52:32,762 : INFO : EventManager : Event: ======'balldevice_bd_trough_ball_count_changed'====== Args={'balls': 0}
2025-11-05 16:52:32,762 : INFO : ball_device.bd_trough : State: idle
2025-11-05 16:52:33,348 : INFO : EventManager : Event: ======'blink_on'====== Args={'priority': 0}
2025-11-05 16:52:33,844 : INFO : SwitchController : <<<<<<< 's_left_skill_lane' active >>>>>>>
2025-11-05 16:52:33,844 : INFO : EventManager : Event: ======'s_left_skill_lane_active'====== Args={}
2025-11-05 16:52:33,844 : INFO : EventManager : Event: ======'machine_var_audits_switches_s_left_skill_lane'====== Args={'value': 2, 'prev_value': 1, 'change': 1}
2025-11-05 16:52:33,846 : INFO : EventManager : Event: ======'play_skilllane_quote_2'====== Args={}
2025-11-05 16:52:33,846 : INFO : EventManager : Event: ======'player_score'====== Args={'value': 500, 'prev_value': 0, 'change': 500, 'player_num': 1, 'source': 'base'}
2025-11-05 16:52:33,939 : INFO : EventManager : Event: ======'blink_off'====== Args={'priority': 0}
2025-11-05 16:52:33,939 : INFO : EventManager : Unordered handler for class <Auditor> on event game_ended with priority 1. Handlers: [RegisteredHandler(callback=<bound method Auditor.disable of <Auditor>>, priority=1, kwargs={}, key=UUID('b72c3e36-635b-46a7-8be0-8ceb553ad68a'), condition=None, blocking_facility=None), RegisteredHandler(callback=<bound method Auditor._save_audits of <Auditor>>, priority=1, kwargs={}, key=UUID('a2e6fbb6-f8e0-407c-9c1d-978887cc1e76'), condition=None, blocking_facility=None)]. The order of those handlers is not defined and they will be executed in random order. This might lead to race conditions and potential bugs.
2025-11-05 16:52:34,187 : INFO : SwitchController : <<<<<<< 's_left_skill_lane' inactive >>>>>>>
2025-11-05 16:52:34,548 : INFO : EventManager : Event: ======'blink_on'====== Args={'priority': 0}
2025-11-05 16:52:35,139 : INFO : EventManager : Event: ======'blink_off'====== Args={'priority': 0}
2025-11-05 16:52:35,140 : INFO : EventManager : Unordered handler for class <Auditor> on event game_ended with priority 1. Handlers: [RegisteredHandler(callback=<bound method Auditor.disable of <Auditor>>, priority=1, kwargs={}, key=UUID('b72c3e36-635b-46a7-8be0-8ceb553ad68a'), condition=None, blocking_facility=None), RegisteredHandler(callback=<bound method Auditor._save_audits of <Auditor>>, priority=1, kwargs={}, key=UUID('a2e6fbb6-f8e0-407c-9c1d-978887cc1e76'), condition=None, blocking_facility=None)]. The order of those handlers is not defined and they will be executed in random order. This might lead to race conditions and potential bugs.
2025-11-05 16:52:35,731 : INFO : EventManager : Event: ======'blink_on'====== Args={'priority': 0}
2025-11-05 16:52:35,901 : INFO : SwitchController : <<<<<<< 's_middle_skill_lane' active >>>>>>>
2025-11-05 16:52:35,901 : INFO : EventManager : Event: ======'s_middle_skill_lane_active'====== Args={}
2025-11-05 16:52:35,901 : INFO : EventManager : Event: ======'machine_var_audits_switches_s_middle_skill_lane'====== Args={'value': 84, 'prev_value': 83, 'change': 1}
2025-11-05 16:52:35,903 : INFO : EventManager : Event: ======'play_skilllane_quote_6'====== Args={}
2025-11-05 16:52:35,903 : INFO : EventManager : Event: ======'player_score'====== Args={'value': 1000, 'prev_value': 500, 'change': 500, 'player_num': 1, 'source': 'base'}
2025-11-05 16:52:36,276 : INFO : SwitchController : <<<<<<< 's_middle_skill_lane' inactive >>>>>>>
2025-11-05 16:52:36,338 : INFO : EventManager : Event: ======'blink_off'====== Args={'priority': 0}
2025-11-05 16:52:36,339 : INFO : EventManager : Unordered handler for class <Auditor> on event game_ended with priority 1. Handlers: [RegisteredHandler(callback=<bound method Auditor.disable of <Auditor>>, priority=1, kwargs={}, key=UUID('b72c3e36-635b-46a7-8be0-8ceb553ad68a'), condition=None, blocking_facility=None), RegisteredHandler(callback=<bound method Auditor._save_audits of <Auditor>>, priority=1, kwargs={}, key=UUID('a2e6fbb6-f8e0-407c-9c1d-978887cc1e76'), condition=None, blocking_facility=None)]. The order of those handlers is not defined and they will be executed in random order. This might lead to race conditions and potential bugs.
2025-11-05 16:52:36,934 : INFO : EventManager : Event: ======'blink_on'====== Args={'priority': 0}
2025-11-05 16:52:37,542 : INFO : EventManager : Event: ======'blink_off'====== Args={'priority': 0}
2025-11-05 16:52:37,543 : INFO : EventManager : Unordered handler for class <Auditor> on event game_ended with priority 1. Handlers: [RegisteredHandler(callback=<bound method Auditor.disable of <Auditor>>, priority=1, kwargs={}, key=UUID('b72c3e36-635b-46a7-8be0-8ceb553ad68a'), condition=None, blocking_facility=None), RegisteredHandler(callback=<bound method Auditor._save_audits of <Auditor>>, priority=1, kwargs={}, key=UUID('a2e6fbb6-f8e0-407c-9c1d-978887cc1e76'), condition=None, blocking_facility=None)]. The order of those handlers is not defined and they will be executed in random order. This might lead to race conditions and potential bugs.
2025-11-05 16:52:38,145 : INFO : EventManager : Event: ======'blink_on'====== Args={'priority': 0}
2025-11-05 16:52:38,734 : INFO : EventManager : Event: ======'blink_off'====== Args={'priority': 0}
2025-11-05 16:52:38,734 : INFO : EventManager : Unordered handler for class <Auditor> on event game_ended with priority 1. Handlers: [RegisteredHandler(callback=<bound method Auditor.disable of <Auditor>>, priority=1, kwargs={}, key=UUID('b72c3e36-635b-46a7-8be0-8ceb553ad68a'), condition=None, blocking_facility=None), RegisteredHandler(callback=<bound method Auditor._save_audits of <Auditor>>, priority=1, kwargs={}, key=UUID('a2e6fbb6-f8e0-407c-9c1d-978887cc1e76'), condition=None, blocking_facility=None)]. The order of those handlers is not defined and they will be executed in random order. This might lead to race conditions and potential bugs.
2025-11-05 16:52:39,338 : INFO : EventManager : Event: ======'blink_on'====== Args={'priority': 0}
2025-11-05 16:52:39,928 : INFO : EventManager : Event: ======'blink_off'====== Args={'priority': 0}
2025-11-05 16:52:39,928 : INFO : EventManager : Unordered handler for class <Auditor> on event game_ended with priority 1. Handlers: [RegisteredHandler(callback=<bound method Auditor.disable of <Auditor>>, priority=1, kwargs={}, key=UUID('b72c3e36-635b-46a7-8be0-8ceb553ad68a'), condition=None, blocking_facility=None), RegisteredHandler(callback=<bound method Auditor._save_audits of <Auditor>>, priority=1, kwargs={}, key=UUID('a2e6fbb6-f8e0-407c-9c1d-978887cc1e76'), condition=None, blocking_facility=None)]. The order of those handlers is not defined and they will be executed in random order. This might lead to race conditions and potential bugs.
2025-11-05 16:52:39,975 : INFO : SwitchController : <<<<<<< 's_trough' active >>>>>>>
2025-11-05 16:52:39,975 : INFO : EventManager : Event: ======'machine_var_audits_switches_s_trough'====== Args={'value': 463, 'prev_value': 462, 'change': 1}
2025-11-05 16:52:40,022 : INFO : SwitchController : <<<<<<< 's_trough' inactive >>>>>>>
2025-11-05 16:52:40,052 : INFO : SwitchController : <<<<<<< 's_trough' active >>>>>>>
2025-11-05 16:52:40,052 : INFO : EventManager : Event: ======'machine_var_audits_switches_s_trough'====== Args={'value': 464, 'prev_value': 463, 'change': 1}
2025-11-05 16:52:40,551 : INFO : EventManager : Event: ======'blink_on'====== Args={'priority': 0}
2025-11-05 16:52:40,552 : INFO : EventManager : Event: ======'balldevice_bd_trough_ball_count_changed'====== Args={'balls': 1}
2025-11-05 16:52:40,552 : INFO : ball_device.bd_trough : Received unexpected ball
2025-11-05 16:52:40,552 : INFO : EventManager : Event: ======'balldevice_captured_from_playfield'====== Args={'balls': 1}
2025-11-05 16:52:40,552 : INFO : EventManager : Event: ======'sw_playfield_active'====== Args={'balls': 1}
2025-11-05 16:52:40,552 : INFO : EventManager : Event: ======'playfield_ball_count_change'====== Args={'balls': 0, 'change': -1}
2025-11-05 16:52:40,554 : INFO : EventManager : Event: ======'balldevice_bd_trough_ball_enter'====== Args={'new_balls': 1, 'unclaimed_balls': 1, 'new_available_balls': 1, 'device': <ball_device.bd_trough>}
2025-11-05 16:52:40,554 : INFO : EventManager : Event: ======'ball_drain'====== Args={'device': <ball_device.bd_trough>, 'balls': 1}
2025-11-05 16:52:40,554 : INFO : EventManager : Event: ======'collecting_balls_complete'====== Args={}
2025-11-05 16:52:40,555 : INFO : EventManager : Event: ======'ball_will_end'====== Args={}
2025-11-05 16:52:40,555 : INFO : EventManager : Event: ======'balldevice_balls_available'====== Args={}
2025-11-05 16:52:40,555 : INFO : EventManager : Event: ======'balldevice_bd_trough_ball_entered'====== Args={'new_balls': 1, 'device': <ball_device.bd_trough>}
2025-11-05 16:52:40,556 : INFO : EventManager : Event: ======'ball_ending'====== Args={}
2025-11-05 16:52:40,556 : INFO : EventManager : Event: ======'mode_base_will_stop'====== Args={}
2025-11-05 16:52:40,556 : INFO : EventManager : Event: ======'mode_base_stopping'====== Args={}
2025-11-05 16:52:40,557 : INFO : EventManager : Event: ======'godot_stop_base'====== Args={'priority': 0}
2025-11-05 16:52:40,557 : INFO : Mode.base : Stopped.
2025-11-05 16:52:40,557 : INFO : EventManager : Event: ======'modes_active_modes_changed'====== Args={}
2025-11-05 16:52:40,557 : INFO : EventManager : Event: ======'mode_base_stopped'====== Args={}
2025-11-05 16:52:40,557 : INFO : EventManager : Event: ======'clear'====== Args={'key': 'base'}
2025-11-05 16:52:40,570 : INFO : EventManager : Event: ======'ball_ended'====== Args={}
2025-11-05 16:52:40,570 : INFO : EventManager : Event: ======'player_turn_will_end'====== Args={'player': <Player 1>, 'number': 1}
2025-11-05 16:52:40,575 : INFO : EventManager : Event: ======'player_turn_ending'====== Args={'player': <Player 1>, 'number': 1}
2025-11-05 16:52:40,575 : INFO : EventManager : Event: ======'player_turn_ended'====== Args={'player': <Player 1>, 'number': 1}
2025-11-05 16:52:40,576 : INFO : EventManager : Event: ======'player_turn_will_start'====== Args={'player': <Player 2>, 'number': 2}
2025-11-05 16:52:40,576 : INFO : EventManager : Event: ======'player_turn_starting'====== Args={'player': <Player 2>, 'number': 2}
2025-11-05 16:52:40,577 : INFO : EventManager : Event: ======'player_ball'====== Args={'value': 1, 'prev_value': 0, 'change': 1, 'player_num': 2}
2025-11-05 16:52:40,577 : INFO : EventManager : Event: ======'player_turn_started'====== Args={'player': <Player 2>, 'number': 2}
2025-11-05 16:52:40,578 : INFO : EventManager : Event: ======'ball_will_start'====== Args={'player': 2, 'ball': 1, 'balls_remaining': 2, 'is_extra_ball': False}
2025-11-05 16:52:40,586 : INFO : EventManager : Event: ======'ball_starting'====== Args={'player': 2, 'ball': 1, 'balls_remaining': 2, 'is_extra_ball': False}
2025-11-05 16:52:40,587 : INFO : drop_target_bank.right_bank : All targets are already up. Will not reset bank.
2025-11-05 16:52:40,587 : INFO : drop_target_bank.left_bank : All targets are already up. Will not reset bank.
2025-11-05 16:52:40,587 : INFO : EventManager : Event: ======'balls_in_play'====== Args={'balls': 1}
2025-11-05 16:52:40,587 : INFO : EventManager : Event: ======'ball_started'====== Args={'player': 2, 'ball': 1, 'balls_remaining': 2, 'is_extra_ball': False}
2025-11-05 16:52:40,587 : INFO : EventManager : Event: ======'mode_base_will_start'====== Args={'player': 2, 'ball': 1, 'balls_remaining': 2, 'is_extra_ball': False}
2025-11-05 16:52:40,588 : INFO : EventManager : Event: ======'player_shot_sh_escape_graveyard_start_enabled'====== Args={'value': False, 'prev_value': 0, 'change': 0, 'player_num': 2}
2025-11-05 16:52:40,588 : INFO : EventManager : Unordered handler for class <Auditor> on event game_ended with priority 1. Handlers: [RegisteredHandler(callback=<bound method Auditor.disable of <Auditor>>, priority=1, kwargs={}, key=UUID('b72c3e36-635b-46a7-8be0-8ceb553ad68a'), condition=None, blocking_facility=None), RegisteredHandler(callback=<bound method Auditor._save_audits of <Auditor>>, priority=1, kwargs={}, key=UUID('a2e6fbb6-f8e0-407c-9c1d-978887cc1e76'), condition=None, blocking_facility=None)]. The order of those handlers is not defined and they will be executed in random order. This might lead to race conditions and potential bugs.
2025-11-05 16:52:40,588 : INFO : EventManager : Unordered handler for class <Auditor> on event game_ended with priority 1. Handlers: [RegisteredHandler(callback=<bound method Auditor.disable of <Auditor>>, priority=1, kwargs={}, key=UUID('b72c3e36-635b-46a7-8be0-8ceb553ad68a'), condition=None, blocking_facility=None), RegisteredHandler(callback=<bound method Auditor._save_audits of <Auditor>>, priority=1, kwargs={}, key=UUID('a2e6fbb6-f8e0-407c-9c1d-978887cc1e76'), condition=None, blocking_facility=None)]. The order of those handlers is not defined and they will be executed in random order. This might lead to race conditions and potential bugs.
2025-11-05 16:52:40,591 : INFO : EventManager : Event: ======'mode_base_starting'====== Args={'player': 2, 'ball': 1, 'balls_remaining': 2, 'is_extra_ball': False}
2025-11-05 16:52:40,592 : INFO : EventManager : Unordered handler for class <Auditor> on event game_ended with priority 1. Handlers: [RegisteredHandler(callback=<bound method Auditor.disable of <Auditor>>, priority=1, kwargs={}, key=UUID('b72c3e36-635b-46a7-8be0-8ceb553ad68a'), condition=None, blocking_facility=None), RegisteredHandler(callback=<bound method Auditor._save_audits of <Auditor>>, priority=1, kwargs={}, key=UUID('a2e6fbb6-f8e0-407c-9c1d-978887cc1e76'), condition=None, blocking_facility=None)]. The order of those handlers is not defined and they will be executed in random order. This might lead to race conditions and potential bugs.
2025-11-05 16:52:40,593 : INFO : EventManager : Unordered handler for class <Auditor> on event game_ended with priority 1. Handlers: [RegisteredHandler(callback=<bound method Auditor.disable of <Auditor>>, priority=1, kwargs={}, key=UUID('b72c3e36-635b-46a7-8be0-8ceb553ad68a'), condition=None, blocking_facility=None), RegisteredHandler(callback=<bound method Auditor._save_audits of <Auditor>>, priority=1, kwargs={}, key=UUID('a2e6fbb6-f8e0-407c-9c1d-978887cc1e76'), condition=None, blocking_facility=None)]. The order of those handlers is not defined and they will be executed in random order. This might lead to race conditions and potential bugs.
2025-11-05 16:52:40,594 : INFO : EventManager : Event: ======'logicblock_eg_pop_counter_updated'====== Args={'value': 0, 'enabled': True}
2025-11-05 16:52:40,594 : INFO : EventManager : Event: ======'logicblock_eg_pop_counter_updated'====== Args={'value': 0, 'enabled': True}
2025-11-05 16:52:40,594 : INFO : Mode.base : Started. Priority: 50
2025-11-05 16:52:40,594 : INFO : EventManager : Event: ======'modes_active_modes_changed'====== Args={}
2025-11-05 16:52:40,594 : INFO : EventManager : Event: ======'mode_base_started'====== Args={'player': 2, 'ball': 1, 'balls_remaining': 2, 'is_extra_ball': False}
2025-11-05 16:52:40,594 : INFO : EventManager : Event: ======'multi_player_ball_started'====== Args={}
2025-11-05 16:52:40,600 : INFO : EventManager : Event: ======'stop_mode_attract'====== Args={'priority': 0}
2025-11-05 16:52:40,601 : INFO : EventManager : Event: ======'godot_attract_off'====== Args={'priority': 0}
2025-11-05 16:52:40,601 : INFO : EventManager : Event: ======'godot_play_base'====== Args={'priority': 0}
2025-11-05 16:52:40,601 : INFO : EventManager : Event: ======'start_firstball_intro'====== Args={'priority': 0}
2025-11-05 16:52:40,601 : INFO : EventManager : Event: ======'zombie_moan_1'====== Args={'priority': 0, 'action': 'play'}
2025-11-05 16:52:40,602 : INFO : EventManager : Event: ======'player_2_ball_started'====== Args={}
2025-11-05 16:52:40,614 : INFO : EventManager : Event: ======'ball_start_target'====== Args={'target': 'playfield'}
2025-11-05 16:52:40,615 : INFO : ball_device.bd_trough : Setting up player-controlled eject. Balls: 1, Target: <playfield.playfield>, player_controlled_eject_event: None
2025-11-05 16:52:40,615 : INFO : ball_device.bd_trough : Adding 1 ball(s) to the eject_queue with target <playfield.playfield>.
2025-11-05 16:52:40,615 : INFO : EventManager : Event: ======'balldevice_balls_available'====== Args={}
2025-11-05 16:52:40,616 : INFO : ball_device.bd_trough : State: waiting_for_target_ready
2025-11-05 16:52:40,616 : INFO : EventManager : Event: ======'balldevice_bd_trough_ball_eject_attempt'====== Args={'balls': 1, 'target': <playfield.playfield>, 'source': <ball_device.bd_trough>, 'mechanical_eject': False, 'num_attempts': 0}
2025-11-05 16:52:40,616 : INFO : ball_device.bd_trough : State: ejecting
2025-11-05 16:52:40,617 : INFO : ball_device.bd_trough : Ejecting ball to <playfield.playfield>
2025-11-05 16:52:40,617 : INFO : EventManager : Event: ======'balldevice_bd_trough_ejecting_ball'====== Args={'balls': 1, 'target': <playfield.playfield>, 'source': <ball_device.bd_trough>, 'mechanical_eject': False, 'num_attempts': 0}
2025-11-05 16:52:40,617 : INFO : ball_device.bd_trough : Wait for ball to leave device
2025-11-05 16:52:40,617 : INFO : coil.c_trough_eject : Pulsing Driver for 40ms (1.0 pulse_power)
2025-11-05 16:52:40,675 : INFO : SwitchController : <<<<<<< 's_trough' inactive >>>>>>>
2025-11-05 16:52:40,685 : INFO : ball_device.bd_trough : State: ball_left
2025-11-05 16:52:40,685 : INFO : ball_device.bd_trough : Ball left
2025-11-05 16:52:40,685 : INFO : ball_device.bd_trough : Wait for confirm with timeout 10.0
2025-11-05 16:52:41,141 : INFO : EventManager : Event: ======'blink_off'====== Args={'priority': 0}
2025-11-05 16:52:41,731 : INFO : EventManager : Event: ======'blink_on'====== Args={'priority': 0}
2025-11-05 16:52:42,335 : INFO : EventManager : Event: ======'blink_off'====== Args={'priority': 0}
2025-11-05 16:52:42,336 : INFO : EventManager : Unordered handler for class <Auditor> on event game_ended with priority 1. Handlers: [RegisteredHandler(callback=<bound method Auditor.disable of <Auditor>>, priority=1, kwargs={}, key=UUID('b72c3e36-635b-46a7-8be0-8ceb553ad68a'), condition=None, blocking_facility=None), RegisteredHandler(callback=<bound method Auditor._save_audits of <Auditor>>, priority=1, kwargs={}, key=UUID('a2e6fbb6-f8e0-407c-9c1d-978887cc1e76'), condition=None, blocking_facility=None)]. The order of those handlers is not defined and they will be executed in random order. This might lead to race conditions and potential bugs.
2025-11-05 16:52:42,929 : INFO : EventManager : Event: ======'blink_on'====== Args={'priority': 0}
2025-11-05 16:52:43,539 : INFO : EventManager : Event: ======'blink_off'====== Args={'priority': 0}
2025-11-05 16:52:43,539 : INFO : EventManager : Unordered handler for class <Auditor> on event game_ended with priority 1. Handlers: [RegisteredHandler(callback=<bound method Auditor.disable of <Auditor>>, priority=1, kwargs={}, key=UUID('b72c3e36-635b-46a7-8be0-8ceb553ad68a'), condition=None, blocking_facility=None), RegisteredHandler(callback=<bound method Auditor._save_audits of <Auditor>>, priority=1, kwargs={}, key=UUID('a2e6fbb6-f8e0-407c-9c1d-978887cc1e76'), condition=None, blocking_facility=None)]. The order of those handlers is not defined and they will be executed in random order. This might lead to race conditions and potential bugs.
2025-11-05 16:52:44,135 : INFO : EventManager : Event: ======'blink_on'====== Args={'priority': 0}
2025-11-05 16:52:44,428 : INFO : SwitchController : <<<<<<< 's_right_inlane' active >>>>>>>
2025-11-05 16:52:44,428 : INFO : EventManager : Event: ======'s_right_inlane_active'====== Args={}
2025-11-05 16:52:44,428 : INFO : EventManager : Event: ======'sw_playfield_active'====== Args={}
2025-11-05 16:52:44,428 : INFO : EventManager : Event: ======'machine_var_audits_switches_s_right_inlane'====== Args={'value': 4, 'prev_value': 3, 'change': 1}
2025-11-05 16:52:44,429 : INFO : EventManager : Event: ======'player_score'====== Args={'value': 100, 'prev_value': 0, 'change': 100, 'player_num': 2, 'source': 'base'}
2025-11-05 16:52:44,430 : INFO : EventManager : Event: ======'playfield_active'====== Args={'source': None}
2025-11-05 16:52:44,442 : INFO : EventManager : Unordered handler for class <Auditor> on event game_ended with priority 1. Handlers: [RegisteredHandler(callback=<bound method Auditor.disable of <Auditor>>, priority=1, kwargs={}, key=UUID('b72c3e36-635b-46a7-8be0-8ceb553ad68a'), condition=None, blocking_facility=None), RegisteredHandler(callback=<bound method Auditor._save_audits of <Auditor>>, priority=1, kwargs={}, key=UUID('a2e6fbb6-f8e0-407c-9c1d-978887cc1e76'), condition=None, blocking_facility=None)]. The order of those handlers is not defined and they will be executed in random order. This might lead to race conditions and potential bugs.
2025-11-05 16:52:44,442 : INFO : EventManager : Unordered handler for class <Auditor> on event game_ended with priority 1. Handlers: [RegisteredHandler(callback=<bound method Auditor.disable of <Auditor>>, priority=1, kwargs={}, key=UUID('b72c3e36-635b-46a7-8be0-8ceb553ad68a'), condition=None, blocking_facility=None), RegisteredHandler(callback=<bound method Auditor._save_audits of <Auditor>>, priority=1, kwargs={}, key=UUID('a2e6fbb6-f8e0-407c-9c1d-978887cc1e76'), condition=None, blocking_facility=None)]. The order of those handlers is not defined and they will be executed in random order. This might lead to race conditions and potential bugs.
2025-11-05 16:52:44,443 : INFO : EventManager : Unordered handler for class <Auditor> on event game_ended with priority 1. Handlers: [RegisteredHandler(callback=<bound method Auditor.disable of <Auditor>>, priority=1, kwargs={}, key=UUID('b72c3e36-635b-46a7-8be0-8ceb553ad68a'), condition=None, blocking_facility=None), RegisteredHandler(callback=<bound method Auditor._save_audits of <Auditor>>, priority=1, kwargs={}, key=UUID('a2e6fbb6-f8e0-407c-9c1d-978887cc1e76'), condition=None, blocking_facility=None)]. The order of those handlers is not defined and they will be executed in random order. This might lead to race conditions and potential bugs.
2025-11-05 16:52:44,445 : INFO : EventManager : Unordered handler for class <Auditor> on event game_ended with priority 1. Handlers: [RegisteredHandler(callback=<bound method Auditor.disable of <Auditor>>, priority=1, kwargs={}, key=UUID('b72c3e36-635b-46a7-8be0-8ceb553ad68a'), condition=None, blocking_facility=None), RegisteredHandler(callback=<bound method Auditor._save_audits of <Auditor>>, priority=1, kwargs={}, key=UUID('a2e6fbb6-f8e0-407c-9c1d-978887cc1e76'), condition=None, blocking_facility=None)]. The order of those handlers is not defined and they will be executed in random order. This might lead to race conditions and potential bugs.
2025-11-05 16:52:44,445 : INFO : EventManager : Unordered handler for class <Auditor> on event game_ended with priority 1. Handlers: [RegisteredHandler(callback=<bound method Auditor.disable of <Auditor>>, priority=1, kwargs={}, key=UUID('b72c3e36-635b-46a7-8be0-8ceb553ad68a'), condition=None, blocking_facility=None), RegisteredHandler(callback=<bound method Auditor._save_audits of <Auditor>>, priority=1, kwargs={}, key=UUID('a2e6fbb6-f8e0-407c-9c1d-978887cc1e76'), condition=None, blocking_facility=None)]. The order of those handlers is not defined and they will be executed in random order. This might lead to race conditions and potential bugs.
2025-11-05 16:52:44,446 : INFO : ball_device.bd_trough : Got eject confirm
2025-11-05 16:52:44,446 : INFO : ball_device.bd_trough : Eject successful
2025-11-05 16:52:44,446 : INFO : EventManager : Event: ======'balldevice_bd_trough_ball_eject_success'====== Args={'balls': 1, 'target': <playfield.playfield>}
2025-11-05 16:52:44,447 : INFO : EventManager : Event: ======'balldevice_playfield_ball_enter'====== Args={'new_balls': 1, 'unclaimed_balls': 1, 'device': <playfield.playfield>}
2025-11-05 16:52:44,447 : INFO : EventManager : Event: ======'playfield_ball_count_change'====== Args={'balls': 1, 'change': 1}
2025-11-05 16:52:44,447 : INFO : EventManager : Event: ======'balldevice_bd_trough_ball_count_changed'====== Args={'balls': 0}
2025-11-05 16:52:44,447 : INFO : ball_device.bd_trough : State: idle
2025-11-05 16:52:44,723 : INFO : SwitchController : <<<<<<< 's_right_inlane' inactive >>>>>>>
2025-11-05 16:52:44,729 : INFO : EventManager : Event: ======'blink_off'====== Args={'priority': 0}
2025-11-05 16:52:44,730 : INFO : EventManager : Unordered handler for class <Auditor> on event game_ended with priority 1. Handlers: [RegisteredHandler(callback=<bound method Auditor.disable of <Auditor>>, priority=1, kwargs={}, key=UUID('b72c3e36-635b-46a7-8be0-8ceb553ad68a'), condition=None, blocking_facility=None), RegisteredHandler(callback=<bound method Auditor._save_audits of <Auditor>>, priority=1, kwargs={}, key=UUID('a2e6fbb6-f8e0-407c-9c1d-978887cc1e76'), condition=None, blocking_facility=None)]. The order of those handlers is not defined and they will be executed in random order. This might lead to race conditions and potential bugs.
2025-11-05 16:52:45,343 : INFO : EventManager : Event: ======'blink_on'====== Args={'priority': 0}
2025-11-05 16:52:45,781 : INFO : SwitchController : <<<<<<< 's_trough' active >>>>>>>
2025-11-05 16:52:45,781 : INFO : EventManager : Event: ======'machine_var_audits_switches_s_trough'====== Args={'value': 465, 'prev_value': 464, 'change': 1}
2025-11-05 16:52:45,788 : INFO : SwitchController : <<<<<<< 's_trough' inactive >>>>>>>
2025-11-05 16:52:45,844 : INFO : SwitchController : <<<<<<< 's_trough' active >>>>>>>
2025-11-05 16:52:45,844 : INFO : EventManager : Event: ======'machine_var_audits_switches_s_trough'====== Args={'value': 466, 'prev_value': 465, 'change': 1}
2025-11-05 16:52:45,938 : INFO : EventManager : Event: ======'blink_off'====== Args={'priority': 0}
2025-11-05 16:52:45,938 : INFO : EventManager : Unordered handler for class <Auditor> on event game_ended with priority 1. Handlers: [RegisteredHandler(callback=<bound method Auditor.disable of <Auditor>>, priority=1, kwargs={}, key=UUID('b72c3e36-635b-46a7-8be0-8ceb553ad68a'), condition=None, blocking_facility=None), RegisteredHandler(callback=<bound method Auditor._save_audits of <Auditor>>, priority=1, kwargs={}, key=UUID('a2e6fbb6-f8e0-407c-9c1d-978887cc1e76'), condition=None, blocking_facility=None)]. The order of those handlers is not defined and they will be executed in random order. This might lead to race conditions and potential bugs.
2025-11-05 16:52:46,340 : INFO : EventManager : Event: ======'balldevice_bd_trough_ball_count_changed'====== Args={'balls': 1}
2025-11-05 16:52:46,340 : INFO : ball_device.bd_trough : Received unexpected ball
2025-11-05 16:52:46,340 : INFO : EventManager : Event: ======'balldevice_captured_from_playfield'====== Args={'balls': 1}
2025-11-05 16:52:46,341 : INFO : EventManager : Event: ======'sw_playfield_active'====== Args={'balls': 1}
2025-11-05 16:52:46,341 : INFO : EventManager : Event: ======'playfield_ball_count_change'====== Args={'balls': 0, 'change': -1}
2025-11-05 16:52:46,341 : INFO : EventManager : Event: ======'balldevice_bd_trough_ball_enter'====== Args={'new_balls': 1, 'unclaimed_balls': 1, 'new_available_balls': 1, 'device': <ball_device.bd_trough>}
2025-11-05 16:52:46,342 : INFO : EventManager : Event: ======'ball_drain'====== Args={'device': <ball_device.bd_trough>, 'balls': 1}
2025-11-05 16:52:46,342 : INFO : EventManager : Event: ======'ball_will_end'====== Args={}
2025-11-05 16:52:46,342 : INFO : EventManager : Event: ======'balldevice_balls_available'====== Args={}
2025-11-05 16:52:46,342 : INFO : EventManager : Event: ======'balldevice_bd_trough_ball_entered'====== Args={'new_balls': 1, 'device': <ball_device.bd_trough>}
2025-11-05 16:52:46,343 : INFO : EventManager : Event: ======'ball_ending'====== Args={}
2025-11-05 16:52:46,344 : INFO : EventManager : Event: ======'mode_base_will_stop'====== Args={}
2025-11-05 16:52:46,344 : INFO : EventManager : Event: ======'mode_base_stopping'====== Args={}
2025-11-05 16:52:46,344 : INFO : EventManager : Event: ======'godot_stop_base'====== Args={'priority': 0}
2025-11-05 16:52:46,344 : INFO : Mode.base : Stopped.
2025-11-05 16:52:46,344 : INFO : EventManager : Event: ======'modes_active_modes_changed'====== Args={}
2025-11-05 16:52:46,345 : INFO : EventManager : Event: ======'mode_base_stopped'====== Args={}
2025-11-05 16:52:46,345 : INFO : EventManager : Event: ======'clear'====== Args={'key': 'base'}
2025-11-05 16:52:46,359 : INFO : EventManager : Event: ======'ball_ended'====== Args={}
2025-11-05 16:52:46,360 : INFO : EventManager : Event: ======'player_turn_will_end'====== Args={'player': <Player 2>, 'number': 2}
2025-11-05 16:52:46,364 : INFO : EventManager : Event: ======'player_turn_ending'====== Args={'player': <Player 2>, 'number': 2}
2025-11-05 16:52:46,364 : INFO : EventManager : Event: ======'player_turn_ended'====== Args={'player': <Player 2>, 'number': 2}
2025-11-05 16:52:46,364 : INFO : EventManager : Event: ======'player_turn_will_start'====== Args={'player': <Player 1>, 'number': 1}
2025-11-05 16:52:46,364 : INFO : EventManager : Event: ======'player_turn_starting'====== Args={'player': <Player 1>, 'number': 1}
2025-11-05 16:52:46,365 : INFO : EventManager : Event: ======'player_ball'====== Args={'value': 2, 'prev_value': 1, 'change': 1, 'player_num': 1}
2025-11-05 16:52:46,365 : INFO : EventManager : Event: ======'player_turn_started'====== Args={'player': <Player 1>, 'number': 1}
2025-11-05 16:52:46,366 : INFO : EventManager : Event: ======'ball_will_start'====== Args={'player': 1, 'ball': 2, 'balls_remaining': 1, 'is_extra_ball': False}
2025-11-05 16:52:46,373 : INFO : EventManager : Event: ======'ball_starting'====== Args={'player': 1, 'ball': 2, 'balls_remaining': 1, 'is_extra_ball': False}
2025-11-05 16:52:46,373 : INFO : drop_target_bank.right_bank : All targets are already up. Will not reset bank.
2025-11-05 16:52:46,373 : INFO : drop_target_bank.left_bank : All targets are already up. Will not reset bank.
2025-11-05 16:52:46,373 : INFO : EventManager : Event: ======'balls_in_play'====== Args={'balls': 1}
2025-11-05 16:52:46,374 : INFO : EventManager : Event: ======'ball_started'====== Args={'player': 1, 'ball': 2, 'balls_remaining': 1, 'is_extra_ball': False}
2025-11-05 16:52:46,374 : INFO : EventManager : Event: ======'mode_music_ball_2plus_will_start'====== Args={'player': 1, 'ball': 2, 'balls_remaining': 1, 'is_extra_ball': False}
2025-11-05 16:52:46,374 : INFO : EventManager : Unordered handler for class <Auditor> on event game_ended with priority 1. Handlers: [RegisteredHandler(callback=<bound method Auditor.disable of <Auditor>>, priority=1, kwargs={}, key=UUID('b72c3e36-635b-46a7-8be0-8ceb553ad68a'), condition=None, blocking_facility=None), RegisteredHandler(callback=<bound method Auditor._save_audits of <Auditor>>, priority=1, kwargs={}, key=UUID('a2e6fbb6-f8e0-407c-9c1d-978887cc1e76'), condition=None, blocking_facility=None)]. The order of those handlers is not defined and they will be executed in random order. This might lead to race conditions and potential bugs.
2025-11-05 16:52:46,375 : INFO : EventManager : Event: ======'mode_music_ball_2plus_starting'====== Args={'player': 1, 'ball': 2, 'balls_remaining': 1, 'is_extra_ball': False}
2025-11-05 16:52:46,375 : INFO : EventManager : Event: ======'mode_base_will_start'====== Args={'player': 1, 'ball': 2, 'balls_remaining': 1, 'is_extra_ball': False}
2025-11-05 16:52:46,375 : INFO : EventManager : Unordered handler for class <Auditor> on event game_ended with priority 1. Handlers: [RegisteredHandler(callback=<bound method Auditor.disable of <Auditor>>, priority=1, kwargs={}, key=UUID('b72c3e36-635b-46a7-8be0-8ceb553ad68a'), condition=None, blocking_facility=None), RegisteredHandler(callback=<bound method Auditor._save_audits of <Auditor>>, priority=1, kwargs={}, key=UUID('a2e6fbb6-f8e0-407c-9c1d-978887cc1e76'), condition=None, blocking_facility=None)]. The order of those handlers is not defined and they will be executed in random order. This might lead to race conditions and potential bugs.
2025-11-05 16:52:46,376 : INFO : EventManager : Unordered handler for class <Auditor> on event game_ended with priority 1. Handlers: [RegisteredHandler(callback=<bound method Auditor.disable of <Auditor>>, priority=1, kwargs={}, key=UUID('b72c3e36-635b-46a7-8be0-8ceb553ad68a'), condition=None, blocking_facility=None), RegisteredHandler(callback=<bound method Auditor._save_audits of <Auditor>>, priority=1, kwargs={}, key=UUID('a2e6fbb6-f8e0-407c-9c1d-978887cc1e76'), condition=None, blocking_facility=None)]. The order of those handlers is not defined and they will be executed in random order. This might lead to race conditions and potential bugs.
2025-11-05 16:52:46,379 : INFO : EventManager : Event: ======'mode_base_starting'====== Args={'player': 1, 'ball': 2, 'balls_remaining': 1, 'is_extra_ball': False}
2025-11-05 16:52:46,380 : INFO : EventManager : Unordered handler for class <Auditor> on event game_ended with priority 1. Handlers: [RegisteredHandler(callback=<bound method Auditor.disable of <Auditor>>, priority=1, kwargs={}, key=UUID('b72c3e36-635b-46a7-8be0-8ceb553ad68a'), condition=None, blocking_facility=None), RegisteredHandler(callback=<bound method Auditor._save_audits of <Auditor>>, priority=1, kwargs={}, key=UUID('a2e6fbb6-f8e0-407c-9c1d-978887cc1e76'), condition=None, blocking_facility=None)]. The order of those handlers is not defined and they will be executed in random order. This might lead to race conditions and potential bugs.
2025-11-05 16:52:46,380 : INFO : Mode.music_ball_2plus : Started. Priority: 60
2025-11-05 16:52:46,380 : INFO : EventManager : Event: ======'modes_active_modes_changed'====== Args={}
2025-11-05 16:52:46,381 : INFO : EventManager : Event: ======'mode_music_ball_2plus_started'====== Args={'player': 1, 'ball': 2, 'balls_remaining': 1, 'is_extra_ball': False}
2025-11-05 16:52:46,381 : INFO : EventManager : Event: ======'logicblock_eg_pop_counter_updated'====== Args={'value': 0, 'enabled': True}
2025-11-05 16:52:46,382 : INFO : EventManager : Event: ======'logicblock_eg_pop_counter_updated'====== Args={'value': 0, 'enabled': True}
2025-11-05 16:52:46,382 : INFO : Mode.base : Started. Priority: 50
2025-11-05 16:52:46,382 : INFO : EventManager : Event: ======'modes_active_modes_changed'====== Args={}
2025-11-05 16:52:46,382 : INFO : EventManager : Event: ======'mode_base_started'====== Args={'player': 1, 'ball': 2, 'balls_remaining': 1, 'is_extra_ball': False}
2025-11-05 16:52:46,382 : INFO : EventManager : Event: ======'stop_mode_attract'====== Args={'priority': 0}
2025-11-05 16:52:46,382 : INFO : EventManager : Event: ======'godot_attract_off'====== Args={'priority': 0}
2025-11-05 16:52:46,382 : INFO : EventManager : Event: ======'godot_play_base'====== Args={'priority': 0}
2025-11-05 16:52:46,382 : INFO : EventManager : Event: ======'start_firstball_intro'====== Args={'priority': 0}
2025-11-05 16:52:46,382 : INFO : EventManager : Event: ======'zombie_moan_1'====== Args={'priority': 0, 'action': 'play'}
2025-11-05 16:52:46,382 : INFO : EventManager : Event: ======'multi_player_ball_started'====== Args={}
2025-11-05 16:52:46,398 : INFO : EventManager : Event: ======'player_1_ball_started'====== Args={}
2025-11-05 16:52:46,398 : INFO : EventManager : Event: ======'ball_start_target'====== Args={'target': 'playfield'}
2025-11-05 16:52:46,399 : INFO : ball_device.bd_trough : Setting up player-controlled eject. Balls: 1, Target: <playfield.playfield>, player_controlled_eject_event: None
2025-11-05 16:52:46,399 : INFO : ball_device.bd_trough : Adding 1 ball(s) to the eject_queue with target <playfield.playfield>.
2025-11-05 16:52:46,399 : INFO : EventManager : Event: ======'balldevice_balls_available'====== Args={}
2025-11-05 16:52:46,400 : INFO : ball_device.bd_trough : State: waiting_for_target_ready
2025-11-05 16:52:46,400 : INFO : EventManager : Event: ======'balldevice_bd_trough_ball_eject_attempt'====== Args={'balls': 1, 'target': <playfield.playfield>, 'source': <ball_device.bd_trough>, 'mechanical_eject': False, 'num_attempts': 0}
2025-11-05 16:52:46,401 : INFO : ball_device.bd_trough : State: ejecting
2025-11-05 16:52:46,401 : INFO : ball_device.bd_trough : Ejecting ball to <playfield.playfield>
2025-11-05 16:52:46,401 : INFO : EventManager : Event: ======'balldevice_bd_trough_ejecting_ball'====== Args={'balls': 1, 'target': <playfield.playfield>, 'source': <ball_device.bd_trough>, 'mechanical_eject': False, 'num_attempts': 0}
2025-11-05 16:52:46,401 : INFO : ball_device.bd_trough : Wait for ball to leave device
2025-11-05 16:52:46,402 : INFO : coil.c_trough_eject : Pulsing Driver for 40ms (1.0 pulse_power)
2025-11-05 16:52:46,449 : INFO : SwitchController : <<<<<<< 's_trough' inactive >>>>>>>
2025-11-05 16:52:46,457 : INFO : SwitchController : <<<<<<< 's_trough' active >>>>>>>
2025-11-05 16:52:46,457 : INFO : EventManager : Event: ======'machine_var_audits_switches_s_trough'====== Args={'value': 467, 'prev_value': 466, 'change': 1}
2025-11-05 16:52:46,464 : INFO : ball_device.bd_trough : State: ball_left
2025-11-05 16:52:46,464 : INFO : ball_device.bd_trough : Ball left
2025-11-05 16:52:46,464 : INFO : ball_device.bd_trough : Wait for confirm with timeout 10.0
2025-11-05 16:52:46,464 : INFO : SwitchController : <<<<<<< 's_trough' inactive >>>>>>>
2025-11-05 16:52:46,545 : INFO : EventManager : Event: ======'blink_on'====== Args={'priority': 0}
2025-11-05 16:52:47,137 : INFO : EventManager : Event: ======'blink_off'====== Args={'priority': 0}
2025-11-05 16:52:47,137 : INFO : EventManager : Unordered handler for class <Auditor> on event game_ended with priority 1. Handlers: [RegisteredHandler(callback=<bound method Auditor.disable of <Auditor>>, priority=1, kwargs={}, key=UUID('b72c3e36-635b-46a7-8be0-8ceb553ad68a'), condition=None, blocking_facility=None), RegisteredHandler(callback=<bound method Auditor._save_audits of <Auditor>>, priority=1, kwargs={}, key=UUID('a2e6fbb6-f8e0-407c-9c1d-978887cc1e76'), condition=None, blocking_facility=None)]. The order of those handlers is not defined and they will be executed in random order. This might lead to race conditions and potential bugs.
2025-11-05 16:52:47,730 : INFO : EventManager : Event: ======'blink_on'====== Args={'priority': 0}
2025-11-05 16:52:48,335 : INFO : EventManager : Event: ======'blink_off'====== Args={'priority': 0}
2025-11-05 16:52:48,335 : INFO : EventManager : Unordered handler for class <Auditor> on event game_ended with priority 1. Handlers: [RegisteredHandler(callback=<bound method Auditor.disable of <Auditor>>, priority=1, kwargs={}, key=UUID('b72c3e36-635b-46a7-8be0-8ceb553ad68a'), condition=None, blocking_facility=None), RegisteredHandler(callback=<bound method Auditor._save_audits of <Auditor>>, priority=1, kwargs={}, key=UUID('a2e6fbb6-f8e0-407c-9c1d-978887cc1e76'), condition=None, blocking_facility=None)]. The order of those handlers is not defined and they will be executed in random order. This might lead to race conditions and potential bugs.
2025-11-05 16:52:48,928 : INFO : EventManager : Event: ======'blink_on'====== Args={'priority': 0}
2025-11-05 16:52:49,548 : INFO : EventManager : Event: ======'blink_off'====== Args={'priority': 0}
2025-11-05 16:52:49,548 : INFO : EventManager : Unordered handler for class <Auditor> on event game_ended with priority 1. Handlers: [RegisteredHandler(callback=<bound method Auditor.disable of <Auditor>>, priority=1, kwargs={}, key=UUID('b72c3e36-635b-46a7-8be0-8ceb553ad68a'), condition=None, blocking_facility=None), RegisteredHandler(callback=<bound method Auditor._save_audits of <Auditor>>, priority=1, kwargs={}, key=UUID('a2e6fbb6-f8e0-407c-9c1d-978887cc1e76'), condition=None, blocking_facility=None)]. The order of those handlers is not defined and they will be executed in random order. This might lead to race conditions and potential bugs.
2025-11-05 16:52:50,136 : INFO : EventManager : Event: ======'blink_on'====== Args={'priority': 0}
2025-11-05 16:52:50,727 : INFO : EventManager : Event: ======'blink_off'====== Args={'priority': 0}
2025-11-05 16:52:50,727 : INFO : EventManager : Unordered handler for class <Auditor> on event game_ended with priority 1. Handlers: [RegisteredHandler(callback=<bound method Auditor.disable of <Auditor>>, priority=1, kwargs={}, key=UUID('b72c3e36-635b-46a7-8be0-8ceb553ad68a'), condition=None, blocking_facility=None), RegisteredHandler(callback=<bound method Auditor._save_audits of <Auditor>>, priority=1, kwargs={}, key=UUID('a2e6fbb6-f8e0-407c-9c1d-978887cc1e76'), condition=None, blocking_facility=None)]. The order of those handlers is not defined and they will be executed in random order. This might lead to race conditions and potential bugs.
2025-11-05 16:52:51,348 : INFO : EventManager : Event: ======'blink_on'====== Args={'priority': 0}
2025-11-05 16:52:51,938 : INFO : EventManager : Event: ======'blink_off'====== Args={'priority': 0}
2025-11-05 16:52:51,938 : INFO : EventManager : Unordered handler for class <Auditor> on event game_ended with priority 1. Handlers: [RegisteredHandler(callback=<bound method Auditor.disable of <Auditor>>, priority=1, kwargs={}, key=UUID('b72c3e36-635b-46a7-8be0-8ceb553ad68a'), condition=None, blocking_facility=None), RegisteredHandler(callback=<bound method Auditor._save_audits of <Auditor>>, priority=1, kwargs={}, key=UUID('a2e6fbb6-f8e0-407c-9c1d-978887cc1e76'), condition=None, blocking_facility=None)]. The order of those handlers is not defined and they will be executed in random order. This might lead to race conditions and potential bugs.
2025-11-05 16:52:52,543 : INFO : EventManager : Event: ======'blink_on'====== Args={'priority': 0}
2025-11-05 16:52:53,135 : INFO : EventManager : Event: ======'blink_off'====== Args={'priority': 0}
2025-11-05 16:52:53,135 : INFO : EventManager : Unordered handler for class <Auditor> on event game_ended with priority 1. Handlers: [RegisteredHandler(callback=<bound method Auditor.disable of <Auditor>>, priority=1, kwargs={}, key=UUID('b72c3e36-635b-46a7-8be0-8ceb553ad68a'), condition=None, blocking_facility=None), RegisteredHandler(callback=<bound method Auditor._save_audits of <Auditor>>, priority=1, kwargs={}, key=UUID('a2e6fbb6-f8e0-407c-9c1d-978887cc1e76'), condition=None, blocking_facility=None)]. The order of those handlers is not defined and they will be executed in random order. This might lead to race conditions and potential bugs.
2025-11-05 16:52:53,725 : INFO : EventManager : Event: ======'blink_on'====== Args={'priority': 0}
2025-11-05 16:52:54,346 : INFO : EventManager : Event: ======'blink_off'====== Args={'priority': 0}
2025-11-05 16:52:54,348 : INFO : EventManager : Unordered handler for class <Auditor> on event game_ended with priority 1. Handlers: [RegisteredHandler(callback=<bound method Auditor.disable of <Auditor>>, priority=1, kwargs={}, key=UUID('b72c3e36-635b-46a7-8be0-8ceb553ad68a'), condition=None, blocking_facility=None), RegisteredHandler(callback=<bound method Auditor._save_audits of <Auditor>>, priority=1, kwargs={}, key=UUID('a2e6fbb6-f8e0-407c-9c1d-978887cc1e76'), condition=None, blocking_facility=None)]. The order of those handlers is not defined and they will be executed in random order. This might lead to race conditions and potential bugs.
2025-11-05 16:52:54,718 : INFO : Machine : Shutting down...
2025-11-05 16:52:54,718 : INFO : EventManager : Event: ======'shutdown'====== Args={}
2025-11-05 16:52:54,720 : INFO : EventManager : Event: ======'mode_game_will_stop'====== Args={}
2025-11-05 16:52:54,721 : INFO : EventManager : Event: ======'mode_game_stopping'====== Args={}
2025-11-05 16:52:54,723 : INFO : EventManager : Event: ======'mode_base_will_stop'====== Args={}
2025-11-05 16:52:54,723 : INFO : EventManager : Event: ======'mode_base_stopping'====== Args={}
2025-11-05 16:52:54,723 : INFO : EventManager : Event: ======'mode_music_ball_2plus_will_stop'====== Args={}
2025-11-05 16:52:54,723 : INFO : EventManager : Event: ======'mode_music_ball_2plus_stopping'====== Args={}
2025-11-05 16:52:54,724 : INFO : EventManager : Event: ======'godot_stop_base'====== Args={'priority': 0}
2025-11-05 16:52:54,724 : INFO : Mode.music_ball_2plus : Stopped.
2025-11-05 16:52:54,724 : INFO : EventManager : Event: ======'modes_active_modes_changed'====== Args={}
2025-11-05 16:52:54,724 : INFO : EventManager : Event: ======'mode_music_ball_2plus_stopped'====== Args={}
2025-11-05 16:52:54,724 : INFO : EventManager : Event: ======'clear'====== Args={'key': 'music_ball_2plus'}
2025-11-05 16:52:54,724 : INFO : Mode.base : Stopped.
2025-11-05 16:52:54,724 : INFO : EventManager : Event: ======'modes_active_modes_changed'====== Args={}
2025-11-05 16:52:54,724 : INFO : EventManager : Event: ======'mode_base_stopped'====== Args={}
2025-11-05 16:52:54,725 : INFO : EventManager : Event: ======'clear'====== Args={'key': 'base'}
2025-11-05 16:52:54,725 : INFO : Mode.game : Stopped.
2025-11-05 16:52:54,725 : INFO : EventManager : Event: ======'modes_active_modes_changed'====== Args={}
2025-11-05 16:52:54,725 : INFO : EventManager : Event: ======'mode_game_stopped'====== Args={}
2025-11-05 16:52:54,725 : INFO : EventManager : Event: ======'clear'====== Args={'key': 'game'}
2025-11-05 16:52:54,828 : INFO : root : MPF run loop ended.
