2025-10-27 08:25:04,521 : INFO : root : Loading config.
2025-10-27 08:25:04,527 : INFO : YamlMultifileConfigLoader : Machine config file #1: config.yaml
2025-10-27 08:25:04,527 : WARNING : ConfigProcessor : Config file in cache changed: C:\Users\antho\nightpin\config\config.yaml
2025-10-27 08:25:04,528 : INFO : ConfigProcessor : Loading config from file C:\Users\antho\mpf\Lib\site-packages\mpf\mpfconfig.yaml.
2025-10-27 08:25:04,540 : INFO : ConfigProcessor : Loading config: C:\Users\antho\mpf\Lib\site-packages\mpf\mpfconfig.yaml
2025-10-27 08:25:04,541 : INFO : ConfigProcessor : Loading config from file C:\Users\antho\nightpin\config\config.yaml.
2025-10-27 08:25:04,547 : INFO : ConfigProcessor : Loading config: C:\Users\antho\nightpin\config\config.yaml
2025-10-27 08:25:04,548 : INFO : ConfigProcessor : Loading config: C:\Users\antho\nightpin\config\config_ball_devices.yaml
2025-10-27 08:25:04,550 : INFO : ConfigProcessor : Loading config: C:\Users\antho\nightpin\config\config_coils.yaml
2025-10-27 08:25:04,554 : INFO : ConfigProcessor : Loading config: C:\Users\antho\nightpin\config\config_switches.yaml
2025-10-27 08:25:04,558 : INFO : ConfigProcessor : Loading config: C:\Users\antho\nightpin\config\config_lights.yaml
2025-10-27 08:25:04,560 : INFO : ConfigProcessor : Loading config: C:\Users\antho\nightpin\config\config_sounds.yaml
2025-10-27 08:25:04,560 : ERROR : ConfigProcessor : Config section 'sounds' is removed in MPF 0.80 and will be ignored.
2025-10-27 08:25:04,561 : INFO : ConfigProcessor : Config file cache created: C:\Users\antho\AppData\Local\Temp\fdca14d0c9d658ab8200d57120800af5.mpf_cache
2025-10-27 08:25:04,703 : INFO : ConfigProcessor : Loading config from cache: C:\Users\antho\AppData\Local\Temp\5dec96b1547c4adf5bdd3d1715e74bc0.mpf_cache
2025-10-27 08:25:04,703 : INFO : ConfigProcessor : Loading config from cache: C:\Users\antho\AppData\Local\Temp\202a5840610e95051f9f473dfa660cc0.mpf_cache
2025-10-27 08:25:04,704 : INFO : ConfigProcessor : Loading config from cache: C:\Users\antho\AppData\Local\Temp\5dec96b1547c4adf5bdd3d1715e74bc0.mpf_cache
2025-10-27 08:25:04,705 : INFO : ConfigProcessor : Loading config from cache: C:\Users\antho\AppData\Local\Temp\2cd13a2d3f375e00ab01d6d09a85d8e7.mpf_cache
2025-10-27 08:25:04,706 : INFO : ConfigProcessor : Loading config from cache: C:\Users\antho\AppData\Local\Temp\9220b44b97b91972524500b81035d790.mpf_cache
2025-10-27 08:25:04,707 : INFO : ConfigProcessor : Loading config from cache: C:\Users\antho\AppData\Local\Temp\31ee881584fa6fce665a672a4f3f633a.mpf_cache
2025-10-27 08:25:04,707 : INFO : ConfigProcessor : Loading config from cache: C:\Users\antho\AppData\Local\Temp\5e841763ec73085bbf92358fe6afda21.mpf_cache
2025-10-27 08:25:04,711 : INFO : ConfigProcessor : Loading config from cache: C:\Users\antho\AppData\Local\Temp\7f73d12aa9beccac1cbd8c265ccda72e.mpf_cache
2025-10-27 08:25:04,711 : INFO : ConfigProcessor : Loading config from cache: C:\Users\antho\AppData\Local\Temp\b17152efa55a24f0424602723f8d3921.mpf_cache
2025-10-27 08:25:04,712 : INFO : ConfigProcessor : Loading config from cache: C:\Users\antho\AppData\Local\Temp\e87fc0e7d2f8a851b5fa3f604e0d0c6e.mpf_cache
2025-10-27 08:25:04,712 : INFO : ConfigProcessor : Loading config from cache: C:\Users\antho\AppData\Local\Temp\196ac76b6cab3a9880804c826cfbcb5c.mpf_cache
2025-10-27 08:25:04,713 : INFO : ConfigProcessor : Loading config from cache: C:\Users\antho\AppData\Local\Temp\834292dd7853e12a66732dc89828c828.mpf_cache
2025-10-27 08:25:04,713 : INFO : ConfigProcessor : Loading config from cache: C:\Users\antho\AppData\Local\Temp\ae2be9c5579852c305357e207df97e8b.mpf_cache
2025-10-27 08:25:04,714 : INFO : ConfigProcessor : Loading config from cache: C:\Users\antho\AppData\Local\Temp\46f8fa3e41dfeeb8232af2f03a13b6c4.mpf_cache
2025-10-27 08:25:04,715 : INFO : ConfigProcessor : Loading config from cache: C:\Users\antho\AppData\Local\Temp\c67e9c175da6c060302945929b27b878.mpf_cache
2025-10-27 08:25:04,715 : INFO : Machine : Mission Pinball Framework Core Engine v0.80.0.dev11
2025-10-27 08:25:04,716 : INFO : Machine : Command line arguments: {'no_load_cache': False, 'create_config_cache': True, 'bcp': True, 'configfile': ['config.yaml'], 'force_assets_load': False, 'platform_integration_test': False, 'jsonlogging': False, 'logfile': 'logs\\2025-10-27-08-25-04-mpf-LAPTOP-MPGP6R69.log', 'pause': False, 'production': False, 'text_ui': True, 'loglevel': 15, 'consoleloglevel': 20, 'force_platform': None, 'syslog_address': None, 'full_logfile_path': 'C:\\Users\\antho\\nightpin\\logs\\2025-10-27-08-25-04-mpf-LAPTOP-MPGP6R69.log'}
2025-10-27 08:25:04,716 : INFO : Machine : MPF path: C:\Users\antho\mpf\Lib\site-packages\mpf
2025-10-27 08:25:04,716 : INFO : Machine : Machine path: C:\Users\antho\nightpin
2025-10-27 08:25:04,716 : INFO : Machine : Platform: win32
2025-10-27 08:25:04,716 : INFO : Machine : Python executable location: C:\Users\antho\mpf\Scripts\python.exe
2025-10-27 08:25:04,716 : INFO : Machine : Python version: 3.12.7 (64-bit)
2025-10-27 08:25:04,718 : INFO : Machine : Initializing MPF...
2025-10-27 08:25:04,977 : INFO : lisy : Connecting to com3 at 115200bps
2025-10-27 08:25:04,978 : WARNING : lisy : Could not import terminos (this is ok on windows).
2025-10-27 08:25:05,131 : INFO : EventManager : Event: ======'machine_var_lisy_hardware'====== Args={'value': 'LISY35', 'prev_value': None, 'change': True}
2025-10-27 08:25:05,131 : INFO : EventManager : Event: ======'machine_var_lisy_version'====== Args={'value': '5.26 ', 'prev_value': None, 'change': True}
2025-10-27 08:25:05,131 : INFO : EventManager : Event: ======'machine_var_lisy_api_version'====== Args={'value': b'0.09', 'prev_value': None, 'change': True}
2025-10-27 08:25:06,447 : INFO : EventManager : Event: ======'machine_var_credits_string'====== Args={'value': 'FREE PLAY', 'prev_value': None, 'change': True}
2025-10-27 08:25:06,480 : INFO : EventManager : Event: ======'machine_var_master_volume'====== Args={'value': 0.5, 'prev_value': None, 'change': True}
2025-10-27 08:25:06,480 : INFO : EventManager : Event: ======'machine_var_player1_score'====== Args={'value': 300, 'prev_value': None, 'change': True}
2025-10-27 08:25:06,480 : INFO : EventManager : Event: ======'machine_var_mpf_version'====== Args={'value': 'Mission Pinball Framework v0.80.0.dev11', 'prev_value': None, 'change': True}
2025-10-27 08:25:06,480 : INFO : EventManager : Event: ======'machine_var_mpf_extended_version'====== Args={'value': 'Mission Pinball Framework v0.80.0.dev11, Config version:6, Show version: 6, BCP version:1.1', 'prev_value': None, 'change': True}
2025-10-27 08:25:06,481 : INFO : EventManager : Event: ======'machine_var_python_version'====== Args={'value': '3.12.7', 'prev_value': None, 'change': True}
2025-10-27 08:25:06,656 : INFO : EventManager : Event: ======'machine_var_platform'====== Args={'value': 'Windows-11-10.0.26100-SP0', 'prev_value': None, 'change': True}
2025-10-27 08:25:06,656 : INFO : EventManager : Event: ======'machine_var_platform_system'====== Args={'value': 'Windows', 'prev_value': None, 'change': True}
2025-10-27 08:25:06,657 : INFO : EventManager : Event: ======'machine_var_platform_release'====== Args={'value': '11', 'prev_value': None, 'change': True}
2025-10-27 08:25:06,657 : INFO : EventManager : Event: ======'machine_var_platform_version'====== Args={'value': '10.0.26100', 'prev_value': None, 'change': True}
2025-10-27 08:25:06,657 : INFO : EventManager : Event: ======'machine_var_platform_machine'====== Args={'value': 'AMD64', 'prev_value': None, 'change': True}
2025-10-27 08:25:06,657 : INFO : EventManager : Event: ======'machine_var_log_file_path'====== Args={'value': 'C:\\Users\\antho\\nightpin\\logs\\2025-10-27-08-25-04-mpf-LAPTOP-MPGP6R69.log', 'prev_value': None, 'change': True}
2025-10-27 08:25:06,657 : INFO : EventManager : Event: ======'init_phase_1'====== Args={}
2025-10-27 08:25:06,694 : INFO : EventManager : Event: ======'drop_target_bank_right_bank_up'====== Args={}
2025-10-27 08:25:06,694 : INFO : EventManager : Event: ======'drop_target_bank_left_bank_up'====== Args={}
2025-10-27 08:25:06,765 : INFO : EventManager : Event: ======'init_phase_2'====== Args={}
2025-10-27 08:25:06,774 : INFO : EventManager : Event: ======'bcp_connection_attempt'====== Args={'name': 'local_display', 'host': 'localhost', 'port': 5050}
2025-10-27 08:25:06,776 : INFO : BCPClientSocket : Connecting BCP to 'local_display' at localhost:5050...
2025-10-27 08:25:06,795 : INFO : BCPClientSocket : Connected BCP to 'local_display' localhost:5050
2025-10-27 08:25:06,795 : INFO : EventManager : Event: ======'bcp_clients_connected'====== Args={}
2025-10-27 08:25:06,905 : INFO : ball_device.bd_trough : BCH: Initial count: 0
2025-10-27 08:25:06,939 : INFO : ball_device.bd_trough : State: idle
2025-10-27 08:25:06,939 : INFO : ball_device.bd_saucer : BCH: Initial count: 0
2025-10-27 08:25:06,939 : INFO : ball_device.bd_saucer : State: idle
2025-10-27 08:25:06,952 : INFO : EventManager : Event: ======'init_phase_3'====== Args={}
2025-10-27 08:25:06,958 : INFO : EventManager : Event: ======'init_phase_4'====== Args={}
2025-10-27 08:25:06,959 : INFO : BallController : Initial balls found: 0
2025-10-27 08:25:06,961 : INFO : EventManager : Event: ======'machine_var_audits_events_game_ended'====== Args={'value': 16, 'prev_value': None, 'change': True}
2025-10-27 08:25:06,961 : INFO : EventManager : Event: ======'machine_var_audits_events_game_started'====== Args={'value': 53, 'prev_value': None, 'change': True}
2025-10-27 08:25:06,962 : INFO : EventManager : Event: ======'machine_var_audits_missing_switches_s_coin_right'====== Args={'value': 52, 'prev_value': None, 'change': True}
2025-10-27 08:25:06,962 : INFO : EventManager : Event: ======'machine_var_audits_missing_switches_s_credit_button'====== Args={'value': 25, 'prev_value': None, 'change': True}
2025-10-27 08:25:06,962 : INFO : EventManager : Event: ======'machine_var_audits_missing_switches_s_inlanes'====== Args={'value': 2, 'prev_value': None, 'change': True}
2025-10-27 08:25:06,962 : INFO : EventManager : Event: ======'machine_var_audits_missing_switches_s_left_bank_target_left'====== Args={'value': 5, 'prev_value': None, 'change': True}
2025-10-27 08:25:06,962 : INFO : EventManager : Event: ======'machine_var_audits_missing_switches_s_left_bank_target_middle'====== Args={'value': 5, 'prev_value': None, 'change': True}
2025-10-27 08:25:06,962 : INFO : EventManager : Event: ======'machine_var_audits_missing_switches_s_left_bank_target_right'====== Args={'value': 5, 'prev_value': None, 'change': True}
2025-10-27 08:25:06,962 : INFO : EventManager : Event: ======'machine_var_audits_missing_switches_s_left_lower_bumper'====== Args={'value': 5, 'prev_value': None, 'change': True}
2025-10-27 08:25:06,962 : INFO : EventManager : Event: ======'machine_var_audits_missing_switches_s_left_outlane_rollover'====== Args={'value': 5, 'prev_value': None, 'change': True}
2025-10-27 08:25:06,962 : INFO : EventManager : Event: ======'machine_var_audits_missing_switches_s_left_pop_bumper'====== Args={'value': 5, 'prev_value': None, 'change': True}
2025-10-27 08:25:06,962 : INFO : EventManager : Event: ======'machine_var_audits_missing_switches_s_left_sling'====== Args={'value': 5, 'prev_value': None, 'change': True}
2025-10-27 08:25:06,962 : INFO : EventManager : Event: ======'machine_var_audits_missing_switches_s_left_upper_bumper'====== Args={'value': 5, 'prev_value': None, 'change': True}
2025-10-27 08:25:06,962 : INFO : EventManager : Event: ======'machine_var_audits_missing_switches_s_middle_pop_bumper'====== Args={'value': 5, 'prev_value': None, 'change': True}
2025-10-27 08:25:06,963 : INFO : EventManager : Event: ======'machine_var_audits_missing_switches_s_middle_skill_lane'====== Args={'value': 12, 'prev_value': None, 'change': True}
2025-10-27 08:25:06,963 : INFO : EventManager : Event: ======'machine_var_audits_missing_switches_s_middle_upper_rollovers'====== Args={'value': 5, 'prev_value': None, 'change': True}
2025-10-27 08:25:06,963 : INFO : EventManager : Event: ======'machine_var_audits_missing_switches_s_outer_skill_lanes'====== Args={'value': 12, 'prev_value': None, 'change': True}
2025-10-27 08:25:06,963 : INFO : EventManager : Event: ======'machine_var_audits_missing_switches_s_right_bank_target_left'====== Args={'value': 5, 'prev_value': None, 'change': True}
2025-10-27 08:25:06,963 : INFO : EventManager : Event: ======'machine_var_audits_missing_switches_s_right_bank_target_middle'====== Args={'value': 5, 'prev_value': None, 'change': True}
2025-10-27 08:25:06,963 : INFO : EventManager : Event: ======'machine_var_audits_missing_switches_s_right_bank_target_right'====== Args={'value': 5, 'prev_value': None, 'change': True}
2025-10-27 08:25:06,963 : INFO : EventManager : Event: ======'machine_var_audits_missing_switches_s_right_outlane_rollover'====== Args={'value': 8, 'prev_value': None, 'change': True}
2025-10-27 08:25:06,963 : INFO : EventManager : Event: ======'machine_var_audits_missing_switches_s_right_pop_bumper'====== Args={'value': 5, 'prev_value': None, 'change': True}
2025-10-27 08:25:06,963 : INFO : EventManager : Event: ======'machine_var_audits_missing_switches_s_right_sling'====== Args={'value': 12, 'prev_value': None, 'change': True}
2025-10-27 08:25:06,963 : INFO : EventManager : Event: ======'machine_var_audits_missing_switches_s_saucer'====== Args={'value': 5, 'prev_value': None, 'change': True}
2025-10-27 08:25:06,963 : INFO : EventManager : Event: ======'machine_var_audits_missing_switches_s_slam_tilt'====== Args={'value': 25, 'prev_value': None, 'change': True}
2025-10-27 08:25:06,963 : INFO : EventManager : Event: ======'machine_var_audits_missing_switches_s_spinner'====== Args={'value': 5, 'prev_value': None, 'change': True}
2025-10-27 08:25:06,963 : INFO : EventManager : Event: ======'machine_var_audits_missing_switches_s_stand_up'====== Args={'value': 25, 'prev_value': None, 'change': True}
2025-10-27 08:25:06,963 : INFO : EventManager : Event: ======'machine_var_audits_missing_switches_s_start_button'====== Args={'value': 6, 'prev_value': None, 'change': True}
2025-10-27 08:25:06,964 : INFO : EventManager : Event: ======'machine_var_audits_missing_switches_s_tilt'====== Args={'value': 23, 'prev_value': None, 'change': True}
2025-10-27 08:25:06,964 : INFO : EventManager : Event: ======'machine_var_audits_player_score'====== Args={'value': {'average': 1413, 'top': [5110, 5070, 4300, 4230, 3980, 3410, 1300, 500, 500, 300], 'total': 23}, 'prev_value': None, 'change': True}
2025-10-27 08:25:06,964 : INFO : EventManager : Event: ======'machine_var_audits_switches_s_coin_right'====== Args={'value': 1, 'prev_value': None, 'change': True}
2025-10-27 08:25:06,964 : INFO : EventManager : Event: ======'machine_var_audits_switches_s_credit_button'====== Args={'value': 5, 'prev_value': None, 'change': True}
2025-10-27 08:25:06,964 : INFO : EventManager : Event: ======'machine_var_audits_switches_s_inlanes'====== Args={'value': 106, 'prev_value': None, 'change': True}
2025-10-27 08:25:06,964 : INFO : EventManager : Event: ======'machine_var_audits_switches_s_left_bank_target_left'====== Args={'value': 33, 'prev_value': None, 'change': True}
2025-10-27 08:25:06,964 : INFO : EventManager : Event: ======'machine_var_audits_switches_s_left_bank_target_middle'====== Args={'value': 24, 'prev_value': None, 'change': True}
2025-10-27 08:25:06,964 : INFO : EventManager : Event: ======'machine_var_audits_switches_s_left_bank_target_right'====== Args={'value': 25, 'prev_value': None, 'change': True}
2025-10-27 08:25:06,964 : INFO : EventManager : Event: ======'machine_var_audits_switches_s_left_lower_bumper'====== Args={'value': 30, 'prev_value': None, 'change': True}
2025-10-27 08:25:06,964 : INFO : EventManager : Event: ======'machine_var_audits_switches_s_left_outlane_rollover'====== Args={'value': 21, 'prev_value': None, 'change': True}
2025-10-27 08:25:06,964 : INFO : EventManager : Event: ======'machine_var_audits_switches_s_left_pop_bumper'====== Args={'value': 100, 'prev_value': None, 'change': True}
2025-10-27 08:25:06,965 : INFO : EventManager : Event: ======'machine_var_audits_switches_s_left_sling'====== Args={'value': 90, 'prev_value': None, 'change': True}
2025-10-27 08:25:06,965 : INFO : EventManager : Event: ======'machine_var_audits_switches_s_left_upper_bumper'====== Args={'value': 36, 'prev_value': None, 'change': True}
2025-10-27 08:25:06,965 : INFO : EventManager : Event: ======'machine_var_audits_switches_s_middle_pop_bumper'====== Args={'value': 91, 'prev_value': None, 'change': True}
2025-10-27 08:25:06,965 : INFO : EventManager : Event: ======'machine_var_audits_switches_s_middle_skill_lane'====== Args={'value': 32, 'prev_value': None, 'change': True}
2025-10-27 08:25:06,965 : INFO : EventManager : Event: ======'machine_var_audits_switches_s_middle_upper_rollovers'====== Args={'value': 68, 'prev_value': None, 'change': True}
2025-10-27 08:25:06,965 : INFO : EventManager : Event: ======'machine_var_audits_switches_s_outer_skill_lanes'====== Args={'value': 52, 'prev_value': None, 'change': True}
2025-10-27 08:25:06,965 : INFO : EventManager : Event: ======'machine_var_audits_switches_s_pop_bumper_bottom'====== Args={'value': 6, 'prev_value': None, 'change': True}
2025-10-27 08:25:06,965 : INFO : EventManager : Event: ======'machine_var_audits_switches_s_pop_bumper_left'====== Args={'value': 2, 'prev_value': None, 'change': True}
2025-10-27 08:25:06,965 : INFO : EventManager : Event: ======'machine_var_audits_switches_s_pop_bumper_right'====== Args={'value': 1, 'prev_value': None, 'change': True}
2025-10-27 08:25:06,965 : INFO : EventManager : Event: ======'machine_var_audits_switches_s_right_bank_target_left'====== Args={'value': 43, 'prev_value': None, 'change': True}
2025-10-27 08:25:06,965 : INFO : EventManager : Event: ======'machine_var_audits_switches_s_right_bank_target_middle'====== Args={'value': 32, 'prev_value': None, 'change': True}
2025-10-27 08:25:06,965 : INFO : EventManager : Event: ======'machine_var_audits_switches_s_right_bank_target_right'====== Args={'value': 32, 'prev_value': None, 'change': True}
2025-10-27 08:25:06,966 : INFO : EventManager : Event: ======'machine_var_audits_switches_s_right_outlane_rollover'====== Args={'value': 6, 'prev_value': None, 'change': True}
2025-10-27 08:25:06,966 : INFO : EventManager : Event: ======'machine_var_audits_switches_s_right_pop_bumper'====== Args={'value': 142, 'prev_value': None, 'change': True}
2025-10-27 08:25:06,966 : INFO : EventManager : Event: ======'machine_var_audits_switches_s_right_sling'====== Args={'value': 68, 'prev_value': None, 'change': True}
2025-10-27 08:25:06,966 : INFO : EventManager : Event: ======'machine_var_audits_switches_s_saucer'====== Args={'value': 54, 'prev_value': None, 'change': True}
2025-10-27 08:25:06,966 : INFO : EventManager : Event: ======'machine_var_audits_switches_s_slam_tilt'====== Args={'value': 5, 'prev_value': None, 'change': True}
2025-10-27 08:25:06,966 : INFO : EventManager : Event: ======'machine_var_audits_switches_s_spinner'====== Args={'value': 380, 'prev_value': None, 'change': True}
2025-10-27 08:25:06,966 : INFO : EventManager : Event: ======'machine_var_audits_switches_s_stand_up'====== Args={'value': 8, 'prev_value': None, 'change': True}
2025-10-27 08:25:06,966 : INFO : EventManager : Event: ======'machine_var_audits_switches_s_start_button'====== Args={'value': 25, 'prev_value': None, 'change': True}
2025-10-27 08:25:06,966 : INFO : EventManager : Event: ======'machine_var_audits_switches_s_tilt'====== Args={'value': 1, 'prev_value': None, 'change': True}
2025-10-27 08:25:06,966 : INFO : EventManager : Event: ======'machine_var_audits_switches_s_trough'====== Args={'value': 351, 'prev_value': None, 'change': True}
2025-10-27 08:25:06,967 : INFO : EventManager : Event: ======'init_phase_5'====== Args={}
2025-10-27 08:25:06,979 : INFO : EventManager : Event: ======'init_done'====== Args={}
2025-10-27 08:25:06,980 : INFO : EventManager : Event: ======'machine_reset_phase_1'====== Args={}
2025-10-27 08:25:06,980 : INFO : SwitchController : <<<<<<< 's_trough' active >>>>>>>
2025-10-27 08:25:07,006 : INFO : SwitchController : <<<<<<< 's_trough' inactive >>>>>>>
2025-10-27 08:25:07,011 : INFO : EventManager : Event: ======'machine_reset_phase_2'====== Args={}
2025-10-27 08:25:07,012 : INFO : SwitchController : <<<<<<< 's_trough' active >>>>>>>
2025-10-27 08:25:07,012 : INFO : EventManager : Event: ======'machine_reset_phase_3'====== Args={}
2025-10-27 08:25:07,016 : INFO : EventManager : Event: ======'mode_attract_will_start'====== Args={'queue': <QueuedEvent>}
2025-10-27 08:25:07,018 : INFO : EventManager : Event: ======'mode_attract_starting'====== Args={'queue': <QueuedEvent>}
2025-10-27 08:25:07,018 : INFO : Mode.attract : Started. Priority: 10
2025-10-27 08:25:07,018 : INFO : EventManager : Event: ======'modes_active_modes_changed'====== Args={}
2025-10-27 08:25:07,018 : INFO : EventManager : Event: ======'mode_attract_started'====== Args={'queue': <QueuedEvent>}
2025-10-27 08:25:07,019 : INFO : EventManager : Event: ======'godot_attract_on'====== Args={'priority': 0}
2025-10-27 08:25:07,019 : INFO : EventManager : Event: ======'collecting_balls_complete'====== Args={}
2025-10-27 08:25:07,020 : INFO : EventManager : Event: ======'reset_complete'====== Args={}
2025-10-27 08:25:07,032 : INFO : Machine : Starting the main run loop with active modes: [<Mode.attract>]
2025-10-27 08:25:07,054 : INFO : EventManager : Event: ======'slide_attract_created'====== Args={'_from_bcp': True}
2025-10-27 08:25:07,054 : INFO : EventManager : Event: ======'slide__removed'====== Args={'_from_bcp': True}
2025-10-27 08:25:07,055 : INFO : EventManager : Event: ======'slide_attract_active'====== Args={'original_context': 'attract', 'original_calling_context': 'mode_attract_started', 'priority': 10.0, 'queue': '<QueuedEvent>', 'cmd': 'slides_play', '_from_bcp': True}
2025-10-27 08:25:07,505 : INFO : EventManager : Event: ======'balldevice_bd_trough_ball_count_changed'====== Args={'balls': 1}
2025-10-27 08:25:07,505 : INFO : ball_device.bd_trough : Received unexpected ball
2025-10-27 08:25:07,505 : INFO : EventManager : Event: ======'balldevice_captured_from_playfield'====== Args={'balls': 1}
2025-10-27 08:25:07,506 : INFO : EventManager : Event: ======'sw_playfield_active'====== Args={'balls': 1}
2025-10-27 08:25:07,506 : INFO : EventManager : Event: ======'playfield_active'====== Args={'source': None}
2025-10-27 08:25:07,506 : INFO : EventManager : Event: ======'unexpected_ball_on_playfield'====== Args={}
2025-10-27 08:25:07,506 : INFO : EventManager : Event: ======'playfield_ball_count_change'====== Args={'balls': -1, 'change': -1}
2025-10-27 08:25:07,506 : INFO : EventManager : Event: ======'balldevice_playfield_ball_enter'====== Args={'new_balls': 1, 'unclaimed_balls': 1, 'device': <playfield.playfield>}
2025-10-27 08:25:07,506 : INFO : EventManager : Event: ======'playfield_ball_count_change'====== Args={'balls': 0, 'change': 1}
2025-10-27 08:25:07,506 : INFO : BallController : Found a new ball which was captured from playfield. Known balls: 1
2025-10-27 08:25:07,507 : INFO : EventManager : Event: ======'found_new_ball'====== Args={}
2025-10-27 08:25:07,507 : INFO : EventManager : Event: ======'balldevice_bd_trough_ball_enter'====== Args={'new_balls': 1, 'unclaimed_balls': 1, 'new_available_balls': 1, 'device': <ball_device.bd_trough>}
2025-10-27 08:25:07,507 : INFO : EventManager : Event: ======'ball_drain'====== Args={'device': <ball_device.bd_trough>, 'balls': 1}
2025-10-27 08:25:07,507 : INFO : EventManager : Event: ======'balldevice_balls_available'====== Args={}
2025-10-27 08:25:07,507 : INFO : EventManager : Event: ======'balldevice_bd_trough_ball_entered'====== Args={'new_balls': 1, 'device': <ball_device.bd_trough>}
2025-10-27 08:25:09,016 : INFO : EventManager : Event: ======'attract_wave_complete'====== Args={'priority': 0}
2025-10-27 08:25:09,407 : INFO : EventManager : Event: ======'attract_pulse_complete'====== Args={'priority': 0}
2025-10-27 08:25:09,813 : INFO : EventManager : Event: ======'attract_pulse_complete'====== Args={'priority': 0}
2025-10-27 08:25:10,984 : INFO : SwitchController : <<<<<<< 's_start_button' active >>>>>>>
2025-10-27 08:25:11,109 : INFO : SwitchController : <<<<<<< 's_start_button' inactive >>>>>>>
2025-10-27 08:25:11,109 : INFO : EventManager : Event: ======'request_to_start_game'====== Args={}
2025-10-27 08:25:11,110 : INFO : EventManager : Event: ======'game_start'====== Args={'buttons': [], 'hold_time': 0.125}
2025-10-27 08:25:11,110 : INFO : EventManager : Event: ======'mode_game_will_start'====== Args={'buttons': [], 'hold_time': 0.125}
2025-10-27 08:25:11,110 : INFO : EventManager : Event: ======'mode_game_starting'====== Args={'buttons': [], 'hold_time': 0.125}
2025-10-27 08:25:11,111 : INFO : Mode.game : Started. Priority: 20
2025-10-27 08:25:11,111 : INFO : EventManager : Event: ======'modes_active_modes_changed'====== Args={}
2025-10-27 08:25:11,111 : INFO : EventManager : Event: ======'mode_game_started'====== Args={'buttons': [], 'hold_time': 0.125}
2025-10-27 08:25:11,126 : INFO : EventManager : Event: ======'game_will_start'====== Args={}
2025-10-27 08:25:11,126 : INFO : EventManager : Event: ======'game_starting'====== Args={'game': <Mode.game>}
2025-10-27 08:25:11,127 : INFO : EventManager : Event: ======'mode_attract_will_stop'====== Args={}
2025-10-27 08:25:11,127 : INFO : EventManager : Event: ======'mode_attract_stopping'====== Args={}
2025-10-27 08:25:11,127 : INFO : EventManager : Event: ======'godot_attract_off'====== Args={'priority': 0}
2025-10-27 08:25:11,127 : INFO : EventManager : Unordered handler for class <Auditor> on event game_ended with priority 1. Handlers: [RegisteredHandler(callback=<bound method Auditor.disable of <Auditor>>, priority=1, kwargs={}, key=UUID('62305edc-a467-4e01-877e-3643d878ff67'), condition=None, blocking_facility=None), RegisteredHandler(callback=<bound method Auditor._save_audits of <Auditor>>, priority=1, kwargs={}, key=UUID('330d7171-1398-4f19-a540-53867297f8a3'), condition=None, blocking_facility=None)]. The order of those handlers is not defined and they will be executed in random order. This might lead to race conditions and potential bugs.
2025-10-27 08:25:11,127 : INFO : EventManager : Event: ======'godot_attract_off'====== Args={'priority': 0}
2025-10-27 08:25:11,128 : INFO : Mode.attract : Stopped.
2025-10-27 08:25:11,128 : INFO : EventManager : Event: ======'modes_active_modes_changed'====== Args={}
2025-10-27 08:25:11,128 : INFO : EventManager : Event: ======'mode_attract_stopped'====== Args={}
2025-10-27 08:25:11,128 : INFO : EventManager : Event: ======'clear'====== Args={'key': 'attract'}
2025-10-27 08:25:11,128 : INFO : EventManager : Event: ======'player_add_request'====== Args={}
2025-10-27 08:25:11,128 : INFO : EventManager : Event: ======'player_will_add'====== Args={'number': 1}
2025-10-27 08:25:11,128 : INFO : EventManager : Event: ======'player_adding'====== Args={'player': <Player 1>, 'number': 1}
2025-10-27 08:25:11,128 : INFO : EventManager : Event: ======'player_added'====== Args={'player': <Player 1>, 'num': 1}
2025-10-27 08:25:11,129 : INFO : Mode.game : Player added successfully. Total players: 1
2025-10-27 08:25:11,129 : INFO : EventManager : Event: ======'player_index'====== Args={'value': 0, 'prev_value': 0, 'change': 0, 'player_num': 1}
2025-10-27 08:25:11,129 : INFO : EventManager : Event: ======'player_number'====== Args={'value': 1, 'prev_value': 1, 'change': 0, 'player_num': 1}
2025-10-27 08:25:11,129 : INFO : EventManager : Event: ======'player_score'====== Args={'value': 0, 'prev_value': 0, 'change': 0, 'player_num': 1}
2025-10-27 08:25:11,130 : INFO : EventManager : Unordered handler for class <Auditor> on event game_ended with priority 1. Handlers: [RegisteredHandler(callback=<bound method Auditor.disable of <Auditor>>, priority=1, kwargs={}, key=UUID('62305edc-a467-4e01-877e-3643d878ff67'), condition=None, blocking_facility=None), RegisteredHandler(callback=<bound method Auditor._save_audits of <Auditor>>, priority=1, kwargs={}, key=UUID('330d7171-1398-4f19-a540-53867297f8a3'), condition=None, blocking_facility=None)]. The order of those handlers is not defined and they will be executed in random order. This might lead to race conditions and potential bugs.
2025-10-27 08:25:11,145 : INFO : EventManager : Event: ======'game_started'====== Args={}
2025-10-27 08:25:11,146 : INFO : EventManager : Event: ======'player_turn_will_start'====== Args={'player': <Player 1>, 'number': 1}
2025-10-27 08:25:11,146 : INFO : EventManager : Event: ======'player_turn_starting'====== Args={'player': <Player 1>, 'number': 1}
2025-10-27 08:25:11,150 : INFO : EventManager : Event: ======'player_ball'====== Args={'value': 1, 'prev_value': 0, 'change': 1, 'player_num': 1}
2025-10-27 08:25:11,150 : INFO : EventManager : Event: ======'player_turn_started'====== Args={'player': <Player 1>, 'number': 1}
2025-10-27 08:25:11,152 : INFO : EventManager : Event: ======'ball_will_start'====== Args={'player': 1, 'ball': 1, 'balls_remaining': 2, 'is_extra_ball': False}
2025-10-27 08:25:11,155 : INFO : EventManager : Event: ======'ball_starting'====== Args={'player': 1, 'ball': 1, 'balls_remaining': 2, 'is_extra_ball': False}
2025-10-27 08:25:11,156 : INFO : drop_target_bank.right_bank : All targets are already up. Will not reset bank.
2025-10-27 08:25:11,156 : INFO : drop_target_bank.left_bank : All targets are already up. Will not reset bank.
2025-10-27 08:25:11,156 : INFO : EventManager : Event: ======'balls_in_play'====== Args={'balls': 1}
2025-10-27 08:25:11,156 : INFO : EventManager : Event: ======'ball_started'====== Args={'player': 1, 'ball': 1, 'balls_remaining': 2, 'is_extra_ball': False}
2025-10-27 08:25:11,156 : INFO : EventManager : Event: ======'mode_base_will_start'====== Args={'player': 1, 'ball': 1, 'balls_remaining': 2, 'is_extra_ball': False}
2025-10-27 08:25:11,157 : INFO : EventManager : Unordered handler for class <Auditor> on event game_ended with priority 1. Handlers: [RegisteredHandler(callback=<bound method Auditor.disable of <Auditor>>, priority=1, kwargs={}, key=UUID('62305edc-a467-4e01-877e-3643d878ff67'), condition=None, blocking_facility=None), RegisteredHandler(callback=<bound method Auditor._save_audits of <Auditor>>, priority=1, kwargs={}, key=UUID('330d7171-1398-4f19-a540-53867297f8a3'), condition=None, blocking_facility=None)]. The order of those handlers is not defined and they will be executed in random order. This might lead to race conditions and potential bugs.
2025-10-27 08:25:11,159 : INFO : EventManager : Event: ======'mode_base_starting'====== Args={'player': 1, 'ball': 1, 'balls_remaining': 2, 'is_extra_ball': False}
2025-10-27 08:25:11,161 : INFO : Mode.base : Started. Priority: 50
2025-10-27 08:25:11,161 : INFO : EventManager : Event: ======'modes_active_modes_changed'====== Args={}
2025-10-27 08:25:11,161 : INFO : EventManager : Event: ======'mode_base_started'====== Args={'player': 1, 'ball': 1, 'balls_remaining': 2, 'is_extra_ball': False}
2025-10-27 08:25:11,161 : INFO : EventManager : Event: ======'stop_mode_attract'====== Args={'priority': 0}
2025-10-27 08:25:11,161 : INFO : EventManager : Event: ======'godot_attract_off'====== Args={'priority': 0}
2025-10-27 08:25:11,161 : INFO : EventManager : Event: ======'start_firstball_intro'====== Args={'priority': 0}
2025-10-27 08:25:11,161 : INFO : EventManager : Event: ======'start_subsequent_loop'====== Args={'priority': 0, 'delay': '6s'}
2025-10-27 08:25:11,162 : INFO : EventManager : Event: ======'single_player_ball_started'====== Args={}
2025-10-27 08:25:11,173 : INFO : EventManager : Event: ======'ball_start_target'====== Args={'target': 'playfield'}
2025-10-27 08:25:11,174 : INFO : ball_device.bd_trough : Setting up player-controlled eject. Balls: 1, Target: <playfield.playfield>, player_controlled_eject_event: None
2025-10-27 08:25:11,174 : INFO : ball_device.bd_trough : Adding 1 ball(s) to the eject_queue with target <playfield.playfield>.
2025-10-27 08:25:11,174 : INFO : EventManager : Event: ======'balldevice_balls_available'====== Args={}
2025-10-27 08:25:11,175 : INFO : ball_device.bd_trough : State: waiting_for_target_ready
2025-10-27 08:25:11,175 : INFO : EventManager : Event: ======'balldevice_bd_trough_ball_eject_attempt'====== Args={'balls': 1, 'target': <playfield.playfield>, 'source': <ball_device.bd_trough>, 'mechanical_eject': False, 'num_attempts': 0}
2025-10-27 08:25:11,175 : INFO : ball_device.bd_trough : State: ejecting
2025-10-27 08:25:11,175 : INFO : ball_device.bd_trough : Ejecting ball to <playfield.playfield>
2025-10-27 08:25:11,175 : INFO : EventManager : Event: ======'balldevice_bd_trough_ejecting_ball'====== Args={'balls': 1, 'target': <playfield.playfield>, 'source': <ball_device.bd_trough>, 'mechanical_eject': False, 'num_attempts': 0}
2025-10-27 08:25:11,177 : INFO : ball_device.bd_trough : Wait for ball to leave device
2025-10-27 08:25:11,177 : INFO : coil.c_trough_eject : Pulsing Driver for 40ms (1.0 pulse_power)
2025-10-27 08:25:11,233 : INFO : SwitchController : <<<<<<< 's_trough' inactive >>>>>>>
2025-10-27 08:25:11,239 : INFO : ball_device.bd_trough : State: ball_left
2025-10-27 08:25:11,240 : INFO : ball_device.bd_trough : Ball left
2025-10-27 08:25:11,240 : INFO : ball_device.bd_trough : Wait for confirm with timeout 10.0
2025-10-27 08:25:17,935 : INFO : EventManager : Event: ======'start_subsequent_loop'====== Args={'_from_bcp': True}
2025-10-27 08:25:21,238 : INFO : ball_device.bd_trough : State: failed_confirm
2025-10-27 08:25:21,238 : INFO : ball_device.bd_trough : Got timeout (10.0s) before confirm from <playfield.playfield>
2025-10-27 08:25:21,332 : INFO : ball_device.bd_trough : Confirming eject because target is playfield and ball did not return.
2025-10-27 08:25:21,332 : INFO : ball_device.bd_trough : Eject successful
2025-10-27 08:25:21,332 : INFO : EventManager : Event: ======'balldevice_bd_trough_ball_eject_success'====== Args={'balls': 1, 'target': <playfield.playfield>}
2025-10-27 08:25:21,332 : INFO : EventManager : Event: ======'balldevice_playfield_ball_enter'====== Args={'new_balls': 1, 'unclaimed_balls': 1, 'device': <playfield.playfield>}
2025-10-27 08:25:21,332 : INFO : EventManager : Event: ======'playfield_ball_count_change'====== Args={'balls': 1, 'change': 1}
2025-10-27 08:25:21,333 : INFO : EventManager : Event: ======'balldevice_bd_trough_ball_count_changed'====== Args={'balls': 0}
2025-10-27 08:25:21,333 : INFO : ball_device.bd_trough : State: idle
2025-10-27 08:25:27,148 : INFO : Machine : Shutting down...
2025-10-27 08:25:27,148 : INFO : EventManager : Event: ======'shutdown'====== Args={}
2025-10-27 08:25:27,150 : INFO : EventManager : Event: ======'mode_game_will_stop'====== Args={}
2025-10-27 08:25:27,150 : INFO : EventManager : Event: ======'mode_game_stopping'====== Args={}
2025-10-27 08:25:27,152 : INFO : EventManager : Event: ======'mode_base_will_stop'====== Args={}
2025-10-27 08:25:27,152 : INFO : EventManager : Event: ======'mode_base_stopping'====== Args={}
2025-10-27 08:25:27,152 : INFO : Mode.base : Stopped.
2025-10-27 08:25:27,152 : INFO : EventManager : Event: ======'modes_active_modes_changed'====== Args={}
2025-10-27 08:25:27,154 : INFO : EventManager : Event: ======'mode_base_stopped'====== Args={}
2025-10-27 08:25:27,154 : INFO : EventManager : Event: ======'clear'====== Args={'key': 'base'}
2025-10-27 08:25:27,154 : INFO : Mode.game : Stopped.
2025-10-27 08:25:27,154 : INFO : EventManager : Event: ======'modes_active_modes_changed'====== Args={}
2025-10-27 08:25:27,154 : INFO : EventManager : Event: ======'mode_game_stopped'====== Args={}
2025-10-27 08:25:27,155 : INFO : EventManager : Event: ======'clear'====== Args={'key': 'game'}
2025-10-27 08:25:27,254 : INFO : root : MPF run loop ended.
