2025-11-08 10:23:07,232 : INFO : root : Loading config.
2025-11-08 10:23:07,239 : INFO : YamlMultifileConfigLoader : Machine config file #1: config.yaml
2025-11-08 10:23:07,239 : INFO : ConfigProcessor : Loading config from cache: C:\Users\antho\AppData\Local\Temp\fdca14d0c9d658ab8200d57120800af5.mpf_cache
2025-11-08 10:23:07,373 : INFO : ConfigProcessor : Loading config from cache: C:\Users\antho\AppData\Local\Temp\5dec96b1547c4adf5bdd3d1715e74bc0.mpf_cache
2025-11-08 10:23:07,374 : INFO : ConfigProcessor : Loading config from cache: C:\Users\antho\AppData\Local\Temp\202a5840610e95051f9f473dfa660cc0.mpf_cache
2025-11-08 10:23:07,374 : INFO : ConfigProcessor : Loading config from cache: C:\Users\antho\AppData\Local\Temp\5dec96b1547c4adf5bdd3d1715e74bc0.mpf_cache
2025-11-08 10:23:07,376 : WARNING : ConfigProcessor : Config file in cache changed: C:\Users\antho\nightpin\modes\base\config\base.yaml
2025-11-08 10:23:07,376 : INFO : ConfigProcessor : Loading config from file C:\Users\antho\nightpin\modes\base\config\base.yaml.
2025-11-08 10:23:07,396 : INFO : ConfigProcessor : Loading config: C:\Users\antho\nightpin\modes\base\config\base.yaml
2025-11-08 10:23:07,396 : ERROR : ConfigProcessor : Config section 'slides' is removed in MPF 0.80 and will be ignored.
2025-11-08 10:23:07,397 : INFO : ConfigProcessor : Config file cache created: C:\Users\antho\AppData\Local\Temp\2cd13a2d3f375e00ab01d6d09a85d8e7.mpf_cache
2025-11-08 10:23:07,398 : INFO : ConfigProcessor : Loading config from cache: C:\Users\antho\AppData\Local\Temp\9220b44b97b91972524500b81035d790.mpf_cache
2025-11-08 10:23:07,399 : INFO : ConfigProcessor : Loading config from cache: C:\Users\antho\AppData\Local\Temp\31ee881584fa6fce665a672a4f3f633a.mpf_cache
2025-11-08 10:23:07,399 : INFO : ConfigProcessor : Loading config from cache: C:\Users\antho\AppData\Local\Temp\5e841763ec73085bbf92358fe6afda21.mpf_cache
2025-11-08 10:23:07,400 : INFO : ConfigProcessor : Loading config from cache: C:\Users\antho\AppData\Local\Temp\7f73d12aa9beccac1cbd8c265ccda72e.mpf_cache
2025-11-08 10:23:07,401 : INFO : ConfigProcessor : Loading config from cache: C:\Users\antho\AppData\Local\Temp\a03ebaa9d6d5676c418deb142cb34911.mpf_cache
2025-11-08 10:23:07,401 : INFO : ConfigProcessor : Loading config from cache: C:\Users\antho\AppData\Local\Temp\b17152efa55a24f0424602723f8d3921.mpf_cache
2025-11-08 10:23:07,403 : INFO : ConfigProcessor : Loading config from cache: C:\Users\antho\AppData\Local\Temp\e87fc0e7d2f8a851b5fa3f604e0d0c6e.mpf_cache
2025-11-08 10:23:07,403 : INFO : ConfigProcessor : Loading config from cache: C:\Users\antho\AppData\Local\Temp\196ac76b6cab3a9880804c826cfbcb5c.mpf_cache
2025-11-08 10:23:07,403 : INFO : ConfigProcessor : Loading config from cache: C:\Users\antho\AppData\Local\Temp\55437eb303afaa980597ff60f339a871.mpf_cache
2025-11-08 10:23:07,404 : INFO : ConfigProcessor : Loading config from cache: C:\Users\antho\AppData\Local\Temp\fddc1006228d3387e6d1e46051a3638d.mpf_cache
2025-11-08 10:23:07,404 : INFO : ConfigProcessor : Loading config from cache: C:\Users\antho\AppData\Local\Temp\834292dd7853e12a66732dc89828c828.mpf_cache
2025-11-08 10:23:07,404 : INFO : ConfigProcessor : Loading config from cache: C:\Users\antho\AppData\Local\Temp\46f8fa3e41dfeeb8232af2f03a13b6c4.mpf_cache
2025-11-08 10:23:07,405 : INFO : ConfigProcessor : Loading config from cache: C:\Users\antho\AppData\Local\Temp\c67e9c175da6c060302945929b27b878.mpf_cache
2025-11-08 10:23:07,405 : INFO : Machine : Mission Pinball Framework Core Engine v0.80.0.dev11
2025-11-08 10:23:07,406 : INFO : Machine : Command line arguments: {'no_load_cache': False, 'create_config_cache': True, 'bcp': True, 'configfile': ['config.yaml'], 'force_assets_load': False, 'platform_integration_test': False, 'jsonlogging': False, 'logfile': 'logs\\2025-11-08-10-23-07-mpf-LAPTOP-MPGP6R69.log', 'pause': False, 'production': False, 'text_ui': True, 'loglevel': 15, 'consoleloglevel': 20, 'force_platform': None, 'syslog_address': None, 'full_logfile_path': 'C:\\Users\\antho\\nightpin\\logs\\2025-11-08-10-23-07-mpf-LAPTOP-MPGP6R69.log'}
2025-11-08 10:23:07,406 : INFO : Machine : MPF path: C:\Users\antho\mpf\Lib\site-packages\mpf
2025-11-08 10:23:07,406 : INFO : Machine : Machine path: C:\Users\antho\nightpin
2025-11-08 10:23:07,406 : INFO : Machine : Platform: win32
2025-11-08 10:23:07,406 : INFO : Machine : Python executable location: C:\Users\antho\mpf\Scripts\python.exe
2025-11-08 10:23:07,406 : INFO : Machine : Python version: 3.12.7 (64-bit)
2025-11-08 10:23:07,409 : INFO : Machine : Initializing MPF...
2025-11-08 10:23:07,683 : INFO : lisy : Connecting to com3 at 115200bps
2025-11-08 10:23:07,683 : WARNING : lisy : Could not import terminos (this is ok on windows).
2025-11-08 10:23:07,848 : INFO : EventManager : Event: ======'machine_var_lisy_hardware'====== Args={'value': 'LISY35', 'prev_value': None, 'change': True}
2025-11-08 10:23:07,848 : INFO : EventManager : Event: ======'machine_var_lisy_version'====== Args={'value': '5.26 ', 'prev_value': None, 'change': True}
2025-11-08 10:23:07,848 : INFO : EventManager : Event: ======'machine_var_lisy_api_version'====== Args={'value': b'0.09', 'prev_value': None, 'change': True}
2025-11-08 10:23:09,157 : INFO : EventManager : Event: ======'machine_var_credits_string'====== Args={'value': 'FREE PLAY', 'prev_value': None, 'change': True}
2025-11-08 10:23:09,197 : INFO : EventManager : Event: ======'machine_var_master_volume'====== Args={'value': 0.5, 'prev_value': None, 'change': True}
2025-11-08 10:23:09,198 : INFO : EventManager : Event: ======'machine_var_player1_score'====== Args={'value': 2500, 'prev_value': None, 'change': True}
2025-11-08 10:23:09,198 : INFO : EventManager : Event: ======'machine_var_mpf_version'====== Args={'value': 'Mission Pinball Framework v0.80.0.dev11', 'prev_value': None, 'change': True}
2025-11-08 10:23:09,198 : INFO : EventManager : Event: ======'machine_var_mpf_extended_version'====== Args={'value': 'Mission Pinball Framework v0.80.0.dev11, Config version:6, Show version: 6, BCP version:1.1', 'prev_value': None, 'change': True}
2025-11-08 10:23:09,199 : INFO : EventManager : Event: ======'machine_var_python_version'====== Args={'value': '3.12.7', 'prev_value': None, 'change': True}
2025-11-08 10:23:09,378 : INFO : EventManager : Event: ======'machine_var_platform'====== Args={'value': 'Windows-11-10.0.26100-SP0', 'prev_value': None, 'change': True}
2025-11-08 10:23:09,378 : INFO : EventManager : Event: ======'machine_var_platform_system'====== Args={'value': 'Windows', 'prev_value': None, 'change': True}
2025-11-08 10:23:09,378 : INFO : EventManager : Event: ======'machine_var_platform_release'====== Args={'value': '11', 'prev_value': None, 'change': True}
2025-11-08 10:23:09,378 : INFO : EventManager : Event: ======'machine_var_platform_version'====== Args={'value': '10.0.26100', 'prev_value': None, 'change': True}
2025-11-08 10:23:09,378 : INFO : EventManager : Event: ======'machine_var_platform_machine'====== Args={'value': 'AMD64', 'prev_value': None, 'change': True}
2025-11-08 10:23:09,378 : INFO : EventManager : Event: ======'machine_var_log_file_path'====== Args={'value': 'C:\\Users\\antho\\nightpin\\logs\\2025-11-08-10-23-07-mpf-LAPTOP-MPGP6R69.log', 'prev_value': None, 'change': True}
2025-11-08 10:23:09,378 : INFO : EventManager : Event: ======'init_phase_1'====== Args={}
2025-11-08 10:23:09,416 : INFO : EventManager : Event: ======'drop_target_bank_right_bank_up'====== Args={}
2025-11-08 10:23:09,416 : INFO : EventManager : Event: ======'drop_target_bank_left_bank_up'====== Args={}
2025-11-08 10:23:09,489 : INFO : EventManager : Event: ======'init_phase_2'====== Args={}
2025-11-08 10:23:09,490 : INFO : SwitchController : Found active switch: ('8', <mpf.platforms.lisy.lisy.LisyHardwarePlatform object at 0x00000290D81E96D0>) <switch.s_trough>
2025-11-08 10:23:09,499 : INFO : EventManager : Event: ======'bcp_connection_attempt'====== Args={'name': 'local_display', 'host': 'localhost', 'port': 5050}
2025-11-08 10:23:09,501 : INFO : BCPClientSocket : Connecting BCP to 'local_display' at localhost:5050...
2025-11-08 10:23:09,544 : INFO : BCPClientSocket : Connected BCP to 'local_display' localhost:5050
2025-11-08 10:23:09,546 : INFO : EventManager : Event: ======'bcp_clients_connected'====== Args={}
2025-11-08 10:23:09,653 : INFO : ball_device.bd_trough : BCH: Initial count: 1
2025-11-08 10:23:09,654 : INFO : ball_device.bd_trough : State: idle
2025-11-08 10:23:09,654 : INFO : ball_device.bd_saucer : BCH: Initial count: 0
2025-11-08 10:23:09,654 : INFO : ball_device.bd_saucer : State: idle
2025-11-08 10:23:09,681 : INFO : EventManager : Event: ======'init_phase_3'====== Args={}
2025-11-08 10:23:09,689 : INFO : EventManager : Event: ======'init_phase_4'====== Args={}
2025-11-08 10:23:09,689 : INFO : BallController : Initial balls found: 1
2025-11-08 10:23:09,690 : INFO : EventManager : Event: ======'machine_var_audits_events_game_ended'====== Args={'value': 22, 'prev_value': None, 'change': True}
2025-11-08 10:23:09,691 : INFO : EventManager : Event: ======'machine_var_audits_events_game_started'====== Args={'value': 143, 'prev_value': None, 'change': True}
2025-11-08 10:23:09,691 : INFO : EventManager : Event: ======'machine_var_audits_missing_switches_s_coin_right'====== Args={'value': 2, 'prev_value': None, 'change': True}
2025-11-08 10:23:09,691 : INFO : EventManager : Event: ======'machine_var_audits_missing_switches_s_credit_button'====== Args={'value': 2, 'prev_value': None, 'change': True}
2025-11-08 10:23:09,691 : INFO : EventManager : Event: ======'machine_var_audits_missing_switches_s_inlanes'====== Args={'value': 12, 'prev_value': None, 'change': True}
2025-11-08 10:23:09,691 : INFO : EventManager : Event: ======'machine_var_audits_missing_switches_s_left_bank_target_left'====== Args={'value': 1, 'prev_value': None, 'change': True}
2025-11-08 10:23:09,691 : INFO : EventManager : Event: ======'machine_var_audits_missing_switches_s_left_bank_target_middle'====== Args={'value': 1, 'prev_value': None, 'change': True}
2025-11-08 10:23:09,691 : INFO : EventManager : Event: ======'machine_var_audits_missing_switches_s_left_bank_target_right'====== Args={'value': 1, 'prev_value': None, 'change': True}
2025-11-08 10:23:09,691 : INFO : EventManager : Event: ======'machine_var_audits_missing_switches_s_left_inlane'====== Args={'value': 2, 'prev_value': None, 'change': True}
2025-11-08 10:23:09,691 : INFO : EventManager : Event: ======'machine_var_audits_missing_switches_s_left_lower_bumper'====== Args={'value': 1, 'prev_value': None, 'change': True}
2025-11-08 10:23:09,691 : INFO : EventManager : Event: ======'machine_var_audits_missing_switches_s_left_outlane'====== Args={'value': 46, 'prev_value': None, 'change': True}
2025-11-08 10:23:09,691 : INFO : EventManager : Event: ======'machine_var_audits_missing_switches_s_left_outlane_rollover'====== Args={'value': 23, 'prev_value': None, 'change': True}
2025-11-08 10:23:09,692 : INFO : EventManager : Event: ======'machine_var_audits_missing_switches_s_left_pop_bumper'====== Args={'value': 1, 'prev_value': None, 'change': True}
2025-11-08 10:23:09,692 : INFO : EventManager : Event: ======'machine_var_audits_missing_switches_s_left_rollover'====== Args={'value': 1, 'prev_value': None, 'change': True}
2025-11-08 10:23:09,692 : INFO : EventManager : Event: ======'machine_var_audits_missing_switches_s_left_skill_lane'====== Args={'value': 1, 'prev_value': None, 'change': True}
2025-11-08 10:23:09,692 : INFO : EventManager : Event: ======'machine_var_audits_missing_switches_s_left_sling'====== Args={'value': 1, 'prev_value': None, 'change': True}
2025-11-08 10:23:09,692 : INFO : EventManager : Event: ======'machine_var_audits_missing_switches_s_left_upper_bumper'====== Args={'value': 2, 'prev_value': None, 'change': True}
2025-11-08 10:23:09,692 : INFO : EventManager : Event: ======'machine_var_audits_missing_switches_s_middle_pop_bumper'====== Args={'value': 1, 'prev_value': None, 'change': True}
2025-11-08 10:23:09,692 : INFO : EventManager : Event: ======'machine_var_audits_missing_switches_s_middle_rollover'====== Args={'value': 2, 'prev_value': None, 'change': True}
2025-11-08 10:23:09,692 : INFO : EventManager : Event: ======'machine_var_audits_missing_switches_s_middle_skill_lane'====== Args={'value': 2, 'prev_value': None, 'change': True}
2025-11-08 10:23:09,692 : INFO : EventManager : Event: ======'machine_var_audits_missing_switches_s_middle_upper_rollovers'====== Args={'value': 5, 'prev_value': None, 'change': True}
2025-11-08 10:23:09,692 : INFO : EventManager : Event: ======'machine_var_audits_missing_switches_s_outer_skill_lanes'====== Args={'value': 1, 'prev_value': None, 'change': True}
2025-11-08 10:23:09,692 : INFO : EventManager : Event: ======'machine_var_audits_missing_switches_s_right_bank_target_left'====== Args={'value': 1, 'prev_value': None, 'change': True}
2025-11-08 10:23:09,693 : INFO : EventManager : Event: ======'machine_var_audits_missing_switches_s_right_bank_target_middle'====== Args={'value': 2, 'prev_value': None, 'change': True}
2025-11-08 10:23:09,693 : INFO : EventManager : Event: ======'machine_var_audits_missing_switches_s_right_bank_target_right'====== Args={'value': 2, 'prev_value': None, 'change': True}
2025-11-08 10:23:09,693 : INFO : EventManager : Event: ======'machine_var_audits_missing_switches_s_right_outlane'====== Args={'value': 1, 'prev_value': None, 'change': True}
2025-11-08 10:23:09,693 : INFO : EventManager : Event: ======'machine_var_audits_missing_switches_s_right_outlane_rollover'====== Args={'value': 40, 'prev_value': None, 'change': True}
2025-11-08 10:23:09,693 : INFO : EventManager : Event: ======'machine_var_audits_missing_switches_s_right_pop_bumper'====== Args={'value': 1, 'prev_value': None, 'change': True}
2025-11-08 10:23:09,693 : INFO : EventManager : Event: ======'machine_var_audits_missing_switches_s_right_rollover'====== Args={'value': 58, 'prev_value': None, 'change': True}
2025-11-08 10:23:09,693 : INFO : EventManager : Event: ======'machine_var_audits_missing_switches_s_right_skill_lane'====== Args={'value': 1, 'prev_value': None, 'change': True}
2025-11-08 10:23:09,693 : INFO : EventManager : Event: ======'machine_var_audits_missing_switches_s_right_sling'====== Args={'value': 1, 'prev_value': None, 'change': True}
2025-11-08 10:23:09,693 : INFO : EventManager : Event: ======'machine_var_audits_missing_switches_s_rollover_upper'====== Args={'value': 1, 'prev_value': None, 'change': True}
2025-11-08 10:23:09,693 : INFO : EventManager : Event: ======'machine_var_audits_missing_switches_s_saucer'====== Args={'value': 1, 'prev_value': None, 'change': True}
2025-11-08 10:23:09,693 : INFO : EventManager : Event: ======'machine_var_audits_missing_switches_s_slam_tilt'====== Args={'value': 2, 'prev_value': None, 'change': True}
2025-11-08 10:23:09,693 : INFO : EventManager : Event: ======'machine_var_audits_missing_switches_s_spinner'====== Args={'value': 2, 'prev_value': None, 'change': True}
2025-11-08 10:23:09,694 : INFO : EventManager : Event: ======'machine_var_audits_missing_switches_s_stand_up'====== Args={'value': 1, 'prev_value': None, 'change': True}
2025-11-08 10:23:09,694 : INFO : EventManager : Event: ======'machine_var_audits_missing_switches_s_start_button'====== Args={'value': 2, 'prev_value': None, 'change': True}
2025-11-08 10:23:09,694 : INFO : EventManager : Event: ======'machine_var_audits_missing_switches_s_tilt'====== Args={'value': 49, 'prev_value': None, 'change': True}
2025-11-08 10:23:09,694 : INFO : EventManager : Event: ======'machine_var_audits_player_score'====== Args={'value': {'average': 1377, 'top': [5110, 5070, 4300, 4230, 3980, 3410, 2500, 2200, 2100, 1300], 'total': 30}, 'prev_value': None, 'change': True}
2025-11-08 10:23:09,694 : INFO : EventManager : Event: ======'machine_var_audits_shots_my_first_shot'====== Args={'value': 3, 'prev_value': None, 'change': True}
2025-11-08 10:23:09,694 : INFO : EventManager : Event: ======'machine_var_audits_shots_sh_eg_pop_left'====== Args={'value': 8, 'prev_value': None, 'change': True}
2025-11-08 10:23:09,694 : INFO : EventManager : Event: ======'machine_var_audits_shots_sh_eg_pop_middle'====== Args={'value': 8, 'prev_value': None, 'change': True}
2025-11-08 10:23:09,694 : INFO : EventManager : Event: ======'machine_var_audits_shots_sh_eg_pop_right'====== Args={'value': 13, 'prev_value': None, 'change': True}
2025-11-08 10:23:09,694 : INFO : EventManager : Event: ======'machine_var_audits_shots_sh_eg_right_drop_left'====== Args={'value': 4, 'prev_value': None, 'change': True}
2025-11-08 10:23:09,694 : INFO : EventManager : Event: ======'machine_var_audits_shots_sh_eg_right_drop_middle'====== Args={'value': 3, 'prev_value': None, 'change': True}
2025-11-08 10:23:09,694 : INFO : EventManager : Event: ======'machine_var_audits_shots_sh_eg_right_drop_right'====== Args={'value': 3, 'prev_value': None, 'change': True}
2025-11-08 10:23:09,694 : INFO : EventManager : Event: ======'machine_var_audits_shots_sh_eg_spinner'====== Args={'value': 2, 'prev_value': None, 'change': True}
2025-11-08 10:23:09,695 : INFO : EventManager : Event: ======'machine_var_audits_shots_sh_escape_graveyard_start'====== Args={'value': 13, 'prev_value': None, 'change': True}
2025-11-08 10:23:09,695 : INFO : EventManager : Event: ======'machine_var_audits_switches_s_coin_right'====== Args={'value': 2, 'prev_value': None, 'change': True}
2025-11-08 10:23:09,695 : INFO : EventManager : Event: ======'machine_var_audits_switches_s_credit_button'====== Args={'value': 6, 'prev_value': None, 'change': True}
2025-11-08 10:23:09,695 : INFO : EventManager : Event: ======'machine_var_audits_switches_s_inlanes'====== Args={'value': 159, 'prev_value': None, 'change': True}
2025-11-08 10:23:09,695 : INFO : EventManager : Event: ======'machine_var_audits_switches_s_left_bank_target_left'====== Args={'value': 42, 'prev_value': None, 'change': True}
2025-11-08 10:23:09,695 : INFO : EventManager : Event: ======'machine_var_audits_switches_s_left_bank_target_middle'====== Args={'value': 30, 'prev_value': None, 'change': True}
2025-11-08 10:23:09,695 : INFO : EventManager : Event: ======'machine_var_audits_switches_s_left_bank_target_right'====== Args={'value': 32, 'prev_value': None, 'change': True}
2025-11-08 10:23:09,695 : INFO : EventManager : Event: ======'machine_var_audits_switches_s_left_inlane'====== Args={'value': 3, 'prev_value': None, 'change': True}
2025-11-08 10:23:09,695 : INFO : EventManager : Event: ======'machine_var_audits_switches_s_left_lower_bumper'====== Args={'value': 44, 'prev_value': None, 'change': True}
2025-11-08 10:23:09,695 : INFO : EventManager : Event: ======'machine_var_audits_switches_s_left_outlane'====== Args={'value': 1, 'prev_value': None, 'change': True}
2025-11-08 10:23:09,696 : INFO : EventManager : Event: ======'machine_var_audits_switches_s_left_outlane_rollover'====== Args={'value': 23, 'prev_value': None, 'change': True}
2025-11-08 10:23:09,696 : INFO : EventManager : Event: ======'machine_var_audits_switches_s_left_pop_bumper'====== Args={'value': 146, 'prev_value': None, 'change': True}
2025-11-08 10:23:09,696 : INFO : EventManager : Event: ======'machine_var_audits_switches_s_left_rollover'====== Args={'value': 5, 'prev_value': None, 'change': True}
2025-11-08 10:23:09,696 : INFO : EventManager : Event: ======'machine_var_audits_switches_s_left_skill_lane'====== Args={'value': 17, 'prev_value': None, 'change': True}
2025-11-08 10:23:09,696 : INFO : EventManager : Event: ======'machine_var_audits_switches_s_left_sling'====== Args={'value': 122, 'prev_value': None, 'change': True}
2025-11-08 10:23:09,696 : INFO : EventManager : Event: ======'machine_var_audits_switches_s_left_upper_bumper'====== Args={'value': 48, 'prev_value': None, 'change': True}
2025-11-08 10:23:09,696 : INFO : EventManager : Event: ======'machine_var_audits_switches_s_middle_pop_bumper'====== Args={'value': 162, 'prev_value': None, 'change': True}
2025-11-08 10:23:09,696 : INFO : EventManager : Event: ======'machine_var_audits_switches_s_middle_rollover'====== Args={'value': 28, 'prev_value': None, 'change': True}
2025-11-08 10:23:09,696 : INFO : EventManager : Event: ======'machine_var_audits_switches_s_middle_skill_lane'====== Args={'value': 92, 'prev_value': None, 'change': True}
2025-11-08 10:23:09,696 : INFO : EventManager : Event: ======'machine_var_audits_switches_s_middle_upper_rollovers'====== Args={'value': 97, 'prev_value': None, 'change': True}
2025-11-08 10:23:09,696 : INFO : EventManager : Event: ======'machine_var_audits_switches_s_outer_skill_lanes'====== Args={'value': 133, 'prev_value': None, 'change': True}
2025-11-08 10:23:09,696 : INFO : EventManager : Event: ======'machine_var_audits_switches_s_pop_bumper_bottom'====== Args={'value': 6, 'prev_value': None, 'change': True}
2025-11-08 10:23:09,696 : INFO : EventManager : Event: ======'machine_var_audits_switches_s_pop_bumper_left'====== Args={'value': 2, 'prev_value': None, 'change': True}
2025-11-08 10:23:09,696 : INFO : EventManager : Event: ======'machine_var_audits_switches_s_pop_bumper_right'====== Args={'value': 1, 'prev_value': None, 'change': True}
2025-11-08 10:23:09,696 : INFO : EventManager : Event: ======'machine_var_audits_switches_s_right_bank_target_left'====== Args={'value': 63, 'prev_value': None, 'change': True}
2025-11-08 10:23:09,696 : INFO : EventManager : Event: ======'machine_var_audits_switches_s_right_bank_target_middle'====== Args={'value': 48, 'prev_value': None, 'change': True}
2025-11-08 10:23:09,696 : INFO : EventManager : Event: ======'machine_var_audits_switches_s_right_bank_target_right'====== Args={'value': 43, 'prev_value': None, 'change': True}
2025-11-08 10:23:09,697 : INFO : EventManager : Event: ======'machine_var_audits_switches_s_right_inlane'====== Args={'value': 78, 'prev_value': None, 'change': True}
2025-11-08 10:23:09,697 : INFO : EventManager : Event: ======'machine_var_audits_switches_s_right_outlane'====== Args={'value': 2, 'prev_value': None, 'change': True}
2025-11-08 10:23:09,697 : INFO : EventManager : Event: ======'machine_var_audits_switches_s_right_outlane_rollover'====== Args={'value': 6, 'prev_value': None, 'change': True}
2025-11-08 10:23:09,697 : INFO : EventManager : Event: ======'machine_var_audits_switches_s_right_pop_bumper'====== Args={'value': 198, 'prev_value': None, 'change': True}
2025-11-08 10:23:09,697 : INFO : EventManager : Event: ======'machine_var_audits_switches_s_right_rollover'====== Args={'value': 0, 'prev_value': None, 'change': True}
2025-11-08 10:23:09,697 : INFO : EventManager : Event: ======'machine_var_audits_switches_s_right_skill_lane'====== Args={'value': 15, 'prev_value': None, 'change': True}
2025-11-08 10:23:09,697 : INFO : EventManager : Event: ======'machine_var_audits_switches_s_right_sling'====== Args={'value': 100, 'prev_value': None, 'change': True}
2025-11-08 10:23:09,697 : INFO : EventManager : Event: ======'machine_var_audits_switches_s_rollover_upper'====== Args={'value': 7, 'prev_value': None, 'change': True}
2025-11-08 10:23:09,697 : INFO : EventManager : Event: ======'machine_var_audits_switches_s_saucer'====== Args={'value': 126, 'prev_value': None, 'change': True}
2025-11-08 10:23:09,697 : INFO : EventManager : Event: ======'machine_var_audits_switches_s_slam_tilt'====== Args={'value': 7, 'prev_value': None, 'change': True}
2025-11-08 10:23:09,697 : INFO : EventManager : Event: ======'machine_var_audits_switches_s_spinner'====== Args={'value': 431, 'prev_value': None, 'change': True}
2025-11-08 10:23:09,697 : INFO : EventManager : Event: ======'machine_var_audits_switches_s_stand_up'====== Args={'value': 11, 'prev_value': None, 'change': True}
2025-11-08 10:23:09,699 : INFO : EventManager : Event: ======'machine_var_audits_switches_s_start_button'====== Args={'value': 40, 'prev_value': None, 'change': True}
2025-11-08 10:23:09,699 : INFO : EventManager : Event: ======'machine_var_audits_switches_s_tilt'====== Args={'value': 2, 'prev_value': None, 'change': True}
2025-11-08 10:23:09,699 : INFO : EventManager : Event: ======'machine_var_audits_switches_s_trough'====== Args={'value': 611, 'prev_value': None, 'change': True}
2025-11-08 10:23:09,699 : INFO : EventManager : Event: ======'init_phase_5'====== Args={}
2025-11-08 10:23:09,737 : INFO : EventManager : Event: ======'init_done'====== Args={}
2025-11-08 10:23:09,738 : INFO : EventManager : Event: ======'machine_reset_phase_1'====== Args={}
2025-11-08 10:23:09,743 : INFO : EventManager : Event: ======'machine_reset_phase_2'====== Args={}
2025-11-08 10:23:09,744 : INFO : EventManager : Event: ======'machine_reset_phase_3'====== Args={}
2025-11-08 10:23:09,744 : INFO : EventManager : Event: ======'mode_attract_will_start'====== Args={'queue': <QueuedEvent>}
2025-11-08 10:23:09,746 : INFO : EventManager : Event: ======'mode_attract_starting'====== Args={'queue': <QueuedEvent>}
2025-11-08 10:23:09,746 : INFO : Mode.attract : Started. Priority: 10
2025-11-08 10:23:09,746 : INFO : EventManager : Event: ======'modes_active_modes_changed'====== Args={}
2025-11-08 10:23:09,747 : INFO : EventManager : Event: ======'mode_attract_started'====== Args={'queue': <QueuedEvent>}
2025-11-08 10:23:09,747 : INFO : EventManager : Event: ======'godot_attract_on'====== Args={'priority': 0}
2025-11-08 10:23:09,747 : INFO : EventManager : Event: ======'collecting_balls_complete'====== Args={}
2025-11-08 10:23:09,747 : INFO : EventManager : Event: ======'reset_complete'====== Args={}
2025-11-08 10:23:09,782 : INFO : Machine : Starting the main run loop with active modes: [<Mode.attract>]
2025-11-08 10:23:09,783 : INFO : EventManager : Event: ======'slide_attract_created'====== Args={'_from_bcp': True}
2025-11-08 10:23:09,784 : INFO : EventManager : Event: ======'slide__removed'====== Args={'_from_bcp': True}
2025-11-08 10:23:09,785 : INFO : EventManager : Event: ======'slide_attract_active'====== Args={'original_context': 'attract', 'original_calling_context': 'mode_attract_started', 'priority': 10.0, 'queue': '<QueuedEvent>', 'cmd': 'slides_play', '_from_bcp': True}
2025-11-08 10:23:11,732 : INFO : EventManager : Event: ======'attract_wave_complete'====== Args={'priority': 0}
2025-11-08 10:23:12,120 : INFO : EventManager : Event: ======'attract_pulse_complete'====== Args={'priority': 0}
2025-11-08 10:23:12,524 : INFO : EventManager : Event: ======'attract_pulse_complete'====== Args={'priority': 0}
2025-11-08 10:23:12,959 : INFO : SwitchController : <<<<<<< 's_start_button' active >>>>>>>
2025-11-08 10:23:13,098 : INFO : SwitchController : <<<<<<< 's_start_button' inactive >>>>>>>
2025-11-08 10:23:13,098 : INFO : EventManager : Event: ======'request_to_start_game'====== Args={}
2025-11-08 10:23:13,098 : INFO : EventManager : Event: ======'game_start'====== Args={'buttons': [], 'hold_time': 0.1410000000614673}
2025-11-08 10:23:13,098 : INFO : EventManager : Event: ======'mode_game_will_start'====== Args={'buttons': [], 'hold_time': 0.1410000000614673}
2025-11-08 10:23:13,099 : INFO : EventManager : Event: ======'mode_game_starting'====== Args={'buttons': [], 'hold_time': 0.1410000000614673}
2025-11-08 10:23:13,099 : INFO : Mode.game : Started. Priority: 20
2025-11-08 10:23:13,099 : INFO : EventManager : Event: ======'modes_active_modes_changed'====== Args={}
2025-11-08 10:23:13,099 : INFO : EventManager : Event: ======'mode_game_started'====== Args={'buttons': [], 'hold_time': 0.1410000000614673}
2025-11-08 10:23:13,114 : INFO : EventManager : Event: ======'game_will_start'====== Args={}
2025-11-08 10:23:13,114 : INFO : EventManager : Event: ======'game_starting'====== Args={'game': <Mode.game>}
2025-11-08 10:23:13,114 : INFO : EventManager : Event: ======'mode_attract_will_stop'====== Args={}
2025-11-08 10:23:13,114 : INFO : EventManager : Event: ======'mode_attract_stopping'====== Args={}
2025-11-08 10:23:13,115 : INFO : EventManager : Event: ======'godot_attract_off'====== Args={'priority': 0}
2025-11-08 10:23:13,115 : INFO : EventManager : Unordered handler for class <Auditor> on event game_ended with priority 1. Handlers: [RegisteredHandler(callback=<bound method Auditor.disable of <Auditor>>, priority=1, kwargs={}, key=UUID('e3df109c-1826-4e2a-a8fc-ad5a47146c55'), condition=None, blocking_facility=None), RegisteredHandler(callback=<bound method Auditor._save_audits of <Auditor>>, priority=1, kwargs={}, key=UUID('4b0e5ea3-2524-4c1d-803b-4e90cc383017'), condition=None, blocking_facility=None)]. The order of those handlers is not defined and they will be executed in random order. This might lead to race conditions and potential bugs.
2025-11-08 10:23:13,116 : INFO : EventManager : Event: ======'godot_attract_off'====== Args={'priority': 0}
2025-11-08 10:23:13,116 : INFO : Mode.attract : Stopped.
2025-11-08 10:23:13,116 : INFO : EventManager : Event: ======'modes_active_modes_changed'====== Args={}
2025-11-08 10:23:13,118 : INFO : EventManager : Event: ======'mode_attract_stopped'====== Args={}
2025-11-08 10:23:13,118 : INFO : EventManager : Event: ======'clear'====== Args={'key': 'attract'}
2025-11-08 10:23:13,118 : INFO : EventManager : Event: ======'player_add_request'====== Args={}
2025-11-08 10:23:13,118 : INFO : EventManager : Event: ======'player_will_add'====== Args={'number': 1}
2025-11-08 10:23:13,119 : INFO : EventManager : Event: ======'player_adding'====== Args={'player': <Player 1>, 'number': 1}
2025-11-08 10:23:13,119 : INFO : EventManager : Event: ======'player_added'====== Args={'player': <Player 1>, 'num': 1}
2025-11-08 10:23:13,119 : INFO : Mode.game : Player added successfully. Total players: 1
2025-11-08 10:23:13,119 : INFO : EventManager : Event: ======'player_index'====== Args={'value': 0, 'prev_value': 0, 'change': 0, 'player_num': 1}
2025-11-08 10:23:13,119 : INFO : EventManager : Event: ======'player_number'====== Args={'value': 1, 'prev_value': 1, 'change': 0, 'player_num': 1}
2025-11-08 10:23:13,119 : INFO : EventManager : Event: ======'player_score'====== Args={'value': 0, 'prev_value': 0, 'change': 0, 'player_num': 1}
2025-11-08 10:23:13,120 : INFO : EventManager : Unordered handler for class <Auditor> on event game_ended with priority 1. Handlers: [RegisteredHandler(callback=<bound method Auditor.disable of <Auditor>>, priority=1, kwargs={}, key=UUID('e3df109c-1826-4e2a-a8fc-ad5a47146c55'), condition=None, blocking_facility=None), RegisteredHandler(callback=<bound method Auditor._save_audits of <Auditor>>, priority=1, kwargs={}, key=UUID('4b0e5ea3-2524-4c1d-803b-4e90cc383017'), condition=None, blocking_facility=None)]. The order of those handlers is not defined and they will be executed in random order. This might lead to race conditions and potential bugs.
2025-11-08 10:23:13,136 : INFO : EventManager : Event: ======'game_started'====== Args={}
2025-11-08 10:23:13,137 : INFO : EventManager : Event: ======'blink_on'====== Args={'priority': 0}
2025-11-08 10:23:13,138 : INFO : EventManager : Event: ======'player_turn_will_start'====== Args={'player': <Player 1>, 'number': 1}
2025-11-08 10:23:13,142 : INFO : EventManager : Event: ======'player_turn_starting'====== Args={'player': <Player 1>, 'number': 1}
2025-11-08 10:23:13,143 : INFO : EventManager : Event: ======'player_ball'====== Args={'value': 1, 'prev_value': 0, 'change': 1, 'player_num': 1}
2025-11-08 10:23:13,143 : INFO : EventManager : Event: ======'player_turn_started'====== Args={'player': <Player 1>, 'number': 1}
2025-11-08 10:23:13,144 : INFO : EventManager : Event: ======'ball_will_start'====== Args={'player': 1, 'ball': 1, 'balls_remaining': 2, 'is_extra_ball': False}
2025-11-08 10:23:13,149 : INFO : EventManager : Event: ======'ball_starting'====== Args={'player': 1, 'ball': 1, 'balls_remaining': 2, 'is_extra_ball': False}
2025-11-08 10:23:13,149 : INFO : EventManager : Event: ======'mode_base_will_start'====== Args={'queue': <QueuedEvent>, 'player': 1, 'ball': 1, 'balls_remaining': 2, 'is_extra_ball': False}
2025-11-08 10:23:13,150 : INFO : EventManager : Event: ======'player_shot_sh_escape_graveyard_start_enabled'====== Args={'value': False, 'prev_value': 0, 'change': 0, 'player_num': 1}
2025-11-08 10:23:13,150 : INFO : EventManager : Unordered handler for class <Auditor> on event game_ended with priority 1. Handlers: [RegisteredHandler(callback=<bound method Auditor.disable of <Auditor>>, priority=1, kwargs={}, key=UUID('e3df109c-1826-4e2a-a8fc-ad5a47146c55'), condition=None, blocking_facility=None), RegisteredHandler(callback=<bound method Auditor._save_audits of <Auditor>>, priority=1, kwargs={}, key=UUID('4b0e5ea3-2524-4c1d-803b-4e90cc383017'), condition=None, blocking_facility=None)]. The order of those handlers is not defined and they will be executed in random order. This might lead to race conditions and potential bugs.
2025-11-08 10:23:13,150 : INFO : EventManager : Unordered handler for class <Auditor> on event game_ended with priority 1. Handlers: [RegisteredHandler(callback=<bound method Auditor.disable of <Auditor>>, priority=1, kwargs={}, key=UUID('e3df109c-1826-4e2a-a8fc-ad5a47146c55'), condition=None, blocking_facility=None), RegisteredHandler(callback=<bound method Auditor._save_audits of <Auditor>>, priority=1, kwargs={}, key=UUID('4b0e5ea3-2524-4c1d-803b-4e90cc383017'), condition=None, blocking_facility=None)]. The order of those handlers is not defined and they will be executed in random order. This might lead to race conditions and potential bugs.
2025-11-08 10:23:13,153 : INFO : EventManager : Event: ======'mode_base_starting'====== Args={'queue': <QueuedEvent>, 'player': 1, 'ball': 1, 'balls_remaining': 2, 'is_extra_ball': False}
2025-11-08 10:23:13,154 : INFO : drop_target_bank.right_bank : All targets are already up. Will not reset bank.
2025-11-08 10:23:13,154 : INFO : drop_target_bank.left_bank : All targets are already up. Will not reset bank.
2025-11-08 10:23:13,154 : INFO : EventManager : Event: ======'balls_in_play'====== Args={'balls': 1}
2025-11-08 10:23:13,154 : INFO : EventManager : Event: ======'ball_started'====== Args={'player': 1, 'ball': 1, 'balls_remaining': 2, 'is_extra_ball': False}
2025-11-08 10:23:13,154 : INFO : EventManager : Event: ======'logicblock_eg_pop_counter_updated'====== Args={'value': 0, 'enabled': True}
2025-11-08 10:23:13,154 : INFO : EventManager : Event: ======'logicblock_eg_pop_counter_updated'====== Args={'value': 0, 'enabled': True}
2025-11-08 10:23:13,154 : INFO : Mode.base : Started. Priority: 50
2025-11-08 10:23:13,154 : INFO : EventManager : Event: ======'modes_active_modes_changed'====== Args={}
2025-11-08 10:23:13,154 : INFO : EventManager : Event: ======'mode_base_started'====== Args={'queue': <QueuedEvent>, 'player': 1, 'ball': 1, 'balls_remaining': 2, 'is_extra_ball': False}
2025-11-08 10:23:13,154 : INFO : EventManager : Event: ======'logicblock_eg_pop_counter_updated'====== Args={'value': 0, 'enabled': True}
2025-11-08 10:23:13,157 : INFO : EventManager : Unordered handler for class <Auditor> on event game_ended with priority 1. Handlers: [RegisteredHandler(callback=<bound method Auditor.disable of <Auditor>>, priority=1, kwargs={}, key=UUID('e3df109c-1826-4e2a-a8fc-ad5a47146c55'), condition=None, blocking_facility=None), RegisteredHandler(callback=<bound method Auditor._save_audits of <Auditor>>, priority=1, kwargs={}, key=UUID('4b0e5ea3-2524-4c1d-803b-4e90cc383017'), condition=None, blocking_facility=None)]. The order of those handlers is not defined and they will be executed in random order. This might lead to race conditions and potential bugs.
2025-11-08 10:23:13,157 : INFO : EventManager : Event: ======'stop_mode_attract'====== Args={'priority': 0}
2025-11-08 10:23:13,158 : INFO : EventManager : Event: ======'mode_attract_will_stop'====== Args={'priority': 0}
2025-11-08 10:23:13,158 : INFO : EventManager : Event: ======'godot_attract_off'====== Args={'priority': 0}
2025-11-08 10:23:13,158 : INFO : EventManager : Event: ======'godot_play_base'====== Args={'priority': 0}
2025-11-08 10:23:13,158 : INFO : EventManager : Event: ======'single_player_ball_started'====== Args={}
2025-11-08 10:23:13,171 : INFO : EventManager : Event: ======'ball_start_target'====== Args={'target': 'playfield'}
2025-11-08 10:23:13,171 : INFO : ball_device.bd_trough : Setting up player-controlled eject. Balls: 1, Target: <playfield.playfield>, player_controlled_eject_event: None
2025-11-08 10:23:13,171 : INFO : ball_device.bd_trough : Adding 1 ball(s) to the eject_queue with target <playfield.playfield>.
2025-11-08 10:23:13,172 : INFO : EventManager : Event: ======'balldevice_balls_available'====== Args={}
2025-11-08 10:23:13,173 : INFO : ball_device.bd_trough : State: waiting_for_target_ready
2025-11-08 10:23:13,173 : INFO : EventManager : Event: ======'balldevice_bd_trough_ball_eject_attempt'====== Args={'balls': 1, 'target': <playfield.playfield>, 'source': <ball_device.bd_trough>, 'mechanical_eject': False, 'num_attempts': 0}
2025-11-08 10:23:13,174 : INFO : ball_device.bd_trough : State: ejecting
2025-11-08 10:23:13,174 : INFO : ball_device.bd_trough : Ejecting ball to <playfield.playfield>
2025-11-08 10:23:13,174 : INFO : EventManager : Event: ======'balldevice_bd_trough_ejecting_ball'====== Args={'balls': 1, 'target': <playfield.playfield>, 'source': <ball_device.bd_trough>, 'mechanical_eject': False, 'num_attempts': 0}
2025-11-08 10:23:13,175 : INFO : ball_device.bd_trough : Wait for ball to leave device
2025-11-08 10:23:13,175 : INFO : coil.c_trough_eject : Pulsing Driver for 40ms (1.0 pulse_power)
2025-11-08 10:23:13,239 : INFO : EventManager : Event: ======'slide_base_created'====== Args={'_from_bcp': True}
2025-11-08 10:23:13,240 : INFO : EventManager : Event: ======'slide_attract_inactive'====== Args={'is_removing': True, '_from_bcp': True}
2025-11-08 10:23:13,240 : INFO : EventManager : Event: ======'slide_base_active'====== Args={'original_context': 'base', 'original_calling_context': 'mode_base_started', 'priority': 50.0, 'queue': '<QueuedEvent>', 'player': 1.0, 'ball': 1.0, 'balls_remaining': 2.0, 'is_extra_ball': False, 'cmd': 'slides_play', '_from_bcp': True}
2025-11-08 10:23:13,240 : INFO : EventManager : Event: ======'slide_attract_removed'====== Args={'_from_bcp': True}
2025-11-08 10:23:13,241 : INFO : SwitchController : <<<<<<< 's_trough' inactive >>>>>>>
2025-11-08 10:23:13,247 : INFO : ball_device.bd_trough : State: ball_left
2025-11-08 10:23:13,247 : INFO : ball_device.bd_trough : Ball left
2025-11-08 10:23:13,247 : INFO : ball_device.bd_trough : Wait for confirm with timeout 10.0
2025-11-08 10:23:13,723 : INFO : EventManager : Event: ======'blink_off'====== Args={'priority': 0}
2025-11-08 10:23:14,329 : INFO : EventManager : Event: ======'blink_on'====== Args={'priority': 0}
2025-11-08 10:23:14,937 : INFO : EventManager : Event: ======'blink_off'====== Args={'priority': 0}
2025-11-08 10:23:14,937 : INFO : EventManager : Unordered handler for class <Auditor> on event game_ended with priority 1. Handlers: [RegisteredHandler(callback=<bound method Auditor.disable of <Auditor>>, priority=1, kwargs={}, key=UUID('e3df109c-1826-4e2a-a8fc-ad5a47146c55'), condition=None, blocking_facility=None), RegisteredHandler(callback=<bound method Auditor._save_audits of <Auditor>>, priority=1, kwargs={}, key=UUID('4b0e5ea3-2524-4c1d-803b-4e90cc383017'), condition=None, blocking_facility=None)]. The order of those handlers is not defined and they will be executed in random order. This might lead to race conditions and potential bugs.
2025-11-08 10:23:15,524 : INFO : EventManager : Event: ======'blink_on'====== Args={'priority': 0}
2025-11-08 10:23:15,997 : INFO : SwitchController : <<<<<<< 's_left_skill_lane' active >>>>>>>
2025-11-08 10:23:15,997 : INFO : EventManager : Event: ======'s_left_skill_lane_active'====== Args={}
2025-11-08 10:23:15,997 : INFO : EventManager : Event: ======'machine_var_audits_switches_s_left_skill_lane'====== Args={'value': 18, 'prev_value': 17, 'change': 1}
2025-11-08 10:23:15,998 : INFO : EventManager : Event: ======'play_skilllane_quote_4'====== Args={}
2025-11-08 10:23:15,998 : INFO : EventManager : Event: ======'player_score'====== Args={'value': 500, 'prev_value': 0, 'change': 500, 'player_num': 1, 'source': 'base'}
2025-11-08 10:23:16,136 : INFO : EventManager : Event: ======'blink_off'====== Args={'priority': 0}
2025-11-08 10:23:16,136 : INFO : EventManager : Unordered handler for class <Auditor> on event game_ended with priority 1. Handlers: [RegisteredHandler(callback=<bound method Auditor.disable of <Auditor>>, priority=1, kwargs={}, key=UUID('e3df109c-1826-4e2a-a8fc-ad5a47146c55'), condition=None, blocking_facility=None), RegisteredHandler(callback=<bound method Auditor._save_audits of <Auditor>>, priority=1, kwargs={}, key=UUID('4b0e5ea3-2524-4c1d-803b-4e90cc383017'), condition=None, blocking_facility=None)]. The order of those handlers is not defined and they will be executed in random order. This might lead to race conditions and potential bugs.
2025-11-08 10:23:16,307 : INFO : SwitchController : <<<<<<< 's_left_skill_lane' inactive >>>>>>>
2025-11-08 10:23:16,727 : INFO : EventManager : Event: ======'blink_on'====== Args={'priority': 0}
2025-11-08 10:23:17,319 : INFO : EventManager : Event: ======'blink_off'====== Args={'priority': 0}
2025-11-08 10:23:17,319 : INFO : EventManager : Unordered handler for class <Auditor> on event game_ended with priority 1. Handlers: [RegisteredHandler(callback=<bound method Auditor.disable of <Auditor>>, priority=1, kwargs={}, key=UUID('e3df109c-1826-4e2a-a8fc-ad5a47146c55'), condition=None, blocking_facility=None), RegisteredHandler(callback=<bound method Auditor._save_audits of <Auditor>>, priority=1, kwargs={}, key=UUID('4b0e5ea3-2524-4c1d-803b-4e90cc383017'), condition=None, blocking_facility=None)]. The order of those handlers is not defined and they will be executed in random order. This might lead to race conditions and potential bugs.
2025-11-08 10:23:17,924 : INFO : EventManager : Event: ======'blink_on'====== Args={'priority': 0}
2025-11-08 10:23:18,522 : INFO : EventManager : Event: ======'blink_off'====== Args={'priority': 0}
2025-11-08 10:23:18,523 : INFO : EventManager : Unordered handler for class <Auditor> on event game_ended with priority 1. Handlers: [RegisteredHandler(callback=<bound method Auditor.disable of <Auditor>>, priority=1, kwargs={}, key=UUID('e3df109c-1826-4e2a-a8fc-ad5a47146c55'), condition=None, blocking_facility=None), RegisteredHandler(callback=<bound method Auditor._save_audits of <Auditor>>, priority=1, kwargs={}, key=UUID('4b0e5ea3-2524-4c1d-803b-4e90cc383017'), condition=None, blocking_facility=None)]. The order of those handlers is not defined and they will be executed in random order. This might lead to race conditions and potential bugs.
2025-11-08 10:23:18,609 : INFO : SwitchController : <<<<<<< 's_middle_skill_lane' active >>>>>>>
2025-11-08 10:23:18,609 : INFO : EventManager : Event: ======'s_middle_skill_lane_active'====== Args={}
2025-11-08 10:23:18,609 : INFO : EventManager : Event: ======'machine_var_audits_switches_s_middle_skill_lane'====== Args={'value': 93, 'prev_value': 92, 'change': 1}
2025-11-08 10:23:18,610 : INFO : EventManager : Event: ======'play_skilllane_quote_1'====== Args={}
2025-11-08 10:23:18,610 : INFO : EventManager : Event: ======'player_score'====== Args={'value': 1000, 'prev_value': 500, 'change': 500, 'player_num': 1, 'source': 'base'}
2025-11-08 10:23:18,611 : INFO : EventManager : Unordered handler for class <Auditor> on event game_ended with priority 1. Handlers: [RegisteredHandler(callback=<bound method Auditor.disable of <Auditor>>, priority=1, kwargs={}, key=UUID('e3df109c-1826-4e2a-a8fc-ad5a47146c55'), condition=None, blocking_facility=None), RegisteredHandler(callback=<bound method Auditor._save_audits of <Auditor>>, priority=1, kwargs={}, key=UUID('4b0e5ea3-2524-4c1d-803b-4e90cc383017'), condition=None, blocking_facility=None)]. The order of those handlers is not defined and they will be executed in random order. This might lead to race conditions and potential bugs.
2025-11-08 10:23:18,624 : INFO : EventManager : Unordered handler for class <Auditor> on event game_ended with priority 1. Handlers: [RegisteredHandler(callback=<bound method Auditor.disable of <Auditor>>, priority=1, kwargs={}, key=UUID('e3df109c-1826-4e2a-a8fc-ad5a47146c55'), condition=None, blocking_facility=None), RegisteredHandler(callback=<bound method Auditor._save_audits of <Auditor>>, priority=1, kwargs={}, key=UUID('4b0e5ea3-2524-4c1d-803b-4e90cc383017'), condition=None, blocking_facility=None)]. The order of those handlers is not defined and they will be executed in random order. This might lead to race conditions and potential bugs.
2025-11-08 10:23:18,625 : INFO : EventManager : Unordered handler for class <Auditor> on event game_ended with priority 1. Handlers: [RegisteredHandler(callback=<bound method Auditor.disable of <Auditor>>, priority=1, kwargs={}, key=UUID('e3df109c-1826-4e2a-a8fc-ad5a47146c55'), condition=None, blocking_facility=None), RegisteredHandler(callback=<bound method Auditor._save_audits of <Auditor>>, priority=1, kwargs={}, key=UUID('4b0e5ea3-2524-4c1d-803b-4e90cc383017'), condition=None, blocking_facility=None)]. The order of those handlers is not defined and they will be executed in random order. This might lead to race conditions and potential bugs.
2025-11-08 10:23:18,626 : INFO : EventManager : Unordered handler for class <Auditor> on event game_ended with priority 1. Handlers: [RegisteredHandler(callback=<bound method Auditor.disable of <Auditor>>, priority=1, kwargs={}, key=UUID('e3df109c-1826-4e2a-a8fc-ad5a47146c55'), condition=None, blocking_facility=None), RegisteredHandler(callback=<bound method Auditor._save_audits of <Auditor>>, priority=1, kwargs={}, key=UUID('4b0e5ea3-2524-4c1d-803b-4e90cc383017'), condition=None, blocking_facility=None)]. The order of those handlers is not defined and they will be executed in random order. This might lead to race conditions and potential bugs.
2025-11-08 10:23:18,905 : INFO : SwitchController : <<<<<<< 's_middle_skill_lane' inactive >>>>>>>
2025-11-08 10:23:19,138 : INFO : EventManager : Event: ======'blink_on'====== Args={'priority': 0}
2025-11-08 10:23:19,730 : INFO : EventManager : Event: ======'blink_off'====== Args={'priority': 0}
2025-11-08 10:23:19,731 : INFO : EventManager : Unordered handler for class <Auditor> on event game_ended with priority 1. Handlers: [RegisteredHandler(callback=<bound method Auditor.disable of <Auditor>>, priority=1, kwargs={}, key=UUID('e3df109c-1826-4e2a-a8fc-ad5a47146c55'), condition=None, blocking_facility=None), RegisteredHandler(callback=<bound method Auditor._save_audits of <Auditor>>, priority=1, kwargs={}, key=UUID('4b0e5ea3-2524-4c1d-803b-4e90cc383017'), condition=None, blocking_facility=None)]. The order of those handlers is not defined and they will be executed in random order. This might lead to race conditions and potential bugs.
2025-11-08 10:23:20,323 : INFO : EventManager : Event: ======'blink_on'====== Args={'priority': 0}
2025-11-08 10:23:20,932 : INFO : EventManager : Event: ======'blink_off'====== Args={'priority': 0}
2025-11-08 10:23:20,932 : INFO : EventManager : Unordered handler for class <Auditor> on event game_ended with priority 1. Handlers: [RegisteredHandler(callback=<bound method Auditor.disable of <Auditor>>, priority=1, kwargs={}, key=UUID('e3df109c-1826-4e2a-a8fc-ad5a47146c55'), condition=None, blocking_facility=None), RegisteredHandler(callback=<bound method Auditor._save_audits of <Auditor>>, priority=1, kwargs={}, key=UUID('4b0e5ea3-2524-4c1d-803b-4e90cc383017'), condition=None, blocking_facility=None)]. The order of those handlers is not defined and they will be executed in random order. This might lead to race conditions and potential bugs.
2025-11-08 10:23:21,492 : INFO : SwitchController : <<<<<<< 's_right_skill_lane' active >>>>>>>
2025-11-08 10:23:21,492 : INFO : EventManager : Event: ======'s_right_skill_lane_active'====== Args={}
2025-11-08 10:23:21,492 : INFO : EventManager : Event: ======'machine_var_audits_switches_s_right_skill_lane'====== Args={'value': 16, 'prev_value': 15, 'change': 1}
2025-11-08 10:23:21,493 : INFO : EventManager : Event: ======'play_skilllane_quote_2'====== Args={}
2025-11-08 10:23:21,493 : INFO : EventManager : Event: ======'player_score'====== Args={'value': 1500, 'prev_value': 1000, 'change': 500, 'player_num': 1, 'source': 'base'}
2025-11-08 10:23:21,494 : INFO : EventManager : Unordered handler for class <Auditor> on event game_ended with priority 1. Handlers: [RegisteredHandler(callback=<bound method Auditor.disable of <Auditor>>, priority=1, kwargs={}, key=UUID('e3df109c-1826-4e2a-a8fc-ad5a47146c55'), condition=None, blocking_facility=None), RegisteredHandler(callback=<bound method Auditor._save_audits of <Auditor>>, priority=1, kwargs={}, key=UUID('4b0e5ea3-2524-4c1d-803b-4e90cc383017'), condition=None, blocking_facility=None)]. The order of those handlers is not defined and they will be executed in random order. This might lead to race conditions and potential bugs.
2025-11-08 10:23:21,514 : INFO : EventManager : Unordered handler for class <Auditor> on event game_ended with priority 1. Handlers: [RegisteredHandler(callback=<bound method Auditor.disable of <Auditor>>, priority=1, kwargs={}, key=UUID('e3df109c-1826-4e2a-a8fc-ad5a47146c55'), condition=None, blocking_facility=None), RegisteredHandler(callback=<bound method Auditor._save_audits of <Auditor>>, priority=1, kwargs={}, key=UUID('4b0e5ea3-2524-4c1d-803b-4e90cc383017'), condition=None, blocking_facility=None)]. The order of those handlers is not defined and they will be executed in random order. This might lead to race conditions and potential bugs.
2025-11-08 10:23:21,514 : INFO : EventManager : Unordered handler for class <Auditor> on event game_ended with priority 1. Handlers: [RegisteredHandler(callback=<bound method Auditor.disable of <Auditor>>, priority=1, kwargs={}, key=UUID('e3df109c-1826-4e2a-a8fc-ad5a47146c55'), condition=None, blocking_facility=None), RegisteredHandler(callback=<bound method Auditor._save_audits of <Auditor>>, priority=1, kwargs={}, key=UUID('4b0e5ea3-2524-4c1d-803b-4e90cc383017'), condition=None, blocking_facility=None)]. The order of those handlers is not defined and they will be executed in random order. This might lead to race conditions and potential bugs.
2025-11-08 10:23:21,514 : INFO : EventManager : Unordered handler for class <Auditor> on event game_ended with priority 1. Handlers: [RegisteredHandler(callback=<bound method Auditor.disable of <Auditor>>, priority=1, kwargs={}, key=UUID('e3df109c-1826-4e2a-a8fc-ad5a47146c55'), condition=None, blocking_facility=None), RegisteredHandler(callback=<bound method Auditor._save_audits of <Auditor>>, priority=1, kwargs={}, key=UUID('4b0e5ea3-2524-4c1d-803b-4e90cc383017'), condition=None, blocking_facility=None)]. The order of those handlers is not defined and they will be executed in random order. This might lead to race conditions and potential bugs.
2025-11-08 10:23:21,516 : INFO : EventManager : Unordered handler for class <Auditor> on event game_ended with priority 1. Handlers: [RegisteredHandler(callback=<bound method Auditor.disable of <Auditor>>, priority=1, kwargs={}, key=UUID('e3df109c-1826-4e2a-a8fc-ad5a47146c55'), condition=None, blocking_facility=None), RegisteredHandler(callback=<bound method Auditor._save_audits of <Auditor>>, priority=1, kwargs={}, key=UUID('4b0e5ea3-2524-4c1d-803b-4e90cc383017'), condition=None, blocking_facility=None)]. The order of those handlers is not defined and they will be executed in random order. This might lead to race conditions and potential bugs.
2025-11-08 10:23:21,524 : INFO : EventManager : Event: ======'blink_on'====== Args={'priority': 0}
2025-11-08 10:23:21,987 : INFO : SwitchController : <<<<<<< 's_right_skill_lane' inactive >>>>>>>
2025-11-08 10:23:22,141 : INFO : EventManager : Event: ======'blink_off'====== Args={'priority': 0}
2025-11-08 10:23:22,141 : INFO : EventManager : Unordered handler for class <Auditor> on event game_ended with priority 1. Handlers: [RegisteredHandler(callback=<bound method Auditor.disable of <Auditor>>, priority=1, kwargs={}, key=UUID('e3df109c-1826-4e2a-a8fc-ad5a47146c55'), condition=None, blocking_facility=None), RegisteredHandler(callback=<bound method Auditor._save_audits of <Auditor>>, priority=1, kwargs={}, key=UUID('4b0e5ea3-2524-4c1d-803b-4e90cc383017'), condition=None, blocking_facility=None)]. The order of those handlers is not defined and they will be executed in random order. This might lead to race conditions and potential bugs.
2025-11-08 10:23:22,733 : INFO : EventManager : Event: ======'blink_on'====== Args={'priority': 0}
2025-11-08 10:23:23,229 : INFO : ball_device.bd_trough : State: failed_confirm
2025-11-08 10:23:23,229 : INFO : ball_device.bd_trough : Got timeout (10.0s) before confirm from <playfield.playfield>
2025-11-08 10:23:23,323 : INFO : EventManager : Event: ======'blink_off'====== Args={'priority': 0}
2025-11-08 10:23:23,323 : INFO : ball_device.bd_trough : Confirming eject because target is playfield and ball did not return.
2025-11-08 10:23:23,323 : INFO : ball_device.bd_trough : Eject successful
2025-11-08 10:23:23,323 : INFO : EventManager : Event: ======'balldevice_bd_trough_ball_eject_success'====== Args={'balls': 1, 'target': <playfield.playfield>}
2025-11-08 10:23:23,324 : INFO : EventManager : Unordered handler for class <Auditor> on event game_ended with priority 1. Handlers: [RegisteredHandler(callback=<bound method Auditor.disable of <Auditor>>, priority=1, kwargs={}, key=UUID('e3df109c-1826-4e2a-a8fc-ad5a47146c55'), condition=None, blocking_facility=None), RegisteredHandler(callback=<bound method Auditor._save_audits of <Auditor>>, priority=1, kwargs={}, key=UUID('4b0e5ea3-2524-4c1d-803b-4e90cc383017'), condition=None, blocking_facility=None)]. The order of those handlers is not defined and they will be executed in random order. This might lead to race conditions and potential bugs.
2025-11-08 10:23:23,324 : INFO : EventManager : Event: ======'balldevice_playfield_ball_enter'====== Args={'new_balls': 1, 'unclaimed_balls': 1, 'device': <playfield.playfield>}
2025-11-08 10:23:23,324 : INFO : EventManager : Event: ======'playfield_ball_count_change'====== Args={'balls': 1, 'change': 1}
2025-11-08 10:23:23,325 : INFO : EventManager : Event: ======'balldevice_bd_trough_ball_count_changed'====== Args={'balls': 0}
2025-11-08 10:23:23,325 : INFO : ball_device.bd_trough : State: idle
2025-11-08 10:23:23,834 : INFO : SwitchController : <<<<<<< 's_right_skill_lane' active >>>>>>>
2025-11-08 10:23:23,834 : INFO : EventManager : Event: ======'s_right_skill_lane_active'====== Args={}
2025-11-08 10:23:23,834 : INFO : EventManager : Event: ======'machine_var_audits_switches_s_right_skill_lane'====== Args={'value': 17, 'prev_value': 16, 'change': 1}
2025-11-08 10:23:23,834 : INFO : EventManager : Event: ======'play_skilllane_quote_1'====== Args={}
2025-11-08 10:23:23,834 : INFO : EventManager : Event: ======'player_score'====== Args={'value': 2000, 'prev_value': 1500, 'change': 500, 'player_num': 1, 'source': 'base'}
2025-11-08 10:23:23,836 : INFO : EventManager : Unordered handler for class <Auditor> on event game_ended with priority 1. Handlers: [RegisteredHandler(callback=<bound method Auditor.disable of <Auditor>>, priority=1, kwargs={}, key=UUID('e3df109c-1826-4e2a-a8fc-ad5a47146c55'), condition=None, blocking_facility=None), RegisteredHandler(callback=<bound method Auditor._save_audits of <Auditor>>, priority=1, kwargs={}, key=UUID('4b0e5ea3-2524-4c1d-803b-4e90cc383017'), condition=None, blocking_facility=None)]. The order of those handlers is not defined and they will be executed in random order. This might lead to race conditions and potential bugs.
2025-11-08 10:23:23,851 : INFO : EventManager : Unordered handler for class <Auditor> on event game_ended with priority 1. Handlers: [RegisteredHandler(callback=<bound method Auditor.disable of <Auditor>>, priority=1, kwargs={}, key=UUID('e3df109c-1826-4e2a-a8fc-ad5a47146c55'), condition=None, blocking_facility=None), RegisteredHandler(callback=<bound method Auditor._save_audits of <Auditor>>, priority=1, kwargs={}, key=UUID('4b0e5ea3-2524-4c1d-803b-4e90cc383017'), condition=None, blocking_facility=None)]. The order of those handlers is not defined and they will be executed in random order. This might lead to race conditions and potential bugs.
2025-11-08 10:23:23,852 : INFO : EventManager : Unordered handler for class <Auditor> on event game_ended with priority 1. Handlers: [RegisteredHandler(callback=<bound method Auditor.disable of <Auditor>>, priority=1, kwargs={}, key=UUID('e3df109c-1826-4e2a-a8fc-ad5a47146c55'), condition=None, blocking_facility=None), RegisteredHandler(callback=<bound method Auditor._save_audits of <Auditor>>, priority=1, kwargs={}, key=UUID('4b0e5ea3-2524-4c1d-803b-4e90cc383017'), condition=None, blocking_facility=None)]. The order of those handlers is not defined and they will be executed in random order. This might lead to race conditions and potential bugs.
2025-11-08 10:23:23,852 : INFO : EventManager : Unordered handler for class <Auditor> on event game_ended with priority 1. Handlers: [RegisteredHandler(callback=<bound method Auditor.disable of <Auditor>>, priority=1, kwargs={}, key=UUID('e3df109c-1826-4e2a-a8fc-ad5a47146c55'), condition=None, blocking_facility=None), RegisteredHandler(callback=<bound method Auditor._save_audits of <Auditor>>, priority=1, kwargs={}, key=UUID('4b0e5ea3-2524-4c1d-803b-4e90cc383017'), condition=None, blocking_facility=None)]. The order of those handlers is not defined and they will be executed in random order. This might lead to race conditions and potential bugs.
2025-11-08 10:23:23,853 : INFO : EventManager : Unordered handler for class <Auditor> on event game_ended with priority 1. Handlers: [RegisteredHandler(callback=<bound method Auditor.disable of <Auditor>>, priority=1, kwargs={}, key=UUID('e3df109c-1826-4e2a-a8fc-ad5a47146c55'), condition=None, blocking_facility=None), RegisteredHandler(callback=<bound method Auditor._save_audits of <Auditor>>, priority=1, kwargs={}, key=UUID('4b0e5ea3-2524-4c1d-803b-4e90cc383017'), condition=None, blocking_facility=None)]. The order of those handlers is not defined and they will be executed in random order. This might lead to race conditions and potential bugs.
2025-11-08 10:23:23,926 : INFO : EventManager : Event: ======'blink_on'====== Args={'priority': 0}
2025-11-08 10:23:24,393 : INFO : SwitchController : <<<<<<< 's_right_skill_lane' inactive >>>>>>>
2025-11-08 10:23:24,518 : INFO : EventManager : Event: ======'blink_off'====== Args={'priority': 0}
2025-11-08 10:23:24,519 : INFO : EventManager : Unordered handler for class <Auditor> on event game_ended with priority 1. Handlers: [RegisteredHandler(callback=<bound method Auditor.disable of <Auditor>>, priority=1, kwargs={}, key=UUID('e3df109c-1826-4e2a-a8fc-ad5a47146c55'), condition=None, blocking_facility=None), RegisteredHandler(callback=<bound method Auditor._save_audits of <Auditor>>, priority=1, kwargs={}, key=UUID('4b0e5ea3-2524-4c1d-803b-4e90cc383017'), condition=None, blocking_facility=None)]. The order of those handlers is not defined and they will be executed in random order. This might lead to race conditions and potential bugs.
2025-11-08 10:23:25,142 : INFO : EventManager : Event: ======'blink_on'====== Args={'priority': 0}
2025-11-08 10:23:25,733 : INFO : EventManager : Event: ======'blink_off'====== Args={'priority': 0}
2025-11-08 10:23:25,734 : INFO : EventManager : Unordered handler for class <Auditor> on event game_ended with priority 1. Handlers: [RegisteredHandler(callback=<bound method Auditor.disable of <Auditor>>, priority=1, kwargs={}, key=UUID('e3df109c-1826-4e2a-a8fc-ad5a47146c55'), condition=None, blocking_facility=None), RegisteredHandler(callback=<bound method Auditor._save_audits of <Auditor>>, priority=1, kwargs={}, key=UUID('4b0e5ea3-2524-4c1d-803b-4e90cc383017'), condition=None, blocking_facility=None)]. The order of those handlers is not defined and they will be executed in random order. This might lead to race conditions and potential bugs.
2025-11-08 10:23:26,322 : INFO : EventManager : Event: ======'blink_on'====== Args={'priority': 0}
2025-11-08 10:23:26,925 : INFO : EventManager : Event: ======'blink_off'====== Args={'priority': 0}
2025-11-08 10:23:26,925 : INFO : EventManager : Unordered handler for class <Auditor> on event game_ended with priority 1. Handlers: [RegisteredHandler(callback=<bound method Auditor.disable of <Auditor>>, priority=1, kwargs={}, key=UUID('e3df109c-1826-4e2a-a8fc-ad5a47146c55'), condition=None, blocking_facility=None), RegisteredHandler(callback=<bound method Auditor._save_audits of <Auditor>>, priority=1, kwargs={}, key=UUID('4b0e5ea3-2524-4c1d-803b-4e90cc383017'), condition=None, blocking_facility=None)]. The order of those handlers is not defined and they will be executed in random order. This might lead to race conditions and potential bugs.
2025-11-08 10:23:27,520 : INFO : EventManager : Event: ======'blink_on'====== Args={'priority': 0}
2025-11-08 10:23:28,137 : INFO : EventManager : Event: ======'blink_off'====== Args={'priority': 0}
2025-11-08 10:23:28,137 : INFO : EventManager : Unordered handler for class <Auditor> on event game_ended with priority 1. Handlers: [RegisteredHandler(callback=<bound method Auditor.disable of <Auditor>>, priority=1, kwargs={}, key=UUID('e3df109c-1826-4e2a-a8fc-ad5a47146c55'), condition=None, blocking_facility=None), RegisteredHandler(callback=<bound method Auditor._save_audits of <Auditor>>, priority=1, kwargs={}, key=UUID('4b0e5ea3-2524-4c1d-803b-4e90cc383017'), condition=None, blocking_facility=None)]. The order of those handlers is not defined and they will be executed in random order. This might lead to race conditions and potential bugs.
2025-11-08 10:23:28,726 : INFO : EventManager : Event: ======'blink_on'====== Args={'priority': 0}
2025-11-08 10:23:29,317 : INFO : EventManager : Event: ======'blink_off'====== Args={'priority': 0}
2025-11-08 10:23:29,318 : INFO : EventManager : Unordered handler for class <Auditor> on event game_ended with priority 1. Handlers: [RegisteredHandler(callback=<bound method Auditor.disable of <Auditor>>, priority=1, kwargs={}, key=UUID('e3df109c-1826-4e2a-a8fc-ad5a47146c55'), condition=None, blocking_facility=None), RegisteredHandler(callback=<bound method Auditor._save_audits of <Auditor>>, priority=1, kwargs={}, key=UUID('4b0e5ea3-2524-4c1d-803b-4e90cc383017'), condition=None, blocking_facility=None)]. The order of those handlers is not defined and they will be executed in random order. This might lead to race conditions and potential bugs.
2025-11-08 10:23:29,552 : INFO : SwitchController : <<<<<<< 's_spinner' active >>>>>>>
2025-11-08 10:23:29,552 : INFO : EventManager : Event: ======'s_spinner_active'====== Args={}
2025-11-08 10:23:29,552 : INFO : EventManager : Event: ======'machine_var_audits_switches_s_spinner'====== Args={'value': 432, 'prev_value': 431, 'change': 1}
2025-11-08 10:23:29,553 : INFO : EventManager : Event: ======'player_score'====== Args={'value': 2100, 'prev_value': 2000, 'change': 100, 'player_num': 1, 'source': 'base'}
2025-11-08 10:23:29,554 : INFO : EventManager : Unordered handler for class <Auditor> on event game_ended with priority 1. Handlers: [RegisteredHandler(callback=<bound method Auditor.disable of <Auditor>>, priority=1, kwargs={}, key=UUID('e3df109c-1826-4e2a-a8fc-ad5a47146c55'), condition=None, blocking_facility=None), RegisteredHandler(callback=<bound method Auditor._save_audits of <Auditor>>, priority=1, kwargs={}, key=UUID('4b0e5ea3-2524-4c1d-803b-4e90cc383017'), condition=None, blocking_facility=None)]. The order of those handlers is not defined and they will be executed in random order. This might lead to race conditions and potential bugs.
2025-11-08 10:23:29,566 : INFO : SwitchController : <<<<<<< 's_spinner' inactive >>>>>>>
2025-11-08 10:23:29,572 : INFO : EventManager : Unordered handler for class <Auditor> on event game_ended with priority 1. Handlers: [RegisteredHandler(callback=<bound method Auditor.disable of <Auditor>>, priority=1, kwargs={}, key=UUID('e3df109c-1826-4e2a-a8fc-ad5a47146c55'), condition=None, blocking_facility=None), RegisteredHandler(callback=<bound method Auditor._save_audits of <Auditor>>, priority=1, kwargs={}, key=UUID('4b0e5ea3-2524-4c1d-803b-4e90cc383017'), condition=None, blocking_facility=None)]. The order of those handlers is not defined and they will be executed in random order. This might lead to race conditions and potential bugs.
2025-11-08 10:23:29,573 : INFO : EventManager : Unordered handler for class <Auditor> on event game_ended with priority 1. Handlers: [RegisteredHandler(callback=<bound method Auditor.disable of <Auditor>>, priority=1, kwargs={}, key=UUID('e3df109c-1826-4e2a-a8fc-ad5a47146c55'), condition=None, blocking_facility=None), RegisteredHandler(callback=<bound method Auditor._save_audits of <Auditor>>, priority=1, kwargs={}, key=UUID('4b0e5ea3-2524-4c1d-803b-4e90cc383017'), condition=None, blocking_facility=None)]. The order of those handlers is not defined and they will be executed in random order. This might lead to race conditions and potential bugs.
2025-11-08 10:23:29,573 : INFO : EventManager : Unordered handler for class <Auditor> on event game_ended with priority 1. Handlers: [RegisteredHandler(callback=<bound method Auditor.disable of <Auditor>>, priority=1, kwargs={}, key=UUID('e3df109c-1826-4e2a-a8fc-ad5a47146c55'), condition=None, blocking_facility=None), RegisteredHandler(callback=<bound method Auditor._save_audits of <Auditor>>, priority=1, kwargs={}, key=UUID('4b0e5ea3-2524-4c1d-803b-4e90cc383017'), condition=None, blocking_facility=None)]. The order of those handlers is not defined and they will be executed in random order. This might lead to race conditions and potential bugs.
2025-11-08 10:23:29,574 : INFO : EventManager : Unordered handler for class <Auditor> on event game_ended with priority 1. Handlers: [RegisteredHandler(callback=<bound method Auditor.disable of <Auditor>>, priority=1, kwargs={}, key=UUID('e3df109c-1826-4e2a-a8fc-ad5a47146c55'), condition=None, blocking_facility=None), RegisteredHandler(callback=<bound method Auditor._save_audits of <Auditor>>, priority=1, kwargs={}, key=UUID('4b0e5ea3-2524-4c1d-803b-4e90cc383017'), condition=None, blocking_facility=None)]. The order of those handlers is not defined and they will be executed in random order. This might lead to race conditions and potential bugs.
2025-11-08 10:23:29,574 : INFO : EventManager : Unordered handler for class <Auditor> on event game_ended with priority 1. Handlers: [RegisteredHandler(callback=<bound method Auditor.disable of <Auditor>>, priority=1, kwargs={}, key=UUID('e3df109c-1826-4e2a-a8fc-ad5a47146c55'), condition=None, blocking_facility=None), RegisteredHandler(callback=<bound method Auditor._save_audits of <Auditor>>, priority=1, kwargs={}, key=UUID('4b0e5ea3-2524-4c1d-803b-4e90cc383017'), condition=None, blocking_facility=None)]. The order of those handlers is not defined and they will be executed in random order. This might lead to race conditions and potential bugs.
2025-11-08 10:23:29,575 : INFO : EventManager : Unordered handler for class <Auditor> on event game_ended with priority 1. Handlers: [RegisteredHandler(callback=<bound method Auditor.disable of <Auditor>>, priority=1, kwargs={}, key=UUID('e3df109c-1826-4e2a-a8fc-ad5a47146c55'), condition=None, blocking_facility=None), RegisteredHandler(callback=<bound method Auditor._save_audits of <Auditor>>, priority=1, kwargs={}, key=UUID('4b0e5ea3-2524-4c1d-803b-4e90cc383017'), condition=None, blocking_facility=None)]. The order of those handlers is not defined and they will be executed in random order. This might lead to race conditions and potential bugs.
2025-11-08 10:23:29,575 : INFO : EventManager : Unordered handler for class <Auditor> on event game_ended with priority 1. Handlers: [RegisteredHandler(callback=<bound method Auditor.disable of <Auditor>>, priority=1, kwargs={}, key=UUID('e3df109c-1826-4e2a-a8fc-ad5a47146c55'), condition=None, blocking_facility=None), RegisteredHandler(callback=<bound method Auditor._save_audits of <Auditor>>, priority=1, kwargs={}, key=UUID('4b0e5ea3-2524-4c1d-803b-4e90cc383017'), condition=None, blocking_facility=None)]. The order of those handlers is not defined and they will be executed in random order. This might lead to race conditions and potential bugs.
2025-11-08 10:23:29,644 : INFO : SwitchController : <<<<<<< 's_spinner' active >>>>>>>
2025-11-08 10:23:29,644 : INFO : EventManager : Event: ======'machine_var_audits_switches_s_spinner'====== Args={'value': 433, 'prev_value': 432, 'change': 1}
2025-11-08 10:23:29,659 : INFO : SwitchController : <<<<<<< 's_spinner' inactive >>>>>>>
2025-11-08 10:23:29,706 : INFO : SwitchController : <<<<<<< 's_spinner' active >>>>>>>
2025-11-08 10:23:29,706 : INFO : EventManager : Event: ======'machine_var_audits_switches_s_spinner'====== Args={'value': 434, 'prev_value': 433, 'change': 1}
2025-11-08 10:23:29,721 : INFO : SwitchController : <<<<<<< 's_spinner' inactive >>>>>>>
2025-11-08 10:23:29,767 : INFO : SwitchController : <<<<<<< 's_spinner' active >>>>>>>
2025-11-08 10:23:29,767 : INFO : EventManager : Event: ======'machine_var_audits_switches_s_spinner'====== Args={'value': 435, 'prev_value': 434, 'change': 1}
2025-11-08 10:23:29,783 : INFO : SwitchController : <<<<<<< 's_spinner' inactive >>>>>>>
2025-11-08 10:23:29,845 : INFO : SwitchController : <<<<<<< 's_spinner' active >>>>>>>
2025-11-08 10:23:29,845 : INFO : EventManager : Event: ======'machine_var_audits_switches_s_spinner'====== Args={'value': 436, 'prev_value': 435, 'change': 1}
2025-11-08 10:23:29,861 : INFO : SwitchController : <<<<<<< 's_spinner' inactive >>>>>>>
2025-11-08 10:23:29,892 : INFO : SwitchController : <<<<<<< 's_spinner' active >>>>>>>
2025-11-08 10:23:29,892 : INFO : EventManager : Event: ======'machine_var_audits_switches_s_spinner'====== Args={'value': 437, 'prev_value': 436, 'change': 1}
2025-11-08 10:23:29,898 : INFO : SwitchController : <<<<<<< 's_spinner' inactive >>>>>>>
2025-11-08 10:23:29,939 : INFO : EventManager : Event: ======'blink_on'====== Args={'priority': 0}
2025-11-08 10:23:29,954 : INFO : SwitchController : <<<<<<< 's_spinner' active >>>>>>>
2025-11-08 10:23:29,954 : INFO : EventManager : Event: ======'machine_var_audits_switches_s_spinner'====== Args={'value': 438, 'prev_value': 437, 'change': 1}
2025-11-08 10:23:29,962 : INFO : SwitchController : <<<<<<< 's_spinner' inactive >>>>>>>
2025-11-08 10:23:30,031 : INFO : SwitchController : <<<<<<< 's_spinner' active >>>>>>>
2025-11-08 10:23:30,031 : INFO : EventManager : Event: ======'machine_var_audits_switches_s_spinner'====== Args={'value': 439, 'prev_value': 438, 'change': 1}
2025-11-08 10:23:30,038 : INFO : SwitchController : <<<<<<< 's_spinner' inactive >>>>>>>
2025-11-08 10:23:30,108 : INFO : SwitchController : <<<<<<< 's_spinner' active >>>>>>>
2025-11-08 10:23:30,108 : INFO : EventManager : Event: ======'machine_var_audits_switches_s_spinner'====== Args={'value': 440, 'prev_value': 439, 'change': 1}
2025-11-08 10:23:30,115 : INFO : SwitchController : <<<<<<< 's_spinner' inactive >>>>>>>
2025-11-08 10:23:30,185 : INFO : SwitchController : <<<<<<< 's_spinner' active >>>>>>>
2025-11-08 10:23:30,185 : INFO : EventManager : Event: ======'machine_var_audits_switches_s_spinner'====== Args={'value': 441, 'prev_value': 440, 'change': 1}
2025-11-08 10:23:30,192 : INFO : SwitchController : <<<<<<< 's_spinner' inactive >>>>>>>
2025-11-08 10:23:30,261 : INFO : SwitchController : <<<<<<< 's_spinner' active >>>>>>>
2025-11-08 10:23:30,261 : INFO : EventManager : Event: ======'machine_var_audits_switches_s_spinner'====== Args={'value': 442, 'prev_value': 441, 'change': 1}
2025-11-08 10:23:30,268 : INFO : SwitchController : <<<<<<< 's_spinner' inactive >>>>>>>
2025-11-08 10:23:30,340 : INFO : SwitchController : <<<<<<< 's_spinner' active >>>>>>>
2025-11-08 10:23:30,340 : INFO : EventManager : Event: ======'machine_var_audits_switches_s_spinner'====== Args={'value': 443, 'prev_value': 442, 'change': 1}
2025-11-08 10:23:30,348 : INFO : SwitchController : <<<<<<< 's_spinner' inactive >>>>>>>
2025-11-08 10:23:30,418 : INFO : SwitchController : <<<<<<< 's_spinner' active >>>>>>>
2025-11-08 10:23:30,418 : INFO : EventManager : Event: ======'machine_var_audits_switches_s_spinner'====== Args={'value': 444, 'prev_value': 443, 'change': 1}
2025-11-08 10:23:30,450 : INFO : SwitchController : <<<<<<< 's_spinner' inactive >>>>>>>
2025-11-08 10:23:30,497 : INFO : SwitchController : <<<<<<< 's_spinner' active >>>>>>>
2025-11-08 10:23:30,497 : INFO : EventManager : Event: ======'machine_var_audits_switches_s_spinner'====== Args={'value': 445, 'prev_value': 444, 'change': 1}
2025-11-08 10:23:30,504 : INFO : SwitchController : <<<<<<< 's_spinner' inactive >>>>>>>
2025-11-08 10:23:30,528 : INFO : EventManager : Event: ======'blink_off'====== Args={'priority': 0}
2025-11-08 10:23:30,528 : INFO : EventManager : Unordered handler for class <Auditor> on event game_ended with priority 1. Handlers: [RegisteredHandler(callback=<bound method Auditor.disable of <Auditor>>, priority=1, kwargs={}, key=UUID('e3df109c-1826-4e2a-a8fc-ad5a47146c55'), condition=None, blocking_facility=None), RegisteredHandler(callback=<bound method Auditor._save_audits of <Auditor>>, priority=1, kwargs={}, key=UUID('4b0e5ea3-2524-4c1d-803b-4e90cc383017'), condition=None, blocking_facility=None)]. The order of those handlers is not defined and they will be executed in random order. This might lead to race conditions and potential bugs.
2025-11-08 10:23:30,574 : INFO : SwitchController : <<<<<<< 's_spinner' active >>>>>>>
2025-11-08 10:23:30,574 : INFO : EventManager : Event: ======'machine_var_audits_switches_s_spinner'====== Args={'value': 446, 'prev_value': 445, 'change': 1}
2025-11-08 10:23:30,581 : INFO : SwitchController : <<<<<<< 's_spinner' inactive >>>>>>>
2025-11-08 10:23:30,653 : INFO : SwitchController : <<<<<<< 's_spinner' active >>>>>>>
2025-11-08 10:23:30,653 : INFO : EventManager : Event: ======'machine_var_audits_switches_s_spinner'====== Args={'value': 447, 'prev_value': 446, 'change': 1}
2025-11-08 10:23:30,660 : INFO : SwitchController : <<<<<<< 's_spinner' inactive >>>>>>>
2025-11-08 10:23:30,730 : INFO : SwitchController : <<<<<<< 's_spinner' active >>>>>>>
2025-11-08 10:23:30,730 : INFO : EventManager : Event: ======'machine_var_audits_switches_s_spinner'====== Args={'value': 448, 'prev_value': 447, 'change': 1}
2025-11-08 10:23:30,736 : INFO : SwitchController : <<<<<<< 's_spinner' inactive >>>>>>>
2025-11-08 10:23:30,837 : INFO : SwitchController : <<<<<<< 's_spinner' active >>>>>>>
2025-11-08 10:23:30,837 : INFO : EventManager : Event: ======'machine_var_audits_switches_s_spinner'====== Args={'value': 449, 'prev_value': 448, 'change': 1}
2025-11-08 10:23:30,853 : INFO : SwitchController : <<<<<<< 's_spinner' inactive >>>>>>>
2025-11-08 10:23:30,900 : INFO : SwitchController : <<<<<<< 's_spinner' active >>>>>>>
2025-11-08 10:23:30,900 : INFO : EventManager : Event: ======'machine_var_audits_switches_s_spinner'====== Args={'value': 450, 'prev_value': 449, 'change': 1}
2025-11-08 10:23:30,945 : INFO : SwitchController : <<<<<<< 's_spinner' inactive >>>>>>>
2025-11-08 10:23:31,008 : INFO : SwitchController : <<<<<<< 's_spinner' active >>>>>>>
2025-11-08 10:23:31,008 : INFO : EventManager : Event: ======'machine_var_audits_switches_s_spinner'====== Args={'value': 451, 'prev_value': 450, 'change': 1}
2025-11-08 10:23:31,024 : INFO : SwitchController : <<<<<<< 's_spinner' inactive >>>>>>>
2025-11-08 10:23:31,103 : INFO : SwitchController : <<<<<<< 's_spinner' active >>>>>>>
2025-11-08 10:23:31,103 : INFO : EventManager : Event: ======'machine_var_audits_switches_s_spinner'====== Args={'value': 452, 'prev_value': 451, 'change': 1}
2025-11-08 10:23:31,118 : INFO : SwitchController : <<<<<<< 's_spinner' inactive >>>>>>>
2025-11-08 10:23:31,133 : INFO : EventManager : Event: ======'blink_on'====== Args={'priority': 0}
2025-11-08 10:23:31,211 : INFO : SwitchController : <<<<<<< 's_spinner' active >>>>>>>
2025-11-08 10:23:31,211 : INFO : EventManager : Event: ======'machine_var_audits_switches_s_spinner'====== Args={'value': 453, 'prev_value': 452, 'change': 1}
2025-11-08 10:23:31,536 : INFO : SwitchController : <<<<<<< 's_spinner' inactive >>>>>>>
2025-11-08 10:23:31,724 : INFO : EventManager : Event: ======'blink_off'====== Args={'priority': 0}
2025-11-08 10:23:31,724 : INFO : EventManager : Unordered handler for class <Auditor> on event game_ended with priority 1. Handlers: [RegisteredHandler(callback=<bound method Auditor.disable of <Auditor>>, priority=1, kwargs={}, key=UUID('e3df109c-1826-4e2a-a8fc-ad5a47146c55'), condition=None, blocking_facility=None), RegisteredHandler(callback=<bound method Auditor._save_audits of <Auditor>>, priority=1, kwargs={}, key=UUID('4b0e5ea3-2524-4c1d-803b-4e90cc383017'), condition=None, blocking_facility=None)]. The order of those handlers is not defined and they will be executed in random order. This might lead to race conditions and potential bugs.
2025-11-08 10:23:32,329 : INFO : EventManager : Event: ======'blink_on'====== Args={'priority': 0}
2025-11-08 10:23:32,938 : INFO : EventManager : Event: ======'blink_off'====== Args={'priority': 0}
2025-11-08 10:23:32,938 : INFO : EventManager : Unordered handler for class <Auditor> on event game_ended with priority 1. Handlers: [RegisteredHandler(callback=<bound method Auditor.disable of <Auditor>>, priority=1, kwargs={}, key=UUID('e3df109c-1826-4e2a-a8fc-ad5a47146c55'), condition=None, blocking_facility=None), RegisteredHandler(callback=<bound method Auditor._save_audits of <Auditor>>, priority=1, kwargs={}, key=UUID('4b0e5ea3-2524-4c1d-803b-4e90cc383017'), condition=None, blocking_facility=None)]. The order of those handlers is not defined and they will be executed in random order. This might lead to race conditions and potential bugs.
2025-11-08 10:23:33,521 : INFO : EventManager : Event: ======'blink_on'====== Args={'priority': 0}
2025-11-08 10:23:34,137 : INFO : EventManager : Event: ======'blink_off'====== Args={'priority': 0}
2025-11-08 10:23:34,138 : INFO : EventManager : Unordered handler for class <Auditor> on event game_ended with priority 1. Handlers: [RegisteredHandler(callback=<bound method Auditor.disable of <Auditor>>, priority=1, kwargs={}, key=UUID('e3df109c-1826-4e2a-a8fc-ad5a47146c55'), condition=None, blocking_facility=None), RegisteredHandler(callback=<bound method Auditor._save_audits of <Auditor>>, priority=1, kwargs={}, key=UUID('4b0e5ea3-2524-4c1d-803b-4e90cc383017'), condition=None, blocking_facility=None)]. The order of those handlers is not defined and they will be executed in random order. This might lead to race conditions and potential bugs.
2025-11-08 10:23:34,338 : INFO : SwitchController : <<<<<<< 's_trough' active >>>>>>>
2025-11-08 10:23:34,338 : INFO : EventManager : Event: ======'machine_var_audits_switches_s_trough'====== Args={'value': 612, 'prev_value': 611, 'change': 1}
2025-11-08 10:23:34,353 : INFO : SwitchController : <<<<<<< 's_trough' inactive >>>>>>>
2025-11-08 10:23:34,368 : INFO : SwitchController : <<<<<<< 's_trough' active >>>>>>>
2025-11-08 10:23:34,368 : INFO : EventManager : Event: ======'machine_var_audits_switches_s_trough'====== Args={'value': 613, 'prev_value': 612, 'change': 1}
2025-11-08 10:23:34,727 : INFO : EventManager : Event: ======'blink_on'====== Args={'priority': 0}
2025-11-08 10:23:34,864 : INFO : EventManager : Event: ======'balldevice_bd_trough_ball_count_changed'====== Args={'balls': 1}
2025-11-08 10:23:34,864 : INFO : ball_device.bd_trough : Received unexpected ball
2025-11-08 10:23:34,864 : INFO : EventManager : Event: ======'balldevice_captured_from_playfield'====== Args={'balls': 1}
2025-11-08 10:23:34,864 : INFO : EventManager : Event: ======'sw_playfield_active'====== Args={'balls': 1}
2025-11-08 10:23:34,864 : INFO : EventManager : Event: ======'playfield_ball_count_change'====== Args={'balls': 0, 'change': -1}
2025-11-08 10:23:34,866 : INFO : EventManager : Event: ======'balldevice_bd_trough_ball_enter'====== Args={'new_balls': 1, 'unclaimed_balls': 1, 'new_available_balls': 1, 'device': <ball_device.bd_trough>}
2025-11-08 10:23:34,866 : INFO : EventManager : Event: ======'ball_drain'====== Args={'device': <ball_device.bd_trough>, 'balls': 1}
2025-11-08 10:23:34,867 : INFO : EventManager : Event: ======'ball_will_end'====== Args={}
2025-11-08 10:23:34,867 : INFO : EventManager : Event: ======'balldevice_balls_available'====== Args={}
2025-11-08 10:23:34,867 : INFO : EventManager : Event: ======'balldevice_bd_trough_ball_entered'====== Args={'new_balls': 1, 'device': <ball_device.bd_trough>}
2025-11-08 10:23:34,868 : INFO : EventManager : Event: ======'ball_ending'====== Args={}
2025-11-08 10:23:34,868 : INFO : EventManager : Event: ======'mode_base_will_stop'====== Args={}
2025-11-08 10:23:34,869 : INFO : EventManager : Event: ======'mode_base_stopping'====== Args={}
2025-11-08 10:23:34,869 : INFO : EventManager : Event: ======'godot_stop_base'====== Args={'priority': 0}
2025-11-08 10:23:34,869 : INFO : Mode.base : Stopped.
2025-11-08 10:23:34,869 : INFO : EventManager : Event: ======'modes_active_modes_changed'====== Args={}
2025-11-08 10:23:34,870 : INFO : EventManager : Event: ======'mode_base_stopped'====== Args={}
2025-11-08 10:23:34,870 : INFO : EventManager : Event: ======'clear'====== Args={'key': 'base'}
2025-11-08 10:23:34,884 : INFO : EventManager : Event: ======'ball_ended'====== Args={}
2025-11-08 10:23:34,884 : INFO : EventManager : Event: ======'player_turn_will_end'====== Args={'player': <Player 1>, 'number': 1}
2025-11-08 10:23:34,889 : INFO : EventManager : Event: ======'player_turn_ending'====== Args={'player': <Player 1>, 'number': 1}
2025-11-08 10:23:34,890 : INFO : EventManager : Event: ======'player_turn_ended'====== Args={'player': <Player 1>, 'number': 1}
2025-11-08 10:23:34,890 : INFO : EventManager : Event: ======'player_turn_will_start'====== Args={'player': <Player 1>, 'number': 1}
2025-11-08 10:23:34,890 : INFO : EventManager : Event: ======'player_turn_starting'====== Args={'player': <Player 1>, 'number': 1}
2025-11-08 10:23:34,891 : INFO : EventManager : Event: ======'player_ball'====== Args={'value': 2, 'prev_value': 1, 'change': 1, 'player_num': 1}
2025-11-08 10:23:34,891 : INFO : EventManager : Event: ======'player_turn_started'====== Args={'player': <Player 1>, 'number': 1}
2025-11-08 10:23:34,892 : INFO : EventManager : Event: ======'ball_will_start'====== Args={'player': 1, 'ball': 2, 'balls_remaining': 1, 'is_extra_ball': False}
2025-11-08 10:23:34,897 : INFO : EventManager : Event: ======'ball_starting'====== Args={'player': 1, 'ball': 2, 'balls_remaining': 1, 'is_extra_ball': False}
2025-11-08 10:23:34,898 : INFO : EventManager : Event: ======'mode_base_will_start'====== Args={'queue': <QueuedEvent>, 'player': 1, 'ball': 2, 'balls_remaining': 1, 'is_extra_ball': False}
2025-11-08 10:23:34,898 : INFO : EventManager : Unordered handler for class <Auditor> on event game_ended with priority 1. Handlers: [RegisteredHandler(callback=<bound method Auditor.disable of <Auditor>>, priority=1, kwargs={}, key=UUID('e3df109c-1826-4e2a-a8fc-ad5a47146c55'), condition=None, blocking_facility=None), RegisteredHandler(callback=<bound method Auditor._save_audits of <Auditor>>, priority=1, kwargs={}, key=UUID('4b0e5ea3-2524-4c1d-803b-4e90cc383017'), condition=None, blocking_facility=None)]. The order of those handlers is not defined and they will be executed in random order. This might lead to race conditions and potential bugs.
2025-11-08 10:23:34,899 : INFO : EventManager : Unordered handler for class <Auditor> on event game_ended with priority 1. Handlers: [RegisteredHandler(callback=<bound method Auditor.disable of <Auditor>>, priority=1, kwargs={}, key=UUID('e3df109c-1826-4e2a-a8fc-ad5a47146c55'), condition=None, blocking_facility=None), RegisteredHandler(callback=<bound method Auditor._save_audits of <Auditor>>, priority=1, kwargs={}, key=UUID('4b0e5ea3-2524-4c1d-803b-4e90cc383017'), condition=None, blocking_facility=None)]. The order of those handlers is not defined and they will be executed in random order. This might lead to race conditions and potential bugs.
2025-11-08 10:23:34,902 : INFO : EventManager : Event: ======'mode_base_starting'====== Args={'queue': <QueuedEvent>, 'player': 1, 'ball': 2, 'balls_remaining': 1, 'is_extra_ball': False}
2025-11-08 10:23:34,902 : INFO : drop_target_bank.right_bank : All targets are already up. Will not reset bank.
2025-11-08 10:23:34,902 : INFO : drop_target_bank.left_bank : All targets are already up. Will not reset bank.
2025-11-08 10:23:34,902 : INFO : EventManager : Event: ======'balls_in_play'====== Args={'balls': 1}
2025-11-08 10:23:34,902 : INFO : EventManager : Event: ======'ball_started'====== Args={'player': 1, 'ball': 2, 'balls_remaining': 1, 'is_extra_ball': False}
2025-11-08 10:23:34,903 : INFO : EventManager : Event: ======'logicblock_eg_pop_counter_updated'====== Args={'value': 0, 'enabled': True}
2025-11-08 10:23:34,903 : INFO : EventManager : Event: ======'logicblock_eg_pop_counter_updated'====== Args={'value': 0, 'enabled': True}
2025-11-08 10:23:34,903 : INFO : Mode.base : Started. Priority: 50
2025-11-08 10:23:34,903 : INFO : EventManager : Event: ======'modes_active_modes_changed'====== Args={}
2025-11-08 10:23:34,903 : INFO : EventManager : Event: ======'mode_base_started'====== Args={'queue': <QueuedEvent>, 'player': 1, 'ball': 2, 'balls_remaining': 1, 'is_extra_ball': False}
2025-11-08 10:23:34,903 : INFO : EventManager : Event: ======'logicblock_eg_pop_counter_updated'====== Args={'value': 0, 'enabled': True}
2025-11-08 10:23:34,904 : INFO : EventManager : Unordered handler for class <Auditor> on event game_ended with priority 1. Handlers: [RegisteredHandler(callback=<bound method Auditor.disable of <Auditor>>, priority=1, kwargs={}, key=UUID('e3df109c-1826-4e2a-a8fc-ad5a47146c55'), condition=None, blocking_facility=None), RegisteredHandler(callback=<bound method Auditor._save_audits of <Auditor>>, priority=1, kwargs={}, key=UUID('4b0e5ea3-2524-4c1d-803b-4e90cc383017'), condition=None, blocking_facility=None)]. The order of those handlers is not defined and they will be executed in random order. This might lead to race conditions and potential bugs.
2025-11-08 10:23:34,906 : INFO : EventManager : Event: ======'stop_mode_attract'====== Args={'priority': 0}
2025-11-08 10:23:34,906 : INFO : EventManager : Event: ======'mode_attract_will_stop'====== Args={'priority': 0}
2025-11-08 10:23:34,906 : INFO : EventManager : Event: ======'godot_attract_off'====== Args={'priority': 0}
2025-11-08 10:23:34,906 : INFO : EventManager : Event: ======'godot_play_base'====== Args={'priority': 0}
2025-11-08 10:23:34,907 : INFO : EventManager : Event: ======'single_player_ball_started'====== Args={}
2025-11-08 10:23:34,920 : INFO : EventManager : Event: ======'ball_start_target'====== Args={'target': 'playfield'}
2025-11-08 10:23:34,920 : INFO : ball_device.bd_trough : Setting up player-controlled eject. Balls: 1, Target: <playfield.playfield>, player_controlled_eject_event: None
2025-11-08 10:23:34,921 : INFO : ball_device.bd_trough : Adding 1 ball(s) to the eject_queue with target <playfield.playfield>.
2025-11-08 10:23:34,921 : INFO : EventManager : Event: ======'balldevice_balls_available'====== Args={}
2025-11-08 10:23:34,922 : INFO : ball_device.bd_trough : State: waiting_for_target_ready
2025-11-08 10:23:34,922 : INFO : EventManager : Event: ======'balldevice_bd_trough_ball_eject_attempt'====== Args={'balls': 1, 'target': <playfield.playfield>, 'source': <ball_device.bd_trough>, 'mechanical_eject': False, 'num_attempts': 0}
2025-11-08 10:23:34,922 : INFO : ball_device.bd_trough : State: ejecting
2025-11-08 10:23:34,922 : INFO : ball_device.bd_trough : Ejecting ball to <playfield.playfield>
2025-11-08 10:23:34,922 : INFO : EventManager : Event: ======'balldevice_bd_trough_ejecting_ball'====== Args={'balls': 1, 'target': <playfield.playfield>, 'source': <ball_device.bd_trough>, 'mechanical_eject': False, 'num_attempts': 0}
2025-11-08 10:23:34,923 : INFO : ball_device.bd_trough : Wait for ball to leave device
2025-11-08 10:23:34,923 : INFO : coil.c_trough_eject : Pulsing Driver for 40ms (1.0 pulse_power)
2025-11-08 10:23:34,972 : INFO : SwitchController : <<<<<<< 's_trough' inactive >>>>>>>
2025-11-08 10:23:34,980 : INFO : ball_device.bd_trough : State: ball_left
2025-11-08 10:23:34,980 : INFO : ball_device.bd_trough : Ball left
2025-11-08 10:23:34,980 : INFO : ball_device.bd_trough : Wait for confirm with timeout 10.0
2025-11-08 10:23:35,067 : INFO : EventManager : Event: ======'slide_base_created'====== Args={'_from_bcp': True}
2025-11-08 10:23:35,067 : INFO : EventManager : Event: ======'slide_base_inactive'====== Args={'is_removing': True, '_from_bcp': True}
2025-11-08 10:23:35,068 : INFO : EventManager : Event: ======'slide_base_active'====== Args={'original_context': 'base', 'original_calling_context': 'mode_base_started', 'priority': 50.0, 'queue': '<QueuedEvent>', 'player': 1.0, 'ball': 2.0, 'balls_remaining': 1.0, 'is_extra_ball': False, 'cmd': 'slides_play', '_from_bcp': True}
2025-11-08 10:23:35,068 : INFO : EventManager : Event: ======'slide_base_removed'====== Args={'_from_bcp': True}
2025-11-08 10:23:35,328 : INFO : EventManager : Event: ======'blink_off'====== Args={'priority': 0}
2025-11-08 10:23:35,934 : INFO : EventManager : Event: ======'blink_on'====== Args={'priority': 0}
2025-11-08 10:23:36,525 : INFO : EventManager : Event: ======'blink_off'====== Args={'priority': 0}
2025-11-08 10:23:36,526 : INFO : EventManager : Unordered handler for class <Auditor> on event game_ended with priority 1. Handlers: [RegisteredHandler(callback=<bound method Auditor.disable of <Auditor>>, priority=1, kwargs={}, key=UUID('e3df109c-1826-4e2a-a8fc-ad5a47146c55'), condition=None, blocking_facility=None), RegisteredHandler(callback=<bound method Auditor._save_audits of <Auditor>>, priority=1, kwargs={}, key=UUID('4b0e5ea3-2524-4c1d-803b-4e90cc383017'), condition=None, blocking_facility=None)]. The order of those handlers is not defined and they will be executed in random order. This might lead to race conditions and potential bugs.
2025-11-08 10:23:37,132 : INFO : EventManager : Event: ======'blink_on'====== Args={'priority': 0}
2025-11-08 10:23:37,723 : INFO : EventManager : Event: ======'blink_off'====== Args={'priority': 0}
2025-11-08 10:23:37,723 : INFO : EventManager : Unordered handler for class <Auditor> on event game_ended with priority 1. Handlers: [RegisteredHandler(callback=<bound method Auditor.disable of <Auditor>>, priority=1, kwargs={}, key=UUID('e3df109c-1826-4e2a-a8fc-ad5a47146c55'), condition=None, blocking_facility=None), RegisteredHandler(callback=<bound method Auditor._save_audits of <Auditor>>, priority=1, kwargs={}, key=UUID('4b0e5ea3-2524-4c1d-803b-4e90cc383017'), condition=None, blocking_facility=None)]. The order of those handlers is not defined and they will be executed in random order. This might lead to race conditions and potential bugs.
2025-11-08 10:23:37,822 : INFO : Machine : Shutting down...
2025-11-08 10:23:37,823 : INFO : EventManager : Event: ======'shutdown'====== Args={}
2025-11-08 10:23:37,824 : INFO : EventManager : Event: ======'mode_game_will_stop'====== Args={}
2025-11-08 10:23:37,824 : INFO : EventManager : Event: ======'mode_game_stopping'====== Args={}
2025-11-08 10:23:37,827 : INFO : EventManager : Event: ======'mode_base_will_stop'====== Args={}
2025-11-08 10:23:37,827 : INFO : EventManager : Event: ======'mode_base_stopping'====== Args={}
2025-11-08 10:23:37,827 : INFO : EventManager : Event: ======'godot_stop_base'====== Args={'priority': 0}
2025-11-08 10:23:37,827 : INFO : Mode.base : Stopped.
2025-11-08 10:23:37,827 : INFO : EventManager : Event: ======'modes_active_modes_changed'====== Args={}
2025-11-08 10:23:37,827 : INFO : EventManager : Event: ======'mode_base_stopped'====== Args={}
2025-11-08 10:23:37,827 : INFO : EventManager : Event: ======'clear'====== Args={'key': 'base'}
2025-11-08 10:23:37,828 : INFO : Mode.game : Stopped.
2025-11-08 10:23:37,828 : INFO : EventManager : Event: ======'modes_active_modes_changed'====== Args={}
2025-11-08 10:23:37,828 : INFO : EventManager : Event: ======'mode_game_stopped'====== Args={}
2025-11-08 10:23:37,828 : INFO : EventManager : Event: ======'clear'====== Args={'key': 'game'}
2025-11-08 10:23:37,925 : INFO : root : MPF run loop ended.
