2025-10-31 12:07:09,731 : INFO : root : Loading config.
2025-10-31 12:07:09,737 : INFO : YamlMultifileConfigLoader : Machine config file #1: config.yaml
2025-10-31 12:07:09,739 : INFO : ConfigProcessor : Loading config from cache: C:\Users\antho\AppData\Local\Temp\fdca14d0c9d658ab8200d57120800af5.mpf_cache
2025-10-31 12:07:09,907 : INFO : ConfigProcessor : Loading config from cache: C:\Users\antho\AppData\Local\Temp\5dec96b1547c4adf5bdd3d1715e74bc0.mpf_cache
2025-10-31 12:07:09,907 : INFO : ConfigProcessor : Loading config from cache: C:\Users\antho\AppData\Local\Temp\202a5840610e95051f9f473dfa660cc0.mpf_cache
2025-10-31 12:07:09,909 : INFO : ConfigProcessor : Loading config from cache: C:\Users\antho\AppData\Local\Temp\5dec96b1547c4adf5bdd3d1715e74bc0.mpf_cache
2025-10-31 12:07:09,909 : INFO : ConfigProcessor : Loading config from cache: C:\Users\antho\AppData\Local\Temp\2cd13a2d3f375e00ab01d6d09a85d8e7.mpf_cache
2025-10-31 12:07:09,920 : INFO : ConfigProcessor : Loading config from cache: C:\Users\antho\AppData\Local\Temp\9220b44b97b91972524500b81035d790.mpf_cache
2025-10-31 12:07:09,921 : INFO : ConfigProcessor : Loading config from cache: C:\Users\antho\AppData\Local\Temp\31ee881584fa6fce665a672a4f3f633a.mpf_cache
2025-10-31 12:07:09,922 : INFO : ConfigProcessor : Loading config from cache: C:\Users\antho\AppData\Local\Temp\5e841763ec73085bbf92358fe6afda21.mpf_cache
2025-10-31 12:07:09,923 : INFO : ConfigProcessor : Loading config from cache: C:\Users\antho\AppData\Local\Temp\7f73d12aa9beccac1cbd8c265ccda72e.mpf_cache
2025-10-31 12:07:09,923 : INFO : ConfigProcessor : Loading config from cache: C:\Users\antho\AppData\Local\Temp\a03ebaa9d6d5676c418deb142cb34911.mpf_cache
2025-10-31 12:07:09,924 : INFO : ConfigProcessor : Loading config from cache: C:\Users\antho\AppData\Local\Temp\b17152efa55a24f0424602723f8d3921.mpf_cache
2025-10-31 12:07:09,924 : INFO : ConfigProcessor : Loading config from cache: C:\Users\antho\AppData\Local\Temp\e87fc0e7d2f8a851b5fa3f604e0d0c6e.mpf_cache
2025-10-31 12:07:09,925 : INFO : ConfigProcessor : Loading config from cache: C:\Users\antho\AppData\Local\Temp\196ac76b6cab3a9880804c826cfbcb5c.mpf_cache
2025-10-31 12:07:09,926 : INFO : ConfigProcessor : Loading config from cache: C:\Users\antho\AppData\Local\Temp\55437eb303afaa980597ff60f339a871.mpf_cache
2025-10-31 12:07:09,926 : INFO : ConfigProcessor : Loading config from cache: C:\Users\antho\AppData\Local\Temp\fddc1006228d3387e6d1e46051a3638d.mpf_cache
2025-10-31 12:07:09,927 : INFO : ConfigProcessor : Loading config from cache: C:\Users\antho\AppData\Local\Temp\834292dd7853e12a66732dc89828c828.mpf_cache
2025-10-31 12:07:09,927 : INFO : ConfigProcessor : Loading config from cache: C:\Users\antho\AppData\Local\Temp\46f8fa3e41dfeeb8232af2f03a13b6c4.mpf_cache
2025-10-31 12:07:09,927 : INFO : ConfigProcessor : Loading config from cache: C:\Users\antho\AppData\Local\Temp\c67e9c175da6c060302945929b27b878.mpf_cache
2025-10-31 12:07:09,929 : INFO : Machine : Mission Pinball Framework Core Engine v0.80.0.dev11
2025-10-31 12:07:09,929 : INFO : Machine : Command line arguments: {'no_load_cache': False, 'create_config_cache': True, 'bcp': True, 'configfile': ['config.yaml'], 'force_assets_load': False, 'platform_integration_test': False, 'jsonlogging': False, 'logfile': 'logs\\2025-10-31-12-07-09-mpf-LAPTOP-MPGP6R69.log', 'pause': False, 'production': False, 'text_ui': True, 'loglevel': 15, 'consoleloglevel': 20, 'force_platform': None, 'syslog_address': None, 'full_logfile_path': 'C:\\Users\\antho\\nightpin\\logs\\2025-10-31-12-07-09-mpf-LAPTOP-MPGP6R69.log'}
2025-10-31 12:07:09,929 : INFO : Machine : MPF path: C:\Users\antho\mpf\Lib\site-packages\mpf
2025-10-31 12:07:09,929 : INFO : Machine : Machine path: C:\Users\antho\nightpin
2025-10-31 12:07:09,929 : INFO : Machine : Platform: win32
2025-10-31 12:07:09,929 : INFO : Machine : Python executable location: C:\Users\antho\mpf\Scripts\python.exe
2025-10-31 12:07:09,929 : INFO : Machine : Python version: 3.12.7 (64-bit)
2025-10-31 12:07:09,931 : INFO : Machine : Initializing MPF...
2025-10-31 12:07:10,215 : INFO : lisy : Connecting to com3 at 115200bps
2025-10-31 12:07:10,216 : WARNING : lisy : Could not import terminos (this is ok on windows).
2025-10-31 12:07:10,377 : INFO : EventManager : Event: ======'machine_var_lisy_hardware'====== Args={'value': 'LISY35', 'prev_value': None, 'change': True}
2025-10-31 12:07:10,377 : INFO : EventManager : Event: ======'machine_var_lisy_version'====== Args={'value': '5.26 ', 'prev_value': None, 'change': True}
2025-10-31 12:07:10,377 : INFO : EventManager : Event: ======'machine_var_lisy_api_version'====== Args={'value': b'0.09', 'prev_value': None, 'change': True}
2025-10-31 12:07:11,697 : INFO : EventManager : Event: ======'machine_var_credits_string'====== Args={'value': 'FREE PLAY', 'prev_value': None, 'change': True}
2025-10-31 12:07:11,732 : INFO : EventManager : Event: ======'machine_var_master_volume'====== Args={'value': 0.5, 'prev_value': None, 'change': True}
2025-10-31 12:07:11,732 : INFO : EventManager : Event: ======'machine_var_player1_score'====== Args={'value': 2200, 'prev_value': None, 'change': True}
2025-10-31 12:07:11,732 : INFO : EventManager : Event: ======'machine_var_player2_score'====== Args={'value': 1200, 'prev_value': None, 'change': True}
2025-10-31 12:07:11,732 : INFO : EventManager : Event: ======'machine_var_mpf_version'====== Args={'value': 'Mission Pinball Framework v0.80.0.dev11', 'prev_value': None, 'change': True}
2025-10-31 12:07:11,732 : INFO : EventManager : Event: ======'machine_var_mpf_extended_version'====== Args={'value': 'Mission Pinball Framework v0.80.0.dev11, Config version:6, Show version: 6, BCP version:1.1', 'prev_value': None, 'change': True}
2025-10-31 12:07:11,732 : INFO : EventManager : Event: ======'machine_var_python_version'====== Args={'value': '3.12.7', 'prev_value': None, 'change': True}
2025-10-31 12:07:11,835 : INFO : EventManager : Event: ======'machine_var_platform'====== Args={'value': 'Windows-11-10.0.26100-SP0', 'prev_value': None, 'change': True}
2025-10-31 12:07:11,835 : INFO : EventManager : Event: ======'machine_var_platform_system'====== Args={'value': 'Windows', 'prev_value': None, 'change': True}
2025-10-31 12:07:11,835 : INFO : EventManager : Event: ======'machine_var_platform_release'====== Args={'value': '11', 'prev_value': None, 'change': True}
2025-10-31 12:07:11,836 : INFO : EventManager : Event: ======'machine_var_platform_version'====== Args={'value': '10.0.26100', 'prev_value': None, 'change': True}
2025-10-31 12:07:11,836 : INFO : EventManager : Event: ======'machine_var_platform_machine'====== Args={'value': 'AMD64', 'prev_value': None, 'change': True}
2025-10-31 12:07:11,836 : INFO : EventManager : Event: ======'machine_var_log_file_path'====== Args={'value': 'C:\\Users\\antho\\nightpin\\logs\\2025-10-31-12-07-09-mpf-LAPTOP-MPGP6R69.log', 'prev_value': None, 'change': True}
2025-10-31 12:07:11,836 : INFO : EventManager : Event: ======'init_phase_1'====== Args={}
2025-10-31 12:07:11,876 : INFO : EventManager : Event: ======'drop_target_bank_right_bank_up'====== Args={}
2025-10-31 12:07:11,877 : INFO : EventManager : Event: ======'drop_target_bank_left_bank_up'====== Args={}
2025-10-31 12:07:11,952 : INFO : EventManager : Event: ======'init_phase_2'====== Args={}
2025-10-31 12:07:11,960 : INFO : EventManager : Event: ======'bcp_connection_attempt'====== Args={'name': 'local_display', 'host': 'localhost', 'port': 5050}
2025-10-31 12:07:11,963 : INFO : BCPClientSocket : Connecting BCP to 'local_display' at localhost:5050...
2025-10-31 12:07:11,983 : INFO : BCPClientSocket : Connected BCP to 'local_display' localhost:5050
2025-10-31 12:07:11,984 : INFO : EventManager : Event: ======'bcp_clients_connected'====== Args={}
2025-10-31 12:07:12,105 : INFO : ball_device.bd_trough : BCH: Initial count: 0
2025-10-31 12:07:12,140 : INFO : ball_device.bd_trough : State: idle
2025-10-31 12:07:12,141 : INFO : ball_device.bd_saucer : BCH: Initial count: 0
2025-10-31 12:07:12,141 : INFO : ball_device.bd_saucer : State: idle
2025-10-31 12:07:12,156 : INFO : EventManager : Event: ======'init_phase_3'====== Args={}
2025-10-31 12:07:12,163 : INFO : EventManager : Event: ======'init_phase_4'====== Args={}
2025-10-31 12:07:12,163 : INFO : BallController : Initial balls found: 0
2025-10-31 12:07:12,165 : INFO : EventManager : Event: ======'machine_var_audits_events_game_ended'====== Args={'value': 17, 'prev_value': None, 'change': True}
2025-10-31 12:07:12,165 : INFO : EventManager : Event: ======'machine_var_audits_events_game_started'====== Args={'value': 67, 'prev_value': None, 'change': True}
2025-10-31 12:07:12,165 : INFO : EventManager : Event: ======'machine_var_audits_missing_switches_s_coin_right'====== Args={'value': 66, 'prev_value': None, 'change': True}
2025-10-31 12:07:12,165 : INFO : EventManager : Event: ======'machine_var_audits_missing_switches_s_credit_button'====== Args={'value': 39, 'prev_value': None, 'change': True}
2025-10-31 12:07:12,165 : INFO : EventManager : Event: ======'machine_var_audits_missing_switches_s_left_bank_target_left'====== Args={'value': 19, 'prev_value': None, 'change': True}
2025-10-31 12:07:12,165 : INFO : EventManager : Event: ======'machine_var_audits_missing_switches_s_left_bank_target_middle'====== Args={'value': 5, 'prev_value': None, 'change': True}
2025-10-31 12:07:12,165 : INFO : EventManager : Event: ======'machine_var_audits_missing_switches_s_left_bank_target_right'====== Args={'value': 5, 'prev_value': None, 'change': True}
2025-10-31 12:07:12,165 : INFO : EventManager : Event: ======'machine_var_audits_missing_switches_s_left_lower_bumper'====== Args={'value': 8, 'prev_value': None, 'change': True}
2025-10-31 12:07:12,165 : INFO : EventManager : Event: ======'machine_var_audits_missing_switches_s_left_outlane_rollover'====== Args={'value': 5, 'prev_value': None, 'change': True}
2025-10-31 12:07:12,165 : INFO : EventManager : Event: ======'machine_var_audits_missing_switches_s_left_pop_bumper'====== Args={'value': 1, 'prev_value': None, 'change': True}
2025-10-31 12:07:12,166 : INFO : EventManager : Event: ======'machine_var_audits_missing_switches_s_left_sling'====== Args={'value': 5, 'prev_value': None, 'change': True}
2025-10-31 12:07:12,166 : INFO : EventManager : Event: ======'machine_var_audits_missing_switches_s_left_upper_bumper'====== Args={'value': 5, 'prev_value': None, 'change': True}
2025-10-31 12:07:12,166 : INFO : EventManager : Event: ======'machine_var_audits_missing_switches_s_middle_pop_bumper'====== Args={'value': 1, 'prev_value': None, 'change': True}
2025-10-31 12:07:12,166 : INFO : EventManager : Event: ======'machine_var_audits_missing_switches_s_middle_skill_lane'====== Args={'value': 5, 'prev_value': None, 'change': True}
2025-10-31 12:07:12,166 : INFO : EventManager : Event: ======'machine_var_audits_missing_switches_s_middle_upper_rollovers'====== Args={'value': 1, 'prev_value': None, 'change': True}
2025-10-31 12:07:12,166 : INFO : EventManager : Event: ======'machine_var_audits_missing_switches_s_outer_skill_lanes'====== Args={'value': 1, 'prev_value': None, 'change': True}
2025-10-31 12:07:12,166 : INFO : EventManager : Event: ======'machine_var_audits_missing_switches_s_right_bank_target_left'====== Args={'value': 1, 'prev_value': None, 'change': True}
2025-10-31 12:07:12,166 : INFO : EventManager : Event: ======'machine_var_audits_missing_switches_s_right_bank_target_middle'====== Args={'value': 1, 'prev_value': None, 'change': True}
2025-10-31 12:07:12,166 : INFO : EventManager : Event: ======'machine_var_audits_missing_switches_s_right_bank_target_right'====== Args={'value': 1, 'prev_value': None, 'change': True}
2025-10-31 12:07:12,166 : INFO : EventManager : Event: ======'machine_var_audits_missing_switches_s_right_outlane_rollover'====== Args={'value': 22, 'prev_value': None, 'change': True}
2025-10-31 12:07:12,166 : INFO : EventManager : Event: ======'machine_var_audits_missing_switches_s_right_pop_bumper'====== Args={'value': 1, 'prev_value': None, 'change': True}
2025-10-31 12:07:12,167 : INFO : EventManager : Event: ======'machine_var_audits_missing_switches_s_right_sling'====== Args={'value': 5, 'prev_value': None, 'change': True}
2025-10-31 12:07:12,167 : INFO : EventManager : Event: ======'machine_var_audits_missing_switches_s_saucer'====== Args={'value': 1, 'prev_value': None, 'change': True}
2025-10-31 12:07:12,167 : INFO : EventManager : Event: ======'machine_var_audits_missing_switches_s_slam_tilt'====== Args={'value': 5, 'prev_value': None, 'change': True}
2025-10-31 12:07:12,167 : INFO : EventManager : Event: ======'machine_var_audits_missing_switches_s_spinner'====== Args={'value': 1, 'prev_value': None, 'change': True}
2025-10-31 12:07:12,167 : INFO : EventManager : Event: ======'machine_var_audits_missing_switches_s_stand_up'====== Args={'value': 39, 'prev_value': None, 'change': True}
2025-10-31 12:07:12,167 : INFO : EventManager : Event: ======'machine_var_audits_missing_switches_s_start_button'====== Args={'value': 4, 'prev_value': None, 'change': True}
2025-10-31 12:07:12,167 : INFO : EventManager : Event: ======'machine_var_audits_missing_switches_s_tilt'====== Args={'value': 37, 'prev_value': None, 'change': True}
2025-10-31 12:07:12,167 : INFO : EventManager : Event: ======'machine_var_audits_player_score'====== Args={'value': {'average': 1435, 'top': [5110, 5070, 4300, 4230, 3980, 3410, 2200, 1300, 1200, 500], 'total': 25}, 'prev_value': None, 'change': True}
2025-10-31 12:07:12,167 : INFO : EventManager : Event: ======'machine_var_audits_shots_sh_eg_pop_left'====== Args={'value': 8, 'prev_value': None, 'change': True}
2025-10-31 12:07:12,167 : INFO : EventManager : Event: ======'machine_var_audits_shots_sh_eg_pop_middle'====== Args={'value': 8, 'prev_value': None, 'change': True}
2025-10-31 12:07:12,168 : INFO : EventManager : Event: ======'machine_var_audits_shots_sh_eg_pop_right'====== Args={'value': 13, 'prev_value': None, 'change': True}
2025-10-31 12:07:12,168 : INFO : EventManager : Event: ======'machine_var_audits_shots_sh_eg_right_drop_left'====== Args={'value': 4, 'prev_value': None, 'change': True}
2025-10-31 12:07:12,168 : INFO : EventManager : Event: ======'machine_var_audits_shots_sh_eg_right_drop_middle'====== Args={'value': 3, 'prev_value': None, 'change': True}
2025-10-31 12:07:12,168 : INFO : EventManager : Event: ======'machine_var_audits_shots_sh_eg_right_drop_right'====== Args={'value': 3, 'prev_value': None, 'change': True}
2025-10-31 12:07:12,168 : INFO : EventManager : Event: ======'machine_var_audits_shots_sh_eg_spinner'====== Args={'value': 2, 'prev_value': None, 'change': True}
2025-10-31 12:07:12,168 : INFO : EventManager : Event: ======'machine_var_audits_shots_sh_escape_graveyard_start'====== Args={'value': 3, 'prev_value': None, 'change': True}
2025-10-31 12:07:12,168 : INFO : EventManager : Event: ======'machine_var_audits_switches_s_coin_right'====== Args={'value': 1, 'prev_value': None, 'change': True}
2025-10-31 12:07:12,168 : INFO : EventManager : Event: ======'machine_var_audits_switches_s_credit_button'====== Args={'value': 5, 'prev_value': None, 'change': True}
2025-10-31 12:07:12,168 : INFO : EventManager : Event: ======'machine_var_audits_switches_s_inlanes'====== Args={'value': 157, 'prev_value': None, 'change': True}
2025-10-31 12:07:12,168 : INFO : EventManager : Event: ======'machine_var_audits_switches_s_left_bank_target_left'====== Args={'value': 33, 'prev_value': None, 'change': True}
2025-10-31 12:07:12,169 : INFO : EventManager : Event: ======'machine_var_audits_switches_s_left_bank_target_middle'====== Args={'value': 26, 'prev_value': None, 'change': True}
2025-10-31 12:07:12,169 : INFO : EventManager : Event: ======'machine_var_audits_switches_s_left_bank_target_right'====== Args={'value': 26, 'prev_value': None, 'change': True}
2025-10-31 12:07:12,169 : INFO : EventManager : Event: ======'machine_var_audits_switches_s_left_lower_bumper'====== Args={'value': 31, 'prev_value': None, 'change': True}
2025-10-31 12:07:12,169 : INFO : EventManager : Event: ======'machine_var_audits_switches_s_left_outlane_rollover'====== Args={'value': 23, 'prev_value': None, 'change': True}
2025-10-31 12:07:12,169 : INFO : EventManager : Event: ======'machine_var_audits_switches_s_left_pop_bumper'====== Args={'value': 118, 'prev_value': None, 'change': True}
2025-10-31 12:07:12,169 : INFO : EventManager : Event: ======'machine_var_audits_switches_s_left_sling'====== Args={'value': 93, 'prev_value': None, 'change': True}
2025-10-31 12:07:12,169 : INFO : EventManager : Event: ======'machine_var_audits_switches_s_left_upper_bumper'====== Args={'value': 40, 'prev_value': None, 'change': True}
2025-10-31 12:07:12,169 : INFO : EventManager : Event: ======'machine_var_audits_switches_s_middle_pop_bumper'====== Args={'value': 106, 'prev_value': None, 'change': True}
2025-10-31 12:07:12,169 : INFO : EventManager : Event: ======'machine_var_audits_switches_s_middle_skill_lane'====== Args={'value': 34, 'prev_value': None, 'change': True}
2025-10-31 12:07:12,169 : INFO : EventManager : Event: ======'machine_var_audits_switches_s_middle_upper_rollovers'====== Args={'value': 76, 'prev_value': None, 'change': True}
2025-10-31 12:07:12,169 : INFO : EventManager : Event: ======'machine_var_audits_switches_s_outer_skill_lanes'====== Args={'value': 58, 'prev_value': None, 'change': True}
2025-10-31 12:07:12,170 : INFO : EventManager : Event: ======'machine_var_audits_switches_s_pop_bumper_bottom'====== Args={'value': 6, 'prev_value': None, 'change': True}
2025-10-31 12:07:12,170 : INFO : EventManager : Event: ======'machine_var_audits_switches_s_pop_bumper_left'====== Args={'value': 2, 'prev_value': None, 'change': True}
2025-10-31 12:07:12,170 : INFO : EventManager : Event: ======'machine_var_audits_switches_s_pop_bumper_right'====== Args={'value': 1, 'prev_value': None, 'change': True}
2025-10-31 12:07:12,170 : INFO : EventManager : Event: ======'machine_var_audits_switches_s_right_bank_target_left'====== Args={'value': 50, 'prev_value': None, 'change': True}
2025-10-31 12:07:12,170 : INFO : EventManager : Event: ======'machine_var_audits_switches_s_right_bank_target_middle'====== Args={'value': 38, 'prev_value': None, 'change': True}
2025-10-31 12:07:12,170 : INFO : EventManager : Event: ======'machine_var_audits_switches_s_right_bank_target_right'====== Args={'value': 37, 'prev_value': None, 'change': True}
2025-10-31 12:07:12,170 : INFO : EventManager : Event: ======'machine_var_audits_switches_s_right_outlane_rollover'====== Args={'value': 6, 'prev_value': None, 'change': True}
2025-10-31 12:07:12,170 : INFO : EventManager : Event: ======'machine_var_audits_switches_s_right_pop_bumper'====== Args={'value': 163, 'prev_value': None, 'change': True}
2025-10-31 12:07:12,170 : INFO : EventManager : Event: ======'machine_var_audits_switches_s_right_sling'====== Args={'value': 71, 'prev_value': None, 'change': True}
2025-10-31 12:07:12,170 : INFO : EventManager : Event: ======'machine_var_audits_switches_s_saucer'====== Args={'value': 66, 'prev_value': None, 'change': True}
2025-10-31 12:07:12,170 : INFO : EventManager : Event: ======'machine_var_audits_switches_s_slam_tilt'====== Args={'value': 6, 'prev_value': None, 'change': True}
2025-10-31 12:07:12,171 : INFO : EventManager : Event: ======'machine_var_audits_switches_s_spinner'====== Args={'value': 411, 'prev_value': None, 'change': True}
2025-10-31 12:07:12,171 : INFO : EventManager : Event: ======'machine_var_audits_switches_s_stand_up'====== Args={'value': 8, 'prev_value': None, 'change': True}
2025-10-31 12:07:12,171 : INFO : EventManager : Event: ======'machine_var_audits_switches_s_start_button'====== Args={'value': 35, 'prev_value': None, 'change': True}
2025-10-31 12:07:12,171 : INFO : EventManager : Event: ======'machine_var_audits_switches_s_tilt'====== Args={'value': 1, 'prev_value': None, 'change': True}
2025-10-31 12:07:12,171 : INFO : EventManager : Event: ======'machine_var_audits_switches_s_trough'====== Args={'value': 420, 'prev_value': None, 'change': True}
2025-10-31 12:07:12,172 : INFO : EventManager : Event: ======'init_phase_5'====== Args={}
2025-10-31 12:07:12,184 : INFO : EventManager : Event: ======'init_done'====== Args={}
2025-10-31 12:07:12,185 : INFO : EventManager : Event: ======'machine_reset_phase_1'====== Args={}
2025-10-31 12:07:12,186 : INFO : SwitchController : <<<<<<< 's_trough' active >>>>>>>
2025-10-31 12:07:12,196 : INFO : SwitchController : <<<<<<< 's_trough' inactive >>>>>>>
2025-10-31 12:07:12,202 : INFO : EventManager : Event: ======'machine_reset_phase_2'====== Args={}
2025-10-31 12:07:12,202 : INFO : SwitchController : <<<<<<< 's_trough' active >>>>>>>
2025-10-31 12:07:12,203 : INFO : EventManager : Event: ======'machine_reset_phase_3'====== Args={}
2025-10-31 12:07:12,208 : INFO : EventManager : Event: ======'mode_attract_will_start'====== Args={'queue': <QueuedEvent>}
2025-10-31 12:07:12,209 : INFO : EventManager : Event: ======'mode_attract_starting'====== Args={'queue': <QueuedEvent>}
2025-10-31 12:07:12,209 : INFO : Mode.attract : Started. Priority: 10
2025-10-31 12:07:12,209 : INFO : EventManager : Event: ======'modes_active_modes_changed'====== Args={}
2025-10-31 12:07:12,210 : INFO : EventManager : Event: ======'mode_attract_started'====== Args={'queue': <QueuedEvent>}
2025-10-31 12:07:12,210 : INFO : EventManager : Event: ======'godot_attract_on'====== Args={'priority': 0}
2025-10-31 12:07:12,210 : INFO : EventManager : Event: ======'collecting_balls_complete'====== Args={}
2025-10-31 12:07:12,211 : INFO : EventManager : Event: ======'reset_complete'====== Args={}
2025-10-31 12:07:12,211 : INFO : SwitchController : <<<<<<< 's_trough' inactive >>>>>>>
2025-10-31 12:07:12,229 : INFO : SwitchController : <<<<<<< 's_trough' active >>>>>>>
2025-10-31 12:07:12,234 : INFO : Machine : Starting the main run loop with active modes: [<Mode.attract>]
2025-10-31 12:07:12,244 : INFO : EventManager : Event: ======'slide_attract_created'====== Args={'_from_bcp': True}
2025-10-31 12:07:12,245 : INFO : EventManager : Event: ======'slide__removed'====== Args={'_from_bcp': True}
2025-10-31 12:07:12,245 : INFO : EventManager : Event: ======'slide_attract_active'====== Args={'original_context': 'attract', 'original_calling_context': 'mode_attract_started', 'priority': 10.0, 'queue': '<QueuedEvent>', 'cmd': 'slides_play', '_from_bcp': True}
2025-10-31 12:07:12,727 : INFO : EventManager : Event: ======'balldevice_bd_trough_ball_count_changed'====== Args={'balls': 1}
2025-10-31 12:07:12,727 : INFO : ball_device.bd_trough : Received unexpected ball
2025-10-31 12:07:12,727 : INFO : EventManager : Event: ======'balldevice_captured_from_playfield'====== Args={'balls': 1}
2025-10-31 12:07:12,728 : INFO : EventManager : Event: ======'sw_playfield_active'====== Args={'balls': 1}
2025-10-31 12:07:12,728 : INFO : EventManager : Event: ======'playfield_active'====== Args={'source': None}
2025-10-31 12:07:12,728 : INFO : EventManager : Event: ======'unexpected_ball_on_playfield'====== Args={}
2025-10-31 12:07:12,728 : INFO : EventManager : Event: ======'playfield_ball_count_change'====== Args={'balls': -1, 'change': -1}
2025-10-31 12:07:12,729 : INFO : EventManager : Event: ======'balldevice_playfield_ball_enter'====== Args={'new_balls': 1, 'unclaimed_balls': 1, 'device': <playfield.playfield>}
2025-10-31 12:07:12,729 : INFO : EventManager : Event: ======'playfield_ball_count_change'====== Args={'balls': 0, 'change': 1}
2025-10-31 12:07:12,729 : INFO : BallController : Found a new ball which was captured from playfield. Known balls: 1
2025-10-31 12:07:12,729 : INFO : EventManager : Event: ======'found_new_ball'====== Args={}
2025-10-31 12:07:12,729 : INFO : EventManager : Event: ======'balldevice_bd_trough_ball_enter'====== Args={'new_balls': 1, 'unclaimed_balls': 1, 'new_available_balls': 1, 'device': <ball_device.bd_trough>}
2025-10-31 12:07:12,730 : INFO : EventManager : Event: ======'ball_drain'====== Args={'device': <ball_device.bd_trough>, 'balls': 1}
2025-10-31 12:07:12,730 : INFO : EventManager : Event: ======'balldevice_balls_available'====== Args={}
2025-10-31 12:07:12,730 : INFO : EventManager : Event: ======'balldevice_bd_trough_ball_entered'====== Args={'new_balls': 1, 'device': <ball_device.bd_trough>}
2025-10-31 12:07:14,222 : INFO : EventManager : Event: ======'attract_wave_complete'====== Args={'priority': 0}
2025-10-31 12:07:14,613 : INFO : EventManager : Event: ======'attract_pulse_complete'====== Args={'priority': 0}
2025-10-31 12:07:14,660 : INFO : SwitchController : <<<<<<< 's_start_button' active >>>>>>>
2025-10-31 12:07:14,814 : INFO : SwitchController : <<<<<<< 's_start_button' inactive >>>>>>>
2025-10-31 12:07:14,814 : INFO : EventManager : Event: ======'request_to_start_game'====== Args={}
2025-10-31 12:07:14,814 : INFO : EventManager : Event: ======'game_start'====== Args={'buttons': [], 'hold_time': 0.15699999989010394}
2025-10-31 12:07:14,816 : INFO : EventManager : Event: ======'mode_game_will_start'====== Args={'buttons': [], 'hold_time': 0.15699999989010394}
2025-10-31 12:07:14,816 : INFO : EventManager : Event: ======'mode_game_starting'====== Args={'buttons': [], 'hold_time': 0.15699999989010394}
2025-10-31 12:07:14,817 : INFO : Mode.game : Started. Priority: 20
2025-10-31 12:07:14,817 : INFO : EventManager : Event: ======'modes_active_modes_changed'====== Args={}
2025-10-31 12:07:14,817 : INFO : EventManager : Event: ======'mode_game_started'====== Args={'buttons': [], 'hold_time': 0.15699999989010394}
2025-10-31 12:07:14,836 : INFO : EventManager : Event: ======'game_will_start'====== Args={}
2025-10-31 12:07:14,837 : INFO : EventManager : Event: ======'game_starting'====== Args={'game': <Mode.game>}
2025-10-31 12:07:14,838 : INFO : EventManager : Event: ======'mode_attract_will_stop'====== Args={}
2025-10-31 12:07:14,838 : INFO : EventManager : Event: ======'mode_attract_stopping'====== Args={}
2025-10-31 12:07:14,839 : INFO : EventManager : Event: ======'godot_attract_off'====== Args={'priority': 0}
2025-10-31 12:07:14,839 : INFO : EventManager : Unordered handler for class <Auditor> on event game_ended with priority 1. Handlers: [RegisteredHandler(callback=<bound method Auditor.disable of <Auditor>>, priority=1, kwargs={}, key=UUID('ef72782f-40c8-4cdf-b253-6605d5b0a8d1'), condition=None, blocking_facility=None), RegisteredHandler(callback=<bound method Auditor._save_audits of <Auditor>>, priority=1, kwargs={}, key=UUID('d376e07d-319b-439b-a415-46610249a666'), condition=None, blocking_facility=None)]. The order of those handlers is not defined and they will be executed in random order. This might lead to race conditions and potential bugs.
2025-10-31 12:07:14,840 : INFO : EventManager : Event: ======'godot_attract_off'====== Args={'priority': 0}
2025-10-31 12:07:14,840 : INFO : Mode.attract : Stopped.
2025-10-31 12:07:14,840 : INFO : EventManager : Event: ======'modes_active_modes_changed'====== Args={}
2025-10-31 12:07:14,841 : INFO : EventManager : Event: ======'mode_attract_stopped'====== Args={}
2025-10-31 12:07:14,841 : INFO : EventManager : Event: ======'clear'====== Args={'key': 'attract'}
2025-10-31 12:07:14,841 : INFO : EventManager : Event: ======'player_add_request'====== Args={}
2025-10-31 12:07:14,842 : INFO : EventManager : Event: ======'player_will_add'====== Args={'number': 1}
2025-10-31 12:07:14,842 : INFO : EventManager : Event: ======'player_adding'====== Args={'player': <Player 1>, 'number': 1}
2025-10-31 12:07:14,842 : INFO : EventManager : Event: ======'player_added'====== Args={'player': <Player 1>, 'num': 1}
2025-10-31 12:07:14,842 : INFO : Mode.game : Player added successfully. Total players: 1
2025-10-31 12:07:14,843 : INFO : EventManager : Event: ======'player_index'====== Args={'value': 0, 'prev_value': 0, 'change': 0, 'player_num': 1}
2025-10-31 12:07:14,843 : INFO : EventManager : Event: ======'player_number'====== Args={'value': 1, 'prev_value': 1, 'change': 0, 'player_num': 1}
2025-10-31 12:07:14,843 : INFO : EventManager : Event: ======'player_score'====== Args={'value': 0, 'prev_value': 0, 'change': 0, 'player_num': 1}
2025-10-31 12:07:14,844 : INFO : EventManager : Unordered handler for class <Auditor> on event game_ended with priority 1. Handlers: [RegisteredHandler(callback=<bound method Auditor.disable of <Auditor>>, priority=1, kwargs={}, key=UUID('ef72782f-40c8-4cdf-b253-6605d5b0a8d1'), condition=None, blocking_facility=None), RegisteredHandler(callback=<bound method Auditor._save_audits of <Auditor>>, priority=1, kwargs={}, key=UUID('d376e07d-319b-439b-a415-46610249a666'), condition=None, blocking_facility=None)]. The order of those handlers is not defined and they will be executed in random order. This might lead to race conditions and potential bugs.
2025-10-31 12:07:14,864 : INFO : EventManager : Event: ======'game_started'====== Args={}
2025-10-31 12:07:14,864 : INFO : EventManager : Event: ======'blink_on'====== Args={'priority': 0}
2025-10-31 12:07:14,866 : INFO : EventManager : Event: ======'player_turn_will_start'====== Args={'player': <Player 1>, 'number': 1}
2025-10-31 12:07:14,871 : INFO : EventManager : Event: ======'player_turn_starting'====== Args={'player': <Player 1>, 'number': 1}
2025-10-31 12:07:14,871 : INFO : EventManager : Event: ======'player_ball'====== Args={'value': 1, 'prev_value': 0, 'change': 1, 'player_num': 1}
2025-10-31 12:07:14,871 : INFO : EventManager : Event: ======'player_turn_started'====== Args={'player': <Player 1>, 'number': 1}
2025-10-31 12:07:14,872 : INFO : EventManager : Event: ======'ball_will_start'====== Args={'player': 1, 'ball': 1, 'balls_remaining': 2, 'is_extra_ball': False}
2025-10-31 12:07:14,879 : INFO : EventManager : Event: ======'ball_starting'====== Args={'player': 1, 'ball': 1, 'balls_remaining': 2, 'is_extra_ball': False}
2025-10-31 12:07:14,879 : INFO : EventManager : Event: ======'mode_base_will_start'====== Args={'queue': <QueuedEvent>, 'player': 1, 'ball': 1, 'balls_remaining': 2, 'is_extra_ball': False}
2025-10-31 12:07:14,880 : INFO : EventManager : Event: ======'player_shot_sh_escape_graveyard_start_enabled'====== Args={'value': False, 'prev_value': 0, 'change': 0, 'player_num': 1}
2025-10-31 12:07:14,880 : INFO : EventManager : Unordered handler for class <Auditor> on event game_ended with priority 1. Handlers: [RegisteredHandler(callback=<bound method Auditor.disable of <Auditor>>, priority=1, kwargs={}, key=UUID('ef72782f-40c8-4cdf-b253-6605d5b0a8d1'), condition=None, blocking_facility=None), RegisteredHandler(callback=<bound method Auditor._save_audits of <Auditor>>, priority=1, kwargs={}, key=UUID('d376e07d-319b-439b-a415-46610249a666'), condition=None, blocking_facility=None)]. The order of those handlers is not defined and they will be executed in random order. This might lead to race conditions and potential bugs.
2025-10-31 12:07:14,883 : INFO : EventManager : Event: ======'mode_base_starting'====== Args={'queue': <QueuedEvent>, 'player': 1, 'ball': 1, 'balls_remaining': 2, 'is_extra_ball': False}
2025-10-31 12:07:14,883 : INFO : drop_target_bank.right_bank : All targets are already up. Will not reset bank.
2025-10-31 12:07:14,884 : INFO : drop_target_bank.left_bank : All targets are already up. Will not reset bank.
2025-10-31 12:07:14,884 : INFO : EventManager : Event: ======'balls_in_play'====== Args={'balls': 1}
2025-10-31 12:07:14,884 : INFO : EventManager : Event: ======'ball_started'====== Args={'player': 1, 'ball': 1, 'balls_remaining': 2, 'is_extra_ball': False}
2025-10-31 12:07:14,885 : INFO : EventManager : Event: ======'logicblock_eg_pop_counter_updated'====== Args={'value': 0, 'enabled': True}
2025-10-31 12:07:14,885 : INFO : EventManager : Event: ======'logicblock_eg_pop_counter_updated'====== Args={'value': 0, 'enabled': True}
2025-10-31 12:07:14,885 : INFO : Mode.base : Started. Priority: 50
2025-10-31 12:07:14,885 : INFO : EventManager : Event: ======'modes_active_modes_changed'====== Args={}
2025-10-31 12:07:14,885 : INFO : EventManager : Event: ======'mode_base_started'====== Args={'queue': <QueuedEvent>, 'player': 1, 'ball': 1, 'balls_remaining': 2, 'is_extra_ball': False}
2025-10-31 12:07:14,885 : INFO : EventManager : Event: ======'logicblock_eg_pop_counter_updated'====== Args={'value': 0, 'enabled': True}
2025-10-31 12:07:14,886 : INFO : EventManager : Event: ======'start_firstball_intro'====== Args={'priority': 0}
2025-10-31 12:07:14,887 : INFO : EventManager : Unordered handler for class <Auditor> on event game_ended with priority 1. Handlers: [RegisteredHandler(callback=<bound method Auditor.disable of <Auditor>>, priority=1, kwargs={}, key=UUID('ef72782f-40c8-4cdf-b253-6605d5b0a8d1'), condition=None, blocking_facility=None), RegisteredHandler(callback=<bound method Auditor._save_audits of <Auditor>>, priority=1, kwargs={}, key=UUID('d376e07d-319b-439b-a415-46610249a666'), condition=None, blocking_facility=None)]. The order of those handlers is not defined and they will be executed in random order. This might lead to race conditions and potential bugs.
2025-10-31 12:07:14,888 : INFO : EventManager : Event: ======'stop_mode_attract'====== Args={'priority': 0}
2025-10-31 12:07:14,888 : INFO : EventManager : Event: ======'godot_attract_off'====== Args={'priority': 0}
2025-10-31 12:07:14,889 : INFO : EventManager : Event: ======'single_player_ball_started'====== Args={}
2025-10-31 12:07:14,902 : INFO : EventManager : Event: ======'ball_start_target'====== Args={'target': 'playfield'}
2025-10-31 12:07:14,903 : INFO : ball_device.bd_trough : Setting up player-controlled eject. Balls: 1, Target: <playfield.playfield>, player_controlled_eject_event: None
2025-10-31 12:07:14,903 : INFO : ball_device.bd_trough : Adding 1 ball(s) to the eject_queue with target <playfield.playfield>.
2025-10-31 12:07:14,903 : INFO : EventManager : Event: ======'balldevice_balls_available'====== Args={}
2025-10-31 12:07:14,904 : INFO : ball_device.bd_trough : State: waiting_for_target_ready
2025-10-31 12:07:14,904 : INFO : EventManager : Event: ======'balldevice_bd_trough_ball_eject_attempt'====== Args={'balls': 1, 'target': <playfield.playfield>, 'source': <ball_device.bd_trough>, 'mechanical_eject': False, 'num_attempts': 0}
2025-10-31 12:07:14,905 : INFO : ball_device.bd_trough : State: ejecting
2025-10-31 12:07:14,905 : INFO : ball_device.bd_trough : Ejecting ball to <playfield.playfield>
2025-10-31 12:07:14,905 : INFO : EventManager : Event: ======'balldevice_bd_trough_ejecting_ball'====== Args={'balls': 1, 'target': <playfield.playfield>, 'source': <ball_device.bd_trough>, 'mechanical_eject': False, 'num_attempts': 0}
2025-10-31 12:07:14,907 : INFO : ball_device.bd_trough : Wait for ball to leave device
2025-10-31 12:07:14,907 : INFO : coil.c_trough_eject : Pulsing Driver for 40ms (1.0 pulse_power)
2025-10-31 12:07:14,955 : INFO : SwitchController : <<<<<<< 's_trough' inactive >>>>>>>
2025-10-31 12:07:14,962 : INFO : SwitchController : <<<<<<< 's_trough' active >>>>>>>
2025-10-31 12:07:14,962 : INFO : EventManager : Event: ======'machine_var_audits_switches_s_trough'====== Args={'value': 421, 'prev_value': 420, 'change': 1}
2025-10-31 12:07:14,969 : INFO : ball_device.bd_trough : State: ball_left
2025-10-31 12:07:14,969 : INFO : ball_device.bd_trough : Ball left
2025-10-31 12:07:14,969 : INFO : ball_device.bd_trough : Wait for confirm with timeout 10.0
2025-10-31 12:07:14,970 : INFO : SwitchController : <<<<<<< 's_trough' inactive >>>>>>>
2025-10-31 12:07:15,453 : INFO : EventManager : Event: ======'blink_off'====== Args={'priority': 0}
2025-10-31 12:07:16,042 : INFO : EventManager : Event: ======'blink_on'====== Args={'priority': 0}
2025-10-31 12:07:16,649 : INFO : EventManager : Event: ======'blink_off'====== Args={'priority': 0}
2025-10-31 12:07:16,649 : INFO : EventManager : Unordered handler for class <Auditor> on event game_ended with priority 1. Handlers: [RegisteredHandler(callback=<bound method Auditor.disable of <Auditor>>, priority=1, kwargs={}, key=UUID('ef72782f-40c8-4cdf-b253-6605d5b0a8d1'), condition=None, blocking_facility=None), RegisteredHandler(callback=<bound method Auditor._save_audits of <Auditor>>, priority=1, kwargs={}, key=UUID('d376e07d-319b-439b-a415-46610249a666'), condition=None, blocking_facility=None)]. The order of those handlers is not defined and they will be executed in random order. This might lead to race conditions and potential bugs.
2025-10-31 12:07:17,130 : INFO : SwitchController : <<<<<<< 's_inlanes' active >>>>>>>
2025-10-31 12:07:17,130 : INFO : EventManager : Event: ======'s_inlanes_active'====== Args={}
2025-10-31 12:07:17,130 : INFO : EventManager : Event: ======'sw_playfield_active'====== Args={}
2025-10-31 12:07:17,130 : INFO : EventManager : Event: ======'machine_var_audits_switches_s_inlanes'====== Args={'value': 158, 'prev_value': 157, 'change': 1}
2025-10-31 12:07:17,131 : INFO : EventManager : Event: ======'player_score'====== Args={'value': 100, 'prev_value': 0, 'change': 100, 'player_num': 1, 'source': 'base'}
2025-10-31 12:07:17,132 : INFO : EventManager : Unordered handler for class <Auditor> on event game_ended with priority 1. Handlers: [RegisteredHandler(callback=<bound method Auditor.disable of <Auditor>>, priority=1, kwargs={}, key=UUID('ef72782f-40c8-4cdf-b253-6605d5b0a8d1'), condition=None, blocking_facility=None), RegisteredHandler(callback=<bound method Auditor._save_audits of <Auditor>>, priority=1, kwargs={}, key=UUID('d376e07d-319b-439b-a415-46610249a666'), condition=None, blocking_facility=None)]. The order of those handlers is not defined and they will be executed in random order. This might lead to race conditions and potential bugs.
2025-10-31 12:07:17,132 : INFO : EventManager : Event: ======'playfield_active'====== Args={'source': None}
2025-10-31 12:07:17,143 : INFO : EventManager : Unordered handler for class <Auditor> on event game_ended with priority 1. Handlers: [RegisteredHandler(callback=<bound method Auditor.disable of <Auditor>>, priority=1, kwargs={}, key=UUID('ef72782f-40c8-4cdf-b253-6605d5b0a8d1'), condition=None, blocking_facility=None), RegisteredHandler(callback=<bound method Auditor._save_audits of <Auditor>>, priority=1, kwargs={}, key=UUID('d376e07d-319b-439b-a415-46610249a666'), condition=None, blocking_facility=None)]. The order of those handlers is not defined and they will be executed in random order. This might lead to race conditions and potential bugs.
2025-10-31 12:07:17,144 : INFO : EventManager : Unordered handler for class <Auditor> on event game_ended with priority 1. Handlers: [RegisteredHandler(callback=<bound method Auditor.disable of <Auditor>>, priority=1, kwargs={}, key=UUID('ef72782f-40c8-4cdf-b253-6605d5b0a8d1'), condition=None, blocking_facility=None), RegisteredHandler(callback=<bound method Auditor._save_audits of <Auditor>>, priority=1, kwargs={}, key=UUID('d376e07d-319b-439b-a415-46610249a666'), condition=None, blocking_facility=None)]. The order of those handlers is not defined and they will be executed in random order. This might lead to race conditions and potential bugs.
2025-10-31 12:07:17,144 : INFO : EventManager : Unordered handler for class <Auditor> on event game_ended with priority 1. Handlers: [RegisteredHandler(callback=<bound method Auditor.disable of <Auditor>>, priority=1, kwargs={}, key=UUID('ef72782f-40c8-4cdf-b253-6605d5b0a8d1'), condition=None, blocking_facility=None), RegisteredHandler(callback=<bound method Auditor._save_audits of <Auditor>>, priority=1, kwargs={}, key=UUID('d376e07d-319b-439b-a415-46610249a666'), condition=None, blocking_facility=None)]. The order of those handlers is not defined and they will be executed in random order. This might lead to race conditions and potential bugs.
2025-10-31 12:07:17,144 : INFO : ball_device.bd_trough : Got eject confirm
2025-10-31 12:07:17,145 : INFO : ball_device.bd_trough : Eject successful
2025-10-31 12:07:17,145 : INFO : EventManager : Event: ======'balldevice_bd_trough_ball_eject_success'====== Args={'balls': 1, 'target': <playfield.playfield>}
2025-10-31 12:07:17,145 : INFO : EventManager : Event: ======'balldevice_playfield_ball_enter'====== Args={'new_balls': 1, 'unclaimed_balls': 1, 'device': <playfield.playfield>}
2025-10-31 12:07:17,145 : INFO : EventManager : Event: ======'playfield_ball_count_change'====== Args={'balls': 1, 'change': 1}
2025-10-31 12:07:17,146 : INFO : EventManager : Event: ======'balldevice_bd_trough_ball_count_changed'====== Args={'balls': 0}
2025-10-31 12:07:17,146 : INFO : ball_device.bd_trough : State: idle
2025-10-31 12:07:17,254 : INFO : EventManager : Event: ======'blink_on'====== Args={'priority': 0}
2025-10-31 12:07:17,455 : INFO : SwitchController : <<<<<<< 's_inlanes' inactive >>>>>>>
2025-10-31 12:07:17,857 : INFO : EventManager : Event: ======'blink_off'====== Args={'priority': 0}
2025-10-31 12:07:17,857 : INFO : EventManager : Unordered handler for class <Auditor> on event game_ended with priority 1. Handlers: [RegisteredHandler(callback=<bound method Auditor.disable of <Auditor>>, priority=1, kwargs={}, key=UUID('ef72782f-40c8-4cdf-b253-6605d5b0a8d1'), condition=None, blocking_facility=None), RegisteredHandler(callback=<bound method Auditor._save_audits of <Auditor>>, priority=1, kwargs={}, key=UUID('d376e07d-319b-439b-a415-46610249a666'), condition=None, blocking_facility=None)]. The order of those handlers is not defined and they will be executed in random order. This might lead to race conditions and potential bugs.
2025-10-31 12:07:18,432 : INFO : SwitchController : <<<<<<< 's_trough' active >>>>>>>
2025-10-31 12:07:18,432 : INFO : EventManager : Event: ======'machine_var_audits_switches_s_trough'====== Args={'value': 422, 'prev_value': 421, 'change': 1}
2025-10-31 12:07:18,463 : INFO : EventManager : Event: ======'blink_on'====== Args={'priority': 0}
2025-10-31 12:07:18,463 : INFO : SwitchController : <<<<<<< 's_trough' inactive >>>>>>>
2025-10-31 12:07:18,478 : INFO : SwitchController : <<<<<<< 's_trough' active >>>>>>>
2025-10-31 12:07:18,478 : INFO : EventManager : Event: ======'machine_var_audits_switches_s_trough'====== Args={'value': 423, 'prev_value': 422, 'change': 1}
2025-10-31 12:07:18,990 : INFO : EventManager : Event: ======'balldevice_bd_trough_ball_count_changed'====== Args={'balls': 1}
2025-10-31 12:07:18,990 : INFO : ball_device.bd_trough : Received unexpected ball
2025-10-31 12:07:18,990 : INFO : EventManager : Event: ======'balldevice_captured_from_playfield'====== Args={'balls': 1}
2025-10-31 12:07:18,991 : INFO : EventManager : Event: ======'sw_playfield_active'====== Args={'balls': 1}
2025-10-31 12:07:18,991 : INFO : EventManager : Event: ======'playfield_ball_count_change'====== Args={'balls': 0, 'change': -1}
2025-10-31 12:07:18,991 : INFO : EventManager : Event: ======'balldevice_bd_trough_ball_enter'====== Args={'new_balls': 1, 'unclaimed_balls': 1, 'new_available_balls': 1, 'device': <ball_device.bd_trough>}
2025-10-31 12:07:18,992 : INFO : EventManager : Event: ======'ball_drain'====== Args={'device': <ball_device.bd_trough>, 'balls': 1}
2025-10-31 12:07:18,992 : INFO : EventManager : Event: ======'ball_will_end'====== Args={}
2025-10-31 12:07:18,992 : INFO : EventManager : Event: ======'balldevice_balls_available'====== Args={}
2025-10-31 12:07:18,992 : INFO : EventManager : Event: ======'balldevice_bd_trough_ball_entered'====== Args={'new_balls': 1, 'device': <ball_device.bd_trough>}
2025-10-31 12:07:18,993 : INFO : EventManager : Event: ======'mode_base_will_stop'====== Args={}
2025-10-31 12:07:18,993 : INFO : EventManager : Event: ======'mode_base_stopping'====== Args={}
2025-10-31 12:07:18,994 : INFO : Mode.base : Stopped.
2025-10-31 12:07:18,994 : INFO : EventManager : Event: ======'modes_active_modes_changed'====== Args={}
2025-10-31 12:07:18,994 : INFO : EventManager : Event: ======'mode_base_stopped'====== Args={}
2025-10-31 12:07:18,994 : INFO : EventManager : Event: ======'clear'====== Args={'key': 'base'}
2025-10-31 12:07:18,995 : INFO : EventManager : Event: ======'ball_ending'====== Args={}
2025-10-31 12:07:19,009 : INFO : EventManager : Event: ======'ball_ended'====== Args={}
2025-10-31 12:07:19,010 : INFO : EventManager : Event: ======'player_turn_will_end'====== Args={'player': <Player 1>, 'number': 1}
2025-10-31 12:07:19,014 : INFO : EventManager : Event: ======'player_turn_ending'====== Args={'player': <Player 1>, 'number': 1}
2025-10-31 12:07:19,014 : INFO : EventManager : Event: ======'player_turn_ended'====== Args={'player': <Player 1>, 'number': 1}
2025-10-31 12:07:19,015 : INFO : EventManager : Event: ======'player_turn_will_start'====== Args={'player': <Player 1>, 'number': 1}
2025-10-31 12:07:19,015 : INFO : EventManager : Event: ======'player_turn_starting'====== Args={'player': <Player 1>, 'number': 1}
2025-10-31 12:07:19,015 : INFO : EventManager : Event: ======'player_ball'====== Args={'value': 2, 'prev_value': 1, 'change': 1, 'player_num': 1}
2025-10-31 12:07:19,016 : INFO : EventManager : Event: ======'player_turn_started'====== Args={'player': <Player 1>, 'number': 1}
2025-10-31 12:07:19,016 : INFO : EventManager : Event: ======'ball_will_start'====== Args={'player': 1, 'ball': 2, 'balls_remaining': 1, 'is_extra_ball': False}
2025-10-31 12:07:19,021 : INFO : EventManager : Event: ======'ball_starting'====== Args={'player': 1, 'ball': 2, 'balls_remaining': 1, 'is_extra_ball': False}
2025-10-31 12:07:19,022 : INFO : EventManager : Event: ======'mode_base_will_start'====== Args={'queue': <QueuedEvent>, 'player': 1, 'ball': 2, 'balls_remaining': 1, 'is_extra_ball': False}
2025-10-31 12:07:19,024 : INFO : EventManager : Unordered handler for class <Auditor> on event game_ended with priority 1. Handlers: [RegisteredHandler(callback=<bound method Auditor.disable of <Auditor>>, priority=1, kwargs={}, key=UUID('ef72782f-40c8-4cdf-b253-6605d5b0a8d1'), condition=None, blocking_facility=None), RegisteredHandler(callback=<bound method Auditor._save_audits of <Auditor>>, priority=1, kwargs={}, key=UUID('d376e07d-319b-439b-a415-46610249a666'), condition=None, blocking_facility=None)]. The order of those handlers is not defined and they will be executed in random order. This might lead to race conditions and potential bugs.
2025-10-31 12:07:19,029 : INFO : EventManager : Event: ======'mode_base_starting'====== Args={'queue': <QueuedEvent>, 'player': 1, 'ball': 2, 'balls_remaining': 1, 'is_extra_ball': False}
2025-10-31 12:07:19,029 : INFO : drop_target_bank.right_bank : All targets are already up. Will not reset bank.
2025-10-31 12:07:19,029 : INFO : drop_target_bank.left_bank : All targets are already up. Will not reset bank.
2025-10-31 12:07:19,030 : INFO : EventManager : Event: ======'balls_in_play'====== Args={'balls': 1}
2025-10-31 12:07:19,030 : INFO : EventManager : Event: ======'ball_started'====== Args={'player': 1, 'ball': 2, 'balls_remaining': 1, 'is_extra_ball': False}
2025-10-31 12:07:19,032 : INFO : EventManager : Event: ======'logicblock_eg_pop_counter_updated'====== Args={'value': 0, 'enabled': True}
2025-10-31 12:07:19,032 : INFO : EventManager : Event: ======'logicblock_eg_pop_counter_updated'====== Args={'value': 0, 'enabled': True}
2025-10-31 12:07:19,032 : INFO : Mode.base : Started. Priority: 50
2025-10-31 12:07:19,032 : INFO : EventManager : Event: ======'modes_active_modes_changed'====== Args={}
2025-10-31 12:07:19,032 : INFO : EventManager : Event: ======'mode_base_started'====== Args={'queue': <QueuedEvent>, 'player': 1, 'ball': 2, 'balls_remaining': 1, 'is_extra_ball': False}
2025-10-31 12:07:19,032 : INFO : EventManager : Event: ======'logicblock_eg_pop_counter_updated'====== Args={'value': 0, 'enabled': True}
2025-10-31 12:07:19,033 : INFO : EventManager : Event: ======'start_subsequent_loop'====== Args={'priority': 0}
2025-10-31 12:07:19,034 : INFO : EventManager : Unordered handler for class <Auditor> on event game_ended with priority 1. Handlers: [RegisteredHandler(callback=<bound method Auditor.disable of <Auditor>>, priority=1, kwargs={}, key=UUID('ef72782f-40c8-4cdf-b253-6605d5b0a8d1'), condition=None, blocking_facility=None), RegisteredHandler(callback=<bound method Auditor._save_audits of <Auditor>>, priority=1, kwargs={}, key=UUID('d376e07d-319b-439b-a415-46610249a666'), condition=None, blocking_facility=None)]. The order of those handlers is not defined and they will be executed in random order. This might lead to race conditions and potential bugs.
2025-10-31 12:07:19,035 : INFO : EventManager : Event: ======'stop_mode_attract'====== Args={'priority': 0}
2025-10-31 12:07:19,035 : INFO : EventManager : Event: ======'godot_attract_off'====== Args={'priority': 0}
2025-10-31 12:07:19,036 : INFO : EventManager : Event: ======'single_player_ball_started'====== Args={}
2025-10-31 12:07:19,053 : INFO : EventManager : Event: ======'ball_start_target'====== Args={'target': 'playfield'}
2025-10-31 12:07:19,054 : INFO : EventManager : Event: ======'blink_off'====== Args={'priority': 0}
2025-10-31 12:07:19,064 : INFO : ball_device.bd_trough : Setting up player-controlled eject. Balls: 1, Target: <playfield.playfield>, player_controlled_eject_event: None
2025-10-31 12:07:19,064 : INFO : ball_device.bd_trough : Adding 1 ball(s) to the eject_queue with target <playfield.playfield>.
2025-10-31 12:07:19,064 : INFO : EventManager : Event: ======'balldevice_balls_available'====== Args={}
2025-10-31 12:07:19,066 : INFO : ball_device.bd_trough : State: waiting_for_target_ready
2025-10-31 12:07:19,066 : INFO : EventManager : Event: ======'balldevice_bd_trough_ball_eject_attempt'====== Args={'balls': 1, 'target': <playfield.playfield>, 'source': <ball_device.bd_trough>, 'mechanical_eject': False, 'num_attempts': 0}
2025-10-31 12:07:19,066 : INFO : ball_device.bd_trough : State: ejecting
2025-10-31 12:07:19,066 : INFO : ball_device.bd_trough : Ejecting ball to <playfield.playfield>
2025-10-31 12:07:19,067 : INFO : EventManager : Event: ======'balldevice_bd_trough_ejecting_ball'====== Args={'balls': 1, 'target': <playfield.playfield>, 'source': <ball_device.bd_trough>, 'mechanical_eject': False, 'num_attempts': 0}
2025-10-31 12:07:19,067 : INFO : ball_device.bd_trough : Wait for ball to leave device
2025-10-31 12:07:19,067 : INFO : coil.c_trough_eject : Pulsing Driver for 40ms (1.0 pulse_power)
2025-10-31 12:07:19,130 : INFO : SwitchController : <<<<<<< 's_trough' inactive >>>>>>>
2025-10-31 12:07:19,137 : INFO : SwitchController : <<<<<<< 's_trough' active >>>>>>>
2025-10-31 12:07:19,137 : INFO : EventManager : Event: ======'machine_var_audits_switches_s_trough'====== Args={'value': 424, 'prev_value': 423, 'change': 1}
2025-10-31 12:07:19,144 : INFO : ball_device.bd_trough : State: ball_left
2025-10-31 12:07:19,144 : INFO : ball_device.bd_trough : Ball left
2025-10-31 12:07:19,144 : INFO : ball_device.bd_trough : Wait for confirm with timeout 10.0
2025-10-31 12:07:19,146 : INFO : SwitchController : <<<<<<< 's_trough' inactive >>>>>>>
2025-10-31 12:07:19,659 : INFO : EventManager : Event: ======'blink_on'====== Args={'priority': 0}
2025-10-31 12:07:20,248 : INFO : EventManager : Event: ======'blink_off'====== Args={'priority': 0}
2025-10-31 12:07:20,249 : INFO : EventManager : Unordered handler for class <Auditor> on event game_ended with priority 1. Handlers: [RegisteredHandler(callback=<bound method Auditor.disable of <Auditor>>, priority=1, kwargs={}, key=UUID('ef72782f-40c8-4cdf-b253-6605d5b0a8d1'), condition=None, blocking_facility=None), RegisteredHandler(callback=<bound method Auditor._save_audits of <Auditor>>, priority=1, kwargs={}, key=UUID('d376e07d-319b-439b-a415-46610249a666'), condition=None, blocking_facility=None)]. The order of those handlers is not defined and they will be executed in random order. This might lead to race conditions and potential bugs.
2025-10-31 12:07:20,853 : INFO : EventManager : Event: ======'blink_on'====== Args={'priority': 0}
2025-10-31 12:07:21,455 : INFO : EventManager : Event: ======'blink_off'====== Args={'priority': 0}
2025-10-31 12:07:21,455 : INFO : EventManager : Unordered handler for class <Auditor> on event game_ended with priority 1. Handlers: [RegisteredHandler(callback=<bound method Auditor.disable of <Auditor>>, priority=1, kwargs={}, key=UUID('ef72782f-40c8-4cdf-b253-6605d5b0a8d1'), condition=None, blocking_facility=None), RegisteredHandler(callback=<bound method Auditor._save_audits of <Auditor>>, priority=1, kwargs={}, key=UUID('d376e07d-319b-439b-a415-46610249a666'), condition=None, blocking_facility=None)]. The order of those handlers is not defined and they will be executed in random order. This might lead to race conditions and potential bugs.
2025-10-31 12:07:22,044 : INFO : EventManager : Event: ======'blink_on'====== Args={'priority': 0}
2025-10-31 12:07:22,648 : INFO : EventManager : Event: ======'blink_off'====== Args={'priority': 0}
2025-10-31 12:07:22,649 : INFO : EventManager : Unordered handler for class <Auditor> on event game_ended with priority 1. Handlers: [RegisteredHandler(callback=<bound method Auditor.disable of <Auditor>>, priority=1, kwargs={}, key=UUID('ef72782f-40c8-4cdf-b253-6605d5b0a8d1'), condition=None, blocking_facility=None), RegisteredHandler(callback=<bound method Auditor._save_audits of <Auditor>>, priority=1, kwargs={}, key=UUID('d376e07d-319b-439b-a415-46610249a666'), condition=None, blocking_facility=None)]. The order of those handlers is not defined and they will be executed in random order. This might lead to race conditions and potential bugs.
2025-10-31 12:07:23,254 : INFO : EventManager : Event: ======'blink_on'====== Args={'priority': 0}
2025-10-31 12:07:23,859 : INFO : EventManager : Event: ======'blink_off'====== Args={'priority': 0}
2025-10-31 12:07:23,859 : INFO : EventManager : Unordered handler for class <Auditor> on event game_ended with priority 1. Handlers: [RegisteredHandler(callback=<bound method Auditor.disable of <Auditor>>, priority=1, kwargs={}, key=UUID('ef72782f-40c8-4cdf-b253-6605d5b0a8d1'), condition=None, blocking_facility=None), RegisteredHandler(callback=<bound method Auditor._save_audits of <Auditor>>, priority=1, kwargs={}, key=UUID('d376e07d-319b-439b-a415-46610249a666'), condition=None, blocking_facility=None)]. The order of those handlers is not defined and they will be executed in random order. This might lead to race conditions and potential bugs.
2025-10-31 12:07:24,447 : INFO : EventManager : Event: ======'blink_on'====== Args={'priority': 0}
2025-10-31 12:07:25,038 : INFO : EventManager : Event: ======'blink_off'====== Args={'priority': 0}
2025-10-31 12:07:25,038 : INFO : EventManager : Unordered handler for class <Auditor> on event game_ended with priority 1. Handlers: [RegisteredHandler(callback=<bound method Auditor.disable of <Auditor>>, priority=1, kwargs={}, key=UUID('ef72782f-40c8-4cdf-b253-6605d5b0a8d1'), condition=None, blocking_facility=None), RegisteredHandler(callback=<bound method Auditor._save_audits of <Auditor>>, priority=1, kwargs={}, key=UUID('d376e07d-319b-439b-a415-46610249a666'), condition=None, blocking_facility=None)]. The order of those handlers is not defined and they will be executed in random order. This might lead to race conditions and potential bugs.
2025-10-31 12:07:25,522 : INFO : Machine : Shutting down...
2025-10-31 12:07:25,522 : INFO : EventManager : Event: ======'shutdown'====== Args={}
2025-10-31 12:07:25,525 : INFO : EventManager : Event: ======'mode_game_will_stop'====== Args={}
2025-10-31 12:07:25,525 : INFO : EventManager : Event: ======'mode_game_stopping'====== Args={}
2025-10-31 12:07:25,527 : INFO : EventManager : Event: ======'mode_base_will_stop'====== Args={}
2025-10-31 12:07:25,527 : INFO : EventManager : Event: ======'mode_base_stopping'====== Args={}
2025-10-31 12:07:25,528 : INFO : Mode.base : Stopped.
2025-10-31 12:07:25,528 : INFO : EventManager : Event: ======'modes_active_modes_changed'====== Args={}
2025-10-31 12:07:25,528 : INFO : EventManager : Event: ======'mode_base_stopped'====== Args={}
2025-10-31 12:07:25,528 : INFO : EventManager : Event: ======'clear'====== Args={'key': 'base'}
2025-10-31 12:07:25,529 : INFO : Mode.game : Stopped.
2025-10-31 12:07:25,529 : INFO : EventManager : Event: ======'modes_active_modes_changed'====== Args={}
2025-10-31 12:07:25,529 : INFO : EventManager : Event: ======'mode_game_stopped'====== Args={}
2025-10-31 12:07:25,529 : INFO : EventManager : Event: ======'clear'====== Args={'key': 'game'}
2025-10-31 12:07:25,628 : INFO : root : MPF run loop ended.
