2025-10-24 11:57:52,732 : INFO : root : Loading config.
2025-10-24 11:57:52,738 : INFO : YamlMultifileConfigLoader : Machine config file #1: config.yaml
2025-10-24 11:57:52,738 : INFO : ConfigProcessor : Loading config from cache: C:\Users\antho\AppData\Local\Temp\fdca14d0c9d658ab8200d57120800af5.mpf_cache
2025-10-24 11:57:52,896 : INFO : ConfigProcessor : Loading config from cache: C:\Users\antho\AppData\Local\Temp\5dec96b1547c4adf5bdd3d1715e74bc0.mpf_cache
2025-10-24 11:57:52,897 : INFO : ConfigProcessor : Loading config from cache: C:\Users\antho\AppData\Local\Temp\202a5840610e95051f9f473dfa660cc0.mpf_cache
2025-10-24 11:57:52,897 : INFO : ConfigProcessor : Loading config from cache: C:\Users\antho\AppData\Local\Temp\5dec96b1547c4adf5bdd3d1715e74bc0.mpf_cache
2025-10-24 11:57:52,898 : INFO : ConfigProcessor : Loading config from cache: C:\Users\antho\AppData\Local\Temp\2cd13a2d3f375e00ab01d6d09a85d8e7.mpf_cache
2025-10-24 11:57:52,899 : INFO : ConfigProcessor : Loading config from cache: C:\Users\antho\AppData\Local\Temp\9220b44b97b91972524500b81035d790.mpf_cache
2025-10-24 11:57:52,900 : INFO : ConfigProcessor : Loading config from cache: C:\Users\antho\AppData\Local\Temp\dab29d17bbe6500d014c71b0a57bd9b0.mpf_cache
2025-10-24 11:57:52,900 : INFO : ConfigProcessor : Loading config from cache: C:\Users\antho\AppData\Local\Temp\b17152efa55a24f0424602723f8d3921.mpf_cache
2025-10-24 11:57:52,900 : INFO : ConfigProcessor : Loading config from cache: C:\Users\antho\AppData\Local\Temp\e87fc0e7d2f8a851b5fa3f604e0d0c6e.mpf_cache
2025-10-24 11:57:52,902 : INFO : ConfigProcessor : Loading config from cache: C:\Users\antho\AppData\Local\Temp\196ac76b6cab3a9880804c826cfbcb5c.mpf_cache
2025-10-24 11:57:52,903 : INFO : ConfigProcessor : Loading config from cache: C:\Users\antho\AppData\Local\Temp\834292dd7853e12a66732dc89828c828.mpf_cache
2025-10-24 11:57:52,903 : INFO : ConfigProcessor : Loading config from cache: C:\Users\antho\AppData\Local\Temp\ae2be9c5579852c305357e207df97e8b.mpf_cache
2025-10-24 11:57:52,904 : INFO : ConfigProcessor : Loading config from cache: C:\Users\antho\AppData\Local\Temp\46f8fa3e41dfeeb8232af2f03a13b6c4.mpf_cache
2025-10-24 11:57:52,904 : INFO : ConfigProcessor : Loading config from cache: C:\Users\antho\AppData\Local\Temp\c67e9c175da6c060302945929b27b878.mpf_cache
2025-10-24 11:57:52,904 : INFO : ConfigProcessor : Loading config from cache: C:\Users\antho\AppData\Local\Temp\1c965aadbb61a7e709e8884fad17ac0b.mpf_cache
2025-10-24 11:57:52,905 : INFO : ConfigProcessor : Loading config from cache: C:\Users\antho\AppData\Local\Temp\60ca9d662df3e70e96f6d7ec0f4491aa.mpf_cache
2025-10-24 11:57:52,907 : INFO : Machine : Mission Pinball Framework Core Engine v0.80.0.dev11
2025-10-24 11:57:52,907 : INFO : Machine : Command line arguments: {'no_load_cache': False, 'create_config_cache': True, 'bcp': True, 'configfile': ['config.yaml'], 'force_assets_load': False, 'platform_integration_test': False, 'jsonlogging': False, 'logfile': 'logs\\2025-10-24-11-57-52-mpf-LAPTOP-MPGP6R69.log', 'pause': False, 'production': False, 'text_ui': True, 'loglevel': 15, 'consoleloglevel': 20, 'force_platform': None, 'syslog_address': None, 'full_logfile_path': 'C:\\Users\\antho\\nightpin\\logs\\2025-10-24-11-57-52-mpf-LAPTOP-MPGP6R69.log'}
2025-10-24 11:57:52,907 : INFO : Machine : MPF path: C:\Users\antho\mpf\Lib\site-packages\mpf
2025-10-24 11:57:52,907 : INFO : Machine : Machine path: C:\Users\antho\nightpin
2025-10-24 11:57:52,907 : INFO : Machine : Platform: win32
2025-10-24 11:57:52,907 : INFO : Machine : Python executable location: C:\Users\antho\mpf\Scripts\python.exe
2025-10-24 11:57:52,907 : INFO : Machine : Python version: 3.12.7 (64-bit)
2025-10-24 11:57:52,909 : INFO : Machine : Initializing MPF...
2025-10-24 11:57:53,193 : INFO : lisy : Connecting to com3 at 115200bps
2025-10-24 11:57:53,194 : WARNING : lisy : Could not import terminos (this is ok on windows).
2025-10-24 11:57:53,360 : INFO : EventManager : Event: ======'machine_var_lisy_hardware'====== Args={'value': 'LISY35', 'prev_value': None, 'change': True}
2025-10-24 11:57:53,360 : INFO : EventManager : Event: ======'machine_var_lisy_version'====== Args={'value': '5.26 ', 'prev_value': None, 'change': True}
2025-10-24 11:57:53,360 : INFO : EventManager : Event: ======'machine_var_lisy_api_version'====== Args={'value': b'0.09', 'prev_value': None, 'change': True}
2025-10-24 11:57:54,691 : INFO : EventManager : Event: ======'machine_var_credits_string'====== Args={'value': 'FREE PLAY', 'prev_value': None, 'change': True}
2025-10-24 11:57:54,725 : INFO : EventManager : Event: ======'machine_var_master_volume'====== Args={'value': 0.5, 'prev_value': None, 'change': True}
2025-10-24 11:57:54,725 : INFO : EventManager : Event: ======'machine_var_mpf_version'====== Args={'value': 'Mission Pinball Framework v0.80.0.dev11', 'prev_value': None, 'change': True}
2025-10-24 11:57:54,725 : INFO : EventManager : Event: ======'machine_var_mpf_extended_version'====== Args={'value': 'Mission Pinball Framework v0.80.0.dev11, Config version:6, Show version: 6, BCP version:1.1', 'prev_value': None, 'change': True}
2025-10-24 11:57:54,726 : INFO : EventManager : Event: ======'machine_var_python_version'====== Args={'value': '3.12.7', 'prev_value': None, 'change': True}
2025-10-24 11:57:54,827 : INFO : EventManager : Event: ======'machine_var_platform'====== Args={'value': 'Windows-11-10.0.26100-SP0', 'prev_value': None, 'change': True}
2025-10-24 11:57:54,828 : INFO : EventManager : Event: ======'machine_var_platform_system'====== Args={'value': 'Windows', 'prev_value': None, 'change': True}
2025-10-24 11:57:54,828 : INFO : EventManager : Event: ======'machine_var_platform_release'====== Args={'value': '11', 'prev_value': None, 'change': True}
2025-10-24 11:57:54,828 : INFO : EventManager : Event: ======'machine_var_platform_version'====== Args={'value': '10.0.26100', 'prev_value': None, 'change': True}
2025-10-24 11:57:54,828 : INFO : EventManager : Event: ======'machine_var_platform_machine'====== Args={'value': 'AMD64', 'prev_value': None, 'change': True}
2025-10-24 11:57:54,828 : INFO : EventManager : Event: ======'machine_var_log_file_path'====== Args={'value': 'C:\\Users\\antho\\nightpin\\logs\\2025-10-24-11-57-52-mpf-LAPTOP-MPGP6R69.log', 'prev_value': None, 'change': True}
2025-10-24 11:57:54,828 : INFO : EventManager : Event: ======'init_phase_1'====== Args={}
2025-10-24 11:57:54,865 : INFO : EventManager : Event: ======'drop_target_bank_right_bank_up'====== Args={}
2025-10-24 11:57:54,866 : INFO : EventManager : Event: ======'drop_target_bank_left_bank_up'====== Args={}
2025-10-24 11:57:54,866 : INFO : EventManager : Event: ======'init_phase_2'====== Args={}
2025-10-24 11:57:54,867 : INFO : SwitchController : Found active switch: ('5', <mpf.platforms.lisy.lisy.LisyHardwarePlatform object at 0x000001D62CC096D0>) <switch.s_left_bank_target_left>
2025-10-24 11:57:54,867 : INFO : SwitchController : Found active switch: ('8', <mpf.platforms.lisy.lisy.LisyHardwarePlatform object at 0x000001D62CC096D0>) <switch.s_trough>
2025-10-24 11:57:54,867 : INFO : SwitchController : Found active switch: ('13', <mpf.platforms.lisy.lisy.LisyHardwarePlatform object at 0x000001D62CC096D0>) <switch.s_left_bank_target_right>
2025-10-24 11:57:54,867 : INFO : SwitchController : Found active switch: ('14', <mpf.platforms.lisy.lisy.LisyHardwarePlatform object at 0x000001D62CC096D0>) <switch.s_right_bank_target_right>
2025-10-24 11:57:54,868 : INFO : SwitchController : Found active switch: ('21', <mpf.platforms.lisy.lisy.LisyHardwarePlatform object at 0x000001D62CC096D0>) <switch.s_left_bank_target_middle>
2025-10-24 11:57:54,868 : INFO : SwitchController : Found active switch: ('22', <mpf.platforms.lisy.lisy.LisyHardwarePlatform object at 0x000001D62CC096D0>) <switch.s_right_bank_target_middle>
2025-10-24 11:57:54,868 : INFO : SwitchController : Found active switch: ('30', <mpf.platforms.lisy.lisy.LisyHardwarePlatform object at 0x000001D62CC096D0>) <switch.s_right_bank_target_left>
2025-10-24 11:57:54,875 : INFO : EventManager : Event: ======'bcp_connection_attempt'====== Args={'name': 'local_display', 'host': 'localhost', 'port': 5050}
2025-10-24 11:57:54,878 : INFO : BCPClientSocket : Connecting BCP to 'local_display' at localhost:5050...
2025-10-24 11:57:54,897 : INFO : BCPClientSocket : Connected BCP to 'local_display' localhost:5050
2025-10-24 11:57:54,898 : INFO : EventManager : Event: ======'bcp_clients_connected'====== Args={}
2025-10-24 11:57:55,007 : INFO : ball_device.bd_trough : BCH: Initial count: 1
2025-10-24 11:57:55,040 : INFO : ball_device.bd_trough : State: idle
2025-10-24 11:57:55,040 : INFO : ball_device.bd_saucer : BCH: Initial count: 0
2025-10-24 11:57:55,041 : INFO : ball_device.bd_saucer : State: idle
2025-10-24 11:57:55,055 : INFO : EventManager : Event: ======'init_phase_3'====== Args={}
2025-10-24 11:57:55,062 : INFO : EventManager : Event: ======'init_phase_4'====== Args={}
2025-10-24 11:57:55,064 : INFO : EventManager : Event: ======'drop_target_s_right_bank_target_left_down'====== Args={'device': <drop_target.s_right_bank_target_left>}
2025-10-24 11:57:55,064 : INFO : EventManager : Event: ======'drop_target_s_right_bank_target_middle_down'====== Args={'device': <drop_target.s_right_bank_target_middle>}
2025-10-24 11:57:55,064 : INFO : EventManager : Event: ======'drop_target_s_right_bank_target_right_down'====== Args={'device': <drop_target.s_right_bank_target_right>}
2025-10-24 11:57:55,064 : INFO : EventManager : Event: ======'drop_target_s_left_bank_target_left_down'====== Args={'device': <drop_target.s_left_bank_target_left>}
2025-10-24 11:57:55,064 : INFO : EventManager : Event: ======'drop_target_s_left_bank_target_middle_down'====== Args={'device': <drop_target.s_left_bank_target_middle>}
2025-10-24 11:57:55,064 : INFO : EventManager : Event: ======'drop_target_s_left_bank_target_right_down'====== Args={'device': <drop_target.s_left_bank_target_right>}
2025-10-24 11:57:55,065 : INFO : BallController : Initial balls found: 1
2025-10-24 11:57:55,067 : INFO : EventManager : Event: ======'machine_var_audits_events_game_ended'====== Args={'value': 0, 'prev_value': None, 'change': True}
2025-10-24 11:57:55,067 : INFO : EventManager : Event: ======'machine_var_audits_events_game_started'====== Args={'value': 2, 'prev_value': None, 'change': True}
2025-10-24 11:57:55,067 : INFO : EventManager : Event: ======'machine_var_audits_missing_switches_s_coin_right'====== Args={'value': 1, 'prev_value': None, 'change': True}
2025-10-24 11:57:55,067 : INFO : EventManager : Event: ======'machine_var_audits_missing_switches_s_credit_button'====== Args={'value': 1, 'prev_value': None, 'change': True}
2025-10-24 11:57:55,067 : INFO : EventManager : Event: ======'machine_var_audits_missing_switches_s_inlanes'====== Args={'value': 2, 'prev_value': None, 'change': True}
2025-10-24 11:57:55,067 : INFO : EventManager : Event: ======'machine_var_audits_missing_switches_s_left_bank_target_left'====== Args={'value': 1, 'prev_value': None, 'change': True}
2025-10-24 11:57:55,067 : INFO : EventManager : Event: ======'machine_var_audits_missing_switches_s_left_bank_target_middle'====== Args={'value': 1, 'prev_value': None, 'change': True}
2025-10-24 11:57:55,067 : INFO : EventManager : Event: ======'machine_var_audits_missing_switches_s_left_bank_target_right'====== Args={'value': 1, 'prev_value': None, 'change': True}
2025-10-24 11:57:55,067 : INFO : EventManager : Event: ======'machine_var_audits_missing_switches_s_left_lower_bumper'====== Args={'value': 2, 'prev_value': None, 'change': True}
2025-10-24 11:57:55,068 : INFO : EventManager : Event: ======'machine_var_audits_missing_switches_s_left_outlane_rollover'====== Args={'value': 2, 'prev_value': None, 'change': True}
2025-10-24 11:57:55,068 : INFO : EventManager : Event: ======'machine_var_audits_missing_switches_s_left_sling'====== Args={'value': 2, 'prev_value': None, 'change': True}
2025-10-24 11:57:55,068 : INFO : EventManager : Event: ======'machine_var_audits_missing_switches_s_left_upper_bumper'====== Args={'value': 2, 'prev_value': None, 'change': True}
2025-10-24 11:57:55,068 : INFO : EventManager : Event: ======'machine_var_audits_missing_switches_s_middle_skill_lane'====== Args={'value': 2, 'prev_value': None, 'change': True}
2025-10-24 11:57:55,068 : INFO : EventManager : Event: ======'machine_var_audits_missing_switches_s_middle_upper_rollovers'====== Args={'value': 2, 'prev_value': None, 'change': True}
2025-10-24 11:57:55,068 : INFO : EventManager : Event: ======'machine_var_audits_missing_switches_s_outer_skill_lanes'====== Args={'value': 2, 'prev_value': None, 'change': True}
2025-10-24 11:57:55,068 : INFO : EventManager : Event: ======'machine_var_audits_missing_switches_s_pop_bumper_bottom'====== Args={'value': 2, 'prev_value': None, 'change': True}
2025-10-24 11:57:55,068 : INFO : EventManager : Event: ======'machine_var_audits_missing_switches_s_pop_bumper_left'====== Args={'value': 2, 'prev_value': None, 'change': True}
2025-10-24 11:57:55,068 : INFO : EventManager : Event: ======'machine_var_audits_missing_switches_s_pop_bumper_right'====== Args={'value': 2, 'prev_value': None, 'change': True}
2025-10-24 11:57:55,068 : INFO : EventManager : Event: ======'machine_var_audits_missing_switches_s_right_bank_target_left'====== Args={'value': 1, 'prev_value': None, 'change': True}
2025-10-24 11:57:55,068 : INFO : EventManager : Event: ======'machine_var_audits_missing_switches_s_right_bank_target_middle'====== Args={'value': 1, 'prev_value': None, 'change': True}
2025-10-24 11:57:55,068 : INFO : EventManager : Event: ======'machine_var_audits_missing_switches_s_right_bank_target_right'====== Args={'value': 1, 'prev_value': None, 'change': True}
2025-10-24 11:57:55,068 : INFO : EventManager : Event: ======'machine_var_audits_missing_switches_s_right_outlane_rollover'====== Args={'value': 2, 'prev_value': None, 'change': True}
2025-10-24 11:57:55,068 : INFO : EventManager : Event: ======'machine_var_audits_missing_switches_s_right_sling'====== Args={'value': 2, 'prev_value': None, 'change': True}
2025-10-24 11:57:55,069 : INFO : EventManager : Event: ======'machine_var_audits_missing_switches_s_saucer'====== Args={'value': 2, 'prev_value': None, 'change': True}
2025-10-24 11:57:55,069 : INFO : EventManager : Event: ======'machine_var_audits_missing_switches_s_slam_tilt'====== Args={'value': 1, 'prev_value': None, 'change': True}
2025-10-24 11:57:55,069 : INFO : EventManager : Event: ======'machine_var_audits_missing_switches_s_spinner'====== Args={'value': 1, 'prev_value': None, 'change': True}
2025-10-24 11:57:55,069 : INFO : EventManager : Event: ======'machine_var_audits_missing_switches_s_stand_up'====== Args={'value': 1, 'prev_value': None, 'change': True}
2025-10-24 11:57:55,069 : INFO : EventManager : Event: ======'machine_var_audits_missing_switches_s_start_button'====== Args={'value': 2, 'prev_value': None, 'change': True}
2025-10-24 11:57:55,069 : INFO : EventManager : Event: ======'machine_var_audits_missing_switches_s_tilt'====== Args={'value': 2, 'prev_value': None, 'change': True}
2025-10-24 11:57:55,069 : INFO : EventManager : Event: ======'machine_var_audits_missing_switches_s_trough'====== Args={'value': 1, 'prev_value': None, 'change': True}
2025-10-24 11:57:55,069 : INFO : EventManager : Event: ======'machine_var_audits_player_score'====== Args={'value': {'average': 0, 'top': [], 'total': 0}, 'prev_value': None, 'change': True}
2025-10-24 11:57:55,069 : INFO : EventManager : Event: ======'machine_var_audits_switches_s_coin_right'====== Args={'value': 1, 'prev_value': None, 'change': True}
2025-10-24 11:57:55,069 : INFO : EventManager : Event: ======'machine_var_audits_switches_s_credit_button'====== Args={'value': 2, 'prev_value': None, 'change': True}
2025-10-24 11:57:55,069 : INFO : EventManager : Event: ======'machine_var_audits_switches_s_inlanes'====== Args={'value': 0, 'prev_value': None, 'change': True}
2025-10-24 11:57:55,069 : INFO : EventManager : Event: ======'machine_var_audits_switches_s_left_bank_target_left'====== Args={'value': 2, 'prev_value': None, 'change': True}
2025-10-24 11:57:55,069 : INFO : EventManager : Event: ======'machine_var_audits_switches_s_left_bank_target_middle'====== Args={'value': 2, 'prev_value': None, 'change': True}
2025-10-24 11:57:55,070 : INFO : EventManager : Event: ======'machine_var_audits_switches_s_left_bank_target_right'====== Args={'value': 2, 'prev_value': None, 'change': True}
2025-10-24 11:57:55,070 : INFO : EventManager : Event: ======'machine_var_audits_switches_s_left_lower_bumper'====== Args={'value': 0, 'prev_value': None, 'change': True}
2025-10-24 11:57:55,070 : INFO : EventManager : Event: ======'machine_var_audits_switches_s_left_outlane_rollover'====== Args={'value': 0, 'prev_value': None, 'change': True}
2025-10-24 11:57:55,070 : INFO : EventManager : Event: ======'machine_var_audits_switches_s_left_sling'====== Args={'value': 0, 'prev_value': None, 'change': True}
2025-10-24 11:57:55,070 : INFO : EventManager : Event: ======'machine_var_audits_switches_s_left_upper_bumper'====== Args={'value': 0, 'prev_value': None, 'change': True}
2025-10-24 11:57:55,070 : INFO : EventManager : Event: ======'machine_var_audits_switches_s_middle_skill_lane'====== Args={'value': 0, 'prev_value': None, 'change': True}
2025-10-24 11:57:55,070 : INFO : EventManager : Event: ======'machine_var_audits_switches_s_middle_upper_rollovers'====== Args={'value': 0, 'prev_value': None, 'change': True}
2025-10-24 11:57:55,070 : INFO : EventManager : Event: ======'machine_var_audits_switches_s_outer_skill_lanes'====== Args={'value': 0, 'prev_value': None, 'change': True}
2025-10-24 11:57:55,070 : INFO : EventManager : Event: ======'machine_var_audits_switches_s_pop_bumper_bottom'====== Args={'value': 0, 'prev_value': None, 'change': True}
2025-10-24 11:57:55,070 : INFO : EventManager : Event: ======'machine_var_audits_switches_s_pop_bumper_left'====== Args={'value': 0, 'prev_value': None, 'change': True}
2025-10-24 11:57:55,070 : INFO : EventManager : Event: ======'machine_var_audits_switches_s_pop_bumper_right'====== Args={'value': 0, 'prev_value': None, 'change': True}
2025-10-24 11:57:55,070 : INFO : EventManager : Event: ======'machine_var_audits_switches_s_right_bank_target_left'====== Args={'value': 2, 'prev_value': None, 'change': True}
2025-10-24 11:57:55,070 : INFO : EventManager : Event: ======'machine_var_audits_switches_s_right_bank_target_middle'====== Args={'value': 2, 'prev_value': None, 'change': True}
2025-10-24 11:57:55,070 : INFO : EventManager : Event: ======'machine_var_audits_switches_s_right_bank_target_right'====== Args={'value': 2, 'prev_value': None, 'change': True}
2025-10-24 11:57:55,070 : INFO : EventManager : Event: ======'machine_var_audits_switches_s_right_outlane_rollover'====== Args={'value': 0, 'prev_value': None, 'change': True}
2025-10-24 11:57:55,070 : INFO : EventManager : Event: ======'machine_var_audits_switches_s_right_sling'====== Args={'value': 0, 'prev_value': None, 'change': True}
2025-10-24 11:57:55,070 : INFO : EventManager : Event: ======'machine_var_audits_switches_s_saucer'====== Args={'value': 0, 'prev_value': None, 'change': True}
2025-10-24 11:57:55,070 : INFO : EventManager : Event: ======'machine_var_audits_switches_s_slam_tilt'====== Args={'value': 1, 'prev_value': None, 'change': True}
2025-10-24 11:57:55,070 : INFO : EventManager : Event: ======'machine_var_audits_switches_s_spinner'====== Args={'value': 1, 'prev_value': None, 'change': True}
2025-10-24 11:57:55,072 : INFO : EventManager : Event: ======'machine_var_audits_switches_s_stand_up'====== Args={'value': 1, 'prev_value': None, 'change': True}
2025-10-24 11:57:55,072 : INFO : EventManager : Event: ======'machine_var_audits_switches_s_start_button'====== Args={'value': 0, 'prev_value': None, 'change': True}
2025-10-24 11:57:55,072 : INFO : EventManager : Event: ======'machine_var_audits_switches_s_tilt'====== Args={'value': 0, 'prev_value': None, 'change': True}
2025-10-24 11:57:55,072 : INFO : EventManager : Event: ======'machine_var_audits_switches_s_trough'====== Args={'value': 6, 'prev_value': None, 'change': True}
2025-10-24 11:57:55,073 : INFO : EventManager : Event: ======'init_phase_5'====== Args={}
2025-10-24 11:57:55,084 : INFO : EventManager : Event: ======'init_done'====== Args={}
2025-10-24 11:57:55,084 : INFO : EventManager : Event: ======'machine_reset_phase_1'====== Args={}
2025-10-24 11:57:55,097 : INFO : EventManager : Event: ======'machine_reset_phase_2'====== Args={}
2025-10-24 11:57:55,098 : INFO : EventManager : Event: ======'machine_reset_phase_3'====== Args={}
2025-10-24 11:57:55,098 : INFO : EventManager : Event: ======'mode_attract_will_start'====== Args={'queue': <QueuedEvent>}
2025-10-24 11:57:55,099 : INFO : EventManager : Event: ======'mode_attract_starting'====== Args={'queue': <QueuedEvent>}
2025-10-24 11:57:55,099 : INFO : Mode.attract : Started. Priority: 10
2025-10-24 11:57:55,099 : INFO : EventManager : Event: ======'modes_active_modes_changed'====== Args={}
2025-10-24 11:57:55,099 : INFO : EventManager : Event: ======'mode_attract_started'====== Args={'queue': <QueuedEvent>}
2025-10-24 11:57:55,100 : INFO : EventManager : Event: ======'collecting_balls_complete'====== Args={}
2025-10-24 11:57:55,100 : INFO : EventManager : Event: ======'reset_complete'====== Args={}
2025-10-24 11:57:55,114 : INFO : Machine : Starting the main run loop with active modes: [<Mode.attract>]
2025-10-24 11:57:55,141 : INFO : EventManager : Event: ======'slide_attract_created'====== Args={'_from_bcp': True}
2025-10-24 11:57:55,143 : INFO : EventManager : Event: ======'slide__removed'====== Args={'_from_bcp': True}
2025-10-24 11:57:55,144 : INFO : EventManager : Event: ======'slide_attract_active'====== Args={'original_context': 'attract', 'original_calling_context': 'mode_attract_started', 'priority': 10.0, 'queue': '<QueuedEvent>', 'cmd': 'slides_play', '_from_bcp': True}
2025-10-24 11:58:06,687 : INFO : SwitchController : <<<<<<< 's_start_button' active >>>>>>>
2025-10-24 11:58:06,875 : INFO : SwitchController : <<<<<<< 's_start_button' inactive >>>>>>>
2025-10-24 11:58:06,875 : INFO : EventManager : Event: ======'request_to_start_game'====== Args={}
2025-10-24 11:58:06,876 : INFO : EventManager : Event: ======'game_start'====== Args={'buttons': [], 'hold_time': 0.18700000003445894}
2025-10-24 11:58:06,876 : INFO : EventManager : Event: ======'mode_game_will_start'====== Args={'buttons': [], 'hold_time': 0.18700000003445894}
2025-10-24 11:58:06,876 : INFO : EventManager : Event: ======'mode_game_starting'====== Args={'buttons': [], 'hold_time': 0.18700000003445894}
2025-10-24 11:58:06,876 : INFO : Mode.game : Started. Priority: 20
2025-10-24 11:58:06,877 : INFO : EventManager : Event: ======'modes_active_modes_changed'====== Args={}
2025-10-24 11:58:06,877 : INFO : EventManager : Event: ======'mode_game_started'====== Args={'buttons': [], 'hold_time': 0.18700000003445894}
2025-10-24 11:58:06,891 : INFO : EventManager : Event: ======'game_will_start'====== Args={}
2025-10-24 11:58:06,891 : INFO : EventManager : Event: ======'game_starting'====== Args={'game': <Mode.game>}
2025-10-24 11:58:06,891 : INFO : EventManager : Event: ======'mode_attract_will_stop'====== Args={}
2025-10-24 11:58:06,892 : INFO : EventManager : Event: ======'mode_attract_stopping'====== Args={}
2025-10-24 11:58:06,892 : INFO : EventManager : Unordered handler for class <Auditor> on event game_ended with priority 1. Handlers: [RegisteredHandler(callback=<bound method Auditor.disable of <Auditor>>, priority=1, kwargs={}, key=UUID('960d1608-988e-41b9-8047-54d43188e0f1'), condition=None, blocking_facility=None), RegisteredHandler(callback=<bound method Auditor._save_audits of <Auditor>>, priority=1, kwargs={}, key=UUID('7ee17f70-dbfd-41ea-8d25-c3214279750d'), condition=None, blocking_facility=None)]. The order of those handlers is not defined and they will be executed in random order. This might lead to race conditions and potential bugs.
2025-10-24 11:58:06,892 : INFO : Mode.attract : Stopped.
2025-10-24 11:58:06,893 : INFO : EventManager : Event: ======'modes_active_modes_changed'====== Args={}
2025-10-24 11:58:06,894 : INFO : EventManager : Event: ======'mode_attract_stopped'====== Args={}
2025-10-24 11:58:06,894 : INFO : EventManager : Event: ======'clear'====== Args={'key': 'attract'}
2025-10-24 11:58:06,894 : INFO : EventManager : Event: ======'player_add_request'====== Args={}
2025-10-24 11:58:06,895 : INFO : EventManager : Event: ======'player_will_add'====== Args={'number': 1}
2025-10-24 11:58:06,895 : INFO : EventManager : Event: ======'player_adding'====== Args={'player': <Player 1>, 'number': 1}
2025-10-24 11:58:06,895 : INFO : EventManager : Event: ======'player_added'====== Args={'player': <Player 1>, 'num': 1}
2025-10-24 11:58:06,895 : INFO : Mode.game : Player added successfully. Total players: 1
2025-10-24 11:58:06,895 : INFO : EventManager : Event: ======'player_index'====== Args={'value': 0, 'prev_value': 0, 'change': 0, 'player_num': 1}
2025-10-24 11:58:06,895 : INFO : EventManager : Event: ======'player_number'====== Args={'value': 1, 'prev_value': 1, 'change': 0, 'player_num': 1}
2025-10-24 11:58:06,896 : INFO : EventManager : Event: ======'player_score'====== Args={'value': 0, 'prev_value': 0, 'change': 0, 'player_num': 1}
2025-10-24 11:58:06,912 : INFO : EventManager : Event: ======'game_started'====== Args={}
2025-10-24 11:58:06,913 : INFO : EventManager : Event: ======'player_turn_will_start'====== Args={'player': <Player 1>, 'number': 1}
2025-10-24 11:58:06,913 : INFO : EventManager : Event: ======'player_turn_starting'====== Args={'player': <Player 1>, 'number': 1}
2025-10-24 11:58:06,917 : INFO : EventManager : Event: ======'player_ball'====== Args={'value': 1, 'prev_value': 0, 'change': 1, 'player_num': 1}
2025-10-24 11:58:06,917 : INFO : EventManager : Event: ======'player_turn_started'====== Args={'player': <Player 1>, 'number': 1}
2025-10-24 11:58:06,918 : INFO : EventManager : Event: ======'ball_will_start'====== Args={'player': 1, 'ball': 1, 'balls_remaining': 2, 'is_extra_ball': False}
2025-10-24 11:58:06,924 : INFO : EventManager : Event: ======'ball_starting'====== Args={'player': 1, 'ball': 1, 'balls_remaining': 2, 'is_extra_ball': False}
2025-10-24 11:58:06,924 : INFO : drop_target_bank.right_bank : 3 targets are down. Will reset those.
2025-10-24 11:58:06,924 : INFO : coil.c_drop_target_right : Pulsing Driver for 10ms (1.0 pulse_power)
2025-10-24 11:58:06,924 : INFO : drop_target_bank.left_bank : 3 targets are down. Will reset those.
2025-10-24 11:58:06,925 : INFO : EventManager : Event: ======'balls_in_play'====== Args={'balls': 1}
2025-10-24 11:58:06,925 : INFO : EventManager : Event: ======'ball_started'====== Args={'player': 1, 'ball': 1, 'balls_remaining': 2, 'is_extra_ball': False}
2025-10-24 11:58:06,925 : INFO : EventManager : Event: ======'mode_base_will_start'====== Args={'player': 1, 'ball': 1, 'balls_remaining': 2, 'is_extra_ball': False}
2025-10-24 11:58:06,927 : INFO : EventManager : Unordered handler for class <Auditor> on event game_ended with priority 1. Handlers: [RegisteredHandler(callback=<bound method Auditor.disable of <Auditor>>, priority=1, kwargs={}, key=UUID('960d1608-988e-41b9-8047-54d43188e0f1'), condition=None, blocking_facility=None), RegisteredHandler(callback=<bound method Auditor._save_audits of <Auditor>>, priority=1, kwargs={}, key=UUID('7ee17f70-dbfd-41ea-8d25-c3214279750d'), condition=None, blocking_facility=None)]. The order of those handlers is not defined and they will be executed in random order. This might lead to race conditions and potential bugs.
2025-10-24 11:58:06,929 : INFO : EventManager : Unordered handler for class <Auditor> on event game_ended with priority 1. Handlers: [RegisteredHandler(callback=<bound method Auditor.disable of <Auditor>>, priority=1, kwargs={}, key=UUID('960d1608-988e-41b9-8047-54d43188e0f1'), condition=None, blocking_facility=None), RegisteredHandler(callback=<bound method Auditor._save_audits of <Auditor>>, priority=1, kwargs={}, key=UUID('7ee17f70-dbfd-41ea-8d25-c3214279750d'), condition=None, blocking_facility=None)]. The order of those handlers is not defined and they will be executed in random order. This might lead to race conditions and potential bugs.
2025-10-24 11:58:06,929 : INFO : EventManager : Event: ======'mode_base_starting'====== Args={'player': 1, 'ball': 1, 'balls_remaining': 2, 'is_extra_ball': False}
2025-10-24 11:58:06,929 : INFO : EventManager : Event: ======'ball_save_default_ball_save_timer_start'====== Args={}
2025-10-24 11:58:06,929 : INFO : EventManager : Event: ======'ball_save_default_ball_save_enabled'====== Args={}
2025-10-24 11:58:06,930 : INFO : EventManager : Event: ======'logicblock_first_ball_check_updated'====== Args={'value': 0, 'enabled': True}
2025-10-24 11:58:06,930 : INFO : EventManager : Event: ======'logicblock_first_ball_check_updated'====== Args={'value': 0, 'enabled': True}
2025-10-24 11:58:06,930 : INFO : Mode.base : Started. Priority: 50
2025-10-24 11:58:06,930 : INFO : EventManager : Event: ======'modes_active_modes_changed'====== Args={}
2025-10-24 11:58:06,930 : INFO : EventManager : Event: ======'mode_base_started'====== Args={'player': 1, 'ball': 1, 'balls_remaining': 2, 'is_extra_ball': False}
2025-10-24 11:58:06,930 : INFO : EventManager : Event: ======'single_player_ball_started'====== Args={}
2025-10-24 11:58:06,930 : INFO : coil.c_drop_target_left : Pulsing Driver for 10ms (1.0 pulse_power)
2025-10-24 11:58:06,930 : INFO : EventManager : Event: ======'check_base_music'====== Args={'priority': 0}
2025-10-24 11:58:06,931 : INFO : EventManager : Event: ======'ball_start_target'====== Args={'target': 'playfield'}
2025-10-24 11:58:06,943 : INFO : ball_device.bd_trough : Setting up player-controlled eject. Balls: 1, Target: <playfield.playfield>, player_controlled_eject_event: None
2025-10-24 11:58:06,943 : INFO : ball_device.bd_trough : Adding 1 ball(s) to the eject_queue with target <playfield.playfield>.
2025-10-24 11:58:06,943 : INFO : EventManager : Event: ======'balldevice_balls_available'====== Args={}
2025-10-24 11:58:06,945 : INFO : ball_device.bd_trough : State: waiting_for_target_ready
2025-10-24 11:58:06,945 : INFO : EventManager : Event: ======'balldevice_bd_trough_ball_eject_attempt'====== Args={'balls': 1, 'target': <playfield.playfield>, 'source': <ball_device.bd_trough>, 'mechanical_eject': False, 'num_attempts': 0}
2025-10-24 11:58:06,945 : INFO : ball_device.bd_trough : State: ejecting
2025-10-24 11:58:06,945 : INFO : ball_device.bd_trough : Ejecting ball to <playfield.playfield>
2025-10-24 11:58:06,945 : INFO : EventManager : Event: ======'balldevice_bd_trough_ejecting_ball'====== Args={'balls': 1, 'target': <playfield.playfield>, 'source': <ball_device.bd_trough>, 'mechanical_eject': False, 'num_attempts': 0}
2025-10-24 11:58:06,946 : INFO : ball_device.bd_trough : Wait for ball to leave device
2025-10-24 11:58:06,947 : INFO : coil.c_trough_eject : Pulsing Driver for 50ms (1.0 pulse_power)
2025-10-24 11:58:06,969 : INFO : SwitchController : <<<<<<< 's_right_bank_target_right' inactive (muted) >>>>>>>
2025-10-24 11:58:07,015 : INFO : SwitchController : <<<<<<< 's_right_bank_target_middle' inactive (muted) >>>>>>>
2025-10-24 11:58:07,031 : INFO : SwitchController : <<<<<<< 's_left_bank_target_middle' inactive (muted) >>>>>>>
2025-10-24 11:58:07,046 : INFO : SwitchController : <<<<<<< 's_right_bank_target_left' inactive (muted) >>>>>>>
2025-10-24 11:58:07,062 : INFO : SwitchController : <<<<<<< 's_left_bank_target_left' inactive (muted) >>>>>>>
2025-10-24 11:58:07,078 : INFO : SwitchController : <<<<<<< 's_left_bank_target_right' inactive (muted) >>>>>>>
2025-10-24 11:58:07,125 : INFO : SwitchController : <<<<<<< 's_right_bank_target_right' active (muted) >>>>>>>
2025-10-24 11:58:07,125 : INFO : EventManager : Event: ======'machine_var_audits_switches_s_right_bank_target_right'====== Args={'value': 3, 'prev_value': 2, 'change': 1}
2025-10-24 11:58:07,132 : INFO : SwitchController : <<<<<<< 's_trough' inactive >>>>>>>
2025-10-24 11:58:07,137 : INFO : SwitchController : <<<<<<< 's_left_bank_target_middle' active (muted) >>>>>>>
2025-10-24 11:58:07,137 : INFO : EventManager : Event: ======'machine_var_audits_switches_s_left_bank_target_middle'====== Args={'value': 3, 'prev_value': 2, 'change': 1}
2025-10-24 11:58:07,143 : INFO : ball_device.bd_trough : State: ball_left
2025-10-24 11:58:07,143 : INFO : ball_device.bd_trough : Ball left
2025-10-24 11:58:07,143 : INFO : ball_device.bd_trough : Wait for confirm with timeout 10.0
2025-10-24 11:58:07,171 : INFO : SwitchController : <<<<<<< 's_left_bank_target_left' active (muted) >>>>>>>
2025-10-24 11:58:07,171 : INFO : EventManager : Event: ======'machine_var_audits_switches_s_left_bank_target_left'====== Args={'value': 3, 'prev_value': 2, 'change': 1}
2025-10-24 11:58:07,187 : INFO : SwitchController : <<<<<<< 's_left_bank_target_right' active (muted) >>>>>>>
2025-10-24 11:58:07,187 : INFO : EventManager : Event: ======'machine_var_audits_switches_s_left_bank_target_right'====== Args={'value': 3, 'prev_value': 2, 'change': 1}
2025-10-24 11:58:07,423 : INFO : EventManager : Event: ======'drop_target_s_right_bank_target_left_up'====== Args={'device': <drop_target.s_right_bank_target_left>}
2025-10-24 11:58:07,423 : INFO : EventManager : Event: ======'drop_target_s_right_bank_target_middle_up'====== Args={'device': <drop_target.s_right_bank_target_middle>}
2025-10-24 11:58:07,423 : INFO : EventManager : Event: ======'drop_target_bank_right_bank_mixed'====== Args={'prev_value': <DropTargetBankState.UP: 'up'>, 'down': 1}
2025-10-24 11:58:07,438 : INFO : EventManager : Event: ======'drop_target_bank_left_bank_down'====== Args={}
2025-10-24 11:58:07,438 : INFO : drop_target_bank.left_bank : 3 targets are down. Will reset those.
2025-10-24 11:58:07,438 : INFO : coil.c_drop_target_left : Pulsing Driver for 10ms (1.0 pulse_power)
2025-10-24 11:58:07,500 : INFO : SwitchController : <<<<<<< 's_left_bank_target_left' inactive (muted) >>>>>>>
2025-10-24 11:58:07,507 : INFO : SwitchController : <<<<<<< 's_left_bank_target_right' inactive (muted) >>>>>>>
2025-10-24 11:58:07,516 : INFO : SwitchController : <<<<<<< 's_left_bank_target_middle' inactive (muted) >>>>>>>
2025-10-24 11:58:07,547 : INFO : SwitchController : <<<<<<< 's_left_bank_target_middle' active (muted) >>>>>>>
2025-10-24 11:58:07,547 : INFO : EventManager : Event: ======'machine_var_audits_switches_s_left_bank_target_middle'====== Args={'value': 4, 'prev_value': 3, 'change': 1}
2025-10-24 11:58:07,554 : INFO : SwitchController : <<<<<<< 's_left_bank_target_left' active (muted) >>>>>>>
2025-10-24 11:58:07,554 : INFO : EventManager : Event: ======'machine_var_audits_switches_s_left_bank_target_left'====== Args={'value': 4, 'prev_value': 3, 'change': 1}
2025-10-24 11:58:07,563 : INFO : SwitchController : <<<<<<< 's_left_bank_target_right' active (muted) >>>>>>>
2025-10-24 11:58:07,563 : INFO : EventManager : Event: ======'machine_var_audits_switches_s_left_bank_target_right'====== Args={'value': 4, 'prev_value': 3, 'change': 1}
2025-10-24 11:58:11,186 : INFO : SwitchController : <<<<<<< 's_middle_upper_rollovers' active >>>>>>>
2025-10-24 11:58:11,186 : INFO : EventManager : Event: ======'machine_var_audits_switches_s_middle_upper_rollovers'====== Args={'value': 1, 'prev_value': 0, 'change': 1}
2025-10-24 11:58:11,264 : INFO : SwitchController : <<<<<<< 's_middle_upper_rollovers' inactive >>>>>>>
2025-10-24 11:58:12,345 : INFO : SwitchController : <<<<<<< 's_middle_skill_lane' active >>>>>>>
2025-10-24 11:58:12,345 : INFO : EventManager : Event: ======'s_middle_skill_lane_active'====== Args={}
2025-10-24 11:58:12,345 : INFO : EventManager : Event: ======'machine_var_audits_switches_s_middle_skill_lane'====== Args={'value': 1, 'prev_value': 0, 'change': 1}
2025-10-24 11:58:12,347 : INFO : EventManager : Event: ======'play_skilllane_quote_6'====== Args={}
2025-10-24 11:58:12,348 : INFO : EventManager : Event: ======'player_score'====== Args={'value': 500, 'prev_value': 0, 'change': 500, 'player_num': 1, 'source': 'base'}
2025-10-24 11:58:12,408 : INFO : SwitchController : <<<<<<< 's_middle_skill_lane' inactive >>>>>>>
2025-10-24 11:58:12,939 : INFO : SwitchController : <<<<<<< 's_pop_bumper_bottom' active >>>>>>>
2025-10-24 11:58:12,939 : INFO : EventManager : Event: ======'s_pop_bumper_bottom_active'====== Args={}
2025-10-24 11:58:12,939 : INFO : EventManager : Event: ======'machine_var_audits_switches_s_pop_bumper_bottom'====== Args={'value': 1, 'prev_value': 0, 'change': 1}
2025-10-24 11:58:12,940 : INFO : EventManager : Event: ======'player_score'====== Args={'value': 600, 'prev_value': 500, 'change': 100, 'player_num': 1, 'source': 'base'}
2025-10-24 11:58:12,946 : INFO : SwitchController : <<<<<<< 's_pop_bumper_bottom' inactive >>>>>>>
2025-10-24 11:58:14,028 : INFO : SwitchController : <<<<<<< 's_left_lower_bumper' active >>>>>>>
2025-10-24 11:58:14,028 : INFO : EventManager : Event: ======'s_left_lower_bumper_active'====== Args={}
2025-10-24 11:58:14,028 : INFO : EventManager : Event: ======'machine_var_audits_switches_s_left_lower_bumper'====== Args={'value': 1, 'prev_value': 0, 'change': 1}
2025-10-24 11:58:14,029 : INFO : EventManager : Event: ======'player_score'====== Args={'value': 610, 'prev_value': 600, 'change': 10, 'player_num': 1, 'source': 'base'}
2025-10-24 11:58:14,037 : INFO : SwitchController : <<<<<<< 's_left_lower_bumper' inactive >>>>>>>
2025-10-24 11:58:14,745 : INFO : SwitchController : <<<<<<< 's_right_sling' active >>>>>>>
2025-10-24 11:58:14,745 : INFO : EventManager : Event: ======'s_right_sling_active'====== Args={}
2025-10-24 11:58:14,745 : INFO : EventManager : Event: ======'machine_var_audits_switches_s_right_sling'====== Args={'value': 1, 'prev_value': 0, 'change': 1}
2025-10-24 11:58:14,746 : INFO : EventManager : Event: ======'player_score'====== Args={'value': 620, 'prev_value': 610, 'change': 10, 'player_num': 1, 'source': 'base'}
2025-10-24 11:58:14,776 : INFO : SwitchController : <<<<<<< 's_right_sling' inactive >>>>>>>
2025-10-24 11:58:16,930 : INFO : EventManager : Event: ======'ball_save_default_ball_save_hurry_up'====== Args={}
2025-10-24 11:58:16,930 : INFO : EventManager : Event: ======'ball_save_default_ball_save_disabled'====== Args={}
2025-10-24 11:58:17,133 : INFO : ball_device.bd_trough : State: failed_confirm
2025-10-24 11:58:17,134 : INFO : ball_device.bd_trough : Got timeout (10.0s) before confirm from <playfield.playfield>
2025-10-24 11:58:17,226 : INFO : ball_device.bd_trough : Confirming eject because target is playfield and ball did not return.
2025-10-24 11:58:17,226 : INFO : ball_device.bd_trough : Eject successful
2025-10-24 11:58:17,226 : INFO : EventManager : Event: ======'balldevice_bd_trough_ball_eject_success'====== Args={'balls': 1, 'target': <playfield.playfield>}
2025-10-24 11:58:17,226 : INFO : EventManager : Event: ======'balldevice_playfield_ball_enter'====== Args={'new_balls': 1, 'unclaimed_balls': 1, 'device': <playfield.playfield>}
2025-10-24 11:58:17,226 : INFO : EventManager : Event: ======'playfield_ball_count_change'====== Args={'balls': 1, 'change': 1}
2025-10-24 11:58:17,227 : INFO : EventManager : Event: ======'balldevice_bd_trough_ball_count_changed'====== Args={'balls': 0}
2025-10-24 11:58:17,227 : INFO : ball_device.bd_trough : State: idle
2025-10-24 11:58:17,319 : INFO : SwitchController : <<<<<<< 's_trough' active >>>>>>>
2025-10-24 11:58:17,319 : INFO : EventManager : Event: ======'machine_var_audits_switches_s_trough'====== Args={'value': 7, 'prev_value': 6, 'change': 1}
2025-10-24 11:58:17,334 : INFO : SwitchController : <<<<<<< 's_trough' inactive >>>>>>>
2025-10-24 11:58:17,350 : INFO : SwitchController : <<<<<<< 's_trough' active >>>>>>>
2025-10-24 11:58:17,350 : INFO : EventManager : Event: ======'machine_var_audits_switches_s_trough'====== Args={'value': 8, 'prev_value': 7, 'change': 1}
2025-10-24 11:58:17,864 : INFO : EventManager : Event: ======'balldevice_bd_trough_ball_count_changed'====== Args={'balls': 1}
2025-10-24 11:58:17,864 : INFO : ball_device.bd_trough : Received unexpected ball
2025-10-24 11:58:17,864 : INFO : EventManager : Event: ======'balldevice_captured_from_playfield'====== Args={'balls': 1}
2025-10-24 11:58:17,864 : INFO : EventManager : Event: ======'sw_playfield_active'====== Args={'balls': 1}
2025-10-24 11:58:17,865 : INFO : EventManager : Event: ======'playfield_ball_count_change'====== Args={'balls': 0, 'change': -1}
2025-10-24 11:58:17,865 : INFO : EventManager : Event: ======'balldevice_bd_trough_ball_enter'====== Args={'new_balls': 1, 'unclaimed_balls': 1, 'new_available_balls': 1, 'device': <ball_device.bd_trough>}
2025-10-24 11:58:17,866 : INFO : EventManager : Event: ======'ball_drain'====== Args={'device': <ball_device.bd_trough>, 'balls': 1}
2025-10-24 11:58:17,867 : INFO : EventManager : Event: ======'ball_will_end'====== Args={}
2025-10-24 11:58:17,867 : INFO : EventManager : Event: ======'balldevice_balls_available'====== Args={}
2025-10-24 11:58:17,867 : INFO : EventManager : Event: ======'balldevice_bd_trough_ball_entered'====== Args={'new_balls': 1, 'device': <ball_device.bd_trough>}
2025-10-24 11:58:17,868 : INFO : EventManager : Event: ======'ball_ending'====== Args={}
2025-10-24 11:58:17,868 : INFO : EventManager : Event: ======'mode_base_will_stop'====== Args={}
2025-10-24 11:58:17,868 : INFO : EventManager : Event: ======'mode_base_stopping'====== Args={}
2025-10-24 11:58:17,868 : INFO : EventManager : Event: ======'stop_base_music'====== Args={'priority': 0}
2025-10-24 11:58:17,869 : INFO : Mode.base : Stopped.
2025-10-24 11:58:17,869 : INFO : EventManager : Event: ======'modes_active_modes_changed'====== Args={}
2025-10-24 11:58:17,869 : INFO : EventManager : Event: ======'mode_base_stopped'====== Args={}
2025-10-24 11:58:17,869 : INFO : EventManager : Event: ======'clear'====== Args={'key': 'base'}
2025-10-24 11:58:17,883 : INFO : EventManager : Event: ======'ball_ended'====== Args={}
2025-10-24 11:58:17,883 : INFO : EventManager : Event: ======'player_turn_will_end'====== Args={'player': <Player 1>, 'number': 1}
2025-10-24 11:58:17,888 : INFO : EventManager : Event: ======'player_turn_ending'====== Args={'player': <Player 1>, 'number': 1}
2025-10-24 11:58:17,888 : INFO : EventManager : Event: ======'player_turn_ended'====== Args={'player': <Player 1>, 'number': 1}
2025-10-24 11:58:17,890 : INFO : EventManager : Event: ======'player_turn_will_start'====== Args={'player': <Player 1>, 'number': 1}
2025-10-24 11:58:17,890 : INFO : EventManager : Event: ======'player_turn_starting'====== Args={'player': <Player 1>, 'number': 1}
2025-10-24 11:58:17,890 : INFO : EventManager : Event: ======'player_ball'====== Args={'value': 2, 'prev_value': 1, 'change': 1, 'player_num': 1}
2025-10-24 11:58:17,891 : INFO : EventManager : Event: ======'player_turn_started'====== Args={'player': <Player 1>, 'number': 1}
2025-10-24 11:58:17,891 : INFO : EventManager : Event: ======'ball_will_start'====== Args={'player': 1, 'ball': 2, 'balls_remaining': 1, 'is_extra_ball': False}
2025-10-24 11:58:17,895 : INFO : EventManager : Event: ======'ball_starting'====== Args={'player': 1, 'ball': 2, 'balls_remaining': 1, 'is_extra_ball': False}
2025-10-24 11:58:17,896 : INFO : drop_target_bank.right_bank : 1 targets are down. Will reset those.
2025-10-24 11:58:17,896 : INFO : coil.c_drop_target_right : Pulsing Driver for 10ms (1.0 pulse_power)
2025-10-24 11:58:17,896 : INFO : drop_target_bank.left_bank : 3 targets are down. Will reset those.
2025-10-24 11:58:17,896 : INFO : EventManager : Event: ======'balls_in_play'====== Args={'balls': 1}
2025-10-24 11:58:17,898 : INFO : EventManager : Event: ======'ball_started'====== Args={'player': 1, 'ball': 2, 'balls_remaining': 1, 'is_extra_ball': False}
2025-10-24 11:58:17,898 : INFO : EventManager : Event: ======'mode_base_will_start'====== Args={'player': 1, 'ball': 2, 'balls_remaining': 1, 'is_extra_ball': False}
2025-10-24 11:58:17,898 : INFO : EventManager : Unordered handler for class <Auditor> on event game_ended with priority 1. Handlers: [RegisteredHandler(callback=<bound method Auditor.disable of <Auditor>>, priority=1, kwargs={}, key=UUID('960d1608-988e-41b9-8047-54d43188e0f1'), condition=None, blocking_facility=None), RegisteredHandler(callback=<bound method Auditor._save_audits of <Auditor>>, priority=1, kwargs={}, key=UUID('7ee17f70-dbfd-41ea-8d25-c3214279750d'), condition=None, blocking_facility=None)]. The order of those handlers is not defined and they will be executed in random order. This might lead to race conditions and potential bugs.
2025-10-24 11:58:17,901 : INFO : EventManager : Unordered handler for class <Auditor> on event game_ended with priority 1. Handlers: [RegisteredHandler(callback=<bound method Auditor.disable of <Auditor>>, priority=1, kwargs={}, key=UUID('960d1608-988e-41b9-8047-54d43188e0f1'), condition=None, blocking_facility=None), RegisteredHandler(callback=<bound method Auditor._save_audits of <Auditor>>, priority=1, kwargs={}, key=UUID('7ee17f70-dbfd-41ea-8d25-c3214279750d'), condition=None, blocking_facility=None)]. The order of those handlers is not defined and they will be executed in random order. This might lead to race conditions and potential bugs.
2025-10-24 11:58:17,901 : INFO : EventManager : Event: ======'mode_base_starting'====== Args={'player': 1, 'ball': 2, 'balls_remaining': 1, 'is_extra_ball': False}
2025-10-24 11:58:17,901 : INFO : EventManager : Event: ======'ball_save_default_ball_save_timer_start'====== Args={}
2025-10-24 11:58:17,902 : INFO : EventManager : Event: ======'ball_save_default_ball_save_enabled'====== Args={}
2025-10-24 11:58:17,902 : INFO : EventManager : Event: ======'logicblock_first_ball_check_updated'====== Args={'value': 0, 'enabled': True}
2025-10-24 11:58:17,902 : INFO : EventManager : Event: ======'logicblock_first_ball_check_updated'====== Args={'value': 0, 'enabled': True}
2025-10-24 11:58:17,902 : INFO : Mode.base : Started. Priority: 50
2025-10-24 11:58:17,902 : INFO : EventManager : Event: ======'modes_active_modes_changed'====== Args={}
2025-10-24 11:58:17,902 : INFO : EventManager : Event: ======'mode_base_started'====== Args={'player': 1, 'ball': 2, 'balls_remaining': 1, 'is_extra_ball': False}
2025-10-24 11:58:17,902 : INFO : EventManager : Event: ======'single_player_ball_started'====== Args={}
2025-10-24 11:58:17,903 : INFO : EventManager : Event: ======'check_base_music'====== Args={'priority': 0}
2025-10-24 11:58:17,903 : INFO : EventManager : Event: ======'ball_start_target'====== Args={'target': 'playfield'}
2025-10-24 11:58:17,915 : INFO : ball_device.bd_trough : Setting up player-controlled eject. Balls: 1, Target: <playfield.playfield>, player_controlled_eject_event: None
2025-10-24 11:58:17,915 : INFO : ball_device.bd_trough : Adding 1 ball(s) to the eject_queue with target <playfield.playfield>.
2025-10-24 11:58:17,915 : INFO : EventManager : Event: ======'balldevice_balls_available'====== Args={}
2025-10-24 11:58:17,916 : INFO : coil.c_drop_target_left : Pulsing Driver for 10ms (1.0 pulse_power)
2025-10-24 11:58:17,918 : INFO : ball_device.bd_trough : State: waiting_for_target_ready
2025-10-24 11:58:17,918 : INFO : EventManager : Event: ======'balldevice_bd_trough_ball_eject_attempt'====== Args={'balls': 1, 'target': <playfield.playfield>, 'source': <ball_device.bd_trough>, 'mechanical_eject': False, 'num_attempts': 0}
2025-10-24 11:58:17,918 : INFO : ball_device.bd_trough : State: ejecting
2025-10-24 11:58:17,918 : INFO : ball_device.bd_trough : Ejecting ball to <playfield.playfield>
2025-10-24 11:58:17,918 : INFO : EventManager : Event: ======'balldevice_bd_trough_ejecting_ball'====== Args={'balls': 1, 'target': <playfield.playfield>, 'source': <ball_device.bd_trough>, 'mechanical_eject': False, 'num_attempts': 0}
2025-10-24 11:58:17,919 : INFO : ball_device.bd_trough : Wait for ball to leave device
2025-10-24 11:58:17,941 : INFO : coil.c_trough_eject : Pulsing Driver for 50ms (1.0 pulse_power)
2025-10-24 11:58:17,941 : INFO : SwitchController : <<<<<<< 's_right_bank_target_right' inactive (muted) >>>>>>>
2025-10-24 11:58:18,004 : INFO : SwitchController : <<<<<<< 's_left_bank_target_left' inactive (muted) >>>>>>>
2025-10-24 11:58:18,019 : INFO : SwitchController : <<<<<<< 's_left_bank_target_right' inactive (muted) >>>>>>>
2025-10-24 11:58:18,024 : INFO : SwitchController : <<<<<<< 's_left_bank_target_middle' inactive (muted) >>>>>>>
2025-10-24 11:58:18,050 : INFO : SwitchController : <<<<<<< 's_right_bank_target_right' active (muted) >>>>>>>
2025-10-24 11:58:18,050 : INFO : EventManager : Event: ======'machine_var_audits_switches_s_right_bank_target_right'====== Args={'value': 4, 'prev_value': 3, 'change': 1}
2025-10-24 11:58:18,056 : INFO : SwitchController : <<<<<<< 's_left_bank_target_middle' active (muted) >>>>>>>
2025-10-24 11:58:18,056 : INFO : EventManager : Event: ======'machine_var_audits_switches_s_left_bank_target_middle'====== Args={'value': 5, 'prev_value': 4, 'change': 1}
2025-10-24 11:58:18,081 : INFO : SwitchController : <<<<<<< 's_trough' inactive >>>>>>>
2025-10-24 11:58:18,087 : INFO : SwitchController : <<<<<<< 's_left_bank_target_left' active (muted) >>>>>>>
2025-10-24 11:58:18,087 : INFO : EventManager : Event: ======'machine_var_audits_switches_s_left_bank_target_left'====== Args={'value': 5, 'prev_value': 4, 'change': 1}
2025-10-24 11:58:18,092 : INFO : ball_device.bd_trough : State: ball_left
2025-10-24 11:58:18,092 : INFO : ball_device.bd_trough : Ball left
2025-10-24 11:58:18,093 : INFO : ball_device.bd_trough : Wait for confirm with timeout 10.0
2025-10-24 11:58:18,093 : INFO : SwitchController : <<<<<<< 's_left_bank_target_right' active (muted) >>>>>>>
2025-10-24 11:58:18,093 : INFO : EventManager : Event: ======'machine_var_audits_switches_s_left_bank_target_right'====== Args={'value': 5, 'prev_value': 4, 'change': 1}
2025-10-24 11:58:18,112 : INFO : SwitchController : <<<<<<< 's_right_bank_target_left' active (muted) >>>>>>>
2025-10-24 11:58:18,112 : INFO : EventManager : Event: ======'machine_var_audits_switches_s_right_bank_target_left'====== Args={'value': 3, 'prev_value': 2, 'change': 1}
2025-10-24 11:58:18,391 : INFO : EventManager : Event: ======'drop_target_s_right_bank_target_left_down'====== Args={'device': <drop_target.s_right_bank_target_left>}
2025-10-24 11:58:18,391 : INFO : EventManager : Event: ======'drop_target_bank_right_bank_mixed'====== Args={'prev_value': <DropTargetBankState.MIXED: 'mixed'>, 'down': 2}
2025-10-24 11:58:24,962 : INFO : SwitchController : <<<<<<< 's_middle_upper_rollovers' active >>>>>>>
2025-10-24 11:58:24,962 : INFO : EventManager : Event: ======'machine_var_audits_switches_s_middle_upper_rollovers'====== Args={'value': 2, 'prev_value': 1, 'change': 1}
2025-10-24 11:58:25,040 : INFO : SwitchController : <<<<<<< 's_middle_upper_rollovers' inactive >>>>>>>
2025-10-24 11:58:27,084 : INFO : SwitchController : <<<<<<< 's_middle_skill_lane' active >>>>>>>
2025-10-24 11:58:27,084 : INFO : EventManager : Event: ======'s_middle_skill_lane_active'====== Args={}
2025-10-24 11:58:27,084 : INFO : EventManager : Event: ======'machine_var_audits_switches_s_middle_skill_lane'====== Args={'value': 2, 'prev_value': 1, 'change': 1}
2025-10-24 11:58:27,085 : INFO : EventManager : Event: ======'play_skilllane_quote_4'====== Args={}
2025-10-24 11:58:27,085 : INFO : EventManager : Event: ======'player_score'====== Args={'value': 1120, 'prev_value': 620, 'change': 500, 'player_num': 1, 'source': 'base'}
2025-10-24 11:58:27,241 : INFO : SwitchController : <<<<<<< 's_middle_skill_lane' inactive >>>>>>>
2025-10-24 11:58:27,894 : INFO : EventManager : Event: ======'ball_save_default_ball_save_grace_period'====== Args={}
2025-10-24 11:58:27,894 : INFO : EventManager : Event: ======'ball_save_default_ball_save_hurry_up'====== Args={}
2025-10-24 11:58:27,894 : INFO : EventManager : Event: ======'ball_save_default_ball_save_disabled'====== Args={}
2025-10-24 11:58:27,971 : INFO : SwitchController : <<<<<<< 's_pop_bumper_bottom' active >>>>>>>
2025-10-24 11:58:27,971 : INFO : EventManager : Event: ======'s_pop_bumper_bottom_active'====== Args={}
2025-10-24 11:58:27,971 : INFO : EventManager : Event: ======'machine_var_audits_switches_s_pop_bumper_bottom'====== Args={'value': 2, 'prev_value': 1, 'change': 1}
2025-10-24 11:58:27,972 : INFO : EventManager : Event: ======'player_score'====== Args={'value': 1220, 'prev_value': 1120, 'change': 100, 'player_num': 1, 'source': 'base'}
2025-10-24 11:58:27,979 : INFO : SwitchController : <<<<<<< 's_pop_bumper_bottom' inactive >>>>>>>
2025-10-24 11:58:28,095 : INFO : ball_device.bd_trough : State: failed_confirm
2025-10-24 11:58:28,095 : INFO : ball_device.bd_trough : Got timeout (10.0s) before confirm from <playfield.playfield>
2025-10-24 11:58:28,189 : INFO : ball_device.bd_trough : Confirming eject because target is playfield and ball did not return.
2025-10-24 11:58:28,189 : INFO : ball_device.bd_trough : Eject successful
2025-10-24 11:58:28,189 : INFO : EventManager : Event: ======'balldevice_bd_trough_ball_eject_success'====== Args={'balls': 1, 'target': <playfield.playfield>}
2025-10-24 11:58:28,189 : INFO : EventManager : Event: ======'balldevice_playfield_ball_enter'====== Args={'new_balls': 1, 'unclaimed_balls': 1, 'device': <playfield.playfield>}
2025-10-24 11:58:28,189 : INFO : EventManager : Event: ======'playfield_ball_count_change'====== Args={'balls': 1, 'change': 1}
2025-10-24 11:58:28,191 : INFO : EventManager : Event: ======'balldevice_bd_trough_ball_count_changed'====== Args={'balls': 0}
2025-10-24 11:58:28,191 : INFO : ball_device.bd_trough : State: idle
2025-10-24 11:58:29,562 : INFO : SwitchController : <<<<<<< 's_right_sling' active >>>>>>>
2025-10-24 11:58:29,562 : INFO : EventManager : Event: ======'s_right_sling_active'====== Args={}
2025-10-24 11:58:29,562 : INFO : EventManager : Event: ======'machine_var_audits_switches_s_right_sling'====== Args={'value': 2, 'prev_value': 1, 'change': 1}
2025-10-24 11:58:29,562 : INFO : EventManager : Event: ======'player_score'====== Args={'value': 1230, 'prev_value': 1220, 'change': 10, 'player_num': 1, 'source': 'base'}
2025-10-24 11:58:29,626 : INFO : SwitchController : <<<<<<< 's_right_sling' inactive >>>>>>>
2025-10-24 11:58:32,591 : INFO : SwitchController : <<<<<<< 's_trough' active >>>>>>>
2025-10-24 11:58:32,591 : INFO : EventManager : Event: ======'machine_var_audits_switches_s_trough'====== Args={'value': 9, 'prev_value': 8, 'change': 1}
2025-10-24 11:58:32,606 : INFO : SwitchController : <<<<<<< 's_trough' inactive >>>>>>>
2025-10-24 11:58:32,653 : INFO : SwitchController : <<<<<<< 's_trough' active >>>>>>>
2025-10-24 11:58:32,653 : INFO : EventManager : Event: ======'machine_var_audits_switches_s_trough'====== Args={'value': 10, 'prev_value': 9, 'change': 1}
2025-10-24 11:58:33,151 : INFO : EventManager : Event: ======'balldevice_bd_trough_ball_count_changed'====== Args={'balls': 1}
2025-10-24 11:58:33,151 : INFO : ball_device.bd_trough : Received unexpected ball
2025-10-24 11:58:33,152 : INFO : EventManager : Event: ======'balldevice_captured_from_playfield'====== Args={'balls': 1}
2025-10-24 11:58:33,152 : INFO : EventManager : Event: ======'sw_playfield_active'====== Args={'balls': 1}
2025-10-24 11:58:33,152 : INFO : EventManager : Event: ======'playfield_ball_count_change'====== Args={'balls': 0, 'change': -1}
2025-10-24 11:58:33,153 : INFO : EventManager : Event: ======'balldevice_bd_trough_ball_enter'====== Args={'new_balls': 1, 'unclaimed_balls': 1, 'new_available_balls': 1, 'device': <ball_device.bd_trough>}
2025-10-24 11:58:33,153 : INFO : EventManager : Event: ======'ball_drain'====== Args={'device': <ball_device.bd_trough>, 'balls': 1}
2025-10-24 11:58:33,153 : INFO : EventManager : Event: ======'ball_will_end'====== Args={}
2025-10-24 11:58:33,153 : INFO : EventManager : Event: ======'balldevice_balls_available'====== Args={}
2025-10-24 11:58:33,154 : INFO : EventManager : Event: ======'balldevice_bd_trough_ball_entered'====== Args={'new_balls': 1, 'device': <ball_device.bd_trough>}
2025-10-24 11:58:33,154 : INFO : EventManager : Event: ======'ball_ending'====== Args={}
2025-10-24 11:58:33,155 : INFO : EventManager : Event: ======'mode_base_will_stop'====== Args={}
2025-10-24 11:58:33,155 : INFO : EventManager : Event: ======'mode_base_stopping'====== Args={}
2025-10-24 11:58:33,155 : INFO : EventManager : Event: ======'stop_base_music'====== Args={'priority': 0}
2025-10-24 11:58:33,155 : INFO : Mode.base : Stopped.
2025-10-24 11:58:33,155 : INFO : EventManager : Event: ======'modes_active_modes_changed'====== Args={}
2025-10-24 11:58:33,155 : INFO : EventManager : Event: ======'mode_base_stopped'====== Args={}
2025-10-24 11:58:33,155 : INFO : EventManager : Event: ======'clear'====== Args={'key': 'base'}
2025-10-24 11:58:33,168 : INFO : EventManager : Event: ======'ball_ended'====== Args={}
2025-10-24 11:58:33,169 : INFO : EventManager : Event: ======'player_turn_will_end'====== Args={'player': <Player 1>, 'number': 1}
2025-10-24 11:58:33,173 : INFO : EventManager : Event: ======'player_turn_ending'====== Args={'player': <Player 1>, 'number': 1}
2025-10-24 11:58:33,174 : INFO : EventManager : Event: ======'player_turn_ended'====== Args={'player': <Player 1>, 'number': 1}
2025-10-24 11:58:33,174 : INFO : EventManager : Event: ======'player_turn_will_start'====== Args={'player': <Player 1>, 'number': 1}
2025-10-24 11:58:33,175 : INFO : EventManager : Event: ======'player_turn_starting'====== Args={'player': <Player 1>, 'number': 1}
2025-10-24 11:58:33,175 : INFO : EventManager : Event: ======'player_ball'====== Args={'value': 3, 'prev_value': 2, 'change': 1, 'player_num': 1}
2025-10-24 11:58:33,176 : INFO : EventManager : Event: ======'player_turn_started'====== Args={'player': <Player 1>, 'number': 1}
2025-10-24 11:58:33,176 : INFO : EventManager : Event: ======'ball_will_start'====== Args={'player': 1, 'ball': 3, 'balls_remaining': 0, 'is_extra_ball': False}
2025-10-24 11:58:33,181 : INFO : EventManager : Event: ======'ball_starting'====== Args={'player': 1, 'ball': 3, 'balls_remaining': 0, 'is_extra_ball': False}
2025-10-24 11:58:33,182 : INFO : drop_target_bank.right_bank : 2 targets are down. Will reset those.
2025-10-24 11:58:33,182 : INFO : coil.c_drop_target_right : Pulsing Driver for 10ms (1.0 pulse_power)
2025-10-24 11:58:33,182 : INFO : drop_target_bank.left_bank : 3 targets are down. Will reset those.
2025-10-24 11:58:33,182 : INFO : EventManager : Event: ======'balls_in_play'====== Args={'balls': 1}
2025-10-24 11:58:33,182 : INFO : EventManager : Event: ======'ball_started'====== Args={'player': 1, 'ball': 3, 'balls_remaining': 0, 'is_extra_ball': False}
2025-10-24 11:58:33,183 : INFO : EventManager : Event: ======'mode_base_will_start'====== Args={'player': 1, 'ball': 3, 'balls_remaining': 0, 'is_extra_ball': False}
2025-10-24 11:58:33,183 : INFO : EventManager : Unordered handler for class <Auditor> on event game_ended with priority 1. Handlers: [RegisteredHandler(callback=<bound method Auditor.disable of <Auditor>>, priority=1, kwargs={}, key=UUID('960d1608-988e-41b9-8047-54d43188e0f1'), condition=None, blocking_facility=None), RegisteredHandler(callback=<bound method Auditor._save_audits of <Auditor>>, priority=1, kwargs={}, key=UUID('7ee17f70-dbfd-41ea-8d25-c3214279750d'), condition=None, blocking_facility=None)]. The order of those handlers is not defined and they will be executed in random order. This might lead to race conditions and potential bugs.
2025-10-24 11:58:33,186 : INFO : EventManager : Unordered handler for class <Auditor> on event game_ended with priority 1. Handlers: [RegisteredHandler(callback=<bound method Auditor.disable of <Auditor>>, priority=1, kwargs={}, key=UUID('960d1608-988e-41b9-8047-54d43188e0f1'), condition=None, blocking_facility=None), RegisteredHandler(callback=<bound method Auditor._save_audits of <Auditor>>, priority=1, kwargs={}, key=UUID('7ee17f70-dbfd-41ea-8d25-c3214279750d'), condition=None, blocking_facility=None)]. The order of those handlers is not defined and they will be executed in random order. This might lead to race conditions and potential bugs.
2025-10-24 11:58:33,186 : INFO : EventManager : Event: ======'mode_base_starting'====== Args={'player': 1, 'ball': 3, 'balls_remaining': 0, 'is_extra_ball': False}
2025-10-24 11:58:33,186 : INFO : EventManager : Event: ======'ball_save_default_ball_save_timer_start'====== Args={}
2025-10-24 11:58:33,186 : INFO : EventManager : Event: ======'ball_save_default_ball_save_enabled'====== Args={}
2025-10-24 11:58:33,187 : INFO : EventManager : Event: ======'logicblock_first_ball_check_updated'====== Args={'value': 0, 'enabled': True}
2025-10-24 11:58:33,187 : INFO : EventManager : Event: ======'logicblock_first_ball_check_updated'====== Args={'value': 0, 'enabled': True}
2025-10-24 11:58:33,187 : INFO : Mode.base : Started. Priority: 50
2025-10-24 11:58:33,187 : INFO : EventManager : Event: ======'modes_active_modes_changed'====== Args={}
2025-10-24 11:58:33,187 : INFO : EventManager : Event: ======'mode_base_started'====== Args={'player': 1, 'ball': 3, 'balls_remaining': 0, 'is_extra_ball': False}
2025-10-24 11:58:33,187 : INFO : EventManager : Event: ======'single_player_ball_started'====== Args={}
2025-10-24 11:58:33,187 : INFO : EventManager : Event: ======'check_base_music'====== Args={'priority': 0}
2025-10-24 11:58:33,188 : INFO : EventManager : Event: ======'ball_start_target'====== Args={'target': 'playfield'}
2025-10-24 11:58:33,201 : INFO : ball_device.bd_trough : Setting up player-controlled eject. Balls: 1, Target: <playfield.playfield>, player_controlled_eject_event: None
2025-10-24 11:58:33,201 : INFO : ball_device.bd_trough : Adding 1 ball(s) to the eject_queue with target <playfield.playfield>.
2025-10-24 11:58:33,202 : INFO : EventManager : Event: ======'balldevice_balls_available'====== Args={}
2025-10-24 11:58:33,202 : INFO : coil.c_drop_target_left : Pulsing Driver for 10ms (1.0 pulse_power)
2025-10-24 11:58:33,203 : INFO : ball_device.bd_trough : State: waiting_for_target_ready
2025-10-24 11:58:33,203 : INFO : EventManager : Event: ======'balldevice_bd_trough_ball_eject_attempt'====== Args={'balls': 1, 'target': <playfield.playfield>, 'source': <ball_device.bd_trough>, 'mechanical_eject': False, 'num_attempts': 0}
2025-10-24 11:58:33,203 : INFO : ball_device.bd_trough : State: ejecting
2025-10-24 11:58:33,203 : INFO : ball_device.bd_trough : Ejecting ball to <playfield.playfield>
2025-10-24 11:58:33,203 : INFO : EventManager : Event: ======'balldevice_bd_trough_ejecting_ball'====== Args={'balls': 1, 'target': <playfield.playfield>, 'source': <ball_device.bd_trough>, 'mechanical_eject': False, 'num_attempts': 0}
2025-10-24 11:58:33,204 : INFO : ball_device.bd_trough : Wait for ball to leave device
2025-10-24 11:58:33,213 : INFO : coil.c_trough_eject : Pulsing Driver for 50ms (1.0 pulse_power)
2025-10-24 11:58:33,229 : INFO : SwitchController : <<<<<<< 's_right_bank_target_right' inactive (muted) >>>>>>>
2025-10-24 11:58:33,291 : INFO : SwitchController : <<<<<<< 's_right_bank_target_left' inactive (muted) >>>>>>>
2025-10-24 11:58:33,322 : INFO : SwitchController : <<<<<<< 's_trough' inactive >>>>>>>
2025-10-24 11:58:33,327 : INFO : SwitchController : <<<<<<< 's_left_bank_target_left' inactive (muted) >>>>>>>
2025-10-24 11:58:33,335 : INFO : ball_device.bd_trough : State: ball_left
2025-10-24 11:58:33,335 : INFO : ball_device.bd_trough : Ball left
2025-10-24 11:58:33,335 : INFO : ball_device.bd_trough : Wait for confirm with timeout 10.0
2025-10-24 11:58:33,335 : INFO : SwitchController : <<<<<<< 's_left_bank_target_right' inactive (muted) >>>>>>>
2025-10-24 11:58:33,356 : INFO : SwitchController : <<<<<<< 's_left_bank_target_middle' inactive (muted) >>>>>>>
2025-10-24 11:58:33,370 : INFO : SwitchController : <<<<<<< 's_trough' active >>>>>>>
2025-10-24 11:58:33,371 : INFO : EventManager : Event: ======'machine_var_audits_switches_s_trough'====== Args={'value': 11, 'prev_value': 10, 'change': 1}
2025-10-24 11:58:33,386 : INFO : SwitchController : <<<<<<< 's_right_bank_target_left' active (muted) >>>>>>>
2025-10-24 11:58:33,386 : INFO : EventManager : Event: ======'machine_var_audits_switches_s_right_bank_target_left'====== Args={'value': 4, 'prev_value': 3, 'change': 1}
2025-10-24 11:58:33,402 : INFO : SwitchController : <<<<<<< 's_trough' inactive >>>>>>>
2025-10-24 11:58:33,418 : INFO : SwitchController : <<<<<<< 's_right_bank_target_right' active (muted) >>>>>>>
2025-10-24 11:58:33,418 : INFO : EventManager : Event: ======'machine_var_audits_switches_s_right_bank_target_right'====== Args={'value': 5, 'prev_value': 4, 'change': 1}
2025-10-24 11:58:33,434 : INFO : SwitchController : <<<<<<< 's_left_bank_target_middle' active (muted) >>>>>>>
2025-10-24 11:58:33,434 : INFO : EventManager : Event: ======'machine_var_audits_switches_s_left_bank_target_middle'====== Args={'value': 6, 'prev_value': 5, 'change': 1}
2025-10-24 11:58:33,465 : INFO : SwitchController : <<<<<<< 's_left_bank_target_left' active (muted) >>>>>>>
2025-10-24 11:58:33,465 : INFO : EventManager : Event: ======'machine_var_audits_switches_s_left_bank_target_left'====== Args={'value': 6, 'prev_value': 5, 'change': 1}
2025-10-24 11:58:33,481 : INFO : SwitchController : <<<<<<< 's_left_bank_target_right' active (muted) >>>>>>>
2025-10-24 11:58:33,481 : INFO : EventManager : Event: ======'machine_var_audits_switches_s_left_bank_target_right'====== Args={'value': 6, 'prev_value': 5, 'change': 1}
2025-10-24 11:58:33,684 : INFO : EventManager : Event: ======'drop_target_bank_right_bank_mixed'====== Args={'prev_value': <DropTargetBankState.MIXED: 'mixed'>, 'down': 2}
2025-10-24 11:58:34,748 : INFO : Machine : Shutting down...
2025-10-24 11:58:34,748 : INFO : EventManager : Event: ======'shutdown'====== Args={}
2025-10-24 11:58:34,750 : INFO : EventManager : Event: ======'mode_game_will_stop'====== Args={}
2025-10-24 11:58:34,750 : INFO : EventManager : Event: ======'mode_game_stopping'====== Args={}
2025-10-24 11:58:34,751 : INFO : EventManager : Event: ======'mode_base_will_stop'====== Args={}
2025-10-24 11:58:34,751 : INFO : EventManager : Event: ======'mode_base_stopping'====== Args={}
2025-10-24 11:58:34,752 : INFO : EventManager : Event: ======'stop_base_music'====== Args={'priority': 0}
2025-10-24 11:58:34,752 : INFO : Mode.base : Stopped.
2025-10-24 11:58:34,752 : INFO : EventManager : Event: ======'modes_active_modes_changed'====== Args={}
2025-10-24 11:58:34,752 : INFO : EventManager : Event: ======'mode_base_stopped'====== Args={}
2025-10-24 11:58:34,752 : INFO : EventManager : Event: ======'clear'====== Args={'key': 'base'}
2025-10-24 11:58:34,754 : INFO : Mode.game : Stopped.
2025-10-24 11:58:34,754 : INFO : EventManager : Event: ======'modes_active_modes_changed'====== Args={}
2025-10-24 11:58:34,754 : INFO : EventManager : Event: ======'mode_game_stopped'====== Args={}
2025-10-24 11:58:34,754 : INFO : EventManager : Event: ======'clear'====== Args={'key': 'game'}
2025-10-24 11:58:34,854 : INFO : root : MPF run loop ended.
