2025-11-09 17:05:02,536 : INFO : root : Loading config.
2025-11-09 17:05:02,542 : INFO : YamlMultifileConfigLoader : Machine config file #1: config.yaml
2025-11-09 17:05:02,542 : INFO : ConfigProcessor : Loading config from cache: C:\Users\antho\AppData\Local\Temp\fdca14d0c9d658ab8200d57120800af5.mpf_cache
2025-11-09 17:05:02,677 : INFO : ConfigProcessor : Loading config from cache: C:\Users\antho\AppData\Local\Temp\5dec96b1547c4adf5bdd3d1715e74bc0.mpf_cache
2025-11-09 17:05:02,677 : INFO : ConfigProcessor : Loading config from cache: C:\Users\antho\AppData\Local\Temp\202a5840610e95051f9f473dfa660cc0.mpf_cache
2025-11-09 17:05:02,678 : INFO : ConfigProcessor : Loading config from cache: C:\Users\antho\AppData\Local\Temp\5dec96b1547c4adf5bdd3d1715e74bc0.mpf_cache
2025-11-09 17:05:02,679 : INFO : ConfigProcessor : Loading config from cache: C:\Users\antho\AppData\Local\Temp\2cd13a2d3f375e00ab01d6d09a85d8e7.mpf_cache
2025-11-09 17:05:02,680 : INFO : ConfigProcessor : Loading config from cache: C:\Users\antho\AppData\Local\Temp\9220b44b97b91972524500b81035d790.mpf_cache
2025-11-09 17:05:02,681 : INFO : ConfigProcessor : Loading config from cache: C:\Users\antho\AppData\Local\Temp\31ee881584fa6fce665a672a4f3f633a.mpf_cache
2025-11-09 17:05:02,682 : INFO : ConfigProcessor : Loading config from cache: C:\Users\antho\AppData\Local\Temp\5e841763ec73085bbf92358fe6afda21.mpf_cache
2025-11-09 17:05:02,682 : INFO : ConfigProcessor : Loading config from cache: C:\Users\antho\AppData\Local\Temp\7f73d12aa9beccac1cbd8c265ccda72e.mpf_cache
2025-11-09 17:05:02,682 : INFO : ConfigProcessor : Loading config from cache: C:\Users\antho\AppData\Local\Temp\a03ebaa9d6d5676c418deb142cb34911.mpf_cache
2025-11-09 17:05:02,683 : INFO : ConfigProcessor : Loading config from cache: C:\Users\antho\AppData\Local\Temp\b17152efa55a24f0424602723f8d3921.mpf_cache
2025-11-09 17:05:02,683 : INFO : ConfigProcessor : Loading config from cache: C:\Users\antho\AppData\Local\Temp\e87fc0e7d2f8a851b5fa3f604e0d0c6e.mpf_cache
2025-11-09 17:05:02,684 : INFO : ConfigProcessor : Loading config from cache: C:\Users\antho\AppData\Local\Temp\196ac76b6cab3a9880804c826cfbcb5c.mpf_cache
2025-11-09 17:05:02,684 : INFO : ConfigProcessor : Loading config from cache: C:\Users\antho\AppData\Local\Temp\55437eb303afaa980597ff60f339a871.mpf_cache
2025-11-09 17:05:02,685 : INFO : ConfigProcessor : Loading config from cache: C:\Users\antho\AppData\Local\Temp\fddc1006228d3387e6d1e46051a3638d.mpf_cache
2025-11-09 17:05:02,685 : INFO : ConfigProcessor : Loading config from cache: C:\Users\antho\AppData\Local\Temp\834292dd7853e12a66732dc89828c828.mpf_cache
2025-11-09 17:05:02,686 : INFO : ConfigProcessor : Loading config from cache: C:\Users\antho\AppData\Local\Temp\46f8fa3e41dfeeb8232af2f03a13b6c4.mpf_cache
2025-11-09 17:05:02,687 : INFO : ConfigProcessor : Loading config from cache: C:\Users\antho\AppData\Local\Temp\c67e9c175da6c060302945929b27b878.mpf_cache
2025-11-09 17:05:02,687 : INFO : Machine : Mission Pinball Framework Core Engine v0.80.0.dev11
2025-11-09 17:05:02,687 : INFO : Machine : Command line arguments: {'no_load_cache': False, 'create_config_cache': True, 'bcp': True, 'configfile': ['config.yaml'], 'force_assets_load': False, 'platform_integration_test': False, 'jsonlogging': False, 'logfile': 'logs\\2025-11-09-17-05-02-mpf-LAPTOP-MPGP6R69.log', 'pause': False, 'production': False, 'text_ui': True, 'loglevel': 15, 'consoleloglevel': 20, 'force_platform': None, 'syslog_address': None, 'full_logfile_path': 'C:\\Users\\antho\\nightpin\\logs\\2025-11-09-17-05-02-mpf-LAPTOP-MPGP6R69.log'}
2025-11-09 17:05:02,687 : INFO : Machine : MPF path: C:\Users\antho\mpf\Lib\site-packages\mpf
2025-11-09 17:05:02,688 : INFO : Machine : Machine path: C:\Users\antho\nightpin
2025-11-09 17:05:02,688 : INFO : Machine : Platform: win32
2025-11-09 17:05:02,688 : INFO : Machine : Python executable location: C:\Users\antho\mpf\Scripts\python.exe
2025-11-09 17:05:02,688 : INFO : Machine : Python version: 3.12.7 (64-bit)
2025-11-09 17:05:02,690 : INFO : Machine : Initializing MPF...
2025-11-09 17:05:02,942 : INFO : lisy : Connecting to com3 at 115200bps
2025-11-09 17:05:02,943 : WARNING : lisy : Could not import terminos (this is ok on windows).
2025-11-09 17:05:03,520 : WARNING : lisy : Reset of LISY failed. Did not get a response in 500ms. Will retry.
2025-11-09 17:05:04,016 : WARNING : lisy : Reset of LISY failed. Did not get a response in 500ms. Will retry.
2025-11-09 17:05:04,530 : WARNING : lisy : Reset of LISY failed. Did not get a response in 500ms. Will retry.
2025-11-09 17:05:05,030 : WARNING : lisy : Reset of LISY failed. Did not get a response in 500ms. Will retry.
2025-11-09 17:05:05,527 : WARNING : lisy : Reset of LISY failed. Did not get a response in 500ms. Will retry.
2025-11-09 17:05:06,027 : WARNING : lisy : Reset of LISY failed. Did not get a response in 500ms. Will retry.
2025-11-09 17:05:06,526 : WARNING : lisy : Reset of LISY failed. Did not get a response in 500ms. Will retry.
2025-11-09 17:05:07,026 : WARNING : lisy : Reset of LISY failed. Did not get a response in 500ms. Will retry.
2025-11-09 17:05:07,523 : WARNING : lisy : Reset of LISY failed. Did not get a response in 500ms. Will retry.
2025-11-09 17:05:08,020 : WARNING : lisy : Reset of LISY failed. Did not get a response in 500ms. Will retry.
2025-11-09 17:05:08,517 : WARNING : lisy : Reset of LISY failed. Did not get a response in 500ms. Will retry.
2025-11-09 17:05:09,017 : WARNING : lisy : Reset of LISY failed. Did not get a response in 500ms. Will retry.
2025-11-09 17:05:09,529 : WARNING : lisy : Reset of LISY failed. Did not get a response in 500ms. Will retry.
2025-11-09 17:05:10,026 : WARNING : lisy : Reset of LISY failed. Did not get a response in 500ms. Will retry.
2025-11-09 17:05:10,524 : WARNING : lisy : Reset of LISY failed. Did not get a response in 500ms. Will retry.
2025-11-09 17:05:11,018 : WARNING : lisy : Reset of LISY failed. Did not get a response in 500ms. Will retry.
2025-11-09 17:05:11,531 : WARNING : lisy : Reset of LISY failed. Did not get a response in 500ms. Will retry.
2025-11-09 17:05:12,026 : WARNING : lisy : Reset of LISY failed. Did not get a response in 500ms. Will retry.
2025-11-09 17:05:12,522 : WARNING : lisy : Reset of LISY failed. Did not get a response in 500ms. Will retry.
2025-11-09 17:05:13,021 : WARNING : lisy : Reset of LISY failed. Did not get a response in 500ms. Will retry.
2025-11-09 17:05:13,518 : WARNING : lisy : Reset of LISY failed. Did not get a response in 500ms. Will retry.
2025-11-09 17:05:14,031 : WARNING : lisy : Reset of LISY failed. Did not get a response in 500ms. Will retry.
2025-11-09 17:05:14,529 : WARNING : lisy : Reset of LISY failed. Did not get a response in 500ms. Will retry.
2025-11-09 17:05:15,024 : WARNING : lisy : Reset of LISY failed. Did not get a response in 500ms. Will retry.
2025-11-09 17:05:15,520 : WARNING : lisy : Reset of LISY failed. Did not get a response in 500ms. Will retry.
2025-11-09 17:05:16,017 : WARNING : lisy : Reset of LISY failed. Did not get a response in 500ms. Will retry.
2025-11-09 17:05:16,531 : WARNING : lisy : Reset of LISY failed. Did not get a response in 500ms. Will retry.
2025-11-09 17:05:17,030 : WARNING : lisy : Reset of LISY failed. Did not get a response in 500ms. Will retry.
2025-11-09 17:05:17,530 : WARNING : lisy : Reset of LISY failed. Did not get a response in 500ms. Will retry.
2025-11-09 17:05:18,025 : WARNING : lisy : Reset of LISY failed. Did not get a response in 500ms. Will retry.
2025-11-09 17:05:18,522 : WARNING : lisy : Reset of LISY failed. Did not get a response in 500ms. Will retry.
2025-11-09 17:05:19,018 : WARNING : lisy : Reset of LISY failed. Did not get a response in 500ms. Will retry.
2025-11-09 17:05:19,517 : WARNING : lisy : Reset of LISY failed. Did not get a response in 500ms. Will retry.
2025-11-09 17:05:20,030 : WARNING : lisy : Reset of LISY failed. Did not get a response in 500ms. Will retry.
2025-11-09 17:05:20,530 : WARNING : lisy : Reset of LISY failed. Did not get a response in 500ms. Will retry.
2025-11-09 17:05:21,027 : WARNING : lisy : Reset of LISY failed. Did not get a response in 500ms. Will retry.
2025-11-09 17:05:21,524 : WARNING : lisy : Reset of LISY failed. Did not get a response in 500ms. Will retry.
2025-11-09 17:05:22,023 : WARNING : lisy : Reset of LISY failed. Did not get a response in 500ms. Will retry.
2025-11-09 17:05:22,521 : WARNING : lisy : Reset of LISY failed. Did not get a response in 500ms. Will retry.
2025-11-09 17:05:23,023 : WARNING : lisy : Reset of LISY failed. Did not get a response in 500ms. Will retry.
2025-11-09 17:05:23,520 : WARNING : lisy : Reset of LISY failed. Did not get a response in 500ms. Will retry.
2025-11-09 17:05:23,637 : INFO : Machine : Starting the main run loop with active modes: []
2025-11-09 17:05:23,637 : ERROR : root : 'attract'
Traceback (most recent call last):
  File "C:\Users\antho\mpf\Lib\site-packages\mpf\commands\game.py", line 229, in __init__
    self.machine.run()
  File "C:\Users\antho\mpf\Lib\site-packages\mpf\core\machine.py", line 703, in run
    if not self.modes['attract'] in self.mode_controller.active_modes:
           ~~~~~~~~~~^^^^^^^^^^^
KeyError: 'attract'
