2025-10-31 14:41:55,783 : INFO : root : Loading config.
2025-10-31 14:41:55,790 : INFO : YamlMultifileConfigLoader : Machine config file #1: config.yaml
2025-10-31 14:41:55,790 : INFO : ConfigProcessor : Loading config from cache: C:\Users\antho\AppData\Local\Temp\fdca14d0c9d658ab8200d57120800af5.mpf_cache
2025-10-31 14:41:55,949 : INFO : ConfigProcessor : Loading config from cache: C:\Users\antho\AppData\Local\Temp\5dec96b1547c4adf5bdd3d1715e74bc0.mpf_cache
2025-10-31 14:41:55,951 : INFO : ConfigProcessor : Loading config from cache: C:\Users\antho\AppData\Local\Temp\202a5840610e95051f9f473dfa660cc0.mpf_cache
2025-10-31 14:41:55,952 : INFO : ConfigProcessor : Loading config from cache: C:\Users\antho\AppData\Local\Temp\5dec96b1547c4adf5bdd3d1715e74bc0.mpf_cache
2025-10-31 14:41:55,953 : INFO : ConfigProcessor : Loading config from cache: C:\Users\antho\AppData\Local\Temp\2cd13a2d3f375e00ab01d6d09a85d8e7.mpf_cache
2025-10-31 14:41:55,964 : INFO : ConfigProcessor : Loading config from cache: C:\Users\antho\AppData\Local\Temp\9220b44b97b91972524500b81035d790.mpf_cache
2025-10-31 14:41:55,967 : INFO : ConfigProcessor : Loading config from cache: C:\Users\antho\AppData\Local\Temp\31ee881584fa6fce665a672a4f3f633a.mpf_cache
2025-10-31 14:41:55,967 : INFO : ConfigProcessor : Loading config from cache: C:\Users\antho\AppData\Local\Temp\5e841763ec73085bbf92358fe6afda21.mpf_cache
2025-10-31 14:41:55,968 : INFO : ConfigProcessor : Loading config from cache: C:\Users\antho\AppData\Local\Temp\7f73d12aa9beccac1cbd8c265ccda72e.mpf_cache
2025-10-31 14:41:55,968 : INFO : ConfigProcessor : Loading config from cache: C:\Users\antho\AppData\Local\Temp\a03ebaa9d6d5676c418deb142cb34911.mpf_cache
2025-10-31 14:41:55,969 : INFO : ConfigProcessor : Loading config from cache: C:\Users\antho\AppData\Local\Temp\b17152efa55a24f0424602723f8d3921.mpf_cache
2025-10-31 14:41:55,969 : INFO : ConfigProcessor : Loading config from cache: C:\Users\antho\AppData\Local\Temp\e87fc0e7d2f8a851b5fa3f604e0d0c6e.mpf_cache
2025-10-31 14:41:55,970 : INFO : ConfigProcessor : Loading config from cache: C:\Users\antho\AppData\Local\Temp\196ac76b6cab3a9880804c826cfbcb5c.mpf_cache
2025-10-31 14:41:55,970 : INFO : ConfigProcessor : Loading config from cache: C:\Users\antho\AppData\Local\Temp\55437eb303afaa980597ff60f339a871.mpf_cache
2025-10-31 14:41:55,971 : INFO : ConfigProcessor : Loading config from cache: C:\Users\antho\AppData\Local\Temp\fddc1006228d3387e6d1e46051a3638d.mpf_cache
2025-10-31 14:41:55,971 : INFO : ConfigProcessor : Loading config from cache: C:\Users\antho\AppData\Local\Temp\834292dd7853e12a66732dc89828c828.mpf_cache
2025-10-31 14:41:55,972 : INFO : ConfigProcessor : Loading config from cache: C:\Users\antho\AppData\Local\Temp\46f8fa3e41dfeeb8232af2f03a13b6c4.mpf_cache
2025-10-31 14:41:55,973 : INFO : ConfigProcessor : Loading config from cache: C:\Users\antho\AppData\Local\Temp\c67e9c175da6c060302945929b27b878.mpf_cache
2025-10-31 14:41:55,974 : INFO : Machine : Mission Pinball Framework Core Engine v0.80.0.dev11
2025-10-31 14:41:55,974 : INFO : Machine : Command line arguments: {'no_load_cache': False, 'create_config_cache': True, 'bcp': True, 'configfile': ['config.yaml'], 'force_assets_load': False, 'platform_integration_test': False, 'jsonlogging': False, 'logfile': 'logs\\2025-10-31-14-41-55-mpf-LAPTOP-MPGP6R69.log', 'pause': False, 'production': False, 'text_ui': True, 'loglevel': 15, 'consoleloglevel': 20, 'force_platform': None, 'syslog_address': None, 'full_logfile_path': 'C:\\Users\\antho\\nightpin\\logs\\2025-10-31-14-41-55-mpf-LAPTOP-MPGP6R69.log'}
2025-10-31 14:41:55,974 : INFO : Machine : MPF path: C:\Users\antho\mpf\Lib\site-packages\mpf
2025-10-31 14:41:55,974 : INFO : Machine : Machine path: C:\Users\antho\nightpin
2025-10-31 14:41:55,974 : INFO : Machine : Platform: win32
2025-10-31 14:41:55,974 : INFO : Machine : Python executable location: C:\Users\antho\mpf\Scripts\python.exe
2025-10-31 14:41:55,974 : INFO : Machine : Python version: 3.12.7 (64-bit)
2025-10-31 14:41:55,977 : INFO : Machine : Initializing MPF...
2025-10-31 14:41:56,274 : INFO : lisy : Connecting to com3 at 115200bps
2025-10-31 14:41:56,275 : WARNING : lisy : Could not import terminos (this is ok on windows).
2025-10-31 14:41:56,435 : INFO : EventManager : Event: ======'machine_var_lisy_hardware'====== Args={'value': 'LISY35', 'prev_value': None, 'change': True}
2025-10-31 14:41:56,436 : INFO : EventManager : Event: ======'machine_var_lisy_version'====== Args={'value': '5.26 ', 'prev_value': None, 'change': True}
2025-10-31 14:41:56,436 : INFO : EventManager : Event: ======'machine_var_lisy_api_version'====== Args={'value': b'0.09', 'prev_value': None, 'change': True}
2025-10-31 14:41:57,748 : INFO : EventManager : Event: ======'machine_var_credits_string'====== Args={'value': 'FREE PLAY', 'prev_value': None, 'change': True}
2025-10-31 14:41:57,791 : INFO : EventManager : Event: ======'machine_var_master_volume'====== Args={'value': 0.5, 'prev_value': None, 'change': True}
2025-10-31 14:41:57,792 : INFO : EventManager : Event: ======'machine_var_player1_score'====== Args={'value': 2200, 'prev_value': None, 'change': True}
2025-10-31 14:41:57,792 : INFO : EventManager : Event: ======'machine_var_player2_score'====== Args={'value': 1200, 'prev_value': None, 'change': True}
2025-10-31 14:41:57,792 : INFO : EventManager : Event: ======'machine_var_mpf_version'====== Args={'value': 'Mission Pinball Framework v0.80.0.dev11', 'prev_value': None, 'change': True}
2025-10-31 14:41:57,792 : INFO : EventManager : Event: ======'machine_var_mpf_extended_version'====== Args={'value': 'Mission Pinball Framework v0.80.0.dev11, Config version:6, Show version: 6, BCP version:1.1', 'prev_value': None, 'change': True}
2025-10-31 14:41:57,792 : INFO : EventManager : Event: ======'machine_var_python_version'====== Args={'value': '3.12.7', 'prev_value': None, 'change': True}
2025-10-31 14:41:57,997 : INFO : EventManager : Event: ======'machine_var_platform'====== Args={'value': 'Windows-11-10.0.26100-SP0', 'prev_value': None, 'change': True}
2025-10-31 14:41:57,997 : INFO : EventManager : Event: ======'machine_var_platform_system'====== Args={'value': 'Windows', 'prev_value': None, 'change': True}
2025-10-31 14:41:57,997 : INFO : EventManager : Event: ======'machine_var_platform_release'====== Args={'value': '11', 'prev_value': None, 'change': True}
2025-10-31 14:41:57,997 : INFO : EventManager : Event: ======'machine_var_platform_version'====== Args={'value': '10.0.26100', 'prev_value': None, 'change': True}
2025-10-31 14:41:57,997 : INFO : EventManager : Event: ======'machine_var_platform_machine'====== Args={'value': 'AMD64', 'prev_value': None, 'change': True}
2025-10-31 14:41:57,997 : INFO : EventManager : Event: ======'machine_var_log_file_path'====== Args={'value': 'C:\\Users\\antho\\nightpin\\logs\\2025-10-31-14-41-55-mpf-LAPTOP-MPGP6R69.log', 'prev_value': None, 'change': True}
2025-10-31 14:41:57,998 : INFO : EventManager : Event: ======'init_phase_1'====== Args={}
2025-10-31 14:41:58,045 : INFO : EventManager : Event: ======'drop_target_bank_right_bank_up'====== Args={}
2025-10-31 14:41:58,046 : INFO : EventManager : Event: ======'drop_target_bank_left_bank_up'====== Args={}
2025-10-31 14:41:58,141 : INFO : EventManager : Event: ======'init_phase_2'====== Args={}
2025-10-31 14:41:58,151 : INFO : EventManager : Event: ======'bcp_connection_attempt'====== Args={'name': 'local_display', 'host': 'localhost', 'port': 5050}
2025-10-31 14:41:58,153 : INFO : BCPClientSocket : Connecting BCP to 'local_display' at localhost:5050...
2025-10-31 14:41:58,176 : INFO : BCPClientSocket : Connected BCP to 'local_display' localhost:5050
2025-10-31 14:41:58,176 : INFO : EventManager : Event: ======'bcp_clients_connected'====== Args={}
2025-10-31 14:41:58,301 : INFO : ball_device.bd_trough : BCH: Initial count: 0
2025-10-31 14:41:58,301 : INFO : ball_device.bd_trough : State: idle
2025-10-31 14:41:58,302 : INFO : ball_device.bd_saucer : BCH: Initial count: 0
2025-10-31 14:41:58,302 : INFO : ball_device.bd_saucer : State: idle
2025-10-31 14:41:58,331 : INFO : EventManager : Event: ======'init_phase_3'====== Args={}
2025-10-31 14:41:58,339 : INFO : EventManager : Event: ======'init_phase_4'====== Args={}
2025-10-31 14:41:58,339 : INFO : BallController : Initial balls found: 0
2025-10-31 14:41:58,341 : INFO : EventManager : Event: ======'machine_var_audits_events_game_ended'====== Args={'value': 17, 'prev_value': None, 'change': True}
2025-10-31 14:41:58,341 : INFO : EventManager : Event: ======'machine_var_audits_events_game_started'====== Args={'value': 84, 'prev_value': None, 'change': True}
2025-10-31 14:41:58,341 : INFO : EventManager : Event: ======'machine_var_audits_missing_switches_s_coin_right'====== Args={'value': 83, 'prev_value': None, 'change': True}
2025-10-31 14:41:58,341 : INFO : EventManager : Event: ======'machine_var_audits_missing_switches_s_credit_button'====== Args={'value': 56, 'prev_value': None, 'change': True}
2025-10-31 14:41:58,341 : INFO : EventManager : Event: ======'machine_var_audits_missing_switches_s_inlanes'====== Args={'value': 11, 'prev_value': None, 'change': True}
2025-10-31 14:41:58,341 : INFO : EventManager : Event: ======'machine_var_audits_missing_switches_s_left_bank_target_left'====== Args={'value': 4, 'prev_value': None, 'change': True}
2025-10-31 14:41:58,342 : INFO : EventManager : Event: ======'machine_var_audits_missing_switches_s_left_bank_target_middle'====== Args={'value': 7, 'prev_value': None, 'change': True}
2025-10-31 14:41:58,342 : INFO : EventManager : Event: ======'machine_var_audits_missing_switches_s_left_bank_target_right'====== Args={'value': 4, 'prev_value': None, 'change': True}
2025-10-31 14:41:58,342 : INFO : EventManager : Event: ======'machine_var_audits_missing_switches_s_left_lower_bumper'====== Args={'value': 4, 'prev_value': None, 'change': True}
2025-10-31 14:41:58,342 : INFO : EventManager : Event: ======'machine_var_audits_missing_switches_s_left_outlane_rollover'====== Args={'value': 22, 'prev_value': None, 'change': True}
2025-10-31 14:41:58,342 : INFO : EventManager : Event: ======'machine_var_audits_missing_switches_s_left_pop_bumper'====== Args={'value': 4, 'prev_value': None, 'change': True}
2025-10-31 14:41:58,342 : INFO : EventManager : Event: ======'machine_var_audits_missing_switches_s_left_sling'====== Args={'value': 22, 'prev_value': None, 'change': True}
2025-10-31 14:41:58,342 : INFO : EventManager : Event: ======'machine_var_audits_missing_switches_s_left_upper_bumper'====== Args={'value': 4, 'prev_value': None, 'change': True}
2025-10-31 14:41:58,342 : INFO : EventManager : Event: ======'machine_var_audits_missing_switches_s_middle_pop_bumper'====== Args={'value': 4, 'prev_value': None, 'change': True}
2025-10-31 14:41:58,342 : INFO : EventManager : Event: ======'machine_var_audits_missing_switches_s_middle_upper_rollovers'====== Args={'value': 4, 'prev_value': None, 'change': True}
2025-10-31 14:41:58,342 : INFO : EventManager : Event: ======'machine_var_audits_missing_switches_s_right_bank_target_left'====== Args={'value': 4, 'prev_value': None, 'change': True}
2025-10-31 14:41:58,342 : INFO : EventManager : Event: ======'machine_var_audits_missing_switches_s_right_bank_target_middle'====== Args={'value': 4, 'prev_value': None, 'change': True}
2025-10-31 14:41:58,342 : INFO : EventManager : Event: ======'machine_var_audits_missing_switches_s_right_bank_target_right'====== Args={'value': 4, 'prev_value': None, 'change': True}
2025-10-31 14:41:58,342 : INFO : EventManager : Event: ======'machine_var_audits_missing_switches_s_right_outlane_rollover'====== Args={'value': 39, 'prev_value': None, 'change': True}
2025-10-31 14:41:58,342 : INFO : EventManager : Event: ======'machine_var_audits_missing_switches_s_right_pop_bumper'====== Args={'value': 4, 'prev_value': None, 'change': True}
2025-10-31 14:41:58,343 : INFO : EventManager : Event: ======'machine_var_audits_missing_switches_s_right_sling'====== Args={'value': 5, 'prev_value': None, 'change': True}
2025-10-31 14:41:58,343 : INFO : EventManager : Event: ======'machine_var_audits_missing_switches_s_saucer'====== Args={'value': 4, 'prev_value': None, 'change': True}
2025-10-31 14:41:58,343 : INFO : EventManager : Event: ======'machine_var_audits_missing_switches_s_slam_tilt'====== Args={'value': 22, 'prev_value': None, 'change': True}
2025-10-31 14:41:58,343 : INFO : EventManager : Event: ======'machine_var_audits_missing_switches_s_spinner'====== Args={'value': 18, 'prev_value': None, 'change': True}
2025-10-31 14:41:58,343 : INFO : EventManager : Event: ======'machine_var_audits_missing_switches_s_stand_up'====== Args={'value': 56, 'prev_value': None, 'change': True}
2025-10-31 14:41:58,343 : INFO : EventManager : Event: ======'machine_var_audits_missing_switches_s_start_button'====== Args={'value': 21, 'prev_value': None, 'change': True}
2025-10-31 14:41:58,343 : INFO : EventManager : Event: ======'machine_var_audits_missing_switches_s_tilt'====== Args={'value': 54, 'prev_value': None, 'change': True}
2025-10-31 14:41:58,343 : INFO : EventManager : Event: ======'machine_var_audits_player_score'====== Args={'value': {'average': 1435, 'top': [5110, 5070, 4300, 4230, 3980, 3410, 2200, 1300, 1200, 500], 'total': 25}, 'prev_value': None, 'change': True}
2025-10-31 14:41:58,343 : INFO : EventManager : Event: ======'machine_var_audits_shots_my_first_shot'====== Args={'value': 3, 'prev_value': None, 'change': True}
2025-10-31 14:41:58,343 : INFO : EventManager : Event: ======'machine_var_audits_shots_sh_eg_pop_left'====== Args={'value': 8, 'prev_value': None, 'change': True}
2025-10-31 14:41:58,343 : INFO : EventManager : Event: ======'machine_var_audits_shots_sh_eg_pop_middle'====== Args={'value': 8, 'prev_value': None, 'change': True}
2025-10-31 14:41:58,343 : INFO : EventManager : Event: ======'machine_var_audits_shots_sh_eg_pop_right'====== Args={'value': 13, 'prev_value': None, 'change': True}
2025-10-31 14:41:58,343 : INFO : EventManager : Event: ======'machine_var_audits_shots_sh_eg_right_drop_left'====== Args={'value': 4, 'prev_value': None, 'change': True}
2025-10-31 14:41:58,344 : INFO : EventManager : Event: ======'machine_var_audits_shots_sh_eg_right_drop_middle'====== Args={'value': 3, 'prev_value': None, 'change': True}
2025-10-31 14:41:58,344 : INFO : EventManager : Event: ======'machine_var_audits_shots_sh_eg_right_drop_right'====== Args={'value': 3, 'prev_value': None, 'change': True}
2025-10-31 14:41:58,344 : INFO : EventManager : Event: ======'machine_var_audits_shots_sh_eg_spinner'====== Args={'value': 2, 'prev_value': None, 'change': True}
2025-10-31 14:41:58,344 : INFO : EventManager : Event: ======'machine_var_audits_shots_sh_escape_graveyard_start'====== Args={'value': 3, 'prev_value': None, 'change': True}
2025-10-31 14:41:58,344 : INFO : EventManager : Event: ======'machine_var_audits_switches_s_coin_right'====== Args={'value': 1, 'prev_value': None, 'change': True}
2025-10-31 14:41:58,344 : INFO : EventManager : Event: ======'machine_var_audits_switches_s_credit_button'====== Args={'value': 5, 'prev_value': None, 'change': True}
2025-10-31 14:41:58,344 : INFO : EventManager : Event: ======'machine_var_audits_switches_s_inlanes'====== Args={'value': 159, 'prev_value': None, 'change': True}
2025-10-31 14:41:58,344 : INFO : EventManager : Event: ======'machine_var_audits_switches_s_left_bank_target_left'====== Args={'value': 36, 'prev_value': None, 'change': True}
2025-10-31 14:41:58,344 : INFO : EventManager : Event: ======'machine_var_audits_switches_s_left_bank_target_middle'====== Args={'value': 27, 'prev_value': None, 'change': True}
2025-10-31 14:41:58,345 : INFO : EventManager : Event: ======'machine_var_audits_switches_s_left_bank_target_right'====== Args={'value': 27, 'prev_value': None, 'change': True}
2025-10-31 14:41:58,345 : INFO : EventManager : Event: ======'machine_var_audits_switches_s_left_lower_bumper'====== Args={'value': 33, 'prev_value': None, 'change': True}
2025-10-31 14:41:58,345 : INFO : EventManager : Event: ======'machine_var_audits_switches_s_left_outlane_rollover'====== Args={'value': 23, 'prev_value': None, 'change': True}
2025-10-31 14:41:58,345 : INFO : EventManager : Event: ======'machine_var_audits_switches_s_left_pop_bumper'====== Args={'value': 121, 'prev_value': None, 'change': True}
2025-10-31 14:41:58,345 : INFO : EventManager : Event: ======'machine_var_audits_switches_s_left_sling'====== Args={'value': 93, 'prev_value': None, 'change': True}
2025-10-31 14:41:58,345 : INFO : EventManager : Event: ======'machine_var_audits_switches_s_left_upper_bumper'====== Args={'value': 42, 'prev_value': None, 'change': True}
2025-10-31 14:41:58,345 : INFO : EventManager : Event: ======'machine_var_audits_switches_s_middle_pop_bumper'====== Args={'value': 114, 'prev_value': None, 'change': True}
2025-10-31 14:41:58,346 : INFO : EventManager : Event: ======'machine_var_audits_switches_s_middle_skill_lane'====== Args={'value': 80, 'prev_value': None, 'change': True}
2025-10-31 14:41:58,346 : INFO : EventManager : Event: ======'machine_var_audits_switches_s_middle_upper_rollovers'====== Args={'value': 97, 'prev_value': None, 'change': True}
2025-10-31 14:41:58,346 : INFO : EventManager : Event: ======'machine_var_audits_switches_s_outer_skill_lanes'====== Args={'value': 133, 'prev_value': None, 'change': True}
2025-10-31 14:41:58,346 : INFO : EventManager : Event: ======'machine_var_audits_switches_s_pop_bumper_bottom'====== Args={'value': 6, 'prev_value': None, 'change': True}
2025-10-31 14:41:58,346 : INFO : EventManager : Event: ======'machine_var_audits_switches_s_pop_bumper_left'====== Args={'value': 2, 'prev_value': None, 'change': True}
2025-10-31 14:41:58,346 : INFO : EventManager : Event: ======'machine_var_audits_switches_s_pop_bumper_right'====== Args={'value': 1, 'prev_value': None, 'change': True}
2025-10-31 14:41:58,346 : INFO : EventManager : Event: ======'machine_var_audits_switches_s_right_bank_target_left'====== Args={'value': 53, 'prev_value': None, 'change': True}
2025-10-31 14:41:58,346 : INFO : EventManager : Event: ======'machine_var_audits_switches_s_right_bank_target_middle'====== Args={'value': 41, 'prev_value': None, 'change': True}
2025-10-31 14:41:58,346 : INFO : EventManager : Event: ======'machine_var_audits_switches_s_right_bank_target_right'====== Args={'value': 39, 'prev_value': None, 'change': True}
2025-10-31 14:41:58,346 : INFO : EventManager : Event: ======'machine_var_audits_switches_s_right_outlane_rollover'====== Args={'value': 6, 'prev_value': None, 'change': True}
2025-10-31 14:41:58,346 : INFO : EventManager : Event: ======'machine_var_audits_switches_s_right_pop_bumper'====== Args={'value': 173, 'prev_value': None, 'change': True}
2025-10-31 14:41:58,346 : INFO : EventManager : Event: ======'machine_var_audits_switches_s_right_sling'====== Args={'value': 72, 'prev_value': None, 'change': True}
2025-10-31 14:41:58,347 : INFO : EventManager : Event: ======'machine_var_audits_switches_s_saucer'====== Args={'value': 82, 'prev_value': None, 'change': True}
2025-10-31 14:41:58,347 : INFO : EventManager : Event: ======'machine_var_audits_switches_s_slam_tilt'====== Args={'value': 6, 'prev_value': None, 'change': True}
2025-10-31 14:41:58,347 : INFO : EventManager : Event: ======'machine_var_audits_switches_s_spinner'====== Args={'value': 411, 'prev_value': None, 'change': True}
2025-10-31 14:41:58,347 : INFO : EventManager : Event: ======'machine_var_audits_switches_s_stand_up'====== Args={'value': 8, 'prev_value': None, 'change': True}
2025-10-31 14:41:58,347 : INFO : EventManager : Event: ======'machine_var_audits_switches_s_start_button'====== Args={'value': 35, 'prev_value': None, 'change': True}
2025-10-31 14:41:58,347 : INFO : EventManager : Event: ======'machine_var_audits_switches_s_tilt'====== Args={'value': 1, 'prev_value': None, 'change': True}
2025-10-31 14:41:58,347 : INFO : EventManager : Event: ======'machine_var_audits_switches_s_trough'====== Args={'value': 446, 'prev_value': None, 'change': True}
2025-10-31 14:41:58,348 : INFO : EventManager : Event: ======'init_phase_5'====== Args={}
2025-10-31 14:41:58,389 : INFO : EventManager : Event: ======'init_done'====== Args={}
2025-10-31 14:41:58,390 : INFO : EventManager : Event: ======'machine_reset_phase_1'====== Args={}
2025-10-31 14:41:58,399 : INFO : EventManager : Event: ======'machine_reset_phase_2'====== Args={}
2025-10-31 14:41:58,400 : INFO : EventManager : Event: ======'machine_reset_phase_3'====== Args={}
2025-10-31 14:41:58,401 : INFO : EventManager : Event: ======'mode_attract_will_start'====== Args={'queue': <QueuedEvent>}
2025-10-31 14:41:58,402 : INFO : EventManager : Event: ======'mode_attract_starting'====== Args={'queue': <QueuedEvent>}
2025-10-31 14:41:58,402 : INFO : Mode.attract : Started. Priority: 10
2025-10-31 14:41:58,402 : INFO : EventManager : Event: ======'modes_active_modes_changed'====== Args={}
2025-10-31 14:41:58,402 : INFO : EventManager : Event: ======'mode_attract_started'====== Args={'queue': <QueuedEvent>}
2025-10-31 14:41:58,403 : INFO : EventManager : Event: ======'godot_attract_on'====== Args={'priority': 0}
2025-10-31 14:41:58,403 : INFO : EventManager : Event: ======'collecting_balls_complete'====== Args={}
2025-10-31 14:41:58,403 : INFO : EventManager : Event: ======'reset_complete'====== Args={}
2025-10-31 14:41:58,419 : INFO : Machine : Starting the main run loop with active modes: [<Mode.attract>]
2025-10-31 14:41:58,455 : INFO : EventManager : Event: ======'slide_attract_created'====== Args={'_from_bcp': True}
2025-10-31 14:41:58,455 : INFO : EventManager : Event: ======'slide__removed'====== Args={'_from_bcp': True}
2025-10-31 14:41:58,456 : INFO : EventManager : Event: ======'slide_attract_active'====== Args={'original_context': 'attract', 'original_calling_context': 'mode_attract_started', 'priority': 10.0, 'queue': '<QueuedEvent>', 'cmd': 'slides_play', '_from_bcp': True}
2025-10-31 14:41:59,401 : INFO : SwitchController : <<<<<<< 's_start_button' active >>>>>>>
2025-10-31 14:41:59,540 : INFO : SwitchController : <<<<<<< 's_start_button' inactive >>>>>>>
2025-10-31 14:41:59,540 : INFO : EventManager : Event: ======'request_to_start_game'====== Args={}
2025-10-31 14:41:59,541 : INFO : BallController : Known balls: 0
2025-10-31 14:41:59,541 : INFO : BallController : bd_trough contains 0 balls. Tags ['trough', 'home', 'drain']
2025-10-31 14:41:59,541 : INFO : BallController : bd_saucer contains 0 balls. Tags ['saucer', 'home', 'eject']
2025-10-31 14:41:59,541 : INFO : BallController : playfield contains 0 balls. Tags ['default']
2025-10-31 14:41:59,541 : WARNING : BallController : BallController denies game start. Not enough balls. 0 found. 1 required
2025-10-31 14:41:59,541 : INFO : BallController : Triggering ball search.
2025-10-31 14:42:00,384 : INFO : EventManager : Event: ======'attract_wave_complete'====== Args={'priority': 0}
2025-10-31 14:42:00,785 : INFO : EventManager : Event: ======'attract_pulse_complete'====== Args={'priority': 0}
2025-10-31 14:42:01,181 : INFO : EventManager : Event: ======'attract_pulse_complete'====== Args={'priority': 0}
2025-10-31 14:42:01,533 : INFO : SwitchController : <<<<<<< 's_trough' active >>>>>>>
2025-10-31 14:42:01,564 : INFO : SwitchController : <<<<<<< 's_trough' inactive >>>>>>>
2025-10-31 14:42:01,594 : INFO : SwitchController : <<<<<<< 's_trough' active >>>>>>>
2025-10-31 14:42:01,625 : INFO : SwitchController : <<<<<<< 's_trough' inactive >>>>>>>
2025-10-31 14:42:01,656 : INFO : SwitchController : <<<<<<< 's_trough' active >>>>>>>
2025-10-31 14:42:02,151 : INFO : EventManager : Event: ======'balldevice_bd_trough_ball_count_changed'====== Args={'balls': 1}
2025-10-31 14:42:02,151 : INFO : ball_device.bd_trough : Received unexpected ball
2025-10-31 14:42:02,151 : INFO : EventManager : Event: ======'balldevice_captured_from_playfield'====== Args={'balls': 1}
2025-10-31 14:42:02,152 : INFO : EventManager : Event: ======'sw_playfield_active'====== Args={'balls': 1}
2025-10-31 14:42:02,152 : INFO : EventManager : Event: ======'playfield_active'====== Args={'source': None}
2025-10-31 14:42:02,152 : INFO : EventManager : Event: ======'unexpected_ball_on_playfield'====== Args={}
2025-10-31 14:42:02,152 : INFO : EventManager : Event: ======'playfield_ball_count_change'====== Args={'balls': -1, 'change': -1}
2025-10-31 14:42:02,153 : INFO : EventManager : Event: ======'balldevice_playfield_ball_enter'====== Args={'new_balls': 1, 'unclaimed_balls': 1, 'device': <playfield.playfield>}
2025-10-31 14:42:02,153 : INFO : EventManager : Event: ======'playfield_ball_count_change'====== Args={'balls': 0, 'change': 1}
2025-10-31 14:42:02,153 : INFO : BallController : Found a new ball which was captured from playfield. Known balls: 1
2025-10-31 14:42:02,153 : INFO : EventManager : Event: ======'found_new_ball'====== Args={}
2025-10-31 14:42:02,153 : INFO : EventManager : Event: ======'balldevice_bd_trough_ball_enter'====== Args={'new_balls': 1, 'unclaimed_balls': 1, 'new_available_balls': 1, 'device': <ball_device.bd_trough>}
2025-10-31 14:42:02,153 : INFO : EventManager : Event: ======'ball_drain'====== Args={'device': <ball_device.bd_trough>, 'balls': 1}
2025-10-31 14:42:02,154 : INFO : EventManager : Event: ======'balldevice_balls_available'====== Args={}
2025-10-31 14:42:02,154 : INFO : EventManager : Event: ======'balldevice_bd_trough_ball_entered'====== Args={'new_balls': 1, 'device': <ball_device.bd_trough>}
2025-10-31 14:42:02,412 : INFO : SwitchController : <<<<<<< 's_start_button' active >>>>>>>
2025-10-31 14:42:02,582 : INFO : SwitchController : <<<<<<< 's_start_button' inactive >>>>>>>
2025-10-31 14:42:02,582 : INFO : EventManager : Event: ======'request_to_start_game'====== Args={}
2025-10-31 14:42:02,583 : INFO : EventManager : Event: ======'game_start'====== Args={'buttons': [], 'hold_time': 0.1720000000204891}
2025-10-31 14:42:02,584 : INFO : EventManager : Event: ======'mode_game_will_start'====== Args={'buttons': [], 'hold_time': 0.1720000000204891}
2025-10-31 14:42:02,584 : INFO : EventManager : Event: ======'mode_game_starting'====== Args={'buttons': [], 'hold_time': 0.1720000000204891}
2025-10-31 14:42:02,585 : INFO : Mode.game : Started. Priority: 20
2025-10-31 14:42:02,585 : INFO : EventManager : Event: ======'modes_active_modes_changed'====== Args={}
2025-10-31 14:42:02,585 : INFO : EventManager : Event: ======'mode_game_started'====== Args={'buttons': [], 'hold_time': 0.1720000000204891}
2025-10-31 14:42:02,602 : INFO : EventManager : Event: ======'game_will_start'====== Args={}
2025-10-31 14:42:02,603 : INFO : EventManager : Event: ======'game_starting'====== Args={'game': <Mode.game>}
2025-10-31 14:42:02,603 : INFO : EventManager : Event: ======'mode_attract_will_stop'====== Args={}
2025-10-31 14:42:02,603 : INFO : EventManager : Event: ======'mode_attract_stopping'====== Args={}
2025-10-31 14:42:02,603 : INFO : EventManager : Event: ======'godot_attract_off'====== Args={'priority': 0}
2025-10-31 14:42:02,604 : INFO : EventManager : Unordered handler for class <Auditor> on event game_ended with priority 1. Handlers: [RegisteredHandler(callback=<bound method Auditor.disable of <Auditor>>, priority=1, kwargs={}, key=UUID('6899fb6f-be13-4dd0-a97d-39699352b2cb'), condition=None, blocking_facility=None), RegisteredHandler(callback=<bound method Auditor._save_audits of <Auditor>>, priority=1, kwargs={}, key=UUID('c0b5d82b-812f-4630-9a8c-81c35dc42edb'), condition=None, blocking_facility=None)]. The order of those handlers is not defined and they will be executed in random order. This might lead to race conditions and potential bugs.
2025-10-31 14:42:02,604 : INFO : EventManager : Event: ======'godot_attract_off'====== Args={'priority': 0}
2025-10-31 14:42:02,605 : INFO : Mode.attract : Stopped.
2025-10-31 14:42:02,605 : INFO : EventManager : Event: ======'modes_active_modes_changed'====== Args={}
2025-10-31 14:42:02,605 : INFO : EventManager : Event: ======'mode_attract_stopped'====== Args={}
2025-10-31 14:42:02,605 : INFO : EventManager : Event: ======'clear'====== Args={'key': 'attract'}
2025-10-31 14:42:02,606 : INFO : EventManager : Event: ======'player_add_request'====== Args={}
2025-10-31 14:42:02,607 : INFO : EventManager : Event: ======'player_will_add'====== Args={'number': 1}
2025-10-31 14:42:02,607 : INFO : EventManager : Event: ======'player_adding'====== Args={'player': <Player 1>, 'number': 1}
2025-10-31 14:42:02,607 : INFO : EventManager : Event: ======'player_added'====== Args={'player': <Player 1>, 'num': 1}
2025-10-31 14:42:02,607 : INFO : Mode.game : Player added successfully. Total players: 1
2025-10-31 14:42:02,607 : INFO : EventManager : Event: ======'player_index'====== Args={'value': 0, 'prev_value': 0, 'change': 0, 'player_num': 1}
2025-10-31 14:42:02,607 : INFO : EventManager : Event: ======'player_number'====== Args={'value': 1, 'prev_value': 1, 'change': 0, 'player_num': 1}
2025-10-31 14:42:02,607 : INFO : EventManager : Event: ======'player_score'====== Args={'value': 0, 'prev_value': 0, 'change': 0, 'player_num': 1}
2025-10-31 14:42:02,609 : INFO : EventManager : Unordered handler for class <Auditor> on event game_ended with priority 1. Handlers: [RegisteredHandler(callback=<bound method Auditor.disable of <Auditor>>, priority=1, kwargs={}, key=UUID('6899fb6f-be13-4dd0-a97d-39699352b2cb'), condition=None, blocking_facility=None), RegisteredHandler(callback=<bound method Auditor._save_audits of <Auditor>>, priority=1, kwargs={}, key=UUID('c0b5d82b-812f-4630-9a8c-81c35dc42edb'), condition=None, blocking_facility=None)]. The order of those handlers is not defined and they will be executed in random order. This might lead to race conditions and potential bugs.
2025-10-31 14:42:02,627 : INFO : EventManager : Event: ======'game_started'====== Args={}
2025-10-31 14:42:02,627 : INFO : EventManager : Event: ======'blink_on'====== Args={'priority': 0}
2025-10-31 14:42:02,628 : INFO : EventManager : Event: ======'player_turn_will_start'====== Args={'player': <Player 1>, 'number': 1}
2025-10-31 14:42:02,628 : INFO : EventManager : Event: ======'player_turn_starting'====== Args={'player': <Player 1>, 'number': 1}
2025-10-31 14:42:02,633 : INFO : EventManager : Event: ======'player_ball'====== Args={'value': 1, 'prev_value': 0, 'change': 1, 'player_num': 1}
2025-10-31 14:42:02,634 : INFO : EventManager : Event: ======'player_turn_started'====== Args={'player': <Player 1>, 'number': 1}
2025-10-31 14:42:02,634 : INFO : EventManager : Event: ======'ball_will_start'====== Args={'player': 1, 'ball': 1, 'balls_remaining': 2, 'is_extra_ball': False}
2025-10-31 14:42:02,639 : INFO : EventManager : Event: ======'ball_starting'====== Args={'player': 1, 'ball': 1, 'balls_remaining': 2, 'is_extra_ball': False}
2025-10-31 14:42:02,640 : INFO : drop_target_bank.right_bank : All targets are already up. Will not reset bank.
2025-10-31 14:42:02,640 : INFO : drop_target_bank.left_bank : All targets are already up. Will not reset bank.
2025-10-31 14:42:02,640 : INFO : EventManager : Event: ======'balls_in_play'====== Args={'balls': 1}
2025-10-31 14:42:02,640 : INFO : EventManager : Event: ======'ball_started'====== Args={'player': 1, 'ball': 1, 'balls_remaining': 2, 'is_extra_ball': False}
2025-10-31 14:42:02,641 : INFO : EventManager : Event: ======'mode_base_will_start'====== Args={'player': 1, 'ball': 1, 'balls_remaining': 2, 'is_extra_ball': False}
2025-10-31 14:42:02,641 : INFO : EventManager : Unordered handler for class <Auditor> on event game_ended with priority 1. Handlers: [RegisteredHandler(callback=<bound method Auditor.disable of <Auditor>>, priority=1, kwargs={}, key=UUID('6899fb6f-be13-4dd0-a97d-39699352b2cb'), condition=None, blocking_facility=None), RegisteredHandler(callback=<bound method Auditor._save_audits of <Auditor>>, priority=1, kwargs={}, key=UUID('c0b5d82b-812f-4630-9a8c-81c35dc42edb'), condition=None, blocking_facility=None)]. The order of those handlers is not defined and they will be executed in random order. This might lead to race conditions and potential bugs.
2025-10-31 14:42:02,644 : INFO : EventManager : Event: ======'mode_base_starting'====== Args={'player': 1, 'ball': 1, 'balls_remaining': 2, 'is_extra_ball': False}
2025-10-31 14:42:02,645 : INFO : EventManager : Unordered handler for class <Auditor> on event game_ended with priority 1. Handlers: [RegisteredHandler(callback=<bound method Auditor.disable of <Auditor>>, priority=1, kwargs={}, key=UUID('6899fb6f-be13-4dd0-a97d-39699352b2cb'), condition=None, blocking_facility=None), RegisteredHandler(callback=<bound method Auditor._save_audits of <Auditor>>, priority=1, kwargs={}, key=UUID('c0b5d82b-812f-4630-9a8c-81c35dc42edb'), condition=None, blocking_facility=None)]. The order of those handlers is not defined and they will be executed in random order. This might lead to race conditions and potential bugs.
2025-10-31 14:42:02,646 : INFO : Mode.base : Started. Priority: 50
2025-10-31 14:42:02,646 : INFO : EventManager : Event: ======'modes_active_modes_changed'====== Args={}
2025-10-31 14:42:02,646 : INFO : EventManager : Event: ======'mode_base_started'====== Args={'player': 1, 'ball': 1, 'balls_remaining': 2, 'is_extra_ball': False}
2025-10-31 14:42:02,646 : INFO : EventManager : Event: ======'stop_mode_attract'====== Args={'priority': 0}
2025-10-31 14:42:02,646 : INFO : EventManager : Event: ======'godot_attract_off'====== Args={'priority': 0}
2025-10-31 14:42:02,646 : INFO : EventManager : Event: ======'start_firstball_intro'====== Args={'priority': 0}
2025-10-31 14:42:02,646 : INFO : EventManager : Event: ======'start_subsequent_loop'====== Args={'priority': 0, 'delay': '6s'}
2025-10-31 14:42:02,649 : INFO : EventManager : Event: ======'single_player_ball_started'====== Args={}
2025-10-31 14:42:02,663 : INFO : EventManager : Event: ======'ball_start_target'====== Args={'target': 'playfield'}
2025-10-31 14:42:02,664 : INFO : ball_device.bd_trough : Setting up player-controlled eject. Balls: 1, Target: <playfield.playfield>, player_controlled_eject_event: None
2025-10-31 14:42:02,664 : INFO : ball_device.bd_trough : Adding 1 ball(s) to the eject_queue with target <playfield.playfield>.
2025-10-31 14:42:02,664 : INFO : EventManager : Event: ======'balldevice_balls_available'====== Args={}
2025-10-31 14:42:02,666 : INFO : ball_device.bd_trough : State: waiting_for_target_ready
2025-10-31 14:42:02,667 : INFO : EventManager : Event: ======'balldevice_bd_trough_ball_eject_attempt'====== Args={'balls': 1, 'target': <playfield.playfield>, 'source': <ball_device.bd_trough>, 'mechanical_eject': False, 'num_attempts': 0}
2025-10-31 14:42:02,667 : INFO : ball_device.bd_trough : State: ejecting
2025-10-31 14:42:02,667 : INFO : ball_device.bd_trough : Ejecting ball to <playfield.playfield>
2025-10-31 14:42:02,668 : INFO : EventManager : Event: ======'balldevice_bd_trough_ejecting_ball'====== Args={'balls': 1, 'target': <playfield.playfield>, 'source': <ball_device.bd_trough>, 'mechanical_eject': False, 'num_attempts': 0}
2025-10-31 14:42:02,669 : INFO : ball_device.bd_trough : Wait for ball to leave device
2025-10-31 14:42:02,669 : INFO : coil.c_trough_eject : Pulsing Driver for 40ms (1.0 pulse_power)
2025-10-31 14:42:02,719 : INFO : SwitchController : <<<<<<< 's_trough' inactive >>>>>>>
2025-10-31 14:42:02,727 : INFO : ball_device.bd_trough : State: ball_left
2025-10-31 14:42:02,727 : INFO : ball_device.bd_trough : Ball left
2025-10-31 14:42:02,727 : INFO : ball_device.bd_trough : Wait for confirm with timeout 10.0
2025-10-31 14:42:03,224 : INFO : EventManager : Event: ======'blink_off'====== Args={'priority': 0}
2025-10-31 14:42:03,810 : INFO : EventManager : Event: ======'blink_on'====== Args={'priority': 0}
2025-10-31 14:42:04,425 : INFO : EventManager : Event: ======'blink_off'====== Args={'priority': 0}
2025-10-31 14:42:04,426 : INFO : EventManager : Unordered handler for class <Auditor> on event game_ended with priority 1. Handlers: [RegisteredHandler(callback=<bound method Auditor.disable of <Auditor>>, priority=1, kwargs={}, key=UUID('6899fb6f-be13-4dd0-a97d-39699352b2cb'), condition=None, blocking_facility=None), RegisteredHandler(callback=<bound method Auditor._save_audits of <Auditor>>, priority=1, kwargs={}, key=UUID('c0b5d82b-812f-4630-9a8c-81c35dc42edb'), condition=None, blocking_facility=None)]. The order of those handlers is not defined and they will be executed in random order. This might lead to race conditions and potential bugs.
2025-10-31 14:42:05,008 : INFO : EventManager : Event: ======'blink_on'====== Args={'priority': 0}
2025-10-31 14:42:05,610 : INFO : EventManager : Event: ======'blink_off'====== Args={'priority': 0}
2025-10-31 14:42:05,610 : INFO : EventManager : Unordered handler for class <Auditor> on event game_ended with priority 1. Handlers: [RegisteredHandler(callback=<bound method Auditor.disable of <Auditor>>, priority=1, kwargs={}, key=UUID('6899fb6f-be13-4dd0-a97d-39699352b2cb'), condition=None, blocking_facility=None), RegisteredHandler(callback=<bound method Auditor._save_audits of <Auditor>>, priority=1, kwargs={}, key=UUID('c0b5d82b-812f-4630-9a8c-81c35dc42edb'), condition=None, blocking_facility=None)]. The order of those handlers is not defined and they will be executed in random order. This might lead to race conditions and potential bugs.
2025-10-31 14:42:06,213 : INFO : EventManager : Event: ======'blink_on'====== Args={'priority': 0}
2025-10-31 14:42:06,213 : INFO : SwitchController : <<<<<<< 's_start_button' active >>>>>>>
2025-10-31 14:42:06,213 : INFO : EventManager : Event: ======'sw_start'====== Args={}
2025-10-31 14:42:06,213 : INFO : EventManager : Event: ======'machine_var_audits_switches_s_start_button'====== Args={'value': 36, 'prev_value': 35, 'change': 1}
2025-10-31 14:42:06,214 : INFO : EventManager : Event: ======'player_add_request'====== Args={}
2025-10-31 14:42:06,214 : INFO : EventManager : Event: ======'player_will_add'====== Args={'number': 2}
2025-10-31 14:42:06,214 : INFO : EventManager : Event: ======'player_adding'====== Args={'player': <Player 2>, 'number': 2}
2025-10-31 14:42:06,214 : INFO : EventManager : Event: ======'player_added'====== Args={'player': <Player 2>, 'num': 2}
2025-10-31 14:42:06,214 : INFO : Mode.game : Player added successfully. Total players: 2
2025-10-31 14:42:06,214 : INFO : EventManager : Event: ======'multiplayer_game'====== Args={}
2025-10-31 14:42:06,215 : INFO : EventManager : Event: ======'player_index'====== Args={'value': 1, 'prev_value': 1, 'change': 0, 'player_num': 2}
2025-10-31 14:42:06,215 : INFO : EventManager : Event: ======'player_number'====== Args={'value': 2, 'prev_value': 2, 'change': 0, 'player_num': 2}
2025-10-31 14:42:06,215 : INFO : EventManager : Event: ======'player_score'====== Args={'value': 0, 'prev_value': 0, 'change': 0, 'player_num': 2}
2025-10-31 14:42:06,335 : INFO : SwitchController : <<<<<<< 's_start_button' inactive >>>>>>>
2025-10-31 14:42:06,814 : INFO : EventManager : Event: ======'blink_off'====== Args={'priority': 0}
2025-10-31 14:42:06,815 : INFO : EventManager : Unordered handler for class <Auditor> on event game_ended with priority 1. Handlers: [RegisteredHandler(callback=<bound method Auditor.disable of <Auditor>>, priority=1, kwargs={}, key=UUID('6899fb6f-be13-4dd0-a97d-39699352b2cb'), condition=None, blocking_facility=None), RegisteredHandler(callback=<bound method Auditor._save_audits of <Auditor>>, priority=1, kwargs={}, key=UUID('c0b5d82b-812f-4630-9a8c-81c35dc42edb'), condition=None, blocking_facility=None)]. The order of those handlers is not defined and they will be executed in random order. This might lead to race conditions and potential bugs.
2025-10-31 14:42:07,415 : INFO : EventManager : Event: ======'blink_on'====== Args={'priority': 0}
2025-10-31 14:42:08,017 : INFO : EventManager : Event: ======'blink_off'====== Args={'priority': 0}
2025-10-31 14:42:08,019 : INFO : EventManager : Unordered handler for class <Auditor> on event game_ended with priority 1. Handlers: [RegisteredHandler(callback=<bound method Auditor.disable of <Auditor>>, priority=1, kwargs={}, key=UUID('6899fb6f-be13-4dd0-a97d-39699352b2cb'), condition=None, blocking_facility=None), RegisteredHandler(callback=<bound method Auditor._save_audits of <Auditor>>, priority=1, kwargs={}, key=UUID('c0b5d82b-812f-4630-9a8c-81c35dc42edb'), condition=None, blocking_facility=None)]. The order of those handlers is not defined and they will be executed in random order. This might lead to race conditions and potential bugs.
2025-10-31 14:42:08,602 : INFO : EventManager : Event: ======'blink_on'====== Args={'priority': 0}
2025-10-31 14:42:09,219 : INFO : EventManager : Event: ======'blink_off'====== Args={'priority': 0}
2025-10-31 14:42:09,220 : INFO : EventManager : Unordered handler for class <Auditor> on event game_ended with priority 1. Handlers: [RegisteredHandler(callback=<bound method Auditor.disable of <Auditor>>, priority=1, kwargs={}, key=UUID('6899fb6f-be13-4dd0-a97d-39699352b2cb'), condition=None, blocking_facility=None), RegisteredHandler(callback=<bound method Auditor._save_audits of <Auditor>>, priority=1, kwargs={}, key=UUID('c0b5d82b-812f-4630-9a8c-81c35dc42edb'), condition=None, blocking_facility=None)]. The order of those handlers is not defined and they will be executed in random order. This might lead to race conditions and potential bugs.
2025-10-31 14:42:09,818 : INFO : EventManager : Event: ======'blink_on'====== Args={'priority': 0}
2025-10-31 14:42:10,419 : INFO : EventManager : Event: ======'blink_off'====== Args={'priority': 0}
2025-10-31 14:42:10,419 : INFO : EventManager : Unordered handler for class <Auditor> on event game_ended with priority 1. Handlers: [RegisteredHandler(callback=<bound method Auditor.disable of <Auditor>>, priority=1, kwargs={}, key=UUID('6899fb6f-be13-4dd0-a97d-39699352b2cb'), condition=None, blocking_facility=None), RegisteredHandler(callback=<bound method Auditor._save_audits of <Auditor>>, priority=1, kwargs={}, key=UUID('c0b5d82b-812f-4630-9a8c-81c35dc42edb'), condition=None, blocking_facility=None)]. The order of those handlers is not defined and they will be executed in random order. This might lead to race conditions and potential bugs.
2025-10-31 14:42:11,019 : INFO : EventManager : Event: ======'blink_on'====== Args={'priority': 0}
2025-10-31 14:42:11,602 : INFO : EventManager : Event: ======'blink_off'====== Args={'priority': 0}
2025-10-31 14:42:11,603 : INFO : EventManager : Unordered handler for class <Auditor> on event game_ended with priority 1. Handlers: [RegisteredHandler(callback=<bound method Auditor.disable of <Auditor>>, priority=1, kwargs={}, key=UUID('6899fb6f-be13-4dd0-a97d-39699352b2cb'), condition=None, blocking_facility=None), RegisteredHandler(callback=<bound method Auditor._save_audits of <Auditor>>, priority=1, kwargs={}, key=UUID('c0b5d82b-812f-4630-9a8c-81c35dc42edb'), condition=None, blocking_facility=None)]. The order of those handlers is not defined and they will be executed in random order. This might lead to race conditions and potential bugs.
2025-10-31 14:42:12,221 : INFO : EventManager : Event: ======'blink_on'====== Args={'priority': 0}
2025-10-31 14:42:12,731 : INFO : ball_device.bd_trough : State: failed_confirm
2025-10-31 14:42:12,731 : INFO : ball_device.bd_trough : Got timeout (10.0s) before confirm from <playfield.playfield>
2025-10-31 14:42:12,807 : INFO : EventManager : Event: ======'blink_off'====== Args={'priority': 0}
2025-10-31 14:42:12,808 : INFO : EventManager : Unordered handler for class <Auditor> on event game_ended with priority 1. Handlers: [RegisteredHandler(callback=<bound method Auditor.disable of <Auditor>>, priority=1, kwargs={}, key=UUID('6899fb6f-be13-4dd0-a97d-39699352b2cb'), condition=None, blocking_facility=None), RegisteredHandler(callback=<bound method Auditor._save_audits of <Auditor>>, priority=1, kwargs={}, key=UUID('c0b5d82b-812f-4630-9a8c-81c35dc42edb'), condition=None, blocking_facility=None)]. The order of those handlers is not defined and they will be executed in random order. This might lead to race conditions and potential bugs.
2025-10-31 14:42:12,822 : INFO : ball_device.bd_trough : Confirming eject because target is playfield and ball did not return.
2025-10-31 14:42:12,822 : INFO : ball_device.bd_trough : Eject successful
2025-10-31 14:42:12,822 : INFO : EventManager : Event: ======'balldevice_bd_trough_ball_eject_success'====== Args={'balls': 1, 'target': <playfield.playfield>}
2025-10-31 14:42:12,823 : INFO : EventManager : Event: ======'balldevice_playfield_ball_enter'====== Args={'new_balls': 1, 'unclaimed_balls': 1, 'device': <playfield.playfield>}
2025-10-31 14:42:12,823 : INFO : EventManager : Event: ======'playfield_ball_count_change'====== Args={'balls': 1, 'change': 1}
2025-10-31 14:42:12,823 : INFO : EventManager : Event: ======'balldevice_bd_trough_ball_count_changed'====== Args={'balls': 0}
2025-10-31 14:42:12,823 : INFO : ball_device.bd_trough : State: idle
2025-10-31 14:42:13,094 : INFO : Machine : Shutting down...
2025-10-31 14:42:13,095 : INFO : EventManager : Event: ======'shutdown'====== Args={}
2025-10-31 14:42:13,097 : INFO : EventManager : Event: ======'mode_game_will_stop'====== Args={}
2025-10-31 14:42:13,097 : INFO : EventManager : Event: ======'mode_game_stopping'====== Args={}
2025-10-31 14:42:13,099 : INFO : EventManager : Event: ======'mode_base_will_stop'====== Args={}
2025-10-31 14:42:13,099 : INFO : EventManager : Event: ======'mode_base_stopping'====== Args={}
2025-10-31 14:42:13,099 : INFO : Mode.base : Stopped.
2025-10-31 14:42:13,100 : INFO : EventManager : Event: ======'modes_active_modes_changed'====== Args={}
2025-10-31 14:42:13,100 : INFO : EventManager : Event: ======'mode_base_stopped'====== Args={}
2025-10-31 14:42:13,100 : INFO : EventManager : Event: ======'clear'====== Args={'key': 'base'}
2025-10-31 14:42:13,100 : INFO : Mode.game : Stopped.
2025-10-31 14:42:13,101 : INFO : EventManager : Event: ======'modes_active_modes_changed'====== Args={}
2025-10-31 14:42:13,101 : INFO : EventManager : Event: ======'mode_game_stopped'====== Args={}
2025-10-31 14:42:13,101 : INFO : EventManager : Event: ======'clear'====== Args={'key': 'game'}
2025-10-31 14:42:13,414 : INFO : EventManager : Event: ======'blink_on'====== Args={'priority': 0}
2025-10-31 14:42:14,020 : INFO : EventManager : Event: ======'blink_off'====== Args={'priority': 0}
2025-10-31 14:42:14,606 : INFO : EventManager : Event: ======'blink_on'====== Args={'priority': 0}
2025-10-31 14:42:15,212 : INFO : EventManager : Event: ======'blink_off'====== Args={'priority': 0}
2025-10-31 14:42:15,814 : INFO : EventManager : Event: ======'blink_on'====== Args={'priority': 0}
2025-10-31 14:42:16,421 : INFO : EventManager : Event: ======'blink_off'====== Args={'priority': 0}
2025-10-31 14:42:17,010 : INFO : EventManager : Event: ======'blink_on'====== Args={'priority': 0}
2025-10-31 14:42:17,600 : INFO : EventManager : Event: ======'blink_off'====== Args={'priority': 0}
2025-10-31 14:42:17,940 : ERROR : root : Received second SIGINT. Will exit ungracefully!
NoneType: None
