2025-10-18 16:17:00,053 : INFO : root : Loading config.
2025-10-18 16:17:00,056 : INFO : YamlMultifileConfigLoader : Machine config file #1: config.yaml
2025-10-18 16:17:00,057 : INFO : ConfigProcessor : Loading config from cache: C:\Users\antho\AppData\Local\Temp\fdca14d0c9d658ab8200d57120800af5.mpf_cache
2025-10-18 16:17:00,177 : INFO : ConfigProcessor : Loading config from cache: C:\Users\antho\AppData\Local\Temp\5dec96b1547c4adf5bdd3d1715e74bc0.mpf_cache
2025-10-18 16:17:00,178 : INFO : ConfigProcessor : Loading config from cache: C:\Users\antho\AppData\Local\Temp\202a5840610e95051f9f473dfa660cc0.mpf_cache
2025-10-18 16:17:00,178 : INFO : ConfigProcessor : Loading config from cache: C:\Users\antho\AppData\Local\Temp\5dec96b1547c4adf5bdd3d1715e74bc0.mpf_cache
2025-10-18 16:17:00,179 : INFO : ConfigProcessor : Loading config from cache: C:\Users\antho\AppData\Local\Temp\2cd13a2d3f375e00ab01d6d09a85d8e7.mpf_cache
2025-10-18 16:17:00,180 : INFO : ConfigProcessor : Loading config from cache: C:\Users\antho\AppData\Local\Temp\dab29d17bbe6500d014c71b0a57bd9b0.mpf_cache
2025-10-18 16:17:00,180 : INFO : Machine : Mission Pinball Framework Core Engine v0.80.0.dev11
2025-10-18 16:17:00,180 : INFO : Machine : Command line arguments: {'no_load_cache': False, 'create_config_cache': True, 'bcp': True, 'configfile': ['config.yaml'], 'force_assets_load': False, 'platform_integration_test': False, 'jsonlogging': False, 'logfile': 'logs\\2025-10-18-16-17-00-mpf-LAPTOP-MPGP6R69.log', 'pause': False, 'production': False, 'text_ui': False, 'loglevel': 15, 'consoleloglevel': 20, 'force_platform': 'virtual', 'syslog_address': None, 'full_logfile_path': 'C:\\Users\\antho\\nightpin\\logs\\2025-10-18-16-17-00-mpf-LAPTOP-MPGP6R69.log'}
2025-10-18 16:17:00,180 : INFO : Machine : MPF path: C:\Users\antho\mpf\Lib\site-packages\mpf
2025-10-18 16:17:00,180 : INFO : Machine : Machine path: C:\Users\antho\nightpin
2025-10-18 16:17:00,180 : INFO : Machine : Platform: win32
2025-10-18 16:17:00,181 : INFO : Machine : Python executable location: C:\Users\antho\mpf\Scripts\python.exe
2025-10-18 16:17:00,181 : INFO : Machine : Python version: 3.12.7 (64-bit)
2025-10-18 16:17:00,184 : INFO : Machine : Initializing MPF...
2025-10-18 16:17:00,283 : INFO : EventManager : Event: ======'machine_var_credits_string'====== Args={'value': 'FREE PLAY', 'prev_value': None, 'change': True}
2025-10-18 16:17:00,312 : INFO : EventManager : Event: ======'machine_var_master_volume'====== Args={'value': 0.5, 'prev_value': None, 'change': True}
2025-10-18 16:17:00,313 : INFO : EventManager : Event: ======'machine_var_mpf_version'====== Args={'value': 'Mission Pinball Framework v0.80.0.dev11', 'prev_value': None, 'change': True}
2025-10-18 16:17:00,313 : INFO : EventManager : Event: ======'machine_var_mpf_extended_version'====== Args={'value': 'Mission Pinball Framework v0.80.0.dev11, Config version:6, Show version: 6, BCP version:1.1', 'prev_value': None, 'change': True}
2025-10-18 16:17:00,313 : INFO : EventManager : Event: ======'machine_var_python_version'====== Args={'value': '3.12.7', 'prev_value': None, 'change': True}
2025-10-18 16:17:00,428 : INFO : EventManager : Event: ======'machine_var_platform'====== Args={'value': 'Windows-11-10.0.26100-SP0', 'prev_value': None, 'change': True}
2025-10-18 16:17:00,428 : INFO : EventManager : Event: ======'machine_var_platform_system'====== Args={'value': 'Windows', 'prev_value': None, 'change': True}
2025-10-18 16:17:00,428 : INFO : EventManager : Event: ======'machine_var_platform_release'====== Args={'value': '11', 'prev_value': None, 'change': True}
2025-10-18 16:17:00,428 : INFO : EventManager : Event: ======'machine_var_platform_version'====== Args={'value': '10.0.26100', 'prev_value': None, 'change': True}
2025-10-18 16:17:00,428 : INFO : EventManager : Event: ======'machine_var_platform_machine'====== Args={'value': 'AMD64', 'prev_value': None, 'change': True}
2025-10-18 16:17:00,430 : INFO : EventManager : Event: ======'machine_var_log_file_path'====== Args={'value': 'C:\\Users\\antho\\nightpin\\logs\\2025-10-18-16-17-00-mpf-LAPTOP-MPGP6R69.log', 'prev_value': None, 'change': True}
2025-10-18 16:17:00,430 : INFO : EventManager : Event: ======'init_phase_1'====== Args={}
2025-10-18 16:17:00,461 : INFO : EventManager : Event: ======'init_phase_2'====== Args={}
2025-10-18 16:17:00,463 : INFO : EventManager : Event: ======'bcp_connection_attempt'====== Args={'name': 'local_display', 'host': 'localhost', 'port': 5050}
2025-10-18 16:17:00,465 : INFO : BCPClientSocket : Connecting BCP to 'local_display' at localhost:5050...
2025-10-18 16:17:00,475 : INFO : BCPClientSocket : Connected BCP to 'local_display' localhost:5050
2025-10-18 16:17:00,476 : INFO : EventManager : Event: ======'bcp_clients_connected'====== Args={}
2025-10-18 16:17:00,476 : INFO : ball_device.bd_trough : BCH: Initial count: 0
2025-10-18 16:17:00,477 : INFO : ball_device.bd_trough : State: idle
2025-10-18 16:17:00,486 : INFO : EventManager : Event: ======'init_phase_3'====== Args={}
2025-10-18 16:17:00,491 : INFO : EventManager : Event: ======'init_phase_4'====== Args={}
2025-10-18 16:17:00,491 : INFO : BallController : Initial balls found: 0
2025-10-18 16:17:00,492 : INFO : EventManager : Event: ======'machine_var_audits_switches_s_left_outlane_rollover'====== Args={'value': 0, 'prev_value': None, 'change': True}
2025-10-18 16:17:00,492 : INFO : EventManager : Event: ======'machine_var_audits_switches_s_left_upper_bumper'====== Args={'value': 0, 'prev_value': None, 'change': True}
2025-10-18 16:17:00,492 : INFO : EventManager : Event: ======'machine_var_audits_switches_s_outer_skill_lanes'====== Args={'value': 0, 'prev_value': None, 'change': True}
2025-10-18 16:17:00,492 : INFO : EventManager : Event: ======'machine_var_audits_switches_s_right_bank_target_middle'====== Args={'value': 0, 'prev_value': None, 'change': True}
2025-10-18 16:17:00,492 : INFO : EventManager : Event: ======'machine_var_audits_switches_s_pop_bumper_right'====== Args={'value': 0, 'prev_value': None, 'change': True}
2025-10-18 16:17:00,492 : INFO : EventManager : Event: ======'machine_var_audits_switches_s_right_sling'====== Args={'value': 0, 'prev_value': None, 'change': True}
2025-10-18 16:17:00,492 : INFO : EventManager : Event: ======'machine_var_audits_switches_s_left_sling'====== Args={'value': 0, 'prev_value': None, 'change': True}
2025-10-18 16:17:00,492 : INFO : EventManager : Event: ======'machine_var_audits_switches_s_coin_right'====== Args={'value': 0, 'prev_value': None, 'change': True}
2025-10-18 16:17:00,492 : INFO : EventManager : Event: ======'machine_var_audits_switches_s_inlanes'====== Args={'value': 0, 'prev_value': None, 'change': True}
2025-10-18 16:17:00,492 : INFO : EventManager : Event: ======'machine_var_audits_switches_s_pop_bumper_bottom'====== Args={'value': 0, 'prev_value': None, 'change': True}
2025-10-18 16:17:00,492 : INFO : EventManager : Event: ======'machine_var_audits_switches_s_middle_skill_lane'====== Args={'value': 0, 'prev_value': None, 'change': True}
2025-10-18 16:17:00,492 : INFO : EventManager : Event: ======'machine_var_audits_switches_s_right_bank_target_left'====== Args={'value': 0, 'prev_value': None, 'change': True}
2025-10-18 16:17:00,493 : INFO : EventManager : Event: ======'machine_var_audits_switches_s_left_bank_target_right'====== Args={'value': 0, 'prev_value': None, 'change': True}
2025-10-18 16:17:00,493 : INFO : EventManager : Event: ======'machine_var_audits_switches_s_trough'====== Args={'value': 0, 'prev_value': None, 'change': True}
2025-10-18 16:17:00,493 : INFO : EventManager : Event: ======'machine_var_audits_switches_s_tilt'====== Args={'value': 0, 'prev_value': None, 'change': True}
2025-10-18 16:17:00,493 : INFO : EventManager : Event: ======'machine_var_audits_switches_s_left_bank_target_left'====== Args={'value': 0, 'prev_value': None, 'change': True}
2025-10-18 16:17:00,493 : INFO : EventManager : Event: ======'machine_var_audits_switches_s_left_lower_bumper'====== Args={'value': 0, 'prev_value': None, 'change': True}
2025-10-18 16:17:00,493 : INFO : EventManager : Event: ======'machine_var_audits_switches_s_right_bank_target_right'====== Args={'value': 0, 'prev_value': None, 'change': True}
2025-10-18 16:17:00,493 : INFO : EventManager : Event: ======'machine_var_audits_switches_s_stand_up'====== Args={'value': 0, 'prev_value': None, 'change': True}
2025-10-18 16:17:00,493 : INFO : EventManager : Event: ======'machine_var_audits_switches_s_saucer'====== Args={'value': 0, 'prev_value': None, 'change': True}
2025-10-18 16:17:00,493 : INFO : EventManager : Event: ======'machine_var_audits_switches_s_right_outlane_rollover'====== Args={'value': 0, 'prev_value': None, 'change': True}
2025-10-18 16:17:00,493 : INFO : EventManager : Event: ======'machine_var_audits_switches_s_left_bank_target_middle'====== Args={'value': 0, 'prev_value': None, 'change': True}
2025-10-18 16:17:00,493 : INFO : EventManager : Event: ======'machine_var_audits_switches_s_start_button'====== Args={'value': 0, 'prev_value': None, 'change': True}
2025-10-18 16:17:00,493 : INFO : EventManager : Event: ======'machine_var_audits_switches_s_slam_tilt'====== Args={'value': 0, 'prev_value': None, 'change': True}
2025-10-18 16:17:00,493 : INFO : EventManager : Event: ======'machine_var_audits_switches_s_pop_bumper_left'====== Args={'value': 0, 'prev_value': None, 'change': True}
2025-10-18 16:17:00,493 : INFO : EventManager : Event: ======'machine_var_audits_switches_s_spinner'====== Args={'value': 0, 'prev_value': None, 'change': True}
2025-10-18 16:17:00,493 : INFO : EventManager : Event: ======'machine_var_audits_switches_s_middle_upper_rollovers'====== Args={'value': 0, 'prev_value': None, 'change': True}
2025-10-18 16:17:00,493 : INFO : EventManager : Event: ======'machine_var_audits_switches_s_credit_button'====== Args={'value': 0, 'prev_value': None, 'change': True}
2025-10-18 16:17:00,493 : INFO : EventManager : Event: ======'machine_var_audits_events_game_started'====== Args={'value': 0, 'prev_value': None, 'change': True}
2025-10-18 16:17:00,493 : INFO : EventManager : Event: ======'machine_var_audits_events_game_ended'====== Args={'value': 0, 'prev_value': None, 'change': True}
2025-10-18 16:17:00,493 : INFO : EventManager : Event: ======'machine_var_audits_player_score'====== Args={'value': {'top': [], 'average': 0, 'total': 0}, 'prev_value': None, 'change': True}
2025-10-18 16:17:00,494 : INFO : EventManager : Event: ======'init_phase_5'====== Args={}
2025-10-18 16:17:00,494 : INFO : EventManager : Event: ======'init_done'====== Args={}
2025-10-18 16:17:00,494 : INFO : EventManager : Event: ======'machine_reset_phase_1'====== Args={}
2025-10-18 16:17:00,499 : INFO : EventManager : Event: ======'machine_reset_phase_2'====== Args={}
2025-10-18 16:17:00,499 : INFO : EventManager : Event: ======'machine_reset_phase_3'====== Args={}
2025-10-18 16:17:00,499 : INFO : EventManager : Event: ======'reset_complete'====== Args={}
2025-10-18 16:17:00,500 : INFO : EventManager : Event: ======'mode_attract_will_start'====== Args={}
2025-10-18 16:17:00,500 : INFO : EventManager : Event: ======'mode_attract_starting'====== Args={}
2025-10-18 16:17:00,500 : INFO : Mode.attract : Started. Priority: 10
2025-10-18 16:17:00,500 : INFO : EventManager : Event: ======'modes_active_modes_changed'====== Args={}
2025-10-18 16:17:00,500 : INFO : EventManager : Event: ======'mode_attract_started'====== Args={}
2025-10-18 16:17:00,501 : INFO : EventManager : Event: ======'collecting_balls_complete'====== Args={}
2025-10-18 16:17:00,501 : INFO : Machine : Starting the main run loop with active modes: [<Mode.attract>]
2025-10-18 16:17:34,934 : INFO : Machine : Shutting down...
2025-10-18 16:17:34,934 : INFO : EventManager : Event: ======'shutdown'====== Args={}
2025-10-18 16:17:34,935 : INFO : root : MPF run loop ended.
