2025-10-27 07:19:18,333 : INFO : root : Loading config.
2025-10-27 07:19:18,340 : INFO : YamlMultifileConfigLoader : Machine config file #1: config.yaml
2025-10-27 07:19:18,341 : INFO : ConfigProcessor : Loading config from cache: C:\Users\antho\AppData\Local\Temp\fdca14d0c9d658ab8200d57120800af5.mpf_cache
2025-10-27 07:19:18,468 : INFO : ConfigProcessor : Loading config from cache: C:\Users\antho\AppData\Local\Temp\5dec96b1547c4adf5bdd3d1715e74bc0.mpf_cache
2025-10-27 07:19:18,470 : INFO : ConfigProcessor : Loading config from cache: C:\Users\antho\AppData\Local\Temp\202a5840610e95051f9f473dfa660cc0.mpf_cache
2025-10-27 07:19:18,470 : INFO : ConfigProcessor : Loading config from cache: C:\Users\antho\AppData\Local\Temp\5dec96b1547c4adf5bdd3d1715e74bc0.mpf_cache
2025-10-27 07:19:18,471 : INFO : ConfigProcessor : Loading config from cache: C:\Users\antho\AppData\Local\Temp\2cd13a2d3f375e00ab01d6d09a85d8e7.mpf_cache
2025-10-27 07:19:18,484 : INFO : ConfigProcessor : Loading config from cache: C:\Users\antho\AppData\Local\Temp\9220b44b97b91972524500b81035d790.mpf_cache
2025-10-27 07:19:18,485 : INFO : ConfigProcessor : Loading config from cache: C:\Users\antho\AppData\Local\Temp\31ee881584fa6fce665a672a4f3f633a.mpf_cache
2025-10-27 07:19:18,486 : INFO : ConfigProcessor : Loading config from cache: C:\Users\antho\AppData\Local\Temp\5e841763ec73085bbf92358fe6afda21.mpf_cache
2025-10-27 07:19:18,486 : INFO : ConfigProcessor : Loading config from cache: C:\Users\antho\AppData\Local\Temp\b17152efa55a24f0424602723f8d3921.mpf_cache
2025-10-27 07:19:18,487 : INFO : ConfigProcessor : Loading config from cache: C:\Users\antho\AppData\Local\Temp\e87fc0e7d2f8a851b5fa3f604e0d0c6e.mpf_cache
2025-10-27 07:19:18,487 : INFO : ConfigProcessor : Loading config from cache: C:\Users\antho\AppData\Local\Temp\196ac76b6cab3a9880804c826cfbcb5c.mpf_cache
2025-10-27 07:19:18,488 : INFO : ConfigProcessor : Loading config from cache: C:\Users\antho\AppData\Local\Temp\834292dd7853e12a66732dc89828c828.mpf_cache
2025-10-27 07:19:18,488 : INFO : ConfigProcessor : Loading config from cache: C:\Users\antho\AppData\Local\Temp\ae2be9c5579852c305357e207df97e8b.mpf_cache
2025-10-27 07:19:18,488 : INFO : ConfigProcessor : Loading config from cache: C:\Users\antho\AppData\Local\Temp\46f8fa3e41dfeeb8232af2f03a13b6c4.mpf_cache
2025-10-27 07:19:18,490 : INFO : ConfigProcessor : Loading config from cache: C:\Users\antho\AppData\Local\Temp\c67e9c175da6c060302945929b27b878.mpf_cache
2025-10-27 07:19:18,491 : INFO : Machine : Mission Pinball Framework Core Engine v0.80.0.dev11
2025-10-27 07:19:18,491 : INFO : Machine : Command line arguments: {'no_load_cache': False, 'create_config_cache': True, 'bcp': True, 'configfile': ['config.yaml'], 'force_assets_load': False, 'platform_integration_test': False, 'jsonlogging': False, 'logfile': 'logs\\2025-10-27-07-19-18-mpf-LAPTOP-MPGP6R69.log', 'pause': False, 'production': False, 'text_ui': True, 'loglevel': 15, 'consoleloglevel': 20, 'force_platform': None, 'syslog_address': None, 'full_logfile_path': 'C:\\Users\\antho\\nightpin\\logs\\2025-10-27-07-19-18-mpf-LAPTOP-MPGP6R69.log'}
2025-10-27 07:19:18,491 : INFO : Machine : MPF path: C:\Users\antho\mpf\Lib\site-packages\mpf
2025-10-27 07:19:18,491 : INFO : Machine : Machine path: C:\Users\antho\nightpin
2025-10-27 07:19:18,491 : INFO : Machine : Platform: win32
2025-10-27 07:19:18,491 : INFO : Machine : Python executable location: C:\Users\antho\mpf\Scripts\python.exe
2025-10-27 07:19:18,491 : INFO : Machine : Python version: 3.12.7 (64-bit)
2025-10-27 07:19:18,493 : INFO : Machine : Initializing MPF...
2025-10-27 07:19:18,746 : INFO : lisy : Connecting to com3 at 115200bps
2025-10-27 07:19:18,747 : WARNING : lisy : Could not import terminos (this is ok on windows).
2025-10-27 07:19:18,900 : INFO : EventManager : Event: ======'machine_var_lisy_hardware'====== Args={'value': 'LISY35', 'prev_value': None, 'change': True}
2025-10-27 07:19:18,900 : INFO : EventManager : Event: ======'machine_var_lisy_version'====== Args={'value': '5.26 ', 'prev_value': None, 'change': True}
2025-10-27 07:19:18,900 : INFO : EventManager : Event: ======'machine_var_lisy_api_version'====== Args={'value': b'0.09', 'prev_value': None, 'change': True}
2025-10-27 07:19:20,232 : INFO : EventManager : Event: ======'machine_var_credits_string'====== Args={'value': 'FREE PLAY', 'prev_value': None, 'change': True}
2025-10-27 07:19:20,270 : INFO : EventManager : Event: ======'machine_var_master_volume'====== Args={'value': 0.5, 'prev_value': None, 'change': True}
2025-10-27 07:19:20,270 : INFO : EventManager : Event: ======'machine_var_player1_score'====== Args={'value': 300, 'prev_value': None, 'change': True}
2025-10-27 07:19:20,270 : INFO : EventManager : Event: ======'machine_var_player2_score'====== Args={'value': 300, 'prev_value': None, 'change': True}
2025-10-27 07:19:20,270 : INFO : EventManager : Event: ======'machine_var_player3_score'====== Args={'value': 300, 'prev_value': None, 'change': True}
2025-10-27 07:19:20,270 : INFO : EventManager : Event: ======'machine_var_mpf_version'====== Args={'value': 'Mission Pinball Framework v0.80.0.dev11', 'prev_value': None, 'change': True}
2025-10-27 07:19:20,270 : INFO : EventManager : Event: ======'machine_var_mpf_extended_version'====== Args={'value': 'Mission Pinball Framework v0.80.0.dev11, Config version:6, Show version: 6, BCP version:1.1', 'prev_value': None, 'change': True}
2025-10-27 07:19:20,271 : INFO : EventManager : Event: ======'machine_var_python_version'====== Args={'value': '3.12.7', 'prev_value': None, 'change': True}
2025-10-27 07:19:20,365 : INFO : EventManager : Event: ======'machine_var_platform'====== Args={'value': 'Windows-11-10.0.26100-SP0', 'prev_value': None, 'change': True}
2025-10-27 07:19:20,365 : INFO : EventManager : Event: ======'machine_var_platform_system'====== Args={'value': 'Windows', 'prev_value': None, 'change': True}
2025-10-27 07:19:20,365 : INFO : EventManager : Event: ======'machine_var_platform_release'====== Args={'value': '11', 'prev_value': None, 'change': True}
2025-10-27 07:19:20,365 : INFO : EventManager : Event: ======'machine_var_platform_version'====== Args={'value': '10.0.26100', 'prev_value': None, 'change': True}
2025-10-27 07:19:20,365 : INFO : EventManager : Event: ======'machine_var_platform_machine'====== Args={'value': 'AMD64', 'prev_value': None, 'change': True}
2025-10-27 07:19:20,365 : INFO : EventManager : Event: ======'machine_var_log_file_path'====== Args={'value': 'C:\\Users\\antho\\nightpin\\logs\\2025-10-27-07-19-18-mpf-LAPTOP-MPGP6R69.log', 'prev_value': None, 'change': True}
2025-10-27 07:19:20,365 : INFO : EventManager : Event: ======'init_phase_1'====== Args={}
2025-10-27 07:19:20,398 : INFO : EventManager : Event: ======'drop_target_bank_right_bank_up'====== Args={}
2025-10-27 07:19:20,398 : INFO : EventManager : Event: ======'drop_target_bank_left_bank_up'====== Args={}
2025-10-27 07:19:20,470 : INFO : EventManager : Event: ======'init_phase_2'====== Args={}
2025-10-27 07:19:20,470 : INFO : SwitchController : Found active switch: ('8', <mpf.platforms.lisy.lisy.LisyHardwarePlatform object at 0x0000025FAF7696D0>) <switch.s_trough>
2025-10-27 07:19:20,480 : INFO : EventManager : Event: ======'bcp_connection_attempt'====== Args={'name': 'local_display', 'host': 'localhost', 'port': 5050}
2025-10-27 07:19:20,482 : INFO : BCPClientSocket : Connecting BCP to 'local_display' at localhost:5050...
2025-10-27 07:19:20,502 : INFO : BCPClientSocket : Connected BCP to 'local_display' localhost:5050
2025-10-27 07:19:20,502 : INFO : EventManager : Event: ======'bcp_clients_connected'====== Args={}
2025-10-27 07:19:20,612 : INFO : ball_device.bd_trough : BCH: Initial count: 1
2025-10-27 07:19:20,646 : INFO : ball_device.bd_trough : State: idle
2025-10-27 07:19:20,647 : INFO : ball_device.bd_saucer : BCH: Initial count: 0
2025-10-27 07:19:20,647 : INFO : ball_device.bd_saucer : State: idle
2025-10-27 07:19:20,660 : INFO : EventManager : Event: ======'init_phase_3'====== Args={}
2025-10-27 07:19:20,666 : INFO : EventManager : Event: ======'init_phase_4'====== Args={}
2025-10-27 07:19:20,667 : INFO : BallController : Initial balls found: 1
2025-10-27 07:19:20,668 : INFO : EventManager : Event: ======'machine_var_audits_events_game_ended'====== Args={'value': 12, 'prev_value': None, 'change': True}
2025-10-27 07:19:20,669 : INFO : EventManager : Event: ======'machine_var_audits_events_game_started'====== Args={'value': 44, 'prev_value': None, 'change': True}
2025-10-27 07:19:20,669 : INFO : EventManager : Event: ======'machine_var_audits_missing_switches_s_coin_right'====== Args={'value': 43, 'prev_value': None, 'change': True}
2025-10-27 07:19:20,669 : INFO : EventManager : Event: ======'machine_var_audits_missing_switches_s_credit_button'====== Args={'value': 16, 'prev_value': None, 'change': True}
2025-10-27 07:19:20,669 : INFO : EventManager : Event: ======'machine_var_audits_missing_switches_s_inlanes'====== Args={'value': 2, 'prev_value': None, 'change': True}
2025-10-27 07:19:20,670 : INFO : EventManager : Event: ======'machine_var_audits_missing_switches_s_left_bank_target_left'====== Args={'value': 21, 'prev_value': None, 'change': True}
2025-10-27 07:19:20,670 : INFO : EventManager : Event: ======'machine_var_audits_missing_switches_s_left_bank_target_middle'====== Args={'value': 21, 'prev_value': None, 'change': True}
2025-10-27 07:19:20,670 : INFO : EventManager : Event: ======'machine_var_audits_missing_switches_s_left_bank_target_right'====== Args={'value': 22, 'prev_value': None, 'change': True}
2025-10-27 07:19:20,670 : INFO : EventManager : Event: ======'machine_var_audits_missing_switches_s_left_lower_bumper'====== Args={'value': 3, 'prev_value': None, 'change': True}
2025-10-27 07:19:20,670 : INFO : EventManager : Event: ======'machine_var_audits_missing_switches_s_left_outlane_rollover'====== Args={'value': 22, 'prev_value': None, 'change': True}
2025-10-27 07:19:20,670 : INFO : EventManager : Event: ======'machine_var_audits_missing_switches_s_left_pop_bumper'====== Args={'value': 3, 'prev_value': None, 'change': True}
2025-10-27 07:19:20,670 : INFO : EventManager : Event: ======'machine_var_audits_missing_switches_s_left_sling'====== Args={'value': 21, 'prev_value': None, 'change': True}
2025-10-27 07:19:20,670 : INFO : EventManager : Event: ======'machine_var_audits_missing_switches_s_left_upper_bumper'====== Args={'value': 3, 'prev_value': None, 'change': True}
2025-10-27 07:19:20,670 : INFO : EventManager : Event: ======'machine_var_audits_missing_switches_s_middle_pop_bumper'====== Args={'value': 3, 'prev_value': None, 'change': True}
2025-10-27 07:19:20,670 : INFO : EventManager : Event: ======'machine_var_audits_missing_switches_s_middle_skill_lane'====== Args={'value': 3, 'prev_value': None, 'change': True}
2025-10-27 07:19:20,670 : INFO : EventManager : Event: ======'machine_var_audits_missing_switches_s_middle_upper_rollovers'====== Args={'value': 20, 'prev_value': None, 'change': True}
2025-10-27 07:19:20,671 : INFO : EventManager : Event: ======'machine_var_audits_missing_switches_s_outer_skill_lanes'====== Args={'value': 3, 'prev_value': None, 'change': True}
2025-10-27 07:19:20,671 : INFO : EventManager : Event: ======'machine_var_audits_missing_switches_s_right_bank_target_left'====== Args={'value': 3, 'prev_value': None, 'change': True}
2025-10-27 07:19:20,671 : INFO : EventManager : Event: ======'machine_var_audits_missing_switches_s_right_bank_target_middle'====== Args={'value': 3, 'prev_value': None, 'change': True}
2025-10-27 07:19:20,671 : INFO : EventManager : Event: ======'machine_var_audits_missing_switches_s_right_bank_target_right'====== Args={'value': 3, 'prev_value': None, 'change': True}
2025-10-27 07:19:20,671 : INFO : EventManager : Event: ======'machine_var_audits_missing_switches_s_right_outlane_rollover'====== Args={'value': 15, 'prev_value': None, 'change': True}
2025-10-27 07:19:20,671 : INFO : EventManager : Event: ======'machine_var_audits_missing_switches_s_right_pop_bumper'====== Args={'value': 3, 'prev_value': None, 'change': True}
2025-10-27 07:19:20,671 : INFO : EventManager : Event: ======'machine_var_audits_missing_switches_s_right_sling'====== Args={'value': 3, 'prev_value': None, 'change': True}
2025-10-27 07:19:20,671 : INFO : EventManager : Event: ======'machine_var_audits_missing_switches_s_saucer'====== Args={'value': 3, 'prev_value': None, 'change': True}
2025-10-27 07:19:20,671 : INFO : EventManager : Event: ======'machine_var_audits_missing_switches_s_slam_tilt'====== Args={'value': 16, 'prev_value': None, 'change': True}
2025-10-27 07:19:20,671 : INFO : EventManager : Event: ======'machine_var_audits_missing_switches_s_spinner'====== Args={'value': 3, 'prev_value': None, 'change': True}
2025-10-27 07:19:20,672 : INFO : EventManager : Event: ======'machine_var_audits_missing_switches_s_stand_up'====== Args={'value': 16, 'prev_value': None, 'change': True}
2025-10-27 07:19:20,672 : INFO : EventManager : Event: ======'machine_var_audits_missing_switches_s_tilt'====== Args={'value': 14, 'prev_value': None, 'change': True}
2025-10-27 07:19:20,672 : INFO : EventManager : Event: ======'machine_var_audits_player_score'====== Args={'value': {'average': 1668, 'top': [5110, 5070, 4300, 4230, 3980, 3410, 500, 500, 300, 300], 'total': 18}, 'prev_value': None, 'change': True}
2025-10-27 07:19:20,672 : INFO : EventManager : Event: ======'machine_var_audits_switches_s_coin_right'====== Args={'value': 1, 'prev_value': None, 'change': True}
2025-10-27 07:19:20,672 : INFO : EventManager : Event: ======'machine_var_audits_switches_s_credit_button'====== Args={'value': 5, 'prev_value': None, 'change': True}
2025-10-27 07:19:20,672 : INFO : EventManager : Event: ======'machine_var_audits_switches_s_inlanes'====== Args={'value': 90, 'prev_value': None, 'change': True}
2025-10-27 07:19:20,672 : INFO : EventManager : Event: ======'machine_var_audits_switches_s_left_bank_target_left'====== Args={'value': 32, 'prev_value': None, 'change': True}
2025-10-27 07:19:20,672 : INFO : EventManager : Event: ======'machine_var_audits_switches_s_left_bank_target_middle'====== Args={'value': 22, 'prev_value': None, 'change': True}
2025-10-27 07:19:20,672 : INFO : EventManager : Event: ======'machine_var_audits_switches_s_left_bank_target_right'====== Args={'value': 24, 'prev_value': None, 'change': True}
2025-10-27 07:19:20,672 : INFO : EventManager : Event: ======'machine_var_audits_switches_s_left_lower_bumper'====== Args={'value': 29, 'prev_value': None, 'change': True}
2025-10-27 07:19:20,672 : INFO : EventManager : Event: ======'machine_var_audits_switches_s_left_outlane_rollover'====== Args={'value': 20, 'prev_value': None, 'change': True}
2025-10-27 07:19:20,673 : INFO : EventManager : Event: ======'machine_var_audits_switches_s_left_pop_bumper'====== Args={'value': 98, 'prev_value': None, 'change': True}
2025-10-27 07:19:20,673 : INFO : EventManager : Event: ======'machine_var_audits_switches_s_left_sling'====== Args={'value': 89, 'prev_value': None, 'change': True}
2025-10-27 07:19:20,673 : INFO : EventManager : Event: ======'machine_var_audits_switches_s_left_upper_bumper'====== Args={'value': 34, 'prev_value': None, 'change': True}
2025-10-27 07:19:20,673 : INFO : EventManager : Event: ======'machine_var_audits_switches_s_middle_pop_bumper'====== Args={'value': 89, 'prev_value': None, 'change': True}
2025-10-27 07:19:20,673 : INFO : EventManager : Event: ======'machine_var_audits_switches_s_middle_skill_lane'====== Args={'value': 32, 'prev_value': None, 'change': True}
2025-10-27 07:19:20,673 : INFO : EventManager : Event: ======'machine_var_audits_switches_s_middle_upper_rollovers'====== Args={'value': 66, 'prev_value': None, 'change': True}
2025-10-27 07:19:20,673 : INFO : EventManager : Event: ======'machine_var_audits_switches_s_outer_skill_lanes'====== Args={'value': 52, 'prev_value': None, 'change': True}
2025-10-27 07:19:20,673 : INFO : EventManager : Event: ======'machine_var_audits_switches_s_pop_bumper_bottom'====== Args={'value': 6, 'prev_value': None, 'change': True}
2025-10-27 07:19:20,673 : INFO : EventManager : Event: ======'machine_var_audits_switches_s_pop_bumper_left'====== Args={'value': 2, 'prev_value': None, 'change': True}
2025-10-27 07:19:20,673 : INFO : EventManager : Event: ======'machine_var_audits_switches_s_pop_bumper_right'====== Args={'value': 1, 'prev_value': None, 'change': True}
2025-10-27 07:19:20,674 : INFO : EventManager : Event: ======'machine_var_audits_switches_s_right_bank_target_left'====== Args={'value': 42, 'prev_value': None, 'change': True}
2025-10-27 07:19:20,674 : INFO : EventManager : Event: ======'machine_var_audits_switches_s_right_bank_target_middle'====== Args={'value': 31, 'prev_value': None, 'change': True}
2025-10-27 07:19:20,674 : INFO : EventManager : Event: ======'machine_var_audits_switches_s_right_bank_target_right'====== Args={'value': 31, 'prev_value': None, 'change': True}
2025-10-27 07:19:20,674 : INFO : EventManager : Event: ======'machine_var_audits_switches_s_right_outlane_rollover'====== Args={'value': 5, 'prev_value': None, 'change': True}
2025-10-27 07:19:20,674 : INFO : EventManager : Event: ======'machine_var_audits_switches_s_right_pop_bumper'====== Args={'value': 137, 'prev_value': None, 'change': True}
2025-10-27 07:19:20,674 : INFO : EventManager : Event: ======'machine_var_audits_switches_s_right_sling'====== Args={'value': 68, 'prev_value': None, 'change': True}
2025-10-27 07:19:20,674 : INFO : EventManager : Event: ======'machine_var_audits_switches_s_saucer'====== Args={'value': 46, 'prev_value': None, 'change': True}
2025-10-27 07:19:20,674 : INFO : EventManager : Event: ======'machine_var_audits_switches_s_slam_tilt'====== Args={'value': 5, 'prev_value': None, 'change': True}
2025-10-27 07:19:20,674 : INFO : EventManager : Event: ======'machine_var_audits_switches_s_spinner'====== Args={'value': 359, 'prev_value': None, 'change': True}
2025-10-27 07:19:20,674 : INFO : EventManager : Event: ======'machine_var_audits_switches_s_stand_up'====== Args={'value': 8, 'prev_value': None, 'change': True}
2025-10-27 07:19:20,675 : INFO : EventManager : Event: ======'machine_var_audits_switches_s_start_button'====== Args={'value': 24, 'prev_value': None, 'change': True}
2025-10-27 07:19:20,675 : INFO : EventManager : Event: ======'machine_var_audits_switches_s_tilt'====== Args={'value': 1, 'prev_value': None, 'change': True}
2025-10-27 07:19:20,675 : INFO : EventManager : Event: ======'machine_var_audits_switches_s_trough'====== Args={'value': 303, 'prev_value': None, 'change': True}
2025-10-27 07:19:20,675 : INFO : EventManager : Event: ======'init_phase_5'====== Args={}
2025-10-27 07:19:20,687 : INFO : EventManager : Event: ======'init_done'====== Args={}
2025-10-27 07:19:20,688 : INFO : EventManager : Event: ======'machine_reset_phase_1'====== Args={}
2025-10-27 07:19:20,695 : INFO : EventManager : Event: ======'machine_reset_phase_2'====== Args={}
2025-10-27 07:19:20,695 : INFO : EventManager : Event: ======'machine_reset_phase_3'====== Args={}
2025-10-27 07:19:20,695 : INFO : EventManager : Event: ======'mode_attract_will_start'====== Args={'queue': <QueuedEvent>}
2025-10-27 07:19:20,696 : INFO : EventManager : Event: ======'mode_attract_starting'====== Args={'queue': <QueuedEvent>}
2025-10-27 07:19:20,697 : INFO : Mode.attract : Started. Priority: 10
2025-10-27 07:19:20,697 : INFO : EventManager : Event: ======'modes_active_modes_changed'====== Args={}
2025-10-27 07:19:20,697 : INFO : EventManager : Event: ======'mode_attract_started'====== Args={'queue': <QueuedEvent>}
2025-10-27 07:19:20,697 : INFO : EventManager : Event: ======'godot_attract_on'====== Args={'priority': 0}
2025-10-27 07:19:20,699 : INFO : EventManager : Event: ======'collecting_balls_complete'====== Args={}
2025-10-27 07:19:20,699 : INFO : EventManager : Event: ======'reset_complete'====== Args={}
2025-10-27 07:19:20,713 : INFO : Machine : Starting the main run loop with active modes: [<Mode.attract>]
2025-10-27 07:19:20,745 : INFO : EventManager : Event: ======'slide_attract_created'====== Args={'_from_bcp': True}
2025-10-27 07:19:20,745 : INFO : EventManager : Event: ======'slide__removed'====== Args={'_from_bcp': True}
2025-10-27 07:19:20,746 : INFO : EventManager : Event: ======'slide_attract_active'====== Args={'original_context': 'attract', 'original_calling_context': 'mode_attract_started', 'priority': 10.0, 'queue': '<QueuedEvent>', 'cmd': 'slides_play', '_from_bcp': True}
2025-10-27 07:19:22,678 : INFO : EventManager : Event: ======'attract_wave_complete'====== Args={'priority': 0}
2025-10-27 07:19:23,068 : INFO : EventManager : Event: ======'attract_pulse_complete'====== Args={'priority': 0}
2025-10-27 07:19:23,489 : INFO : EventManager : Event: ======'attract_pulse_complete'====== Args={'priority': 0}
2025-10-27 07:19:25,485 : INFO : EventManager : Event: ======'attract_wave_complete'====== Args={'priority': 0}
2025-10-27 07:19:25,875 : INFO : EventManager : Event: ======'attract_pulse_complete'====== Args={'priority': 0}
2025-10-27 07:19:26,202 : INFO : SwitchController : <<<<<<< 's_trough' inactive >>>>>>>
2025-10-27 07:19:26,217 : INFO : SwitchController : <<<<<<< 's_trough' active >>>>>>>
2025-10-27 07:19:26,280 : INFO : EventManager : Event: ======'attract_pulse_complete'====== Args={'priority': 0}
2025-10-27 07:19:26,793 : INFO : SwitchController : <<<<<<< 's_trough' inactive >>>>>>>
2025-10-27 07:19:26,808 : INFO : SwitchController : <<<<<<< 's_trough' active >>>>>>>
2025-10-27 07:19:27,167 : INFO : SwitchController : <<<<<<< 's_trough' inactive >>>>>>>
2025-10-27 07:19:27,188 : INFO : SwitchController : <<<<<<< 's_trough' active >>>>>>>
2025-10-27 07:19:28,263 : INFO : EventManager : Event: ======'attract_wave_complete'====== Args={'priority': 0}
2025-10-27 07:19:28,655 : INFO : EventManager : Event: ======'attract_pulse_complete'====== Args={'priority': 0}
2025-10-27 07:19:29,062 : INFO : EventManager : Event: ======'attract_pulse_complete'====== Args={'priority': 0}
2025-10-27 07:19:31,060 : INFO : EventManager : Event: ======'attract_wave_complete'====== Args={'priority': 0}
2025-10-27 07:19:31,451 : INFO : EventManager : Event: ======'attract_pulse_complete'====== Args={'priority': 0}
2025-10-27 07:19:31,859 : INFO : EventManager : Event: ======'attract_pulse_complete'====== Args={'priority': 0}
2025-10-27 07:19:33,856 : INFO : EventManager : Event: ======'attract_wave_complete'====== Args={'priority': 0}
2025-10-27 07:19:34,246 : INFO : EventManager : Event: ======'attract_pulse_complete'====== Args={'priority': 0}
2025-10-27 07:19:34,652 : INFO : EventManager : Event: ======'attract_pulse_complete'====== Args={'priority': 0}
2025-10-27 07:19:36,575 : INFO : SwitchController : <<<<<<< 's_start_button' active >>>>>>>
2025-10-27 07:19:36,638 : INFO : EventManager : Event: ======'attract_wave_complete'====== Args={'priority': 0}
2025-10-27 07:19:36,717 : INFO : SwitchController : <<<<<<< 's_start_button' inactive >>>>>>>
2025-10-27 07:19:36,717 : INFO : EventManager : Event: ======'request_to_start_game'====== Args={}
2025-10-27 07:19:36,717 : INFO : EventManager : Event: ======'game_start'====== Args={'buttons': [], 'hold_time': 0.1410000000614673}
2025-10-27 07:19:36,717 : INFO : EventManager : Event: ======'mode_game_will_start'====== Args={'buttons': [], 'hold_time': 0.1410000000614673}
2025-10-27 07:19:36,718 : INFO : EventManager : Event: ======'mode_game_starting'====== Args={'buttons': [], 'hold_time': 0.1410000000614673}
2025-10-27 07:19:36,718 : INFO : Mode.game : Started. Priority: 20
2025-10-27 07:19:36,718 : INFO : EventManager : Event: ======'modes_active_modes_changed'====== Args={}
2025-10-27 07:19:36,718 : INFO : EventManager : Event: ======'mode_game_started'====== Args={'buttons': [], 'hold_time': 0.1410000000614673}
2025-10-27 07:19:36,733 : INFO : EventManager : Event: ======'game_will_start'====== Args={}
2025-10-27 07:19:36,734 : INFO : EventManager : Event: ======'game_starting'====== Args={'game': <Mode.game>}
2025-10-27 07:19:36,734 : INFO : EventManager : Event: ======'mode_attract_will_stop'====== Args={}
2025-10-27 07:19:36,734 : INFO : EventManager : Event: ======'mode_attract_stopping'====== Args={}
2025-10-27 07:19:36,734 : INFO : EventManager : Event: ======'stop_mode_attract'====== Args={'priority': 0}
2025-10-27 07:19:36,735 : INFO : EventManager : Unordered handler for class <Auditor> on event game_ended with priority 1. Handlers: [RegisteredHandler(callback=<bound method Auditor.disable of <Auditor>>, priority=1, kwargs={}, key=UUID('8e9e6558-0560-4d14-b465-396451d9a93f'), condition=None, blocking_facility=None), RegisteredHandler(callback=<bound method Auditor._save_audits of <Auditor>>, priority=1, kwargs={}, key=UUID('834eac46-9ddc-4b35-811f-977635e72078'), condition=None, blocking_facility=None)]. The order of those handlers is not defined and they will be executed in random order. This might lead to race conditions and potential bugs.
2025-10-27 07:19:36,735 : INFO : EventManager : Event: ======'godot_attract_off'====== Args={'priority': 0}
2025-10-27 07:19:36,736 : INFO : Mode.attract : Stopped.
2025-10-27 07:19:36,736 : INFO : EventManager : Event: ======'modes_active_modes_changed'====== Args={}
2025-10-27 07:19:36,736 : INFO : EventManager : Event: ======'mode_attract_stopped'====== Args={}
2025-10-27 07:19:36,736 : INFO : EventManager : Event: ======'clear'====== Args={'key': 'attract'}
2025-10-27 07:19:36,736 : INFO : EventManager : Event: ======'player_add_request'====== Args={}
2025-10-27 07:19:36,737 : INFO : EventManager : Event: ======'player_will_add'====== Args={'number': 1}
2025-10-27 07:19:36,737 : INFO : EventManager : Event: ======'player_adding'====== Args={'player': <Player 1>, 'number': 1}
2025-10-27 07:19:36,737 : INFO : EventManager : Event: ======'player_added'====== Args={'player': <Player 1>, 'num': 1}
2025-10-27 07:19:36,737 : INFO : Mode.game : Player added successfully. Total players: 1
2025-10-27 07:19:36,737 : INFO : EventManager : Event: ======'player_index'====== Args={'value': 0, 'prev_value': 0, 'change': 0, 'player_num': 1}
2025-10-27 07:19:36,737 : INFO : EventManager : Event: ======'player_number'====== Args={'value': 1, 'prev_value': 1, 'change': 0, 'player_num': 1}
2025-10-27 07:19:36,738 : INFO : EventManager : Event: ======'player_score'====== Args={'value': 0, 'prev_value': 0, 'change': 0, 'player_num': 1}
2025-10-27 07:19:36,738 : INFO : EventManager : Unordered handler for class <Auditor> on event game_ended with priority 1. Handlers: [RegisteredHandler(callback=<bound method Auditor.disable of <Auditor>>, priority=1, kwargs={}, key=UUID('8e9e6558-0560-4d14-b465-396451d9a93f'), condition=None, blocking_facility=None), RegisteredHandler(callback=<bound method Auditor._save_audits of <Auditor>>, priority=1, kwargs={}, key=UUID('834eac46-9ddc-4b35-811f-977635e72078'), condition=None, blocking_facility=None)]. The order of those handlers is not defined and they will be executed in random order. This might lead to race conditions and potential bugs.
2025-10-27 07:19:36,754 : INFO : EventManager : Event: ======'game_started'====== Args={}
2025-10-27 07:19:36,756 : INFO : EventManager : Event: ======'player_turn_will_start'====== Args={'player': <Player 1>, 'number': 1}
2025-10-27 07:19:36,759 : INFO : EventManager : Event: ======'player_turn_starting'====== Args={'player': <Player 1>, 'number': 1}
2025-10-27 07:19:36,759 : INFO : EventManager : Event: ======'player_ball'====== Args={'value': 1, 'prev_value': 0, 'change': 1, 'player_num': 1}
2025-10-27 07:19:36,760 : INFO : EventManager : Event: ======'player_turn_started'====== Args={'player': <Player 1>, 'number': 1}
2025-10-27 07:19:36,760 : INFO : EventManager : Event: ======'ball_will_start'====== Args={'player': 1, 'ball': 1, 'balls_remaining': 2, 'is_extra_ball': False}
2025-10-27 07:19:36,765 : INFO : EventManager : Event: ======'ball_starting'====== Args={'player': 1, 'ball': 1, 'balls_remaining': 2, 'is_extra_ball': False}
2025-10-27 07:19:36,765 : INFO : drop_target_bank.right_bank : All targets are already up. Will not reset bank.
2025-10-27 07:19:36,765 : INFO : drop_target_bank.left_bank : All targets are already up. Will not reset bank.
2025-10-27 07:19:36,765 : INFO : EventManager : Event: ======'balls_in_play'====== Args={'balls': 1}
2025-10-27 07:19:36,765 : INFO : EventManager : Event: ======'ball_started'====== Args={'player': 1, 'ball': 1, 'balls_remaining': 2, 'is_extra_ball': False}
2025-10-27 07:19:36,765 : INFO : EventManager : Event: ======'mode_base_will_start'====== Args={'player': 1, 'ball': 1, 'balls_remaining': 2, 'is_extra_ball': False}
2025-10-27 07:19:36,766 : INFO : EventManager : Unordered handler for class <Auditor> on event game_ended with priority 1. Handlers: [RegisteredHandler(callback=<bound method Auditor.disable of <Auditor>>, priority=1, kwargs={}, key=UUID('8e9e6558-0560-4d14-b465-396451d9a93f'), condition=None, blocking_facility=None), RegisteredHandler(callback=<bound method Auditor._save_audits of <Auditor>>, priority=1, kwargs={}, key=UUID('834eac46-9ddc-4b35-811f-977635e72078'), condition=None, blocking_facility=None)]. The order of those handlers is not defined and they will be executed in random order. This might lead to race conditions and potential bugs.
2025-10-27 07:19:36,768 : INFO : EventManager : Event: ======'mode_base_starting'====== Args={'player': 1, 'ball': 1, 'balls_remaining': 2, 'is_extra_ball': False}
2025-10-27 07:19:36,770 : INFO : Mode.base : Started. Priority: 50
2025-10-27 07:19:36,770 : INFO : EventManager : Event: ======'modes_active_modes_changed'====== Args={}
2025-10-27 07:19:36,770 : INFO : EventManager : Event: ======'mode_base_started'====== Args={'player': 1, 'ball': 1, 'balls_remaining': 2, 'is_extra_ball': False}
2025-10-27 07:19:36,770 : INFO : EventManager : Event: ======'stop_mode_attract'====== Args={'priority': 0}
2025-10-27 07:19:36,770 : INFO : EventManager : Event: ======'godot_attract_off'====== Args={'priority': 0}
2025-10-27 07:19:36,771 : INFO : EventManager : Event: ======'single_player_ball_started'====== Args={}
2025-10-27 07:19:36,782 : INFO : EventManager : Event: ======'ball_start_target'====== Args={'target': 'playfield'}
2025-10-27 07:19:36,783 : INFO : ball_device.bd_trough : Setting up player-controlled eject. Balls: 1, Target: <playfield.playfield>, player_controlled_eject_event: None
2025-10-27 07:19:36,783 : INFO : ball_device.bd_trough : Adding 1 ball(s) to the eject_queue with target <playfield.playfield>.
2025-10-27 07:19:36,783 : INFO : EventManager : Event: ======'balldevice_balls_available'====== Args={}
2025-10-27 07:19:36,784 : INFO : ball_device.bd_trough : State: waiting_for_target_ready
2025-10-27 07:19:36,784 : INFO : EventManager : Event: ======'balldevice_bd_trough_ball_eject_attempt'====== Args={'balls': 1, 'target': <playfield.playfield>, 'source': <ball_device.bd_trough>, 'mechanical_eject': False, 'num_attempts': 0}
2025-10-27 07:19:36,784 : INFO : ball_device.bd_trough : State: ejecting
2025-10-27 07:19:36,784 : INFO : ball_device.bd_trough : Ejecting ball to <playfield.playfield>
2025-10-27 07:19:36,785 : INFO : EventManager : Event: ======'balldevice_bd_trough_ejecting_ball'====== Args={'balls': 1, 'target': <playfield.playfield>, 'source': <ball_device.bd_trough>, 'mechanical_eject': False, 'num_attempts': 0}
2025-10-27 07:19:36,785 : INFO : ball_device.bd_trough : Wait for ball to leave device
2025-10-27 07:19:36,785 : INFO : coil.c_trough_eject : Pulsing Driver for 40ms (1.0 pulse_power)
2025-10-27 07:19:36,858 : INFO : SwitchController : <<<<<<< 's_trough' inactive >>>>>>>
2025-10-27 07:19:36,863 : INFO : ball_device.bd_trough : State: ball_left
2025-10-27 07:19:36,863 : INFO : ball_device.bd_trough : Ball left
2025-10-27 07:19:36,863 : INFO : ball_device.bd_trough : Wait for confirm with timeout 10.0
2025-10-27 07:19:46,851 : INFO : ball_device.bd_trough : State: failed_confirm
2025-10-27 07:19:46,851 : INFO : ball_device.bd_trough : Got timeout (10.0s) before confirm from <playfield.playfield>
2025-10-27 07:19:46,958 : INFO : ball_device.bd_trough : Confirming eject because target is playfield and ball did not return.
2025-10-27 07:19:46,958 : INFO : ball_device.bd_trough : Eject successful
2025-10-27 07:19:46,958 : INFO : EventManager : Event: ======'balldevice_bd_trough_ball_eject_success'====== Args={'balls': 1, 'target': <playfield.playfield>}
2025-10-27 07:19:46,958 : INFO : EventManager : Event: ======'balldevice_playfield_ball_enter'====== Args={'new_balls': 1, 'unclaimed_balls': 1, 'device': <playfield.playfield>}
2025-10-27 07:19:46,958 : INFO : EventManager : Event: ======'playfield_ball_count_change'====== Args={'balls': 1, 'change': 1}
2025-10-27 07:19:46,959 : INFO : EventManager : Event: ======'balldevice_bd_trough_ball_count_changed'====== Args={'balls': 0}
2025-10-27 07:19:46,959 : INFO : ball_device.bd_trough : State: idle
2025-10-27 07:19:48,082 : INFO : SwitchController : <<<<<<< 's_inlanes' active >>>>>>>
2025-10-27 07:19:48,082 : INFO : EventManager : Event: ======'s_inlanes_active'====== Args={}
2025-10-27 07:19:48,082 : INFO : EventManager : Event: ======'sw_playfield_active'====== Args={}
2025-10-27 07:19:48,082 : INFO : EventManager : Event: ======'machine_var_audits_switches_s_inlanes'====== Args={'value': 91, 'prev_value': 90, 'change': 1}
2025-10-27 07:19:48,084 : INFO : EventManager : Event: ======'player_score'====== Args={'value': 100, 'prev_value': 0, 'change': 100, 'player_num': 1, 'source': 'base'}
2025-10-27 07:19:48,085 : INFO : EventManager : Unordered handler for class <Auditor> on event game_ended with priority 1. Handlers: [RegisteredHandler(callback=<bound method Auditor.disable of <Auditor>>, priority=1, kwargs={}, key=UUID('8e9e6558-0560-4d14-b465-396451d9a93f'), condition=None, blocking_facility=None), RegisteredHandler(callback=<bound method Auditor._save_audits of <Auditor>>, priority=1, kwargs={}, key=UUID('834eac46-9ddc-4b35-811f-977635e72078'), condition=None, blocking_facility=None)]. The order of those handlers is not defined and they will be executed in random order. This might lead to race conditions and potential bugs.
2025-10-27 07:19:48,095 : INFO : EventManager : Unordered handler for class <Auditor> on event game_ended with priority 1. Handlers: [RegisteredHandler(callback=<bound method Auditor.disable of <Auditor>>, priority=1, kwargs={}, key=UUID('8e9e6558-0560-4d14-b465-396451d9a93f'), condition=None, blocking_facility=None), RegisteredHandler(callback=<bound method Auditor._save_audits of <Auditor>>, priority=1, kwargs={}, key=UUID('834eac46-9ddc-4b35-811f-977635e72078'), condition=None, blocking_facility=None)]. The order of those handlers is not defined and they will be executed in random order. This might lead to race conditions and potential bugs.
2025-10-27 07:19:48,129 : INFO : SwitchController : <<<<<<< 's_inlanes' inactive >>>>>>>
2025-10-27 07:19:49,883 : INFO : SwitchController : <<<<<<< 's_trough' active >>>>>>>
2025-10-27 07:19:49,883 : INFO : EventManager : Event: ======'machine_var_audits_switches_s_trough'====== Args={'value': 304, 'prev_value': 303, 'change': 1}
2025-10-27 07:19:49,899 : INFO : SwitchController : <<<<<<< 's_trough' inactive >>>>>>>
2025-10-27 07:19:49,945 : INFO : SwitchController : <<<<<<< 's_trough' active >>>>>>>
2025-10-27 07:19:49,945 : INFO : EventManager : Event: ======'machine_var_audits_switches_s_trough'====== Args={'value': 305, 'prev_value': 304, 'change': 1}
2025-10-27 07:19:50,447 : INFO : EventManager : Event: ======'balldevice_bd_trough_ball_count_changed'====== Args={'balls': 1}
2025-10-27 07:19:50,447 : INFO : ball_device.bd_trough : Received unexpected ball
2025-10-27 07:19:50,447 : INFO : EventManager : Event: ======'balldevice_captured_from_playfield'====== Args={'balls': 1}
2025-10-27 07:19:50,447 : INFO : EventManager : Event: ======'sw_playfield_active'====== Args={'balls': 1}
2025-10-27 07:19:50,448 : INFO : EventManager : Event: ======'playfield_ball_count_change'====== Args={'balls': 0, 'change': -1}
2025-10-27 07:19:50,448 : INFO : EventManager : Event: ======'balldevice_bd_trough_ball_enter'====== Args={'new_balls': 1, 'unclaimed_balls': 1, 'new_available_balls': 1, 'device': <ball_device.bd_trough>}
2025-10-27 07:19:50,448 : INFO : EventManager : Event: ======'ball_drain'====== Args={'device': <ball_device.bd_trough>, 'balls': 1}
2025-10-27 07:19:50,448 : INFO : EventManager : Event: ======'ball_will_end'====== Args={}
2025-10-27 07:19:50,448 : INFO : EventManager : Event: ======'balldevice_balls_available'====== Args={}
2025-10-27 07:19:50,448 : INFO : EventManager : Event: ======'balldevice_bd_trough_ball_entered'====== Args={'new_balls': 1, 'device': <ball_device.bd_trough>}
2025-10-27 07:19:50,450 : INFO : EventManager : Event: ======'ball_ending'====== Args={}
2025-10-27 07:19:50,451 : INFO : EventManager : Event: ======'mode_base_will_stop'====== Args={}
2025-10-27 07:19:50,451 : INFO : EventManager : Event: ======'mode_base_stopping'====== Args={}
2025-10-27 07:19:50,451 : INFO : EventManager : Event: ======'stop_base_music'====== Args={'priority': 0}
2025-10-27 07:19:50,451 : INFO : Mode.base : Stopped.
2025-10-27 07:19:50,451 : INFO : EventManager : Event: ======'modes_active_modes_changed'====== Args={}
2025-10-27 07:19:50,452 : INFO : EventManager : Event: ======'mode_base_stopped'====== Args={}
2025-10-27 07:19:50,452 : INFO : EventManager : Event: ======'clear'====== Args={'key': 'base'}
2025-10-27 07:19:50,465 : INFO : EventManager : Event: ======'ball_ended'====== Args={}
2025-10-27 07:19:50,465 : INFO : EventManager : Event: ======'player_turn_will_end'====== Args={'player': <Player 1>, 'number': 1}
2025-10-27 07:19:50,470 : INFO : EventManager : Event: ======'player_turn_ending'====== Args={'player': <Player 1>, 'number': 1}
2025-10-27 07:19:50,470 : INFO : EventManager : Event: ======'player_turn_ended'====== Args={'player': <Player 1>, 'number': 1}
2025-10-27 07:19:50,470 : INFO : EventManager : Event: ======'player_turn_will_start'====== Args={'player': <Player 1>, 'number': 1}
2025-10-27 07:19:50,471 : INFO : EventManager : Event: ======'player_turn_starting'====== Args={'player': <Player 1>, 'number': 1}
2025-10-27 07:19:50,471 : INFO : EventManager : Event: ======'player_ball'====== Args={'value': 2, 'prev_value': 1, 'change': 1, 'player_num': 1}
2025-10-27 07:19:50,471 : INFO : EventManager : Event: ======'player_turn_started'====== Args={'player': <Player 1>, 'number': 1}
2025-10-27 07:19:50,472 : INFO : EventManager : Event: ======'ball_will_start'====== Args={'player': 1, 'ball': 2, 'balls_remaining': 1, 'is_extra_ball': False}
2025-10-27 07:19:50,478 : INFO : EventManager : Event: ======'ball_starting'====== Args={'player': 1, 'ball': 2, 'balls_remaining': 1, 'is_extra_ball': False}
2025-10-27 07:19:50,478 : INFO : drop_target_bank.right_bank : All targets are already up. Will not reset bank.
2025-10-27 07:19:50,478 : INFO : drop_target_bank.left_bank : All targets are already up. Will not reset bank.
2025-10-27 07:19:50,478 : INFO : EventManager : Event: ======'balls_in_play'====== Args={'balls': 1}
2025-10-27 07:19:50,478 : INFO : EventManager : Event: ======'ball_started'====== Args={'player': 1, 'ball': 2, 'balls_remaining': 1, 'is_extra_ball': False}
2025-10-27 07:19:50,479 : INFO : EventManager : Event: ======'mode_base_will_start'====== Args={'player': 1, 'ball': 2, 'balls_remaining': 1, 'is_extra_ball': False}
2025-10-27 07:19:50,479 : INFO : EventManager : Unordered handler for class <Auditor> on event game_ended with priority 1. Handlers: [RegisteredHandler(callback=<bound method Auditor.disable of <Auditor>>, priority=1, kwargs={}, key=UUID('8e9e6558-0560-4d14-b465-396451d9a93f'), condition=None, blocking_facility=None), RegisteredHandler(callback=<bound method Auditor._save_audits of <Auditor>>, priority=1, kwargs={}, key=UUID('834eac46-9ddc-4b35-811f-977635e72078'), condition=None, blocking_facility=None)]. The order of those handlers is not defined and they will be executed in random order. This might lead to race conditions and potential bugs.
2025-10-27 07:19:50,482 : INFO : EventManager : Event: ======'mode_base_starting'====== Args={'player': 1, 'ball': 2, 'balls_remaining': 1, 'is_extra_ball': False}
2025-10-27 07:19:50,483 : INFO : Mode.base : Started. Priority: 50
2025-10-27 07:19:50,483 : INFO : EventManager : Event: ======'modes_active_modes_changed'====== Args={}
2025-10-27 07:19:50,483 : INFO : EventManager : Event: ======'mode_base_started'====== Args={'player': 1, 'ball': 2, 'balls_remaining': 1, 'is_extra_ball': False}
2025-10-27 07:19:50,483 : INFO : EventManager : Event: ======'stop_mode_attract'====== Args={'priority': 0}
2025-10-27 07:19:50,483 : INFO : EventManager : Event: ======'godot_attract_off'====== Args={'priority': 0}
2025-10-27 07:19:50,484 : INFO : EventManager : Event: ======'single_player_ball_started'====== Args={}
2025-10-27 07:19:50,495 : INFO : EventManager : Event: ======'ball_start_target'====== Args={'target': 'playfield'}
2025-10-27 07:19:50,495 : INFO : ball_device.bd_trough : Setting up player-controlled eject. Balls: 1, Target: <playfield.playfield>, player_controlled_eject_event: None
2025-10-27 07:19:50,495 : INFO : ball_device.bd_trough : Adding 1 ball(s) to the eject_queue with target <playfield.playfield>.
2025-10-27 07:19:50,496 : INFO : EventManager : Event: ======'balldevice_balls_available'====== Args={}
2025-10-27 07:19:50,496 : INFO : ball_device.bd_trough : State: waiting_for_target_ready
2025-10-27 07:19:50,497 : INFO : EventManager : Event: ======'balldevice_bd_trough_ball_eject_attempt'====== Args={'balls': 1, 'target': <playfield.playfield>, 'source': <ball_device.bd_trough>, 'mechanical_eject': False, 'num_attempts': 0}
2025-10-27 07:19:50,497 : INFO : ball_device.bd_trough : State: ejecting
2025-10-27 07:19:50,497 : INFO : ball_device.bd_trough : Ejecting ball to <playfield.playfield>
2025-10-27 07:19:50,497 : INFO : EventManager : Event: ======'balldevice_bd_trough_ejecting_ball'====== Args={'balls': 1, 'target': <playfield.playfield>, 'source': <ball_device.bd_trough>, 'mechanical_eject': False, 'num_attempts': 0}
2025-10-27 07:19:50,499 : INFO : ball_device.bd_trough : Wait for ball to leave device
2025-10-27 07:19:50,499 : INFO : coil.c_trough_eject : Pulsing Driver for 40ms (1.0 pulse_power)
2025-10-27 07:19:50,555 : INFO : SwitchController : <<<<<<< 's_trough' inactive >>>>>>>
2025-10-27 07:19:50,560 : INFO : ball_device.bd_trough : State: ball_left
2025-10-27 07:19:50,561 : INFO : ball_device.bd_trough : Ball left
2025-10-27 07:19:50,561 : INFO : ball_device.bd_trough : Wait for confirm with timeout 10.0
2025-10-27 07:19:54,068 : INFO : SwitchController : <<<<<<< 's_right_outlane_rollover' active >>>>>>>
2025-10-27 07:19:54,068 : INFO : EventManager : Event: ======'s_right_outlane_rollover_active'====== Args={}
2025-10-27 07:19:54,068 : INFO : EventManager : Event: ======'machine_var_audits_switches_s_right_outlane_rollover'====== Args={'value': 6, 'prev_value': 5, 'change': 1}
2025-10-27 07:19:54,069 : INFO : EventManager : Event: ======'player_score'====== Args={'value': 200, 'prev_value': 100, 'change': 100, 'player_num': 1, 'source': 'base'}
2025-10-27 07:19:54,070 : INFO : EventManager : Unordered handler for class <Auditor> on event game_ended with priority 1. Handlers: [RegisteredHandler(callback=<bound method Auditor.disable of <Auditor>>, priority=1, kwargs={}, key=UUID('8e9e6558-0560-4d14-b465-396451d9a93f'), condition=None, blocking_facility=None), RegisteredHandler(callback=<bound method Auditor._save_audits of <Auditor>>, priority=1, kwargs={}, key=UUID('834eac46-9ddc-4b35-811f-977635e72078'), condition=None, blocking_facility=None)]. The order of those handlers is not defined and they will be executed in random order. This might lead to race conditions and potential bugs.
2025-10-27 07:19:54,081 : INFO : EventManager : Unordered handler for class <Auditor> on event game_ended with priority 1. Handlers: [RegisteredHandler(callback=<bound method Auditor.disable of <Auditor>>, priority=1, kwargs={}, key=UUID('8e9e6558-0560-4d14-b465-396451d9a93f'), condition=None, blocking_facility=None), RegisteredHandler(callback=<bound method Auditor._save_audits of <Auditor>>, priority=1, kwargs={}, key=UUID('834eac46-9ddc-4b35-811f-977635e72078'), condition=None, blocking_facility=None)]. The order of those handlers is not defined and they will be executed in random order. This might lead to race conditions and potential bugs.
2025-10-27 07:19:54,082 : INFO : EventManager : Unordered handler for class <Auditor> on event game_ended with priority 1. Handlers: [RegisteredHandler(callback=<bound method Auditor.disable of <Auditor>>, priority=1, kwargs={}, key=UUID('8e9e6558-0560-4d14-b465-396451d9a93f'), condition=None, blocking_facility=None), RegisteredHandler(callback=<bound method Auditor._save_audits of <Auditor>>, priority=1, kwargs={}, key=UUID('834eac46-9ddc-4b35-811f-977635e72078'), condition=None, blocking_facility=None)]. The order of those handlers is not defined and they will be executed in random order. This might lead to race conditions and potential bugs.
2025-10-27 07:19:54,161 : INFO : SwitchController : <<<<<<< 's_right_outlane_rollover' inactive >>>>>>>
2025-10-27 07:19:56,255 : INFO : SwitchController : <<<<<<< 's_trough' active >>>>>>>
2025-10-27 07:19:56,255 : INFO : EventManager : Event: ======'machine_var_audits_switches_s_trough'====== Args={'value': 306, 'prev_value': 305, 'change': 1}
2025-10-27 07:19:56,271 : INFO : SwitchController : <<<<<<< 's_trough' inactive >>>>>>>
2025-10-27 07:19:56,318 : INFO : SwitchController : <<<<<<< 's_trough' active >>>>>>>
2025-10-27 07:19:56,318 : INFO : EventManager : Event: ======'machine_var_audits_switches_s_trough'====== Args={'value': 307, 'prev_value': 306, 'change': 1}
2025-10-27 07:19:56,334 : INFO : SwitchController : <<<<<<< 's_trough' inactive >>>>>>>
2025-10-27 07:19:56,350 : INFO : SwitchController : <<<<<<< 's_trough' active >>>>>>>
2025-10-27 07:19:56,350 : INFO : EventManager : Event: ======'machine_var_audits_switches_s_trough'====== Args={'value': 308, 'prev_value': 307, 'change': 1}
2025-10-27 07:20:00,565 : INFO : ball_device.bd_trough : State: failed_confirm
2025-10-27 07:20:00,565 : INFO : ball_device.bd_trough : Got timeout (10.0s) before confirm from <playfield.playfield>
2025-10-27 07:20:00,659 : INFO : ball_device.bd_trough : Got unknown balls. Assuming a ball returned.
2025-10-27 07:20:00,659 : INFO : EventManager : Event: ======'balldevice_bd_trough_ball_eject_failed'====== Args={'target': <playfield.playfield>, 'balls': 1, 'retry': True, 'num_attempts': 1}
2025-10-27 07:20:00,660 : INFO : ball_device.bd_trough : State: waiting_for_target_ready
2025-10-27 07:20:00,660 : INFO : EventManager : Event: ======'balldevice_bd_trough_ball_eject_attempt'====== Args={'balls': 1, 'target': <playfield.playfield>, 'source': <ball_device.bd_trough>, 'mechanical_eject': False, 'num_attempts': 1}
2025-10-27 07:20:00,661 : INFO : ball_device.bd_trough : State: ejecting
2025-10-27 07:20:00,661 : INFO : ball_device.bd_trough : Ejecting ball to <playfield.playfield>
2025-10-27 07:20:00,661 : INFO : EventManager : Event: ======'balldevice_bd_trough_ejecting_ball'====== Args={'balls': 1, 'target': <playfield.playfield>, 'source': <ball_device.bd_trough>, 'mechanical_eject': False, 'num_attempts': 1}
2025-10-27 07:20:00,661 : INFO : ball_device.bd_trough : Wait for ball to leave device
2025-10-27 07:20:00,662 : INFO : coil.c_trough_eject : Pulsing Driver for 40ms (1.0 pulse_power)
2025-10-27 07:20:00,706 : INFO : SwitchController : <<<<<<< 's_trough' inactive >>>>>>>
2025-10-27 07:20:00,712 : INFO : SwitchController : <<<<<<< 's_trough' active >>>>>>>
2025-10-27 07:20:00,712 : INFO : EventManager : Event: ======'machine_var_audits_switches_s_trough'====== Args={'value': 309, 'prev_value': 308, 'change': 1}
2025-10-27 07:20:00,717 : INFO : ball_device.bd_trough : State: ball_left
2025-10-27 07:20:00,717 : INFO : ball_device.bd_trough : Ball left
2025-10-27 07:20:00,717 : INFO : ball_device.bd_trough : Wait for confirm with timeout 10.0
2025-10-27 07:20:00,720 : INFO : SwitchController : <<<<<<< 's_trough' inactive >>>>>>>
2025-10-27 07:20:06,780 : INFO : Machine : Shutting down...
2025-10-27 07:20:06,780 : INFO : EventManager : Event: ======'shutdown'====== Args={}
2025-10-27 07:20:06,781 : INFO : EventManager : Event: ======'mode_game_will_stop'====== Args={}
2025-10-27 07:20:06,781 : INFO : EventManager : Event: ======'mode_game_stopping'====== Args={}
2025-10-27 07:20:06,782 : ERROR : asyncio : Exception in callback SegmentDisplay._current_placeholder_changed(<Task finishe...d interrupt'>>)
handle: <Handle SegmentDisplay._current_placeholder_changed(<Task finishe...d interrupt'>>)>
Traceback (most recent call last):
  File "C:\Users\antho\mpf\Lib\site-packages\mpf\core\placeholder_manager.py", line 250, in format_field
    return super().format_field(value, format_spec)
           ^^^^^^^^^^^^^^^^^^^^^^^^^^^^^^^^^^^^^^^^
  File "C:\Users\antho\AppData\Local\Programs\Python\Python312\Lib\string.py", line 264, in format_field
    return format(value, format_spec)
           ^^^^^^^^^^^^^^^^^^^^^^^^^^
TypeError: unsupported format string passed to NoneType.__format__

The above exception was the direct cause of the following exception:

Traceback (most recent call last):
  File "C:\Users\antho\AppData\Local\Programs\Python\Python312\Lib\asyncio\events.py", line 88, in _run
    self._context.run(self._callback, *self._args)
  File "C:\Users\antho\mpf\Lib\site-packages\mpf\devices\segment_display\segment_display.py", line 318, in _current_placeholder_changed
    new_text, self._current_placeholder_future = self._current_placeholder.evaluate_and_subscribe({})
                                                 ^^^^^^^^^^^^^^^^^^^^^^^^^^^^^^^^^^^^^^^^^^^^^^^^^^^^
  File "C:\Users\antho\mpf\Lib\site-packages\mpf\core\placeholder_manager.py", line 278, in evaluate_and_subscribe
    value = f.format(self.text)
            ^^^^^^^^^^^^^^^^^^^
  File "C:\Users\antho\AppData\Local\Programs\Python\Python312\Lib\string.py", line 190, in format
    return self.vformat(format_string, args, kwargs)
           ^^^^^^^^^^^^^^^^^^^^^^^^^^^^^^^^^^^^^^^^^
  File "C:\Users\antho\AppData\Local\Programs\Python\Python312\Lib\string.py", line 194, in vformat
    result, _ = self._vformat(format_string, args, kwargs, used_args, 2)
                ^^^^^^^^^^^^^^^^^^^^^^^^^^^^^^^^^^^^^^^^^^^^^^^^^^^^^^^^
  File "C:\Users\antho\AppData\Local\Programs\Python\Python312\Lib\string.py", line 247, in _vformat
    result.append(self.format_field(obj, format_spec))
                  ^^^^^^^^^^^^^^^^^^^^^^^^^^^^^^^^^^^
  File "C:\Users\antho\mpf\Lib\site-packages\mpf\core\placeholder_manager.py", line 252, in format_field
    raise AssertionError("Could not format {} with {}".format(format_spec, value)) from e
AssertionError: Could not format 0>7 with None
2025-10-27 07:20:06,785 : ERROR : asyncio : Exception in callback SegmentDisplay._current_placeholder_changed(<Task finishe...d interrupt'>>)
handle: <Handle SegmentDisplay._current_placeholder_changed(<Task finishe...d interrupt'>>)>
Traceback (most recent call last):
  File "C:\Users\antho\mpf\Lib\site-packages\mpf\core\placeholder_manager.py", line 250, in format_field
    return super().format_field(value, format_spec)
           ^^^^^^^^^^^^^^^^^^^^^^^^^^^^^^^^^^^^^^^^
  File "C:\Users\antho\AppData\Local\Programs\Python\Python312\Lib\string.py", line 264, in format_field
    return format(value, format_spec)
           ^^^^^^^^^^^^^^^^^^^^^^^^^^
TypeError: unsupported format string passed to NoneType.__format__

The above exception was the direct cause of the following exception:

Traceback (most recent call last):
  File "C:\Users\antho\AppData\Local\Programs\Python\Python312\Lib\asyncio\events.py", line 88, in _run
    self._context.run(self._callback, *self._args)
  File "C:\Users\antho\mpf\Lib\site-packages\mpf\devices\segment_display\segment_display.py", line 318, in _current_placeholder_changed
    new_text, self._current_placeholder_future = self._current_placeholder.evaluate_and_subscribe({})
                                                 ^^^^^^^^^^^^^^^^^^^^^^^^^^^^^^^^^^^^^^^^^^^^^^^^^^^^
  File "C:\Users\antho\mpf\Lib\site-packages\mpf\core\placeholder_manager.py", line 278, in evaluate_and_subscribe
    value = f.format(self.text)
            ^^^^^^^^^^^^^^^^^^^
  File "C:\Users\antho\AppData\Local\Programs\Python\Python312\Lib\string.py", line 190, in format
    return self.vformat(format_string, args, kwargs)
           ^^^^^^^^^^^^^^^^^^^^^^^^^^^^^^^^^^^^^^^^^
  File "C:\Users\antho\AppData\Local\Programs\Python\Python312\Lib\string.py", line 194, in vformat
    result, _ = self._vformat(format_string, args, kwargs, used_args, 2)
                ^^^^^^^^^^^^^^^^^^^^^^^^^^^^^^^^^^^^^^^^^^^^^^^^^^^^^^^^
  File "C:\Users\antho\AppData\Local\Programs\Python\Python312\Lib\string.py", line 247, in _vformat
    result.append(self.format_field(obj, format_spec))
                  ^^^^^^^^^^^^^^^^^^^^^^^^^^^^^^^^^^^
  File "C:\Users\antho\mpf\Lib\site-packages\mpf\core\placeholder_manager.py", line 252, in format_field
    raise AssertionError("Could not format {} with {}".format(format_spec, value)) from e
AssertionError: Could not format 0>7 with None
2025-10-27 07:20:06,786 : INFO : EventManager : Event: ======'mode_base_will_stop'====== Args={}
2025-10-27 07:20:06,786 : INFO : EventManager : Event: ======'mode_base_stopping'====== Args={}
2025-10-27 07:20:06,786 : INFO : EventManager : Event: ======'stop_base_music'====== Args={'priority': 0}
2025-10-27 07:20:06,788 : INFO : Mode.base : Stopped.
2025-10-27 07:20:06,788 : INFO : EventManager : Event: ======'modes_active_modes_changed'====== Args={}
2025-10-27 07:20:06,788 : INFO : EventManager : Event: ======'mode_base_stopped'====== Args={}
2025-10-27 07:20:06,788 : INFO : EventManager : Event: ======'clear'====== Args={'key': 'base'}
2025-10-27 07:20:06,789 : INFO : Mode.game : Stopped.
2025-10-27 07:20:06,789 : INFO : EventManager : Event: ======'modes_active_modes_changed'====== Args={}
2025-10-27 07:20:06,789 : INFO : EventManager : Event: ======'mode_game_stopped'====== Args={}
2025-10-27 07:20:06,789 : INFO : EventManager : Event: ======'clear'====== Args={'key': 'game'}
2025-10-27 07:20:06,884 : INFO : root : MPF run loop ended.
