2025-11-07 14:30:32,562 : INFO : root : Loading config.
2025-11-07 14:30:32,568 : INFO : YamlMultifileConfigLoader : Machine config file #1: config.yaml
2025-11-07 14:30:32,569 : INFO : ConfigProcessor : Loading config from cache: C:\Users\antho\AppData\Local\Temp\fdca14d0c9d658ab8200d57120800af5.mpf_cache
2025-11-07 14:30:32,697 : INFO : ConfigProcessor : Loading config from cache: C:\Users\antho\AppData\Local\Temp\5dec96b1547c4adf5bdd3d1715e74bc0.mpf_cache
2025-11-07 14:30:32,698 : INFO : ConfigProcessor : Loading config from cache: C:\Users\antho\AppData\Local\Temp\202a5840610e95051f9f473dfa660cc0.mpf_cache
2025-11-07 14:30:32,698 : INFO : ConfigProcessor : Loading config from cache: C:\Users\antho\AppData\Local\Temp\5dec96b1547c4adf5bdd3d1715e74bc0.mpf_cache
2025-11-07 14:30:32,700 : WARNING : ConfigProcessor : Config file in cache changed: C:\Users\antho\nightpin\modes\base\config\base.yaml
2025-11-07 14:30:32,700 : INFO : ConfigProcessor : Loading config from file C:\Users\antho\nightpin\modes\base\config\base.yaml.
2025-11-07 14:30:32,720 : INFO : ConfigProcessor : Loading config: C:\Users\antho\nightpin\modes\base\config\base.yaml
2025-11-07 14:30:32,720 : ERROR : ConfigProcessor : Config section 'slides' is removed in MPF 0.80 and will be ignored.
2025-11-07 14:30:32,721 : INFO : ConfigProcessor : Config file cache created: C:\Users\antho\AppData\Local\Temp\2cd13a2d3f375e00ab01d6d09a85d8e7.mpf_cache
2025-11-07 14:30:32,722 : INFO : ConfigProcessor : Loading config from cache: C:\Users\antho\AppData\Local\Temp\9220b44b97b91972524500b81035d790.mpf_cache
2025-11-07 14:30:32,723 : INFO : ConfigProcessor : Loading config from cache: C:\Users\antho\AppData\Local\Temp\aa919e501ed8450b10d3bb8e37574ac5.mpf_cache
2025-11-07 14:30:32,723 : INFO : ConfigProcessor : Loading config from cache: C:\Users\antho\AppData\Local\Temp\31ee881584fa6fce665a672a4f3f633a.mpf_cache
2025-11-07 14:30:32,725 : INFO : ConfigProcessor : Loading config from cache: C:\Users\antho\AppData\Local\Temp\5e841763ec73085bbf92358fe6afda21.mpf_cache
2025-11-07 14:30:32,726 : INFO : ConfigProcessor : Loading config from cache: C:\Users\antho\AppData\Local\Temp\7f73d12aa9beccac1cbd8c265ccda72e.mpf_cache
2025-11-07 14:30:32,726 : INFO : ConfigProcessor : Loading config from cache: C:\Users\antho\AppData\Local\Temp\a03ebaa9d6d5676c418deb142cb34911.mpf_cache
2025-11-07 14:30:32,726 : INFO : ConfigProcessor : Loading config from cache: C:\Users\antho\AppData\Local\Temp\b17152efa55a24f0424602723f8d3921.mpf_cache
2025-11-07 14:30:32,727 : INFO : ConfigProcessor : Loading config from cache: C:\Users\antho\AppData\Local\Temp\e87fc0e7d2f8a851b5fa3f604e0d0c6e.mpf_cache
2025-11-07 14:30:32,727 : INFO : ConfigProcessor : Loading config from cache: C:\Users\antho\AppData\Local\Temp\196ac76b6cab3a9880804c826cfbcb5c.mpf_cache
2025-11-07 14:30:32,728 : INFO : ConfigProcessor : Loading config from cache: C:\Users\antho\AppData\Local\Temp\55437eb303afaa980597ff60f339a871.mpf_cache
2025-11-07 14:30:32,728 : INFO : ConfigProcessor : Loading config from cache: C:\Users\antho\AppData\Local\Temp\fddc1006228d3387e6d1e46051a3638d.mpf_cache
2025-11-07 14:30:32,729 : INFO : ConfigProcessor : Loading config from cache: C:\Users\antho\AppData\Local\Temp\834292dd7853e12a66732dc89828c828.mpf_cache
2025-11-07 14:30:32,730 : INFO : ConfigProcessor : Loading config from cache: C:\Users\antho\AppData\Local\Temp\46f8fa3e41dfeeb8232af2f03a13b6c4.mpf_cache
2025-11-07 14:30:32,731 : INFO : ConfigProcessor : Loading config from cache: C:\Users\antho\AppData\Local\Temp\c67e9c175da6c060302945929b27b878.mpf_cache
2025-11-07 14:30:32,732 : INFO : Machine : Mission Pinball Framework Core Engine v0.80.0.dev11
2025-11-07 14:30:32,732 : INFO : Machine : Command line arguments: {'no_load_cache': False, 'create_config_cache': True, 'bcp': True, 'configfile': ['config.yaml'], 'force_assets_load': False, 'platform_integration_test': False, 'jsonlogging': False, 'logfile': 'logs\\2025-11-07-14-30-32-mpf-LAPTOP-MPGP6R69.log', 'pause': False, 'production': False, 'text_ui': True, 'loglevel': 15, 'consoleloglevel': 20, 'force_platform': None, 'syslog_address': None, 'full_logfile_path': 'C:\\Users\\antho\\nightpin\\logs\\2025-11-07-14-30-32-mpf-LAPTOP-MPGP6R69.log'}
2025-11-07 14:30:32,732 : INFO : Machine : MPF path: C:\Users\antho\mpf\Lib\site-packages\mpf
2025-11-07 14:30:32,732 : INFO : Machine : Machine path: C:\Users\antho\nightpin
2025-11-07 14:30:32,732 : INFO : Machine : Platform: win32
2025-11-07 14:30:32,732 : INFO : Machine : Python executable location: C:\Users\antho\mpf\Scripts\python.exe
2025-11-07 14:30:32,732 : INFO : Machine : Python version: 3.12.7 (64-bit)
2025-11-07 14:30:32,734 : INFO : Machine : Initializing MPF...
2025-11-07 14:30:32,992 : INFO : lisy : Connecting to com3 at 115200bps
2025-11-07 14:30:32,994 : WARNING : lisy : Could not import terminos (this is ok on windows).
2025-11-07 14:30:33,149 : INFO : EventManager : Event: ======'machine_var_lisy_hardware'====== Args={'value': 'LISY35', 'prev_value': None, 'change': True}
2025-11-07 14:30:33,149 : INFO : EventManager : Event: ======'machine_var_lisy_version'====== Args={'value': '5.26 ', 'prev_value': None, 'change': True}
2025-11-07 14:30:33,150 : INFO : EventManager : Event: ======'machine_var_lisy_api_version'====== Args={'value': b'0.09', 'prev_value': None, 'change': True}
2025-11-07 14:30:34,472 : INFO : EventManager : Event: ======'machine_var_credits_string'====== Args={'value': 'FREE PLAY', 'prev_value': None, 'change': True}
2025-11-07 14:30:34,504 : INFO : EventManager : Event: ======'machine_var_master_volume'====== Args={'value': 0.5, 'prev_value': None, 'change': True}
2025-11-07 14:30:34,504 : INFO : EventManager : Event: ======'machine_var_player1_score'====== Args={'value': 2100, 'prev_value': None, 'change': True}
2025-11-07 14:30:34,504 : INFO : EventManager : Event: ======'machine_var_mpf_version'====== Args={'value': 'Mission Pinball Framework v0.80.0.dev11', 'prev_value': None, 'change': True}
2025-11-07 14:30:34,504 : INFO : EventManager : Event: ======'machine_var_mpf_extended_version'====== Args={'value': 'Mission Pinball Framework v0.80.0.dev11, Config version:6, Show version: 6, BCP version:1.1', 'prev_value': None, 'change': True}
2025-11-07 14:30:34,504 : INFO : EventManager : Event: ======'machine_var_python_version'====== Args={'value': '3.12.7', 'prev_value': None, 'change': True}
2025-11-07 14:30:34,620 : INFO : EventManager : Event: ======'machine_var_platform'====== Args={'value': 'Windows-11-10.0.26100-SP0', 'prev_value': None, 'change': True}
2025-11-07 14:30:34,620 : INFO : EventManager : Event: ======'machine_var_platform_system'====== Args={'value': 'Windows', 'prev_value': None, 'change': True}
2025-11-07 14:30:34,620 : INFO : EventManager : Event: ======'machine_var_platform_release'====== Args={'value': '11', 'prev_value': None, 'change': True}
2025-11-07 14:30:34,620 : INFO : EventManager : Event: ======'machine_var_platform_version'====== Args={'value': '10.0.26100', 'prev_value': None, 'change': True}
2025-11-07 14:30:34,620 : INFO : EventManager : Event: ======'machine_var_platform_machine'====== Args={'value': 'AMD64', 'prev_value': None, 'change': True}
2025-11-07 14:30:34,620 : INFO : EventManager : Event: ======'machine_var_log_file_path'====== Args={'value': 'C:\\Users\\antho\\nightpin\\logs\\2025-11-07-14-30-32-mpf-LAPTOP-MPGP6R69.log', 'prev_value': None, 'change': True}
2025-11-07 14:30:34,620 : INFO : EventManager : Event: ======'init_phase_1'====== Args={}
2025-11-07 14:30:34,656 : INFO : EventManager : Event: ======'drop_target_bank_right_bank_up'====== Args={}
2025-11-07 14:30:34,656 : INFO : EventManager : Event: ======'drop_target_bank_left_bank_up'====== Args={}
2025-11-07 14:30:34,743 : INFO : EventManager : Event: ======'init_phase_2'====== Args={}
2025-11-07 14:30:34,751 : INFO : EventManager : Event: ======'bcp_connection_attempt'====== Args={'name': 'local_display', 'host': 'localhost', 'port': 5050}
2025-11-07 14:30:34,753 : INFO : BCPClientSocket : Connecting BCP to 'local_display' at localhost:5050...
2025-11-07 14:30:34,771 : INFO : BCPClientSocket : Connected BCP to 'local_display' localhost:5050
2025-11-07 14:30:34,771 : INFO : EventManager : Event: ======'bcp_clients_connected'====== Args={}
2025-11-07 14:30:34,876 : INFO : ball_device.bd_trough : BCH: Initial count: 0
2025-11-07 14:30:34,912 : INFO : ball_device.bd_trough : State: idle
2025-11-07 14:30:34,912 : INFO : ball_device.bd_saucer : BCH: Initial count: 0
2025-11-07 14:30:34,913 : INFO : ball_device.bd_saucer : State: idle
2025-11-07 14:30:34,940 : INFO : EventManager : Event: ======'init_phase_3'====== Args={}
2025-11-07 14:30:34,947 : INFO : EventManager : Event: ======'init_phase_4'====== Args={}
2025-11-07 14:30:34,947 : INFO : BallController : Initial balls found: 0
2025-11-07 14:30:34,948 : INFO : EventManager : Event: ======'machine_var_audits_events_game_ended'====== Args={'value': 18, 'prev_value': None, 'change': True}
2025-11-07 14:30:34,949 : INFO : EventManager : Event: ======'machine_var_audits_events_game_started'====== Args={'value': 109, 'prev_value': None, 'change': True}
2025-11-07 14:30:34,949 : INFO : EventManager : Event: ======'machine_var_audits_missing_switches_s_coin_right'====== Args={'value': 108, 'prev_value': None, 'change': True}
2025-11-07 14:30:34,949 : INFO : EventManager : Event: ======'machine_var_audits_missing_switches_s_credit_button'====== Args={'value': 81, 'prev_value': None, 'change': True}
2025-11-07 14:30:34,949 : INFO : EventManager : Event: ======'machine_var_audits_missing_switches_s_inlanes'====== Args={'value': 12, 'prev_value': None, 'change': True}
2025-11-07 14:30:34,949 : INFO : EventManager : Event: ======'machine_var_audits_missing_switches_s_left_bank_target_left'====== Args={'value': 29, 'prev_value': None, 'change': True}
2025-11-07 14:30:34,949 : INFO : EventManager : Event: ======'machine_var_audits_missing_switches_s_left_bank_target_middle'====== Args={'value': 32, 'prev_value': None, 'change': True}
2025-11-07 14:30:34,949 : INFO : EventManager : Event: ======'machine_var_audits_missing_switches_s_left_bank_target_right'====== Args={'value': 29, 'prev_value': None, 'change': True}
2025-11-07 14:30:34,949 : INFO : EventManager : Event: ======'machine_var_audits_missing_switches_s_left_inlane'====== Args={'value': 12, 'prev_value': None, 'change': True}
2025-11-07 14:30:34,949 : INFO : EventManager : Event: ======'machine_var_audits_missing_switches_s_left_lower_bumper'====== Args={'value': 17, 'prev_value': None, 'change': True}
2025-11-07 14:30:34,949 : INFO : EventManager : Event: ======'machine_var_audits_missing_switches_s_left_outlane'====== Args={'value': 12, 'prev_value': None, 'change': True}
2025-11-07 14:30:34,949 : INFO : EventManager : Event: ======'machine_var_audits_missing_switches_s_left_outlane_rollover'====== Args={'value': 23, 'prev_value': None, 'change': True}
2025-11-07 14:30:34,949 : INFO : EventManager : Event: ======'machine_var_audits_missing_switches_s_left_pop_bumper'====== Args={'value': 15, 'prev_value': None, 'change': True}
2025-11-07 14:30:34,950 : INFO : EventManager : Event: ======'machine_var_audits_missing_switches_s_left_rollover'====== Args={'value': 15, 'prev_value': None, 'change': True}
2025-11-07 14:30:34,950 : INFO : EventManager : Event: ======'machine_var_audits_missing_switches_s_left_skill_lane'====== Args={'value': 3, 'prev_value': None, 'change': True}
2025-11-07 14:30:34,950 : INFO : EventManager : Event: ======'machine_var_audits_missing_switches_s_left_upper_bumper'====== Args={'value': 22, 'prev_value': None, 'change': True}
2025-11-07 14:30:34,950 : INFO : EventManager : Event: ======'machine_var_audits_missing_switches_s_middle_pop_bumper'====== Args={'value': 13, 'prev_value': None, 'change': True}
2025-11-07 14:30:34,950 : INFO : EventManager : Event: ======'machine_var_audits_missing_switches_s_middle_rollover'====== Args={'value': 13, 'prev_value': None, 'change': True}
2025-11-07 14:30:34,950 : INFO : EventManager : Event: ======'machine_var_audits_missing_switches_s_middle_skill_lane'====== Args={'value': 4, 'prev_value': None, 'change': True}
2025-11-07 14:30:34,950 : INFO : EventManager : Event: ======'machine_var_audits_missing_switches_s_middle_upper_rollovers'====== Args={'value': 5, 'prev_value': None, 'change': True}
2025-11-07 14:30:34,950 : INFO : EventManager : Event: ======'machine_var_audits_missing_switches_s_outer_skill_lanes'====== Args={'value': 1, 'prev_value': None, 'change': True}
2025-11-07 14:30:34,950 : INFO : EventManager : Event: ======'machine_var_audits_missing_switches_s_right_bank_target_left'====== Args={'value': 12, 'prev_value': None, 'change': True}
2025-11-07 14:30:34,950 : INFO : EventManager : Event: ======'machine_var_audits_missing_switches_s_right_bank_target_middle'====== Args={'value': 22, 'prev_value': None, 'change': True}
2025-11-07 14:30:34,950 : INFO : EventManager : Event: ======'machine_var_audits_missing_switches_s_right_bank_target_right'====== Args={'value': 22, 'prev_value': None, 'change': True}
2025-11-07 14:30:34,950 : INFO : EventManager : Event: ======'machine_var_audits_missing_switches_s_right_inlane'====== Args={'value': 1, 'prev_value': None, 'change': True}
2025-11-07 14:30:34,950 : INFO : EventManager : Event: ======'machine_var_audits_missing_switches_s_right_outlane'====== Args={'value': 12, 'prev_value': None, 'change': True}
2025-11-07 14:30:34,950 : INFO : EventManager : Event: ======'machine_var_audits_missing_switches_s_right_outlane_rollover'====== Args={'value': 40, 'prev_value': None, 'change': True}
2025-11-07 14:30:34,950 : INFO : EventManager : Event: ======'machine_var_audits_missing_switches_s_right_pop_bumper'====== Args={'value': 15, 'prev_value': None, 'change': True}
2025-11-07 14:30:34,950 : INFO : EventManager : Event: ======'machine_var_audits_missing_switches_s_right_rollover'====== Args={'value': 24, 'prev_value': None, 'change': True}
2025-11-07 14:30:34,950 : INFO : EventManager : Event: ======'machine_var_audits_missing_switches_s_right_skill_lane'====== Args={'value': 3, 'prev_value': None, 'change': True}
2025-11-07 14:30:34,950 : INFO : EventManager : Event: ======'machine_var_audits_missing_switches_s_rollover_upper'====== Args={'value': 15, 'prev_value': None, 'change': True}
2025-11-07 14:30:34,950 : INFO : EventManager : Event: ======'machine_var_audits_missing_switches_s_saucer'====== Args={'value': 13, 'prev_value': None, 'change': True}
2025-11-07 14:30:34,952 : INFO : EventManager : Event: ======'machine_var_audits_missing_switches_s_slam_tilt'====== Args={'value': 47, 'prev_value': None, 'change': True}
2025-11-07 14:30:34,952 : INFO : EventManager : Event: ======'machine_var_audits_missing_switches_s_spinner'====== Args={'value': 22, 'prev_value': None, 'change': True}
2025-11-07 14:30:34,952 : INFO : EventManager : Event: ======'machine_var_audits_missing_switches_s_stand_up'====== Args={'value': 81, 'prev_value': None, 'change': True}
2025-11-07 14:30:34,952 : INFO : EventManager : Event: ======'machine_var_audits_missing_switches_s_start_button'====== Args={'value': 14, 'prev_value': None, 'change': True}
2025-11-07 14:30:34,952 : INFO : EventManager : Event: ======'machine_var_audits_missing_switches_s_tilt'====== Args={'value': 15, 'prev_value': None, 'change': True}
2025-11-07 14:30:34,952 : INFO : EventManager : Event: ======'machine_var_audits_missing_switches_s_trough'====== Args={'value': 1, 'prev_value': None, 'change': True}
2025-11-07 14:30:34,952 : INFO : EventManager : Event: ======'machine_var_audits_player_score'====== Args={'value': {'average': 1460, 'top': [5110, 5070, 4300, 4230, 3980, 3410, 2200, 2100, 1300, 1200], 'total': 26}, 'prev_value': None, 'change': True}
2025-11-07 14:30:34,952 : INFO : EventManager : Event: ======'machine_var_audits_shots_my_first_shot'====== Args={'value': 3, 'prev_value': None, 'change': True}
2025-11-07 14:30:34,952 : INFO : EventManager : Event: ======'machine_var_audits_shots_sh_eg_pop_left'====== Args={'value': 8, 'prev_value': None, 'change': True}
2025-11-07 14:30:34,952 : INFO : EventManager : Event: ======'machine_var_audits_shots_sh_eg_pop_middle'====== Args={'value': 8, 'prev_value': None, 'change': True}
2025-11-07 14:30:34,952 : INFO : EventManager : Event: ======'machine_var_audits_shots_sh_eg_pop_right'====== Args={'value': 13, 'prev_value': None, 'change': True}
2025-11-07 14:30:34,953 : INFO : EventManager : Event: ======'machine_var_audits_shots_sh_eg_right_drop_left'====== Args={'value': 4, 'prev_value': None, 'change': True}
2025-11-07 14:30:34,953 : INFO : EventManager : Event: ======'machine_var_audits_shots_sh_eg_right_drop_middle'====== Args={'value': 3, 'prev_value': None, 'change': True}
2025-11-07 14:30:34,953 : INFO : EventManager : Event: ======'machine_var_audits_shots_sh_eg_right_drop_right'====== Args={'value': 3, 'prev_value': None, 'change': True}
2025-11-07 14:30:34,953 : INFO : EventManager : Event: ======'machine_var_audits_shots_sh_eg_spinner'====== Args={'value': 2, 'prev_value': None, 'change': True}
2025-11-07 14:30:34,953 : INFO : EventManager : Event: ======'machine_var_audits_shots_sh_escape_graveyard_start'====== Args={'value': 8, 'prev_value': None, 'change': True}
2025-11-07 14:30:34,953 : INFO : EventManager : Event: ======'machine_var_audits_switches_s_coin_right'====== Args={'value': 1, 'prev_value': None, 'change': True}
2025-11-07 14:30:34,953 : INFO : EventManager : Event: ======'machine_var_audits_switches_s_credit_button'====== Args={'value': 5, 'prev_value': None, 'change': True}
2025-11-07 14:30:34,953 : INFO : EventManager : Event: ======'machine_var_audits_switches_s_inlanes'====== Args={'value': 159, 'prev_value': None, 'change': True}
2025-11-07 14:30:34,953 : INFO : EventManager : Event: ======'machine_var_audits_switches_s_left_bank_target_left'====== Args={'value': 36, 'prev_value': None, 'change': True}
2025-11-07 14:30:34,953 : INFO : EventManager : Event: ======'machine_var_audits_switches_s_left_bank_target_middle'====== Args={'value': 27, 'prev_value': None, 'change': True}
2025-11-07 14:30:34,953 : INFO : EventManager : Event: ======'machine_var_audits_switches_s_left_bank_target_right'====== Args={'value': 27, 'prev_value': None, 'change': True}
2025-11-07 14:30:34,953 : INFO : EventManager : Event: ======'machine_var_audits_switches_s_left_inlane'====== Args={'value': 1, 'prev_value': None, 'change': True}
2025-11-07 14:30:34,953 : INFO : EventManager : Event: ======'machine_var_audits_switches_s_left_lower_bumper'====== Args={'value': 34, 'prev_value': None, 'change': True}
2025-11-07 14:30:34,953 : INFO : EventManager : Event: ======'machine_var_audits_switches_s_left_outlane'====== Args={'value': 1, 'prev_value': None, 'change': True}
2025-11-07 14:30:34,953 : INFO : EventManager : Event: ======'machine_var_audits_switches_s_left_outlane_rollover'====== Args={'value': 23, 'prev_value': None, 'change': True}
2025-11-07 14:30:34,953 : INFO : EventManager : Event: ======'machine_var_audits_switches_s_left_pop_bumper'====== Args={'value': 128, 'prev_value': None, 'change': True}
2025-11-07 14:30:34,954 : INFO : EventManager : Event: ======'machine_var_audits_switches_s_left_rollover'====== Args={'value': 2, 'prev_value': None, 'change': True}
2025-11-07 14:30:34,954 : INFO : EventManager : Event: ======'machine_var_audits_switches_s_left_skill_lane'====== Args={'value': 6, 'prev_value': None, 'change': True}
2025-11-07 14:30:34,954 : INFO : EventManager : Event: ======'machine_var_audits_switches_s_left_sling'====== Args={'value': 96, 'prev_value': None, 'change': True}
2025-11-07 14:30:34,954 : INFO : EventManager : Event: ======'machine_var_audits_switches_s_left_upper_bumper'====== Args={'value': 44, 'prev_value': None, 'change': True}
2025-11-07 14:30:34,954 : INFO : EventManager : Event: ======'machine_var_audits_switches_s_middle_pop_bumper'====== Args={'value': 131, 'prev_value': None, 'change': True}
2025-11-07 14:30:34,954 : INFO : EventManager : Event: ======'machine_var_audits_switches_s_middle_rollover'====== Args={'value': 9, 'prev_value': None, 'change': True}
2025-11-07 14:30:34,954 : INFO : EventManager : Event: ======'machine_var_audits_switches_s_middle_skill_lane'====== Args={'value': 88, 'prev_value': None, 'change': True}
2025-11-07 14:30:34,954 : INFO : EventManager : Event: ======'machine_var_audits_switches_s_middle_upper_rollovers'====== Args={'value': 97, 'prev_value': None, 'change': True}
2025-11-07 14:30:34,954 : INFO : EventManager : Event: ======'machine_var_audits_switches_s_outer_skill_lanes'====== Args={'value': 133, 'prev_value': None, 'change': True}
2025-11-07 14:30:34,954 : INFO : EventManager : Event: ======'machine_var_audits_switches_s_pop_bumper_bottom'====== Args={'value': 6, 'prev_value': None, 'change': True}
2025-11-07 14:30:34,954 : INFO : EventManager : Event: ======'machine_var_audits_switches_s_pop_bumper_left'====== Args={'value': 2, 'prev_value': None, 'change': True}
2025-11-07 14:30:34,954 : INFO : EventManager : Event: ======'machine_var_audits_switches_s_pop_bumper_right'====== Args={'value': 1, 'prev_value': None, 'change': True}
2025-11-07 14:30:34,954 : INFO : EventManager : Event: ======'machine_var_audits_switches_s_right_bank_target_left'====== Args={'value': 56, 'prev_value': None, 'change': True}
2025-11-07 14:30:34,954 : INFO : EventManager : Event: ======'machine_var_audits_switches_s_right_bank_target_middle'====== Args={'value': 43, 'prev_value': None, 'change': True}
2025-11-07 14:30:34,955 : INFO : EventManager : Event: ======'machine_var_audits_switches_s_right_bank_target_right'====== Args={'value': 40, 'prev_value': None, 'change': True}
2025-11-07 14:30:34,955 : INFO : EventManager : Event: ======'machine_var_audits_switches_s_right_inlane'====== Args={'value': 16, 'prev_value': None, 'change': True}
2025-11-07 14:30:34,955 : INFO : EventManager : Event: ======'machine_var_audits_switches_s_right_outlane'====== Args={'value': 1, 'prev_value': None, 'change': True}
2025-11-07 14:30:34,955 : INFO : EventManager : Event: ======'machine_var_audits_switches_s_right_outlane_rollover'====== Args={'value': 6, 'prev_value': None, 'change': True}
2025-11-07 14:30:34,955 : INFO : EventManager : Event: ======'machine_var_audits_switches_s_right_pop_bumper'====== Args={'value': 183, 'prev_value': None, 'change': True}
2025-11-07 14:30:34,955 : INFO : EventManager : Event: ======'machine_var_audits_switches_s_right_rollover'====== Args={'value': 0, 'prev_value': None, 'change': True}
2025-11-07 14:30:34,955 : INFO : EventManager : Event: ======'machine_var_audits_switches_s_right_skill_lane'====== Args={'value': 4, 'prev_value': None, 'change': True}
2025-11-07 14:30:34,955 : INFO : EventManager : Event: ======'machine_var_audits_switches_s_right_sling'====== Args={'value': 73, 'prev_value': None, 'change': True}
2025-11-07 14:30:34,955 : INFO : EventManager : Event: ======'machine_var_audits_switches_s_rollover_upper'====== Args={'value': 3, 'prev_value': None, 'change': True}
2025-11-07 14:30:34,955 : INFO : EventManager : Event: ======'machine_var_audits_switches_s_saucer'====== Args={'value': 103, 'prev_value': None, 'change': True}
2025-11-07 14:30:34,955 : INFO : EventManager : Event: ======'machine_var_audits_switches_s_slam_tilt'====== Args={'value': 6, 'prev_value': None, 'change': True}
2025-11-07 14:30:34,955 : INFO : EventManager : Event: ======'machine_var_audits_switches_s_spinner'====== Args={'value': 430, 'prev_value': None, 'change': True}
2025-11-07 14:30:34,955 : INFO : EventManager : Event: ======'machine_var_audits_switches_s_stand_up'====== Args={'value': 8, 'prev_value': None, 'change': True}
2025-11-07 14:30:34,956 : INFO : EventManager : Event: ======'machine_var_audits_switches_s_start_button'====== Args={'value': 39, 'prev_value': None, 'change': True}
2025-11-07 14:30:34,956 : INFO : EventManager : Event: ======'machine_var_audits_switches_s_tilt'====== Args={'value': 2, 'prev_value': None, 'change': True}
2025-11-07 14:30:34,956 : INFO : EventManager : Event: ======'machine_var_audits_switches_s_trough'====== Args={'value': 505, 'prev_value': None, 'change': True}
2025-11-07 14:30:34,956 : INFO : EventManager : Event: ======'init_phase_5'====== Args={}
2025-11-07 14:30:34,985 : INFO : EventManager : Event: ======'init_done'====== Args={}
2025-11-07 14:30:34,986 : INFO : EventManager : Event: ======'machine_reset_phase_1'====== Args={}
2025-11-07 14:30:34,987 : INFO : SwitchController : <<<<<<< 's_trough' active >>>>>>>
2025-11-07 14:30:34,997 : INFO : SwitchController : <<<<<<< 's_trough' inactive >>>>>>>
2025-11-07 14:30:35,002 : INFO : EventManager : Event: ======'machine_reset_phase_2'====== Args={}
2025-11-07 14:30:35,002 : INFO : SwitchController : <<<<<<< 's_trough' active >>>>>>>
2025-11-07 14:30:35,003 : INFO : EventManager : Event: ======'machine_reset_phase_3'====== Args={}
2025-11-07 14:30:35,008 : INFO : EventManager : Event: ======'mode_attract_will_start'====== Args={'queue': <QueuedEvent>}
2025-11-07 14:30:35,009 : INFO : EventManager : Event: ======'mode_attract_starting'====== Args={'queue': <QueuedEvent>}
2025-11-07 14:30:35,009 : INFO : Mode.attract : Started. Priority: 10
2025-11-07 14:30:35,009 : INFO : EventManager : Event: ======'modes_active_modes_changed'====== Args={}
2025-11-07 14:30:35,009 : INFO : EventManager : Event: ======'mode_attract_started'====== Args={'queue': <QueuedEvent>}
2025-11-07 14:30:35,010 : INFO : EventManager : Event: ======'godot_attract_on'====== Args={'priority': 0}
2025-11-07 14:30:35,010 : INFO : EventManager : Event: ======'collecting_balls_complete'====== Args={}
2025-11-07 14:30:35,011 : INFO : EventManager : Event: ======'reset_complete'====== Args={}
2025-11-07 14:30:35,025 : INFO : Machine : Starting the main run loop with active modes: [<Mode.attract>]
2025-11-07 14:30:35,056 : INFO : EventManager : Event: ======'slide_attract_created'====== Args={'_from_bcp': True}
2025-11-07 14:30:35,057 : INFO : EventManager : Event: ======'slide__removed'====== Args={'_from_bcp': True}
2025-11-07 14:30:35,057 : INFO : EventManager : Event: ======'slide_attract_active'====== Args={'original_context': 'attract', 'original_calling_context': 'mode_attract_started', 'priority': 10.0, 'queue': '<QueuedEvent>', 'cmd': 'slides_play', '_from_bcp': True}
2025-11-07 14:30:35,505 : INFO : EventManager : Event: ======'balldevice_bd_trough_ball_count_changed'====== Args={'balls': 1}
2025-11-07 14:30:35,505 : INFO : ball_device.bd_trough : Received unexpected ball
2025-11-07 14:30:35,505 : INFO : EventManager : Event: ======'balldevice_captured_from_playfield'====== Args={'balls': 1}
2025-11-07 14:30:35,506 : INFO : EventManager : Event: ======'sw_playfield_active'====== Args={'balls': 1}
2025-11-07 14:30:35,506 : INFO : EventManager : Event: ======'playfield_active'====== Args={'source': None}
2025-11-07 14:30:35,506 : INFO : EventManager : Event: ======'unexpected_ball_on_playfield'====== Args={}
2025-11-07 14:30:35,506 : INFO : EventManager : Event: ======'playfield_ball_count_change'====== Args={'balls': -1, 'change': -1}
2025-11-07 14:30:35,506 : INFO : EventManager : Event: ======'balldevice_playfield_ball_enter'====== Args={'new_balls': 1, 'unclaimed_balls': 1, 'device': <playfield.playfield>}
2025-11-07 14:30:35,507 : INFO : EventManager : Event: ======'playfield_ball_count_change'====== Args={'balls': 0, 'change': 1}
2025-11-07 14:30:35,507 : INFO : BallController : Found a new ball which was captured from playfield. Known balls: 1
2025-11-07 14:30:35,507 : INFO : EventManager : Event: ======'found_new_ball'====== Args={}
2025-11-07 14:30:35,507 : INFO : EventManager : Event: ======'balldevice_bd_trough_ball_enter'====== Args={'new_balls': 1, 'unclaimed_balls': 1, 'new_available_balls': 1, 'device': <ball_device.bd_trough>}
2025-11-07 14:30:35,507 : INFO : EventManager : Event: ======'ball_drain'====== Args={'device': <ball_device.bd_trough>, 'balls': 1}
2025-11-07 14:30:35,508 : INFO : EventManager : Event: ======'balldevice_balls_available'====== Args={}
2025-11-07 14:30:35,508 : INFO : EventManager : Event: ======'balldevice_bd_trough_ball_entered'====== Args={'new_balls': 1, 'device': <ball_device.bd_trough>}
2025-11-07 14:30:36,560 : INFO : SwitchController : <<<<<<< 's_start_button' active >>>>>>>
2025-11-07 14:30:36,747 : INFO : SwitchController : <<<<<<< 's_start_button' inactive >>>>>>>
2025-11-07 14:30:36,747 : INFO : EventManager : Event: ======'request_to_start_game'====== Args={}
2025-11-07 14:30:36,747 : INFO : EventManager : Event: ======'game_start'====== Args={'buttons': [], 'hold_time': 0.18700000015087426}
2025-11-07 14:30:36,747 : INFO : EventManager : Event: ======'mode_game_will_start'====== Args={'buttons': [], 'hold_time': 0.18700000015087426}
2025-11-07 14:30:36,748 : INFO : EventManager : Event: ======'mode_game_starting'====== Args={'buttons': [], 'hold_time': 0.18700000015087426}
2025-11-07 14:30:36,748 : INFO : Mode.game : Started. Priority: 20
2025-11-07 14:30:36,748 : INFO : EventManager : Event: ======'modes_active_modes_changed'====== Args={}
2025-11-07 14:30:36,748 : INFO : EventManager : Event: ======'mode_game_started'====== Args={'buttons': [], 'hold_time': 0.18700000015087426}
2025-11-07 14:30:36,763 : INFO : EventManager : Event: ======'game_will_start'====== Args={}
2025-11-07 14:30:36,764 : INFO : EventManager : Event: ======'game_starting'====== Args={'game': <Mode.game>}
2025-11-07 14:30:36,764 : INFO : EventManager : Event: ======'mode_attract_will_stop'====== Args={}
2025-11-07 14:30:36,764 : INFO : EventManager : Event: ======'mode_attract_stopping'====== Args={}
2025-11-07 14:30:36,764 : INFO : EventManager : Event: ======'godot_attract_off'====== Args={'priority': 0}
2025-11-07 14:30:36,765 : INFO : EventManager : Unordered handler for class <Auditor> on event game_ended with priority 1. Handlers: [RegisteredHandler(callback=<bound method Auditor.disable of <Auditor>>, priority=1, kwargs={}, key=UUID('5284abda-d59f-412a-85a7-7aa3f5d6ad8c'), condition=None, blocking_facility=None), RegisteredHandler(callback=<bound method Auditor._save_audits of <Auditor>>, priority=1, kwargs={}, key=UUID('280859b4-98f3-453a-bd93-841c96bdd07d'), condition=None, blocking_facility=None)]. The order of those handlers is not defined and they will be executed in random order. This might lead to race conditions and potential bugs.
2025-11-07 14:30:36,765 : INFO : EventManager : Event: ======'godot_attract_off'====== Args={'priority': 0}
2025-11-07 14:30:36,766 : INFO : Mode.attract : Stopped.
2025-11-07 14:30:36,766 : INFO : EventManager : Event: ======'modes_active_modes_changed'====== Args={}
2025-11-07 14:30:36,766 : INFO : EventManager : Event: ======'mode_attract_stopped'====== Args={}
2025-11-07 14:30:36,766 : INFO : EventManager : Event: ======'clear'====== Args={'key': 'attract'}
2025-11-07 14:30:36,766 : INFO : EventManager : Event: ======'player_add_request'====== Args={}
2025-11-07 14:30:36,767 : INFO : EventManager : Event: ======'player_will_add'====== Args={'number': 1}
2025-11-07 14:30:36,767 : INFO : EventManager : Event: ======'player_adding'====== Args={'player': <Player 1>, 'number': 1}
2025-11-07 14:30:36,767 : INFO : EventManager : Event: ======'player_added'====== Args={'player': <Player 1>, 'num': 1}
2025-11-07 14:30:36,767 : INFO : Mode.game : Player added successfully. Total players: 1
2025-11-07 14:30:36,767 : INFO : EventManager : Event: ======'player_index'====== Args={'value': 0, 'prev_value': 0, 'change': 0, 'player_num': 1}
2025-11-07 14:30:36,768 : INFO : EventManager : Event: ======'player_number'====== Args={'value': 1, 'prev_value': 1, 'change': 0, 'player_num': 1}
2025-11-07 14:30:36,768 : INFO : EventManager : Event: ======'player_score'====== Args={'value': 0, 'prev_value': 0, 'change': 0, 'player_num': 1}
2025-11-07 14:30:36,768 : INFO : EventManager : Unordered handler for class <Auditor> on event game_ended with priority 1. Handlers: [RegisteredHandler(callback=<bound method Auditor.disable of <Auditor>>, priority=1, kwargs={}, key=UUID('5284abda-d59f-412a-85a7-7aa3f5d6ad8c'), condition=None, blocking_facility=None), RegisteredHandler(callback=<bound method Auditor._save_audits of <Auditor>>, priority=1, kwargs={}, key=UUID('280859b4-98f3-453a-bd93-841c96bdd07d'), condition=None, blocking_facility=None)]. The order of those handlers is not defined and they will be executed in random order. This might lead to race conditions and potential bugs.
2025-11-07 14:30:36,783 : INFO : EventManager : Event: ======'game_started'====== Args={}
2025-11-07 14:30:36,784 : INFO : EventManager : Event: ======'blink_on'====== Args={'priority': 0}
2025-11-07 14:30:36,785 : INFO : EventManager : Event: ======'player_turn_will_start'====== Args={'player': <Player 1>, 'number': 1}
2025-11-07 14:30:36,790 : INFO : EventManager : Event: ======'player_turn_starting'====== Args={'player': <Player 1>, 'number': 1}
2025-11-07 14:30:36,791 : INFO : EventManager : Event: ======'player_ball'====== Args={'value': 1, 'prev_value': 0, 'change': 1, 'player_num': 1}
2025-11-07 14:30:36,791 : INFO : EventManager : Event: ======'player_turn_started'====== Args={'player': <Player 1>, 'number': 1}
2025-11-07 14:30:36,792 : INFO : EventManager : Event: ======'ball_will_start'====== Args={'player': 1, 'ball': 1, 'balls_remaining': 2, 'is_extra_ball': False}
2025-11-07 14:30:36,797 : INFO : EventManager : Event: ======'ball_starting'====== Args={'player': 1, 'ball': 1, 'balls_remaining': 2, 'is_extra_ball': False}
2025-11-07 14:30:36,798 : INFO : EventManager : Event: ======'mode_base_will_start'====== Args={'queue': <QueuedEvent>, 'player': 1, 'ball': 1, 'balls_remaining': 2, 'is_extra_ball': False}
2025-11-07 14:30:36,798 : INFO : EventManager : Event: ======'player_shot_sh_escape_graveyard_start_enabled'====== Args={'value': False, 'prev_value': 0, 'change': 0, 'player_num': 1}
2025-11-07 14:30:36,798 : INFO : EventManager : Unordered handler for class <Auditor> on event game_ended with priority 1. Handlers: [RegisteredHandler(callback=<bound method Auditor.disable of <Auditor>>, priority=1, kwargs={}, key=UUID('5284abda-d59f-412a-85a7-7aa3f5d6ad8c'), condition=None, blocking_facility=None), RegisteredHandler(callback=<bound method Auditor._save_audits of <Auditor>>, priority=1, kwargs={}, key=UUID('280859b4-98f3-453a-bd93-841c96bdd07d'), condition=None, blocking_facility=None)]. The order of those handlers is not defined and they will be executed in random order. This might lead to race conditions and potential bugs.
2025-11-07 14:30:36,799 : INFO : EventManager : Unordered handler for class <Auditor> on event game_ended with priority 1. Handlers: [RegisteredHandler(callback=<bound method Auditor.disable of <Auditor>>, priority=1, kwargs={}, key=UUID('5284abda-d59f-412a-85a7-7aa3f5d6ad8c'), condition=None, blocking_facility=None), RegisteredHandler(callback=<bound method Auditor._save_audits of <Auditor>>, priority=1, kwargs={}, key=UUID('280859b4-98f3-453a-bd93-841c96bdd07d'), condition=None, blocking_facility=None)]. The order of those handlers is not defined and they will be executed in random order. This might lead to race conditions and potential bugs.
2025-11-07 14:30:36,801 : INFO : EventManager : Event: ======'mode_base_starting'====== Args={'queue': <QueuedEvent>, 'player': 1, 'ball': 1, 'balls_remaining': 2, 'is_extra_ball': False}
2025-11-07 14:30:36,801 : INFO : drop_target_bank.right_bank : All targets are already up. Will not reset bank.
2025-11-07 14:30:36,801 : INFO : drop_target_bank.left_bank : All targets are already up. Will not reset bank.
2025-11-07 14:30:36,802 : INFO : EventManager : Event: ======'balls_in_play'====== Args={'balls': 1}
2025-11-07 14:30:36,802 : INFO : EventManager : Event: ======'ball_started'====== Args={'player': 1, 'ball': 1, 'balls_remaining': 2, 'is_extra_ball': False}
2025-11-07 14:30:36,802 : INFO : EventManager : Event: ======'logicblock_eg_pop_counter_updated'====== Args={'value': 0, 'enabled': True}
2025-11-07 14:30:36,802 : INFO : EventManager : Event: ======'logicblock_eg_pop_counter_updated'====== Args={'value': 0, 'enabled': True}
2025-11-07 14:30:36,803 : INFO : Mode.base : Started. Priority: 50
2025-11-07 14:30:36,803 : INFO : EventManager : Event: ======'modes_active_modes_changed'====== Args={}
2025-11-07 14:30:36,803 : INFO : EventManager : Event: ======'mode_base_started'====== Args={'queue': <QueuedEvent>, 'player': 1, 'ball': 1, 'balls_remaining': 2, 'is_extra_ball': False}
2025-11-07 14:30:36,803 : INFO : EventManager : Event: ======'logicblock_eg_pop_counter_updated'====== Args={'value': 0, 'enabled': True}
2025-11-07 14:30:36,803 : INFO : EventManager : Event: ======'start_firstball_intro'====== Args={'priority': 0}
2025-11-07 14:30:36,804 : INFO : EventManager : Unordered handler for class <Auditor> on event game_ended with priority 1. Handlers: [RegisteredHandler(callback=<bound method Auditor.disable of <Auditor>>, priority=1, kwargs={}, key=UUID('5284abda-d59f-412a-85a7-7aa3f5d6ad8c'), condition=None, blocking_facility=None), RegisteredHandler(callback=<bound method Auditor._save_audits of <Auditor>>, priority=1, kwargs={}, key=UUID('280859b4-98f3-453a-bd93-841c96bdd07d'), condition=None, blocking_facility=None)]. The order of those handlers is not defined and they will be executed in random order. This might lead to race conditions and potential bugs.
2025-11-07 14:30:36,805 : INFO : EventManager : Event: ======'stop_mode_attract'====== Args={'priority': 0}
2025-11-07 14:30:36,805 : INFO : EventManager : Event: ======'mode_attract_will_stop'====== Args={'priority': 0}
2025-11-07 14:30:36,805 : INFO : EventManager : Event: ======'godot_attract_off'====== Args={'priority': 0}
2025-11-07 14:30:36,805 : INFO : EventManager : Event: ======'godot_play_base'====== Args={'priority': 0}
2025-11-07 14:30:36,806 : INFO : EventManager : Event: ======'single_player_ball_started'====== Args={}
2025-11-07 14:30:36,820 : INFO : EventManager : Event: ======'ball_start_target'====== Args={'target': 'playfield'}
2025-11-07 14:30:36,821 : INFO : ball_device.bd_trough : Setting up player-controlled eject. Balls: 1, Target: <playfield.playfield>, player_controlled_eject_event: None
2025-11-07 14:30:36,821 : INFO : ball_device.bd_trough : Adding 1 ball(s) to the eject_queue with target <playfield.playfield>.
2025-11-07 14:30:36,821 : INFO : EventManager : Event: ======'balldevice_balls_available'====== Args={}
2025-11-07 14:30:36,822 : INFO : ball_device.bd_trough : State: waiting_for_target_ready
2025-11-07 14:30:36,822 : INFO : EventManager : Event: ======'balldevice_bd_trough_ball_eject_attempt'====== Args={'balls': 1, 'target': <playfield.playfield>, 'source': <ball_device.bd_trough>, 'mechanical_eject': False, 'num_attempts': 0}
2025-11-07 14:30:36,823 : INFO : ball_device.bd_trough : State: ejecting
2025-11-07 14:30:36,823 : INFO : ball_device.bd_trough : Ejecting ball to <playfield.playfield>
2025-11-07 14:30:36,823 : INFO : EventManager : Event: ======'balldevice_bd_trough_ejecting_ball'====== Args={'balls': 1, 'target': <playfield.playfield>, 'source': <ball_device.bd_trough>, 'mechanical_eject': False, 'num_attempts': 0}
2025-11-07 14:30:36,823 : INFO : ball_device.bd_trough : Wait for ball to leave device
2025-11-07 14:30:36,824 : INFO : coil.c_trough_eject : Pulsing Driver for 40ms (1.0 pulse_power)
2025-11-07 14:30:36,913 : INFO : EventManager : Event: ======'slide_base_created'====== Args={'_from_bcp': True}
2025-11-07 14:30:36,913 : INFO : EventManager : Event: ======'slide_attract_inactive'====== Args={'is_removing': True, '_from_bcp': True}
2025-11-07 14:30:36,914 : INFO : SwitchController : <<<<<<< 's_trough' inactive >>>>>>>
2025-11-07 14:30:36,920 : INFO : EventManager : Event: ======'slide_base_active'====== Args={'original_context': 'base', 'original_calling_context': 'mode_base_started', 'priority': 50.0, 'queue': '<QueuedEvent>', 'player': 1.0, 'ball': 1.0, 'balls_remaining': 2.0, 'is_extra_ball': False, 'cmd': 'slides_play', '_from_bcp': True}
2025-11-07 14:30:36,921 : INFO : EventManager : Event: ======'slide_attract_removed'====== Args={'_from_bcp': True}
2025-11-07 14:30:36,921 : INFO : ball_device.bd_trough : State: ball_left
2025-11-07 14:30:36,921 : INFO : ball_device.bd_trough : Ball left
2025-11-07 14:30:36,921 : INFO : ball_device.bd_trough : Wait for confirm with timeout 10.0
2025-11-07 14:30:37,381 : INFO : EventManager : Event: ======'blink_off'====== Args={'priority': 0}
2025-11-07 14:30:37,973 : INFO : EventManager : Event: ======'blink_on'====== Args={'priority': 0}
2025-11-07 14:30:38,580 : INFO : EventManager : Event: ======'blink_off'====== Args={'priority': 0}
2025-11-07 14:30:38,580 : INFO : EventManager : Unordered handler for class <Auditor> on event game_ended with priority 1. Handlers: [RegisteredHandler(callback=<bound method Auditor.disable of <Auditor>>, priority=1, kwargs={}, key=UUID('5284abda-d59f-412a-85a7-7aa3f5d6ad8c'), condition=None, blocking_facility=None), RegisteredHandler(callback=<bound method Auditor._save_audits of <Auditor>>, priority=1, kwargs={}, key=UUID('280859b4-98f3-453a-bd93-841c96bdd07d'), condition=None, blocking_facility=None)]. The order of those handlers is not defined and they will be executed in random order. This might lead to race conditions and potential bugs.
2025-11-07 14:30:39,188 : INFO : EventManager : Event: ======'blink_on'====== Args={'priority': 0}
2025-11-07 14:30:39,779 : INFO : EventManager : Event: ======'blink_off'====== Args={'priority': 0}
2025-11-07 14:30:39,779 : INFO : EventManager : Unordered handler for class <Auditor> on event game_ended with priority 1. Handlers: [RegisteredHandler(callback=<bound method Auditor.disable of <Auditor>>, priority=1, kwargs={}, key=UUID('5284abda-d59f-412a-85a7-7aa3f5d6ad8c'), condition=None, blocking_facility=None), RegisteredHandler(callback=<bound method Auditor._save_audits of <Auditor>>, priority=1, kwargs={}, key=UUID('280859b4-98f3-453a-bd93-841c96bdd07d'), condition=None, blocking_facility=None)]. The order of those handlers is not defined and they will be executed in random order. This might lead to race conditions and potential bugs.
2025-11-07 14:30:40,383 : INFO : EventManager : Event: ======'blink_on'====== Args={'priority': 0}
2025-11-07 14:30:40,974 : INFO : EventManager : Event: ======'blink_off'====== Args={'priority': 0}
2025-11-07 14:30:40,975 : INFO : EventManager : Unordered handler for class <Auditor> on event game_ended with priority 1. Handlers: [RegisteredHandler(callback=<bound method Auditor.disable of <Auditor>>, priority=1, kwargs={}, key=UUID('5284abda-d59f-412a-85a7-7aa3f5d6ad8c'), condition=None, blocking_facility=None), RegisteredHandler(callback=<bound method Auditor._save_audits of <Auditor>>, priority=1, kwargs={}, key=UUID('280859b4-98f3-453a-bd93-841c96bdd07d'), condition=None, blocking_facility=None)]. The order of those handlers is not defined and they will be executed in random order. This might lead to race conditions and potential bugs.
2025-11-07 14:30:41,580 : INFO : EventManager : Event: ======'blink_on'====== Args={'priority': 0}
2025-11-07 14:30:41,736 : INFO : SwitchController : <<<<<<< 's_right_sling' active >>>>>>>
2025-11-07 14:30:41,736 : INFO : EventManager : Event: ======'s_right_sling_active'====== Args={}
2025-11-07 14:30:41,736 : INFO : EventManager : Event: ======'playfield_active'====== Args={'source': 'ac_right_sling'}
2025-11-07 14:30:41,736 : INFO : EventManager : Event: ======'machine_var_audits_switches_s_right_sling'====== Args={'value': 74, 'prev_value': 73, 'change': 1}
2025-11-07 14:30:41,738 : INFO : EventManager : Event: ======'player_score'====== Args={'value': 10, 'prev_value': 0, 'change': 10, 'player_num': 1, 'source': 'base'}
2025-11-07 14:30:41,750 : INFO : ball_device.bd_trough : Got eject confirm
2025-11-07 14:30:41,750 : INFO : ball_device.bd_trough : Eject successful
2025-11-07 14:30:41,750 : INFO : EventManager : Event: ======'balldevice_bd_trough_ball_eject_success'====== Args={'balls': 1, 'target': <playfield.playfield>}
2025-11-07 14:30:41,751 : INFO : EventManager : Event: ======'balldevice_playfield_ball_enter'====== Args={'new_balls': 1, 'unclaimed_balls': 1, 'device': <playfield.playfield>}
2025-11-07 14:30:41,751 : INFO : EventManager : Event: ======'playfield_ball_count_change'====== Args={'balls': 1, 'change': 1}
2025-11-07 14:30:41,752 : INFO : EventManager : Event: ======'balldevice_bd_trough_ball_count_changed'====== Args={'balls': 0}
2025-11-07 14:30:41,752 : INFO : ball_device.bd_trough : State: idle
2025-11-07 14:30:41,798 : INFO : SwitchController : <<<<<<< 's_right_sling' inactive >>>>>>>
2025-11-07 14:30:42,186 : INFO : EventManager : Event: ======'blink_off'====== Args={'priority': 0}
2025-11-07 14:30:42,186 : INFO : EventManager : Unordered handler for class <Auditor> on event game_ended with priority 1. Handlers: [RegisteredHandler(callback=<bound method Auditor.disable of <Auditor>>, priority=1, kwargs={}, key=UUID('5284abda-d59f-412a-85a7-7aa3f5d6ad8c'), condition=None, blocking_facility=None), RegisteredHandler(callback=<bound method Auditor._save_audits of <Auditor>>, priority=1, kwargs={}, key=UUID('280859b4-98f3-453a-bd93-841c96bdd07d'), condition=None, blocking_facility=None)]. The order of those handlers is not defined and they will be executed in random order. This might lead to race conditions and potential bugs.
2025-11-07 14:30:42,781 : INFO : EventManager : Event: ======'blink_on'====== Args={'priority': 0}
2025-11-07 14:30:43,385 : INFO : EventManager : Event: ======'blink_off'====== Args={'priority': 0}
2025-11-07 14:30:43,385 : INFO : EventManager : Unordered handler for class <Auditor> on event game_ended with priority 1. Handlers: [RegisteredHandler(callback=<bound method Auditor.disable of <Auditor>>, priority=1, kwargs={}, key=UUID('5284abda-d59f-412a-85a7-7aa3f5d6ad8c'), condition=None, blocking_facility=None), RegisteredHandler(callback=<bound method Auditor._save_audits of <Auditor>>, priority=1, kwargs={}, key=UUID('280859b4-98f3-453a-bd93-841c96bdd07d'), condition=None, blocking_facility=None)]. The order of those handlers is not defined and they will be executed in random order. This might lead to race conditions and potential bugs.
2025-11-07 14:30:43,976 : INFO : EventManager : Event: ======'blink_on'====== Args={'priority': 0}
2025-11-07 14:30:44,584 : INFO : EventManager : Event: ======'blink_off'====== Args={'priority': 0}
2025-11-07 14:30:44,584 : INFO : EventManager : Unordered handler for class <Auditor> on event game_ended with priority 1. Handlers: [RegisteredHandler(callback=<bound method Auditor.disable of <Auditor>>, priority=1, kwargs={}, key=UUID('5284abda-d59f-412a-85a7-7aa3f5d6ad8c'), condition=None, blocking_facility=None), RegisteredHandler(callback=<bound method Auditor._save_audits of <Auditor>>, priority=1, kwargs={}, key=UUID('280859b4-98f3-453a-bd93-841c96bdd07d'), condition=None, blocking_facility=None)]. The order of those handlers is not defined and they will be executed in random order. This might lead to race conditions and potential bugs.
2025-11-07 14:30:45,175 : INFO : EventManager : Event: ======'blink_on'====== Args={'priority': 0}
2025-11-07 14:30:45,781 : INFO : EventManager : Event: ======'blink_off'====== Args={'priority': 0}
2025-11-07 14:30:45,782 : INFO : EventManager : Unordered handler for class <Auditor> on event game_ended with priority 1. Handlers: [RegisteredHandler(callback=<bound method Auditor.disable of <Auditor>>, priority=1, kwargs={}, key=UUID('5284abda-d59f-412a-85a7-7aa3f5d6ad8c'), condition=None, blocking_facility=None), RegisteredHandler(callback=<bound method Auditor._save_audits of <Auditor>>, priority=1, kwargs={}, key=UUID('280859b4-98f3-453a-bd93-841c96bdd07d'), condition=None, blocking_facility=None)]. The order of those handlers is not defined and they will be executed in random order. This might lead to race conditions and potential bugs.
2025-11-07 14:30:45,866 : INFO : SwitchController : <<<<<<< 's_left_sling' active >>>>>>>
2025-11-07 14:30:45,866 : INFO : EventManager : Event: ======'s_left_sling_active'====== Args={}
2025-11-07 14:30:45,867 : INFO : EventManager : Event: ======'machine_var_audits_switches_s_left_sling'====== Args={'value': 97, 'prev_value': 96, 'change': 1}
2025-11-07 14:30:45,867 : INFO : EventManager : Event: ======'test_subsequentball'====== Args={'priority': 0}
2025-11-07 14:30:45,868 : INFO : EventManager : Event: ======'player_score'====== Args={'value': 20, 'prev_value': 10, 'change': 10, 'player_num': 1, 'source': 'base'}
2025-11-07 14:30:45,868 : INFO : EventManager : Unordered handler for class <Auditor> on event game_ended with priority 1. Handlers: [RegisteredHandler(callback=<bound method Auditor.disable of <Auditor>>, priority=1, kwargs={}, key=UUID('5284abda-d59f-412a-85a7-7aa3f5d6ad8c'), condition=None, blocking_facility=None), RegisteredHandler(callback=<bound method Auditor._save_audits of <Auditor>>, priority=1, kwargs={}, key=UUID('280859b4-98f3-453a-bd93-841c96bdd07d'), condition=None, blocking_facility=None)]. The order of those handlers is not defined and they will be executed in random order. This might lead to race conditions and potential bugs.
2025-11-07 14:30:45,879 : INFO : SwitchController : <<<<<<< 's_left_sling' inactive >>>>>>>
2025-11-07 14:30:45,879 : INFO : EventManager : Unordered handler for class <Auditor> on event game_ended with priority 1. Handlers: [RegisteredHandler(callback=<bound method Auditor.disable of <Auditor>>, priority=1, kwargs={}, key=UUID('5284abda-d59f-412a-85a7-7aa3f5d6ad8c'), condition=None, blocking_facility=None), RegisteredHandler(callback=<bound method Auditor._save_audits of <Auditor>>, priority=1, kwargs={}, key=UUID('280859b4-98f3-453a-bd93-841c96bdd07d'), condition=None, blocking_facility=None)]. The order of those handlers is not defined and they will be executed in random order. This might lead to race conditions and potential bugs.
2025-11-07 14:30:45,880 : INFO : EventManager : Unordered handler for class <Auditor> on event game_ended with priority 1. Handlers: [RegisteredHandler(callback=<bound method Auditor.disable of <Auditor>>, priority=1, kwargs={}, key=UUID('5284abda-d59f-412a-85a7-7aa3f5d6ad8c'), condition=None, blocking_facility=None), RegisteredHandler(callback=<bound method Auditor._save_audits of <Auditor>>, priority=1, kwargs={}, key=UUID('280859b4-98f3-453a-bd93-841c96bdd07d'), condition=None, blocking_facility=None)]. The order of those handlers is not defined and they will be executed in random order. This might lead to race conditions and potential bugs.
2025-11-07 14:30:45,881 : INFO : EventManager : Unordered handler for class <Auditor> on event game_ended with priority 1. Handlers: [RegisteredHandler(callback=<bound method Auditor.disable of <Auditor>>, priority=1, kwargs={}, key=UUID('5284abda-d59f-412a-85a7-7aa3f5d6ad8c'), condition=None, blocking_facility=None), RegisteredHandler(callback=<bound method Auditor._save_audits of <Auditor>>, priority=1, kwargs={}, key=UUID('280859b4-98f3-453a-bd93-841c96bdd07d'), condition=None, blocking_facility=None)]. The order of those handlers is not defined and they will be executed in random order. This might lead to race conditions and potential bugs.
2025-11-07 14:30:45,881 : INFO : EventManager : Unordered handler for class <Auditor> on event game_ended with priority 1. Handlers: [RegisteredHandler(callback=<bound method Auditor.disable of <Auditor>>, priority=1, kwargs={}, key=UUID('5284abda-d59f-412a-85a7-7aa3f5d6ad8c'), condition=None, blocking_facility=None), RegisteredHandler(callback=<bound method Auditor._save_audits of <Auditor>>, priority=1, kwargs={}, key=UUID('280859b4-98f3-453a-bd93-841c96bdd07d'), condition=None, blocking_facility=None)]. The order of those handlers is not defined and they will be executed in random order. This might lead to race conditions and potential bugs.
2025-11-07 14:30:46,389 : INFO : EventManager : Event: ======'blink_on'====== Args={'priority': 0}
2025-11-07 14:30:46,980 : INFO : EventManager : Event: ======'blink_off'====== Args={'priority': 0}
2025-11-07 14:30:46,981 : INFO : EventManager : Unordered handler for class <Auditor> on event game_ended with priority 1. Handlers: [RegisteredHandler(callback=<bound method Auditor.disable of <Auditor>>, priority=1, kwargs={}, key=UUID('5284abda-d59f-412a-85a7-7aa3f5d6ad8c'), condition=None, blocking_facility=None), RegisteredHandler(callback=<bound method Auditor._save_audits of <Auditor>>, priority=1, kwargs={}, key=UUID('280859b4-98f3-453a-bd93-841c96bdd07d'), condition=None, blocking_facility=None)]. The order of those handlers is not defined and they will be executed in random order. This might lead to race conditions and potential bugs.
2025-11-07 14:30:47,585 : INFO : EventManager : Event: ======'blink_on'====== Args={'priority': 0}
2025-11-07 14:30:48,176 : INFO : EventManager : Event: ======'blink_off'====== Args={'priority': 0}
2025-11-07 14:30:48,176 : INFO : EventManager : Unordered handler for class <Auditor> on event game_ended with priority 1. Handlers: [RegisteredHandler(callback=<bound method Auditor.disable of <Auditor>>, priority=1, kwargs={}, key=UUID('5284abda-d59f-412a-85a7-7aa3f5d6ad8c'), condition=None, blocking_facility=None), RegisteredHandler(callback=<bound method Auditor._save_audits of <Auditor>>, priority=1, kwargs={}, key=UUID('280859b4-98f3-453a-bd93-841c96bdd07d'), condition=None, blocking_facility=None)]. The order of those handlers is not defined and they will be executed in random order. This might lead to race conditions and potential bugs.
2025-11-07 14:30:48,782 : INFO : EventManager : Event: ======'blink_on'====== Args={'priority': 0}
2025-11-07 14:30:49,388 : INFO : EventManager : Event: ======'blink_off'====== Args={'priority': 0}
2025-11-07 14:30:49,388 : INFO : EventManager : Unordered handler for class <Auditor> on event game_ended with priority 1. Handlers: [RegisteredHandler(callback=<bound method Auditor.disable of <Auditor>>, priority=1, kwargs={}, key=UUID('5284abda-d59f-412a-85a7-7aa3f5d6ad8c'), condition=None, blocking_facility=None), RegisteredHandler(callback=<bound method Auditor._save_audits of <Auditor>>, priority=1, kwargs={}, key=UUID('280859b4-98f3-453a-bd93-841c96bdd07d'), condition=None, blocking_facility=None)]. The order of those handlers is not defined and they will be executed in random order. This might lead to race conditions and potential bugs.
2025-11-07 14:30:49,824 : INFO : SwitchController : <<<<<<< 's_left_sling' active >>>>>>>
2025-11-07 14:30:49,824 : INFO : EventManager : Event: ======'s_left_sling_active'====== Args={}
2025-11-07 14:30:49,824 : INFO : EventManager : Event: ======'machine_var_audits_switches_s_left_sling'====== Args={'value': 98, 'prev_value': 97, 'change': 1}
2025-11-07 14:30:49,825 : INFO : EventManager : Event: ======'test_subsequentball'====== Args={'priority': 0}
2025-11-07 14:30:49,825 : INFO : EventManager : Event: ======'player_score'====== Args={'value': 30, 'prev_value': 20, 'change': 10, 'player_num': 1, 'source': 'base'}
2025-11-07 14:30:49,827 : INFO : EventManager : Unordered handler for class <Auditor> on event game_ended with priority 1. Handlers: [RegisteredHandler(callback=<bound method Auditor.disable of <Auditor>>, priority=1, kwargs={}, key=UUID('5284abda-d59f-412a-85a7-7aa3f5d6ad8c'), condition=None, blocking_facility=None), RegisteredHandler(callback=<bound method Auditor._save_audits of <Auditor>>, priority=1, kwargs={}, key=UUID('280859b4-98f3-453a-bd93-841c96bdd07d'), condition=None, blocking_facility=None)]. The order of those handlers is not defined and they will be executed in random order. This might lead to race conditions and potential bugs.
2025-11-07 14:30:49,840 : INFO : SwitchController : <<<<<<< 's_left_sling' inactive >>>>>>>
2025-11-07 14:30:49,847 : INFO : EventManager : Unordered handler for class <Auditor> on event game_ended with priority 1. Handlers: [RegisteredHandler(callback=<bound method Auditor.disable of <Auditor>>, priority=1, kwargs={}, key=UUID('5284abda-d59f-412a-85a7-7aa3f5d6ad8c'), condition=None, blocking_facility=None), RegisteredHandler(callback=<bound method Auditor._save_audits of <Auditor>>, priority=1, kwargs={}, key=UUID('280859b4-98f3-453a-bd93-841c96bdd07d'), condition=None, blocking_facility=None)]. The order of those handlers is not defined and they will be executed in random order. This might lead to race conditions and potential bugs.
2025-11-07 14:30:49,847 : INFO : EventManager : Unordered handler for class <Auditor> on event game_ended with priority 1. Handlers: [RegisteredHandler(callback=<bound method Auditor.disable of <Auditor>>, priority=1, kwargs={}, key=UUID('5284abda-d59f-412a-85a7-7aa3f5d6ad8c'), condition=None, blocking_facility=None), RegisteredHandler(callback=<bound method Auditor._save_audits of <Auditor>>, priority=1, kwargs={}, key=UUID('280859b4-98f3-453a-bd93-841c96bdd07d'), condition=None, blocking_facility=None)]. The order of those handlers is not defined and they will be executed in random order. This might lead to race conditions and potential bugs.
2025-11-07 14:30:49,848 : INFO : EventManager : Unordered handler for class <Auditor> on event game_ended with priority 1. Handlers: [RegisteredHandler(callback=<bound method Auditor.disable of <Auditor>>, priority=1, kwargs={}, key=UUID('5284abda-d59f-412a-85a7-7aa3f5d6ad8c'), condition=None, blocking_facility=None), RegisteredHandler(callback=<bound method Auditor._save_audits of <Auditor>>, priority=1, kwargs={}, key=UUID('280859b4-98f3-453a-bd93-841c96bdd07d'), condition=None, blocking_facility=None)]. The order of those handlers is not defined and they will be executed in random order. This might lead to race conditions and potential bugs.
2025-11-07 14:30:49,848 : INFO : EventManager : Unordered handler for class <Auditor> on event game_ended with priority 1. Handlers: [RegisteredHandler(callback=<bound method Auditor.disable of <Auditor>>, priority=1, kwargs={}, key=UUID('5284abda-d59f-412a-85a7-7aa3f5d6ad8c'), condition=None, blocking_facility=None), RegisteredHandler(callback=<bound method Auditor._save_audits of <Auditor>>, priority=1, kwargs={}, key=UUID('280859b4-98f3-453a-bd93-841c96bdd07d'), condition=None, blocking_facility=None)]. The order of those handlers is not defined and they will be executed in random order. This might lead to race conditions and potential bugs.
2025-11-07 14:30:49,848 : INFO : EventManager : Unordered handler for class <Auditor> on event game_ended with priority 1. Handlers: [RegisteredHandler(callback=<bound method Auditor.disable of <Auditor>>, priority=1, kwargs={}, key=UUID('5284abda-d59f-412a-85a7-7aa3f5d6ad8c'), condition=None, blocking_facility=None), RegisteredHandler(callback=<bound method Auditor._save_audits of <Auditor>>, priority=1, kwargs={}, key=UUID('280859b4-98f3-453a-bd93-841c96bdd07d'), condition=None, blocking_facility=None)]. The order of those handlers is not defined and they will be executed in random order. This might lead to race conditions and potential bugs.
2025-11-07 14:30:49,979 : INFO : EventManager : Event: ======'blink_on'====== Args={'priority': 0}
2025-11-07 14:30:50,539 : INFO : SwitchController : <<<<<<< 's_left_pop_bumper' active >>>>>>>
2025-11-07 14:30:50,539 : INFO : EventManager : Event: ======'s_left_pop_bumper_active'====== Args={}
2025-11-07 14:30:50,539 : INFO : EventManager : Event: ======'machine_var_audits_switches_s_left_pop_bumper'====== Args={'value': 129, 'prev_value': 128, 'change': 1}
2025-11-07 14:30:50,539 : INFO : EventManager : Event: ======'logicblock_eg_pop_counter_updated'====== Args={'value': 1, 'enabled': True}
2025-11-07 14:30:50,539 : INFO : EventManager : Event: ======'counter_eg_pop_counter_hit'====== Args={'count': 1, 'hits': 1, 'remaining': 2}
2025-11-07 14:30:50,539 : INFO : EventManager : Event: ======'logicblock_eg_pop_counter_hit'====== Args={'count': 1, 'hits': 1, 'remaining': 2}
2025-11-07 14:30:50,554 : INFO : SwitchController : <<<<<<< 's_left_pop_bumper' inactive >>>>>>>
2025-11-07 14:30:50,584 : INFO : EventManager : Event: ======'blink_off'====== Args={'priority': 0}
2025-11-07 14:30:50,584 : INFO : EventManager : Unordered handler for class <Auditor> on event game_ended with priority 1. Handlers: [RegisteredHandler(callback=<bound method Auditor.disable of <Auditor>>, priority=1, kwargs={}, key=UUID('5284abda-d59f-412a-85a7-7aa3f5d6ad8c'), condition=None, blocking_facility=None), RegisteredHandler(callback=<bound method Auditor._save_audits of <Auditor>>, priority=1, kwargs={}, key=UUID('280859b4-98f3-453a-bd93-841c96bdd07d'), condition=None, blocking_facility=None)]. The order of those handlers is not defined and they will be executed in random order. This might lead to race conditions and potential bugs.
2025-11-07 14:30:51,176 : INFO : EventManager : Event: ======'blink_on'====== Args={'priority': 0}
2025-11-07 14:30:51,779 : INFO : EventManager : Event: ======'blink_off'====== Args={'priority': 0}
2025-11-07 14:30:51,780 : INFO : EventManager : Unordered handler for class <Auditor> on event game_ended with priority 1. Handlers: [RegisteredHandler(callback=<bound method Auditor.disable of <Auditor>>, priority=1, kwargs={}, key=UUID('5284abda-d59f-412a-85a7-7aa3f5d6ad8c'), condition=None, blocking_facility=None), RegisteredHandler(callback=<bound method Auditor._save_audits of <Auditor>>, priority=1, kwargs={}, key=UUID('280859b4-98f3-453a-bd93-841c96bdd07d'), condition=None, blocking_facility=None)]. The order of those handlers is not defined and they will be executed in random order. This might lead to race conditions and potential bugs.
2025-11-07 14:30:52,336 : INFO : SwitchController : <<<<<<< 's_left_sling' active >>>>>>>
2025-11-07 14:30:52,336 : INFO : EventManager : Event: ======'s_left_sling_active'====== Args={}
2025-11-07 14:30:52,336 : INFO : EventManager : Event: ======'machine_var_audits_switches_s_left_sling'====== Args={'value': 99, 'prev_value': 98, 'change': 1}
2025-11-07 14:30:52,337 : INFO : EventManager : Event: ======'test_subsequentball'====== Args={'priority': 0}
2025-11-07 14:30:52,337 : INFO : EventManager : Event: ======'player_score'====== Args={'value': 40, 'prev_value': 30, 'change': 10, 'player_num': 1, 'source': 'base'}
2025-11-07 14:30:52,338 : INFO : EventManager : Unordered handler for class <Auditor> on event game_ended with priority 1. Handlers: [RegisteredHandler(callback=<bound method Auditor.disable of <Auditor>>, priority=1, kwargs={}, key=UUID('5284abda-d59f-412a-85a7-7aa3f5d6ad8c'), condition=None, blocking_facility=None), RegisteredHandler(callback=<bound method Auditor._save_audits of <Auditor>>, priority=1, kwargs={}, key=UUID('280859b4-98f3-453a-bd93-841c96bdd07d'), condition=None, blocking_facility=None)]. The order of those handlers is not defined and they will be executed in random order. This might lead to race conditions and potential bugs.
2025-11-07 14:30:52,351 : INFO : SwitchController : <<<<<<< 's_left_sling' inactive >>>>>>>
2025-11-07 14:30:52,352 : INFO : EventManager : Unordered handler for class <Auditor> on event game_ended with priority 1. Handlers: [RegisteredHandler(callback=<bound method Auditor.disable of <Auditor>>, priority=1, kwargs={}, key=UUID('5284abda-d59f-412a-85a7-7aa3f5d6ad8c'), condition=None, blocking_facility=None), RegisteredHandler(callback=<bound method Auditor._save_audits of <Auditor>>, priority=1, kwargs={}, key=UUID('280859b4-98f3-453a-bd93-841c96bdd07d'), condition=None, blocking_facility=None)]. The order of those handlers is not defined and they will be executed in random order. This might lead to race conditions and potential bugs.
2025-11-07 14:30:52,352 : INFO : EventManager : Unordered handler for class <Auditor> on event game_ended with priority 1. Handlers: [RegisteredHandler(callback=<bound method Auditor.disable of <Auditor>>, priority=1, kwargs={}, key=UUID('5284abda-d59f-412a-85a7-7aa3f5d6ad8c'), condition=None, blocking_facility=None), RegisteredHandler(callback=<bound method Auditor._save_audits of <Auditor>>, priority=1, kwargs={}, key=UUID('280859b4-98f3-453a-bd93-841c96bdd07d'), condition=None, blocking_facility=None)]. The order of those handlers is not defined and they will be executed in random order. This might lead to race conditions and potential bugs.
2025-11-07 14:30:52,353 : INFO : EventManager : Unordered handler for class <Auditor> on event game_ended with priority 1. Handlers: [RegisteredHandler(callback=<bound method Auditor.disable of <Auditor>>, priority=1, kwargs={}, key=UUID('5284abda-d59f-412a-85a7-7aa3f5d6ad8c'), condition=None, blocking_facility=None), RegisteredHandler(callback=<bound method Auditor._save_audits of <Auditor>>, priority=1, kwargs={}, key=UUID('280859b4-98f3-453a-bd93-841c96bdd07d'), condition=None, blocking_facility=None)]. The order of those handlers is not defined and they will be executed in random order. This might lead to race conditions and potential bugs.
2025-11-07 14:30:52,353 : INFO : EventManager : Unordered handler for class <Auditor> on event game_ended with priority 1. Handlers: [RegisteredHandler(callback=<bound method Auditor.disable of <Auditor>>, priority=1, kwargs={}, key=UUID('5284abda-d59f-412a-85a7-7aa3f5d6ad8c'), condition=None, blocking_facility=None), RegisteredHandler(callback=<bound method Auditor._save_audits of <Auditor>>, priority=1, kwargs={}, key=UUID('280859b4-98f3-453a-bd93-841c96bdd07d'), condition=None, blocking_facility=None)]. The order of those handlers is not defined and they will be executed in random order. This might lead to race conditions and potential bugs.
2025-11-07 14:30:52,384 : INFO : EventManager : Event: ======'blink_on'====== Args={'priority': 0}
2025-11-07 14:30:52,665 : INFO : SwitchController : <<<<<<< 's_right_sling' active >>>>>>>
2025-11-07 14:30:52,665 : INFO : EventManager : Event: ======'s_right_sling_active'====== Args={}
2025-11-07 14:30:52,665 : INFO : EventManager : Event: ======'machine_var_audits_switches_s_right_sling'====== Args={'value': 75, 'prev_value': 74, 'change': 1}
2025-11-07 14:30:52,666 : INFO : EventManager : Event: ======'player_score'====== Args={'value': 50, 'prev_value': 40, 'change': 10, 'player_num': 1, 'source': 'base'}
2025-11-07 14:30:52,673 : INFO : SwitchController : <<<<<<< 's_right_sling' inactive >>>>>>>
2025-11-07 14:30:52,973 : INFO : EventManager : Event: ======'blink_off'====== Args={'priority': 0}
2025-11-07 14:30:52,974 : INFO : EventManager : Unordered handler for class <Auditor> on event game_ended with priority 1. Handlers: [RegisteredHandler(callback=<bound method Auditor.disable of <Auditor>>, priority=1, kwargs={}, key=UUID('5284abda-d59f-412a-85a7-7aa3f5d6ad8c'), condition=None, blocking_facility=None), RegisteredHandler(callback=<bound method Auditor._save_audits of <Auditor>>, priority=1, kwargs={}, key=UUID('280859b4-98f3-453a-bd93-841c96bdd07d'), condition=None, blocking_facility=None)]. The order of those handlers is not defined and they will be executed in random order. This might lead to race conditions and potential bugs.
2025-11-07 14:30:53,591 : INFO : EventManager : Event: ======'blink_on'====== Args={'priority': 0}
2025-11-07 14:30:54,184 : INFO : EventManager : Event: ======'blink_off'====== Args={'priority': 0}
2025-11-07 14:30:54,184 : INFO : EventManager : Unordered handler for class <Auditor> on event game_ended with priority 1. Handlers: [RegisteredHandler(callback=<bound method Auditor.disable of <Auditor>>, priority=1, kwargs={}, key=UUID('5284abda-d59f-412a-85a7-7aa3f5d6ad8c'), condition=None, blocking_facility=None), RegisteredHandler(callback=<bound method Auditor._save_audits of <Auditor>>, priority=1, kwargs={}, key=UUID('280859b4-98f3-453a-bd93-841c96bdd07d'), condition=None, blocking_facility=None)]. The order of those handlers is not defined and they will be executed in random order. This might lead to race conditions and potential bugs.
2025-11-07 14:30:54,773 : INFO : EventManager : Event: ======'blink_on'====== Args={'priority': 0}
2025-11-07 14:30:55,379 : INFO : EventManager : Event: ======'blink_off'====== Args={'priority': 0}
2025-11-07 14:30:55,380 : INFO : EventManager : Unordered handler for class <Auditor> on event game_ended with priority 1. Handlers: [RegisteredHandler(callback=<bound method Auditor.disable of <Auditor>>, priority=1, kwargs={}, key=UUID('5284abda-d59f-412a-85a7-7aa3f5d6ad8c'), condition=None, blocking_facility=None), RegisteredHandler(callback=<bound method Auditor._save_audits of <Auditor>>, priority=1, kwargs={}, key=UUID('280859b4-98f3-453a-bd93-841c96bdd07d'), condition=None, blocking_facility=None)]. The order of those handlers is not defined and they will be executed in random order. This might lead to race conditions and potential bugs.
2025-11-07 14:30:55,985 : INFO : EventManager : Event: ======'blink_on'====== Args={'priority': 0}
2025-11-07 14:30:56,590 : INFO : EventManager : Event: ======'blink_off'====== Args={'priority': 0}
2025-11-07 14:30:56,590 : INFO : EventManager : Unordered handler for class <Auditor> on event game_ended with priority 1. Handlers: [RegisteredHandler(callback=<bound method Auditor.disable of <Auditor>>, priority=1, kwargs={}, key=UUID('5284abda-d59f-412a-85a7-7aa3f5d6ad8c'), condition=None, blocking_facility=None), RegisteredHandler(callback=<bound method Auditor._save_audits of <Auditor>>, priority=1, kwargs={}, key=UUID('280859b4-98f3-453a-bd93-841c96bdd07d'), condition=None, blocking_facility=None)]. The order of those handlers is not defined and they will be executed in random order. This might lead to race conditions and potential bugs.
2025-11-07 14:30:57,183 : INFO : EventManager : Event: ======'blink_on'====== Args={'priority': 0}
2025-11-07 14:30:57,340 : INFO : SwitchController : <<<<<<< 's_right_sling' active >>>>>>>
2025-11-07 14:30:57,340 : INFO : EventManager : Event: ======'s_right_sling_active'====== Args={}
2025-11-07 14:30:57,340 : INFO : EventManager : Event: ======'machine_var_audits_switches_s_right_sling'====== Args={'value': 76, 'prev_value': 75, 'change': 1}
2025-11-07 14:30:57,341 : INFO : EventManager : Event: ======'player_score'====== Args={'value': 60, 'prev_value': 50, 'change': 10, 'player_num': 1, 'source': 'base'}
2025-11-07 14:30:57,354 : INFO : SwitchController : <<<<<<< 's_right_sling' inactive >>>>>>>
2025-11-07 14:30:57,774 : INFO : EventManager : Event: ======'blink_off'====== Args={'priority': 0}
2025-11-07 14:30:57,775 : INFO : EventManager : Unordered handler for class <Auditor> on event game_ended with priority 1. Handlers: [RegisteredHandler(callback=<bound method Auditor.disable of <Auditor>>, priority=1, kwargs={}, key=UUID('5284abda-d59f-412a-85a7-7aa3f5d6ad8c'), condition=None, blocking_facility=None), RegisteredHandler(callback=<bound method Auditor._save_audits of <Auditor>>, priority=1, kwargs={}, key=UUID('280859b4-98f3-453a-bd93-841c96bdd07d'), condition=None, blocking_facility=None)]. The order of those handlers is not defined and they will be executed in random order. This might lead to race conditions and potential bugs.
2025-11-07 14:30:58,383 : INFO : EventManager : Event: ======'blink_on'====== Args={'priority': 0}
2025-11-07 14:30:58,973 : INFO : EventManager : Event: ======'blink_off'====== Args={'priority': 0}
2025-11-07 14:30:58,974 : INFO : EventManager : Unordered handler for class <Auditor> on event game_ended with priority 1. Handlers: [RegisteredHandler(callback=<bound method Auditor.disable of <Auditor>>, priority=1, kwargs={}, key=UUID('5284abda-d59f-412a-85a7-7aa3f5d6ad8c'), condition=None, blocking_facility=None), RegisteredHandler(callback=<bound method Auditor._save_audits of <Auditor>>, priority=1, kwargs={}, key=UUID('280859b4-98f3-453a-bd93-841c96bdd07d'), condition=None, blocking_facility=None)]. The order of those handlers is not defined and they will be executed in random order. This might lead to race conditions and potential bugs.
2025-11-07 14:30:59,581 : INFO : EventManager : Event: ======'blink_on'====== Args={'priority': 0}
2025-11-07 14:31:00,160 : INFO : SwitchController : <<<<<<< 's_trough' active >>>>>>>
2025-11-07 14:31:00,161 : INFO : EventManager : Event: ======'machine_var_audits_switches_s_trough'====== Args={'value': 506, 'prev_value': 505, 'change': 1}
2025-11-07 14:31:00,175 : INFO : EventManager : Event: ======'blink_off'====== Args={'priority': 0}
2025-11-07 14:31:00,176 : INFO : EventManager : Unordered handler for class <Auditor> on event game_ended with priority 1. Handlers: [RegisteredHandler(callback=<bound method Auditor.disable of <Auditor>>, priority=1, kwargs={}, key=UUID('5284abda-d59f-412a-85a7-7aa3f5d6ad8c'), condition=None, blocking_facility=None), RegisteredHandler(callback=<bound method Auditor._save_audits of <Auditor>>, priority=1, kwargs={}, key=UUID('280859b4-98f3-453a-bd93-841c96bdd07d'), condition=None, blocking_facility=None)]. The order of those handlers is not defined and they will be executed in random order. This might lead to race conditions and potential bugs.
2025-11-07 14:31:00,190 : INFO : SwitchController : <<<<<<< 's_trough' inactive >>>>>>>
2025-11-07 14:31:00,237 : INFO : SwitchController : <<<<<<< 's_trough' active >>>>>>>
2025-11-07 14:31:00,237 : INFO : EventManager : Event: ======'machine_var_audits_switches_s_trough'====== Args={'value': 507, 'prev_value': 506, 'change': 1}
2025-11-07 14:31:00,751 : INFO : EventManager : Event: ======'balldevice_bd_trough_ball_count_changed'====== Args={'balls': 1}
2025-11-07 14:31:00,751 : INFO : ball_device.bd_trough : Received unexpected ball
2025-11-07 14:31:00,752 : INFO : EventManager : Event: ======'balldevice_captured_from_playfield'====== Args={'balls': 1}
2025-11-07 14:31:00,752 : INFO : EventManager : Event: ======'sw_playfield_active'====== Args={'balls': 1}
2025-11-07 14:31:00,752 : INFO : EventManager : Event: ======'playfield_ball_count_change'====== Args={'balls': 0, 'change': -1}
2025-11-07 14:31:00,753 : INFO : EventManager : Event: ======'balldevice_bd_trough_ball_enter'====== Args={'new_balls': 1, 'unclaimed_balls': 1, 'new_available_balls': 1, 'device': <ball_device.bd_trough>}
2025-11-07 14:31:00,753 : INFO : EventManager : Event: ======'ball_drain'====== Args={'device': <ball_device.bd_trough>, 'balls': 1}
2025-11-07 14:31:00,753 : INFO : EventManager : Event: ======'ball_will_end'====== Args={}
2025-11-07 14:31:00,753 : INFO : EventManager : Event: ======'balldevice_balls_available'====== Args={}
2025-11-07 14:31:00,753 : INFO : EventManager : Event: ======'balldevice_bd_trough_ball_entered'====== Args={'new_balls': 1, 'device': <ball_device.bd_trough>}
2025-11-07 14:31:00,755 : INFO : EventManager : Event: ======'ball_ending'====== Args={}
2025-11-07 14:31:00,756 : INFO : EventManager : Event: ======'mode_base_will_stop'====== Args={}
2025-11-07 14:31:00,756 : INFO : EventManager : Event: ======'mode_base_stopping'====== Args={}
2025-11-07 14:31:00,756 : INFO : EventManager : Event: ======'godot_stop_base'====== Args={'priority': 0}
2025-11-07 14:31:00,757 : INFO : Mode.base : Stopped.
2025-11-07 14:31:00,757 : INFO : EventManager : Event: ======'modes_active_modes_changed'====== Args={}
2025-11-07 14:31:00,757 : INFO : EventManager : Event: ======'mode_base_stopped'====== Args={}
2025-11-07 14:31:00,757 : INFO : EventManager : Event: ======'clear'====== Args={'key': 'base'}
2025-11-07 14:31:00,769 : INFO : EventManager : Event: ======'ball_ended'====== Args={}
2025-11-07 14:31:00,770 : INFO : EventManager : Event: ======'blink_on'====== Args={'priority': 0}
2025-11-07 14:31:00,771 : INFO : EventManager : Event: ======'player_turn_will_end'====== Args={'player': <Player 1>, 'number': 1}
2025-11-07 14:31:00,775 : INFO : EventManager : Event: ======'player_turn_ending'====== Args={'player': <Player 1>, 'number': 1}
2025-11-07 14:31:00,776 : INFO : EventManager : Event: ======'player_turn_ended'====== Args={'player': <Player 1>, 'number': 1}
2025-11-07 14:31:00,776 : INFO : EventManager : Event: ======'player_turn_will_start'====== Args={'player': <Player 1>, 'number': 1}
2025-11-07 14:31:00,777 : INFO : EventManager : Event: ======'player_turn_starting'====== Args={'player': <Player 1>, 'number': 1}
2025-11-07 14:31:00,777 : INFO : EventManager : Event: ======'player_ball'====== Args={'value': 2, 'prev_value': 1, 'change': 1, 'player_num': 1}
2025-11-07 14:31:00,777 : INFO : EventManager : Event: ======'player_turn_started'====== Args={'player': <Player 1>, 'number': 1}
2025-11-07 14:31:00,778 : INFO : EventManager : Event: ======'ball_will_start'====== Args={'player': 1, 'ball': 2, 'balls_remaining': 1, 'is_extra_ball': False}
2025-11-07 14:31:00,782 : INFO : EventManager : Event: ======'ball_starting'====== Args={'player': 1, 'ball': 2, 'balls_remaining': 1, 'is_extra_ball': False}
2025-11-07 14:31:00,783 : INFO : EventManager : Event: ======'mode_base_will_start'====== Args={'queue': <QueuedEvent>, 'player': 1, 'ball': 2, 'balls_remaining': 1, 'is_extra_ball': False}
2025-11-07 14:31:00,783 : INFO : EventManager : Unordered handler for class <Auditor> on event game_ended with priority 1. Handlers: [RegisteredHandler(callback=<bound method Auditor.disable of <Auditor>>, priority=1, kwargs={}, key=UUID('5284abda-d59f-412a-85a7-7aa3f5d6ad8c'), condition=None, blocking_facility=None), RegisteredHandler(callback=<bound method Auditor._save_audits of <Auditor>>, priority=1, kwargs={}, key=UUID('280859b4-98f3-453a-bd93-841c96bdd07d'), condition=None, blocking_facility=None)]. The order of those handlers is not defined and they will be executed in random order. This might lead to race conditions and potential bugs.
2025-11-07 14:31:00,784 : INFO : EventManager : Unordered handler for class <Auditor> on event game_ended with priority 1. Handlers: [RegisteredHandler(callback=<bound method Auditor.disable of <Auditor>>, priority=1, kwargs={}, key=UUID('5284abda-d59f-412a-85a7-7aa3f5d6ad8c'), condition=None, blocking_facility=None), RegisteredHandler(callback=<bound method Auditor._save_audits of <Auditor>>, priority=1, kwargs={}, key=UUID('280859b4-98f3-453a-bd93-841c96bdd07d'), condition=None, blocking_facility=None)]. The order of those handlers is not defined and they will be executed in random order. This might lead to race conditions and potential bugs.
2025-11-07 14:31:00,787 : INFO : EventManager : Event: ======'mode_base_starting'====== Args={'queue': <QueuedEvent>, 'player': 1, 'ball': 2, 'balls_remaining': 1, 'is_extra_ball': False}
2025-11-07 14:31:00,787 : INFO : drop_target_bank.right_bank : All targets are already up. Will not reset bank.
2025-11-07 14:31:00,787 : INFO : drop_target_bank.left_bank : All targets are already up. Will not reset bank.
2025-11-07 14:31:00,787 : INFO : EventManager : Event: ======'balls_in_play'====== Args={'balls': 1}
2025-11-07 14:31:00,787 : INFO : EventManager : Event: ======'ball_started'====== Args={'player': 1, 'ball': 2, 'balls_remaining': 1, 'is_extra_ball': False}
2025-11-07 14:31:00,787 : INFO : EventManager : Event: ======'logicblock_eg_pop_counter_updated'====== Args={'value': 0, 'enabled': True}
2025-11-07 14:31:00,788 : INFO : EventManager : Event: ======'logicblock_eg_pop_counter_updated'====== Args={'value': 0, 'enabled': True}
2025-11-07 14:31:00,788 : INFO : Mode.base : Started. Priority: 50
2025-11-07 14:31:00,788 : INFO : EventManager : Event: ======'modes_active_modes_changed'====== Args={}
2025-11-07 14:31:00,788 : INFO : EventManager : Event: ======'mode_base_started'====== Args={'queue': <QueuedEvent>, 'player': 1, 'ball': 2, 'balls_remaining': 1, 'is_extra_ball': False}
2025-11-07 14:31:00,788 : INFO : EventManager : Event: ======'mode_music_ball_2plus_will_start'====== Args={'player': 1, 'ball': 2, 'balls_remaining': 1, 'is_extra_ball': False}
2025-11-07 14:31:00,788 : INFO : EventManager : Unordered handler for class <Auditor> on event game_ended with priority 1. Handlers: [RegisteredHandler(callback=<bound method Auditor.disable of <Auditor>>, priority=1, kwargs={}, key=UUID('5284abda-d59f-412a-85a7-7aa3f5d6ad8c'), condition=None, blocking_facility=None), RegisteredHandler(callback=<bound method Auditor._save_audits of <Auditor>>, priority=1, kwargs={}, key=UUID('280859b4-98f3-453a-bd93-841c96bdd07d'), condition=None, blocking_facility=None)]. The order of those handlers is not defined and they will be executed in random order. This might lead to race conditions and potential bugs.
2025-11-07 14:31:00,788 : INFO : EventManager : Event: ======'mode_music_ball_2plus_starting'====== Args={'player': 1, 'ball': 2, 'balls_remaining': 1, 'is_extra_ball': False}
2025-11-07 14:31:00,789 : INFO : EventManager : Event: ======'logicblock_eg_pop_counter_updated'====== Args={'value': 0, 'enabled': True}
2025-11-07 14:31:00,789 : INFO : EventManager : Event: ======'start_subsequent_loop'====== Args={'priority': 0}
2025-11-07 14:31:00,790 : INFO : EventManager : Unordered handler for class <Auditor> on event game_ended with priority 1. Handlers: [RegisteredHandler(callback=<bound method Auditor.disable of <Auditor>>, priority=1, kwargs={}, key=UUID('5284abda-d59f-412a-85a7-7aa3f5d6ad8c'), condition=None, blocking_facility=None), RegisteredHandler(callback=<bound method Auditor._save_audits of <Auditor>>, priority=1, kwargs={}, key=UUID('280859b4-98f3-453a-bd93-841c96bdd07d'), condition=None, blocking_facility=None)]. The order of those handlers is not defined and they will be executed in random order. This might lead to race conditions and potential bugs.
2025-11-07 14:31:00,791 : INFO : EventManager : Event: ======'stop_mode_attract'====== Args={'priority': 0}
2025-11-07 14:31:00,791 : INFO : EventManager : Event: ======'mode_attract_will_stop'====== Args={'priority': 0}
2025-11-07 14:31:00,791 : INFO : EventManager : Event: ======'godot_attract_off'====== Args={'priority': 0}
2025-11-07 14:31:00,791 : INFO : EventManager : Event: ======'godot_play_base'====== Args={'priority': 0}
2025-11-07 14:31:00,791 : INFO : EventManager : Event: ======'start_subsequent_loop'====== Args={'priority': 0}
2025-11-07 14:31:00,791 : INFO : Mode.music_ball_2plus : Started. Priority: 60
2025-11-07 14:31:00,791 : INFO : EventManager : Event: ======'modes_active_modes_changed'====== Args={}
2025-11-07 14:31:00,791 : INFO : EventManager : Event: ======'mode_music_ball_2plus_started'====== Args={'player': 1, 'ball': 2, 'balls_remaining': 1, 'is_extra_ball': False}
2025-11-07 14:31:00,792 : INFO : EventManager : Event: ======'single_player_ball_started'====== Args={}
2025-11-07 14:31:00,808 : INFO : EventManager : Event: ======'ball_start_target'====== Args={'target': 'playfield'}
2025-11-07 14:31:00,808 : INFO : ball_device.bd_trough : Setting up player-controlled eject. Balls: 1, Target: <playfield.playfield>, player_controlled_eject_event: None
2025-11-07 14:31:00,809 : INFO : ball_device.bd_trough : Adding 1 ball(s) to the eject_queue with target <playfield.playfield>.
2025-11-07 14:31:00,809 : INFO : EventManager : Event: ======'balldevice_balls_available'====== Args={}
2025-11-07 14:31:00,810 : INFO : ball_device.bd_trough : State: waiting_for_target_ready
2025-11-07 14:31:00,810 : INFO : EventManager : Event: ======'balldevice_bd_trough_ball_eject_attempt'====== Args={'balls': 1, 'target': <playfield.playfield>, 'source': <ball_device.bd_trough>, 'mechanical_eject': False, 'num_attempts': 0}
2025-11-07 14:31:00,811 : INFO : ball_device.bd_trough : State: ejecting
2025-11-07 14:31:00,811 : INFO : ball_device.bd_trough : Ejecting ball to <playfield.playfield>
2025-11-07 14:31:00,811 : INFO : EventManager : Event: ======'balldevice_bd_trough_ejecting_ball'====== Args={'balls': 1, 'target': <playfield.playfield>, 'source': <ball_device.bd_trough>, 'mechanical_eject': False, 'num_attempts': 0}
2025-11-07 14:31:00,811 : INFO : ball_device.bd_trough : Wait for ball to leave device
2025-11-07 14:31:00,811 : INFO : coil.c_trough_eject : Pulsing Driver for 40ms (1.0 pulse_power)
2025-11-07 14:31:00,825 : INFO : EventManager : Event: ======'slide_base_created'====== Args={'_from_bcp': True}
2025-11-07 14:31:00,825 : INFO : EventManager : Event: ======'slide_base_inactive'====== Args={'is_removing': True, '_from_bcp': True}
2025-11-07 14:31:00,825 : INFO : EventManager : Event: ======'slide_base_active'====== Args={'original_context': 'base', 'original_calling_context': 'mode_base_started', 'priority': 50.0, 'queue': '<QueuedEvent>', 'player': 1.0, 'ball': 2.0, 'balls_remaining': 1.0, 'is_extra_ball': False, 'cmd': 'slides_play', '_from_bcp': True}
2025-11-07 14:31:00,826 : INFO : EventManager : Event: ======'slide_base_removed'====== Args={'_from_bcp': True}
2025-11-07 14:31:00,866 : INFO : SwitchController : <<<<<<< 's_trough' inactive >>>>>>>
2025-11-07 14:31:00,872 : INFO : ball_device.bd_trough : State: ball_left
2025-11-07 14:31:00,873 : INFO : ball_device.bd_trough : Ball left
2025-11-07 14:31:00,873 : INFO : ball_device.bd_trough : Wait for confirm with timeout 10.0
2025-11-07 14:31:01,387 : INFO : EventManager : Event: ======'blink_off'====== Args={'priority': 0}
2025-11-07 14:31:01,980 : INFO : EventManager : Event: ======'blink_on'====== Args={'priority': 0}
2025-11-07 14:31:02,584 : INFO : EventManager : Event: ======'blink_off'====== Args={'priority': 0}
2025-11-07 14:31:02,584 : INFO : EventManager : Unordered handler for class <Auditor> on event game_ended with priority 1. Handlers: [RegisteredHandler(callback=<bound method Auditor.disable of <Auditor>>, priority=1, kwargs={}, key=UUID('5284abda-d59f-412a-85a7-7aa3f5d6ad8c'), condition=None, blocking_facility=None), RegisteredHandler(callback=<bound method Auditor._save_audits of <Auditor>>, priority=1, kwargs={}, key=UUID('280859b4-98f3-453a-bd93-841c96bdd07d'), condition=None, blocking_facility=None)]. The order of those handlers is not defined and they will be executed in random order. This might lead to race conditions and potential bugs.
2025-11-07 14:31:03,174 : INFO : EventManager : Event: ======'blink_on'====== Args={'priority': 0}
2025-11-07 14:31:03,780 : INFO : EventManager : Event: ======'blink_off'====== Args={'priority': 0}
2025-11-07 14:31:03,781 : INFO : EventManager : Unordered handler for class <Auditor> on event game_ended with priority 1. Handlers: [RegisteredHandler(callback=<bound method Auditor.disable of <Auditor>>, priority=1, kwargs={}, key=UUID('5284abda-d59f-412a-85a7-7aa3f5d6ad8c'), condition=None, blocking_facility=None), RegisteredHandler(callback=<bound method Auditor._save_audits of <Auditor>>, priority=1, kwargs={}, key=UUID('280859b4-98f3-453a-bd93-841c96bdd07d'), condition=None, blocking_facility=None)]. The order of those handlers is not defined and they will be executed in random order. This might lead to race conditions and potential bugs.
2025-11-07 14:31:04,387 : INFO : EventManager : Event: ======'blink_on'====== Args={'priority': 0}
2025-11-07 14:31:04,980 : INFO : EventManager : Event: ======'blink_off'====== Args={'priority': 0}
2025-11-07 14:31:04,980 : INFO : EventManager : Unordered handler for class <Auditor> on event game_ended with priority 1. Handlers: [RegisteredHandler(callback=<bound method Auditor.disable of <Auditor>>, priority=1, kwargs={}, key=UUID('5284abda-d59f-412a-85a7-7aa3f5d6ad8c'), condition=None, blocking_facility=None), RegisteredHandler(callback=<bound method Auditor._save_audits of <Auditor>>, priority=1, kwargs={}, key=UUID('280859b4-98f3-453a-bd93-841c96bdd07d'), condition=None, blocking_facility=None)]. The order of those handlers is not defined and they will be executed in random order. This might lead to race conditions and potential bugs.
2025-11-07 14:31:05,078 : INFO : Machine : Shutting down...
2025-11-07 14:31:05,078 : INFO : EventManager : Event: ======'shutdown'====== Args={}
2025-11-07 14:31:05,080 : INFO : EventManager : Event: ======'mode_game_will_stop'====== Args={}
2025-11-07 14:31:05,080 : INFO : EventManager : Event: ======'mode_game_stopping'====== Args={}
2025-11-07 14:31:05,082 : INFO : EventManager : Event: ======'mode_base_will_stop'====== Args={}
2025-11-07 14:31:05,082 : INFO : EventManager : Event: ======'mode_base_stopping'====== Args={}
2025-11-07 14:31:05,082 : INFO : EventManager : Event: ======'mode_music_ball_2plus_will_stop'====== Args={}
2025-11-07 14:31:05,082 : INFO : EventManager : Event: ======'mode_music_ball_2plus_stopping'====== Args={}
2025-11-07 14:31:05,083 : INFO : EventManager : Event: ======'godot_stop_base'====== Args={'priority': 0}
2025-11-07 14:31:05,083 : INFO : Mode.music_ball_2plus : Stopped.
2025-11-07 14:31:05,083 : INFO : EventManager : Event: ======'modes_active_modes_changed'====== Args={}
2025-11-07 14:31:05,083 : INFO : EventManager : Event: ======'mode_music_ball_2plus_stopped'====== Args={}
2025-11-07 14:31:05,083 : INFO : EventManager : Event: ======'clear'====== Args={'key': 'music_ball_2plus'}
2025-11-07 14:31:05,083 : INFO : Mode.base : Stopped.
2025-11-07 14:31:05,083 : INFO : EventManager : Event: ======'modes_active_modes_changed'====== Args={}
2025-11-07 14:31:05,085 : INFO : EventManager : Event: ======'mode_base_stopped'====== Args={}
2025-11-07 14:31:05,085 : INFO : EventManager : Event: ======'clear'====== Args={'key': 'base'}
2025-11-07 14:31:05,086 : INFO : Mode.game : Stopped.
2025-11-07 14:31:05,086 : INFO : EventManager : Event: ======'modes_active_modes_changed'====== Args={}
2025-11-07 14:31:05,086 : INFO : EventManager : Event: ======'mode_game_stopped'====== Args={}
2025-11-07 14:31:05,086 : INFO : EventManager : Event: ======'clear'====== Args={'key': 'game'}
2025-11-07 14:31:05,181 : INFO : root : MPF run loop ended.
