2025-10-31 14:24:15,199 : INFO : root : Loading config.
2025-10-31 14:24:15,207 : INFO : YamlMultifileConfigLoader : Machine config file #1: config.yaml
2025-10-31 14:24:15,207 : INFO : ConfigProcessor : Loading config from cache: C:\Users\antho\AppData\Local\Temp\fdca14d0c9d658ab8200d57120800af5.mpf_cache
2025-10-31 14:24:15,377 : INFO : ConfigProcessor : Loading config from cache: C:\Users\antho\AppData\Local\Temp\5dec96b1547c4adf5bdd3d1715e74bc0.mpf_cache
2025-10-31 14:24:15,378 : INFO : ConfigProcessor : Loading config from cache: C:\Users\antho\AppData\Local\Temp\202a5840610e95051f9f473dfa660cc0.mpf_cache
2025-10-31 14:24:15,378 : INFO : ConfigProcessor : Loading config from cache: C:\Users\antho\AppData\Local\Temp\5dec96b1547c4adf5bdd3d1715e74bc0.mpf_cache
2025-10-31 14:24:15,379 : INFO : ConfigProcessor : Loading config from cache: C:\Users\antho\AppData\Local\Temp\2cd13a2d3f375e00ab01d6d09a85d8e7.mpf_cache
2025-10-31 14:24:15,393 : INFO : ConfigProcessor : Loading config from cache: C:\Users\antho\AppData\Local\Temp\9220b44b97b91972524500b81035d790.mpf_cache
2025-10-31 14:24:15,395 : INFO : ConfigProcessor : Loading config from cache: C:\Users\antho\AppData\Local\Temp\31ee881584fa6fce665a672a4f3f633a.mpf_cache
2025-10-31 14:24:15,396 : INFO : ConfigProcessor : Loading config from cache: C:\Users\antho\AppData\Local\Temp\5e841763ec73085bbf92358fe6afda21.mpf_cache
2025-10-31 14:24:15,396 : INFO : ConfigProcessor : Loading config from cache: C:\Users\antho\AppData\Local\Temp\7f73d12aa9beccac1cbd8c265ccda72e.mpf_cache
2025-10-31 14:24:15,397 : INFO : ConfigProcessor : Loading config from cache: C:\Users\antho\AppData\Local\Temp\a03ebaa9d6d5676c418deb142cb34911.mpf_cache
2025-10-31 14:24:15,397 : INFO : ConfigProcessor : Loading config from cache: C:\Users\antho\AppData\Local\Temp\b17152efa55a24f0424602723f8d3921.mpf_cache
2025-10-31 14:24:15,398 : INFO : ConfigProcessor : Loading config from cache: C:\Users\antho\AppData\Local\Temp\e87fc0e7d2f8a851b5fa3f604e0d0c6e.mpf_cache
2025-10-31 14:24:15,400 : INFO : ConfigProcessor : Loading config from cache: C:\Users\antho\AppData\Local\Temp\196ac76b6cab3a9880804c826cfbcb5c.mpf_cache
2025-10-31 14:24:15,400 : INFO : ConfigProcessor : Loading config from cache: C:\Users\antho\AppData\Local\Temp\55437eb303afaa980597ff60f339a871.mpf_cache
2025-10-31 14:24:15,401 : INFO : ConfigProcessor : Loading config from cache: C:\Users\antho\AppData\Local\Temp\fddc1006228d3387e6d1e46051a3638d.mpf_cache
2025-10-31 14:24:15,402 : INFO : ConfigProcessor : Loading config from cache: C:\Users\antho\AppData\Local\Temp\834292dd7853e12a66732dc89828c828.mpf_cache
2025-10-31 14:24:15,403 : INFO : ConfigProcessor : Loading config from cache: C:\Users\antho\AppData\Local\Temp\46f8fa3e41dfeeb8232af2f03a13b6c4.mpf_cache
2025-10-31 14:24:15,403 : INFO : ConfigProcessor : Loading config from cache: C:\Users\antho\AppData\Local\Temp\c67e9c175da6c060302945929b27b878.mpf_cache
2025-10-31 14:24:15,404 : INFO : Machine : Mission Pinball Framework Core Engine v0.80.0.dev11
2025-10-31 14:24:15,404 : INFO : Machine : Command line arguments: {'no_load_cache': False, 'create_config_cache': True, 'bcp': True, 'configfile': ['config.yaml'], 'force_assets_load': False, 'platform_integration_test': False, 'jsonlogging': False, 'logfile': 'logs\\2025-10-31-14-24-15-mpf-LAPTOP-MPGP6R69.log', 'pause': False, 'production': False, 'text_ui': True, 'loglevel': 15, 'consoleloglevel': 20, 'force_platform': None, 'syslog_address': None, 'full_logfile_path': 'C:\\Users\\antho\\nightpin\\logs\\2025-10-31-14-24-15-mpf-LAPTOP-MPGP6R69.log'}
2025-10-31 14:24:15,405 : INFO : Machine : MPF path: C:\Users\antho\mpf\Lib\site-packages\mpf
2025-10-31 14:24:15,405 : INFO : Machine : Machine path: C:\Users\antho\nightpin
2025-10-31 14:24:15,405 : INFO : Machine : Platform: win32
2025-10-31 14:24:15,405 : INFO : Machine : Python executable location: C:\Users\antho\mpf\Scripts\python.exe
2025-10-31 14:24:15,405 : INFO : Machine : Python version: 3.12.7 (64-bit)
2025-10-31 14:24:15,408 : INFO : Machine : Initializing MPF...
2025-10-31 14:24:15,755 : INFO : lisy : Connecting to com3 at 115200bps
2025-10-31 14:24:15,756 : WARNING : lisy : Could not import terminos (this is ok on windows).
2025-10-31 14:24:15,922 : INFO : EventManager : Event: ======'machine_var_lisy_hardware'====== Args={'value': 'LISY35', 'prev_value': None, 'change': True}
2025-10-31 14:24:15,922 : INFO : EventManager : Event: ======'machine_var_lisy_version'====== Args={'value': '5.26 ', 'prev_value': None, 'change': True}
2025-10-31 14:24:15,922 : INFO : EventManager : Event: ======'machine_var_lisy_api_version'====== Args={'value': b'0.09', 'prev_value': None, 'change': True}
2025-10-31 14:24:17,228 : INFO : EventManager : Event: ======'machine_var_credits_string'====== Args={'value': 'FREE PLAY', 'prev_value': None, 'change': True}
2025-10-31 14:24:17,282 : INFO : EventManager : Event: ======'machine_var_master_volume'====== Args={'value': 0.5, 'prev_value': None, 'change': True}
2025-10-31 14:24:17,282 : INFO : EventManager : Event: ======'machine_var_player1_score'====== Args={'value': 2200, 'prev_value': None, 'change': True}
2025-10-31 14:24:17,282 : INFO : EventManager : Event: ======'machine_var_player2_score'====== Args={'value': 1200, 'prev_value': None, 'change': True}
2025-10-31 14:24:17,282 : INFO : EventManager : Event: ======'machine_var_mpf_version'====== Args={'value': 'Mission Pinball Framework v0.80.0.dev11', 'prev_value': None, 'change': True}
2025-10-31 14:24:17,283 : INFO : EventManager : Event: ======'machine_var_mpf_extended_version'====== Args={'value': 'Mission Pinball Framework v0.80.0.dev11, Config version:6, Show version: 6, BCP version:1.1', 'prev_value': None, 'change': True}
2025-10-31 14:24:17,283 : INFO : EventManager : Event: ======'machine_var_python_version'====== Args={'value': '3.12.7', 'prev_value': None, 'change': True}
2025-10-31 14:24:17,407 : INFO : EventManager : Event: ======'machine_var_platform'====== Args={'value': 'Windows-11-10.0.26100-SP0', 'prev_value': None, 'change': True}
2025-10-31 14:24:17,409 : INFO : EventManager : Event: ======'machine_var_platform_system'====== Args={'value': 'Windows', 'prev_value': None, 'change': True}
2025-10-31 14:24:17,409 : INFO : EventManager : Event: ======'machine_var_platform_release'====== Args={'value': '11', 'prev_value': None, 'change': True}
2025-10-31 14:24:17,409 : INFO : EventManager : Event: ======'machine_var_platform_version'====== Args={'value': '10.0.26100', 'prev_value': None, 'change': True}
2025-10-31 14:24:17,409 : INFO : EventManager : Event: ======'machine_var_platform_machine'====== Args={'value': 'AMD64', 'prev_value': None, 'change': True}
2025-10-31 14:24:17,409 : INFO : EventManager : Event: ======'machine_var_log_file_path'====== Args={'value': 'C:\\Users\\antho\\nightpin\\logs\\2025-10-31-14-24-15-mpf-LAPTOP-MPGP6R69.log', 'prev_value': None, 'change': True}
2025-10-31 14:24:17,409 : INFO : EventManager : Event: ======'init_phase_1'====== Args={}
2025-10-31 14:24:17,453 : INFO : EventManager : Event: ======'drop_target_bank_right_bank_up'====== Args={}
2025-10-31 14:24:17,453 : INFO : EventManager : Event: ======'drop_target_bank_left_bank_up'====== Args={}
2025-10-31 14:24:17,530 : INFO : EventManager : Event: ======'init_phase_2'====== Args={}
2025-10-31 14:24:17,539 : INFO : EventManager : Event: ======'bcp_connection_attempt'====== Args={'name': 'local_display', 'host': 'localhost', 'port': 5050}
2025-10-31 14:24:17,542 : INFO : BCPClientSocket : Connecting BCP to 'local_display' at localhost:5050...
2025-10-31 14:24:17,565 : INFO : BCPClientSocket : Connected BCP to 'local_display' localhost:5050
2025-10-31 14:24:17,566 : INFO : EventManager : Event: ======'bcp_clients_connected'====== Args={}
2025-10-31 14:24:17,702 : INFO : ball_device.bd_trough : BCH: Initial count: 0
2025-10-31 14:24:17,703 : INFO : ball_device.bd_trough : State: idle
2025-10-31 14:24:17,703 : INFO : ball_device.bd_saucer : BCH: Initial count: 0
2025-10-31 14:24:17,704 : INFO : ball_device.bd_saucer : State: idle
2025-10-31 14:24:17,718 : INFO : EventManager : Event: ======'init_phase_3'====== Args={}
2025-10-31 14:24:17,727 : INFO : EventManager : Event: ======'init_phase_4'====== Args={}
2025-10-31 14:24:17,727 : INFO : BallController : Initial balls found: 0
2025-10-31 14:24:17,729 : INFO : EventManager : Event: ======'machine_var_audits_events_game_ended'====== Args={'value': 17, 'prev_value': None, 'change': True}
2025-10-31 14:24:17,729 : INFO : EventManager : Event: ======'machine_var_audits_events_game_started'====== Args={'value': 80, 'prev_value': None, 'change': True}
2025-10-31 14:24:17,729 : INFO : EventManager : Event: ======'machine_var_audits_missing_switches_s_coin_right'====== Args={'value': 79, 'prev_value': None, 'change': True}
2025-10-31 14:24:17,730 : INFO : EventManager : Event: ======'machine_var_audits_missing_switches_s_credit_button'====== Args={'value': 52, 'prev_value': None, 'change': True}
2025-10-31 14:24:17,730 : INFO : EventManager : Event: ======'machine_var_audits_missing_switches_s_inlanes'====== Args={'value': 7, 'prev_value': None, 'change': True}
2025-10-31 14:24:17,730 : INFO : EventManager : Event: ======'machine_var_audits_missing_switches_s_left_bank_target_middle'====== Args={'value': 3, 'prev_value': None, 'change': True}
2025-10-31 14:24:17,730 : INFO : EventManager : Event: ======'machine_var_audits_missing_switches_s_left_outlane_rollover'====== Args={'value': 18, 'prev_value': None, 'change': True}
2025-10-31 14:24:17,730 : INFO : EventManager : Event: ======'machine_var_audits_missing_switches_s_left_sling'====== Args={'value': 18, 'prev_value': None, 'change': True}
2025-10-31 14:24:17,730 : INFO : EventManager : Event: ======'machine_var_audits_missing_switches_s_right_outlane_rollover'====== Args={'value': 35, 'prev_value': None, 'change': True}
2025-10-31 14:24:17,730 : INFO : EventManager : Event: ======'machine_var_audits_missing_switches_s_right_sling'====== Args={'value': 1, 'prev_value': None, 'change': True}
2025-10-31 14:24:17,730 : INFO : EventManager : Event: ======'machine_var_audits_missing_switches_s_slam_tilt'====== Args={'value': 18, 'prev_value': None, 'change': True}
2025-10-31 14:24:17,730 : INFO : EventManager : Event: ======'machine_var_audits_missing_switches_s_spinner'====== Args={'value': 14, 'prev_value': None, 'change': True}
2025-10-31 14:24:17,731 : INFO : EventManager : Event: ======'machine_var_audits_missing_switches_s_stand_up'====== Args={'value': 52, 'prev_value': None, 'change': True}
2025-10-31 14:24:17,731 : INFO : EventManager : Event: ======'machine_var_audits_missing_switches_s_start_button'====== Args={'value': 17, 'prev_value': None, 'change': True}
2025-10-31 14:24:17,731 : INFO : EventManager : Event: ======'machine_var_audits_missing_switches_s_tilt'====== Args={'value': 50, 'prev_value': None, 'change': True}
2025-10-31 14:24:17,731 : INFO : EventManager : Event: ======'machine_var_audits_player_score'====== Args={'value': {'average': 1435, 'top': [5110, 5070, 4300, 4230, 3980, 3410, 2200, 1300, 1200, 500], 'total': 25}, 'prev_value': None, 'change': True}
2025-10-31 14:24:17,731 : INFO : EventManager : Event: ======'machine_var_audits_shots_my_first_shot'====== Args={'value': 3, 'prev_value': None, 'change': True}
2025-10-31 14:24:17,731 : INFO : EventManager : Event: ======'machine_var_audits_shots_sh_eg_pop_left'====== Args={'value': 8, 'prev_value': None, 'change': True}
2025-10-31 14:24:17,731 : INFO : EventManager : Event: ======'machine_var_audits_shots_sh_eg_pop_middle'====== Args={'value': 8, 'prev_value': None, 'change': True}
2025-10-31 14:24:17,731 : INFO : EventManager : Event: ======'machine_var_audits_shots_sh_eg_pop_right'====== Args={'value': 13, 'prev_value': None, 'change': True}
2025-10-31 14:24:17,731 : INFO : EventManager : Event: ======'machine_var_audits_shots_sh_eg_right_drop_left'====== Args={'value': 4, 'prev_value': None, 'change': True}
2025-10-31 14:24:17,732 : INFO : EventManager : Event: ======'machine_var_audits_shots_sh_eg_right_drop_middle'====== Args={'value': 3, 'prev_value': None, 'change': True}
2025-10-31 14:24:17,732 : INFO : EventManager : Event: ======'machine_var_audits_shots_sh_eg_right_drop_right'====== Args={'value': 3, 'prev_value': None, 'change': True}
2025-10-31 14:24:17,732 : INFO : EventManager : Event: ======'machine_var_audits_shots_sh_eg_spinner'====== Args={'value': 2, 'prev_value': None, 'change': True}
2025-10-31 14:24:17,732 : INFO : EventManager : Event: ======'machine_var_audits_shots_sh_escape_graveyard_start'====== Args={'value': 3, 'prev_value': None, 'change': True}
2025-10-31 14:24:17,732 : INFO : EventManager : Event: ======'machine_var_audits_switches_s_coin_right'====== Args={'value': 1, 'prev_value': None, 'change': True}
2025-10-31 14:24:17,732 : INFO : EventManager : Event: ======'machine_var_audits_switches_s_credit_button'====== Args={'value': 5, 'prev_value': None, 'change': True}
2025-10-31 14:24:17,732 : INFO : EventManager : Event: ======'machine_var_audits_switches_s_inlanes'====== Args={'value': 159, 'prev_value': None, 'change': True}
2025-10-31 14:24:17,732 : INFO : EventManager : Event: ======'machine_var_audits_switches_s_left_bank_target_left'====== Args={'value': 36, 'prev_value': None, 'change': True}
2025-10-31 14:24:17,732 : INFO : EventManager : Event: ======'machine_var_audits_switches_s_left_bank_target_middle'====== Args={'value': 27, 'prev_value': None, 'change': True}
2025-10-31 14:24:17,733 : INFO : EventManager : Event: ======'machine_var_audits_switches_s_left_bank_target_right'====== Args={'value': 27, 'prev_value': None, 'change': True}
2025-10-31 14:24:17,733 : INFO : EventManager : Event: ======'machine_var_audits_switches_s_left_lower_bumper'====== Args={'value': 33, 'prev_value': None, 'change': True}
2025-10-31 14:24:17,733 : INFO : EventManager : Event: ======'machine_var_audits_switches_s_left_outlane_rollover'====== Args={'value': 23, 'prev_value': None, 'change': True}
2025-10-31 14:24:17,733 : INFO : EventManager : Event: ======'machine_var_audits_switches_s_left_pop_bumper'====== Args={'value': 121, 'prev_value': None, 'change': True}
2025-10-31 14:24:17,733 : INFO : EventManager : Event: ======'machine_var_audits_switches_s_left_sling'====== Args={'value': 93, 'prev_value': None, 'change': True}
2025-10-31 14:24:17,733 : INFO : EventManager : Event: ======'machine_var_audits_switches_s_left_upper_bumper'====== Args={'value': 42, 'prev_value': None, 'change': True}
2025-10-31 14:24:17,733 : INFO : EventManager : Event: ======'machine_var_audits_switches_s_middle_pop_bumper'====== Args={'value': 114, 'prev_value': None, 'change': True}
2025-10-31 14:24:17,733 : INFO : EventManager : Event: ======'machine_var_audits_switches_s_middle_skill_lane'====== Args={'value': 75, 'prev_value': None, 'change': True}
2025-10-31 14:24:17,733 : INFO : EventManager : Event: ======'machine_var_audits_switches_s_middle_upper_rollovers'====== Args={'value': 97, 'prev_value': None, 'change': True}
2025-10-31 14:24:17,734 : INFO : EventManager : Event: ======'machine_var_audits_switches_s_outer_skill_lanes'====== Args={'value': 124, 'prev_value': None, 'change': True}
2025-10-31 14:24:17,734 : INFO : EventManager : Event: ======'machine_var_audits_switches_s_pop_bumper_bottom'====== Args={'value': 6, 'prev_value': None, 'change': True}
2025-10-31 14:24:17,734 : INFO : EventManager : Event: ======'machine_var_audits_switches_s_pop_bumper_left'====== Args={'value': 2, 'prev_value': None, 'change': True}
2025-10-31 14:24:17,734 : INFO : EventManager : Event: ======'machine_var_audits_switches_s_pop_bumper_right'====== Args={'value': 1, 'prev_value': None, 'change': True}
2025-10-31 14:24:17,734 : INFO : EventManager : Event: ======'machine_var_audits_switches_s_right_bank_target_left'====== Args={'value': 53, 'prev_value': None, 'change': True}
2025-10-31 14:24:17,734 : INFO : EventManager : Event: ======'machine_var_audits_switches_s_right_bank_target_middle'====== Args={'value': 41, 'prev_value': None, 'change': True}
2025-10-31 14:24:17,734 : INFO : EventManager : Event: ======'machine_var_audits_switches_s_right_bank_target_right'====== Args={'value': 39, 'prev_value': None, 'change': True}
2025-10-31 14:24:17,734 : INFO : EventManager : Event: ======'machine_var_audits_switches_s_right_outlane_rollover'====== Args={'value': 6, 'prev_value': None, 'change': True}
2025-10-31 14:24:17,734 : INFO : EventManager : Event: ======'machine_var_audits_switches_s_right_pop_bumper'====== Args={'value': 173, 'prev_value': None, 'change': True}
2025-10-31 14:24:17,735 : INFO : EventManager : Event: ======'machine_var_audits_switches_s_right_sling'====== Args={'value': 72, 'prev_value': None, 'change': True}
2025-10-31 14:24:17,735 : INFO : EventManager : Event: ======'machine_var_audits_switches_s_saucer'====== Args={'value': 82, 'prev_value': None, 'change': True}
2025-10-31 14:24:17,735 : INFO : EventManager : Event: ======'machine_var_audits_switches_s_slam_tilt'====== Args={'value': 6, 'prev_value': None, 'change': True}
2025-10-31 14:24:17,735 : INFO : EventManager : Event: ======'machine_var_audits_switches_s_spinner'====== Args={'value': 411, 'prev_value': None, 'change': True}
2025-10-31 14:24:17,735 : INFO : EventManager : Event: ======'machine_var_audits_switches_s_stand_up'====== Args={'value': 8, 'prev_value': None, 'change': True}
2025-10-31 14:24:17,735 : INFO : EventManager : Event: ======'machine_var_audits_switches_s_start_button'====== Args={'value': 35, 'prev_value': None, 'change': True}
2025-10-31 14:24:17,735 : INFO : EventManager : Event: ======'machine_var_audits_switches_s_tilt'====== Args={'value': 1, 'prev_value': None, 'change': True}
2025-10-31 14:24:17,735 : INFO : EventManager : Event: ======'machine_var_audits_switches_s_trough'====== Args={'value': 439, 'prev_value': None, 'change': True}
2025-10-31 14:24:17,736 : INFO : EventManager : Event: ======'init_phase_5'====== Args={}
2025-10-31 14:24:17,783 : INFO : EventManager : Event: ======'init_done'====== Args={}
2025-10-31 14:24:17,784 : INFO : EventManager : Event: ======'machine_reset_phase_1'====== Args={}
2025-10-31 14:24:17,790 : INFO : EventManager : Event: ======'machine_reset_phase_2'====== Args={}
2025-10-31 14:24:17,791 : INFO : EventManager : Event: ======'machine_reset_phase_3'====== Args={}
2025-10-31 14:24:17,792 : INFO : EventManager : Event: ======'mode_attract_will_start'====== Args={'queue': <QueuedEvent>}
2025-10-31 14:24:17,793 : INFO : EventManager : Event: ======'mode_attract_starting'====== Args={'queue': <QueuedEvent>}
2025-10-31 14:24:17,794 : INFO : Mode.attract : Started. Priority: 10
2025-10-31 14:24:17,794 : INFO : EventManager : Event: ======'modes_active_modes_changed'====== Args={}
2025-10-31 14:24:17,794 : INFO : EventManager : Event: ======'mode_attract_started'====== Args={'queue': <QueuedEvent>}
2025-10-31 14:24:17,794 : INFO : EventManager : Event: ======'godot_attract_on'====== Args={'priority': 0}
2025-10-31 14:24:17,796 : INFO : EventManager : Event: ======'collecting_balls_complete'====== Args={}
2025-10-31 14:24:17,796 : INFO : EventManager : Event: ======'reset_complete'====== Args={}
2025-10-31 14:24:17,812 : INFO : Machine : Starting the main run loop with active modes: [<Mode.attract>]
2025-10-31 14:24:17,845 : INFO : EventManager : Event: ======'slide_attract_created'====== Args={'_from_bcp': True}
2025-10-31 14:24:17,845 : INFO : EventManager : Event: ======'slide__removed'====== Args={'_from_bcp': True}
2025-10-31 14:24:17,846 : INFO : EventManager : Event: ======'slide_attract_active'====== Args={'original_context': 'attract', 'original_calling_context': 'mode_attract_started', 'priority': 10.0, 'queue': '<QueuedEvent>', 'cmd': 'slides_play', '_from_bcp': True}
2025-10-31 14:24:19,787 : INFO : EventManager : Event: ======'attract_wave_complete'====== Args={'priority': 0}
2025-10-31 14:24:20,187 : INFO : EventManager : Event: ======'attract_pulse_complete'====== Args={'priority': 0}
2025-10-31 14:24:20,203 : INFO : SwitchController : <<<<<<< 's_trough' active >>>>>>>
2025-10-31 14:24:20,589 : INFO : EventManager : Event: ======'attract_pulse_complete'====== Args={'priority': 0}
2025-10-31 14:24:20,697 : INFO : EventManager : Event: ======'balldevice_bd_trough_ball_count_changed'====== Args={'balls': 1}
2025-10-31 14:24:20,697 : INFO : ball_device.bd_trough : Received unexpected ball
2025-10-31 14:24:20,697 : INFO : EventManager : Event: ======'balldevice_captured_from_playfield'====== Args={'balls': 1}
2025-10-31 14:24:20,697 : INFO : EventManager : Event: ======'sw_playfield_active'====== Args={'balls': 1}
2025-10-31 14:24:20,697 : INFO : EventManager : Event: ======'playfield_active'====== Args={'source': None}
2025-10-31 14:24:20,699 : INFO : EventManager : Event: ======'unexpected_ball_on_playfield'====== Args={}
2025-10-31 14:24:20,699 : INFO : EventManager : Event: ======'playfield_ball_count_change'====== Args={'balls': -1, 'change': -1}
2025-10-31 14:24:20,699 : INFO : EventManager : Event: ======'balldevice_playfield_ball_enter'====== Args={'new_balls': 1, 'unclaimed_balls': 1, 'device': <playfield.playfield>}
2025-10-31 14:24:20,699 : INFO : EventManager : Event: ======'playfield_ball_count_change'====== Args={'balls': 0, 'change': 1}
2025-10-31 14:24:20,699 : INFO : BallController : Found a new ball which was captured from playfield. Known balls: 1
2025-10-31 14:24:20,699 : INFO : EventManager : Event: ======'found_new_ball'====== Args={}
2025-10-31 14:24:20,700 : INFO : EventManager : Event: ======'balldevice_bd_trough_ball_enter'====== Args={'new_balls': 1, 'unclaimed_balls': 1, 'new_available_balls': 1, 'device': <ball_device.bd_trough>}
2025-10-31 14:24:20,700 : INFO : EventManager : Event: ======'ball_drain'====== Args={'device': <ball_device.bd_trough>, 'balls': 1}
2025-10-31 14:24:20,700 : INFO : EventManager : Event: ======'balldevice_balls_available'====== Args={}
2025-10-31 14:24:20,700 : INFO : EventManager : Event: ======'balldevice_bd_trough_ball_entered'====== Args={'new_balls': 1, 'device': <ball_device.bd_trough>}
2025-10-31 14:24:22,514 : INFO : SwitchController : <<<<<<< 's_start_button' active >>>>>>>
2025-10-31 14:24:22,591 : INFO : EventManager : Event: ======'attract_wave_complete'====== Args={'priority': 0}
2025-10-31 14:24:22,637 : INFO : SwitchController : <<<<<<< 's_start_button' inactive >>>>>>>
2025-10-31 14:24:22,637 : INFO : EventManager : Event: ======'request_to_start_game'====== Args={}
2025-10-31 14:24:22,637 : INFO : EventManager : Event: ======'game_start'====== Args={'buttons': [], 'hold_time': 0.125}
2025-10-31 14:24:22,637 : INFO : EventManager : Event: ======'mode_game_will_start'====== Args={'buttons': [], 'hold_time': 0.125}
2025-10-31 14:24:22,639 : INFO : EventManager : Event: ======'mode_game_starting'====== Args={'buttons': [], 'hold_time': 0.125}
2025-10-31 14:24:22,639 : INFO : Mode.game : Started. Priority: 20
2025-10-31 14:24:22,639 : INFO : EventManager : Event: ======'modes_active_modes_changed'====== Args={}
2025-10-31 14:24:22,639 : INFO : EventManager : Event: ======'mode_game_started'====== Args={'buttons': [], 'hold_time': 0.125}
2025-10-31 14:24:22,660 : INFO : EventManager : Event: ======'game_will_start'====== Args={}
2025-10-31 14:24:22,661 : INFO : EventManager : Event: ======'game_starting'====== Args={'game': <Mode.game>}
2025-10-31 14:24:22,661 : INFO : EventManager : Event: ======'mode_attract_will_stop'====== Args={}
2025-10-31 14:24:22,661 : INFO : EventManager : Event: ======'mode_attract_stopping'====== Args={}
2025-10-31 14:24:22,661 : INFO : EventManager : Event: ======'godot_attract_off'====== Args={'priority': 0}
2025-10-31 14:24:22,662 : INFO : EventManager : Unordered handler for class <Auditor> on event game_ended with priority 1. Handlers: [RegisteredHandler(callback=<bound method Auditor.disable of <Auditor>>, priority=1, kwargs={}, key=UUID('d14c9d0a-26b2-4ab1-8441-ea2de4c1fce1'), condition=None, blocking_facility=None), RegisteredHandler(callback=<bound method Auditor._save_audits of <Auditor>>, priority=1, kwargs={}, key=UUID('8c316ab3-d18b-46cd-9cf8-02c870f5e189'), condition=None, blocking_facility=None)]. The order of those handlers is not defined and they will be executed in random order. This might lead to race conditions and potential bugs.
2025-10-31 14:24:22,662 : INFO : EventManager : Event: ======'godot_attract_off'====== Args={'priority': 0}
2025-10-31 14:24:22,664 : INFO : Mode.attract : Stopped.
2025-10-31 14:24:22,664 : INFO : EventManager : Event: ======'modes_active_modes_changed'====== Args={}
2025-10-31 14:24:22,664 : INFO : EventManager : Event: ======'mode_attract_stopped'====== Args={}
2025-10-31 14:24:22,664 : INFO : EventManager : Event: ======'clear'====== Args={'key': 'attract'}
2025-10-31 14:24:22,664 : INFO : EventManager : Event: ======'player_add_request'====== Args={}
2025-10-31 14:24:22,665 : INFO : EventManager : Event: ======'player_will_add'====== Args={'number': 1}
2025-10-31 14:24:22,665 : INFO : EventManager : Event: ======'player_adding'====== Args={'player': <Player 1>, 'number': 1}
2025-10-31 14:24:22,665 : INFO : EventManager : Event: ======'player_added'====== Args={'player': <Player 1>, 'num': 1}
2025-10-31 14:24:22,665 : INFO : Mode.game : Player added successfully. Total players: 1
2025-10-31 14:24:22,666 : INFO : EventManager : Event: ======'player_index'====== Args={'value': 0, 'prev_value': 0, 'change': 0, 'player_num': 1}
2025-10-31 14:24:22,666 : INFO : EventManager : Event: ======'player_number'====== Args={'value': 1, 'prev_value': 1, 'change': 0, 'player_num': 1}
2025-10-31 14:24:22,666 : INFO : EventManager : Event: ======'player_score'====== Args={'value': 0, 'prev_value': 0, 'change': 0, 'player_num': 1}
2025-10-31 14:24:22,667 : INFO : EventManager : Unordered handler for class <Auditor> on event game_ended with priority 1. Handlers: [RegisteredHandler(callback=<bound method Auditor.disable of <Auditor>>, priority=1, kwargs={}, key=UUID('d14c9d0a-26b2-4ab1-8441-ea2de4c1fce1'), condition=None, blocking_facility=None), RegisteredHandler(callback=<bound method Auditor._save_audits of <Auditor>>, priority=1, kwargs={}, key=UUID('8c316ab3-d18b-46cd-9cf8-02c870f5e189'), condition=None, blocking_facility=None)]. The order of those handlers is not defined and they will be executed in random order. This might lead to race conditions and potential bugs.
2025-10-31 14:24:22,687 : INFO : EventManager : Event: ======'game_started'====== Args={}
2025-10-31 14:24:22,688 : INFO : EventManager : Event: ======'blink_on'====== Args={'priority': 0}
2025-10-31 14:24:22,689 : INFO : EventManager : Event: ======'player_turn_will_start'====== Args={'player': <Player 1>, 'number': 1}
2025-10-31 14:24:22,693 : INFO : EventManager : Event: ======'player_turn_starting'====== Args={'player': <Player 1>, 'number': 1}
2025-10-31 14:24:22,694 : INFO : EventManager : Event: ======'player_ball'====== Args={'value': 1, 'prev_value': 0, 'change': 1, 'player_num': 1}
2025-10-31 14:24:22,694 : INFO : EventManager : Event: ======'player_turn_started'====== Args={'player': <Player 1>, 'number': 1}
2025-10-31 14:24:22,696 : INFO : EventManager : Event: ======'ball_will_start'====== Args={'player': 1, 'ball': 1, 'balls_remaining': 2, 'is_extra_ball': False}
2025-10-31 14:24:22,703 : INFO : EventManager : Event: ======'ball_starting'====== Args={'player': 1, 'ball': 1, 'balls_remaining': 2, 'is_extra_ball': False}
2025-10-31 14:24:22,703 : INFO : drop_target_bank.right_bank : All targets are already up. Will not reset bank.
2025-10-31 14:24:22,703 : INFO : drop_target_bank.left_bank : All targets are already up. Will not reset bank.
2025-10-31 14:24:22,704 : INFO : EventManager : Event: ======'balls_in_play'====== Args={'balls': 1}
2025-10-31 14:24:22,704 : INFO : EventManager : Event: ======'ball_started'====== Args={'player': 1, 'ball': 1, 'balls_remaining': 2, 'is_extra_ball': False}
2025-10-31 14:24:22,704 : INFO : EventManager : Event: ======'mode_base_will_start'====== Args={'player': 1, 'ball': 1, 'balls_remaining': 2, 'is_extra_ball': False}
2025-10-31 14:24:22,705 : INFO : EventManager : Unordered handler for class <Auditor> on event game_ended with priority 1. Handlers: [RegisteredHandler(callback=<bound method Auditor.disable of <Auditor>>, priority=1, kwargs={}, key=UUID('d14c9d0a-26b2-4ab1-8441-ea2de4c1fce1'), condition=None, blocking_facility=None), RegisteredHandler(callback=<bound method Auditor._save_audits of <Auditor>>, priority=1, kwargs={}, key=UUID('8c316ab3-d18b-46cd-9cf8-02c870f5e189'), condition=None, blocking_facility=None)]. The order of those handlers is not defined and they will be executed in random order. This might lead to race conditions and potential bugs.
2025-10-31 14:24:22,708 : INFO : EventManager : Event: ======'mode_base_starting'====== Args={'player': 1, 'ball': 1, 'balls_remaining': 2, 'is_extra_ball': False}
2025-10-31 14:24:22,710 : INFO : EventManager : Unordered handler for class <Auditor> on event game_ended with priority 1. Handlers: [RegisteredHandler(callback=<bound method Auditor.disable of <Auditor>>, priority=1, kwargs={}, key=UUID('d14c9d0a-26b2-4ab1-8441-ea2de4c1fce1'), condition=None, blocking_facility=None), RegisteredHandler(callback=<bound method Auditor._save_audits of <Auditor>>, priority=1, kwargs={}, key=UUID('8c316ab3-d18b-46cd-9cf8-02c870f5e189'), condition=None, blocking_facility=None)]. The order of those handlers is not defined and they will be executed in random order. This might lead to race conditions and potential bugs.
2025-10-31 14:24:22,710 : INFO : Mode.base : Started. Priority: 50
2025-10-31 14:24:22,710 : INFO : EventManager : Event: ======'modes_active_modes_changed'====== Args={}
2025-10-31 14:24:22,710 : INFO : EventManager : Event: ======'mode_base_started'====== Args={'player': 1, 'ball': 1, 'balls_remaining': 2, 'is_extra_ball': False}
2025-10-31 14:24:22,710 : INFO : EventManager : Event: ======'stop_mode_attract'====== Args={'priority': 0}
2025-10-31 14:24:22,710 : INFO : EventManager : Event: ======'godot_attract_off'====== Args={'priority': 0}
2025-10-31 14:24:22,711 : INFO : EventManager : Event: ======'stop_firstball_music'====== Args={'priority': 0}
2025-10-31 14:24:22,711 : INFO : EventManager : Event: ======'stop_subsequent_music'====== Args={'priority': 0}
2025-10-31 14:24:22,711 : INFO : EventManager : Event: ======'start_firstball_intro'====== Args={'priority': 0}
2025-10-31 14:24:22,711 : INFO : EventManager : Event: ======'start_subsequent_loop'====== Args={'priority': 0, 'delay': '6s'}
2025-10-31 14:24:22,713 : INFO : EventManager : Event: ======'single_player_ball_started'====== Args={}
2025-10-31 14:24:22,727 : INFO : EventManager : Event: ======'ball_start_target'====== Args={'target': 'playfield'}
2025-10-31 14:24:22,728 : INFO : ball_device.bd_trough : Setting up player-controlled eject. Balls: 1, Target: <playfield.playfield>, player_controlled_eject_event: None
2025-10-31 14:24:22,728 : INFO : ball_device.bd_trough : Adding 1 ball(s) to the eject_queue with target <playfield.playfield>.
2025-10-31 14:24:22,728 : INFO : EventManager : Event: ======'balldevice_balls_available'====== Args={}
2025-10-31 14:24:22,729 : INFO : ball_device.bd_trough : State: waiting_for_target_ready
2025-10-31 14:24:22,729 : INFO : EventManager : Event: ======'balldevice_bd_trough_ball_eject_attempt'====== Args={'balls': 1, 'target': <playfield.playfield>, 'source': <ball_device.bd_trough>, 'mechanical_eject': False, 'num_attempts': 0}
2025-10-31 14:24:22,730 : INFO : ball_device.bd_trough : State: ejecting
2025-10-31 14:24:22,730 : INFO : ball_device.bd_trough : Ejecting ball to <playfield.playfield>
2025-10-31 14:24:22,730 : INFO : EventManager : Event: ======'balldevice_bd_trough_ejecting_ball'====== Args={'balls': 1, 'target': <playfield.playfield>, 'source': <ball_device.bd_trough>, 'mechanical_eject': False, 'num_attempts': 0}
2025-10-31 14:24:22,731 : INFO : ball_device.bd_trough : Wait for ball to leave device
2025-10-31 14:24:22,731 : INFO : coil.c_trough_eject : Pulsing Driver for 40ms (1.0 pulse_power)
2025-10-31 14:24:22,777 : INFO : SwitchController : <<<<<<< 's_trough' inactive >>>>>>>
2025-10-31 14:24:22,786 : INFO : ball_device.bd_trough : State: ball_left
2025-10-31 14:24:22,786 : INFO : ball_device.bd_trough : Ball left
2025-10-31 14:24:22,786 : INFO : ball_device.bd_trough : Wait for confirm with timeout 10.0
2025-10-31 14:24:23,276 : INFO : EventManager : Event: ======'blink_off'====== Args={'priority': 0}
2025-10-31 14:24:23,865 : INFO : EventManager : Event: ======'blink_on'====== Args={'priority': 0}
2025-10-31 14:24:24,489 : INFO : EventManager : Event: ======'blink_off'====== Args={'priority': 0}
2025-10-31 14:24:24,489 : INFO : EventManager : Unordered handler for class <Auditor> on event game_ended with priority 1. Handlers: [RegisteredHandler(callback=<bound method Auditor.disable of <Auditor>>, priority=1, kwargs={}, key=UUID('d14c9d0a-26b2-4ab1-8441-ea2de4c1fce1'), condition=None, blocking_facility=None), RegisteredHandler(callback=<bound method Auditor._save_audits of <Auditor>>, priority=1, kwargs={}, key=UUID('8c316ab3-d18b-46cd-9cf8-02c870f5e189'), condition=None, blocking_facility=None)]. The order of those handlers is not defined and they will be executed in random order. This might lead to race conditions and potential bugs.
2025-10-31 14:24:25,079 : INFO : EventManager : Event: ======'blink_on'====== Args={'priority': 0}
2025-10-31 14:24:25,250 : INFO : SwitchController : <<<<<<< 's_outer_skill_lanes' active >>>>>>>
2025-10-31 14:24:25,250 : INFO : EventManager : Event: ======'s_outer_skill_lanes_active'====== Args={}
2025-10-31 14:24:25,250 : INFO : EventManager : Event: ======'machine_var_audits_switches_s_outer_skill_lanes'====== Args={'value': 125, 'prev_value': 124, 'change': 1}
2025-10-31 14:24:25,251 : INFO : EventManager : Event: ======'play_skilllane_quote_1'====== Args={}
2025-10-31 14:24:25,251 : INFO : EventManager : Event: ======'player_score'====== Args={'value': 500, 'prev_value': 0, 'change': 500, 'player_num': 1, 'source': 'base'}
2025-10-31 14:24:25,499 : INFO : SwitchController : <<<<<<< 's_outer_skill_lanes' inactive >>>>>>>
2025-10-31 14:24:25,686 : INFO : EventManager : Event: ======'blink_off'====== Args={'priority': 0}
2025-10-31 14:24:25,687 : INFO : EventManager : Unordered handler for class <Auditor> on event game_ended with priority 1. Handlers: [RegisteredHandler(callback=<bound method Auditor.disable of <Auditor>>, priority=1, kwargs={}, key=UUID('d14c9d0a-26b2-4ab1-8441-ea2de4c1fce1'), condition=None, blocking_facility=None), RegisteredHandler(callback=<bound method Auditor._save_audits of <Auditor>>, priority=1, kwargs={}, key=UUID('8c316ab3-d18b-46cd-9cf8-02c870f5e189'), condition=None, blocking_facility=None)]. The order of those handlers is not defined and they will be executed in random order. This might lead to race conditions and potential bugs.
2025-10-31 14:24:26,279 : INFO : EventManager : Event: ======'blink_on'====== Args={'priority': 0}
2025-10-31 14:24:26,869 : INFO : EventManager : Event: ======'blink_off'====== Args={'priority': 0}
2025-10-31 14:24:26,869 : INFO : EventManager : Unordered handler for class <Auditor> on event game_ended with priority 1. Handlers: [RegisteredHandler(callback=<bound method Auditor.disable of <Auditor>>, priority=1, kwargs={}, key=UUID('d14c9d0a-26b2-4ab1-8441-ea2de4c1fce1'), condition=None, blocking_facility=None), RegisteredHandler(callback=<bound method Auditor._save_audits of <Auditor>>, priority=1, kwargs={}, key=UUID('8c316ab3-d18b-46cd-9cf8-02c870f5e189'), condition=None, blocking_facility=None)]. The order of those handlers is not defined and they will be executed in random order. This might lead to race conditions and potential bugs.
2025-10-31 14:24:27,486 : INFO : EventManager : Event: ======'blink_on'====== Args={'priority': 0}
2025-10-31 14:24:28,076 : INFO : EventManager : Event: ======'blink_off'====== Args={'priority': 0}
2025-10-31 14:24:28,077 : INFO : EventManager : Unordered handler for class <Auditor> on event game_ended with priority 1. Handlers: [RegisteredHandler(callback=<bound method Auditor.disable of <Auditor>>, priority=1, kwargs={}, key=UUID('d14c9d0a-26b2-4ab1-8441-ea2de4c1fce1'), condition=None, blocking_facility=None), RegisteredHandler(callback=<bound method Auditor._save_audits of <Auditor>>, priority=1, kwargs={}, key=UUID('8c316ab3-d18b-46cd-9cf8-02c870f5e189'), condition=None, blocking_facility=None)]. The order of those handlers is not defined and they will be executed in random order. This might lead to race conditions and potential bugs.
2025-10-31 14:24:28,683 : INFO : EventManager : Event: ======'blink_on'====== Args={'priority': 0}
2025-10-31 14:24:29,273 : INFO : EventManager : Event: ======'blink_off'====== Args={'priority': 0}
2025-10-31 14:24:29,274 : INFO : EventManager : Unordered handler for class <Auditor> on event game_ended with priority 1. Handlers: [RegisteredHandler(callback=<bound method Auditor.disable of <Auditor>>, priority=1, kwargs={}, key=UUID('d14c9d0a-26b2-4ab1-8441-ea2de4c1fce1'), condition=None, blocking_facility=None), RegisteredHandler(callback=<bound method Auditor._save_audits of <Auditor>>, priority=1, kwargs={}, key=UUID('8c316ab3-d18b-46cd-9cf8-02c870f5e189'), condition=None, blocking_facility=None)]. The order of those handlers is not defined and they will be executed in random order. This might lead to race conditions and potential bugs.
2025-10-31 14:24:29,865 : INFO : EventManager : Event: ======'blink_on'====== Args={'priority': 0}
2025-10-31 14:24:30,285 : INFO : SwitchController : <<<<<<< 's_middle_skill_lane' active >>>>>>>
2025-10-31 14:24:30,285 : INFO : EventManager : Event: ======'s_middle_skill_lane_active'====== Args={}
2025-10-31 14:24:30,285 : INFO : EventManager : Event: ======'machine_var_audits_switches_s_middle_skill_lane'====== Args={'value': 76, 'prev_value': 75, 'change': 1}
2025-10-31 14:24:30,287 : INFO : EventManager : Event: ======'play_skilllane_quote_5'====== Args={}
2025-10-31 14:24:30,287 : INFO : EventManager : Event: ======'player_score'====== Args={'value': 1000, 'prev_value': 500, 'change': 500, 'player_num': 1, 'source': 'base'}
2025-10-31 14:24:30,487 : INFO : EventManager : Event: ======'blink_off'====== Args={'priority': 0}
2025-10-31 14:24:30,487 : INFO : EventManager : Unordered handler for class <Auditor> on event game_ended with priority 1. Handlers: [RegisteredHandler(callback=<bound method Auditor.disable of <Auditor>>, priority=1, kwargs={}, key=UUID('d14c9d0a-26b2-4ab1-8441-ea2de4c1fce1'), condition=None, blocking_facility=None), RegisteredHandler(callback=<bound method Auditor._save_audits of <Auditor>>, priority=1, kwargs={}, key=UUID('8c316ab3-d18b-46cd-9cf8-02c870f5e189'), condition=None, blocking_facility=None)]. The order of those handlers is not defined and they will be executed in random order. This might lead to race conditions and potential bugs.
2025-10-31 14:24:30,625 : INFO : SwitchController : <<<<<<< 's_middle_skill_lane' inactive >>>>>>>
2025-10-31 14:24:31,076 : INFO : EventManager : Event: ======'blink_on'====== Args={'priority': 0}
2025-10-31 14:24:31,679 : INFO : EventManager : Event: ======'blink_off'====== Args={'priority': 0}
2025-10-31 14:24:31,680 : INFO : EventManager : Unordered handler for class <Auditor> on event game_ended with priority 1. Handlers: [RegisteredHandler(callback=<bound method Auditor.disable of <Auditor>>, priority=1, kwargs={}, key=UUID('d14c9d0a-26b2-4ab1-8441-ea2de4c1fce1'), condition=None, blocking_facility=None), RegisteredHandler(callback=<bound method Auditor._save_audits of <Auditor>>, priority=1, kwargs={}, key=UUID('8c316ab3-d18b-46cd-9cf8-02c870f5e189'), condition=None, blocking_facility=None)]. The order of those handlers is not defined and they will be executed in random order. This might lead to race conditions and potential bugs.
2025-10-31 14:24:32,284 : INFO : EventManager : Event: ======'blink_on'====== Args={'priority': 0}
2025-10-31 14:24:32,766 : INFO : ball_device.bd_trough : State: failed_confirm
2025-10-31 14:24:32,766 : INFO : ball_device.bd_trough : Got timeout (10.0s) before confirm from <playfield.playfield>
2025-10-31 14:24:32,859 : INFO : ball_device.bd_trough : Confirming eject because target is playfield and ball did not return.
2025-10-31 14:24:32,859 : INFO : ball_device.bd_trough : Eject successful
2025-10-31 14:24:32,859 : INFO : EventManager : Event: ======'balldevice_bd_trough_ball_eject_success'====== Args={'balls': 1, 'target': <playfield.playfield>}
2025-10-31 14:24:32,859 : INFO : EventManager : Event: ======'balldevice_playfield_ball_enter'====== Args={'new_balls': 1, 'unclaimed_balls': 1, 'device': <playfield.playfield>}
2025-10-31 14:24:32,859 : INFO : EventManager : Event: ======'playfield_ball_count_change'====== Args={'balls': 1, 'change': 1}
2025-10-31 14:24:32,860 : INFO : EventManager : Event: ======'balldevice_bd_trough_ball_count_changed'====== Args={'balls': 0}
2025-10-31 14:24:32,860 : INFO : ball_device.bd_trough : State: idle
2025-10-31 14:24:32,860 : INFO : SwitchController : <<<<<<< 's_outer_skill_lanes' active >>>>>>>
2025-10-31 14:24:32,860 : INFO : EventManager : Event: ======'s_outer_skill_lanes_active'====== Args={}
2025-10-31 14:24:32,860 : INFO : EventManager : Event: ======'machine_var_audits_switches_s_outer_skill_lanes'====== Args={'value': 126, 'prev_value': 125, 'change': 1}
2025-10-31 14:24:32,861 : INFO : EventManager : Event: ======'play_skilllane_quote_2'====== Args={}
2025-10-31 14:24:32,861 : INFO : EventManager : Event: ======'player_score'====== Args={'value': 1500, 'prev_value': 1000, 'change': 500, 'player_num': 1, 'source': 'base'}
2025-10-31 14:24:32,873 : INFO : EventManager : Event: ======'blink_off'====== Args={'priority': 0}
2025-10-31 14:24:32,873 : INFO : EventManager : Unordered handler for class <Auditor> on event game_ended with priority 1. Handlers: [RegisteredHandler(callback=<bound method Auditor.disable of <Auditor>>, priority=1, kwargs={}, key=UUID('d14c9d0a-26b2-4ab1-8441-ea2de4c1fce1'), condition=None, blocking_facility=None), RegisteredHandler(callback=<bound method Auditor._save_audits of <Auditor>>, priority=1, kwargs={}, key=UUID('8c316ab3-d18b-46cd-9cf8-02c870f5e189'), condition=None, blocking_facility=None)]. The order of those handlers is not defined and they will be executed in random order. This might lead to race conditions and potential bugs.
2025-10-31 14:24:32,875 : INFO : EventManager : Unordered handler for class <Auditor> on event game_ended with priority 1. Handlers: [RegisteredHandler(callback=<bound method Auditor.disable of <Auditor>>, priority=1, kwargs={}, key=UUID('d14c9d0a-26b2-4ab1-8441-ea2de4c1fce1'), condition=None, blocking_facility=None), RegisteredHandler(callback=<bound method Auditor._save_audits of <Auditor>>, priority=1, kwargs={}, key=UUID('8c316ab3-d18b-46cd-9cf8-02c870f5e189'), condition=None, blocking_facility=None)]. The order of those handlers is not defined and they will be executed in random order. This might lead to race conditions and potential bugs.
2025-10-31 14:24:32,876 : INFO : EventManager : Unordered handler for class <Auditor> on event game_ended with priority 1. Handlers: [RegisteredHandler(callback=<bound method Auditor.disable of <Auditor>>, priority=1, kwargs={}, key=UUID('d14c9d0a-26b2-4ab1-8441-ea2de4c1fce1'), condition=None, blocking_facility=None), RegisteredHandler(callback=<bound method Auditor._save_audits of <Auditor>>, priority=1, kwargs={}, key=UUID('8c316ab3-d18b-46cd-9cf8-02c870f5e189'), condition=None, blocking_facility=None)]. The order of those handlers is not defined and they will be executed in random order. This might lead to race conditions and potential bugs.
2025-10-31 14:24:33,371 : INFO : SwitchController : <<<<<<< 's_outer_skill_lanes' inactive >>>>>>>
2025-10-31 14:24:33,478 : INFO : EventManager : Event: ======'blink_on'====== Args={'priority': 0}
2025-10-31 14:24:34,071 : INFO : EventManager : Event: ======'blink_off'====== Args={'priority': 0}
2025-10-31 14:24:34,072 : INFO : EventManager : Unordered handler for class <Auditor> on event game_ended with priority 1. Handlers: [RegisteredHandler(callback=<bound method Auditor.disable of <Auditor>>, priority=1, kwargs={}, key=UUID('d14c9d0a-26b2-4ab1-8441-ea2de4c1fce1'), condition=None, blocking_facility=None), RegisteredHandler(callback=<bound method Auditor._save_audits of <Auditor>>, priority=1, kwargs={}, key=UUID('8c316ab3-d18b-46cd-9cf8-02c870f5e189'), condition=None, blocking_facility=None)]. The order of those handlers is not defined and they will be executed in random order. This might lead to race conditions and potential bugs.
2025-10-31 14:24:34,689 : INFO : EventManager : Event: ======'blink_on'====== Args={'priority': 0}
2025-10-31 14:24:35,276 : INFO : EventManager : Event: ======'blink_off'====== Args={'priority': 0}
2025-10-31 14:24:35,276 : INFO : EventManager : Unordered handler for class <Auditor> on event game_ended with priority 1. Handlers: [RegisteredHandler(callback=<bound method Auditor.disable of <Auditor>>, priority=1, kwargs={}, key=UUID('d14c9d0a-26b2-4ab1-8441-ea2de4c1fce1'), condition=None, blocking_facility=None), RegisteredHandler(callback=<bound method Auditor._save_audits of <Auditor>>, priority=1, kwargs={}, key=UUID('8c316ab3-d18b-46cd-9cf8-02c870f5e189'), condition=None, blocking_facility=None)]. The order of those handlers is not defined and they will be executed in random order. This might lead to race conditions and potential bugs.
2025-10-31 14:24:35,542 : INFO : SwitchController : <<<<<<< 's_middle_skill_lane' active >>>>>>>
2025-10-31 14:24:35,542 : INFO : EventManager : Event: ======'s_middle_skill_lane_active'====== Args={}
2025-10-31 14:24:35,542 : INFO : EventManager : Event: ======'machine_var_audits_switches_s_middle_skill_lane'====== Args={'value': 77, 'prev_value': 76, 'change': 1}
2025-10-31 14:24:35,543 : INFO : EventManager : Event: ======'play_skilllane_quote_6'====== Args={}
2025-10-31 14:24:35,543 : INFO : EventManager : Event: ======'player_score'====== Args={'value': 2000, 'prev_value': 1500, 'change': 500, 'player_num': 1, 'source': 'base'}
2025-10-31 14:24:35,544 : INFO : EventManager : Unordered handler for class <Auditor> on event game_ended with priority 1. Handlers: [RegisteredHandler(callback=<bound method Auditor.disable of <Auditor>>, priority=1, kwargs={}, key=UUID('d14c9d0a-26b2-4ab1-8441-ea2de4c1fce1'), condition=None, blocking_facility=None), RegisteredHandler(callback=<bound method Auditor._save_audits of <Auditor>>, priority=1, kwargs={}, key=UUID('8c316ab3-d18b-46cd-9cf8-02c870f5e189'), condition=None, blocking_facility=None)]. The order of those handlers is not defined and they will be executed in random order. This might lead to race conditions and potential bugs.
2025-10-31 14:24:35,581 : INFO : EventManager : Unordered handler for class <Auditor> on event game_ended with priority 1. Handlers: [RegisteredHandler(callback=<bound method Auditor.disable of <Auditor>>, priority=1, kwargs={}, key=UUID('d14c9d0a-26b2-4ab1-8441-ea2de4c1fce1'), condition=None, blocking_facility=None), RegisteredHandler(callback=<bound method Auditor._save_audits of <Auditor>>, priority=1, kwargs={}, key=UUID('8c316ab3-d18b-46cd-9cf8-02c870f5e189'), condition=None, blocking_facility=None)]. The order of those handlers is not defined and they will be executed in random order. This might lead to race conditions and potential bugs.
2025-10-31 14:24:35,583 : INFO : EventManager : Unordered handler for class <Auditor> on event game_ended with priority 1. Handlers: [RegisteredHandler(callback=<bound method Auditor.disable of <Auditor>>, priority=1, kwargs={}, key=UUID('d14c9d0a-26b2-4ab1-8441-ea2de4c1fce1'), condition=None, blocking_facility=None), RegisteredHandler(callback=<bound method Auditor._save_audits of <Auditor>>, priority=1, kwargs={}, key=UUID('8c316ab3-d18b-46cd-9cf8-02c870f5e189'), condition=None, blocking_facility=None)]. The order of those handlers is not defined and they will be executed in random order. This might lead to race conditions and potential bugs.
2025-10-31 14:24:35,584 : INFO : EventManager : Unordered handler for class <Auditor> on event game_ended with priority 1. Handlers: [RegisteredHandler(callback=<bound method Auditor.disable of <Auditor>>, priority=1, kwargs={}, key=UUID('d14c9d0a-26b2-4ab1-8441-ea2de4c1fce1'), condition=None, blocking_facility=None), RegisteredHandler(callback=<bound method Auditor._save_audits of <Auditor>>, priority=1, kwargs={}, key=UUID('8c316ab3-d18b-46cd-9cf8-02c870f5e189'), condition=None, blocking_facility=None)]. The order of those handlers is not defined and they will be executed in random order. This might lead to race conditions and potential bugs.
2025-10-31 14:24:35,585 : INFO : EventManager : Unordered handler for class <Auditor> on event game_ended with priority 1. Handlers: [RegisteredHandler(callback=<bound method Auditor.disable of <Auditor>>, priority=1, kwargs={}, key=UUID('d14c9d0a-26b2-4ab1-8441-ea2de4c1fce1'), condition=None, blocking_facility=None), RegisteredHandler(callback=<bound method Auditor._save_audits of <Auditor>>, priority=1, kwargs={}, key=UUID('8c316ab3-d18b-46cd-9cf8-02c870f5e189'), condition=None, blocking_facility=None)]. The order of those handlers is not defined and they will be executed in random order. This might lead to race conditions and potential bugs.
2025-10-31 14:24:35,871 : INFO : EventManager : Event: ======'blink_on'====== Args={'priority': 0}
2025-10-31 14:24:35,949 : INFO : SwitchController : <<<<<<< 's_middle_skill_lane' inactive >>>>>>>
2025-10-31 14:24:36,476 : INFO : EventManager : Event: ======'blink_off'====== Args={'priority': 0}
2025-10-31 14:24:36,477 : INFO : EventManager : Unordered handler for class <Auditor> on event game_ended with priority 1. Handlers: [RegisteredHandler(callback=<bound method Auditor.disable of <Auditor>>, priority=1, kwargs={}, key=UUID('d14c9d0a-26b2-4ab1-8441-ea2de4c1fce1'), condition=None, blocking_facility=None), RegisteredHandler(callback=<bound method Auditor._save_audits of <Auditor>>, priority=1, kwargs={}, key=UUID('8c316ab3-d18b-46cd-9cf8-02c870f5e189'), condition=None, blocking_facility=None)]. The order of those handlers is not defined and they will be executed in random order. This might lead to race conditions and potential bugs.
2025-10-31 14:24:37,083 : INFO : EventManager : Event: ======'blink_on'====== Args={'priority': 0}
2025-10-31 14:24:37,689 : INFO : EventManager : Event: ======'blink_off'====== Args={'priority': 0}
2025-10-31 14:24:37,690 : INFO : EventManager : Unordered handler for class <Auditor> on event game_ended with priority 1. Handlers: [RegisteredHandler(callback=<bound method Auditor.disable of <Auditor>>, priority=1, kwargs={}, key=UUID('d14c9d0a-26b2-4ab1-8441-ea2de4c1fce1'), condition=None, blocking_facility=None), RegisteredHandler(callback=<bound method Auditor._save_audits of <Auditor>>, priority=1, kwargs={}, key=UUID('8c316ab3-d18b-46cd-9cf8-02c870f5e189'), condition=None, blocking_facility=None)]. The order of those handlers is not defined and they will be executed in random order. This might lead to race conditions and potential bugs.
2025-10-31 14:24:38,275 : INFO : EventManager : Event: ======'blink_on'====== Args={'priority': 0}
2025-10-31 14:24:38,879 : INFO : EventManager : Event: ======'blink_off'====== Args={'priority': 0}
2025-10-31 14:24:38,879 : INFO : EventManager : Unordered handler for class <Auditor> on event game_ended with priority 1. Handlers: [RegisteredHandler(callback=<bound method Auditor.disable of <Auditor>>, priority=1, kwargs={}, key=UUID('d14c9d0a-26b2-4ab1-8441-ea2de4c1fce1'), condition=None, blocking_facility=None), RegisteredHandler(callback=<bound method Auditor._save_audits of <Auditor>>, priority=1, kwargs={}, key=UUID('8c316ab3-d18b-46cd-9cf8-02c870f5e189'), condition=None, blocking_facility=None)]. The order of those handlers is not defined and they will be executed in random order. This might lead to race conditions and potential bugs.
2025-10-31 14:24:39,484 : INFO : EventManager : Event: ======'blink_on'====== Args={'priority': 0}
2025-10-31 14:24:40,075 : INFO : EventManager : Event: ======'blink_off'====== Args={'priority': 0}
2025-10-31 14:24:40,075 : INFO : EventManager : Unordered handler for class <Auditor> on event game_ended with priority 1. Handlers: [RegisteredHandler(callback=<bound method Auditor.disable of <Auditor>>, priority=1, kwargs={}, key=UUID('d14c9d0a-26b2-4ab1-8441-ea2de4c1fce1'), condition=None, blocking_facility=None), RegisteredHandler(callback=<bound method Auditor._save_audits of <Auditor>>, priority=1, kwargs={}, key=UUID('8c316ab3-d18b-46cd-9cf8-02c870f5e189'), condition=None, blocking_facility=None)]. The order of those handlers is not defined and they will be executed in random order. This might lead to race conditions and potential bugs.
2025-10-31 14:24:40,684 : INFO : EventManager : Event: ======'blink_on'====== Args={'priority': 0}
2025-10-31 14:24:41,276 : INFO : EventManager : Event: ======'blink_off'====== Args={'priority': 0}
2025-10-31 14:24:41,276 : INFO : EventManager : Unordered handler for class <Auditor> on event game_ended with priority 1. Handlers: [RegisteredHandler(callback=<bound method Auditor.disable of <Auditor>>, priority=1, kwargs={}, key=UUID('d14c9d0a-26b2-4ab1-8441-ea2de4c1fce1'), condition=None, blocking_facility=None), RegisteredHandler(callback=<bound method Auditor._save_audits of <Auditor>>, priority=1, kwargs={}, key=UUID('8c316ab3-d18b-46cd-9cf8-02c870f5e189'), condition=None, blocking_facility=None)]. The order of those handlers is not defined and they will be executed in random order. This might lead to race conditions and potential bugs.
2025-10-31 14:24:41,879 : INFO : EventManager : Event: ======'blink_on'====== Args={'priority': 0}
2025-10-31 14:24:42,484 : INFO : EventManager : Event: ======'blink_off'====== Args={'priority': 0}
2025-10-31 14:24:42,485 : INFO : EventManager : Unordered handler for class <Auditor> on event game_ended with priority 1. Handlers: [RegisteredHandler(callback=<bound method Auditor.disable of <Auditor>>, priority=1, kwargs={}, key=UUID('d14c9d0a-26b2-4ab1-8441-ea2de4c1fce1'), condition=None, blocking_facility=None), RegisteredHandler(callback=<bound method Auditor._save_audits of <Auditor>>, priority=1, kwargs={}, key=UUID('8c316ab3-d18b-46cd-9cf8-02c870f5e189'), condition=None, blocking_facility=None)]. The order of those handlers is not defined and they will be executed in random order. This might lead to race conditions and potential bugs.
2025-10-31 14:24:43,071 : INFO : EventManager : Event: ======'blink_on'====== Args={'priority': 0}
2025-10-31 14:24:43,394 : INFO : SwitchController : <<<<<<< 's_trough' active >>>>>>>
2025-10-31 14:24:43,394 : INFO : EventManager : Event: ======'machine_var_audits_switches_s_trough'====== Args={'value': 440, 'prev_value': 439, 'change': 1}
2025-10-31 14:24:43,425 : INFO : SwitchController : <<<<<<< 's_trough' inactive >>>>>>>
2025-10-31 14:24:43,455 : INFO : SwitchController : <<<<<<< 's_trough' active >>>>>>>
2025-10-31 14:24:43,455 : INFO : EventManager : Event: ======'machine_var_audits_switches_s_trough'====== Args={'value': 441, 'prev_value': 440, 'change': 1}
2025-10-31 14:24:43,689 : INFO : EventManager : Event: ======'blink_off'====== Args={'priority': 0}
2025-10-31 14:24:43,689 : INFO : EventManager : Unordered handler for class <Auditor> on event game_ended with priority 1. Handlers: [RegisteredHandler(callback=<bound method Auditor.disable of <Auditor>>, priority=1, kwargs={}, key=UUID('d14c9d0a-26b2-4ab1-8441-ea2de4c1fce1'), condition=None, blocking_facility=None), RegisteredHandler(callback=<bound method Auditor._save_audits of <Auditor>>, priority=1, kwargs={}, key=UUID('8c316ab3-d18b-46cd-9cf8-02c870f5e189'), condition=None, blocking_facility=None)]. The order of those handlers is not defined and they will be executed in random order. This might lead to race conditions and potential bugs.
2025-10-31 14:24:43,951 : INFO : EventManager : Event: ======'balldevice_bd_trough_ball_count_changed'====== Args={'balls': 1}
2025-10-31 14:24:43,951 : INFO : ball_device.bd_trough : Received unexpected ball
2025-10-31 14:24:43,951 : INFO : EventManager : Event: ======'balldevice_captured_from_playfield'====== Args={'balls': 1}
2025-10-31 14:24:43,952 : INFO : EventManager : Event: ======'sw_playfield_active'====== Args={'balls': 1}
2025-10-31 14:24:43,952 : INFO : EventManager : Event: ======'playfield_ball_count_change'====== Args={'balls': 0, 'change': -1}
2025-10-31 14:24:43,952 : INFO : EventManager : Event: ======'balldevice_bd_trough_ball_enter'====== Args={'new_balls': 1, 'unclaimed_balls': 1, 'new_available_balls': 1, 'device': <ball_device.bd_trough>}
2025-10-31 14:24:43,953 : INFO : EventManager : Event: ======'ball_drain'====== Args={'device': <ball_device.bd_trough>, 'balls': 1}
2025-10-31 14:24:43,953 : INFO : EventManager : Event: ======'ball_will_end'====== Args={}
2025-10-31 14:24:43,953 : INFO : EventManager : Event: ======'balldevice_balls_available'====== Args={}
2025-10-31 14:24:43,954 : INFO : EventManager : Event: ======'balldevice_bd_trough_ball_entered'====== Args={'new_balls': 1, 'device': <ball_device.bd_trough>}
2025-10-31 14:24:43,955 : INFO : EventManager : Event: ======'ball_ending'====== Args={}
2025-10-31 14:24:43,955 : INFO : EventManager : Event: ======'mode_base_will_stop'====== Args={}
2025-10-31 14:24:43,955 : INFO : EventManager : Event: ======'mode_base_stopping'====== Args={}
2025-10-31 14:24:43,956 : INFO : Mode.base : Stopped.
2025-10-31 14:24:43,956 : INFO : EventManager : Event: ======'modes_active_modes_changed'====== Args={}
2025-10-31 14:24:43,956 : INFO : EventManager : Event: ======'mode_base_stopped'====== Args={}
2025-10-31 14:24:43,957 : INFO : EventManager : Event: ======'clear'====== Args={'key': 'base'}
2025-10-31 14:24:43,978 : INFO : EventManager : Event: ======'ball_ended'====== Args={}
2025-10-31 14:24:43,980 : INFO : EventManager : Event: ======'player_turn_will_end'====== Args={'player': <Player 1>, 'number': 1}
2025-10-31 14:24:43,985 : INFO : EventManager : Event: ======'player_turn_ending'====== Args={'player': <Player 1>, 'number': 1}
2025-10-31 14:24:43,985 : INFO : EventManager : Event: ======'player_turn_ended'====== Args={'player': <Player 1>, 'number': 1}
2025-10-31 14:24:43,986 : INFO : EventManager : Event: ======'player_turn_will_start'====== Args={'player': <Player 1>, 'number': 1}
2025-10-31 14:24:43,986 : INFO : EventManager : Event: ======'player_turn_starting'====== Args={'player': <Player 1>, 'number': 1}
2025-10-31 14:24:43,986 : INFO : EventManager : Event: ======'player_ball'====== Args={'value': 2, 'prev_value': 1, 'change': 1, 'player_num': 1}
2025-10-31 14:24:43,987 : INFO : EventManager : Event: ======'player_turn_started'====== Args={'player': <Player 1>, 'number': 1}
2025-10-31 14:24:43,988 : INFO : EventManager : Event: ======'ball_will_start'====== Args={'player': 1, 'ball': 2, 'balls_remaining': 1, 'is_extra_ball': False}
2025-10-31 14:24:43,993 : INFO : EventManager : Event: ======'ball_starting'====== Args={'player': 1, 'ball': 2, 'balls_remaining': 1, 'is_extra_ball': False}
2025-10-31 14:24:43,993 : INFO : drop_target_bank.right_bank : All targets are already up. Will not reset bank.
2025-10-31 14:24:43,993 : INFO : drop_target_bank.left_bank : All targets are already up. Will not reset bank.
2025-10-31 14:24:43,994 : INFO : EventManager : Event: ======'balls_in_play'====== Args={'balls': 1}
2025-10-31 14:24:43,994 : INFO : EventManager : Event: ======'ball_started'====== Args={'player': 1, 'ball': 2, 'balls_remaining': 1, 'is_extra_ball': False}
2025-10-31 14:24:43,994 : INFO : EventManager : Event: ======'mode_base_will_start'====== Args={'player': 1, 'ball': 2, 'balls_remaining': 1, 'is_extra_ball': False}
2025-10-31 14:24:43,995 : INFO : EventManager : Unordered handler for class <Auditor> on event game_ended with priority 1. Handlers: [RegisteredHandler(callback=<bound method Auditor.disable of <Auditor>>, priority=1, kwargs={}, key=UUID('d14c9d0a-26b2-4ab1-8441-ea2de4c1fce1'), condition=None, blocking_facility=None), RegisteredHandler(callback=<bound method Auditor._save_audits of <Auditor>>, priority=1, kwargs={}, key=UUID('8c316ab3-d18b-46cd-9cf8-02c870f5e189'), condition=None, blocking_facility=None)]. The order of those handlers is not defined and they will be executed in random order. This might lead to race conditions and potential bugs.
2025-10-31 14:24:43,997 : INFO : EventManager : Event: ======'mode_base_starting'====== Args={'player': 1, 'ball': 2, 'balls_remaining': 1, 'is_extra_ball': False}
2025-10-31 14:24:44,000 : INFO : EventManager : Unordered handler for class <Auditor> on event game_ended with priority 1. Handlers: [RegisteredHandler(callback=<bound method Auditor.disable of <Auditor>>, priority=1, kwargs={}, key=UUID('d14c9d0a-26b2-4ab1-8441-ea2de4c1fce1'), condition=None, blocking_facility=None), RegisteredHandler(callback=<bound method Auditor._save_audits of <Auditor>>, priority=1, kwargs={}, key=UUID('8c316ab3-d18b-46cd-9cf8-02c870f5e189'), condition=None, blocking_facility=None)]. The order of those handlers is not defined and they will be executed in random order. This might lead to race conditions and potential bugs.
2025-10-31 14:24:44,000 : INFO : Mode.base : Started. Priority: 50
2025-10-31 14:24:44,002 : INFO : EventManager : Event: ======'modes_active_modes_changed'====== Args={}
2025-10-31 14:24:44,002 : INFO : EventManager : Event: ======'mode_base_started'====== Args={'player': 1, 'ball': 2, 'balls_remaining': 1, 'is_extra_ball': False}
2025-10-31 14:24:44,002 : INFO : EventManager : Event: ======'stop_mode_attract'====== Args={'priority': 0}
2025-10-31 14:24:44,002 : INFO : EventManager : Event: ======'godot_attract_off'====== Args={'priority': 0}
2025-10-31 14:24:44,002 : INFO : EventManager : Event: ======'stop_firstball_music'====== Args={'priority': 0}
2025-10-31 14:24:44,002 : INFO : EventManager : Event: ======'stop_subsequent_music'====== Args={'priority': 0}
2025-10-31 14:24:44,002 : INFO : EventManager : Event: ======'start_subsequent_loop'====== Args={'priority': 0, 'delay': '250ms'}
2025-10-31 14:24:44,004 : INFO : EventManager : Event: ======'single_player_ball_started'====== Args={}
2025-10-31 14:24:44,020 : INFO : EventManager : Event: ======'ball_start_target'====== Args={'target': 'playfield'}
2025-10-31 14:24:44,020 : INFO : ball_device.bd_trough : Setting up player-controlled eject. Balls: 1, Target: <playfield.playfield>, player_controlled_eject_event: None
2025-10-31 14:24:44,021 : INFO : ball_device.bd_trough : Adding 1 ball(s) to the eject_queue with target <playfield.playfield>.
2025-10-31 14:24:44,021 : INFO : EventManager : Event: ======'balldevice_balls_available'====== Args={}
2025-10-31 14:24:44,022 : INFO : ball_device.bd_trough : State: waiting_for_target_ready
2025-10-31 14:24:44,022 : INFO : EventManager : Event: ======'balldevice_bd_trough_ball_eject_attempt'====== Args={'balls': 1, 'target': <playfield.playfield>, 'source': <ball_device.bd_trough>, 'mechanical_eject': False, 'num_attempts': 0}
2025-10-31 14:24:44,022 : INFO : ball_device.bd_trough : State: ejecting
2025-10-31 14:24:44,022 : INFO : ball_device.bd_trough : Ejecting ball to <playfield.playfield>
2025-10-31 14:24:44,022 : INFO : EventManager : Event: ======'balldevice_bd_trough_ejecting_ball'====== Args={'balls': 1, 'target': <playfield.playfield>, 'source': <ball_device.bd_trough>, 'mechanical_eject': False, 'num_attempts': 0}
2025-10-31 14:24:44,023 : INFO : ball_device.bd_trough : Wait for ball to leave device
2025-10-31 14:24:44,023 : INFO : coil.c_trough_eject : Pulsing Driver for 40ms (1.0 pulse_power)
2025-10-31 14:24:44,076 : INFO : SwitchController : <<<<<<< 's_trough' inactive >>>>>>>
2025-10-31 14:24:44,085 : INFO : ball_device.bd_trough : State: ball_left
2025-10-31 14:24:44,085 : INFO : ball_device.bd_trough : Ball left
2025-10-31 14:24:44,085 : INFO : ball_device.bd_trough : Wait for confirm with timeout 10.0
2025-10-31 14:24:44,280 : INFO : EventManager : Event: ======'blink_on'====== Args={'priority': 0}
2025-10-31 14:24:44,873 : INFO : EventManager : Event: ======'blink_off'====== Args={'priority': 0}
2025-10-31 14:24:44,874 : INFO : EventManager : Unordered handler for class <Auditor> on event game_ended with priority 1. Handlers: [RegisteredHandler(callback=<bound method Auditor.disable of <Auditor>>, priority=1, kwargs={}, key=UUID('d14c9d0a-26b2-4ab1-8441-ea2de4c1fce1'), condition=None, blocking_facility=None), RegisteredHandler(callback=<bound method Auditor._save_audits of <Auditor>>, priority=1, kwargs={}, key=UUID('8c316ab3-d18b-46cd-9cf8-02c870f5e189'), condition=None, blocking_facility=None)]. The order of those handlers is not defined and they will be executed in random order. This might lead to race conditions and potential bugs.
2025-10-31 14:24:45,479 : INFO : EventManager : Event: ======'blink_on'====== Args={'priority': 0}
2025-10-31 14:24:46,081 : INFO : EventManager : Event: ======'blink_off'====== Args={'priority': 0}
2025-10-31 14:24:46,082 : INFO : EventManager : Unordered handler for class <Auditor> on event game_ended with priority 1. Handlers: [RegisteredHandler(callback=<bound method Auditor.disable of <Auditor>>, priority=1, kwargs={}, key=UUID('d14c9d0a-26b2-4ab1-8441-ea2de4c1fce1'), condition=None, blocking_facility=None), RegisteredHandler(callback=<bound method Auditor._save_audits of <Auditor>>, priority=1, kwargs={}, key=UUID('8c316ab3-d18b-46cd-9cf8-02c870f5e189'), condition=None, blocking_facility=None)]. The order of those handlers is not defined and they will be executed in random order. This might lead to race conditions and potential bugs.
2025-10-31 14:24:46,687 : INFO : EventManager : Event: ======'blink_on'====== Args={'priority': 0}
2025-10-31 14:24:47,277 : INFO : EventManager : Event: ======'blink_off'====== Args={'priority': 0}
2025-10-31 14:24:47,277 : INFO : EventManager : Unordered handler for class <Auditor> on event game_ended with priority 1. Handlers: [RegisteredHandler(callback=<bound method Auditor.disable of <Auditor>>, priority=1, kwargs={}, key=UUID('d14c9d0a-26b2-4ab1-8441-ea2de4c1fce1'), condition=None, blocking_facility=None), RegisteredHandler(callback=<bound method Auditor._save_audits of <Auditor>>, priority=1, kwargs={}, key=UUID('8c316ab3-d18b-46cd-9cf8-02c870f5e189'), condition=None, blocking_facility=None)]. The order of those handlers is not defined and they will be executed in random order. This might lead to race conditions and potential bugs.
2025-10-31 14:24:47,867 : INFO : EventManager : Event: ======'blink_on'====== Args={'priority': 0}
2025-10-31 14:24:48,488 : INFO : EventManager : Event: ======'blink_off'====== Args={'priority': 0}
2025-10-31 14:24:48,489 : INFO : EventManager : Unordered handler for class <Auditor> on event game_ended with priority 1. Handlers: [RegisteredHandler(callback=<bound method Auditor.disable of <Auditor>>, priority=1, kwargs={}, key=UUID('d14c9d0a-26b2-4ab1-8441-ea2de4c1fce1'), condition=None, blocking_facility=None), RegisteredHandler(callback=<bound method Auditor._save_audits of <Auditor>>, priority=1, kwargs={}, key=UUID('8c316ab3-d18b-46cd-9cf8-02c870f5e189'), condition=None, blocking_facility=None)]. The order of those handlers is not defined and they will be executed in random order. This might lead to race conditions and potential bugs.
2025-10-31 14:24:49,079 : INFO : EventManager : Event: ======'blink_on'====== Args={'priority': 0}
2025-10-31 14:24:49,683 : INFO : EventManager : Event: ======'blink_off'====== Args={'priority': 0}
2025-10-31 14:24:49,684 : INFO : EventManager : Unordered handler for class <Auditor> on event game_ended with priority 1. Handlers: [RegisteredHandler(callback=<bound method Auditor.disable of <Auditor>>, priority=1, kwargs={}, key=UUID('d14c9d0a-26b2-4ab1-8441-ea2de4c1fce1'), condition=None, blocking_facility=None), RegisteredHandler(callback=<bound method Auditor._save_audits of <Auditor>>, priority=1, kwargs={}, key=UUID('8c316ab3-d18b-46cd-9cf8-02c870f5e189'), condition=None, blocking_facility=None)]. The order of those handlers is not defined and they will be executed in random order. This might lead to race conditions and potential bugs.
2025-10-31 14:24:50,275 : INFO : EventManager : Event: ======'blink_on'====== Args={'priority': 0}
2025-10-31 14:24:50,354 : INFO : Machine : Shutting down...
2025-10-31 14:24:50,354 : INFO : EventManager : Event: ======'shutdown'====== Args={}
2025-10-31 14:24:50,357 : INFO : EventManager : Event: ======'mode_game_will_stop'====== Args={}
2025-10-31 14:24:50,357 : INFO : EventManager : Event: ======'mode_game_stopping'====== Args={}
2025-10-31 14:24:50,359 : INFO : EventManager : Event: ======'mode_base_will_stop'====== Args={}
2025-10-31 14:24:50,359 : INFO : EventManager : Event: ======'mode_base_stopping'====== Args={}
2025-10-31 14:24:50,360 : INFO : Mode.base : Stopped.
2025-10-31 14:24:50,360 : INFO : EventManager : Event: ======'modes_active_modes_changed'====== Args={}
2025-10-31 14:24:50,362 : INFO : EventManager : Event: ======'mode_base_stopped'====== Args={}
2025-10-31 14:24:50,362 : INFO : EventManager : Event: ======'clear'====== Args={'key': 'base'}
2025-10-31 14:24:50,362 : INFO : Mode.game : Stopped.
2025-10-31 14:24:50,363 : INFO : EventManager : Event: ======'modes_active_modes_changed'====== Args={}
2025-10-31 14:24:50,363 : INFO : EventManager : Event: ======'mode_game_stopped'====== Args={}
2025-10-31 14:24:50,363 : INFO : EventManager : Event: ======'clear'====== Args={'key': 'game'}
2025-10-31 14:24:50,463 : INFO : root : MPF run loop ended.
