2025-10-24 14:58:22,103 : INFO : root : Loading config.
2025-10-24 14:58:22,113 : INFO : YamlMultifileConfigLoader : Machine config file #1: config.yaml
2025-10-24 14:58:22,114 : INFO : ConfigProcessor : Loading config from cache: C:\Users\antho\AppData\Local\Temp\fdca14d0c9d658ab8200d57120800af5.mpf_cache
2025-10-24 14:58:22,387 : INFO : ConfigProcessor : Loading config from cache: C:\Users\antho\AppData\Local\Temp\5dec96b1547c4adf5bdd3d1715e74bc0.mpf_cache
2025-10-24 14:58:22,389 : INFO : ConfigProcessor : Loading config from cache: C:\Users\antho\AppData\Local\Temp\202a5840610e95051f9f473dfa660cc0.mpf_cache
2025-10-24 14:58:22,390 : INFO : ConfigProcessor : Loading config from cache: C:\Users\antho\AppData\Local\Temp\5dec96b1547c4adf5bdd3d1715e74bc0.mpf_cache
2025-10-24 14:58:22,391 : INFO : ConfigProcessor : Loading config from cache: C:\Users\antho\AppData\Local\Temp\2cd13a2d3f375e00ab01d6d09a85d8e7.mpf_cache
2025-10-24 14:58:22,393 : INFO : ConfigProcessor : Loading config from cache: C:\Users\antho\AppData\Local\Temp\9220b44b97b91972524500b81035d790.mpf_cache
2025-10-24 14:58:22,395 : WARNING : ConfigProcessor : Config file in cache changed: C:\Users\antho\nightpin\shows\.\attract_lights.yaml
2025-10-24 14:58:22,395 : INFO : ConfigProcessor : Loading config from file C:\Users\antho\nightpin\shows\.\attract_lights.yaml.
2025-10-24 14:58:22,437 : INFO : ConfigProcessor : Loading config: C:\Users\antho\nightpin\shows\.\attract_lights.yaml
2025-10-24 14:58:22,439 : INFO : ConfigProcessor : Config file cache created: C:\Users\antho\AppData\Local\Temp\dab29d17bbe6500d014c71b0a57bd9b0.mpf_cache
2025-10-24 14:58:22,440 : INFO : ConfigProcessor : Loading config from cache: C:\Users\antho\AppData\Local\Temp\b17152efa55a24f0424602723f8d3921.mpf_cache
2025-10-24 14:58:22,441 : INFO : ConfigProcessor : Loading config from cache: C:\Users\antho\AppData\Local\Temp\e87fc0e7d2f8a851b5fa3f604e0d0c6e.mpf_cache
2025-10-24 14:58:22,442 : INFO : ConfigProcessor : Loading config from cache: C:\Users\antho\AppData\Local\Temp\196ac76b6cab3a9880804c826cfbcb5c.mpf_cache
2025-10-24 14:58:22,443 : INFO : ConfigProcessor : Loading config from cache: C:\Users\antho\AppData\Local\Temp\834292dd7853e12a66732dc89828c828.mpf_cache
2025-10-24 14:58:22,446 : INFO : ConfigProcessor : Loading config from cache: C:\Users\antho\AppData\Local\Temp\ae2be9c5579852c305357e207df97e8b.mpf_cache
2025-10-24 14:58:22,448 : INFO : ConfigProcessor : Loading config from cache: C:\Users\antho\AppData\Local\Temp\46f8fa3e41dfeeb8232af2f03a13b6c4.mpf_cache
2025-10-24 14:58:22,449 : INFO : ConfigProcessor : Loading config from cache: C:\Users\antho\AppData\Local\Temp\c67e9c175da6c060302945929b27b878.mpf_cache
2025-10-24 14:58:22,450 : INFO : ConfigProcessor : Loading config from cache: C:\Users\antho\AppData\Local\Temp\1c965aadbb61a7e709e8884fad17ac0b.mpf_cache
2025-10-24 14:58:22,452 : INFO : ConfigProcessor : Loading config from cache: C:\Users\antho\AppData\Local\Temp\60ca9d662df3e70e96f6d7ec0f4491aa.mpf_cache
2025-10-24 14:58:22,453 : INFO : Machine : Mission Pinball Framework Core Engine v0.80.0.dev11
2025-10-24 14:58:22,453 : INFO : Machine : Command line arguments: {'no_load_cache': False, 'create_config_cache': True, 'bcp': False, 'configfile': ['config.yaml'], 'force_assets_load': False, 'platform_integration_test': False, 'jsonlogging': False, 'logfile': 'logs\\2025-10-24-14-58-22-mpf-LAPTOP-MPGP6R69.log', 'pause': False, 'production': False, 'text_ui': False, 'loglevel': 15, 'consoleloglevel': 20, 'force_platform': 'virtual', 'syslog_address': None, 'full_logfile_path': 'C:\\Users\\antho\\nightpin\\logs\\2025-10-24-14-58-22-mpf-LAPTOP-MPGP6R69.log'}
2025-10-24 14:58:22,454 : INFO : Machine : MPF path: C:\Users\antho\mpf\Lib\site-packages\mpf
2025-10-24 14:58:22,454 : INFO : Machine : Machine path: C:\Users\antho\nightpin
2025-10-24 14:58:22,454 : INFO : Machine : Platform: win32
2025-10-24 14:58:22,454 : INFO : Machine : Python executable location: C:\Users\antho\mpf\Scripts\python.exe
2025-10-24 14:58:22,455 : INFO : Machine : Python version: 3.12.7 (64-bit)
2025-10-24 14:58:22,460 : INFO : Machine : Initializing MPF...
2025-10-24 14:58:22,692 : INFO : EventManager : Event: ======'machine_var_credits_string'====== Args={'value': 'FREE PLAY', 'prev_value': None, 'change': True}
2025-10-24 14:58:22,774 : INFO : EventManager : Event: ======'machine_var_master_volume'====== Args={'value': 0.5, 'prev_value': None, 'change': True}
2025-10-24 14:58:22,774 : INFO : EventManager : Event: ======'machine_var_mpf_version'====== Args={'value': 'Mission Pinball Framework v0.80.0.dev11', 'prev_value': None, 'change': True}
2025-10-24 14:58:22,774 : INFO : EventManager : Event: ======'machine_var_mpf_extended_version'====== Args={'value': 'Mission Pinball Framework v0.80.0.dev11, Config version:6, Show version: 6, BCP version:1.1', 'prev_value': None, 'change': True}
2025-10-24 14:58:22,778 : INFO : EventManager : Event: ======'machine_var_python_version'====== Args={'value': '3.12.7', 'prev_value': None, 'change': True}
2025-10-24 14:58:23,039 : INFO : EventManager : Event: ======'machine_var_platform'====== Args={'value': 'Windows-11-10.0.26100-SP0', 'prev_value': None, 'change': True}
2025-10-24 14:58:23,039 : INFO : EventManager : Event: ======'machine_var_platform_system'====== Args={'value': 'Windows', 'prev_value': None, 'change': True}
2025-10-24 14:58:23,039 : INFO : EventManager : Event: ======'machine_var_platform_release'====== Args={'value': '11', 'prev_value': None, 'change': True}
2025-10-24 14:58:23,039 : INFO : EventManager : Event: ======'machine_var_platform_version'====== Args={'value': '10.0.26100', 'prev_value': None, 'change': True}
2025-10-24 14:58:23,039 : INFO : EventManager : Event: ======'machine_var_platform_machine'====== Args={'value': 'AMD64', 'prev_value': None, 'change': True}
2025-10-24 14:58:23,040 : INFO : EventManager : Event: ======'machine_var_log_file_path'====== Args={'value': 'C:\\Users\\antho\\nightpin\\logs\\2025-10-24-14-58-22-mpf-LAPTOP-MPGP6R69.log', 'prev_value': None, 'change': True}
2025-10-24 14:58:23,040 : INFO : EventManager : Event: ======'init_phase_1'====== Args={}
2025-10-24 14:58:23,104 : WARNING : segment_display.info_display : Segment display update_method will default to 'replace' in a future MPF release. You have no config value specified and are currently getting 'stack' for backwards compatibility. To avoid a breaking change, please set 'update_method: "stack"' in your segment display config.
2025-10-24 14:58:23,105 : WARNING : segment_display.player1_display : Segment display update_method will default to 'replace' in a future MPF release. You have no config value specified and are currently getting 'stack' for backwards compatibility. To avoid a breaking change, please set 'update_method: "stack"' in your segment display config.
2025-10-24 14:58:23,105 : WARNING : segment_display.player2_display : Segment display update_method will default to 'replace' in a future MPF release. You have no config value specified and are currently getting 'stack' for backwards compatibility. To avoid a breaking change, please set 'update_method: "stack"' in your segment display config.
2025-10-24 14:58:23,105 : WARNING : segment_display.player3_display : Segment display update_method will default to 'replace' in a future MPF release. You have no config value specified and are currently getting 'stack' for backwards compatibility. To avoid a breaking change, please set 'update_method: "stack"' in your segment display config.
2025-10-24 14:58:23,106 : WARNING : segment_display.player4_display : Segment display update_method will default to 'replace' in a future MPF release. You have no config value specified and are currently getting 'stack' for backwards compatibility. To avoid a breaking change, please set 'update_method: "stack"' in your segment display config.
2025-10-24 14:58:23,130 : INFO : EventManager : Event: ======'drop_target_bank_right_bank_up'====== Args={}
2025-10-24 14:58:23,130 : INFO : EventManager : Event: ======'drop_target_bank_left_bank_up'====== Args={}
2025-10-24 14:58:23,132 : INFO : EventManager : Event: ======'init_phase_2'====== Args={}
2025-10-24 14:58:23,150 : INFO : ball_device.bd_trough : BCH: Initial count: 0
2025-10-24 14:58:23,151 : INFO : ball_device.bd_trough : State: idle
2025-10-24 14:58:23,151 : INFO : ball_device.bd_saucer : BCH: Initial count: 0
2025-10-24 14:58:23,152 : INFO : ball_device.bd_saucer : State: idle
2025-10-24 14:58:23,183 : INFO : EventManager : Event: ======'init_phase_3'====== Args={}
2025-10-24 14:58:23,188 : ERROR : asyncio : Exception in callback EventManager._queue_task_done(<Task finishe...ype: 'dict'")>)
handle: <Handle EventManager._queue_task_done(<Task finishe...ype: 'dict'")>)>
Traceback (most recent call last):
  File "C:\Users\antho\AppData\Local\Programs\Python\Python312\Lib\asyncio\events.py", line 88, in _run
    self._context.run(self._callback, *self._args)
  File "C:\Users\antho\mpf\Lib\site-packages\mpf\core\events.py", line 795, in _queue_task_done
    future.result()
  File "C:\Users\antho\mpf\Lib\site-packages\mpf\core\events.py", line 708, in _run_handlers_sequential
    handler.callback(queue=queue, **merged_kwargs)
  File "C:\Users\antho\mpf\Lib\site-packages\mpf\core\show_controller.py", line 53, in _load_shows
    self.machine.shows[show_name].load(show_config)
  File "C:\Users\antho\mpf\Lib\site-packages\mpf\assets\show.py", line 171, in load
    self._process_step_actions(step, actions)
  File "C:\Users\antho\mpf\Lib\site-packages\mpf\assets\show.py", line 197, in _process_step_actions
    self.machine.show_controller.show_players[key].validate_config_entry(value, self.name)
  File "C:\Users\antho\mpf\Lib\site-packages\mpf\config_players\event_player.py", line 75, in validate_config_entry
    config = super().validate_config_entry(settings, name)
             ^^^^^^^^^^^^^^^^^^^^^^^^^^^^^^^^^^^^^^^^^^^^^
  File "C:\Users\antho\mpf\Lib\site-packages\mpf\config_players\flat_config_player.py", line 17, in validate_config_entry
    config = self._parse_config(settings, name)
             ^^^^^^^^^^^^^^^^^^^^^^^^^^^^^^^^^^
  File "C:\Users\antho\mpf\Lib\site-packages\mpf\core\config_player.py", line 138, in _parse_config
    config = self.get_list_config(config)   # pylint: disable-msg=assignment-from-no-return
             ^^^^^^^^^^^^^^^^^^^^^^^^^^^^
  File "C:\Users\antho\mpf\Lib\site-packages\mpf\config_players\event_player.py", line 114, in get_list_config
    result[event] = {}
    ~~~~~~^^^^^^^
TypeError: unhashable type: 'dict'
2025-10-24 14:58:23,268 : INFO : Machine : Starting the main run loop with active modes: []
2025-10-24 14:58:23,269 : WARNING : Machine : Attract mode is not active, game will not be playable. Please check your attract mode configuration.
2025-10-24 14:58:23,269 : INFO : Machine : Shutting down...
2025-10-24 14:58:23,269 : INFO : EventManager : Event: ======'shutdown'====== Args={}
2025-10-24 14:58:24,281 : ERROR : Machine : Runtime Exception
Traceback (most recent call last):
  File "C:\Users\antho\mpf\Lib\site-packages\mpf\core\machine.py", line 810, in _run_loop
    raise self._exception['exception']
  File "C:\Users\antho\AppData\Local\Programs\Python\Python312\Lib\asyncio\events.py", line 88, in _run
    self._context.run(self._callback, *self._args)
  File "C:\Users\antho\mpf\Lib\site-packages\mpf\core\events.py", line 795, in _queue_task_done
    future.result()
  File "C:\Users\antho\mpf\Lib\site-packages\mpf\core\events.py", line 708, in _run_handlers_sequential
    handler.callback(queue=queue, **merged_kwargs)
  File "C:\Users\antho\mpf\Lib\site-packages\mpf\core\show_controller.py", line 53, in _load_shows
    self.machine.shows[show_name].load(show_config)
  File "C:\Users\antho\mpf\Lib\site-packages\mpf\assets\show.py", line 171, in load
    self._process_step_actions(step, actions)
  File "C:\Users\antho\mpf\Lib\site-packages\mpf\assets\show.py", line 197, in _process_step_actions
    self.machine.show_controller.show_players[key].validate_config_entry(value, self.name)
  File "C:\Users\antho\mpf\Lib\site-packages\mpf\config_players\event_player.py", line 75, in validate_config_entry
    config = super().validate_config_entry(settings, name)
             ^^^^^^^^^^^^^^^^^^^^^^^^^^^^^^^^^^^^^^^^^^^^^
  File "C:\Users\antho\mpf\Lib\site-packages\mpf\config_players\flat_config_player.py", line 17, in validate_config_entry
    config = self._parse_config(settings, name)
             ^^^^^^^^^^^^^^^^^^^^^^^^^^^^^^^^^^
  File "C:\Users\antho\mpf\Lib\site-packages\mpf\core\config_player.py", line 138, in _parse_config
    config = self.get_list_config(config)   # pylint: disable-msg=assignment-from-no-return
             ^^^^^^^^^^^^^^^^^^^^^^^^^^^^
  File "C:\Users\antho\mpf\Lib\site-packages\mpf\config_players\event_player.py", line 114, in get_list_config
    result[event] = {}
    ~~~~~~^^^^^^^
TypeError: unhashable type: 'dict'
2025-10-24 14:58:24,287 : INFO : root : MPF run loop ended.
