2025-10-25 21:19:26,747 : INFO : root : Loading config.
2025-10-25 21:19:26,753 : INFO : YamlMultifileConfigLoader : Machine config file #1: config.yaml
2025-10-25 21:19:26,753 : INFO : ConfigProcessor : Loading config from cache: C:\Users\antho\AppData\Local\Temp\fdca14d0c9d658ab8200d57120800af5.mpf_cache
2025-10-25 21:19:26,908 : INFO : ConfigProcessor : Loading config from cache: C:\Users\antho\AppData\Local\Temp\5dec96b1547c4adf5bdd3d1715e74bc0.mpf_cache
2025-10-25 21:19:26,909 : INFO : ConfigProcessor : Loading config from cache: C:\Users\antho\AppData\Local\Temp\202a5840610e95051f9f473dfa660cc0.mpf_cache
2025-10-25 21:19:26,909 : INFO : ConfigProcessor : Loading config from cache: C:\Users\antho\AppData\Local\Temp\5dec96b1547c4adf5bdd3d1715e74bc0.mpf_cache
2025-10-25 21:19:26,910 : INFO : ConfigProcessor : Loading config from cache: C:\Users\antho\AppData\Local\Temp\2cd13a2d3f375e00ab01d6d09a85d8e7.mpf_cache
2025-10-25 21:19:26,910 : INFO : ConfigProcessor : Loading config from cache: C:\Users\antho\AppData\Local\Temp\9220b44b97b91972524500b81035d790.mpf_cache
2025-10-25 21:19:26,911 : INFO : ConfigProcessor : Loading config from cache: C:\Users\antho\AppData\Local\Temp\31ee881584fa6fce665a672a4f3f633a.mpf_cache
2025-10-25 21:19:26,913 : INFO : ConfigProcessor : Loading config from cache: C:\Users\antho\AppData\Local\Temp\5e841763ec73085bbf92358fe6afda21.mpf_cache
2025-10-25 21:19:26,913 : INFO : ConfigProcessor : Loading config from cache: C:\Users\antho\AppData\Local\Temp\b17152efa55a24f0424602723f8d3921.mpf_cache
2025-10-25 21:19:26,914 : INFO : ConfigProcessor : Loading config from cache: C:\Users\antho\AppData\Local\Temp\e87fc0e7d2f8a851b5fa3f604e0d0c6e.mpf_cache
2025-10-25 21:19:26,914 : INFO : ConfigProcessor : Loading config from cache: C:\Users\antho\AppData\Local\Temp\196ac76b6cab3a9880804c826cfbcb5c.mpf_cache
2025-10-25 21:19:26,915 : INFO : ConfigProcessor : Loading config from cache: C:\Users\antho\AppData\Local\Temp\834292dd7853e12a66732dc89828c828.mpf_cache
2025-10-25 21:19:26,915 : INFO : ConfigProcessor : Loading config from cache: C:\Users\antho\AppData\Local\Temp\ae2be9c5579852c305357e207df97e8b.mpf_cache
2025-10-25 21:19:26,916 : INFO : ConfigProcessor : Loading config from cache: C:\Users\antho\AppData\Local\Temp\46f8fa3e41dfeeb8232af2f03a13b6c4.mpf_cache
2025-10-25 21:19:26,916 : INFO : ConfigProcessor : Loading config from cache: C:\Users\antho\AppData\Local\Temp\c67e9c175da6c060302945929b27b878.mpf_cache
2025-10-25 21:19:26,917 : INFO : ConfigProcessor : Loading config from cache: C:\Users\antho\AppData\Local\Temp\1c965aadbb61a7e709e8884fad17ac0b.mpf_cache
2025-10-25 21:19:26,917 : INFO : ConfigProcessor : Loading config from cache: C:\Users\antho\AppData\Local\Temp\60ca9d662df3e70e96f6d7ec0f4491aa.mpf_cache
2025-10-25 21:19:26,918 : INFO : Machine : Mission Pinball Framework Core Engine v0.80.0.dev11
2025-10-25 21:19:26,918 : INFO : Machine : Command line arguments: {'no_load_cache': False, 'create_config_cache': True, 'bcp': True, 'configfile': ['config.yaml'], 'force_assets_load': False, 'platform_integration_test': False, 'jsonlogging': False, 'logfile': 'logs\\2025-10-25-21-19-26-mpf-LAPTOP-MPGP6R69.log', 'pause': False, 'production': False, 'text_ui': True, 'loglevel': 15, 'consoleloglevel': 20, 'force_platform': None, 'syslog_address': None, 'full_logfile_path': 'C:\\Users\\antho\\nightpin\\logs\\2025-10-25-21-19-26-mpf-LAPTOP-MPGP6R69.log'}
2025-10-25 21:19:26,918 : INFO : Machine : MPF path: C:\Users\antho\mpf\Lib\site-packages\mpf
2025-10-25 21:19:26,918 : INFO : Machine : Machine path: C:\Users\antho\nightpin
2025-10-25 21:19:26,918 : INFO : Machine : Platform: win32
2025-10-25 21:19:26,918 : INFO : Machine : Python executable location: C:\Users\antho\mpf\Scripts\python.exe
2025-10-25 21:19:26,918 : INFO : Machine : Python version: 3.12.7 (64-bit)
2025-10-25 21:19:26,920 : INFO : Machine : Initializing MPF...
2025-10-25 21:19:27,174 : INFO : lisy : Connecting to com3 at 115200bps
2025-10-25 21:19:27,176 : WARNING : lisy : Could not import terminos (this is ok on windows).
2025-10-25 21:19:27,342 : INFO : EventManager : Event: ======'machine_var_lisy_hardware'====== Args={'value': 'LISY35', 'prev_value': None, 'change': True}
2025-10-25 21:19:27,342 : INFO : EventManager : Event: ======'machine_var_lisy_version'====== Args={'value': '5.26 ', 'prev_value': None, 'change': True}
2025-10-25 21:19:27,342 : INFO : EventManager : Event: ======'machine_var_lisy_api_version'====== Args={'value': b'0.09', 'prev_value': None, 'change': True}
2025-10-25 21:19:28,668 : INFO : EventManager : Event: ======'machine_var_credits_string'====== Args={'value': 'FREE PLAY', 'prev_value': None, 'change': True}
2025-10-25 21:19:28,700 : INFO : EventManager : Event: ======'machine_var_master_volume'====== Args={'value': 0.5, 'prev_value': None, 'change': True}
2025-10-25 21:19:28,700 : INFO : EventManager : Event: ======'machine_var_player1_score'====== Args={'value': 300, 'prev_value': None, 'change': True}
2025-10-25 21:19:28,700 : INFO : EventManager : Event: ======'machine_var_mpf_version'====== Args={'value': 'Mission Pinball Framework v0.80.0.dev11', 'prev_value': None, 'change': True}
2025-10-25 21:19:28,700 : INFO : EventManager : Event: ======'machine_var_mpf_extended_version'====== Args={'value': 'Mission Pinball Framework v0.80.0.dev11, Config version:6, Show version: 6, BCP version:1.1', 'prev_value': None, 'change': True}
2025-10-25 21:19:28,700 : INFO : EventManager : Event: ======'machine_var_python_version'====== Args={'value': '3.12.7', 'prev_value': None, 'change': True}
2025-10-25 21:19:28,792 : INFO : EventManager : Event: ======'machine_var_platform'====== Args={'value': 'Windows-11-10.0.26100-SP0', 'prev_value': None, 'change': True}
2025-10-25 21:19:28,792 : INFO : EventManager : Event: ======'machine_var_platform_system'====== Args={'value': 'Windows', 'prev_value': None, 'change': True}
2025-10-25 21:19:28,792 : INFO : EventManager : Event: ======'machine_var_platform_release'====== Args={'value': '11', 'prev_value': None, 'change': True}
2025-10-25 21:19:28,792 : INFO : EventManager : Event: ======'machine_var_platform_version'====== Args={'value': '10.0.26100', 'prev_value': None, 'change': True}
2025-10-25 21:19:28,792 : INFO : EventManager : Event: ======'machine_var_platform_machine'====== Args={'value': 'AMD64', 'prev_value': None, 'change': True}
2025-10-25 21:19:28,792 : INFO : EventManager : Event: ======'machine_var_log_file_path'====== Args={'value': 'C:\\Users\\antho\\nightpin\\logs\\2025-10-25-21-19-26-mpf-LAPTOP-MPGP6R69.log', 'prev_value': None, 'change': True}
2025-10-25 21:19:28,792 : INFO : EventManager : Event: ======'init_phase_1'====== Args={}
2025-10-25 21:19:28,824 : INFO : EventManager : Event: ======'drop_target_bank_right_bank_up'====== Args={}
2025-10-25 21:19:28,824 : INFO : EventManager : Event: ======'drop_target_bank_left_bank_up'====== Args={}
2025-10-25 21:19:28,909 : INFO : EventManager : Event: ======'init_phase_2'====== Args={}
2025-10-25 21:19:28,910 : INFO : SwitchController : Found active switch: ('8', <mpf.platforms.lisy.lisy.LisyHardwarePlatform object at 0x000001CF65C696D0>) <switch.s_trough>
2025-10-25 21:19:28,917 : INFO : EventManager : Event: ======'bcp_connection_attempt'====== Args={'name': 'local_display', 'host': 'localhost', 'port': 5050}
2025-10-25 21:19:28,922 : INFO : BCPClientSocket : Connecting BCP to 'local_display' at localhost:5050...
2025-10-25 21:19:28,939 : INFO : BCPClientSocket : Connected BCP to 'local_display' localhost:5050
2025-10-25 21:19:28,940 : INFO : EventManager : Event: ======'bcp_clients_connected'====== Args={}
2025-10-25 21:19:29,047 : INFO : ball_device.bd_trough : BCH: Initial count: 1
2025-10-25 21:19:29,079 : INFO : ball_device.bd_trough : State: idle
2025-10-25 21:19:29,080 : INFO : ball_device.bd_saucer : BCH: Initial count: 0
2025-10-25 21:19:29,080 : INFO : ball_device.bd_saucer : State: idle
2025-10-25 21:19:29,092 : INFO : EventManager : Event: ======'init_phase_3'====== Args={}
2025-10-25 21:19:29,099 : INFO : EventManager : Event: ======'init_phase_4'====== Args={}
2025-10-25 21:19:29,100 : INFO : BallController : Initial balls found: 1
2025-10-25 21:19:29,100 : INFO : EventManager : Event: ======'machine_var_audits_events_game_ended'====== Args={'value': 9, 'prev_value': None, 'change': True}
2025-10-25 21:19:29,101 : INFO : EventManager : Event: ======'machine_var_audits_events_game_started'====== Args={'value': 34, 'prev_value': None, 'change': True}
2025-10-25 21:19:29,101 : INFO : EventManager : Event: ======'machine_var_audits_missing_switches_s_coin_right'====== Args={'value': 33, 'prev_value': None, 'change': True}
2025-10-25 21:19:29,101 : INFO : EventManager : Event: ======'machine_var_audits_missing_switches_s_credit_button'====== Args={'value': 6, 'prev_value': None, 'change': True}
2025-10-25 21:19:29,101 : INFO : EventManager : Event: ======'machine_var_audits_missing_switches_s_left_bank_target_left'====== Args={'value': 11, 'prev_value': None, 'change': True}
2025-10-25 21:19:29,101 : INFO : EventManager : Event: ======'machine_var_audits_missing_switches_s_left_bank_target_middle'====== Args={'value': 11, 'prev_value': None, 'change': True}
2025-10-25 21:19:29,101 : INFO : EventManager : Event: ======'machine_var_audits_missing_switches_s_left_bank_target_right'====== Args={'value': 12, 'prev_value': None, 'change': True}
2025-10-25 21:19:29,101 : INFO : EventManager : Event: ======'machine_var_audits_missing_switches_s_left_lower_bumper'====== Args={'value': 11, 'prev_value': None, 'change': True}
2025-10-25 21:19:29,101 : INFO : EventManager : Event: ======'machine_var_audits_missing_switches_s_left_outlane_rollover'====== Args={'value': 12, 'prev_value': None, 'change': True}
2025-10-25 21:19:29,101 : INFO : EventManager : Event: ======'machine_var_audits_missing_switches_s_left_pop_bumper'====== Args={'value': 11, 'prev_value': None, 'change': True}
2025-10-25 21:19:29,101 : INFO : EventManager : Event: ======'machine_var_audits_missing_switches_s_left_sling'====== Args={'value': 11, 'prev_value': None, 'change': True}
2025-10-25 21:19:29,101 : INFO : EventManager : Event: ======'machine_var_audits_missing_switches_s_left_upper_bumper'====== Args={'value': 11, 'prev_value': None, 'change': True}
2025-10-25 21:19:29,101 : INFO : EventManager : Event: ======'machine_var_audits_missing_switches_s_middle_pop_bumper'====== Args={'value': 11, 'prev_value': None, 'change': True}
2025-10-25 21:19:29,102 : INFO : EventManager : Event: ======'machine_var_audits_missing_switches_s_middle_skill_lane'====== Args={'value': 11, 'prev_value': None, 'change': True}
2025-10-25 21:19:29,102 : INFO : EventManager : Event: ======'machine_var_audits_missing_switches_s_middle_upper_rollovers'====== Args={'value': 10, 'prev_value': None, 'change': True}
2025-10-25 21:19:29,102 : INFO : EventManager : Event: ======'machine_var_audits_missing_switches_s_outer_skill_lanes'====== Args={'value': 9, 'prev_value': None, 'change': True}
2025-10-25 21:19:29,102 : INFO : EventManager : Event: ======'machine_var_audits_missing_switches_s_right_bank_target_left'====== Args={'value': 11, 'prev_value': None, 'change': True}
2025-10-25 21:19:29,102 : INFO : EventManager : Event: ======'machine_var_audits_missing_switches_s_right_bank_target_middle'====== Args={'value': 10, 'prev_value': None, 'change': True}
2025-10-25 21:19:29,102 : INFO : EventManager : Event: ======'machine_var_audits_missing_switches_s_right_bank_target_right'====== Args={'value': 6, 'prev_value': None, 'change': True}
2025-10-25 21:19:29,102 : INFO : EventManager : Event: ======'machine_var_audits_missing_switches_s_right_outlane_rollover'====== Args={'value': 5, 'prev_value': None, 'change': True}
2025-10-25 21:19:29,102 : INFO : EventManager : Event: ======'machine_var_audits_missing_switches_s_right_pop_bumper'====== Args={'value': 10, 'prev_value': None, 'change': True}
2025-10-25 21:19:29,102 : INFO : EventManager : Event: ======'machine_var_audits_missing_switches_s_right_sling'====== Args={'value': 11, 'prev_value': None, 'change': True}
2025-10-25 21:19:29,102 : INFO : EventManager : Event: ======'machine_var_audits_missing_switches_s_saucer'====== Args={'value': 11, 'prev_value': None, 'change': True}
2025-10-25 21:19:29,102 : INFO : EventManager : Event: ======'machine_var_audits_missing_switches_s_slam_tilt'====== Args={'value': 6, 'prev_value': None, 'change': True}
2025-10-25 21:19:29,102 : INFO : EventManager : Event: ======'machine_var_audits_missing_switches_s_spinner'====== Args={'value': 6, 'prev_value': None, 'change': True}
2025-10-25 21:19:29,102 : INFO : EventManager : Event: ======'machine_var_audits_missing_switches_s_stand_up'====== Args={'value': 6, 'prev_value': None, 'change': True}
2025-10-25 21:19:29,102 : INFO : EventManager : Event: ======'machine_var_audits_missing_switches_s_start_button'====== Args={'value': 4, 'prev_value': None, 'change': True}
2025-10-25 21:19:29,103 : INFO : EventManager : Event: ======'machine_var_audits_missing_switches_s_tilt'====== Args={'value': 4, 'prev_value': None, 'change': True}
2025-10-25 21:19:29,103 : INFO : EventManager : Event: ======'machine_var_audits_player_score'====== Args={'value': {'average': 2197, 'top': [5110, 5070, 4300, 4230, 3980, 3410, 500, 500, 300, 300], 'total': 13}, 'prev_value': None, 'change': True}
2025-10-25 21:19:29,103 : INFO : EventManager : Event: ======'machine_var_audits_switches_s_coin_right'====== Args={'value': 1, 'prev_value': None, 'change': True}
2025-10-25 21:19:29,103 : INFO : EventManager : Event: ======'machine_var_audits_switches_s_credit_button'====== Args={'value': 5, 'prev_value': None, 'change': True}
2025-10-25 21:19:29,103 : INFO : EventManager : Event: ======'machine_var_audits_switches_s_inlanes'====== Args={'value': 70, 'prev_value': None, 'change': True}
2025-10-25 21:19:29,103 : INFO : EventManager : Event: ======'machine_var_audits_switches_s_left_bank_target_left'====== Args={'value': 32, 'prev_value': None, 'change': True}
2025-10-25 21:19:29,103 : INFO : EventManager : Event: ======'machine_var_audits_switches_s_left_bank_target_middle'====== Args={'value': 22, 'prev_value': None, 'change': True}
2025-10-25 21:19:29,103 : INFO : EventManager : Event: ======'machine_var_audits_switches_s_left_bank_target_right'====== Args={'value': 24, 'prev_value': None, 'change': True}
2025-10-25 21:19:29,103 : INFO : EventManager : Event: ======'machine_var_audits_switches_s_left_lower_bumper'====== Args={'value': 28, 'prev_value': None, 'change': True}
2025-10-25 21:19:29,103 : INFO : EventManager : Event: ======'machine_var_audits_switches_s_left_outlane_rollover'====== Args={'value': 20, 'prev_value': None, 'change': True}
2025-10-25 21:19:29,103 : INFO : EventManager : Event: ======'machine_var_audits_switches_s_left_pop_bumper'====== Args={'value': 95, 'prev_value': None, 'change': True}
2025-10-25 21:19:29,103 : INFO : EventManager : Event: ======'machine_var_audits_switches_s_left_sling'====== Args={'value': 89, 'prev_value': None, 'change': True}
2025-10-25 21:19:29,103 : INFO : EventManager : Event: ======'machine_var_audits_switches_s_left_upper_bumper'====== Args={'value': 33, 'prev_value': None, 'change': True}
2025-10-25 21:19:29,103 : INFO : EventManager : Event: ======'machine_var_audits_switches_s_middle_pop_bumper'====== Args={'value': 88, 'prev_value': None, 'change': True}
2025-10-25 21:19:29,104 : INFO : EventManager : Event: ======'machine_var_audits_switches_s_middle_skill_lane'====== Args={'value': 28, 'prev_value': None, 'change': True}
2025-10-25 21:19:29,104 : INFO : EventManager : Event: ======'machine_var_audits_switches_s_middle_upper_rollovers'====== Args={'value': 66, 'prev_value': None, 'change': True}
2025-10-25 21:19:29,104 : INFO : EventManager : Event: ======'machine_var_audits_switches_s_outer_skill_lanes'====== Args={'value': 49, 'prev_value': None, 'change': True}
2025-10-25 21:19:29,104 : INFO : EventManager : Event: ======'machine_var_audits_switches_s_pop_bumper_bottom'====== Args={'value': 6, 'prev_value': None, 'change': True}
2025-10-25 21:19:29,104 : INFO : EventManager : Event: ======'machine_var_audits_switches_s_pop_bumper_left'====== Args={'value': 2, 'prev_value': None, 'change': True}
2025-10-25 21:19:29,104 : INFO : EventManager : Event: ======'machine_var_audits_switches_s_pop_bumper_right'====== Args={'value': 1, 'prev_value': None, 'change': True}
2025-10-25 21:19:29,104 : INFO : EventManager : Event: ======'machine_var_audits_switches_s_right_bank_target_left'====== Args={'value': 40, 'prev_value': None, 'change': True}
2025-10-25 21:19:29,104 : INFO : EventManager : Event: ======'machine_var_audits_switches_s_right_bank_target_middle'====== Args={'value': 29, 'prev_value': None, 'change': True}
2025-10-25 21:19:29,104 : INFO : EventManager : Event: ======'machine_var_audits_switches_s_right_bank_target_right'====== Args={'value': 29, 'prev_value': None, 'change': True}
2025-10-25 21:19:29,104 : INFO : EventManager : Event: ======'machine_var_audits_switches_s_right_outlane_rollover'====== Args={'value': 5, 'prev_value': None, 'change': True}
2025-10-25 21:19:29,104 : INFO : EventManager : Event: ======'machine_var_audits_switches_s_right_pop_bumper'====== Args={'value': 132, 'prev_value': None, 'change': True}
2025-10-25 21:19:29,104 : INFO : EventManager : Event: ======'machine_var_audits_switches_s_right_sling'====== Args={'value': 67, 'prev_value': None, 'change': True}
2025-10-25 21:19:29,104 : INFO : EventManager : Event: ======'machine_var_audits_switches_s_saucer'====== Args={'value': 39, 'prev_value': None, 'change': True}
2025-10-25 21:19:29,105 : INFO : EventManager : Event: ======'machine_var_audits_switches_s_slam_tilt'====== Args={'value': 5, 'prev_value': None, 'change': True}
2025-10-25 21:19:29,105 : INFO : EventManager : Event: ======'machine_var_audits_switches_s_spinner'====== Args={'value': 312, 'prev_value': None, 'change': True}
2025-10-25 21:19:29,105 : INFO : EventManager : Event: ======'machine_var_audits_switches_s_stand_up'====== Args={'value': 8, 'prev_value': None, 'change': True}
2025-10-25 21:19:29,105 : INFO : EventManager : Event: ======'machine_var_audits_switches_s_start_button'====== Args={'value': 20, 'prev_value': None, 'change': True}
2025-10-25 21:19:29,105 : INFO : EventManager : Event: ======'machine_var_audits_switches_s_tilt'====== Args={'value': 1, 'prev_value': None, 'change': True}
2025-10-25 21:19:29,105 : INFO : EventManager : Event: ======'machine_var_audits_switches_s_trough'====== Args={'value': 256, 'prev_value': None, 'change': True}
2025-10-25 21:19:29,106 : INFO : EventManager : Event: ======'init_phase_5'====== Args={}
2025-10-25 21:19:29,118 : INFO : EventManager : Event: ======'init_done'====== Args={}
2025-10-25 21:19:29,119 : INFO : EventManager : Event: ======'machine_reset_phase_1'====== Args={}
2025-10-25 21:19:29,125 : INFO : EventManager : Event: ======'machine_reset_phase_2'====== Args={}
2025-10-25 21:19:29,126 : INFO : EventManager : Event: ======'machine_reset_phase_3'====== Args={}
2025-10-25 21:19:29,126 : INFO : EventManager : Event: ======'mode_attract_will_start'====== Args={'queue': <QueuedEvent>}
2025-10-25 21:19:29,127 : INFO : EventManager : Event: ======'mode_attract_starting'====== Args={'queue': <QueuedEvent>}
2025-10-25 21:19:29,128 : INFO : Mode.attract : Started. Priority: 10
2025-10-25 21:19:29,128 : INFO : EventManager : Event: ======'modes_active_modes_changed'====== Args={}
2025-10-25 21:19:29,128 : INFO : EventManager : Event: ======'mode_attract_started'====== Args={'queue': <QueuedEvent>}
2025-10-25 21:19:29,128 : INFO : EventManager : Event: ======'godot_attract_on'====== Args={'priority': 0}
2025-10-25 21:19:29,129 : INFO : EventManager : Event: ======'collecting_balls_complete'====== Args={}
2025-10-25 21:19:29,129 : INFO : EventManager : Event: ======'reset_complete'====== Args={}
2025-10-25 21:19:29,142 : INFO : Machine : Starting the main run loop with active modes: [<Mode.attract>]
2025-10-25 21:19:29,162 : INFO : EventManager : Event: ======'slide_attract_created'====== Args={'_from_bcp': True}
2025-10-25 21:19:29,162 : INFO : EventManager : Event: ======'slide__removed'====== Args={'_from_bcp': True}
2025-10-25 21:19:29,163 : INFO : EventManager : Event: ======'slide_attract_active'====== Args={'original_context': 'attract', 'original_calling_context': 'mode_attract_started', 'priority': 10.0, 'queue': '<QueuedEvent>', 'cmd': 'slides_play', '_from_bcp': True}
2025-10-25 21:19:31,114 : INFO : EventManager : Event: ======'attract_wave_complete'====== Args={'priority': 0}
2025-10-25 21:19:31,505 : INFO : EventManager : Event: ======'attract_pulse_complete'====== Args={'priority': 0}
2025-10-25 21:19:31,910 : INFO : EventManager : Event: ======'attract_pulse_complete'====== Args={'priority': 0}
2025-10-25 21:19:33,881 : INFO : EventManager : Event: ======'attract_wave_complete'====== Args={'priority': 0}
2025-10-25 21:19:34,272 : INFO : EventManager : Event: ======'attract_pulse_complete'====== Args={'priority': 0}
2025-10-25 21:19:34,677 : INFO : EventManager : Event: ======'attract_pulse_complete'====== Args={'priority': 0}
2025-10-25 21:19:36,677 : INFO : EventManager : Event: ======'attract_wave_complete'====== Args={'priority': 0}
2025-10-25 21:19:37,082 : INFO : EventManager : Event: ======'attract_pulse_complete'====== Args={'priority': 0}
2025-10-25 21:19:37,485 : INFO : EventManager : Event: ======'attract_pulse_complete'====== Args={'priority': 0}
2025-10-25 21:19:39,436 : INFO : SwitchController : <<<<<<< 's_start_button' active >>>>>>>
2025-10-25 21:19:39,482 : INFO : EventManager : Event: ======'attract_wave_complete'====== Args={'priority': 0}
2025-10-25 21:19:39,592 : INFO : SwitchController : <<<<<<< 's_start_button' inactive >>>>>>>
2025-10-25 21:19:39,592 : INFO : EventManager : Event: ======'request_to_start_game'====== Args={}
2025-10-25 21:19:39,592 : INFO : EventManager : Event: ======'game_start'====== Args={'buttons': [], 'hold_time': 0.15600000007543713}
2025-10-25 21:19:39,592 : INFO : EventManager : Event: ======'mode_game_will_start'====== Args={'buttons': [], 'hold_time': 0.15600000007543713}
2025-10-25 21:19:39,593 : INFO : EventManager : Event: ======'mode_game_starting'====== Args={'buttons': [], 'hold_time': 0.15600000007543713}
2025-10-25 21:19:39,593 : INFO : Mode.game : Started. Priority: 20
2025-10-25 21:19:39,593 : INFO : EventManager : Event: ======'modes_active_modes_changed'====== Args={}
2025-10-25 21:19:39,593 : INFO : EventManager : Event: ======'mode_game_started'====== Args={'buttons': [], 'hold_time': 0.15600000007543713}
2025-10-25 21:19:39,608 : INFO : EventManager : Event: ======'game_will_start'====== Args={}
2025-10-25 21:19:39,609 : INFO : EventManager : Event: ======'game_starting'====== Args={'game': <Mode.game>}
2025-10-25 21:19:39,609 : INFO : EventManager : Event: ======'mode_attract_will_stop'====== Args={}
2025-10-25 21:19:39,609 : INFO : EventManager : Event: ======'mode_attract_stopping'====== Args={}
2025-10-25 21:19:39,610 : INFO : EventManager : Unordered handler for class <Auditor> on event game_ended with priority 1. Handlers: [RegisteredHandler(callback=<bound method Auditor.disable of <Auditor>>, priority=1, kwargs={}, key=UUID('694adf68-a162-4d67-ba45-d8b30f018e28'), condition=None, blocking_facility=None), RegisteredHandler(callback=<bound method Auditor._save_audits of <Auditor>>, priority=1, kwargs={}, key=UUID('a9c0bcbe-4fbd-47da-9919-d7b9446c1ce1'), condition=None, blocking_facility=None)]. The order of those handlers is not defined and they will be executed in random order. This might lead to race conditions and potential bugs.
2025-10-25 21:19:39,610 : INFO : EventManager : Event: ======'godot_attract_off'====== Args={'priority': 0}
2025-10-25 21:19:39,610 : INFO : Mode.attract : Stopped.
2025-10-25 21:19:39,611 : INFO : EventManager : Event: ======'modes_active_modes_changed'====== Args={}
2025-10-25 21:19:39,611 : INFO : EventManager : Event: ======'mode_attract_stopped'====== Args={}
2025-10-25 21:19:39,611 : INFO : EventManager : Event: ======'clear'====== Args={'key': 'attract'}
2025-10-25 21:19:39,611 : INFO : EventManager : Event: ======'player_add_request'====== Args={}
2025-10-25 21:19:39,611 : INFO : EventManager : Event: ======'player_will_add'====== Args={'number': 1}
2025-10-25 21:19:39,612 : INFO : EventManager : Event: ======'player_adding'====== Args={'player': <Player 1>, 'number': 1}
2025-10-25 21:19:39,612 : INFO : EventManager : Event: ======'player_added'====== Args={'player': <Player 1>, 'num': 1}
2025-10-25 21:19:39,612 : INFO : Mode.game : Player added successfully. Total players: 1
2025-10-25 21:19:39,612 : INFO : EventManager : Event: ======'player_index'====== Args={'value': 0, 'prev_value': 0, 'change': 0, 'player_num': 1}
2025-10-25 21:19:39,612 : INFO : EventManager : Event: ======'player_number'====== Args={'value': 1, 'prev_value': 1, 'change': 0, 'player_num': 1}
2025-10-25 21:19:39,612 : INFO : EventManager : Event: ======'player_score'====== Args={'value': 0, 'prev_value': 0, 'change': 0, 'player_num': 1}
2025-10-25 21:19:39,613 : INFO : EventManager : Unordered handler for class <Auditor> on event game_ended with priority 1. Handlers: [RegisteredHandler(callback=<bound method Auditor.disable of <Auditor>>, priority=1, kwargs={}, key=UUID('694adf68-a162-4d67-ba45-d8b30f018e28'), condition=None, blocking_facility=None), RegisteredHandler(callback=<bound method Auditor._save_audits of <Auditor>>, priority=1, kwargs={}, key=UUID('a9c0bcbe-4fbd-47da-9919-d7b9446c1ce1'), condition=None, blocking_facility=None)]. The order of those handlers is not defined and they will be executed in random order. This might lead to race conditions and potential bugs.
2025-10-25 21:19:39,628 : INFO : EventManager : Event: ======'game_started'====== Args={}
2025-10-25 21:19:39,629 : INFO : EventManager : Event: ======'player_turn_will_start'====== Args={'player': <Player 1>, 'number': 1}
2025-10-25 21:19:39,633 : INFO : EventManager : Event: ======'player_turn_starting'====== Args={'player': <Player 1>, 'number': 1}
2025-10-25 21:19:39,633 : INFO : EventManager : Event: ======'player_ball'====== Args={'value': 1, 'prev_value': 0, 'change': 1, 'player_num': 1}
2025-10-25 21:19:39,633 : INFO : EventManager : Event: ======'player_turn_started'====== Args={'player': <Player 1>, 'number': 1}
2025-10-25 21:19:39,634 : INFO : EventManager : Event: ======'ball_will_start'====== Args={'player': 1, 'ball': 1, 'balls_remaining': 2, 'is_extra_ball': False}
2025-10-25 21:19:39,639 : INFO : EventManager : Event: ======'ball_starting'====== Args={'player': 1, 'ball': 1, 'balls_remaining': 2, 'is_extra_ball': False}
2025-10-25 21:19:39,639 : INFO : drop_target_bank.right_bank : All targets are already up. Will not reset bank.
2025-10-25 21:19:39,639 : INFO : drop_target_bank.left_bank : All targets are already up. Will not reset bank.
2025-10-25 21:19:39,639 : INFO : EventManager : Event: ======'balls_in_play'====== Args={'balls': 1}
2025-10-25 21:19:39,639 : INFO : EventManager : Event: ======'ball_started'====== Args={'player': 1, 'ball': 1, 'balls_remaining': 2, 'is_extra_ball': False}
2025-10-25 21:19:39,640 : INFO : EventManager : Event: ======'mode_base_will_start'====== Args={'player': 1, 'ball': 1, 'balls_remaining': 2, 'is_extra_ball': False}
2025-10-25 21:19:39,640 : INFO : EventManager : Unordered handler for class <Auditor> on event game_ended with priority 1. Handlers: [RegisteredHandler(callback=<bound method Auditor.disable of <Auditor>>, priority=1, kwargs={}, key=UUID('694adf68-a162-4d67-ba45-d8b30f018e28'), condition=None, blocking_facility=None), RegisteredHandler(callback=<bound method Auditor._save_audits of <Auditor>>, priority=1, kwargs={}, key=UUID('a9c0bcbe-4fbd-47da-9919-d7b9446c1ce1'), condition=None, blocking_facility=None)]. The order of those handlers is not defined and they will be executed in random order. This might lead to race conditions and potential bugs.
2025-10-25 21:19:39,644 : INFO : EventManager : Event: ======'mode_base_starting'====== Args={'player': 1, 'ball': 1, 'balls_remaining': 2, 'is_extra_ball': False}
2025-10-25 21:19:39,645 : INFO : EventManager : Event: ======'info_flip_back_now'====== Args={'priority': 0, 'delay': '2s'}
2025-10-25 21:19:39,645 : INFO : Mode.base : Started. Priority: 50
2025-10-25 21:19:39,645 : INFO : EventManager : Event: ======'modes_active_modes_changed'====== Args={}
2025-10-25 21:19:39,645 : INFO : EventManager : Event: ======'mode_base_started'====== Args={'player': 1, 'ball': 1, 'balls_remaining': 2, 'is_extra_ball': False}
2025-10-25 21:19:39,646 : INFO : EventManager : Event: ======'single_player_ball_started'====== Args={}
2025-10-25 21:19:39,657 : INFO : EventManager : Event: ======'ball_start_target'====== Args={'target': 'playfield'}
2025-10-25 21:19:39,658 : INFO : ball_device.bd_trough : Setting up player-controlled eject. Balls: 1, Target: <playfield.playfield>, player_controlled_eject_event: None
2025-10-25 21:19:39,658 : INFO : ball_device.bd_trough : Adding 1 ball(s) to the eject_queue with target <playfield.playfield>.
2025-10-25 21:19:39,658 : INFO : EventManager : Event: ======'balldevice_balls_available'====== Args={}
2025-10-25 21:19:39,659 : INFO : ball_device.bd_trough : State: waiting_for_target_ready
2025-10-25 21:19:39,659 : INFO : EventManager : Event: ======'balldevice_bd_trough_ball_eject_attempt'====== Args={'balls': 1, 'target': <playfield.playfield>, 'source': <ball_device.bd_trough>, 'mechanical_eject': False, 'num_attempts': 0}
2025-10-25 21:19:39,659 : INFO : ball_device.bd_trough : State: ejecting
2025-10-25 21:19:39,659 : INFO : ball_device.bd_trough : Ejecting ball to <playfield.playfield>
2025-10-25 21:19:39,659 : INFO : EventManager : Event: ======'balldevice_bd_trough_ejecting_ball'====== Args={'balls': 1, 'target': <playfield.playfield>, 'source': <ball_device.bd_trough>, 'mechanical_eject': False, 'num_attempts': 0}
2025-10-25 21:19:39,659 : INFO : ball_device.bd_trough : Wait for ball to leave device
2025-10-25 21:19:39,660 : INFO : coil.c_trough_eject : Pulsing Driver for 40ms (1.0 pulse_power)
2025-10-25 21:19:39,730 : INFO : SwitchController : <<<<<<< 's_trough' inactive >>>>>>>
2025-10-25 21:19:39,736 : INFO : ball_device.bd_trough : State: ball_left
2025-10-25 21:19:39,736 : INFO : ball_device.bd_trough : Ball left
2025-10-25 21:19:39,736 : INFO : ball_device.bd_trough : Wait for confirm with timeout 10.0
2025-10-25 21:19:49,730 : INFO : ball_device.bd_trough : State: failed_confirm
2025-10-25 21:19:49,730 : INFO : ball_device.bd_trough : Got timeout (10.0s) before confirm from <playfield.playfield>
2025-10-25 21:19:49,824 : INFO : ball_device.bd_trough : Confirming eject because target is playfield and ball did not return.
2025-10-25 21:19:49,824 : INFO : ball_device.bd_trough : Eject successful
2025-10-25 21:19:49,824 : INFO : EventManager : Event: ======'balldevice_bd_trough_ball_eject_success'====== Args={'balls': 1, 'target': <playfield.playfield>}
2025-10-25 21:19:49,824 : INFO : EventManager : Event: ======'balldevice_playfield_ball_enter'====== Args={'new_balls': 1, 'unclaimed_balls': 1, 'device': <playfield.playfield>}
2025-10-25 21:19:49,824 : INFO : EventManager : Event: ======'playfield_ball_count_change'====== Args={'balls': 1, 'change': 1}
2025-10-25 21:19:49,826 : INFO : EventManager : Event: ======'balldevice_bd_trough_ball_count_changed'====== Args={'balls': 0}
2025-10-25 21:19:49,826 : INFO : ball_device.bd_trough : State: idle
2025-10-25 21:19:55,673 : INFO : SwitchController : <<<<<<< 's_inlanes' active >>>>>>>
2025-10-25 21:19:55,673 : INFO : EventManager : Event: ======'s_inlanes_active'====== Args={}
2025-10-25 21:19:55,673 : INFO : EventManager : Event: ======'sw_playfield_active'====== Args={}
2025-10-25 21:19:55,673 : INFO : EventManager : Event: ======'machine_var_audits_switches_s_inlanes'====== Args={'value': 71, 'prev_value': 70, 'change': 1}
2025-10-25 21:19:55,674 : INFO : EventManager : Event: ======'player_score'====== Args={'value': 100, 'prev_value': 0, 'change': 100, 'player_num': 1, 'source': 'base'}
2025-10-25 21:19:55,674 : INFO : EventManager : Unordered handler for class <Auditor> on event game_ended with priority 1. Handlers: [RegisteredHandler(callback=<bound method Auditor.disable of <Auditor>>, priority=1, kwargs={}, key=UUID('694adf68-a162-4d67-ba45-d8b30f018e28'), condition=None, blocking_facility=None), RegisteredHandler(callback=<bound method Auditor._save_audits of <Auditor>>, priority=1, kwargs={}, key=UUID('a9c0bcbe-4fbd-47da-9919-d7b9446c1ce1'), condition=None, blocking_facility=None)]. The order of those handlers is not defined and they will be executed in random order. This might lead to race conditions and potential bugs.
2025-10-25 21:19:55,687 : INFO : EventManager : Unordered handler for class <Auditor> on event game_ended with priority 1. Handlers: [RegisteredHandler(callback=<bound method Auditor.disable of <Auditor>>, priority=1, kwargs={}, key=UUID('694adf68-a162-4d67-ba45-d8b30f018e28'), condition=None, blocking_facility=None), RegisteredHandler(callback=<bound method Auditor._save_audits of <Auditor>>, priority=1, kwargs={}, key=UUID('a9c0bcbe-4fbd-47da-9919-d7b9446c1ce1'), condition=None, blocking_facility=None)]. The order of those handlers is not defined and they will be executed in random order. This might lead to race conditions and potential bugs.
2025-10-25 21:19:55,751 : INFO : SwitchController : <<<<<<< 's_inlanes' inactive >>>>>>>
2025-10-25 21:19:58,449 : INFO : SwitchController : <<<<<<< 's_trough' active >>>>>>>
2025-10-25 21:19:58,450 : INFO : EventManager : Event: ======'machine_var_audits_switches_s_trough'====== Args={'value': 257, 'prev_value': 256, 'change': 1}
2025-10-25 21:19:58,495 : INFO : SwitchController : <<<<<<< 's_trough' inactive >>>>>>>
2025-10-25 21:19:58,511 : INFO : SwitchController : <<<<<<< 's_trough' active >>>>>>>
2025-10-25 21:19:58,511 : INFO : EventManager : Event: ======'machine_var_audits_switches_s_trough'====== Args={'value': 258, 'prev_value': 257, 'change': 1}
2025-10-25 21:19:59,014 : INFO : EventManager : Event: ======'balldevice_bd_trough_ball_count_changed'====== Args={'balls': 1}
2025-10-25 21:19:59,014 : INFO : ball_device.bd_trough : Received unexpected ball
2025-10-25 21:19:59,014 : INFO : EventManager : Event: ======'balldevice_captured_from_playfield'====== Args={'balls': 1}
2025-10-25 21:19:59,014 : INFO : EventManager : Event: ======'sw_playfield_active'====== Args={'balls': 1}
2025-10-25 21:19:59,014 : INFO : EventManager : Event: ======'playfield_ball_count_change'====== Args={'balls': 0, 'change': -1}
2025-10-25 21:19:59,015 : INFO : EventManager : Event: ======'balldevice_bd_trough_ball_enter'====== Args={'new_balls': 1, 'unclaimed_balls': 1, 'new_available_balls': 1, 'device': <ball_device.bd_trough>}
2025-10-25 21:19:59,016 : INFO : EventManager : Event: ======'ball_drain'====== Args={'device': <ball_device.bd_trough>, 'balls': 1}
2025-10-25 21:19:59,016 : INFO : EventManager : Event: ======'ball_will_end'====== Args={}
2025-10-25 21:19:59,016 : INFO : EventManager : Event: ======'balldevice_balls_available'====== Args={}
2025-10-25 21:19:59,016 : INFO : EventManager : Event: ======'balldevice_bd_trough_ball_entered'====== Args={'new_balls': 1, 'device': <ball_device.bd_trough>}
2025-10-25 21:19:59,017 : INFO : EventManager : Event: ======'ball_ending'====== Args={}
2025-10-25 21:19:59,017 : INFO : EventManager : Event: ======'mode_base_will_stop'====== Args={}
2025-10-25 21:19:59,017 : INFO : EventManager : Event: ======'mode_base_stopping'====== Args={}
2025-10-25 21:19:59,018 : INFO : EventManager : Event: ======'stop_base_music'====== Args={'priority': 0}
2025-10-25 21:19:59,018 : INFO : Mode.base : Stopped.
2025-10-25 21:19:59,018 : INFO : EventManager : Event: ======'modes_active_modes_changed'====== Args={}
2025-10-25 21:19:59,019 : INFO : EventManager : Event: ======'mode_base_stopped'====== Args={}
2025-10-25 21:19:59,019 : INFO : EventManager : Event: ======'clear'====== Args={'key': 'base'}
2025-10-25 21:19:59,031 : INFO : EventManager : Event: ======'ball_ended'====== Args={}
2025-10-25 21:19:59,031 : INFO : EventManager : Event: ======'player_turn_will_end'====== Args={'player': <Player 1>, 'number': 1}
2025-10-25 21:19:59,034 : INFO : EventManager : Event: ======'player_turn_ending'====== Args={'player': <Player 1>, 'number': 1}
2025-10-25 21:19:59,035 : INFO : EventManager : Event: ======'player_turn_ended'====== Args={'player': <Player 1>, 'number': 1}
2025-10-25 21:19:59,035 : INFO : EventManager : Event: ======'player_turn_will_start'====== Args={'player': <Player 1>, 'number': 1}
2025-10-25 21:19:59,036 : INFO : EventManager : Event: ======'player_turn_starting'====== Args={'player': <Player 1>, 'number': 1}
2025-10-25 21:19:59,036 : INFO : EventManager : Event: ======'player_ball'====== Args={'value': 2, 'prev_value': 1, 'change': 1, 'player_num': 1}
2025-10-25 21:19:59,036 : INFO : EventManager : Event: ======'player_turn_started'====== Args={'player': <Player 1>, 'number': 1}
2025-10-25 21:19:59,038 : INFO : EventManager : Event: ======'ball_will_start'====== Args={'player': 1, 'ball': 2, 'balls_remaining': 1, 'is_extra_ball': False}
2025-10-25 21:19:59,042 : INFO : EventManager : Event: ======'ball_starting'====== Args={'player': 1, 'ball': 2, 'balls_remaining': 1, 'is_extra_ball': False}
2025-10-25 21:19:59,042 : INFO : drop_target_bank.right_bank : All targets are already up. Will not reset bank.
2025-10-25 21:19:59,042 : INFO : drop_target_bank.left_bank : All targets are already up. Will not reset bank.
2025-10-25 21:19:59,043 : INFO : EventManager : Event: ======'balls_in_play'====== Args={'balls': 1}
2025-10-25 21:19:59,043 : INFO : EventManager : Event: ======'ball_started'====== Args={'player': 1, 'ball': 2, 'balls_remaining': 1, 'is_extra_ball': False}
2025-10-25 21:19:59,043 : INFO : EventManager : Event: ======'mode_base_will_start'====== Args={'player': 1, 'ball': 2, 'balls_remaining': 1, 'is_extra_ball': False}
2025-10-25 21:19:59,043 : INFO : EventManager : Unordered handler for class <Auditor> on event game_ended with priority 1. Handlers: [RegisteredHandler(callback=<bound method Auditor.disable of <Auditor>>, priority=1, kwargs={}, key=UUID('694adf68-a162-4d67-ba45-d8b30f018e28'), condition=None, blocking_facility=None), RegisteredHandler(callback=<bound method Auditor._save_audits of <Auditor>>, priority=1, kwargs={}, key=UUID('a9c0bcbe-4fbd-47da-9919-d7b9446c1ce1'), condition=None, blocking_facility=None)]. The order of those handlers is not defined and they will be executed in random order. This might lead to race conditions and potential bugs.
2025-10-25 21:19:59,045 : INFO : EventManager : Event: ======'mode_base_starting'====== Args={'player': 1, 'ball': 2, 'balls_remaining': 1, 'is_extra_ball': False}
2025-10-25 21:19:59,046 : INFO : EventManager : Event: ======'info_flip_back_now'====== Args={'priority': 0, 'delay': '2s'}
2025-10-25 21:19:59,046 : INFO : Mode.base : Started. Priority: 50
2025-10-25 21:19:59,046 : INFO : EventManager : Event: ======'modes_active_modes_changed'====== Args={}
2025-10-25 21:19:59,046 : INFO : EventManager : Event: ======'mode_base_started'====== Args={'player': 1, 'ball': 2, 'balls_remaining': 1, 'is_extra_ball': False}
2025-10-25 21:19:59,047 : INFO : EventManager : Event: ======'single_player_ball_started'====== Args={}
2025-10-25 21:19:59,060 : INFO : EventManager : Event: ======'ball_start_target'====== Args={'target': 'playfield'}
2025-10-25 21:19:59,060 : INFO : ball_device.bd_trough : Setting up player-controlled eject. Balls: 1, Target: <playfield.playfield>, player_controlled_eject_event: None
2025-10-25 21:19:59,061 : INFO : ball_device.bd_trough : Adding 1 ball(s) to the eject_queue with target <playfield.playfield>.
2025-10-25 21:19:59,061 : INFO : EventManager : Event: ======'balldevice_balls_available'====== Args={}
2025-10-25 21:19:59,061 : INFO : ball_device.bd_trough : State: waiting_for_target_ready
2025-10-25 21:19:59,061 : INFO : EventManager : Event: ======'balldevice_bd_trough_ball_eject_attempt'====== Args={'balls': 1, 'target': <playfield.playfield>, 'source': <ball_device.bd_trough>, 'mechanical_eject': False, 'num_attempts': 0}
2025-10-25 21:19:59,062 : INFO : ball_device.bd_trough : State: ejecting
2025-10-25 21:19:59,062 : INFO : ball_device.bd_trough : Ejecting ball to <playfield.playfield>
2025-10-25 21:19:59,062 : INFO : EventManager : Event: ======'balldevice_bd_trough_ejecting_ball'====== Args={'balls': 1, 'target': <playfield.playfield>, 'source': <ball_device.bd_trough>, 'mechanical_eject': False, 'num_attempts': 0}
2025-10-25 21:19:59,062 : INFO : ball_device.bd_trough : Wait for ball to leave device
2025-10-25 21:19:59,062 : INFO : coil.c_trough_eject : Pulsing Driver for 40ms (1.0 pulse_power)
2025-10-25 21:19:59,151 : INFO : SwitchController : <<<<<<< 's_trough' inactive >>>>>>>
2025-10-25 21:19:59,156 : INFO : ball_device.bd_trough : State: ball_left
2025-10-25 21:19:59,156 : INFO : ball_device.bd_trough : Ball left
2025-10-25 21:19:59,156 : INFO : ball_device.bd_trough : Wait for confirm with timeout 10.0
2025-10-25 21:20:02,731 : INFO : SwitchController : <<<<<<< 's_inlanes' active >>>>>>>
2025-10-25 21:20:02,731 : INFO : EventManager : Event: ======'s_inlanes_active'====== Args={}
2025-10-25 21:20:02,731 : INFO : EventManager : Event: ======'sw_playfield_active'====== Args={}
2025-10-25 21:20:02,731 : INFO : EventManager : Event: ======'machine_var_audits_switches_s_inlanes'====== Args={'value': 72, 'prev_value': 71, 'change': 1}
2025-10-25 21:20:02,732 : INFO : EventManager : Event: ======'player_score'====== Args={'value': 200, 'prev_value': 100, 'change': 100, 'player_num': 1, 'source': 'base'}
2025-10-25 21:20:02,733 : INFO : EventManager : Unordered handler for class <Auditor> on event game_ended with priority 1. Handlers: [RegisteredHandler(callback=<bound method Auditor.disable of <Auditor>>, priority=1, kwargs={}, key=UUID('694adf68-a162-4d67-ba45-d8b30f018e28'), condition=None, blocking_facility=None), RegisteredHandler(callback=<bound method Auditor._save_audits of <Auditor>>, priority=1, kwargs={}, key=UUID('a9c0bcbe-4fbd-47da-9919-d7b9446c1ce1'), condition=None, blocking_facility=None)]. The order of those handlers is not defined and they will be executed in random order. This might lead to race conditions and potential bugs.
2025-10-25 21:20:02,733 : INFO : EventManager : Event: ======'playfield_active'====== Args={'source': None}
2025-10-25 21:20:02,744 : INFO : EventManager : Unordered handler for class <Auditor> on event game_ended with priority 1. Handlers: [RegisteredHandler(callback=<bound method Auditor.disable of <Auditor>>, priority=1, kwargs={}, key=UUID('694adf68-a162-4d67-ba45-d8b30f018e28'), condition=None, blocking_facility=None), RegisteredHandler(callback=<bound method Auditor._save_audits of <Auditor>>, priority=1, kwargs={}, key=UUID('a9c0bcbe-4fbd-47da-9919-d7b9446c1ce1'), condition=None, blocking_facility=None)]. The order of those handlers is not defined and they will be executed in random order. This might lead to race conditions and potential bugs.
2025-10-25 21:20:02,745 : INFO : EventManager : Unordered handler for class <Auditor> on event game_ended with priority 1. Handlers: [RegisteredHandler(callback=<bound method Auditor.disable of <Auditor>>, priority=1, kwargs={}, key=UUID('694adf68-a162-4d67-ba45-d8b30f018e28'), condition=None, blocking_facility=None), RegisteredHandler(callback=<bound method Auditor._save_audits of <Auditor>>, priority=1, kwargs={}, key=UUID('a9c0bcbe-4fbd-47da-9919-d7b9446c1ce1'), condition=None, blocking_facility=None)]. The order of those handlers is not defined and they will be executed in random order. This might lead to race conditions and potential bugs.
2025-10-25 21:20:02,747 : INFO : ball_device.bd_trough : Got eject confirm
2025-10-25 21:20:02,747 : INFO : ball_device.bd_trough : Eject successful
2025-10-25 21:20:02,747 : INFO : EventManager : Event: ======'balldevice_bd_trough_ball_eject_success'====== Args={'balls': 1, 'target': <playfield.playfield>}
2025-10-25 21:20:02,747 : INFO : EventManager : Event: ======'balldevice_playfield_ball_enter'====== Args={'new_balls': 1, 'unclaimed_balls': 1, 'device': <playfield.playfield>}
2025-10-25 21:20:02,748 : INFO : EventManager : Event: ======'playfield_ball_count_change'====== Args={'balls': 1, 'change': 1}
2025-10-25 21:20:02,748 : INFO : EventManager : Event: ======'balldevice_bd_trough_ball_count_changed'====== Args={'balls': 0}
2025-10-25 21:20:02,749 : INFO : ball_device.bd_trough : State: idle
2025-10-25 21:20:02,795 : INFO : SwitchController : <<<<<<< 's_inlanes' inactive >>>>>>>
2025-10-25 21:20:05,765 : INFO : SwitchController : <<<<<<< 's_trough' active >>>>>>>
2025-10-25 21:20:05,766 : INFO : EventManager : Event: ======'machine_var_audits_switches_s_trough'====== Args={'value': 259, 'prev_value': 258, 'change': 1}
2025-10-25 21:20:06,262 : INFO : EventManager : Event: ======'balldevice_bd_trough_ball_count_changed'====== Args={'balls': 1}
2025-10-25 21:20:06,262 : INFO : ball_device.bd_trough : Received unexpected ball
2025-10-25 21:20:06,262 : INFO : EventManager : Event: ======'balldevice_captured_from_playfield'====== Args={'balls': 1}
2025-10-25 21:20:06,263 : INFO : EventManager : Event: ======'sw_playfield_active'====== Args={'balls': 1}
2025-10-25 21:20:06,263 : INFO : EventManager : Event: ======'playfield_ball_count_change'====== Args={'balls': 0, 'change': -1}
2025-10-25 21:20:06,263 : INFO : EventManager : Event: ======'balldevice_bd_trough_ball_enter'====== Args={'new_balls': 1, 'unclaimed_balls': 1, 'new_available_balls': 1, 'device': <ball_device.bd_trough>}
2025-10-25 21:20:06,264 : INFO : EventManager : Event: ======'ball_drain'====== Args={'device': <ball_device.bd_trough>, 'balls': 1}
2025-10-25 21:20:06,264 : INFO : EventManager : Event: ======'ball_will_end'====== Args={}
2025-10-25 21:20:06,264 : INFO : EventManager : Event: ======'balldevice_balls_available'====== Args={}
2025-10-25 21:20:06,264 : INFO : EventManager : Event: ======'balldevice_bd_trough_ball_entered'====== Args={'new_balls': 1, 'device': <ball_device.bd_trough>}
2025-10-25 21:20:06,265 : INFO : EventManager : Event: ======'ball_ending'====== Args={}
2025-10-25 21:20:06,265 : INFO : EventManager : Event: ======'mode_base_will_stop'====== Args={}
2025-10-25 21:20:06,265 : INFO : EventManager : Event: ======'mode_base_stopping'====== Args={}
2025-10-25 21:20:06,265 : INFO : EventManager : Event: ======'stop_base_music'====== Args={'priority': 0}
2025-10-25 21:20:06,265 : INFO : Mode.base : Stopped.
2025-10-25 21:20:06,266 : INFO : EventManager : Event: ======'modes_active_modes_changed'====== Args={}
2025-10-25 21:20:06,266 : INFO : EventManager : Event: ======'mode_base_stopped'====== Args={}
2025-10-25 21:20:06,266 : INFO : EventManager : Event: ======'clear'====== Args={'key': 'base'}
2025-10-25 21:20:06,278 : INFO : EventManager : Event: ======'ball_ended'====== Args={}
2025-10-25 21:20:06,279 : INFO : EventManager : Event: ======'player_turn_will_end'====== Args={'player': <Player 1>, 'number': 1}
2025-10-25 21:20:06,283 : INFO : EventManager : Event: ======'player_turn_ending'====== Args={'player': <Player 1>, 'number': 1}
2025-10-25 21:20:06,283 : INFO : EventManager : Event: ======'player_turn_ended'====== Args={'player': <Player 1>, 'number': 1}
2025-10-25 21:20:06,284 : INFO : EventManager : Event: ======'player_turn_will_start'====== Args={'player': <Player 1>, 'number': 1}
2025-10-25 21:20:06,284 : INFO : EventManager : Event: ======'player_turn_starting'====== Args={'player': <Player 1>, 'number': 1}
2025-10-25 21:20:06,284 : INFO : EventManager : Event: ======'player_ball'====== Args={'value': 3, 'prev_value': 2, 'change': 1, 'player_num': 1}
2025-10-25 21:20:06,285 : INFO : EventManager : Event: ======'player_turn_started'====== Args={'player': <Player 1>, 'number': 1}
2025-10-25 21:20:06,286 : INFO : EventManager : Event: ======'ball_will_start'====== Args={'player': 1, 'ball': 3, 'balls_remaining': 0, 'is_extra_ball': False}
2025-10-25 21:20:06,290 : INFO : EventManager : Event: ======'ball_starting'====== Args={'player': 1, 'ball': 3, 'balls_remaining': 0, 'is_extra_ball': False}
2025-10-25 21:20:06,290 : INFO : drop_target_bank.right_bank : All targets are already up. Will not reset bank.
2025-10-25 21:20:06,290 : INFO : drop_target_bank.left_bank : All targets are already up. Will not reset bank.
2025-10-25 21:20:06,291 : INFO : EventManager : Event: ======'balls_in_play'====== Args={'balls': 1}
2025-10-25 21:20:06,291 : INFO : EventManager : Event: ======'ball_started'====== Args={'player': 1, 'ball': 3, 'balls_remaining': 0, 'is_extra_ball': False}
2025-10-25 21:20:06,291 : INFO : EventManager : Event: ======'mode_base_will_start'====== Args={'player': 1, 'ball': 3, 'balls_remaining': 0, 'is_extra_ball': False}
2025-10-25 21:20:06,291 : INFO : EventManager : Unordered handler for class <Auditor> on event game_ended with priority 1. Handlers: [RegisteredHandler(callback=<bound method Auditor.disable of <Auditor>>, priority=1, kwargs={}, key=UUID('694adf68-a162-4d67-ba45-d8b30f018e28'), condition=None, blocking_facility=None), RegisteredHandler(callback=<bound method Auditor._save_audits of <Auditor>>, priority=1, kwargs={}, key=UUID('a9c0bcbe-4fbd-47da-9919-d7b9446c1ce1'), condition=None, blocking_facility=None)]. The order of those handlers is not defined and they will be executed in random order. This might lead to race conditions and potential bugs.
2025-10-25 21:20:06,293 : INFO : EventManager : Event: ======'mode_base_starting'====== Args={'player': 1, 'ball': 3, 'balls_remaining': 0, 'is_extra_ball': False}
2025-10-25 21:20:06,294 : INFO : EventManager : Event: ======'info_flip_back_now'====== Args={'priority': 0, 'delay': '2s'}
2025-10-25 21:20:06,294 : INFO : Mode.base : Started. Priority: 50
2025-10-25 21:20:06,294 : INFO : EventManager : Event: ======'modes_active_modes_changed'====== Args={}
2025-10-25 21:20:06,294 : INFO : EventManager : Event: ======'mode_base_started'====== Args={'player': 1, 'ball': 3, 'balls_remaining': 0, 'is_extra_ball': False}
2025-10-25 21:20:06,295 : INFO : EventManager : Event: ======'single_player_ball_started'====== Args={}
2025-10-25 21:20:06,306 : INFO : EventManager : Event: ======'ball_start_target'====== Args={'target': 'playfield'}
2025-10-25 21:20:06,307 : INFO : ball_device.bd_trough : Setting up player-controlled eject. Balls: 1, Target: <playfield.playfield>, player_controlled_eject_event: None
2025-10-25 21:20:06,307 : INFO : ball_device.bd_trough : Adding 1 ball(s) to the eject_queue with target <playfield.playfield>.
2025-10-25 21:20:06,307 : INFO : EventManager : Event: ======'balldevice_balls_available'====== Args={}
2025-10-25 21:20:06,308 : INFO : ball_device.bd_trough : State: waiting_for_target_ready
2025-10-25 21:20:06,308 : INFO : EventManager : Event: ======'balldevice_bd_trough_ball_eject_attempt'====== Args={'balls': 1, 'target': <playfield.playfield>, 'source': <ball_device.bd_trough>, 'mechanical_eject': False, 'num_attempts': 0}
2025-10-25 21:20:06,308 : INFO : ball_device.bd_trough : State: ejecting
2025-10-25 21:20:06,308 : INFO : ball_device.bd_trough : Ejecting ball to <playfield.playfield>
2025-10-25 21:20:06,309 : INFO : EventManager : Event: ======'balldevice_bd_trough_ejecting_ball'====== Args={'balls': 1, 'target': <playfield.playfield>, 'source': <ball_device.bd_trough>, 'mechanical_eject': False, 'num_attempts': 0}
2025-10-25 21:20:06,309 : INFO : ball_device.bd_trough : Wait for ball to leave device
2025-10-25 21:20:06,309 : INFO : coil.c_trough_eject : Pulsing Driver for 40ms (1.0 pulse_power)
2025-10-25 21:20:06,372 : INFO : SwitchController : <<<<<<< 's_trough' inactive >>>>>>>
2025-10-25 21:20:06,377 : INFO : ball_device.bd_trough : State: ball_left
2025-10-25 21:20:06,377 : INFO : ball_device.bd_trough : Ball left
2025-10-25 21:20:06,377 : INFO : ball_device.bd_trough : Wait for confirm with timeout 10.0
2025-10-25 21:20:09,320 : INFO : SwitchController : <<<<<<< 's_inlanes' active >>>>>>>
2025-10-25 21:20:09,320 : INFO : EventManager : Event: ======'s_inlanes_active'====== Args={}
2025-10-25 21:20:09,320 : INFO : EventManager : Event: ======'sw_playfield_active'====== Args={}
2025-10-25 21:20:09,320 : INFO : EventManager : Event: ======'machine_var_audits_switches_s_inlanes'====== Args={'value': 73, 'prev_value': 72, 'change': 1}
2025-10-25 21:20:09,322 : INFO : EventManager : Event: ======'player_score'====== Args={'value': 300, 'prev_value': 200, 'change': 100, 'player_num': 1, 'source': 'base'}
2025-10-25 21:20:09,323 : INFO : EventManager : Unordered handler for class <Auditor> on event game_ended with priority 1. Handlers: [RegisteredHandler(callback=<bound method Auditor.disable of <Auditor>>, priority=1, kwargs={}, key=UUID('694adf68-a162-4d67-ba45-d8b30f018e28'), condition=None, blocking_facility=None), RegisteredHandler(callback=<bound method Auditor._save_audits of <Auditor>>, priority=1, kwargs={}, key=UUID('a9c0bcbe-4fbd-47da-9919-d7b9446c1ce1'), condition=None, blocking_facility=None)]. The order of those handlers is not defined and they will be executed in random order. This might lead to race conditions and potential bugs.
2025-10-25 21:20:09,323 : INFO : EventManager : Event: ======'playfield_active'====== Args={'source': None}
2025-10-25 21:20:09,351 : INFO : EventManager : Unordered handler for class <Auditor> on event game_ended with priority 1. Handlers: [RegisteredHandler(callback=<bound method Auditor.disable of <Auditor>>, priority=1, kwargs={}, key=UUID('694adf68-a162-4d67-ba45-d8b30f018e28'), condition=None, blocking_facility=None), RegisteredHandler(callback=<bound method Auditor._save_audits of <Auditor>>, priority=1, kwargs={}, key=UUID('a9c0bcbe-4fbd-47da-9919-d7b9446c1ce1'), condition=None, blocking_facility=None)]. The order of those handlers is not defined and they will be executed in random order. This might lead to race conditions and potential bugs.
2025-10-25 21:20:09,351 : INFO : EventManager : Unordered handler for class <Auditor> on event game_ended with priority 1. Handlers: [RegisteredHandler(callback=<bound method Auditor.disable of <Auditor>>, priority=1, kwargs={}, key=UUID('694adf68-a162-4d67-ba45-d8b30f018e28'), condition=None, blocking_facility=None), RegisteredHandler(callback=<bound method Auditor._save_audits of <Auditor>>, priority=1, kwargs={}, key=UUID('a9c0bcbe-4fbd-47da-9919-d7b9446c1ce1'), condition=None, blocking_facility=None)]. The order of those handlers is not defined and they will be executed in random order. This might lead to race conditions and potential bugs.
2025-10-25 21:20:09,353 : INFO : ball_device.bd_trough : Got eject confirm
2025-10-25 21:20:09,353 : INFO : ball_device.bd_trough : Eject successful
2025-10-25 21:20:09,353 : INFO : EventManager : Event: ======'balldevice_bd_trough_ball_eject_success'====== Args={'balls': 1, 'target': <playfield.playfield>}
2025-10-25 21:20:09,353 : INFO : EventManager : Event: ======'balldevice_playfield_ball_enter'====== Args={'new_balls': 1, 'unclaimed_balls': 1, 'device': <playfield.playfield>}
2025-10-25 21:20:09,353 : INFO : EventManager : Event: ======'playfield_ball_count_change'====== Args={'balls': 1, 'change': 1}
2025-10-25 21:20:09,354 : INFO : EventManager : Event: ======'balldevice_bd_trough_ball_count_changed'====== Args={'balls': 0}
2025-10-25 21:20:09,354 : INFO : ball_device.bd_trough : State: idle
2025-10-25 21:20:09,398 : INFO : SwitchController : <<<<<<< 's_inlanes' inactive >>>>>>>
2025-10-25 21:20:13,667 : INFO : SwitchController : <<<<<<< 's_trough' active >>>>>>>
2025-10-25 21:20:13,667 : INFO : EventManager : Event: ======'machine_var_audits_switches_s_trough'====== Args={'value': 260, 'prev_value': 259, 'change': 1}
2025-10-25 21:20:13,683 : INFO : SwitchController : <<<<<<< 's_trough' inactive >>>>>>>
2025-10-25 21:20:13,730 : INFO : SwitchController : <<<<<<< 's_trough' active >>>>>>>
2025-10-25 21:20:13,730 : INFO : EventManager : Event: ======'machine_var_audits_switches_s_trough'====== Args={'value': 261, 'prev_value': 260, 'change': 1}
2025-10-25 21:20:14,229 : INFO : EventManager : Event: ======'balldevice_bd_trough_ball_count_changed'====== Args={'balls': 1}
2025-10-25 21:20:14,229 : INFO : ball_device.bd_trough : Received unexpected ball
2025-10-25 21:20:14,229 : INFO : EventManager : Event: ======'balldevice_captured_from_playfield'====== Args={'balls': 1}
2025-10-25 21:20:14,230 : INFO : EventManager : Event: ======'sw_playfield_active'====== Args={'balls': 1}
2025-10-25 21:20:14,230 : INFO : EventManager : Event: ======'playfield_ball_count_change'====== Args={'balls': 0, 'change': -1}
2025-10-25 21:20:14,230 : INFO : EventManager : Event: ======'balldevice_bd_trough_ball_enter'====== Args={'new_balls': 1, 'unclaimed_balls': 1, 'new_available_balls': 1, 'device': <ball_device.bd_trough>}
2025-10-25 21:20:14,231 : INFO : EventManager : Event: ======'ball_drain'====== Args={'device': <ball_device.bd_trough>, 'balls': 1}
2025-10-25 21:20:14,231 : INFO : EventManager : Event: ======'ball_will_end'====== Args={}
2025-10-25 21:20:14,231 : INFO : EventManager : Event: ======'balldevice_balls_available'====== Args={}
2025-10-25 21:20:14,231 : INFO : EventManager : Event: ======'balldevice_bd_trough_ball_entered'====== Args={'new_balls': 1, 'device': <ball_device.bd_trough>}
2025-10-25 21:20:14,232 : INFO : EventManager : Event: ======'ball_ending'====== Args={}
2025-10-25 21:20:14,232 : INFO : EventManager : Event: ======'mode_base_will_stop'====== Args={}
2025-10-25 21:20:14,232 : INFO : EventManager : Event: ======'mode_base_stopping'====== Args={}
2025-10-25 21:20:14,233 : INFO : EventManager : Event: ======'stop_base_music'====== Args={'priority': 0}
2025-10-25 21:20:14,233 : INFO : Mode.base : Stopped.
2025-10-25 21:20:14,233 : INFO : EventManager : Event: ======'modes_active_modes_changed'====== Args={}
2025-10-25 21:20:14,233 : INFO : EventManager : Event: ======'mode_base_stopped'====== Args={}
2025-10-25 21:20:14,233 : INFO : EventManager : Event: ======'clear'====== Args={'key': 'base'}
2025-10-25 21:20:14,248 : INFO : EventManager : Event: ======'ball_ended'====== Args={}
2025-10-25 21:20:14,248 : INFO : EventManager : Event: ======'player_turn_will_end'====== Args={'player': <Player 1>, 'number': 1}
2025-10-25 21:20:14,252 : INFO : EventManager : Event: ======'player_turn_ending'====== Args={'player': <Player 1>, 'number': 1}
2025-10-25 21:20:14,252 : INFO : EventManager : Event: ======'player_turn_ended'====== Args={'player': <Player 1>, 'number': 1}
2025-10-25 21:20:14,254 : INFO : EventManager : Event: ======'game_will_end'====== Args={}
2025-10-25 21:20:14,254 : INFO : EventManager : Event: ======'game_ending'====== Args={}
2025-10-25 21:20:14,254 : INFO : EventManager : Event: ======'game_ended'====== Args={}
2025-10-25 21:20:14,254 : INFO : EventManager : Event: ======'mode_game_will_stop'====== Args={}
2025-10-25 21:20:14,254 : INFO : EventManager : Event: ======'mode_game_stopping'====== Args={}
2025-10-25 21:20:14,254 : INFO : EventManager : Event: ======'mode_attract_will_start'====== Args={}
2025-10-25 21:20:14,255 : INFO : EventManager : Event: ======'mode_attract_starting'====== Args={}
2025-10-25 21:20:14,256 : INFO : Mode.attract : Started. Priority: 10
2025-10-25 21:20:14,256 : INFO : EventManager : Event: ======'modes_active_modes_changed'====== Args={}
2025-10-25 21:20:14,256 : INFO : EventManager : Event: ======'mode_attract_started'====== Args={}
2025-10-25 21:20:14,256 : INFO : EventManager : Event: ======'godot_attract_on'====== Args={'priority': 0}
2025-10-25 21:20:14,256 : INFO : EventManager : Event: ======'collecting_balls_complete'====== Args={}
2025-10-25 21:20:14,256 : INFO : Mode.game : Stopped.
2025-10-25 21:20:14,256 : INFO : EventManager : Event: ======'modes_active_modes_changed'====== Args={}
2025-10-25 21:20:14,257 : INFO : EventManager : Event: ======'mode_game_stopped'====== Args={}
2025-10-25 21:20:14,257 : INFO : EventManager : Event: ======'clear'====== Args={'key': 'game'}
2025-10-25 21:20:14,273 : INFO : EventManager : Event: ======'slide_attract_created'====== Args={'_from_bcp': True}
2025-10-25 21:20:14,273 : INFO : EventManager : Event: ======'slide_attract_inactive'====== Args={'is_removing': True, '_from_bcp': True}
2025-10-25 21:20:14,274 : INFO : EventManager : Event: ======'slide_attract_active'====== Args={'original_context': 'attract', 'original_calling_context': 'mode_attract_started', 'priority': 10.0, 'cmd': 'slides_play', '_from_bcp': True}
2025-10-25 21:20:14,274 : INFO : EventManager : Event: ======'slide_attract_removed'====== Args={'_from_bcp': True}
2025-10-25 21:20:16,266 : INFO : EventManager : Event: ======'attract_wave_complete'====== Args={'priority': 0}
2025-10-25 21:20:16,656 : INFO : EventManager : Event: ======'attract_pulse_complete'====== Args={'priority': 0}
2025-10-25 21:20:17,064 : INFO : EventManager : Event: ======'attract_pulse_complete'====== Args={'priority': 0}
2025-10-25 21:20:19,065 : INFO : EventManager : Event: ======'attract_wave_complete'====== Args={'priority': 0}
2025-10-25 21:20:19,454 : INFO : EventManager : Event: ======'attract_pulse_complete'====== Args={'priority': 0}
2025-10-25 21:20:19,859 : INFO : EventManager : Event: ======'attract_pulse_complete'====== Args={'priority': 0}
2025-10-25 21:20:21,632 : INFO : Machine : Shutting down...
2025-10-25 21:20:21,633 : INFO : EventManager : Event: ======'shutdown'====== Args={}
2025-10-25 21:20:21,659 : ERROR : asyncio : Exception in callback RunningShow._run_next_step()
handle: <TimerHandle when=725429.5499999996 RunningShow._run_next_step()>
Traceback (most recent call last):
  File "C:\Users\antho\AppData\Local\Programs\Python\Python312\Lib\asyncio\events.py", line 88, in _run
    self._context.run(self._callback, *self._args)
  File "C:\Users\antho\mpf\Lib\site-packages\mpf\assets\show.py", line 690, in _run_next_step
    player.show_play_callback(
  File "C:\Users\antho\mpf\Lib\site-packages\mpf\core\config_player.py", line 365, in show_play_callback
    self.play(settings=settings, priority=priority, calling_context=calling_context,
  File "C:\Users\antho\mpf\Lib\site-packages\mpf\config_players\light_player.py", line 43, in play
    self._light_color(light, instance_dict, full_context, s['color'], s["fade"], final_priority, start_time)
  File "C:\Users\antho\mpf\Lib\site-packages\mpf\config_players\light_player.py", line 103, in _light_color
    light.color(color, key=full_context, fade_ms=fade_ms, priority=priority, start_time=start_time)
  File "C:\Users\antho\mpf\Lib\site-packages\mpf\devices\light.py", line 414, in color
    self._schedule_update()
  File "C:\Users\antho\mpf\Lib\site-packages\mpf\devices\light.py", line 657, in _schedule_update
    driver.set_fade(start_brightness, start_time, target_brightness, target_time)
  File "C:\Users\antho\mpf\Lib\site-packages\mpf\platforms\interfaces\light_platform_interface.py", line 98, in set_fade
    self.set_brightness_and_fade(target_brightness, max(fade_ms, 0))
  File "C:\Users\antho\mpf\Lib\site-packages\mpf\platforms\interfaces\light_platform_interface.py", line 160, in set_brightness_and_fade
    self.set_brightness(brightness)
  File "C:\Users\antho\mpf\Lib\site-packages\mpf\platforms\lisy\lisy.py", line 126, in set_brightness
    self.platform.send_byte(LisyDefines.LampsSetLampOff, bytes([self.number]))
  File "C:\Users\antho\mpf\Lib\site-packages\mpf\platforms\lisy\lisy.py", line 783, in send_byte
    assert self._writer is not None
           ^^^^^^^^^^^^^^^^^^^^^^^^
AssertionError
2025-10-25 21:20:21,738 : INFO : root : MPF run loop ended.
