2025-10-20 19:39:11,612 : INFO : root : Loading config.
2025-10-20 19:39:11,670 : INFO : ConfigProcessor : Config spec file cache created: C:\Users\antho\AppData\Local\Temp\config_spec.mpf_cache
2025-10-20 19:39:11,670 : INFO : YamlMultifileConfigLoader : Machine config file #1: config.yaml
2025-10-20 19:39:11,670 : INFO : ConfigProcessor : Loading config from file C:\Users\antho\mpf\Lib\site-packages\mpf\mpfconfig.yaml.
2025-10-20 19:39:11,682 : INFO : ConfigProcessor : Loading config: C:\Users\antho\mpf\Lib\site-packages\mpf\mpfconfig.yaml
2025-10-20 19:39:11,683 : INFO : ConfigProcessor : Loading config from file C:\Users\antho\nightpin\config\config.yaml.
2025-10-20 19:39:11,684 : INFO : ConfigProcessor : Loading config: C:\Users\antho\nightpin\config\config.yaml
2025-10-20 19:39:11,685 : INFO : ConfigProcessor : Loading config: C:\Users\antho\nightpin\config\config_ball_devices.yaml
2025-10-20 19:39:11,688 : INFO : ConfigProcessor : Loading config: C:\Users\antho\nightpin\config\config_coils.yaml
2025-10-20 19:39:11,691 : INFO : ConfigProcessor : Loading config: C:\Users\antho\nightpin\config\config_switches.yaml
2025-10-20 19:39:11,695 : INFO : ConfigProcessor : Loading config: C:\Users\antho\nightpin\config\config_lights.yaml
2025-10-20 19:39:11,697 : INFO : ConfigProcessor : Loading config: C:\Users\antho\nightpin\config\config_sounds.yaml
2025-10-20 19:39:11,697 : ERROR : ConfigProcessor : Config section 'sounds' is removed in MPF 0.80 and will be ignored.
2025-10-20 19:39:11,699 : INFO : ConfigProcessor : Config file cache created: C:\Users\antho\AppData\Local\Temp\fdca14d0c9d658ab8200d57120800af5.mpf_cache
2025-10-20 19:39:11,841 : INFO : ConfigProcessor : Loading config from file C:\Users\antho\mpf\Lib\site-packages\mpf\modes\attract\config\attract.yaml.
2025-10-20 19:39:11,842 : INFO : ConfigProcessor : Loading config: C:\Users\antho\mpf\Lib\site-packages\mpf\modes\attract\config\attract.yaml
2025-10-20 19:39:11,842 : INFO : ConfigProcessor : Loading config from file C:\Users\antho\nightpin\modes\attract\config\attract.yaml.
2025-10-20 19:39:11,843 : INFO : ConfigProcessor : Loading config: C:\Users\antho\nightpin\modes\attract\config\attract.yaml
2025-10-20 19:39:11,844 : INFO : ConfigProcessor : Config file cache created: C:\Users\antho\AppData\Local\Temp\5dec96b1547c4adf5bdd3d1715e74bc0.mpf_cache
2025-10-20 19:39:11,845 : INFO : ConfigProcessor : Loading config from file C:\Users\antho\mpf\Lib\site-packages\mpf\modes\game\config\game.yaml.
2025-10-20 19:39:11,846 : INFO : ConfigProcessor : Loading config: C:\Users\antho\mpf\Lib\site-packages\mpf\modes\game\config\game.yaml
2025-10-20 19:39:11,847 : INFO : ConfigProcessor : Config file cache created: C:\Users\antho\AppData\Local\Temp\202a5840610e95051f9f473dfa660cc0.mpf_cache
2025-10-20 19:39:11,848 : INFO : ConfigProcessor : Loading config from cache: C:\Users\antho\AppData\Local\Temp\5dec96b1547c4adf5bdd3d1715e74bc0.mpf_cache
2025-10-20 19:39:11,859 : INFO : ConfigProcessor : Loading config from file C:\Users\antho\nightpin\modes\base\config\base.yaml.
2025-10-20 19:39:11,862 : INFO : ConfigProcessor : Loading config: C:\Users\antho\nightpin\modes\base\config\base.yaml
2025-10-20 19:39:11,864 : INFO : ConfigProcessor : Config file cache created: C:\Users\antho\AppData\Local\Temp\2cd13a2d3f375e00ab01d6d09a85d8e7.mpf_cache
2025-10-20 19:39:11,864 : INFO : ConfigProcessor : Loading config from file C:\Users\antho\nightpin\modes\escape_graveyard\config\escape_graveyard.yaml.
2025-10-20 19:39:11,885 : INFO : ConfigProcessor : Loading config: C:\Users\antho\nightpin\modes\escape_graveyard\config\escape_graveyard.yaml
2025-10-20 19:39:11,886 : INFO : ConfigProcessor : Config file cache created: C:\Users\antho\AppData\Local\Temp\9220b44b97b91972524500b81035d790.mpf_cache
2025-10-20 19:39:11,887 : INFO : ConfigProcessor : Loading config from file C:\Users\antho\nightpin\shows\.\attract_lights.yaml.
2025-10-20 19:39:11,890 : INFO : ConfigProcessor : Loading config: C:\Users\antho\nightpin\shows\.\attract_lights.yaml
2025-10-20 19:39:11,891 : INFO : ConfigProcessor : Config file cache created: C:\Users\antho\AppData\Local\Temp\dab29d17bbe6500d014c71b0a57bd9b0.mpf_cache
2025-10-20 19:39:11,891 : INFO : ConfigProcessor : Loading config from file C:\Users\antho\nightpin\shows\.\fade_out_graveyard_music.yaml.
2025-10-20 19:39:11,892 : INFO : ConfigProcessor : Loading config: C:\Users\antho\nightpin\shows\.\fade_out_graveyard_music.yaml
2025-10-20 19:39:11,894 : INFO : ConfigProcessor : Config file cache created: C:\Users\antho\AppData\Local\Temp\b17152efa55a24f0424602723f8d3921.mpf_cache
2025-10-20 19:39:11,894 : INFO : ConfigProcessor : Loading config from file C:\Users\antho\nightpin\shows\.\fade_out_subsequentball.yaml.
2025-10-20 19:39:11,895 : INFO : ConfigProcessor : Loading config: C:\Users\antho\nightpin\shows\.\fade_out_subsequentball.yaml
2025-10-20 19:39:11,896 : INFO : ConfigProcessor : Config file cache created: C:\Users\antho\AppData\Local\Temp\e87fc0e7d2f8a851b5fa3f604e0d0c6e.mpf_cache
2025-10-20 19:39:11,896 : INFO : ConfigProcessor : Loading config from file C:\Users\antho\nightpin\shows\.\graveyard_intro.yaml.
2025-10-20 19:39:11,897 : INFO : ConfigProcessor : Loading config: C:\Users\antho\nightpin\shows\.\graveyard_intro.yaml
2025-10-20 19:39:11,898 : INFO : ConfigProcessor : Config file cache created: C:\Users\antho\AppData\Local\Temp\834292dd7853e12a66732dc89828c828.mpf_cache
2025-10-20 19:39:11,899 : INFO : ConfigProcessor : Loading config from file C:\Users\antho\nightpin\shows\.\graveyard_lights.yaml.
2025-10-20 19:39:11,901 : INFO : ConfigProcessor : Loading config: C:\Users\antho\nightpin\shows\.\graveyard_lights.yaml
2025-10-20 19:39:11,902 : INFO : ConfigProcessor : Config file cache created: C:\Users\antho\AppData\Local\Temp\ae2be9c5579852c305357e207df97e8b.mpf_cache
2025-10-20 19:39:11,903 : INFO : ConfigProcessor : Loading config from file C:\Users\antho\nightpin\shows\.\graveyard_reach_house.yaml.
2025-10-20 19:39:11,904 : INFO : ConfigProcessor : Loading config: C:\Users\antho\nightpin\shows\.\graveyard_reach_house.yaml
2025-10-20 19:39:11,905 : INFO : ConfigProcessor : Config file cache created: C:\Users\antho\AppData\Local\Temp\46f8fa3e41dfeeb8232af2f03a13b6c4.mpf_cache
2025-10-20 19:39:11,905 : INFO : ConfigProcessor : Loading config from file C:\Users\antho\nightpin\shows\.\house_lights.yaml.
2025-10-20 19:39:11,906 : INFO : ConfigProcessor : Loading config: C:\Users\antho\nightpin\shows\.\house_lights.yaml
2025-10-20 19:39:11,907 : INFO : ConfigProcessor : Config file cache created: C:\Users\antho\AppData\Local\Temp\c67e9c175da6c060302945929b27b878.mpf_cache
2025-10-20 19:39:11,908 : INFO : ConfigProcessor : Loading config from file C:\Users\antho\nightpin\shows\.\play_firstballintro.yaml.
2025-10-20 19:39:11,908 : INFO : ConfigProcessor : Loading config: C:\Users\antho\nightpin\shows\.\play_firstballintro.yaml
2025-10-20 19:39:11,910 : INFO : ConfigProcessor : Config file cache created: C:\Users\antho\AppData\Local\Temp\1c965aadbb61a7e709e8884fad17ac0b.mpf_cache
2025-10-20 19:39:11,911 : INFO : ConfigProcessor : Loading config from file C:\Users\antho\nightpin\shows\.\play_subsequentball.yaml.
2025-10-20 19:39:11,913 : INFO : ConfigProcessor : Loading config: C:\Users\antho\nightpin\shows\.\play_subsequentball.yaml
2025-10-20 19:39:11,913 : INFO : ConfigProcessor : Config file cache created: C:\Users\antho\AppData\Local\Temp\60ca9d662df3e70e96f6d7ec0f4491aa.mpf_cache
2025-10-20 19:39:11,914 : INFO : Machine : Mission Pinball Framework Core Engine v0.80.0.dev11
2025-10-20 19:39:11,914 : INFO : Machine : Command line arguments: {'no_load_cache': False, 'create_config_cache': True, 'bcp': False, 'configfile': ['config.yaml'], 'force_assets_load': False, 'platform_integration_test': False, 'jsonlogging': False, 'logfile': 'logs\\2025-10-20-19-39-11-mpf-LAPTOP-MPGP6R69.log', 'pause': False, 'production': False, 'text_ui': False, 'loglevel': 15, 'consoleloglevel': 20, 'force_platform': 'virtual', 'syslog_address': None, 'full_logfile_path': 'C:\\Users\\antho\\nightpin\\logs\\2025-10-20-19-39-11-mpf-LAPTOP-MPGP6R69.log'}
2025-10-20 19:39:11,914 : INFO : Machine : MPF path: C:\Users\antho\mpf\Lib\site-packages\mpf
2025-10-20 19:39:11,914 : INFO : Machine : Machine path: C:\Users\antho\nightpin
2025-10-20 19:39:11,914 : INFO : Machine : Platform: win32
2025-10-20 19:39:11,914 : INFO : Machine : Python executable location: C:\Users\antho\mpf\Scripts\python.exe
2025-10-20 19:39:11,914 : INFO : Machine : Python version: 3.12.7 (64-bit)
2025-10-20 19:39:11,916 : INFO : Machine : Initializing MPF...
2025-10-20 19:39:12,277 : INFO : EventManager : Event: ======'machine_var_credits_string'====== Args={'value': 'FREE PLAY', 'prev_value': None, 'change': True}
2025-10-20 19:39:12,310 : INFO : EventManager : Event: ======'machine_var_master_volume'====== Args={'value': 0.5, 'prev_value': None, 'change': True}
2025-10-20 19:39:12,310 : INFO : EventManager : Event: ======'machine_var_mpf_version'====== Args={'value': 'Mission Pinball Framework v0.80.0.dev11', 'prev_value': None, 'change': True}
2025-10-20 19:39:12,310 : INFO : EventManager : Event: ======'machine_var_mpf_extended_version'====== Args={'value': 'Mission Pinball Framework v0.80.0.dev11, Config version:6, Show version: 6, BCP version:1.1', 'prev_value': None, 'change': True}
2025-10-20 19:39:12,311 : INFO : EventManager : Event: ======'machine_var_python_version'====== Args={'value': '3.12.7', 'prev_value': None, 'change': True}
2025-10-20 19:39:12,492 : INFO : EventManager : Event: ======'machine_var_platform'====== Args={'value': 'Windows-11-10.0.26100-SP0', 'prev_value': None, 'change': True}
2025-10-20 19:39:12,492 : INFO : EventManager : Event: ======'machine_var_platform_system'====== Args={'value': 'Windows', 'prev_value': None, 'change': True}
2025-10-20 19:39:12,493 : INFO : EventManager : Event: ======'machine_var_platform_release'====== Args={'value': '11', 'prev_value': None, 'change': True}
2025-10-20 19:39:12,493 : INFO : EventManager : Event: ======'machine_var_platform_version'====== Args={'value': '10.0.26100', 'prev_value': None, 'change': True}
2025-10-20 19:39:12,493 : INFO : EventManager : Event: ======'machine_var_platform_machine'====== Args={'value': 'AMD64', 'prev_value': None, 'change': True}
2025-10-20 19:39:12,493 : INFO : EventManager : Event: ======'machine_var_log_file_path'====== Args={'value': 'C:\\Users\\antho\\nightpin\\logs\\2025-10-20-19-39-11-mpf-LAPTOP-MPGP6R69.log', 'prev_value': None, 'change': True}
2025-10-20 19:39:12,493 : INFO : EventManager : Event: ======'init_phase_1'====== Args={}
2025-10-20 19:39:12,529 : INFO : EventManager : Event: ======'drop_target_bank_right_bank_up'====== Args={}
2025-10-20 19:39:12,529 : INFO : EventManager : Event: ======'drop_target_bank_left_bank_up'====== Args={}
2025-10-20 19:39:12,530 : INFO : EventManager : Event: ======'init_phase_2'====== Args={}
2025-10-20 19:39:12,531 : ERROR : asyncio : Exception in callback EventManager._queue_task_done(<Task finishe...ype: 'dict'")>)
handle: <Handle EventManager._queue_task_done(<Task finishe...ype: 'dict'")>)>
Traceback (most recent call last):
  File "C:\Users\antho\AppData\Local\Programs\Python\Python312\Lib\asyncio\events.py", line 88, in _run
    self._context.run(self._callback, *self._args)
  File "C:\Users\antho\mpf\Lib\site-packages\mpf\core\events.py", line 795, in _queue_task_done
    future.result()
  File "C:\Users\antho\mpf\Lib\site-packages\mpf\core\events.py", line 708, in _run_handlers_sequential
    handler.callback(queue=queue, **merged_kwargs)
  File "C:\Users\antho\mpf\Lib\site-packages\mpf\core\mode_controller.py", line 97, in initialize_modes
    item.method(config=mode.config[item.config_section],
  File "C:\Users\antho\mpf\Lib\site-packages\mpf\core\config_player.py", line 150, in process_mode_config
    config = self.validate_config(config)
             ^^^^^^^^^^^^^^^^^^^^^^^^^^^^
  File "C:\Users\antho\mpf\Lib\site-packages\mpf\core\config_player.py", line 113, in validate_config
    validated_config[event] = self.validate_config_entry(settings, event)
                              ^^^^^^^^^^^^^^^^^^^^^^^^^^^^^^^^^^^^^^^^^^^
  File "C:\Users\antho\mpf\Lib\site-packages\mpf\config_players\event_player.py", line 75, in validate_config_entry
    config = super().validate_config_entry(settings, name)
             ^^^^^^^^^^^^^^^^^^^^^^^^^^^^^^^^^^^^^^^^^^^^^
  File "C:\Users\antho\mpf\Lib\site-packages\mpf\config_players\flat_config_player.py", line 17, in validate_config_entry
    config = self._parse_config(settings, name)
             ^^^^^^^^^^^^^^^^^^^^^^^^^^^^^^^^^^
  File "C:\Users\antho\mpf\Lib\site-packages\mpf\core\config_player.py", line 138, in _parse_config
    config = self.get_list_config(config)   # pylint: disable-msg=assignment-from-no-return
             ^^^^^^^^^^^^^^^^^^^^^^^^^^^^
  File "C:\Users\antho\mpf\Lib\site-packages\mpf\config_players\event_player.py", line 114, in get_list_config
    result[event] = {}
    ~~~~~~^^^^^^^
TypeError: unhashable type: 'dict'
2025-10-20 19:39:12,632 : INFO : Machine : Starting the main run loop with active modes: []
2025-10-20 19:39:12,632 : WARNING : Machine : Attract mode is not active, game will not be playable. Please check your attract mode configuration.
2025-10-20 19:39:12,633 : INFO : Machine : Shutting down...
2025-10-20 19:39:12,633 : INFO : EventManager : Event: ======'shutdown'====== Args={}
2025-10-20 19:39:13,636 : ERROR : Machine : Runtime Exception
Traceback (most recent call last):
  File "C:\Users\antho\mpf\Lib\site-packages\mpf\core\machine.py", line 810, in _run_loop
    raise self._exception['exception']
  File "C:\Users\antho\AppData\Local\Programs\Python\Python312\Lib\asyncio\events.py", line 88, in _run
    self._context.run(self._callback, *self._args)
  File "C:\Users\antho\mpf\Lib\site-packages\mpf\core\events.py", line 795, in _queue_task_done
    future.result()
  File "C:\Users\antho\mpf\Lib\site-packages\mpf\core\events.py", line 708, in _run_handlers_sequential
    handler.callback(queue=queue, **merged_kwargs)
  File "C:\Users\antho\mpf\Lib\site-packages\mpf\core\mode_controller.py", line 97, in initialize_modes
    item.method(config=mode.config[item.config_section],
  File "C:\Users\antho\mpf\Lib\site-packages\mpf\core\config_player.py", line 150, in process_mode_config
    config = self.validate_config(config)
             ^^^^^^^^^^^^^^^^^^^^^^^^^^^^
  File "C:\Users\antho\mpf\Lib\site-packages\mpf\core\config_player.py", line 113, in validate_config
    validated_config[event] = self.validate_config_entry(settings, event)
                              ^^^^^^^^^^^^^^^^^^^^^^^^^^^^^^^^^^^^^^^^^^^
  File "C:\Users\antho\mpf\Lib\site-packages\mpf\config_players\event_player.py", line 75, in validate_config_entry
    config = super().validate_config_entry(settings, name)
             ^^^^^^^^^^^^^^^^^^^^^^^^^^^^^^^^^^^^^^^^^^^^^
  File "C:\Users\antho\mpf\Lib\site-packages\mpf\config_players\flat_config_player.py", line 17, in validate_config_entry
    config = self._parse_config(settings, name)
             ^^^^^^^^^^^^^^^^^^^^^^^^^^^^^^^^^^
  File "C:\Users\antho\mpf\Lib\site-packages\mpf\core\config_player.py", line 138, in _parse_config
    config = self.get_list_config(config)   # pylint: disable-msg=assignment-from-no-return
             ^^^^^^^^^^^^^^^^^^^^^^^^^^^^
  File "C:\Users\antho\mpf\Lib\site-packages\mpf\config_players\event_player.py", line 114, in get_list_config
    result[event] = {}
    ~~~~~~^^^^^^^
TypeError: unhashable type: 'dict'
2025-10-20 19:39:13,658 : INFO : root : MPF run loop ended.
