2025-10-31 13:36:58,219 : INFO : root : Loading config.
2025-10-31 13:36:58,235 : INFO : YamlMultifileConfigLoader : Machine config file #1: config.yaml
2025-10-31 13:36:58,236 : INFO : ConfigProcessor : Loading config from cache: C:\Users\antho\AppData\Local\Temp\fdca14d0c9d658ab8200d57120800af5.mpf_cache
2025-10-31 13:36:58,577 : INFO : ConfigProcessor : Loading config from cache: C:\Users\antho\AppData\Local\Temp\5dec96b1547c4adf5bdd3d1715e74bc0.mpf_cache
2025-10-31 13:36:58,579 : INFO : ConfigProcessor : Loading config from cache: C:\Users\antho\AppData\Local\Temp\202a5840610e95051f9f473dfa660cc0.mpf_cache
2025-10-31 13:36:58,581 : INFO : ConfigProcessor : Loading config from cache: C:\Users\antho\AppData\Local\Temp\5dec96b1547c4adf5bdd3d1715e74bc0.mpf_cache
2025-10-31 13:36:58,582 : WARNING : ConfigProcessor : Config file in cache changed: C:\Users\antho\nightpin\modes\base\config\base.yaml
2025-10-31 13:36:58,582 : INFO : ConfigProcessor : Loading config from file C:\Users\antho\nightpin\modes\base\config\base.yaml.
2025-10-31 13:36:58,631 : INFO : ConfigProcessor : Loading config: C:\Users\antho\nightpin\modes\base\config\base.yaml
2025-10-31 13:36:58,631 : ERROR : ConfigProcessor : Config section 'slides' is removed in MPF 0.80 and will be ignored.
2025-10-31 13:36:58,634 : INFO : ConfigProcessor : Config file cache created: C:\Users\antho\AppData\Local\Temp\2cd13a2d3f375e00ab01d6d09a85d8e7.mpf_cache
2025-10-31 13:36:58,635 : INFO : ConfigProcessor : Loading config from cache: C:\Users\antho\AppData\Local\Temp\9220b44b97b91972524500b81035d790.mpf_cache
2025-10-31 13:36:58,638 : INFO : ConfigProcessor : Loading config from cache: C:\Users\antho\AppData\Local\Temp\31ee881584fa6fce665a672a4f3f633a.mpf_cache
2025-10-31 13:36:58,640 : INFO : ConfigProcessor : Loading config from cache: C:\Users\antho\AppData\Local\Temp\5e841763ec73085bbf92358fe6afda21.mpf_cache
2025-10-31 13:36:58,641 : INFO : ConfigProcessor : Loading config from cache: C:\Users\antho\AppData\Local\Temp\7f73d12aa9beccac1cbd8c265ccda72e.mpf_cache
2025-10-31 13:36:58,642 : INFO : ConfigProcessor : Loading config from cache: C:\Users\antho\AppData\Local\Temp\a03ebaa9d6d5676c418deb142cb34911.mpf_cache
2025-10-31 13:36:58,643 : INFO : ConfigProcessor : Loading config from cache: C:\Users\antho\AppData\Local\Temp\b17152efa55a24f0424602723f8d3921.mpf_cache
2025-10-31 13:36:58,645 : INFO : ConfigProcessor : Loading config from cache: C:\Users\antho\AppData\Local\Temp\e87fc0e7d2f8a851b5fa3f604e0d0c6e.mpf_cache
2025-10-31 13:36:58,646 : INFO : ConfigProcessor : Loading config from cache: C:\Users\antho\AppData\Local\Temp\196ac76b6cab3a9880804c826cfbcb5c.mpf_cache
2025-10-31 13:36:58,647 : INFO : ConfigProcessor : Loading config from cache: C:\Users\antho\AppData\Local\Temp\55437eb303afaa980597ff60f339a871.mpf_cache
2025-10-31 13:36:58,649 : INFO : ConfigProcessor : Loading config from cache: C:\Users\antho\AppData\Local\Temp\fddc1006228d3387e6d1e46051a3638d.mpf_cache
2025-10-31 13:36:58,651 : INFO : ConfigProcessor : Loading config from cache: C:\Users\antho\AppData\Local\Temp\834292dd7853e12a66732dc89828c828.mpf_cache
2025-10-31 13:36:58,652 : INFO : ConfigProcessor : Loading config from cache: C:\Users\antho\AppData\Local\Temp\46f8fa3e41dfeeb8232af2f03a13b6c4.mpf_cache
2025-10-31 13:36:58,653 : INFO : ConfigProcessor : Loading config from cache: C:\Users\antho\AppData\Local\Temp\c67e9c175da6c060302945929b27b878.mpf_cache
2025-10-31 13:36:58,655 : INFO : Machine : Mission Pinball Framework Core Engine v0.80.0.dev11
2025-10-31 13:36:58,656 : INFO : Machine : Command line arguments: {'no_load_cache': False, 'create_config_cache': True, 'bcp': True, 'configfile': ['config.yaml'], 'force_assets_load': False, 'platform_integration_test': False, 'jsonlogging': False, 'logfile': 'logs\\2025-10-31-13-36-58-mpf-LAPTOP-MPGP6R69.log', 'pause': False, 'production': False, 'text_ui': True, 'loglevel': 15, 'consoleloglevel': 20, 'force_platform': None, 'syslog_address': None, 'full_logfile_path': 'C:\\Users\\antho\\nightpin\\logs\\2025-10-31-13-36-58-mpf-LAPTOP-MPGP6R69.log'}
2025-10-31 13:36:58,656 : INFO : Machine : MPF path: C:\Users\antho\mpf\Lib\site-packages\mpf
2025-10-31 13:36:58,656 : INFO : Machine : Machine path: C:\Users\antho\nightpin
2025-10-31 13:36:58,656 : INFO : Machine : Platform: win32
2025-10-31 13:36:58,656 : INFO : Machine : Python executable location: C:\Users\antho\mpf\Scripts\python.exe
2025-10-31 13:36:58,656 : INFO : Machine : Python version: 3.12.7 (64-bit)
2025-10-31 13:36:58,663 : INFO : Machine : Initializing MPF...
2025-10-31 13:36:59,545 : INFO : lisy : Connecting to com3 at 115200bps
2025-10-31 13:36:59,547 : WARNING : lisy : Could not import terminos (this is ok on windows).
2025-10-31 13:36:59,710 : INFO : EventManager : Event: ======'machine_var_lisy_hardware'====== Args={'value': 'LISY35', 'prev_value': None, 'change': True}
2025-10-31 13:36:59,711 : INFO : EventManager : Event: ======'machine_var_lisy_version'====== Args={'value': '5.26 ', 'prev_value': None, 'change': True}
2025-10-31 13:36:59,711 : INFO : EventManager : Event: ======'machine_var_lisy_api_version'====== Args={'value': b'0.09', 'prev_value': None, 'change': True}
2025-10-31 13:37:01,037 : INFO : EventManager : Event: ======'machine_var_credits_string'====== Args={'value': 'FREE PLAY', 'prev_value': None, 'change': True}
2025-10-31 13:37:01,128 : INFO : EventManager : Event: ======'machine_var_master_volume'====== Args={'value': 0.5, 'prev_value': None, 'change': True}
2025-10-31 13:37:01,129 : INFO : EventManager : Event: ======'machine_var_player1_score'====== Args={'value': 2200, 'prev_value': None, 'change': True}
2025-10-31 13:37:01,129 : INFO : EventManager : Event: ======'machine_var_player2_score'====== Args={'value': 1200, 'prev_value': None, 'change': True}
2025-10-31 13:37:01,129 : INFO : EventManager : Event: ======'machine_var_mpf_version'====== Args={'value': 'Mission Pinball Framework v0.80.0.dev11', 'prev_value': None, 'change': True}
2025-10-31 13:37:01,129 : INFO : EventManager : Event: ======'machine_var_mpf_extended_version'====== Args={'value': 'Mission Pinball Framework v0.80.0.dev11, Config version:6, Show version: 6, BCP version:1.1', 'prev_value': None, 'change': True}
2025-10-31 13:37:01,131 : INFO : EventManager : Event: ======'machine_var_python_version'====== Args={'value': '3.12.7', 'prev_value': None, 'change': True}
2025-10-31 13:37:01,662 : INFO : EventManager : Event: ======'machine_var_platform'====== Args={'value': 'Windows-11-10.0.26100-SP0', 'prev_value': None, 'change': True}
2025-10-31 13:37:01,662 : INFO : EventManager : Event: ======'machine_var_platform_system'====== Args={'value': 'Windows', 'prev_value': None, 'change': True}
2025-10-31 13:37:01,662 : INFO : EventManager : Event: ======'machine_var_platform_release'====== Args={'value': '11', 'prev_value': None, 'change': True}
2025-10-31 13:37:01,662 : INFO : EventManager : Event: ======'machine_var_platform_version'====== Args={'value': '10.0.26100', 'prev_value': None, 'change': True}
2025-10-31 13:37:01,663 : INFO : EventManager : Event: ======'machine_var_platform_machine'====== Args={'value': 'AMD64', 'prev_value': None, 'change': True}
2025-10-31 13:37:01,663 : INFO : EventManager : Event: ======'machine_var_log_file_path'====== Args={'value': 'C:\\Users\\antho\\nightpin\\logs\\2025-10-31-13-36-58-mpf-LAPTOP-MPGP6R69.log', 'prev_value': None, 'change': True}
2025-10-31 13:37:01,663 : INFO : EventManager : Event: ======'init_phase_1'====== Args={}
2025-10-31 13:37:01,772 : INFO : EventManager : Event: ======'drop_target_bank_right_bank_up'====== Args={}
2025-10-31 13:37:01,772 : INFO : EventManager : Event: ======'drop_target_bank_left_bank_up'====== Args={}
2025-10-31 13:37:01,874 : INFO : EventManager : Event: ======'init_phase_2'====== Args={}
2025-10-31 13:37:01,892 : INFO : EventManager : Event: ======'bcp_connection_attempt'====== Args={'name': 'local_display', 'host': 'localhost', 'port': 5050}
2025-10-31 13:37:01,898 : INFO : BCPClientSocket : Connecting BCP to 'local_display' at localhost:5050...
2025-10-31 13:37:02,973 : INFO : BCPClientSocket : Connected BCP to 'local_display' localhost:5050
2025-10-31 13:37:02,975 : INFO : EventManager : Event: ======'bcp_clients_connected'====== Args={}
2025-10-31 13:37:03,368 : INFO : ball_device.bd_trough : BCH: Initial count: 0
2025-10-31 13:37:03,471 : INFO : ball_device.bd_trough : State: idle
2025-10-31 13:37:03,474 : INFO : ball_device.bd_saucer : BCH: Initial count: 0
2025-10-31 13:37:03,475 : INFO : ball_device.bd_saucer : State: idle
2025-10-31 13:37:03,542 : INFO : EventManager : Event: ======'init_phase_3'====== Args={}
2025-10-31 13:37:03,560 : INFO : EventManager : Event: ======'init_phase_4'====== Args={}
2025-10-31 13:37:03,563 : INFO : BallController : Initial balls found: 0
2025-10-31 13:37:03,567 : INFO : EventManager : Event: ======'machine_var_audits_events_game_ended'====== Args={'value': 17, 'prev_value': None, 'change': True}
2025-10-31 13:37:03,567 : INFO : EventManager : Event: ======'machine_var_audits_events_game_started'====== Args={'value': 71, 'prev_value': None, 'change': True}
2025-10-31 13:37:03,568 : INFO : EventManager : Event: ======'machine_var_audits_missing_switches_s_coin_right'====== Args={'value': 70, 'prev_value': None, 'change': True}
2025-10-31 13:37:03,568 : INFO : EventManager : Event: ======'machine_var_audits_missing_switches_s_credit_button'====== Args={'value': 43, 'prev_value': None, 'change': True}
2025-10-31 13:37:03,568 : INFO : EventManager : Event: ======'machine_var_audits_missing_switches_s_inlanes'====== Args={'value': 3, 'prev_value': None, 'change': True}
2025-10-31 13:37:03,569 : INFO : EventManager : Event: ======'machine_var_audits_missing_switches_s_left_bank_target_left'====== Args={'value': 23, 'prev_value': None, 'change': True}
2025-10-31 13:37:03,569 : INFO : EventManager : Event: ======'machine_var_audits_missing_switches_s_left_bank_target_middle'====== Args={'value': 9, 'prev_value': None, 'change': True}
2025-10-31 13:37:03,569 : INFO : EventManager : Event: ======'machine_var_audits_missing_switches_s_left_bank_target_right'====== Args={'value': 9, 'prev_value': None, 'change': True}
2025-10-31 13:37:03,569 : INFO : EventManager : Event: ======'machine_var_audits_missing_switches_s_left_lower_bumper'====== Args={'value': 12, 'prev_value': None, 'change': True}
2025-10-31 13:37:03,570 : INFO : EventManager : Event: ======'machine_var_audits_missing_switches_s_left_outlane_rollover'====== Args={'value': 9, 'prev_value': None, 'change': True}
2025-10-31 13:37:03,570 : INFO : EventManager : Event: ======'machine_var_audits_missing_switches_s_left_pop_bumper'====== Args={'value': 5, 'prev_value': None, 'change': True}
2025-10-31 13:37:03,570 : INFO : EventManager : Event: ======'machine_var_audits_missing_switches_s_left_sling'====== Args={'value': 9, 'prev_value': None, 'change': True}
2025-10-31 13:37:03,570 : INFO : EventManager : Event: ======'machine_var_audits_missing_switches_s_left_upper_bumper'====== Args={'value': 9, 'prev_value': None, 'change': True}
2025-10-31 13:37:03,570 : INFO : EventManager : Event: ======'machine_var_audits_missing_switches_s_middle_pop_bumper'====== Args={'value': 5, 'prev_value': None, 'change': True}
2025-10-31 13:37:03,571 : INFO : EventManager : Event: ======'machine_var_audits_missing_switches_s_right_bank_target_left'====== Args={'value': 5, 'prev_value': None, 'change': True}
2025-10-31 13:37:03,571 : INFO : EventManager : Event: ======'machine_var_audits_missing_switches_s_right_bank_target_middle'====== Args={'value': 5, 'prev_value': None, 'change': True}
2025-10-31 13:37:03,571 : INFO : EventManager : Event: ======'machine_var_audits_missing_switches_s_right_bank_target_right'====== Args={'value': 5, 'prev_value': None, 'change': True}
2025-10-31 13:37:03,571 : INFO : EventManager : Event: ======'machine_var_audits_missing_switches_s_right_outlane_rollover'====== Args={'value': 26, 'prev_value': None, 'change': True}
2025-10-31 13:37:03,572 : INFO : EventManager : Event: ======'machine_var_audits_missing_switches_s_right_pop_bumper'====== Args={'value': 5, 'prev_value': None, 'change': True}
2025-10-31 13:37:03,572 : INFO : EventManager : Event: ======'machine_var_audits_missing_switches_s_right_sling'====== Args={'value': 9, 'prev_value': None, 'change': True}
2025-10-31 13:37:03,572 : INFO : EventManager : Event: ======'machine_var_audits_missing_switches_s_saucer'====== Args={'value': 5, 'prev_value': None, 'change': True}
2025-10-31 13:37:03,572 : INFO : EventManager : Event: ======'machine_var_audits_missing_switches_s_slam_tilt'====== Args={'value': 9, 'prev_value': None, 'change': True}
2025-10-31 13:37:03,573 : INFO : EventManager : Event: ======'machine_var_audits_missing_switches_s_spinner'====== Args={'value': 5, 'prev_value': None, 'change': True}
2025-10-31 13:37:03,573 : INFO : EventManager : Event: ======'machine_var_audits_missing_switches_s_stand_up'====== Args={'value': 43, 'prev_value': None, 'change': True}
2025-10-31 13:37:03,573 : INFO : EventManager : Event: ======'machine_var_audits_missing_switches_s_start_button'====== Args={'value': 8, 'prev_value': None, 'change': True}
2025-10-31 13:37:03,573 : INFO : EventManager : Event: ======'machine_var_audits_missing_switches_s_tilt'====== Args={'value': 41, 'prev_value': None, 'change': True}
2025-10-31 13:37:03,574 : INFO : EventManager : Event: ======'machine_var_audits_player_score'====== Args={'value': {'average': 1435, 'top': [5110, 5070, 4300, 4230, 3980, 3410, 2200, 1300, 1200, 500], 'total': 25}, 'prev_value': None, 'change': True}
2025-10-31 13:37:03,574 : INFO : EventManager : Event: ======'machine_var_audits_shots_my_first_shot'====== Args={'value': 3, 'prev_value': None, 'change': True}
2025-10-31 13:37:03,574 : INFO : EventManager : Event: ======'machine_var_audits_shots_sh_eg_pop_left'====== Args={'value': 8, 'prev_value': None, 'change': True}
2025-10-31 13:37:03,575 : INFO : EventManager : Event: ======'machine_var_audits_shots_sh_eg_pop_middle'====== Args={'value': 8, 'prev_value': None, 'change': True}
2025-10-31 13:37:03,575 : INFO : EventManager : Event: ======'machine_var_audits_shots_sh_eg_pop_right'====== Args={'value': 13, 'prev_value': None, 'change': True}
2025-10-31 13:37:03,575 : INFO : EventManager : Event: ======'machine_var_audits_shots_sh_eg_right_drop_left'====== Args={'value': 4, 'prev_value': None, 'change': True}
2025-10-31 13:37:03,576 : INFO : EventManager : Event: ======'machine_var_audits_shots_sh_eg_right_drop_middle'====== Args={'value': 3, 'prev_value': None, 'change': True}
2025-10-31 13:37:03,576 : INFO : EventManager : Event: ======'machine_var_audits_shots_sh_eg_right_drop_right'====== Args={'value': 3, 'prev_value': None, 'change': True}
2025-10-31 13:37:03,576 : INFO : EventManager : Event: ======'machine_var_audits_shots_sh_eg_spinner'====== Args={'value': 2, 'prev_value': None, 'change': True}
2025-10-31 13:37:03,577 : INFO : EventManager : Event: ======'machine_var_audits_shots_sh_escape_graveyard_start'====== Args={'value': 3, 'prev_value': None, 'change': True}
2025-10-31 13:37:03,577 : INFO : EventManager : Event: ======'machine_var_audits_switches_s_coin_right'====== Args={'value': 1, 'prev_value': None, 'change': True}
2025-10-31 13:37:03,577 : INFO : EventManager : Event: ======'machine_var_audits_switches_s_credit_button'====== Args={'value': 5, 'prev_value': None, 'change': True}
2025-10-31 13:37:03,577 : INFO : EventManager : Event: ======'machine_var_audits_switches_s_inlanes'====== Args={'value': 158, 'prev_value': None, 'change': True}
2025-10-31 13:37:03,579 : INFO : EventManager : Event: ======'machine_var_audits_switches_s_left_bank_target_left'====== Args={'value': 33, 'prev_value': None, 'change': True}
2025-10-31 13:37:03,580 : INFO : EventManager : Event: ======'machine_var_audits_switches_s_left_bank_target_middle'====== Args={'value': 26, 'prev_value': None, 'change': True}
2025-10-31 13:37:03,580 : INFO : EventManager : Event: ======'machine_var_audits_switches_s_left_bank_target_right'====== Args={'value': 26, 'prev_value': None, 'change': True}
2025-10-31 13:37:03,580 : INFO : EventManager : Event: ======'machine_var_audits_switches_s_left_lower_bumper'====== Args={'value': 31, 'prev_value': None, 'change': True}
2025-10-31 13:37:03,580 : INFO : EventManager : Event: ======'machine_var_audits_switches_s_left_outlane_rollover'====== Args={'value': 23, 'prev_value': None, 'change': True}
2025-10-31 13:37:03,580 : INFO : EventManager : Event: ======'machine_var_audits_switches_s_left_pop_bumper'====== Args={'value': 118, 'prev_value': None, 'change': True}
2025-10-31 13:37:03,580 : INFO : EventManager : Event: ======'machine_var_audits_switches_s_left_sling'====== Args={'value': 93, 'prev_value': None, 'change': True}
2025-10-31 13:37:03,582 : INFO : EventManager : Event: ======'machine_var_audits_switches_s_left_upper_bumper'====== Args={'value': 40, 'prev_value': None, 'change': True}
2025-10-31 13:37:03,582 : INFO : EventManager : Event: ======'machine_var_audits_switches_s_middle_pop_bumper'====== Args={'value': 106, 'prev_value': None, 'change': True}
2025-10-31 13:37:03,582 : INFO : EventManager : Event: ======'machine_var_audits_switches_s_middle_skill_lane'====== Args={'value': 36, 'prev_value': None, 'change': True}
2025-10-31 13:37:03,582 : INFO : EventManager : Event: ======'machine_var_audits_switches_s_middle_upper_rollovers'====== Args={'value': 79, 'prev_value': None, 'change': True}
2025-10-31 13:37:03,582 : INFO : EventManager : Event: ======'machine_var_audits_switches_s_outer_skill_lanes'====== Args={'value': 61, 'prev_value': None, 'change': True}
2025-10-31 13:37:03,583 : INFO : EventManager : Event: ======'machine_var_audits_switches_s_pop_bumper_bottom'====== Args={'value': 6, 'prev_value': None, 'change': True}
2025-10-31 13:37:03,583 : INFO : EventManager : Event: ======'machine_var_audits_switches_s_pop_bumper_left'====== Args={'value': 2, 'prev_value': None, 'change': True}
2025-10-31 13:37:03,583 : INFO : EventManager : Event: ======'machine_var_audits_switches_s_pop_bumper_right'====== Args={'value': 1, 'prev_value': None, 'change': True}
2025-10-31 13:37:03,584 : INFO : EventManager : Event: ======'machine_var_audits_switches_s_right_bank_target_left'====== Args={'value': 50, 'prev_value': None, 'change': True}
2025-10-31 13:37:03,584 : INFO : EventManager : Event: ======'machine_var_audits_switches_s_right_bank_target_middle'====== Args={'value': 38, 'prev_value': None, 'change': True}
2025-10-31 13:37:03,584 : INFO : EventManager : Event: ======'machine_var_audits_switches_s_right_bank_target_right'====== Args={'value': 37, 'prev_value': None, 'change': True}
2025-10-31 13:37:03,586 : INFO : EventManager : Event: ======'machine_var_audits_switches_s_right_outlane_rollover'====== Args={'value': 6, 'prev_value': None, 'change': True}
2025-10-31 13:37:03,586 : INFO : EventManager : Event: ======'machine_var_audits_switches_s_right_pop_bumper'====== Args={'value': 163, 'prev_value': None, 'change': True}
2025-10-31 13:37:03,586 : INFO : EventManager : Event: ======'machine_var_audits_switches_s_right_sling'====== Args={'value': 71, 'prev_value': None, 'change': True}
2025-10-31 13:37:03,586 : INFO : EventManager : Event: ======'machine_var_audits_switches_s_saucer'====== Args={'value': 66, 'prev_value': None, 'change': True}
2025-10-31 13:37:03,587 : INFO : EventManager : Event: ======'machine_var_audits_switches_s_slam_tilt'====== Args={'value': 6, 'prev_value': None, 'change': True}
2025-10-31 13:37:03,587 : INFO : EventManager : Event: ======'machine_var_audits_switches_s_spinner'====== Args={'value': 411, 'prev_value': None, 'change': True}
2025-10-31 13:37:03,587 : INFO : EventManager : Event: ======'machine_var_audits_switches_s_stand_up'====== Args={'value': 8, 'prev_value': None, 'change': True}
2025-10-31 13:37:03,588 : INFO : EventManager : Event: ======'machine_var_audits_switches_s_start_button'====== Args={'value': 35, 'prev_value': None, 'change': True}
2025-10-31 13:37:03,589 : INFO : EventManager : Event: ======'machine_var_audits_switches_s_tilt'====== Args={'value': 1, 'prev_value': None, 'change': True}
2025-10-31 13:37:03,589 : INFO : EventManager : Event: ======'machine_var_audits_switches_s_trough'====== Args={'value': 429, 'prev_value': None, 'change': True}
2025-10-31 13:37:03,591 : INFO : EventManager : Event: ======'init_phase_5'====== Args={}
2025-10-31 13:37:03,630 : INFO : EventManager : Event: ======'init_done'====== Args={}
2025-10-31 13:37:03,631 : INFO : EventManager : Event: ======'machine_reset_phase_1'====== Args={}
2025-10-31 13:37:03,649 : INFO : EventManager : Event: ======'machine_reset_phase_2'====== Args={}
2025-10-31 13:37:03,651 : INFO : EventManager : Event: ======'machine_reset_phase_3'====== Args={}
2025-10-31 13:37:03,652 : INFO : EventManager : Event: ======'mode_attract_will_start'====== Args={'queue': <QueuedEvent>}
2025-10-31 13:37:03,656 : INFO : EventManager : Event: ======'mode_attract_starting'====== Args={'queue': <QueuedEvent>}
2025-10-31 13:37:03,658 : INFO : Mode.attract : Started. Priority: 10
2025-10-31 13:37:03,659 : INFO : EventManager : Event: ======'modes_active_modes_changed'====== Args={}
2025-10-31 13:37:03,659 : INFO : EventManager : Event: ======'mode_attract_started'====== Args={'queue': <QueuedEvent>}
2025-10-31 13:37:03,660 : INFO : EventManager : Event: ======'godot_attract_on'====== Args={'priority': 0}
2025-10-31 13:37:03,662 : INFO : EventManager : Event: ======'collecting_balls_complete'====== Args={}
2025-10-31 13:37:03,662 : INFO : EventManager : Event: ======'reset_complete'====== Args={}
2025-10-31 13:37:03,754 : INFO : Machine : Starting the main run loop with active modes: [<Mode.attract>]
2025-10-31 13:37:03,767 : INFO : EventManager : Event: ======'slide_attract_created'====== Args={'_from_bcp': True}
2025-10-31 13:37:03,767 : INFO : EventManager : Event: ======'slide__removed'====== Args={'_from_bcp': True}
2025-10-31 13:37:03,770 : INFO : EventManager : Event: ======'slide_attract_active'====== Args={'original_context': 'attract', 'original_calling_context': 'mode_attract_started', 'priority': 10.0, 'queue': '<QueuedEvent>', 'cmd': 'slides_play', '_from_bcp': True}
2025-10-31 13:37:05,636 : INFO : EventManager : Event: ======'attract_wave_complete'====== Args={'priority': 0}
2025-10-31 13:37:06,026 : INFO : EventManager : Event: ======'attract_pulse_complete'====== Args={'priority': 0}
2025-10-31 13:37:06,438 : INFO : EventManager : Event: ======'attract_pulse_complete'====== Args={'priority': 0}
2025-10-31 13:37:06,668 : INFO : SwitchController : <<<<<<< 's_start_button' active >>>>>>>
2025-10-31 13:37:06,825 : INFO : SwitchController : <<<<<<< 's_start_button' inactive >>>>>>>
2025-10-31 13:37:06,825 : INFO : EventManager : Event: ======'request_to_start_game'====== Args={}
2025-10-31 13:37:06,826 : INFO : BallController : Known balls: 0
2025-10-31 13:37:06,827 : INFO : BallController : bd_trough contains 0 balls. Tags ['trough', 'home', 'drain']
2025-10-31 13:37:06,827 : INFO : BallController : bd_saucer contains 0 balls. Tags ['saucer', 'home', 'eject']
2025-10-31 13:37:06,827 : INFO : BallController : playfield contains 0 balls. Tags ['default']
2025-10-31 13:37:06,827 : WARNING : BallController : BallController denies game start. Not enough balls. 0 found. 1 required
2025-10-31 13:37:06,827 : INFO : BallController : Triggering ball search.
2025-10-31 13:37:08,428 : INFO : EventManager : Event: ======'attract_wave_complete'====== Args={'priority': 0}
2025-10-31 13:37:08,819 : INFO : EventManager : Event: ======'attract_pulse_complete'====== Args={'priority': 0}
2025-10-31 13:37:09,224 : INFO : EventManager : Event: ======'attract_pulse_complete'====== Args={'priority': 0}
2025-10-31 13:37:10,572 : INFO : SwitchController : <<<<<<< 's_trough' active >>>>>>>
2025-10-31 13:37:10,587 : INFO : SwitchController : <<<<<<< 's_trough' inactive >>>>>>>
2025-10-31 13:37:10,602 : INFO : SwitchController : <<<<<<< 's_trough' active >>>>>>>
2025-10-31 13:37:11,103 : INFO : EventManager : Event: ======'balldevice_bd_trough_ball_count_changed'====== Args={'balls': 1}
2025-10-31 13:37:11,103 : INFO : ball_device.bd_trough : Received unexpected ball
2025-10-31 13:37:11,103 : INFO : EventManager : Event: ======'balldevice_captured_from_playfield'====== Args={'balls': 1}
2025-10-31 13:37:11,105 : INFO : EventManager : Event: ======'sw_playfield_active'====== Args={'balls': 1}
2025-10-31 13:37:11,105 : INFO : EventManager : Event: ======'playfield_active'====== Args={'source': None}
2025-10-31 13:37:11,105 : INFO : EventManager : Event: ======'unexpected_ball_on_playfield'====== Args={}
2025-10-31 13:37:11,105 : INFO : EventManager : Event: ======'playfield_ball_count_change'====== Args={'balls': -1, 'change': -1}
2025-10-31 13:37:11,106 : INFO : EventManager : Event: ======'balldevice_playfield_ball_enter'====== Args={'new_balls': 1, 'unclaimed_balls': 1, 'device': <playfield.playfield>}
2025-10-31 13:37:11,106 : INFO : EventManager : Event: ======'playfield_ball_count_change'====== Args={'balls': 0, 'change': 1}
2025-10-31 13:37:11,107 : INFO : BallController : Found a new ball which was captured from playfield. Known balls: 1
2025-10-31 13:37:11,107 : INFO : EventManager : Event: ======'found_new_ball'====== Args={}
2025-10-31 13:37:11,107 : INFO : EventManager : Event: ======'balldevice_bd_trough_ball_enter'====== Args={'new_balls': 1, 'unclaimed_balls': 1, 'new_available_balls': 1, 'device': <ball_device.bd_trough>}
2025-10-31 13:37:11,108 : INFO : EventManager : Event: ======'ball_drain'====== Args={'device': <ball_device.bd_trough>, 'balls': 1}
2025-10-31 13:37:11,109 : INFO : EventManager : Event: ======'balldevice_balls_available'====== Args={}
2025-10-31 13:37:11,109 : INFO : EventManager : Event: ======'balldevice_bd_trough_ball_entered'====== Args={'new_balls': 1, 'device': <ball_device.bd_trough>}
2025-10-31 13:37:11,227 : INFO : EventManager : Event: ======'attract_wave_complete'====== Args={'priority': 0}
2025-10-31 13:37:11,631 : INFO : EventManager : Event: ======'attract_pulse_complete'====== Args={'priority': 0}
2025-10-31 13:37:11,740 : INFO : SwitchController : <<<<<<< 's_start_button' active >>>>>>>
2025-10-31 13:37:11,863 : INFO : SwitchController : <<<<<<< 's_start_button' inactive >>>>>>>
2025-10-31 13:37:11,864 : INFO : EventManager : Event: ======'request_to_start_game'====== Args={}
2025-10-31 13:37:11,865 : INFO : EventManager : Event: ======'game_start'====== Args={'buttons': [], 'hold_time': 0.11000000010244548}
2025-10-31 13:37:11,865 : INFO : EventManager : Event: ======'mode_game_will_start'====== Args={'buttons': [], 'hold_time': 0.11000000010244548}
2025-10-31 13:37:11,866 : INFO : EventManager : Event: ======'mode_game_starting'====== Args={'buttons': [], 'hold_time': 0.11000000010244548}
2025-10-31 13:37:11,867 : INFO : Mode.game : Started. Priority: 20
2025-10-31 13:37:11,867 : INFO : EventManager : Event: ======'modes_active_modes_changed'====== Args={}
2025-10-31 13:37:11,867 : INFO : EventManager : Event: ======'mode_game_started'====== Args={'buttons': [], 'hold_time': 0.11000000010244548}
2025-10-31 13:37:11,912 : INFO : EventManager : Event: ======'game_will_start'====== Args={}
2025-10-31 13:37:11,913 : INFO : EventManager : Event: ======'game_starting'====== Args={'game': <Mode.game>}
2025-10-31 13:37:11,914 : INFO : EventManager : Event: ======'mode_attract_will_stop'====== Args={}
2025-10-31 13:37:11,914 : INFO : EventManager : Event: ======'mode_attract_stopping'====== Args={}
2025-10-31 13:37:11,915 : INFO : EventManager : Event: ======'godot_attract_off'====== Args={'priority': 0}
2025-10-31 13:37:11,916 : INFO : EventManager : Unordered handler for class <Auditor> on event game_ended with priority 1. Handlers: [RegisteredHandler(callback=<bound method Auditor.disable of <Auditor>>, priority=1, kwargs={}, key=UUID('9b4c89ee-0a69-4a25-8be9-e7c393f1bef1'), condition=None, blocking_facility=None), RegisteredHandler(callback=<bound method Auditor._save_audits of <Auditor>>, priority=1, kwargs={}, key=UUID('4589e8fb-2bd6-46d7-8d9a-945d7e06c2d6'), condition=None, blocking_facility=None)]. The order of those handlers is not defined and they will be executed in random order. This might lead to race conditions and potential bugs.
2025-10-31 13:37:11,917 : INFO : EventManager : Event: ======'godot_attract_off'====== Args={'priority': 0}
2025-10-31 13:37:11,919 : INFO : Mode.attract : Stopped.
2025-10-31 13:37:11,919 : INFO : EventManager : Event: ======'modes_active_modes_changed'====== Args={}
2025-10-31 13:37:11,920 : INFO : EventManager : Event: ======'mode_attract_stopped'====== Args={}
2025-10-31 13:37:11,920 : INFO : EventManager : Event: ======'clear'====== Args={'key': 'attract'}
2025-10-31 13:37:11,921 : INFO : EventManager : Event: ======'player_add_request'====== Args={}
2025-10-31 13:37:11,923 : INFO : EventManager : Event: ======'player_will_add'====== Args={'number': 1}
2025-10-31 13:37:11,924 : INFO : EventManager : Event: ======'player_adding'====== Args={'player': <Player 1>, 'number': 1}
2025-10-31 13:37:11,924 : INFO : EventManager : Event: ======'player_added'====== Args={'player': <Player 1>, 'num': 1}
2025-10-31 13:37:11,924 : INFO : Mode.game : Player added successfully. Total players: 1
2025-10-31 13:37:11,925 : INFO : EventManager : Event: ======'player_index'====== Args={'value': 0, 'prev_value': 0, 'change': 0, 'player_num': 1}
2025-10-31 13:37:11,926 : INFO : EventManager : Event: ======'player_number'====== Args={'value': 1, 'prev_value': 1, 'change': 0, 'player_num': 1}
2025-10-31 13:37:11,926 : INFO : EventManager : Event: ======'player_score'====== Args={'value': 0, 'prev_value': 0, 'change': 0, 'player_num': 1}
2025-10-31 13:37:11,929 : INFO : EventManager : Unordered handler for class <Auditor> on event game_ended with priority 1. Handlers: [RegisteredHandler(callback=<bound method Auditor.disable of <Auditor>>, priority=1, kwargs={}, key=UUID('9b4c89ee-0a69-4a25-8be9-e7c393f1bef1'), condition=None, blocking_facility=None), RegisteredHandler(callback=<bound method Auditor._save_audits of <Auditor>>, priority=1, kwargs={}, key=UUID('4589e8fb-2bd6-46d7-8d9a-945d7e06c2d6'), condition=None, blocking_facility=None)]. The order of those handlers is not defined and they will be executed in random order. This might lead to race conditions and potential bugs.
2025-10-31 13:37:11,979 : INFO : EventManager : Event: ======'game_started'====== Args={}
2025-10-31 13:37:11,981 : INFO : EventManager : Event: ======'blink_on'====== Args={'priority': 0}
2025-10-31 13:37:11,984 : INFO : EventManager : Event: ======'player_turn_will_start'====== Args={'player': <Player 1>, 'number': 1}
2025-10-31 13:37:11,996 : INFO : EventManager : Event: ======'player_turn_starting'====== Args={'player': <Player 1>, 'number': 1}
2025-10-31 13:37:11,996 : INFO : EventManager : Event: ======'player_ball'====== Args={'value': 1, 'prev_value': 0, 'change': 1, 'player_num': 1}
2025-10-31 13:37:11,997 : INFO : EventManager : Event: ======'player_turn_started'====== Args={'player': <Player 1>, 'number': 1}
2025-10-31 13:37:12,000 : INFO : EventManager : Event: ======'ball_will_start'====== Args={'player': 1, 'ball': 1, 'balls_remaining': 2, 'is_extra_ball': False}
2025-10-31 13:37:12,011 : INFO : EventManager : Event: ======'ball_starting'====== Args={'player': 1, 'ball': 1, 'balls_remaining': 2, 'is_extra_ball': False}
2025-10-31 13:37:12,031 : INFO : EventManager : Event: ======'mode_base_will_start'====== Args={'queue': <QueuedEvent>, 'player': 1, 'ball': 1, 'balls_remaining': 2, 'is_extra_ball': False}
2025-10-31 13:37:12,033 : INFO : EventManager : Unordered handler for class <Auditor> on event game_ended with priority 1. Handlers: [RegisteredHandler(callback=<bound method Auditor.disable of <Auditor>>, priority=1, kwargs={}, key=UUID('9b4c89ee-0a69-4a25-8be9-e7c393f1bef1'), condition=None, blocking_facility=None), RegisteredHandler(callback=<bound method Auditor._save_audits of <Auditor>>, priority=1, kwargs={}, key=UUID('4589e8fb-2bd6-46d7-8d9a-945d7e06c2d6'), condition=None, blocking_facility=None)]. The order of those handlers is not defined and they will be executed in random order. This might lead to race conditions and potential bugs.
2025-10-31 13:37:12,042 : INFO : EventManager : Event: ======'mode_base_starting'====== Args={'queue': <QueuedEvent>, 'player': 1, 'ball': 1, 'balls_remaining': 2, 'is_extra_ball': False}
2025-10-31 13:37:12,042 : INFO : drop_target_bank.right_bank : All targets are already up. Will not reset bank.
2025-10-31 13:37:12,042 : INFO : drop_target_bank.left_bank : All targets are already up. Will not reset bank.
2025-10-31 13:37:12,043 : INFO : EventManager : Event: ======'balls_in_play'====== Args={'balls': 1}
2025-10-31 13:37:12,043 : INFO : EventManager : Event: ======'ball_started'====== Args={'player': 1, 'ball': 1, 'balls_remaining': 2, 'is_extra_ball': False}
2025-10-31 13:37:12,044 : INFO : EventManager : Event: ======'logicblock_eg_pop_counter_updated'====== Args={'value': 0, 'enabled': True}
2025-10-31 13:37:12,045 : INFO : EventManager : Event: ======'logicblock_eg_pop_counter_updated'====== Args={'value': 0, 'enabled': True}
2025-10-31 13:37:12,045 : INFO : Mode.base : Started. Priority: 50
2025-10-31 13:37:12,045 : INFO : EventManager : Event: ======'modes_active_modes_changed'====== Args={}
2025-10-31 13:37:12,045 : INFO : EventManager : Event: ======'mode_base_started'====== Args={'queue': <QueuedEvent>, 'player': 1, 'ball': 1, 'balls_remaining': 2, 'is_extra_ball': False}
2025-10-31 13:37:12,045 : INFO : EventManager : Event: ======'logicblock_eg_pop_counter_updated'====== Args={'value': 0, 'enabled': True}
2025-10-31 13:37:12,047 : INFO : EventManager : Event: ======'start_firstball_intro'====== Args={'priority': 0}
2025-10-31 13:37:12,051 : INFO : EventManager : Unordered handler for class <Auditor> on event game_ended with priority 1. Handlers: [RegisteredHandler(callback=<bound method Auditor.disable of <Auditor>>, priority=1, kwargs={}, key=UUID('9b4c89ee-0a69-4a25-8be9-e7c393f1bef1'), condition=None, blocking_facility=None), RegisteredHandler(callback=<bound method Auditor._save_audits of <Auditor>>, priority=1, kwargs={}, key=UUID('4589e8fb-2bd6-46d7-8d9a-945d7e06c2d6'), condition=None, blocking_facility=None)]. The order of those handlers is not defined and they will be executed in random order. This might lead to race conditions and potential bugs.
2025-10-31 13:37:12,052 : INFO : EventManager : Event: ======'stop_mode_attract'====== Args={'priority': 0}
2025-10-31 13:37:12,052 : INFO : EventManager : Event: ======'godot_attract_off'====== Args={'priority': 0}
2025-10-31 13:37:12,055 : INFO : EventManager : Event: ======'single_player_ball_started'====== Args={}
2025-10-31 13:37:12,101 : INFO : EventManager : Event: ======'ball_start_target'====== Args={'target': 'playfield'}
2025-10-31 13:37:12,102 : INFO : ball_device.bd_trough : Setting up player-controlled eject. Balls: 1, Target: <playfield.playfield>, player_controlled_eject_event: None
2025-10-31 13:37:12,102 : INFO : ball_device.bd_trough : Adding 1 ball(s) to the eject_queue with target <playfield.playfield>.
2025-10-31 13:37:12,102 : INFO : EventManager : Event: ======'balldevice_balls_available'====== Args={}
2025-10-31 13:37:12,105 : INFO : ball_device.bd_trough : State: waiting_for_target_ready
2025-10-31 13:37:12,105 : INFO : EventManager : Event: ======'balldevice_bd_trough_ball_eject_attempt'====== Args={'balls': 1, 'target': <playfield.playfield>, 'source': <ball_device.bd_trough>, 'mechanical_eject': False, 'num_attempts': 0}
2025-10-31 13:37:12,106 : INFO : ball_device.bd_trough : State: ejecting
2025-10-31 13:37:12,106 : INFO : ball_device.bd_trough : Ejecting ball to <playfield.playfield>
2025-10-31 13:37:12,107 : INFO : EventManager : Event: ======'balldevice_bd_trough_ejecting_ball'====== Args={'balls': 1, 'target': <playfield.playfield>, 'source': <ball_device.bd_trough>, 'mechanical_eject': False, 'num_attempts': 0}
2025-10-31 13:37:12,110 : INFO : ball_device.bd_trough : Wait for ball to leave device
2025-10-31 13:37:12,111 : INFO : coil.c_trough_eject : Pulsing Driver for 40ms (1.0 pulse_power)
2025-10-31 13:37:12,159 : INFO : SwitchController : <<<<<<< 's_trough' inactive >>>>>>>
2025-10-31 13:37:12,178 : INFO : ball_device.bd_trough : State: ball_left
2025-10-31 13:37:12,178 : INFO : ball_device.bd_trough : Ball left
2025-10-31 13:37:12,179 : INFO : ball_device.bd_trough : Wait for confirm with timeout 10.0
2025-10-31 13:37:12,581 : INFO : EventManager : Event: ======'blink_off'====== Args={'priority': 0}
2025-10-31 13:37:13,168 : INFO : EventManager : Event: ======'blink_on'====== Args={'priority': 0}
2025-10-31 13:37:13,774 : INFO : EventManager : Event: ======'blink_off'====== Args={'priority': 0}
2025-10-31 13:37:13,776 : INFO : EventManager : Unordered handler for class <Auditor> on event game_ended with priority 1. Handlers: [RegisteredHandler(callback=<bound method Auditor.disable of <Auditor>>, priority=1, kwargs={}, key=UUID('9b4c89ee-0a69-4a25-8be9-e7c393f1bef1'), condition=None, blocking_facility=None), RegisteredHandler(callback=<bound method Auditor._save_audits of <Auditor>>, priority=1, kwargs={}, key=UUID('4589e8fb-2bd6-46d7-8d9a-945d7e06c2d6'), condition=None, blocking_facility=None)]. The order of those handlers is not defined and they will be executed in random order. This might lead to race conditions and potential bugs.
2025-10-31 13:37:14,378 : INFO : EventManager : Event: ======'blink_on'====== Args={'priority': 0}
2025-10-31 13:37:14,982 : INFO : EventManager : Event: ======'blink_off'====== Args={'priority': 0}
2025-10-31 13:37:14,983 : INFO : EventManager : Unordered handler for class <Auditor> on event game_ended with priority 1. Handlers: [RegisteredHandler(callback=<bound method Auditor.disable of <Auditor>>, priority=1, kwargs={}, key=UUID('9b4c89ee-0a69-4a25-8be9-e7c393f1bef1'), condition=None, blocking_facility=None), RegisteredHandler(callback=<bound method Auditor._save_audits of <Auditor>>, priority=1, kwargs={}, key=UUID('4589e8fb-2bd6-46d7-8d9a-945d7e06c2d6'), condition=None, blocking_facility=None)]. The order of those handlers is not defined and they will be executed in random order. This might lead to race conditions and potential bugs.
2025-10-31 13:37:15,216 : INFO : SwitchController : <<<<<<< 's_outer_skill_lanes' active >>>>>>>
2025-10-31 13:37:15,216 : INFO : EventManager : Event: ======'s_outer_skill_lanes_active'====== Args={}
2025-10-31 13:37:15,216 : INFO : EventManager : Event: ======'machine_var_audits_switches_s_outer_skill_lanes'====== Args={'value': 62, 'prev_value': 61, 'change': 1}
2025-10-31 13:37:15,219 : INFO : EventManager : Event: ======'player_score'====== Args={'value': 500, 'prev_value': 0, 'change': 500, 'player_num': 1, 'source': 'base'}
2025-10-31 13:37:15,221 : INFO : EventManager : Unordered handler for class <Auditor> on event game_ended with priority 1. Handlers: [RegisteredHandler(callback=<bound method Auditor.disable of <Auditor>>, priority=1, kwargs={}, key=UUID('9b4c89ee-0a69-4a25-8be9-e7c393f1bef1'), condition=None, blocking_facility=None), RegisteredHandler(callback=<bound method Auditor._save_audits of <Auditor>>, priority=1, kwargs={}, key=UUID('4589e8fb-2bd6-46d7-8d9a-945d7e06c2d6'), condition=None, blocking_facility=None)]. The order of those handlers is not defined and they will be executed in random order. This might lead to race conditions and potential bugs.
2025-10-31 13:37:15,249 : INFO : EventManager : Unordered handler for class <Auditor> on event game_ended with priority 1. Handlers: [RegisteredHandler(callback=<bound method Auditor.disable of <Auditor>>, priority=1, kwargs={}, key=UUID('9b4c89ee-0a69-4a25-8be9-e7c393f1bef1'), condition=None, blocking_facility=None), RegisteredHandler(callback=<bound method Auditor._save_audits of <Auditor>>, priority=1, kwargs={}, key=UUID('4589e8fb-2bd6-46d7-8d9a-945d7e06c2d6'), condition=None, blocking_facility=None)]. The order of those handlers is not defined and they will be executed in random order. This might lead to race conditions and potential bugs.
2025-10-31 13:37:15,251 : INFO : EventManager : Unordered handler for class <Auditor> on event game_ended with priority 1. Handlers: [RegisteredHandler(callback=<bound method Auditor.disable of <Auditor>>, priority=1, kwargs={}, key=UUID('9b4c89ee-0a69-4a25-8be9-e7c393f1bef1'), condition=None, blocking_facility=None), RegisteredHandler(callback=<bound method Auditor._save_audits of <Auditor>>, priority=1, kwargs={}, key=UUID('4589e8fb-2bd6-46d7-8d9a-945d7e06c2d6'), condition=None, blocking_facility=None)]. The order of those handlers is not defined and they will be executed in random order. This might lead to race conditions and potential bugs.
2025-10-31 13:37:15,253 : INFO : EventManager : Unordered handler for class <Auditor> on event game_ended with priority 1. Handlers: [RegisteredHandler(callback=<bound method Auditor.disable of <Auditor>>, priority=1, kwargs={}, key=UUID('9b4c89ee-0a69-4a25-8be9-e7c393f1bef1'), condition=None, blocking_facility=None), RegisteredHandler(callback=<bound method Auditor._save_audits of <Auditor>>, priority=1, kwargs={}, key=UUID('4589e8fb-2bd6-46d7-8d9a-945d7e06c2d6'), condition=None, blocking_facility=None)]. The order of those handlers is not defined and they will be executed in random order. This might lead to race conditions and potential bugs.
2025-10-31 13:37:15,256 : INFO : EventManager : Unordered handler for class <Auditor> on event game_ended with priority 1. Handlers: [RegisteredHandler(callback=<bound method Auditor.disable of <Auditor>>, priority=1, kwargs={}, key=UUID('9b4c89ee-0a69-4a25-8be9-e7c393f1bef1'), condition=None, blocking_facility=None), RegisteredHandler(callback=<bound method Auditor._save_audits of <Auditor>>, priority=1, kwargs={}, key=UUID('4589e8fb-2bd6-46d7-8d9a-945d7e06c2d6'), condition=None, blocking_facility=None)]. The order of those handlers is not defined and they will be executed in random order. This might lead to race conditions and potential bugs.
2025-10-31 13:37:15,577 : INFO : EventManager : Event: ======'blink_on'====== Args={'priority': 0}
2025-10-31 13:37:15,593 : INFO : SwitchController : <<<<<<< 's_outer_skill_lanes' inactive >>>>>>>
2025-10-31 13:37:16,167 : INFO : EventManager : Event: ======'blink_off'====== Args={'priority': 0}
2025-10-31 13:37:16,169 : INFO : EventManager : Unordered handler for class <Auditor> on event game_ended with priority 1. Handlers: [RegisteredHandler(callback=<bound method Auditor.disable of <Auditor>>, priority=1, kwargs={}, key=UUID('9b4c89ee-0a69-4a25-8be9-e7c393f1bef1'), condition=None, blocking_facility=None), RegisteredHandler(callback=<bound method Auditor._save_audits of <Auditor>>, priority=1, kwargs={}, key=UUID('4589e8fb-2bd6-46d7-8d9a-945d7e06c2d6'), condition=None, blocking_facility=None)]. The order of those handlers is not defined and they will be executed in random order. This might lead to race conditions and potential bugs.
2025-10-31 13:37:16,773 : INFO : EventManager : Event: ======'blink_on'====== Args={'priority': 0}
2025-10-31 13:37:17,366 : INFO : EventManager : Event: ======'blink_off'====== Args={'priority': 0}
2025-10-31 13:37:17,367 : INFO : EventManager : Unordered handler for class <Auditor> on event game_ended with priority 1. Handlers: [RegisteredHandler(callback=<bound method Auditor.disable of <Auditor>>, priority=1, kwargs={}, key=UUID('9b4c89ee-0a69-4a25-8be9-e7c393f1bef1'), condition=None, blocking_facility=None), RegisteredHandler(callback=<bound method Auditor._save_audits of <Auditor>>, priority=1, kwargs={}, key=UUID('4589e8fb-2bd6-46d7-8d9a-945d7e06c2d6'), condition=None, blocking_facility=None)]. The order of those handlers is not defined and they will be executed in random order. This might lead to race conditions and potential bugs.
2025-10-31 13:37:17,977 : INFO : EventManager : Event: ======'blink_on'====== Args={'priority': 0}
2025-10-31 13:37:18,569 : INFO : EventManager : Event: ======'blink_off'====== Args={'priority': 0}
2025-10-31 13:37:18,570 : INFO : EventManager : Unordered handler for class <Auditor> on event game_ended with priority 1. Handlers: [RegisteredHandler(callback=<bound method Auditor.disable of <Auditor>>, priority=1, kwargs={}, key=UUID('9b4c89ee-0a69-4a25-8be9-e7c393f1bef1'), condition=None, blocking_facility=None), RegisteredHandler(callback=<bound method Auditor._save_audits of <Auditor>>, priority=1, kwargs={}, key=UUID('4589e8fb-2bd6-46d7-8d9a-945d7e06c2d6'), condition=None, blocking_facility=None)]. The order of those handlers is not defined and they will be executed in random order. This might lead to race conditions and potential bugs.
2025-10-31 13:37:19,174 : INFO : EventManager : Event: ======'blink_on'====== Args={'priority': 0}
2025-10-31 13:37:19,772 : INFO : EventManager : Event: ======'blink_off'====== Args={'priority': 0}
2025-10-31 13:37:19,774 : INFO : EventManager : Unordered handler for class <Auditor> on event game_ended with priority 1. Handlers: [RegisteredHandler(callback=<bound method Auditor.disable of <Auditor>>, priority=1, kwargs={}, key=UUID('9b4c89ee-0a69-4a25-8be9-e7c393f1bef1'), condition=None, blocking_facility=None), RegisteredHandler(callback=<bound method Auditor._save_audits of <Auditor>>, priority=1, kwargs={}, key=UUID('4589e8fb-2bd6-46d7-8d9a-945d7e06c2d6'), condition=None, blocking_facility=None)]. The order of those handlers is not defined and they will be executed in random order. This might lead to race conditions and potential bugs.
2025-10-31 13:37:20,255 : INFO : SwitchController : <<<<<<< 's_middle_skill_lane' active >>>>>>>
2025-10-31 13:37:20,256 : INFO : EventManager : Event: ======'s_middle_skill_lane_active'====== Args={}
2025-10-31 13:37:20,256 : INFO : EventManager : Event: ======'machine_var_audits_switches_s_middle_skill_lane'====== Args={'value': 37, 'prev_value': 36, 'change': 1}
2025-10-31 13:37:20,258 : INFO : EventManager : Event: ======'player_score'====== Args={'value': 1000, 'prev_value': 500, 'change': 500, 'player_num': 1, 'source': 'base'}
2025-10-31 13:37:20,261 : INFO : EventManager : Unordered handler for class <Auditor> on event game_ended with priority 1. Handlers: [RegisteredHandler(callback=<bound method Auditor.disable of <Auditor>>, priority=1, kwargs={}, key=UUID('9b4c89ee-0a69-4a25-8be9-e7c393f1bef1'), condition=None, blocking_facility=None), RegisteredHandler(callback=<bound method Auditor._save_audits of <Auditor>>, priority=1, kwargs={}, key=UUID('4589e8fb-2bd6-46d7-8d9a-945d7e06c2d6'), condition=None, blocking_facility=None)]. The order of those handlers is not defined and they will be executed in random order. This might lead to race conditions and potential bugs.
2025-10-31 13:37:20,291 : INFO : EventManager : Unordered handler for class <Auditor> on event game_ended with priority 1. Handlers: [RegisteredHandler(callback=<bound method Auditor.disable of <Auditor>>, priority=1, kwargs={}, key=UUID('9b4c89ee-0a69-4a25-8be9-e7c393f1bef1'), condition=None, blocking_facility=None), RegisteredHandler(callback=<bound method Auditor._save_audits of <Auditor>>, priority=1, kwargs={}, key=UUID('4589e8fb-2bd6-46d7-8d9a-945d7e06c2d6'), condition=None, blocking_facility=None)]. The order of those handlers is not defined and they will be executed in random order. This might lead to race conditions and potential bugs.
2025-10-31 13:37:20,293 : INFO : EventManager : Unordered handler for class <Auditor> on event game_ended with priority 1. Handlers: [RegisteredHandler(callback=<bound method Auditor.disable of <Auditor>>, priority=1, kwargs={}, key=UUID('9b4c89ee-0a69-4a25-8be9-e7c393f1bef1'), condition=None, blocking_facility=None), RegisteredHandler(callback=<bound method Auditor._save_audits of <Auditor>>, priority=1, kwargs={}, key=UUID('4589e8fb-2bd6-46d7-8d9a-945d7e06c2d6'), condition=None, blocking_facility=None)]. The order of those handlers is not defined and they will be executed in random order. This might lead to race conditions and potential bugs.
2025-10-31 13:37:20,294 : INFO : EventManager : Unordered handler for class <Auditor> on event game_ended with priority 1. Handlers: [RegisteredHandler(callback=<bound method Auditor.disable of <Auditor>>, priority=1, kwargs={}, key=UUID('9b4c89ee-0a69-4a25-8be9-e7c393f1bef1'), condition=None, blocking_facility=None), RegisteredHandler(callback=<bound method Auditor._save_audits of <Auditor>>, priority=1, kwargs={}, key=UUID('4589e8fb-2bd6-46d7-8d9a-945d7e06c2d6'), condition=None, blocking_facility=None)]. The order of those handlers is not defined and they will be executed in random order. This might lead to race conditions and potential bugs.
2025-10-31 13:37:20,296 : INFO : EventManager : Unordered handler for class <Auditor> on event game_ended with priority 1. Handlers: [RegisteredHandler(callback=<bound method Auditor.disable of <Auditor>>, priority=1, kwargs={}, key=UUID('9b4c89ee-0a69-4a25-8be9-e7c393f1bef1'), condition=None, blocking_facility=None), RegisteredHandler(callback=<bound method Auditor._save_audits of <Auditor>>, priority=1, kwargs={}, key=UUID('4589e8fb-2bd6-46d7-8d9a-945d7e06c2d6'), condition=None, blocking_facility=None)]. The order of those handlers is not defined and they will be executed in random order. This might lead to race conditions and potential bugs.
2025-10-31 13:37:20,297 : INFO : EventManager : Unordered handler for class <Auditor> on event game_ended with priority 1. Handlers: [RegisteredHandler(callback=<bound method Auditor.disable of <Auditor>>, priority=1, kwargs={}, key=UUID('9b4c89ee-0a69-4a25-8be9-e7c393f1bef1'), condition=None, blocking_facility=None), RegisteredHandler(callback=<bound method Auditor._save_audits of <Auditor>>, priority=1, kwargs={}, key=UUID('4589e8fb-2bd6-46d7-8d9a-945d7e06c2d6'), condition=None, blocking_facility=None)]. The order of those handlers is not defined and they will be executed in random order. This might lead to race conditions and potential bugs.
2025-10-31 13:37:20,299 : INFO : EventManager : Unordered handler for class <Auditor> on event game_ended with priority 1. Handlers: [RegisteredHandler(callback=<bound method Auditor.disable of <Auditor>>, priority=1, kwargs={}, key=UUID('9b4c89ee-0a69-4a25-8be9-e7c393f1bef1'), condition=None, blocking_facility=None), RegisteredHandler(callback=<bound method Auditor._save_audits of <Auditor>>, priority=1, kwargs={}, key=UUID('4589e8fb-2bd6-46d7-8d9a-945d7e06c2d6'), condition=None, blocking_facility=None)]. The order of those handlers is not defined and they will be executed in random order. This might lead to race conditions and potential bugs.
2025-10-31 13:37:20,380 : INFO : EventManager : Event: ======'blink_on'====== Args={'priority': 0}
2025-10-31 13:37:20,861 : INFO : SwitchController : <<<<<<< 's_middle_skill_lane' inactive >>>>>>>
2025-10-31 13:37:20,984 : INFO : EventManager : Event: ======'blink_off'====== Args={'priority': 0}
2025-10-31 13:37:20,986 : INFO : EventManager : Unordered handler for class <Auditor> on event game_ended with priority 1. Handlers: [RegisteredHandler(callback=<bound method Auditor.disable of <Auditor>>, priority=1, kwargs={}, key=UUID('9b4c89ee-0a69-4a25-8be9-e7c393f1bef1'), condition=None, blocking_facility=None), RegisteredHandler(callback=<bound method Auditor._save_audits of <Auditor>>, priority=1, kwargs={}, key=UUID('4589e8fb-2bd6-46d7-8d9a-945d7e06c2d6'), condition=None, blocking_facility=None)]. The order of those handlers is not defined and they will be executed in random order. This might lead to race conditions and potential bugs.
2025-10-31 13:37:21,580 : INFO : EventManager : Event: ======'blink_on'====== Args={'priority': 0}
2025-10-31 13:37:21,688 : INFO : SwitchController : <<<<<<< 's_outer_skill_lanes' active >>>>>>>
2025-10-31 13:37:21,688 : INFO : EventManager : Event: ======'s_outer_skill_lanes_active'====== Args={}
2025-10-31 13:37:21,689 : INFO : EventManager : Event: ======'machine_var_audits_switches_s_outer_skill_lanes'====== Args={'value': 63, 'prev_value': 62, 'change': 1}
2025-10-31 13:37:21,691 : INFO : EventManager : Event: ======'player_score'====== Args={'value': 1500, 'prev_value': 1000, 'change': 500, 'player_num': 1, 'source': 'base'}
2025-10-31 13:37:22,170 : INFO : EventManager : Event: ======'blink_off'====== Args={'priority': 0}
2025-10-31 13:37:22,172 : INFO : EventManager : Unordered handler for class <Auditor> on event game_ended with priority 1. Handlers: [RegisteredHandler(callback=<bound method Auditor.disable of <Auditor>>, priority=1, kwargs={}, key=UUID('9b4c89ee-0a69-4a25-8be9-e7c393f1bef1'), condition=None, blocking_facility=None), RegisteredHandler(callback=<bound method Auditor._save_audits of <Auditor>>, priority=1, kwargs={}, key=UUID('4589e8fb-2bd6-46d7-8d9a-945d7e06c2d6'), condition=None, blocking_facility=None)]. The order of those handlers is not defined and they will be executed in random order. This might lead to race conditions and potential bugs.
2025-10-31 13:37:22,186 : INFO : ball_device.bd_trough : State: failed_confirm
2025-10-31 13:37:22,186 : INFO : ball_device.bd_trough : Got timeout (10.0s) before confirm from <playfield.playfield>
2025-10-31 13:37:22,280 : INFO : ball_device.bd_trough : Confirming eject because target is playfield and ball did not return.
2025-10-31 13:37:22,280 : INFO : ball_device.bd_trough : Eject successful
2025-10-31 13:37:22,280 : INFO : EventManager : Event: ======'balldevice_bd_trough_ball_eject_success'====== Args={'balls': 1, 'target': <playfield.playfield>}
2025-10-31 13:37:22,281 : INFO : EventManager : Event: ======'balldevice_playfield_ball_enter'====== Args={'new_balls': 1, 'unclaimed_balls': 1, 'device': <playfield.playfield>}
2025-10-31 13:37:22,281 : INFO : EventManager : Event: ======'playfield_ball_count_change'====== Args={'balls': 1, 'change': 1}
2025-10-31 13:37:22,282 : INFO : EventManager : Event: ======'balldevice_bd_trough_ball_count_changed'====== Args={'balls': 0}
2025-10-31 13:37:22,282 : INFO : ball_device.bd_trough : State: idle
2025-10-31 13:37:22,545 : INFO : SwitchController : <<<<<<< 's_outer_skill_lanes' inactive >>>>>>>
2025-10-31 13:37:22,779 : INFO : EventManager : Event: ======'blink_on'====== Args={'priority': 0}
2025-10-31 13:37:23,369 : INFO : EventManager : Event: ======'blink_off'====== Args={'priority': 0}
2025-10-31 13:37:23,370 : INFO : EventManager : Unordered handler for class <Auditor> on event game_ended with priority 1. Handlers: [RegisteredHandler(callback=<bound method Auditor.disable of <Auditor>>, priority=1, kwargs={}, key=UUID('9b4c89ee-0a69-4a25-8be9-e7c393f1bef1'), condition=None, blocking_facility=None), RegisteredHandler(callback=<bound method Auditor._save_audits of <Auditor>>, priority=1, kwargs={}, key=UUID('4589e8fb-2bd6-46d7-8d9a-945d7e06c2d6'), condition=None, blocking_facility=None)]. The order of those handlers is not defined and they will be executed in random order. This might lead to race conditions and potential bugs.
2025-10-31 13:37:23,974 : INFO : EventManager : Event: ======'blink_on'====== Args={'priority': 0}
2025-10-31 13:37:24,583 : INFO : EventManager : Event: ======'blink_off'====== Args={'priority': 0}
2025-10-31 13:37:24,584 : INFO : EventManager : Unordered handler for class <Auditor> on event game_ended with priority 1. Handlers: [RegisteredHandler(callback=<bound method Auditor.disable of <Auditor>>, priority=1, kwargs={}, key=UUID('9b4c89ee-0a69-4a25-8be9-e7c393f1bef1'), condition=None, blocking_facility=None), RegisteredHandler(callback=<bound method Auditor._save_audits of <Auditor>>, priority=1, kwargs={}, key=UUID('4589e8fb-2bd6-46d7-8d9a-945d7e06c2d6'), condition=None, blocking_facility=None)]. The order of those handlers is not defined and they will be executed in random order. This might lead to race conditions and potential bugs.
2025-10-31 13:37:25,172 : INFO : EventManager : Event: ======'blink_on'====== Args={'priority': 0}
2025-10-31 13:37:25,774 : INFO : EventManager : Event: ======'blink_off'====== Args={'priority': 0}
2025-10-31 13:37:25,775 : INFO : EventManager : Unordered handler for class <Auditor> on event game_ended with priority 1. Handlers: [RegisteredHandler(callback=<bound method Auditor.disable of <Auditor>>, priority=1, kwargs={}, key=UUID('9b4c89ee-0a69-4a25-8be9-e7c393f1bef1'), condition=None, blocking_facility=None), RegisteredHandler(callback=<bound method Auditor._save_audits of <Auditor>>, priority=1, kwargs={}, key=UUID('4589e8fb-2bd6-46d7-8d9a-945d7e06c2d6'), condition=None, blocking_facility=None)]. The order of those handlers is not defined and they will be executed in random order. This might lead to race conditions and potential bugs.
2025-10-31 13:37:26,365 : INFO : EventManager : Event: ======'blink_on'====== Args={'priority': 0}
2025-10-31 13:37:26,988 : INFO : EventManager : Event: ======'blink_off'====== Args={'priority': 0}
2025-10-31 13:37:26,990 : INFO : EventManager : Unordered handler for class <Auditor> on event game_ended with priority 1. Handlers: [RegisteredHandler(callback=<bound method Auditor.disable of <Auditor>>, priority=1, kwargs={}, key=UUID('9b4c89ee-0a69-4a25-8be9-e7c393f1bef1'), condition=None, blocking_facility=None), RegisteredHandler(callback=<bound method Auditor._save_audits of <Auditor>>, priority=1, kwargs={}, key=UUID('4589e8fb-2bd6-46d7-8d9a-945d7e06c2d6'), condition=None, blocking_facility=None)]. The order of those handlers is not defined and they will be executed in random order. This might lead to race conditions and potential bugs.
2025-10-31 13:37:27,583 : INFO : EventManager : Event: ======'blink_on'====== Args={'priority': 0}
2025-10-31 13:37:28,175 : INFO : EventManager : Event: ======'blink_off'====== Args={'priority': 0}
2025-10-31 13:37:28,176 : INFO : EventManager : Unordered handler for class <Auditor> on event game_ended with priority 1. Handlers: [RegisteredHandler(callback=<bound method Auditor.disable of <Auditor>>, priority=1, kwargs={}, key=UUID('9b4c89ee-0a69-4a25-8be9-e7c393f1bef1'), condition=None, blocking_facility=None), RegisteredHandler(callback=<bound method Auditor._save_audits of <Auditor>>, priority=1, kwargs={}, key=UUID('4589e8fb-2bd6-46d7-8d9a-945d7e06c2d6'), condition=None, blocking_facility=None)]. The order of those handlers is not defined and they will be executed in random order. This might lead to race conditions and potential bugs.
2025-10-31 13:37:28,267 : INFO : Machine : Shutting down...
2025-10-31 13:37:28,269 : INFO : EventManager : Event: ======'shutdown'====== Args={}
2025-10-31 13:37:28,273 : INFO : EventManager : Event: ======'mode_game_will_stop'====== Args={}
2025-10-31 13:37:28,273 : INFO : EventManager : Event: ======'mode_game_stopping'====== Args={}
2025-10-31 13:37:28,277 : INFO : EventManager : Event: ======'mode_base_will_stop'====== Args={}
2025-10-31 13:37:28,277 : INFO : EventManager : Event: ======'mode_base_stopping'====== Args={}
2025-10-31 13:37:28,279 : INFO : Mode.base : Stopped.
2025-10-31 13:37:28,280 : INFO : EventManager : Event: ======'modes_active_modes_changed'====== Args={}
2025-10-31 13:37:28,280 : INFO : EventManager : Event: ======'mode_base_stopped'====== Args={}
2025-10-31 13:37:28,280 : INFO : EventManager : Event: ======'clear'====== Args={'key': 'base'}
2025-10-31 13:37:28,281 : INFO : Mode.game : Stopped.
2025-10-31 13:37:28,282 : INFO : EventManager : Event: ======'modes_active_modes_changed'====== Args={}
2025-10-31 13:37:28,282 : INFO : EventManager : Event: ======'mode_game_stopped'====== Args={}
2025-10-31 13:37:28,282 : INFO : EventManager : Event: ======'clear'====== Args={'key': 'game'}
2025-10-31 13:37:28,393 : INFO : root : MPF run loop ended.
