2025-11-08 10:25:24,682 : INFO : root : Loading config.
2025-11-08 10:25:24,688 : INFO : YamlMultifileConfigLoader : Machine config file #1: config.yaml
2025-11-08 10:25:24,689 : INFO : ConfigProcessor : Loading config from cache: C:\Users\antho\AppData\Local\Temp\fdca14d0c9d658ab8200d57120800af5.mpf_cache
2025-11-08 10:25:24,816 : INFO : ConfigProcessor : Loading config from cache: C:\Users\antho\AppData\Local\Temp\5dec96b1547c4adf5bdd3d1715e74bc0.mpf_cache
2025-11-08 10:25:24,816 : INFO : ConfigProcessor : Loading config from cache: C:\Users\antho\AppData\Local\Temp\202a5840610e95051f9f473dfa660cc0.mpf_cache
2025-11-08 10:25:24,817 : INFO : ConfigProcessor : Loading config from cache: C:\Users\antho\AppData\Local\Temp\5dec96b1547c4adf5bdd3d1715e74bc0.mpf_cache
2025-11-08 10:25:24,818 : WARNING : ConfigProcessor : Config file in cache changed: C:\Users\antho\nightpin\modes\base\config\base.yaml
2025-11-08 10:25:24,818 : INFO : ConfigProcessor : Loading config from file C:\Users\antho\nightpin\modes\base\config\base.yaml.
2025-11-08 10:25:24,836 : INFO : ConfigProcessor : Loading config: C:\Users\antho\nightpin\modes\base\config\base.yaml
2025-11-08 10:25:24,837 : ERROR : ConfigProcessor : Config section 'slides' is removed in MPF 0.80 and will be ignored.
2025-11-08 10:25:24,838 : INFO : ConfigProcessor : Config file cache created: C:\Users\antho\AppData\Local\Temp\2cd13a2d3f375e00ab01d6d09a85d8e7.mpf_cache
2025-11-08 10:25:24,838 : INFO : ConfigProcessor : Loading config from cache: C:\Users\antho\AppData\Local\Temp\9220b44b97b91972524500b81035d790.mpf_cache
2025-11-08 10:25:24,839 : INFO : ConfigProcessor : Loading config from cache: C:\Users\antho\AppData\Local\Temp\31ee881584fa6fce665a672a4f3f633a.mpf_cache
2025-11-08 10:25:24,840 : INFO : ConfigProcessor : Loading config from cache: C:\Users\antho\AppData\Local\Temp\5e841763ec73085bbf92358fe6afda21.mpf_cache
2025-11-08 10:25:24,840 : INFO : ConfigProcessor : Loading config from cache: C:\Users\antho\AppData\Local\Temp\7f73d12aa9beccac1cbd8c265ccda72e.mpf_cache
2025-11-08 10:25:24,840 : INFO : ConfigProcessor : Loading config from cache: C:\Users\antho\AppData\Local\Temp\a03ebaa9d6d5676c418deb142cb34911.mpf_cache
2025-11-08 10:25:24,841 : INFO : ConfigProcessor : Loading config from cache: C:\Users\antho\AppData\Local\Temp\b17152efa55a24f0424602723f8d3921.mpf_cache
2025-11-08 10:25:24,841 : INFO : ConfigProcessor : Loading config from cache: C:\Users\antho\AppData\Local\Temp\e87fc0e7d2f8a851b5fa3f604e0d0c6e.mpf_cache
2025-11-08 10:25:24,842 : INFO : ConfigProcessor : Loading config from cache: C:\Users\antho\AppData\Local\Temp\196ac76b6cab3a9880804c826cfbcb5c.mpf_cache
2025-11-08 10:25:24,842 : INFO : ConfigProcessor : Loading config from cache: C:\Users\antho\AppData\Local\Temp\55437eb303afaa980597ff60f339a871.mpf_cache
2025-11-08 10:25:24,843 : INFO : ConfigProcessor : Loading config from cache: C:\Users\antho\AppData\Local\Temp\fddc1006228d3387e6d1e46051a3638d.mpf_cache
2025-11-08 10:25:24,843 : INFO : ConfigProcessor : Loading config from cache: C:\Users\antho\AppData\Local\Temp\834292dd7853e12a66732dc89828c828.mpf_cache
2025-11-08 10:25:24,844 : INFO : ConfigProcessor : Loading config from cache: C:\Users\antho\AppData\Local\Temp\46f8fa3e41dfeeb8232af2f03a13b6c4.mpf_cache
2025-11-08 10:25:24,844 : INFO : ConfigProcessor : Loading config from cache: C:\Users\antho\AppData\Local\Temp\c67e9c175da6c060302945929b27b878.mpf_cache
2025-11-08 10:25:24,844 : INFO : Machine : Mission Pinball Framework Core Engine v0.80.0.dev11
2025-11-08 10:25:24,844 : INFO : Machine : Command line arguments: {'no_load_cache': False, 'create_config_cache': True, 'bcp': True, 'configfile': ['config.yaml'], 'force_assets_load': False, 'platform_integration_test': False, 'jsonlogging': False, 'logfile': 'logs\\2025-11-08-10-25-24-mpf-LAPTOP-MPGP6R69.log', 'pause': False, 'production': False, 'text_ui': True, 'loglevel': 15, 'consoleloglevel': 20, 'force_platform': None, 'syslog_address': None, 'full_logfile_path': 'C:\\Users\\antho\\nightpin\\logs\\2025-11-08-10-25-24-mpf-LAPTOP-MPGP6R69.log'}
2025-11-08 10:25:24,844 : INFO : Machine : MPF path: C:\Users\antho\mpf\Lib\site-packages\mpf
2025-11-08 10:25:24,844 : INFO : Machine : Machine path: C:\Users\antho\nightpin
2025-11-08 10:25:24,844 : INFO : Machine : Platform: win32
2025-11-08 10:25:24,844 : INFO : Machine : Python executable location: C:\Users\antho\mpf\Scripts\python.exe
2025-11-08 10:25:24,846 : INFO : Machine : Python version: 3.12.7 (64-bit)
2025-11-08 10:25:24,848 : INFO : Machine : Initializing MPF...
2025-11-08 10:25:25,111 : INFO : lisy : Connecting to com3 at 115200bps
2025-11-08 10:25:25,112 : WARNING : lisy : Could not import terminos (this is ok on windows).
2025-11-08 10:25:25,268 : INFO : EventManager : Event: ======'machine_var_lisy_hardware'====== Args={'value': 'LISY35', 'prev_value': None, 'change': True}
2025-11-08 10:25:25,268 : INFO : EventManager : Event: ======'machine_var_lisy_version'====== Args={'value': '5.26 ', 'prev_value': None, 'change': True}
2025-11-08 10:25:25,268 : INFO : EventManager : Event: ======'machine_var_lisy_api_version'====== Args={'value': b'0.09', 'prev_value': None, 'change': True}
2025-11-08 10:25:26,587 : INFO : EventManager : Event: ======'machine_var_credits_string'====== Args={'value': 'FREE PLAY', 'prev_value': None, 'change': True}
2025-11-08 10:25:26,619 : INFO : EventManager : Event: ======'machine_var_master_volume'====== Args={'value': 0.5, 'prev_value': None, 'change': True}
2025-11-08 10:25:26,620 : INFO : EventManager : Event: ======'machine_var_player1_score'====== Args={'value': 2500, 'prev_value': None, 'change': True}
2025-11-08 10:25:26,620 : INFO : EventManager : Event: ======'machine_var_mpf_version'====== Args={'value': 'Mission Pinball Framework v0.80.0.dev11', 'prev_value': None, 'change': True}
2025-11-08 10:25:26,620 : INFO : EventManager : Event: ======'machine_var_mpf_extended_version'====== Args={'value': 'Mission Pinball Framework v0.80.0.dev11, Config version:6, Show version: 6, BCP version:1.1', 'prev_value': None, 'change': True}
2025-11-08 10:25:26,620 : INFO : EventManager : Event: ======'machine_var_python_version'====== Args={'value': '3.12.7', 'prev_value': None, 'change': True}
2025-11-08 10:25:26,719 : INFO : EventManager : Event: ======'machine_var_platform'====== Args={'value': 'Windows-11-10.0.26100-SP0', 'prev_value': None, 'change': True}
2025-11-08 10:25:26,719 : INFO : EventManager : Event: ======'machine_var_platform_system'====== Args={'value': 'Windows', 'prev_value': None, 'change': True}
2025-11-08 10:25:26,719 : INFO : EventManager : Event: ======'machine_var_platform_release'====== Args={'value': '11', 'prev_value': None, 'change': True}
2025-11-08 10:25:26,719 : INFO : EventManager : Event: ======'machine_var_platform_version'====== Args={'value': '10.0.26100', 'prev_value': None, 'change': True}
2025-11-08 10:25:26,719 : INFO : EventManager : Event: ======'machine_var_platform_machine'====== Args={'value': 'AMD64', 'prev_value': None, 'change': True}
2025-11-08 10:25:26,719 : INFO : EventManager : Event: ======'machine_var_log_file_path'====== Args={'value': 'C:\\Users\\antho\\nightpin\\logs\\2025-11-08-10-25-24-mpf-LAPTOP-MPGP6R69.log', 'prev_value': None, 'change': True}
2025-11-08 10:25:26,719 : INFO : EventManager : Event: ======'init_phase_1'====== Args={}
2025-11-08 10:25:26,755 : INFO : EventManager : Event: ======'drop_target_bank_right_bank_up'====== Args={}
2025-11-08 10:25:26,755 : INFO : EventManager : Event: ======'drop_target_bank_left_bank_up'====== Args={}
2025-11-08 10:25:26,829 : INFO : EventManager : Event: ======'init_phase_2'====== Args={}
2025-11-08 10:25:26,839 : INFO : EventManager : Event: ======'bcp_connection_attempt'====== Args={'name': 'local_display', 'host': 'localhost', 'port': 5050}
2025-11-08 10:25:26,841 : INFO : BCPClientSocket : Connecting BCP to 'local_display' at localhost:5050...
2025-11-08 10:25:26,859 : INFO : BCPClientSocket : Connected BCP to 'local_display' localhost:5050
2025-11-08 10:25:26,859 : INFO : EventManager : Event: ======'bcp_clients_connected'====== Args={}
2025-11-08 10:25:26,969 : INFO : ball_device.bd_trough : BCH: Initial count: 0
2025-11-08 10:25:27,003 : INFO : ball_device.bd_trough : State: idle
2025-11-08 10:25:27,004 : INFO : ball_device.bd_saucer : BCH: Initial count: 0
2025-11-08 10:25:27,004 : INFO : ball_device.bd_saucer : State: idle
2025-11-08 10:25:27,029 : INFO : EventManager : Event: ======'init_phase_3'====== Args={}
2025-11-08 10:25:27,036 : INFO : EventManager : Event: ======'init_phase_4'====== Args={}
2025-11-08 10:25:27,037 : INFO : BallController : Initial balls found: 0
2025-11-08 10:25:27,038 : INFO : EventManager : Event: ======'machine_var_audits_events_game_ended'====== Args={'value': 22, 'prev_value': None, 'change': True}
2025-11-08 10:25:27,038 : INFO : EventManager : Event: ======'machine_var_audits_events_game_started'====== Args={'value': 145, 'prev_value': None, 'change': True}
2025-11-08 10:25:27,039 : INFO : EventManager : Event: ======'machine_var_audits_missing_switches_s_coin_right'====== Args={'value': 4, 'prev_value': None, 'change': True}
2025-11-08 10:25:27,039 : INFO : EventManager : Event: ======'machine_var_audits_missing_switches_s_credit_button'====== Args={'value': 4, 'prev_value': None, 'change': True}
2025-11-08 10:25:27,039 : INFO : EventManager : Event: ======'machine_var_audits_missing_switches_s_inlanes'====== Args={'value': 12, 'prev_value': None, 'change': True}
2025-11-08 10:25:27,039 : INFO : EventManager : Event: ======'machine_var_audits_missing_switches_s_left_bank_target_left'====== Args={'value': 3, 'prev_value': None, 'change': True}
2025-11-08 10:25:27,039 : INFO : EventManager : Event: ======'machine_var_audits_missing_switches_s_left_bank_target_middle'====== Args={'value': 3, 'prev_value': None, 'change': True}
2025-11-08 10:25:27,039 : INFO : EventManager : Event: ======'machine_var_audits_missing_switches_s_left_bank_target_right'====== Args={'value': 3, 'prev_value': None, 'change': True}
2025-11-08 10:25:27,039 : INFO : EventManager : Event: ======'machine_var_audits_missing_switches_s_left_inlane'====== Args={'value': 4, 'prev_value': None, 'change': True}
2025-11-08 10:25:27,039 : INFO : EventManager : Event: ======'machine_var_audits_missing_switches_s_left_lower_bumper'====== Args={'value': 3, 'prev_value': None, 'change': True}
2025-11-08 10:25:27,039 : INFO : EventManager : Event: ======'machine_var_audits_missing_switches_s_left_outlane'====== Args={'value': 48, 'prev_value': None, 'change': True}
2025-11-08 10:25:27,039 : INFO : EventManager : Event: ======'machine_var_audits_missing_switches_s_left_outlane_rollover'====== Args={'value': 23, 'prev_value': None, 'change': True}
2025-11-08 10:25:27,040 : INFO : EventManager : Event: ======'machine_var_audits_missing_switches_s_left_pop_bumper'====== Args={'value': 3, 'prev_value': None, 'change': True}
2025-11-08 10:25:27,040 : INFO : EventManager : Event: ======'machine_var_audits_missing_switches_s_left_rollover'====== Args={'value': 3, 'prev_value': None, 'change': True}
2025-11-08 10:25:27,040 : INFO : EventManager : Event: ======'machine_var_audits_missing_switches_s_left_skill_lane'====== Args={'value': 1, 'prev_value': None, 'change': True}
2025-11-08 10:25:27,040 : INFO : EventManager : Event: ======'machine_var_audits_missing_switches_s_left_sling'====== Args={'value': 3, 'prev_value': None, 'change': True}
2025-11-08 10:25:27,040 : INFO : EventManager : Event: ======'machine_var_audits_missing_switches_s_left_upper_bumper'====== Args={'value': 4, 'prev_value': None, 'change': True}
2025-11-08 10:25:27,040 : INFO : EventManager : Event: ======'machine_var_audits_missing_switches_s_middle_pop_bumper'====== Args={'value': 3, 'prev_value': None, 'change': True}
2025-11-08 10:25:27,040 : INFO : EventManager : Event: ======'machine_var_audits_missing_switches_s_middle_rollover'====== Args={'value': 4, 'prev_value': None, 'change': True}
2025-11-08 10:25:27,040 : INFO : EventManager : Event: ======'machine_var_audits_missing_switches_s_middle_skill_lane'====== Args={'value': 1, 'prev_value': None, 'change': True}
2025-11-08 10:25:27,040 : INFO : EventManager : Event: ======'machine_var_audits_missing_switches_s_middle_upper_rollovers'====== Args={'value': 5, 'prev_value': None, 'change': True}
2025-11-08 10:25:27,040 : INFO : EventManager : Event: ======'machine_var_audits_missing_switches_s_outer_skill_lanes'====== Args={'value': 1, 'prev_value': None, 'change': True}
2025-11-08 10:25:27,041 : INFO : EventManager : Event: ======'machine_var_audits_missing_switches_s_right_bank_target_left'====== Args={'value': 3, 'prev_value': None, 'change': True}
2025-11-08 10:25:27,041 : INFO : EventManager : Event: ======'machine_var_audits_missing_switches_s_right_bank_target_middle'====== Args={'value': 4, 'prev_value': None, 'change': True}
2025-11-08 10:25:27,041 : INFO : EventManager : Event: ======'machine_var_audits_missing_switches_s_right_bank_target_right'====== Args={'value': 4, 'prev_value': None, 'change': True}
2025-11-08 10:25:27,041 : INFO : EventManager : Event: ======'machine_var_audits_missing_switches_s_right_outlane'====== Args={'value': 3, 'prev_value': None, 'change': True}
2025-11-08 10:25:27,041 : INFO : EventManager : Event: ======'machine_var_audits_missing_switches_s_right_outlane_rollover'====== Args={'value': 40, 'prev_value': None, 'change': True}
2025-11-08 10:25:27,041 : INFO : EventManager : Event: ======'machine_var_audits_missing_switches_s_right_pop_bumper'====== Args={'value': 3, 'prev_value': None, 'change': True}
2025-11-08 10:25:27,041 : INFO : EventManager : Event: ======'machine_var_audits_missing_switches_s_right_rollover'====== Args={'value': 60, 'prev_value': None, 'change': True}
2025-11-08 10:25:27,041 : INFO : EventManager : Event: ======'machine_var_audits_missing_switches_s_right_skill_lane'====== Args={'value': 1, 'prev_value': None, 'change': True}
2025-11-08 10:25:27,041 : INFO : EventManager : Event: ======'machine_var_audits_missing_switches_s_right_sling'====== Args={'value': 3, 'prev_value': None, 'change': True}
2025-11-08 10:25:27,042 : INFO : EventManager : Event: ======'machine_var_audits_missing_switches_s_rollover_upper'====== Args={'value': 3, 'prev_value': None, 'change': True}
2025-11-08 10:25:27,042 : INFO : EventManager : Event: ======'machine_var_audits_missing_switches_s_saucer'====== Args={'value': 3, 'prev_value': None, 'change': True}
2025-11-08 10:25:27,042 : INFO : EventManager : Event: ======'machine_var_audits_missing_switches_s_slam_tilt'====== Args={'value': 4, 'prev_value': None, 'change': True}
2025-11-08 10:25:27,042 : INFO : EventManager : Event: ======'machine_var_audits_missing_switches_s_spinner'====== Args={'value': 1, 'prev_value': None, 'change': True}
2025-11-08 10:25:27,042 : INFO : EventManager : Event: ======'machine_var_audits_missing_switches_s_stand_up'====== Args={'value': 3, 'prev_value': None, 'change': True}
2025-11-08 10:25:27,042 : INFO : EventManager : Event: ======'machine_var_audits_missing_switches_s_start_button'====== Args={'value': 4, 'prev_value': None, 'change': True}
2025-11-08 10:25:27,042 : INFO : EventManager : Event: ======'machine_var_audits_missing_switches_s_tilt'====== Args={'value': 51, 'prev_value': None, 'change': True}
2025-11-08 10:25:27,042 : INFO : EventManager : Event: ======'machine_var_audits_player_score'====== Args={'value': {'average': 1377, 'top': [5110, 5070, 4300, 4230, 3980, 3410, 2500, 2200, 2100, 1300], 'total': 30}, 'prev_value': None, 'change': True}
2025-11-08 10:25:27,042 : INFO : EventManager : Event: ======'machine_var_audits_shots_my_first_shot'====== Args={'value': 3, 'prev_value': None, 'change': True}
2025-11-08 10:25:27,042 : INFO : EventManager : Event: ======'machine_var_audits_shots_sh_eg_pop_left'====== Args={'value': 8, 'prev_value': None, 'change': True}
2025-11-08 10:25:27,042 : INFO : EventManager : Event: ======'machine_var_audits_shots_sh_eg_pop_middle'====== Args={'value': 8, 'prev_value': None, 'change': True}
2025-11-08 10:25:27,043 : INFO : EventManager : Event: ======'machine_var_audits_shots_sh_eg_pop_right'====== Args={'value': 13, 'prev_value': None, 'change': True}
2025-11-08 10:25:27,043 : INFO : EventManager : Event: ======'machine_var_audits_shots_sh_eg_right_drop_left'====== Args={'value': 4, 'prev_value': None, 'change': True}
2025-11-08 10:25:27,043 : INFO : EventManager : Event: ======'machine_var_audits_shots_sh_eg_right_drop_middle'====== Args={'value': 3, 'prev_value': None, 'change': True}
2025-11-08 10:25:27,043 : INFO : EventManager : Event: ======'machine_var_audits_shots_sh_eg_right_drop_right'====== Args={'value': 3, 'prev_value': None, 'change': True}
2025-11-08 10:25:27,043 : INFO : EventManager : Event: ======'machine_var_audits_shots_sh_eg_spinner'====== Args={'value': 2, 'prev_value': None, 'change': True}
2025-11-08 10:25:27,043 : INFO : EventManager : Event: ======'machine_var_audits_shots_sh_escape_graveyard_start'====== Args={'value': 13, 'prev_value': None, 'change': True}
2025-11-08 10:25:27,043 : INFO : EventManager : Event: ======'machine_var_audits_switches_s_coin_right'====== Args={'value': 2, 'prev_value': None, 'change': True}
2025-11-08 10:25:27,043 : INFO : EventManager : Event: ======'machine_var_audits_switches_s_credit_button'====== Args={'value': 6, 'prev_value': None, 'change': True}
2025-11-08 10:25:27,043 : INFO : EventManager : Event: ======'machine_var_audits_switches_s_inlanes'====== Args={'value': 159, 'prev_value': None, 'change': True}
2025-11-08 10:25:27,043 : INFO : EventManager : Event: ======'machine_var_audits_switches_s_left_bank_target_left'====== Args={'value': 42, 'prev_value': None, 'change': True}
2025-11-08 10:25:27,043 : INFO : EventManager : Event: ======'machine_var_audits_switches_s_left_bank_target_middle'====== Args={'value': 30, 'prev_value': None, 'change': True}
2025-11-08 10:25:27,043 : INFO : EventManager : Event: ======'machine_var_audits_switches_s_left_bank_target_right'====== Args={'value': 32, 'prev_value': None, 'change': True}
2025-11-08 10:25:27,043 : INFO : EventManager : Event: ======'machine_var_audits_switches_s_left_inlane'====== Args={'value': 3, 'prev_value': None, 'change': True}
2025-11-08 10:25:27,044 : INFO : EventManager : Event: ======'machine_var_audits_switches_s_left_lower_bumper'====== Args={'value': 44, 'prev_value': None, 'change': True}
2025-11-08 10:25:27,044 : INFO : EventManager : Event: ======'machine_var_audits_switches_s_left_outlane'====== Args={'value': 1, 'prev_value': None, 'change': True}
2025-11-08 10:25:27,044 : INFO : EventManager : Event: ======'machine_var_audits_switches_s_left_outlane_rollover'====== Args={'value': 23, 'prev_value': None, 'change': True}
2025-11-08 10:25:27,044 : INFO : EventManager : Event: ======'machine_var_audits_switches_s_left_pop_bumper'====== Args={'value': 146, 'prev_value': None, 'change': True}
2025-11-08 10:25:27,044 : INFO : EventManager : Event: ======'machine_var_audits_switches_s_left_rollover'====== Args={'value': 5, 'prev_value': None, 'change': True}
2025-11-08 10:25:27,044 : INFO : EventManager : Event: ======'machine_var_audits_switches_s_left_skill_lane'====== Args={'value': 18, 'prev_value': None, 'change': True}
2025-11-08 10:25:27,044 : INFO : EventManager : Event: ======'machine_var_audits_switches_s_left_sling'====== Args={'value': 122, 'prev_value': None, 'change': True}
2025-11-08 10:25:27,044 : INFO : EventManager : Event: ======'machine_var_audits_switches_s_left_upper_bumper'====== Args={'value': 48, 'prev_value': None, 'change': True}
2025-11-08 10:25:27,044 : INFO : EventManager : Event: ======'machine_var_audits_switches_s_middle_pop_bumper'====== Args={'value': 162, 'prev_value': None, 'change': True}
2025-11-08 10:25:27,044 : INFO : EventManager : Event: ======'machine_var_audits_switches_s_middle_rollover'====== Args={'value': 28, 'prev_value': None, 'change': True}
2025-11-08 10:25:27,044 : INFO : EventManager : Event: ======'machine_var_audits_switches_s_middle_skill_lane'====== Args={'value': 93, 'prev_value': None, 'change': True}
2025-11-08 10:25:27,044 : INFO : EventManager : Event: ======'machine_var_audits_switches_s_middle_upper_rollovers'====== Args={'value': 97, 'prev_value': None, 'change': True}
2025-11-08 10:25:27,044 : INFO : EventManager : Event: ======'machine_var_audits_switches_s_outer_skill_lanes'====== Args={'value': 133, 'prev_value': None, 'change': True}
2025-11-08 10:25:27,044 : INFO : EventManager : Event: ======'machine_var_audits_switches_s_pop_bumper_bottom'====== Args={'value': 6, 'prev_value': None, 'change': True}
2025-11-08 10:25:27,044 : INFO : EventManager : Event: ======'machine_var_audits_switches_s_pop_bumper_left'====== Args={'value': 2, 'prev_value': None, 'change': True}
2025-11-08 10:25:27,044 : INFO : EventManager : Event: ======'machine_var_audits_switches_s_pop_bumper_right'====== Args={'value': 1, 'prev_value': None, 'change': True}
2025-11-08 10:25:27,044 : INFO : EventManager : Event: ======'machine_var_audits_switches_s_right_bank_target_left'====== Args={'value': 63, 'prev_value': None, 'change': True}
2025-11-08 10:25:27,044 : INFO : EventManager : Event: ======'machine_var_audits_switches_s_right_bank_target_middle'====== Args={'value': 48, 'prev_value': None, 'change': True}
2025-11-08 10:25:27,044 : INFO : EventManager : Event: ======'machine_var_audits_switches_s_right_bank_target_right'====== Args={'value': 43, 'prev_value': None, 'change': True}
2025-11-08 10:25:27,044 : INFO : EventManager : Event: ======'machine_var_audits_switches_s_right_inlane'====== Args={'value': 80, 'prev_value': None, 'change': True}
2025-11-08 10:25:27,046 : INFO : EventManager : Event: ======'machine_var_audits_switches_s_right_outlane'====== Args={'value': 2, 'prev_value': None, 'change': True}
2025-11-08 10:25:27,046 : INFO : EventManager : Event: ======'machine_var_audits_switches_s_right_outlane_rollover'====== Args={'value': 6, 'prev_value': None, 'change': True}
2025-11-08 10:25:27,046 : INFO : EventManager : Event: ======'machine_var_audits_switches_s_right_pop_bumper'====== Args={'value': 198, 'prev_value': None, 'change': True}
2025-11-08 10:25:27,046 : INFO : EventManager : Event: ======'machine_var_audits_switches_s_right_rollover'====== Args={'value': 0, 'prev_value': None, 'change': True}
2025-11-08 10:25:27,046 : INFO : EventManager : Event: ======'machine_var_audits_switches_s_right_skill_lane'====== Args={'value': 17, 'prev_value': None, 'change': True}
2025-11-08 10:25:27,046 : INFO : EventManager : Event: ======'machine_var_audits_switches_s_right_sling'====== Args={'value': 100, 'prev_value': None, 'change': True}
2025-11-08 10:25:27,046 : INFO : EventManager : Event: ======'machine_var_audits_switches_s_rollover_upper'====== Args={'value': 7, 'prev_value': None, 'change': True}
2025-11-08 10:25:27,046 : INFO : EventManager : Event: ======'machine_var_audits_switches_s_saucer'====== Args={'value': 126, 'prev_value': None, 'change': True}
2025-11-08 10:25:27,046 : INFO : EventManager : Event: ======'machine_var_audits_switches_s_slam_tilt'====== Args={'value': 7, 'prev_value': None, 'change': True}
2025-11-08 10:25:27,046 : INFO : EventManager : Event: ======'machine_var_audits_switches_s_spinner'====== Args={'value': 453, 'prev_value': None, 'change': True}
2025-11-08 10:25:27,046 : INFO : EventManager : Event: ======'machine_var_audits_switches_s_stand_up'====== Args={'value': 11, 'prev_value': None, 'change': True}
2025-11-08 10:25:27,046 : INFO : EventManager : Event: ======'machine_var_audits_switches_s_start_button'====== Args={'value': 40, 'prev_value': None, 'change': True}
2025-11-08 10:25:27,046 : INFO : EventManager : Event: ======'machine_var_audits_switches_s_tilt'====== Args={'value': 2, 'prev_value': None, 'change': True}
2025-11-08 10:25:27,046 : INFO : EventManager : Event: ======'machine_var_audits_switches_s_trough'====== Args={'value': 617, 'prev_value': None, 'change': True}
2025-11-08 10:25:27,047 : INFO : EventManager : Event: ======'init_phase_5'====== Args={}
2025-11-08 10:25:27,060 : INFO : EventManager : Event: ======'init_done'====== Args={}
2025-11-08 10:25:27,060 : INFO : EventManager : Event: ======'machine_reset_phase_1'====== Args={}
2025-11-08 10:25:27,069 : INFO : EventManager : Event: ======'machine_reset_phase_2'====== Args={}
2025-11-08 10:25:27,070 : INFO : EventManager : Event: ======'machine_reset_phase_3'====== Args={}
2025-11-08 10:25:27,070 : INFO : EventManager : Event: ======'mode_attract_will_start'====== Args={'queue': <QueuedEvent>}
2025-11-08 10:25:27,072 : INFO : EventManager : Event: ======'mode_attract_starting'====== Args={'queue': <QueuedEvent>}
2025-11-08 10:25:27,072 : INFO : Mode.attract : Started. Priority: 10
2025-11-08 10:25:27,072 : INFO : EventManager : Event: ======'modes_active_modes_changed'====== Args={}
2025-11-08 10:25:27,072 : INFO : EventManager : Event: ======'mode_attract_started'====== Args={'queue': <QueuedEvent>}
2025-11-08 10:25:27,072 : INFO : EventManager : Event: ======'godot_attract_on'====== Args={'priority': 0}
2025-11-08 10:25:27,073 : INFO : EventManager : Event: ======'collecting_balls_complete'====== Args={}
2025-11-08 10:25:27,073 : INFO : EventManager : Event: ======'reset_complete'====== Args={}
2025-11-08 10:25:27,086 : INFO : Machine : Starting the main run loop with active modes: [<Mode.attract>]
2025-11-08 10:25:27,107 : INFO : EventManager : Event: ======'slide_attract_created'====== Args={'_from_bcp': True}
2025-11-08 10:25:27,109 : INFO : EventManager : Event: ======'slide__removed'====== Args={'_from_bcp': True}
2025-11-08 10:25:27,109 : INFO : EventManager : Event: ======'slide_attract_active'====== Args={'original_context': 'attract', 'original_calling_context': 'mode_attract_started', 'priority': 10.0, 'queue': '<QueuedEvent>', 'cmd': 'slides_play', '_from_bcp': True}
2025-11-08 10:25:27,239 : INFO : SwitchController : <<<<<<< 's_trough' active >>>>>>>
2025-11-08 10:25:27,264 : INFO : SwitchController : <<<<<<< 's_trough' inactive >>>>>>>
2025-11-08 10:25:27,273 : INFO : SwitchController : <<<<<<< 's_trough' active >>>>>>>
2025-11-08 10:25:27,286 : INFO : SwitchController : <<<<<<< 's_trough' inactive >>>>>>>
2025-11-08 10:25:27,301 : INFO : SwitchController : <<<<<<< 's_trough' active >>>>>>>
2025-11-08 10:25:27,316 : INFO : SwitchController : <<<<<<< 's_trough' inactive >>>>>>>
2025-11-08 10:25:27,395 : INFO : SwitchController : <<<<<<< 's_trough' active >>>>>>>
2025-11-08 10:25:27,906 : INFO : EventManager : Event: ======'balldevice_bd_trough_ball_count_changed'====== Args={'balls': 1}
2025-11-08 10:25:27,906 : INFO : ball_device.bd_trough : Received unexpected ball
2025-11-08 10:25:27,906 : INFO : EventManager : Event: ======'balldevice_captured_from_playfield'====== Args={'balls': 1}
2025-11-08 10:25:27,906 : INFO : EventManager : Event: ======'sw_playfield_active'====== Args={'balls': 1}
2025-11-08 10:25:27,906 : INFO : EventManager : Event: ======'playfield_active'====== Args={'source': None}
2025-11-08 10:25:27,906 : INFO : EventManager : Event: ======'unexpected_ball_on_playfield'====== Args={}
2025-11-08 10:25:27,906 : INFO : EventManager : Event: ======'playfield_ball_count_change'====== Args={'balls': -1, 'change': -1}
2025-11-08 10:25:27,907 : INFO : EventManager : Event: ======'balldevice_playfield_ball_enter'====== Args={'new_balls': 1, 'unclaimed_balls': 1, 'device': <playfield.playfield>}
2025-11-08 10:25:27,907 : INFO : EventManager : Event: ======'playfield_ball_count_change'====== Args={'balls': 0, 'change': 1}
2025-11-08 10:25:27,907 : INFO : BallController : Found a new ball which was captured from playfield. Known balls: 1
2025-11-08 10:25:27,907 : INFO : EventManager : Event: ======'found_new_ball'====== Args={}
2025-11-08 10:25:27,907 : INFO : EventManager : Event: ======'balldevice_bd_trough_ball_enter'====== Args={'new_balls': 1, 'unclaimed_balls': 1, 'new_available_balls': 1, 'device': <ball_device.bd_trough>}
2025-11-08 10:25:27,907 : INFO : EventManager : Event: ======'ball_drain'====== Args={'device': <ball_device.bd_trough>, 'balls': 1}
2025-11-08 10:25:27,909 : INFO : EventManager : Event: ======'balldevice_balls_available'====== Args={}
2025-11-08 10:25:27,909 : INFO : EventManager : Event: ======'balldevice_bd_trough_ball_entered'====== Args={'new_balls': 1, 'device': <ball_device.bd_trough>}
2025-11-08 10:25:28,357 : INFO : SwitchController : <<<<<<< 's_start_button' active >>>>>>>
2025-11-08 10:25:28,515 : INFO : SwitchController : <<<<<<< 's_start_button' inactive >>>>>>>
2025-11-08 10:25:28,515 : INFO : EventManager : Event: ======'request_to_start_game'====== Args={}
2025-11-08 10:25:28,515 : INFO : EventManager : Event: ======'game_start'====== Args={'buttons': [], 'hold_time': 0.1559999999590218}
2025-11-08 10:25:28,516 : INFO : EventManager : Event: ======'mode_game_will_start'====== Args={'buttons': [], 'hold_time': 0.1559999999590218}
2025-11-08 10:25:28,516 : INFO : EventManager : Event: ======'mode_game_starting'====== Args={'buttons': [], 'hold_time': 0.1559999999590218}
2025-11-08 10:25:28,516 : INFO : Mode.game : Started. Priority: 20
2025-11-08 10:25:28,516 : INFO : EventManager : Event: ======'modes_active_modes_changed'====== Args={}
2025-11-08 10:25:28,516 : INFO : EventManager : Event: ======'mode_game_started'====== Args={'buttons': [], 'hold_time': 0.1559999999590218}
2025-11-08 10:25:28,531 : INFO : EventManager : Event: ======'game_will_start'====== Args={}
2025-11-08 10:25:28,531 : INFO : EventManager : Event: ======'game_starting'====== Args={'game': <Mode.game>}
2025-11-08 10:25:28,532 : INFO : EventManager : Event: ======'mode_attract_will_stop'====== Args={}
2025-11-08 10:25:28,532 : INFO : EventManager : Event: ======'mode_attract_stopping'====== Args={}
2025-11-08 10:25:28,532 : INFO : EventManager : Event: ======'godot_attract_off'====== Args={'priority': 0}
2025-11-08 10:25:28,532 : INFO : EventManager : Unordered handler for class <Auditor> on event game_ended with priority 1. Handlers: [RegisteredHandler(callback=<bound method Auditor.disable of <Auditor>>, priority=1, kwargs={}, key=UUID('7e50d89f-841c-4998-b335-c34975d6dfae'), condition=None, blocking_facility=None), RegisteredHandler(callback=<bound method Auditor._save_audits of <Auditor>>, priority=1, kwargs={}, key=UUID('c1f68a3f-64e8-474b-9f7e-dfb3f7f8e038'), condition=None, blocking_facility=None)]. The order of those handlers is not defined and they will be executed in random order. This might lead to race conditions and potential bugs.
2025-11-08 10:25:28,533 : INFO : EventManager : Event: ======'godot_attract_off'====== Args={'priority': 0}
2025-11-08 10:25:28,533 : INFO : Mode.attract : Stopped.
2025-11-08 10:25:28,534 : INFO : EventManager : Event: ======'modes_active_modes_changed'====== Args={}
2025-11-08 10:25:28,534 : INFO : EventManager : Event: ======'mode_attract_stopped'====== Args={}
2025-11-08 10:25:28,534 : INFO : EventManager : Event: ======'clear'====== Args={'key': 'attract'}
2025-11-08 10:25:28,534 : INFO : EventManager : Event: ======'player_add_request'====== Args={}
2025-11-08 10:25:28,534 : INFO : EventManager : Event: ======'player_will_add'====== Args={'number': 1}
2025-11-08 10:25:28,534 : INFO : EventManager : Event: ======'player_adding'====== Args={'player': <Player 1>, 'number': 1}
2025-11-08 10:25:28,534 : INFO : EventManager : Event: ======'player_added'====== Args={'player': <Player 1>, 'num': 1}
2025-11-08 10:25:28,534 : INFO : Mode.game : Player added successfully. Total players: 1
2025-11-08 10:25:28,535 : INFO : EventManager : Event: ======'player_index'====== Args={'value': 0, 'prev_value': 0, 'change': 0, 'player_num': 1}
2025-11-08 10:25:28,535 : INFO : EventManager : Event: ======'player_number'====== Args={'value': 1, 'prev_value': 1, 'change': 0, 'player_num': 1}
2025-11-08 10:25:28,535 : INFO : EventManager : Event: ======'player_score'====== Args={'value': 0, 'prev_value': 0, 'change': 0, 'player_num': 1}
2025-11-08 10:25:28,536 : INFO : EventManager : Unordered handler for class <Auditor> on event game_ended with priority 1. Handlers: [RegisteredHandler(callback=<bound method Auditor.disable of <Auditor>>, priority=1, kwargs={}, key=UUID('7e50d89f-841c-4998-b335-c34975d6dfae'), condition=None, blocking_facility=None), RegisteredHandler(callback=<bound method Auditor._save_audits of <Auditor>>, priority=1, kwargs={}, key=UUID('c1f68a3f-64e8-474b-9f7e-dfb3f7f8e038'), condition=None, blocking_facility=None)]. The order of those handlers is not defined and they will be executed in random order. This might lead to race conditions and potential bugs.
2025-11-08 10:25:28,553 : INFO : EventManager : Event: ======'game_started'====== Args={}
2025-11-08 10:25:28,553 : INFO : EventManager : Event: ======'blink_on'====== Args={'priority': 0}
2025-11-08 10:25:28,554 : INFO : EventManager : Event: ======'player_turn_will_start'====== Args={'player': <Player 1>, 'number': 1}
2025-11-08 10:25:28,560 : INFO : EventManager : Event: ======'player_turn_starting'====== Args={'player': <Player 1>, 'number': 1}
2025-11-08 10:25:28,561 : INFO : EventManager : Event: ======'player_ball'====== Args={'value': 1, 'prev_value': 0, 'change': 1, 'player_num': 1}
2025-11-08 10:25:28,561 : INFO : EventManager : Event: ======'player_turn_started'====== Args={'player': <Player 1>, 'number': 1}
2025-11-08 10:25:28,562 : INFO : EventManager : Event: ======'ball_will_start'====== Args={'player': 1, 'ball': 1, 'balls_remaining': 2, 'is_extra_ball': False}
2025-11-08 10:25:28,567 : INFO : EventManager : Event: ======'ball_starting'====== Args={'player': 1, 'ball': 1, 'balls_remaining': 2, 'is_extra_ball': False}
2025-11-08 10:25:28,567 : INFO : EventManager : Event: ======'mode_base_will_start'====== Args={'queue': <QueuedEvent>, 'player': 1, 'ball': 1, 'balls_remaining': 2, 'is_extra_ball': False}
2025-11-08 10:25:28,567 : INFO : EventManager : Event: ======'player_shot_sh_escape_graveyard_start_enabled'====== Args={'value': False, 'prev_value': 0, 'change': 0, 'player_num': 1}
2025-11-08 10:25:28,568 : INFO : EventManager : Unordered handler for class <Auditor> on event game_ended with priority 1. Handlers: [RegisteredHandler(callback=<bound method Auditor.disable of <Auditor>>, priority=1, kwargs={}, key=UUID('7e50d89f-841c-4998-b335-c34975d6dfae'), condition=None, blocking_facility=None), RegisteredHandler(callback=<bound method Auditor._save_audits of <Auditor>>, priority=1, kwargs={}, key=UUID('c1f68a3f-64e8-474b-9f7e-dfb3f7f8e038'), condition=None, blocking_facility=None)]. The order of those handlers is not defined and they will be executed in random order. This might lead to race conditions and potential bugs.
2025-11-08 10:25:28,568 : INFO : EventManager : Unordered handler for class <Auditor> on event game_ended with priority 1. Handlers: [RegisteredHandler(callback=<bound method Auditor.disable of <Auditor>>, priority=1, kwargs={}, key=UUID('7e50d89f-841c-4998-b335-c34975d6dfae'), condition=None, blocking_facility=None), RegisteredHandler(callback=<bound method Auditor._save_audits of <Auditor>>, priority=1, kwargs={}, key=UUID('c1f68a3f-64e8-474b-9f7e-dfb3f7f8e038'), condition=None, blocking_facility=None)]. The order of those handlers is not defined and they will be executed in random order. This might lead to race conditions and potential bugs.
2025-11-08 10:25:28,572 : INFO : EventManager : Event: ======'mode_base_starting'====== Args={'queue': <QueuedEvent>, 'player': 1, 'ball': 1, 'balls_remaining': 2, 'is_extra_ball': False}
2025-11-08 10:25:28,572 : INFO : drop_target_bank.right_bank : All targets are already up. Will not reset bank.
2025-11-08 10:25:28,572 : INFO : drop_target_bank.left_bank : All targets are already up. Will not reset bank.
2025-11-08 10:25:28,572 : INFO : EventManager : Event: ======'balls_in_play'====== Args={'balls': 1}
2025-11-08 10:25:28,573 : INFO : EventManager : Event: ======'ball_started'====== Args={'player': 1, 'ball': 1, 'balls_remaining': 2, 'is_extra_ball': False}
2025-11-08 10:25:28,573 : INFO : EventManager : Event: ======'logicblock_eg_pop_counter_updated'====== Args={'value': 0, 'enabled': True}
2025-11-08 10:25:28,573 : INFO : EventManager : Event: ======'logicblock_eg_pop_counter_updated'====== Args={'value': 0, 'enabled': True}
2025-11-08 10:25:28,573 : INFO : Mode.base : Started. Priority: 50
2025-11-08 10:25:28,573 : INFO : EventManager : Event: ======'modes_active_modes_changed'====== Args={}
2025-11-08 10:25:28,573 : INFO : EventManager : Event: ======'mode_base_started'====== Args={'queue': <QueuedEvent>, 'player': 1, 'ball': 1, 'balls_remaining': 2, 'is_extra_ball': False}
2025-11-08 10:25:28,573 : INFO : EventManager : Event: ======'logicblock_eg_pop_counter_updated'====== Args={'value': 0, 'enabled': True}
2025-11-08 10:25:28,574 : INFO : EventManager : Unordered handler for class <Auditor> on event game_ended with priority 1. Handlers: [RegisteredHandler(callback=<bound method Auditor.disable of <Auditor>>, priority=1, kwargs={}, key=UUID('7e50d89f-841c-4998-b335-c34975d6dfae'), condition=None, blocking_facility=None), RegisteredHandler(callback=<bound method Auditor._save_audits of <Auditor>>, priority=1, kwargs={}, key=UUID('c1f68a3f-64e8-474b-9f7e-dfb3f7f8e038'), condition=None, blocking_facility=None)]. The order of those handlers is not defined and they will be executed in random order. This might lead to race conditions and potential bugs.
2025-11-08 10:25:28,576 : INFO : EventManager : Event: ======'stop_mode_attract'====== Args={'priority': 0}
2025-11-08 10:25:28,576 : INFO : EventManager : Event: ======'mode_attract_will_stop'====== Args={'priority': 0}
2025-11-08 10:25:28,576 : INFO : EventManager : Event: ======'godot_attract_off'====== Args={'priority': 0}
2025-11-08 10:25:28,576 : INFO : EventManager : Event: ======'godot_play_base'====== Args={'priority': 0}
2025-11-08 10:25:28,577 : INFO : EventManager : Event: ======'single_player_ball_started'====== Args={}
2025-11-08 10:25:28,590 : INFO : EventManager : Event: ======'ball_start_target'====== Args={'target': 'playfield'}
2025-11-08 10:25:28,590 : INFO : ball_device.bd_trough : Setting up player-controlled eject. Balls: 1, Target: <playfield.playfield>, player_controlled_eject_event: None
2025-11-08 10:25:28,590 : INFO : ball_device.bd_trough : Adding 1 ball(s) to the eject_queue with target <playfield.playfield>.
2025-11-08 10:25:28,591 : INFO : EventManager : Event: ======'balldevice_balls_available'====== Args={}
2025-11-08 10:25:28,591 : INFO : ball_device.bd_trough : State: waiting_for_target_ready
2025-11-08 10:25:28,592 : INFO : EventManager : Event: ======'balldevice_bd_trough_ball_eject_attempt'====== Args={'balls': 1, 'target': <playfield.playfield>, 'source': <ball_device.bd_trough>, 'mechanical_eject': False, 'num_attempts': 0}
2025-11-08 10:25:28,592 : INFO : ball_device.bd_trough : State: ejecting
2025-11-08 10:25:28,592 : INFO : ball_device.bd_trough : Ejecting ball to <playfield.playfield>
2025-11-08 10:25:28,592 : INFO : EventManager : Event: ======'balldevice_bd_trough_ejecting_ball'====== Args={'balls': 1, 'target': <playfield.playfield>, 'source': <ball_device.bd_trough>, 'mechanical_eject': False, 'num_attempts': 0}
2025-11-08 10:25:28,593 : INFO : ball_device.bd_trough : Wait for ball to leave device
2025-11-08 10:25:28,593 : INFO : coil.c_trough_eject : Pulsing Driver for 40ms (1.0 pulse_power)
2025-11-08 10:25:28,640 : INFO : SwitchController : <<<<<<< 's_trough' inactive >>>>>>>
2025-11-08 10:25:28,648 : INFO : ball_device.bd_trough : State: ball_left
2025-11-08 10:25:28,648 : INFO : ball_device.bd_trough : Ball left
2025-11-08 10:25:28,648 : INFO : ball_device.bd_trough : Wait for confirm with timeout 10.0
2025-11-08 10:25:28,667 : INFO : EventManager : Event: ======'slide_base_created'====== Args={'_from_bcp': True}
2025-11-08 10:25:28,667 : INFO : EventManager : Event: ======'slide_attract_inactive'====== Args={'is_removing': True, '_from_bcp': True}
2025-11-08 10:25:28,667 : INFO : EventManager : Event: ======'slide_base_active'====== Args={'original_context': 'base', 'original_calling_context': 'mode_base_started', 'priority': 50.0, 'queue': '<QueuedEvent>', 'player': 1.0, 'ball': 1.0, 'balls_remaining': 2.0, 'is_extra_ball': False, 'cmd': 'slides_play', '_from_bcp': True}
2025-11-08 10:25:28,668 : INFO : EventManager : Event: ======'slide_attract_removed'====== Args={'_from_bcp': True}
2025-11-08 10:25:29,153 : INFO : EventManager : Event: ======'blink_off'====== Args={'priority': 0}
2025-11-08 10:25:29,741 : INFO : EventManager : Event: ======'blink_on'====== Args={'priority': 0}
2025-11-08 10:25:30,347 : INFO : EventManager : Event: ======'blink_off'====== Args={'priority': 0}
2025-11-08 10:25:30,347 : INFO : EventManager : Unordered handler for class <Auditor> on event game_ended with priority 1. Handlers: [RegisteredHandler(callback=<bound method Auditor.disable of <Auditor>>, priority=1, kwargs={}, key=UUID('7e50d89f-841c-4998-b335-c34975d6dfae'), condition=None, blocking_facility=None), RegisteredHandler(callback=<bound method Auditor._save_audits of <Auditor>>, priority=1, kwargs={}, key=UUID('c1f68a3f-64e8-474b-9f7e-dfb3f7f8e038'), condition=None, blocking_facility=None)]. The order of those handlers is not defined and they will be executed in random order. This might lead to race conditions and potential bugs.
2025-11-08 10:25:30,942 : INFO : EventManager : Event: ======'blink_on'====== Args={'priority': 0}
2025-11-08 10:25:31,186 : INFO : SwitchController : <<<<<<< 's_right_inlane' active >>>>>>>
2025-11-08 10:25:31,186 : INFO : EventManager : Event: ======'s_right_inlane_active'====== Args={}
2025-11-08 10:25:31,186 : INFO : EventManager : Event: ======'sw_playfield_active'====== Args={}
2025-11-08 10:25:31,187 : INFO : EventManager : Event: ======'machine_var_audits_switches_s_right_inlane'====== Args={'value': 81, 'prev_value': 80, 'change': 1}
2025-11-08 10:25:31,187 : INFO : EventManager : Event: ======'player_score'====== Args={'value': 100, 'prev_value': 0, 'change': 100, 'player_num': 1, 'source': 'base'}
2025-11-08 10:25:31,188 : INFO : EventManager : Event: ======'playfield_active'====== Args={'source': None}
2025-11-08 10:25:31,201 : INFO : ball_device.bd_trough : Got eject confirm
2025-11-08 10:25:31,201 : INFO : ball_device.bd_trough : Eject successful
2025-11-08 10:25:31,201 : INFO : EventManager : Event: ======'balldevice_bd_trough_ball_eject_success'====== Args={'balls': 1, 'target': <playfield.playfield>}
2025-11-08 10:25:31,202 : INFO : EventManager : Event: ======'balldevice_playfield_ball_enter'====== Args={'new_balls': 1, 'unclaimed_balls': 1, 'device': <playfield.playfield>}
2025-11-08 10:25:31,202 : INFO : EventManager : Event: ======'playfield_ball_count_change'====== Args={'balls': 1, 'change': 1}
2025-11-08 10:25:31,203 : INFO : EventManager : Event: ======'balldevice_bd_trough_ball_count_changed'====== Args={'balls': 0}
2025-11-08 10:25:31,203 : INFO : ball_device.bd_trough : State: idle
2025-11-08 10:25:31,480 : INFO : SwitchController : <<<<<<< 's_right_inlane' inactive >>>>>>>
2025-11-08 10:25:31,558 : INFO : EventManager : Event: ======'blink_off'====== Args={'priority': 0}
2025-11-08 10:25:31,558 : INFO : EventManager : Unordered handler for class <Auditor> on event game_ended with priority 1. Handlers: [RegisteredHandler(callback=<bound method Auditor.disable of <Auditor>>, priority=1, kwargs={}, key=UUID('7e50d89f-841c-4998-b335-c34975d6dfae'), condition=None, blocking_facility=None), RegisteredHandler(callback=<bound method Auditor._save_audits of <Auditor>>, priority=1, kwargs={}, key=UUID('c1f68a3f-64e8-474b-9f7e-dfb3f7f8e038'), condition=None, blocking_facility=None)]. The order of those handlers is not defined and they will be executed in random order. This might lead to race conditions and potential bugs.
2025-11-08 10:25:32,151 : INFO : EventManager : Event: ======'blink_on'====== Args={'priority': 0}
2025-11-08 10:25:32,740 : INFO : EventManager : Event: ======'blink_off'====== Args={'priority': 0}
2025-11-08 10:25:32,740 : INFO : EventManager : Unordered handler for class <Auditor> on event game_ended with priority 1. Handlers: [RegisteredHandler(callback=<bound method Auditor.disable of <Auditor>>, priority=1, kwargs={}, key=UUID('7e50d89f-841c-4998-b335-c34975d6dfae'), condition=None, blocking_facility=None), RegisteredHandler(callback=<bound method Auditor._save_audits of <Auditor>>, priority=1, kwargs={}, key=UUID('c1f68a3f-64e8-474b-9f7e-dfb3f7f8e038'), condition=None, blocking_facility=None)]. The order of those handlers is not defined and they will be executed in random order. This might lead to race conditions and potential bugs.
2025-11-08 10:25:32,941 : INFO : SwitchController : <<<<<<< 's_trough' active >>>>>>>
2025-11-08 10:25:32,941 : INFO : EventManager : Event: ======'machine_var_audits_switches_s_trough'====== Args={'value': 618, 'prev_value': 617, 'change': 1}
2025-11-08 10:25:32,987 : INFO : SwitchController : <<<<<<< 's_trough' inactive >>>>>>>
2025-11-08 10:25:33,003 : INFO : SwitchController : <<<<<<< 's_trough' active >>>>>>>
2025-11-08 10:25:33,003 : INFO : EventManager : Event: ======'machine_var_audits_switches_s_trough'====== Args={'value': 619, 'prev_value': 618, 'change': 1}
2025-11-08 10:25:33,359 : INFO : EventManager : Event: ======'blink_on'====== Args={'priority': 0}
2025-11-08 10:25:33,516 : INFO : EventManager : Event: ======'balldevice_bd_trough_ball_count_changed'====== Args={'balls': 1}
2025-11-08 10:25:33,516 : INFO : ball_device.bd_trough : Received unexpected ball
2025-11-08 10:25:33,516 : INFO : EventManager : Event: ======'balldevice_captured_from_playfield'====== Args={'balls': 1}
2025-11-08 10:25:33,516 : INFO : EventManager : Event: ======'sw_playfield_active'====== Args={'balls': 1}
2025-11-08 10:25:33,517 : INFO : EventManager : Event: ======'playfield_ball_count_change'====== Args={'balls': 0, 'change': -1}
2025-11-08 10:25:33,517 : INFO : EventManager : Event: ======'balldevice_bd_trough_ball_enter'====== Args={'new_balls': 1, 'unclaimed_balls': 1, 'new_available_balls': 1, 'device': <ball_device.bd_trough>}
2025-11-08 10:25:33,518 : INFO : EventManager : Event: ======'ball_drain'====== Args={'device': <ball_device.bd_trough>, 'balls': 1}
2025-11-08 10:25:33,518 : INFO : EventManager : Event: ======'ball_will_end'====== Args={}
2025-11-08 10:25:33,518 : INFO : EventManager : Event: ======'balldevice_balls_available'====== Args={}
2025-11-08 10:25:33,518 : INFO : EventManager : Event: ======'balldevice_bd_trough_ball_entered'====== Args={'new_balls': 1, 'device': <ball_device.bd_trough>}
2025-11-08 10:25:33,520 : INFO : EventManager : Event: ======'ball_ending'====== Args={}
2025-11-08 10:25:33,520 : INFO : EventManager : Event: ======'mode_base_will_stop'====== Args={}
2025-11-08 10:25:33,520 : INFO : EventManager : Event: ======'mode_base_stopping'====== Args={}
2025-11-08 10:25:33,521 : INFO : EventManager : Event: ======'godot_stop_base'====== Args={'priority': 0}
2025-11-08 10:25:33,521 : INFO : Mode.base : Stopped.
2025-11-08 10:25:33,521 : INFO : EventManager : Event: ======'modes_active_modes_changed'====== Args={}
2025-11-08 10:25:33,522 : INFO : EventManager : Event: ======'mode_base_stopped'====== Args={}
2025-11-08 10:25:33,522 : INFO : EventManager : Event: ======'clear'====== Args={'key': 'base'}
2025-11-08 10:25:33,538 : INFO : EventManager : Event: ======'ball_ended'====== Args={}
2025-11-08 10:25:33,539 : INFO : EventManager : Event: ======'player_turn_will_end'====== Args={'player': <Player 1>, 'number': 1}
2025-11-08 10:25:33,544 : INFO : EventManager : Event: ======'player_turn_ending'====== Args={'player': <Player 1>, 'number': 1}
2025-11-08 10:25:33,544 : INFO : EventManager : Event: ======'player_turn_ended'====== Args={'player': <Player 1>, 'number': 1}
2025-11-08 10:25:33,544 : INFO : EventManager : Event: ======'player_turn_will_start'====== Args={'player': <Player 1>, 'number': 1}
2025-11-08 10:25:33,545 : INFO : EventManager : Event: ======'player_turn_starting'====== Args={'player': <Player 1>, 'number': 1}
2025-11-08 10:25:33,545 : INFO : EventManager : Event: ======'player_ball'====== Args={'value': 2, 'prev_value': 1, 'change': 1, 'player_num': 1}
2025-11-08 10:25:33,547 : INFO : EventManager : Event: ======'player_turn_started'====== Args={'player': <Player 1>, 'number': 1}
2025-11-08 10:25:33,548 : INFO : EventManager : Event: ======'ball_will_start'====== Args={'player': 1, 'ball': 2, 'balls_remaining': 1, 'is_extra_ball': False}
2025-11-08 10:25:33,553 : INFO : EventManager : Event: ======'ball_starting'====== Args={'player': 1, 'ball': 2, 'balls_remaining': 1, 'is_extra_ball': False}
2025-11-08 10:25:33,553 : INFO : EventManager : Event: ======'mode_base_will_start'====== Args={'queue': <QueuedEvent>, 'player': 1, 'ball': 2, 'balls_remaining': 1, 'is_extra_ball': False}
2025-11-08 10:25:33,554 : INFO : EventManager : Unordered handler for class <Auditor> on event game_ended with priority 1. Handlers: [RegisteredHandler(callback=<bound method Auditor.disable of <Auditor>>, priority=1, kwargs={}, key=UUID('7e50d89f-841c-4998-b335-c34975d6dfae'), condition=None, blocking_facility=None), RegisteredHandler(callback=<bound method Auditor._save_audits of <Auditor>>, priority=1, kwargs={}, key=UUID('c1f68a3f-64e8-474b-9f7e-dfb3f7f8e038'), condition=None, blocking_facility=None)]. The order of those handlers is not defined and they will be executed in random order. This might lead to race conditions and potential bugs.
2025-11-08 10:25:33,554 : INFO : EventManager : Unordered handler for class <Auditor> on event game_ended with priority 1. Handlers: [RegisteredHandler(callback=<bound method Auditor.disable of <Auditor>>, priority=1, kwargs={}, key=UUID('7e50d89f-841c-4998-b335-c34975d6dfae'), condition=None, blocking_facility=None), RegisteredHandler(callback=<bound method Auditor._save_audits of <Auditor>>, priority=1, kwargs={}, key=UUID('c1f68a3f-64e8-474b-9f7e-dfb3f7f8e038'), condition=None, blocking_facility=None)]. The order of those handlers is not defined and they will be executed in random order. This might lead to race conditions and potential bugs.
2025-11-08 10:25:33,558 : INFO : EventManager : Event: ======'mode_base_starting'====== Args={'queue': <QueuedEvent>, 'player': 1, 'ball': 2, 'balls_remaining': 1, 'is_extra_ball': False}
2025-11-08 10:25:33,558 : INFO : drop_target_bank.right_bank : All targets are already up. Will not reset bank.
2025-11-08 10:25:33,558 : INFO : drop_target_bank.left_bank : All targets are already up. Will not reset bank.
2025-11-08 10:25:33,559 : INFO : EventManager : Event: ======'balls_in_play'====== Args={'balls': 1}
2025-11-08 10:25:33,559 : INFO : EventManager : Event: ======'ball_started'====== Args={'player': 1, 'ball': 2, 'balls_remaining': 1, 'is_extra_ball': False}
2025-11-08 10:25:33,559 : INFO : EventManager : Event: ======'logicblock_eg_pop_counter_updated'====== Args={'value': 0, 'enabled': True}
2025-11-08 10:25:33,559 : INFO : EventManager : Event: ======'logicblock_eg_pop_counter_updated'====== Args={'value': 0, 'enabled': True}
2025-11-08 10:25:33,559 : INFO : Mode.base : Started. Priority: 50
2025-11-08 10:25:33,559 : INFO : EventManager : Event: ======'modes_active_modes_changed'====== Args={}
2025-11-08 10:25:33,559 : INFO : EventManager : Event: ======'mode_base_started'====== Args={'queue': <QueuedEvent>, 'player': 1, 'ball': 2, 'balls_remaining': 1, 'is_extra_ball': False}
2025-11-08 10:25:33,559 : INFO : EventManager : Event: ======'logicblock_eg_pop_counter_updated'====== Args={'value': 0, 'enabled': True}
2025-11-08 10:25:33,561 : INFO : EventManager : Unordered handler for class <Auditor> on event game_ended with priority 1. Handlers: [RegisteredHandler(callback=<bound method Auditor.disable of <Auditor>>, priority=1, kwargs={}, key=UUID('7e50d89f-841c-4998-b335-c34975d6dfae'), condition=None, blocking_facility=None), RegisteredHandler(callback=<bound method Auditor._save_audits of <Auditor>>, priority=1, kwargs={}, key=UUID('c1f68a3f-64e8-474b-9f7e-dfb3f7f8e038'), condition=None, blocking_facility=None)]. The order of those handlers is not defined and they will be executed in random order. This might lead to race conditions and potential bugs.
2025-11-08 10:25:33,561 : INFO : EventManager : Event: ======'stop_mode_attract'====== Args={'priority': 0}
2025-11-08 10:25:33,562 : INFO : EventManager : Event: ======'mode_attract_will_stop'====== Args={'priority': 0}
2025-11-08 10:25:33,562 : INFO : EventManager : Event: ======'godot_attract_off'====== Args={'priority': 0}
2025-11-08 10:25:33,562 : INFO : EventManager : Event: ======'godot_play_base'====== Args={'priority': 0}
2025-11-08 10:25:33,562 : INFO : EventManager : Event: ======'single_player_ball_started'====== Args={}
2025-11-08 10:25:33,578 : INFO : EventManager : Event: ======'ball_start_target'====== Args={'target': 'playfield'}
2025-11-08 10:25:33,578 : INFO : ball_device.bd_trough : Setting up player-controlled eject. Balls: 1, Target: <playfield.playfield>, player_controlled_eject_event: None
2025-11-08 10:25:33,580 : INFO : ball_device.bd_trough : Adding 1 ball(s) to the eject_queue with target <playfield.playfield>.
2025-11-08 10:25:33,580 : INFO : EventManager : Event: ======'balldevice_balls_available'====== Args={}
2025-11-08 10:25:33,581 : INFO : ball_device.bd_trough : State: waiting_for_target_ready
2025-11-08 10:25:33,581 : INFO : EventManager : Event: ======'balldevice_bd_trough_ball_eject_attempt'====== Args={'balls': 1, 'target': <playfield.playfield>, 'source': <ball_device.bd_trough>, 'mechanical_eject': False, 'num_attempts': 0}
2025-11-08 10:25:33,581 : INFO : ball_device.bd_trough : State: ejecting
2025-11-08 10:25:33,581 : INFO : ball_device.bd_trough : Ejecting ball to <playfield.playfield>
2025-11-08 10:25:33,581 : INFO : EventManager : Event: ======'balldevice_bd_trough_ejecting_ball'====== Args={'balls': 1, 'target': <playfield.playfield>, 'source': <ball_device.bd_trough>, 'mechanical_eject': False, 'num_attempts': 0}
2025-11-08 10:25:33,582 : INFO : ball_device.bd_trough : Wait for ball to leave device
2025-11-08 10:25:33,582 : INFO : coil.c_trough_eject : Pulsing Driver for 40ms (1.0 pulse_power)
2025-11-08 10:25:33,639 : INFO : SwitchController : <<<<<<< 's_trough' inactive >>>>>>>
2025-11-08 10:25:33,647 : INFO : ball_device.bd_trough : State: ball_left
2025-11-08 10:25:33,648 : INFO : ball_device.bd_trough : Ball left
2025-11-08 10:25:33,648 : INFO : ball_device.bd_trough : Wait for confirm with timeout 10.0
2025-11-08 10:25:33,724 : INFO : EventManager : Event: ======'slide_base_created'====== Args={'_from_bcp': True}
2025-11-08 10:25:33,724 : INFO : EventManager : Event: ======'slide_base_inactive'====== Args={'is_removing': True, '_from_bcp': True}
2025-11-08 10:25:33,724 : INFO : EventManager : Event: ======'slide_base_active'====== Args={'original_context': 'base', 'original_calling_context': 'mode_base_started', 'priority': 50.0, 'queue': '<QueuedEvent>', 'player': 1.0, 'ball': 2.0, 'balls_remaining': 1.0, 'is_extra_ball': False, 'cmd': 'slides_play', '_from_bcp': True}
2025-11-08 10:25:33,724 : INFO : EventManager : Event: ======'slide_base_removed'====== Args={'_from_bcp': True}
2025-11-08 10:25:33,942 : INFO : EventManager : Event: ======'blink_off'====== Args={'priority': 0}
2025-11-08 10:25:34,559 : INFO : EventManager : Event: ======'blink_on'====== Args={'priority': 0}
2025-11-08 10:25:35,146 : INFO : EventManager : Event: ======'blink_off'====== Args={'priority': 0}
2025-11-08 10:25:35,146 : INFO : EventManager : Unordered handler for class <Auditor> on event game_ended with priority 1. Handlers: [RegisteredHandler(callback=<bound method Auditor.disable of <Auditor>>, priority=1, kwargs={}, key=UUID('7e50d89f-841c-4998-b335-c34975d6dfae'), condition=None, blocking_facility=None), RegisteredHandler(callback=<bound method Auditor._save_audits of <Auditor>>, priority=1, kwargs={}, key=UUID('c1f68a3f-64e8-474b-9f7e-dfb3f7f8e038'), condition=None, blocking_facility=None)]. The order of those handlers is not defined and they will be executed in random order. This might lead to race conditions and potential bugs.
2025-11-08 10:25:35,750 : INFO : EventManager : Event: ======'blink_on'====== Args={'priority': 0}
2025-11-08 10:25:36,354 : INFO : EventManager : Event: ======'blink_off'====== Args={'priority': 0}
2025-11-08 10:25:36,354 : INFO : EventManager : Unordered handler for class <Auditor> on event game_ended with priority 1. Handlers: [RegisteredHandler(callback=<bound method Auditor.disable of <Auditor>>, priority=1, kwargs={}, key=UUID('7e50d89f-841c-4998-b335-c34975d6dfae'), condition=None, blocking_facility=None), RegisteredHandler(callback=<bound method Auditor._save_audits of <Auditor>>, priority=1, kwargs={}, key=UUID('c1f68a3f-64e8-474b-9f7e-dfb3f7f8e038'), condition=None, blocking_facility=None)]. The order of those handlers is not defined and they will be executed in random order. This might lead to race conditions and potential bugs.
2025-11-08 10:25:36,942 : INFO : EventManager : Event: ======'blink_on'====== Args={'priority': 0}
2025-11-08 10:25:37,564 : INFO : EventManager : Event: ======'blink_off'====== Args={'priority': 0}
2025-11-08 10:25:37,564 : INFO : EventManager : Unordered handler for class <Auditor> on event game_ended with priority 1. Handlers: [RegisteredHandler(callback=<bound method Auditor.disable of <Auditor>>, priority=1, kwargs={}, key=UUID('7e50d89f-841c-4998-b335-c34975d6dfae'), condition=None, blocking_facility=None), RegisteredHandler(callback=<bound method Auditor._save_audits of <Auditor>>, priority=1, kwargs={}, key=UUID('c1f68a3f-64e8-474b-9f7e-dfb3f7f8e038'), condition=None, blocking_facility=None)]. The order of those handlers is not defined and they will be executed in random order. This might lead to race conditions and potential bugs.
2025-11-08 10:25:38,158 : INFO : EventManager : Event: ======'blink_on'====== Args={'priority': 0}
2025-11-08 10:25:38,748 : INFO : EventManager : Event: ======'blink_off'====== Args={'priority': 0}
2025-11-08 10:25:38,748 : INFO : EventManager : Unordered handler for class <Auditor> on event game_ended with priority 1. Handlers: [RegisteredHandler(callback=<bound method Auditor.disable of <Auditor>>, priority=1, kwargs={}, key=UUID('7e50d89f-841c-4998-b335-c34975d6dfae'), condition=None, blocking_facility=None), RegisteredHandler(callback=<bound method Auditor._save_audits of <Auditor>>, priority=1, kwargs={}, key=UUID('c1f68a3f-64e8-474b-9f7e-dfb3f7f8e038'), condition=None, blocking_facility=None)]. The order of those handlers is not defined and they will be executed in random order. This might lead to race conditions and potential bugs.
2025-11-08 10:25:39,134 : INFO : SwitchController : <<<<<<< 's_right_inlane' active >>>>>>>
2025-11-08 10:25:39,134 : INFO : EventManager : Event: ======'s_right_inlane_active'====== Args={}
2025-11-08 10:25:39,134 : INFO : EventManager : Event: ======'sw_playfield_active'====== Args={}
2025-11-08 10:25:39,134 : INFO : EventManager : Event: ======'machine_var_audits_switches_s_right_inlane'====== Args={'value': 82, 'prev_value': 81, 'change': 1}
2025-11-08 10:25:39,134 : INFO : EventManager : Event: ======'player_score'====== Args={'value': 200, 'prev_value': 100, 'change': 100, 'player_num': 1, 'source': 'base'}
2025-11-08 10:25:39,137 : INFO : EventManager : Unordered handler for class <Auditor> on event game_ended with priority 1. Handlers: [RegisteredHandler(callback=<bound method Auditor.disable of <Auditor>>, priority=1, kwargs={}, key=UUID('7e50d89f-841c-4998-b335-c34975d6dfae'), condition=None, blocking_facility=None), RegisteredHandler(callback=<bound method Auditor._save_audits of <Auditor>>, priority=1, kwargs={}, key=UUID('c1f68a3f-64e8-474b-9f7e-dfb3f7f8e038'), condition=None, blocking_facility=None)]. The order of those handlers is not defined and they will be executed in random order. This might lead to race conditions and potential bugs.
2025-11-08 10:25:39,137 : INFO : EventManager : Event: ======'playfield_active'====== Args={'source': None}
2025-11-08 10:25:39,149 : INFO : EventManager : Unordered handler for class <Auditor> on event game_ended with priority 1. Handlers: [RegisteredHandler(callback=<bound method Auditor.disable of <Auditor>>, priority=1, kwargs={}, key=UUID('7e50d89f-841c-4998-b335-c34975d6dfae'), condition=None, blocking_facility=None), RegisteredHandler(callback=<bound method Auditor._save_audits of <Auditor>>, priority=1, kwargs={}, key=UUID('c1f68a3f-64e8-474b-9f7e-dfb3f7f8e038'), condition=None, blocking_facility=None)]. The order of those handlers is not defined and they will be executed in random order. This might lead to race conditions and potential bugs.
2025-11-08 10:25:39,149 : INFO : EventManager : Unordered handler for class <Auditor> on event game_ended with priority 1. Handlers: [RegisteredHandler(callback=<bound method Auditor.disable of <Auditor>>, priority=1, kwargs={}, key=UUID('7e50d89f-841c-4998-b335-c34975d6dfae'), condition=None, blocking_facility=None), RegisteredHandler(callback=<bound method Auditor._save_audits of <Auditor>>, priority=1, kwargs={}, key=UUID('c1f68a3f-64e8-474b-9f7e-dfb3f7f8e038'), condition=None, blocking_facility=None)]. The order of those handlers is not defined and they will be executed in random order. This might lead to race conditions and potential bugs.
2025-11-08 10:25:39,150 : INFO : EventManager : Unordered handler for class <Auditor> on event game_ended with priority 1. Handlers: [RegisteredHandler(callback=<bound method Auditor.disable of <Auditor>>, priority=1, kwargs={}, key=UUID('7e50d89f-841c-4998-b335-c34975d6dfae'), condition=None, blocking_facility=None), RegisteredHandler(callback=<bound method Auditor._save_audits of <Auditor>>, priority=1, kwargs={}, key=UUID('c1f68a3f-64e8-474b-9f7e-dfb3f7f8e038'), condition=None, blocking_facility=None)]. The order of those handlers is not defined and they will be executed in random order. This might lead to race conditions and potential bugs.
2025-11-08 10:25:39,151 : INFO : EventManager : Unordered handler for class <Auditor> on event game_ended with priority 1. Handlers: [RegisteredHandler(callback=<bound method Auditor.disable of <Auditor>>, priority=1, kwargs={}, key=UUID('7e50d89f-841c-4998-b335-c34975d6dfae'), condition=None, blocking_facility=None), RegisteredHandler(callback=<bound method Auditor._save_audits of <Auditor>>, priority=1, kwargs={}, key=UUID('c1f68a3f-64e8-474b-9f7e-dfb3f7f8e038'), condition=None, blocking_facility=None)]. The order of those handlers is not defined and they will be executed in random order. This might lead to race conditions and potential bugs.
2025-11-08 10:25:39,152 : INFO : EventManager : Unordered handler for class <Auditor> on event game_ended with priority 1. Handlers: [RegisteredHandler(callback=<bound method Auditor.disable of <Auditor>>, priority=1, kwargs={}, key=UUID('7e50d89f-841c-4998-b335-c34975d6dfae'), condition=None, blocking_facility=None), RegisteredHandler(callback=<bound method Auditor._save_audits of <Auditor>>, priority=1, kwargs={}, key=UUID('c1f68a3f-64e8-474b-9f7e-dfb3f7f8e038'), condition=None, blocking_facility=None)]. The order of those handlers is not defined and they will be executed in random order. This might lead to race conditions and potential bugs.
2025-11-08 10:25:39,152 : INFO : EventManager : Unordered handler for class <Auditor> on event game_ended with priority 1. Handlers: [RegisteredHandler(callback=<bound method Auditor.disable of <Auditor>>, priority=1, kwargs={}, key=UUID('7e50d89f-841c-4998-b335-c34975d6dfae'), condition=None, blocking_facility=None), RegisteredHandler(callback=<bound method Auditor._save_audits of <Auditor>>, priority=1, kwargs={}, key=UUID('c1f68a3f-64e8-474b-9f7e-dfb3f7f8e038'), condition=None, blocking_facility=None)]. The order of those handlers is not defined and they will be executed in random order. This might lead to race conditions and potential bugs.
2025-11-08 10:25:39,153 : INFO : EventManager : Unordered handler for class <Auditor> on event game_ended with priority 1. Handlers: [RegisteredHandler(callback=<bound method Auditor.disable of <Auditor>>, priority=1, kwargs={}, key=UUID('7e50d89f-841c-4998-b335-c34975d6dfae'), condition=None, blocking_facility=None), RegisteredHandler(callback=<bound method Auditor._save_audits of <Auditor>>, priority=1, kwargs={}, key=UUID('c1f68a3f-64e8-474b-9f7e-dfb3f7f8e038'), condition=None, blocking_facility=None)]. The order of those handlers is not defined and they will be executed in random order. This might lead to race conditions and potential bugs.
2025-11-08 10:25:39,153 : INFO : ball_device.bd_trough : Got eject confirm
2025-11-08 10:25:39,153 : INFO : ball_device.bd_trough : Eject successful
2025-11-08 10:25:39,153 : INFO : EventManager : Event: ======'balldevice_bd_trough_ball_eject_success'====== Args={'balls': 1, 'target': <playfield.playfield>}
2025-11-08 10:25:39,154 : INFO : EventManager : Event: ======'balldevice_playfield_ball_enter'====== Args={'new_balls': 1, 'unclaimed_balls': 1, 'device': <playfield.playfield>}
2025-11-08 10:25:39,154 : INFO : EventManager : Event: ======'playfield_ball_count_change'====== Args={'balls': 1, 'change': 1}
2025-11-08 10:25:39,155 : INFO : EventManager : Event: ======'balldevice_bd_trough_ball_count_changed'====== Args={'balls': 0}
2025-11-08 10:25:39,155 : INFO : ball_device.bd_trough : State: idle
2025-11-08 10:25:39,352 : INFO : EventManager : Event: ======'blink_on'====== Args={'priority': 0}
2025-11-08 10:25:39,415 : INFO : SwitchController : <<<<<<< 's_right_inlane' inactive >>>>>>>
2025-11-08 10:25:39,945 : INFO : EventManager : Event: ======'blink_off'====== Args={'priority': 0}
2025-11-08 10:25:39,946 : INFO : EventManager : Unordered handler for class <Auditor> on event game_ended with priority 1. Handlers: [RegisteredHandler(callback=<bound method Auditor.disable of <Auditor>>, priority=1, kwargs={}, key=UUID('7e50d89f-841c-4998-b335-c34975d6dfae'), condition=None, blocking_facility=None), RegisteredHandler(callback=<bound method Auditor._save_audits of <Auditor>>, priority=1, kwargs={}, key=UUID('c1f68a3f-64e8-474b-9f7e-dfb3f7f8e038'), condition=None, blocking_facility=None)]. The order of those handlers is not defined and they will be executed in random order. This might lead to race conditions and potential bugs.
2025-11-08 10:25:40,561 : INFO : EventManager : Event: ======'blink_on'====== Args={'priority': 0}
2025-11-08 10:25:40,576 : INFO : SwitchController : <<<<<<< 's_trough' active >>>>>>>
2025-11-08 10:25:40,576 : INFO : EventManager : Event: ======'machine_var_audits_switches_s_trough'====== Args={'value': 620, 'prev_value': 619, 'change': 1}
2025-11-08 10:25:40,639 : INFO : SwitchController : <<<<<<< 's_trough' inactive >>>>>>>
2025-11-08 10:25:40,644 : INFO : SwitchController : <<<<<<< 's_trough' active >>>>>>>
2025-11-08 10:25:40,645 : INFO : EventManager : Event: ======'machine_var_audits_switches_s_trough'====== Args={'value': 621, 'prev_value': 620, 'change': 1}
2025-11-08 10:25:41,152 : INFO : EventManager : Event: ======'blink_off'====== Args={'priority': 0}
2025-11-08 10:25:41,153 : INFO : EventManager : Unordered handler for class <Auditor> on event game_ended with priority 1. Handlers: [RegisteredHandler(callback=<bound method Auditor.disable of <Auditor>>, priority=1, kwargs={}, key=UUID('7e50d89f-841c-4998-b335-c34975d6dfae'), condition=None, blocking_facility=None), RegisteredHandler(callback=<bound method Auditor._save_audits of <Auditor>>, priority=1, kwargs={}, key=UUID('c1f68a3f-64e8-474b-9f7e-dfb3f7f8e038'), condition=None, blocking_facility=None)]. The order of those handlers is not defined and they will be executed in random order. This might lead to race conditions and potential bugs.
2025-11-08 10:25:41,154 : INFO : EventManager : Event: ======'balldevice_bd_trough_ball_count_changed'====== Args={'balls': 1}
2025-11-08 10:25:41,154 : INFO : ball_device.bd_trough : Received unexpected ball
2025-11-08 10:25:41,154 : INFO : EventManager : Event: ======'balldevice_captured_from_playfield'====== Args={'balls': 1}
2025-11-08 10:25:41,156 : INFO : EventManager : Event: ======'sw_playfield_active'====== Args={'balls': 1}
2025-11-08 10:25:41,156 : INFO : EventManager : Event: ======'playfield_ball_count_change'====== Args={'balls': 0, 'change': -1}
2025-11-08 10:25:41,156 : INFO : EventManager : Event: ======'balldevice_bd_trough_ball_enter'====== Args={'new_balls': 1, 'unclaimed_balls': 1, 'new_available_balls': 1, 'device': <ball_device.bd_trough>}
2025-11-08 10:25:41,156 : INFO : EventManager : Event: ======'ball_drain'====== Args={'device': <ball_device.bd_trough>, 'balls': 1}
2025-11-08 10:25:41,157 : INFO : EventManager : Event: ======'ball_will_end'====== Args={}
2025-11-08 10:25:41,157 : INFO : EventManager : Event: ======'balldevice_balls_available'====== Args={}
2025-11-08 10:25:41,157 : INFO : EventManager : Event: ======'balldevice_bd_trough_ball_entered'====== Args={'new_balls': 1, 'device': <ball_device.bd_trough>}
2025-11-08 10:25:41,158 : INFO : EventManager : Event: ======'ball_ending'====== Args={}
2025-11-08 10:25:41,158 : INFO : EventManager : Event: ======'mode_base_will_stop'====== Args={}
2025-11-08 10:25:41,159 : INFO : EventManager : Event: ======'mode_base_stopping'====== Args={}
2025-11-08 10:25:41,159 : INFO : EventManager : Event: ======'godot_stop_base'====== Args={'priority': 0}
2025-11-08 10:25:41,159 : INFO : Mode.base : Stopped.
2025-11-08 10:25:41,159 : INFO : EventManager : Event: ======'modes_active_modes_changed'====== Args={}
2025-11-08 10:25:41,160 : INFO : EventManager : Event: ======'mode_base_stopped'====== Args={}
2025-11-08 10:25:41,160 : INFO : EventManager : Event: ======'clear'====== Args={'key': 'base'}
2025-11-08 10:25:41,173 : INFO : EventManager : Event: ======'ball_ended'====== Args={}
2025-11-08 10:25:41,173 : INFO : EventManager : Event: ======'player_turn_will_end'====== Args={'player': <Player 1>, 'number': 1}
2025-11-08 10:25:41,179 : INFO : EventManager : Event: ======'player_turn_ending'====== Args={'player': <Player 1>, 'number': 1}
2025-11-08 10:25:41,179 : INFO : EventManager : Event: ======'player_turn_ended'====== Args={'player': <Player 1>, 'number': 1}
2025-11-08 10:25:41,180 : INFO : EventManager : Event: ======'player_turn_will_start'====== Args={'player': <Player 1>, 'number': 1}
2025-11-08 10:25:41,180 : INFO : EventManager : Event: ======'player_turn_starting'====== Args={'player': <Player 1>, 'number': 1}
2025-11-08 10:25:41,180 : INFO : EventManager : Event: ======'player_ball'====== Args={'value': 3, 'prev_value': 2, 'change': 1, 'player_num': 1}
2025-11-08 10:25:41,180 : INFO : EventManager : Event: ======'player_turn_started'====== Args={'player': <Player 1>, 'number': 1}
2025-11-08 10:25:41,181 : INFO : EventManager : Event: ======'ball_will_start'====== Args={'player': 1, 'ball': 3, 'balls_remaining': 0, 'is_extra_ball': False}
2025-11-08 10:25:41,186 : INFO : EventManager : Event: ======'ball_starting'====== Args={'player': 1, 'ball': 3, 'balls_remaining': 0, 'is_extra_ball': False}
2025-11-08 10:25:41,186 : INFO : EventManager : Event: ======'mode_base_will_start'====== Args={'queue': <QueuedEvent>, 'player': 1, 'ball': 3, 'balls_remaining': 0, 'is_extra_ball': False}
2025-11-08 10:25:41,186 : INFO : EventManager : Unordered handler for class <Auditor> on event game_ended with priority 1. Handlers: [RegisteredHandler(callback=<bound method Auditor.disable of <Auditor>>, priority=1, kwargs={}, key=UUID('7e50d89f-841c-4998-b335-c34975d6dfae'), condition=None, blocking_facility=None), RegisteredHandler(callback=<bound method Auditor._save_audits of <Auditor>>, priority=1, kwargs={}, key=UUID('c1f68a3f-64e8-474b-9f7e-dfb3f7f8e038'), condition=None, blocking_facility=None)]. The order of those handlers is not defined and they will be executed in random order. This might lead to race conditions and potential bugs.
2025-11-08 10:25:41,186 : INFO : EventManager : Unordered handler for class <Auditor> on event game_ended with priority 1. Handlers: [RegisteredHandler(callback=<bound method Auditor.disable of <Auditor>>, priority=1, kwargs={}, key=UUID('7e50d89f-841c-4998-b335-c34975d6dfae'), condition=None, blocking_facility=None), RegisteredHandler(callback=<bound method Auditor._save_audits of <Auditor>>, priority=1, kwargs={}, key=UUID('c1f68a3f-64e8-474b-9f7e-dfb3f7f8e038'), condition=None, blocking_facility=None)]. The order of those handlers is not defined and they will be executed in random order. This might lead to race conditions and potential bugs.
2025-11-08 10:25:41,189 : INFO : EventManager : Event: ======'mode_base_starting'====== Args={'queue': <QueuedEvent>, 'player': 1, 'ball': 3, 'balls_remaining': 0, 'is_extra_ball': False}
2025-11-08 10:25:41,189 : INFO : drop_target_bank.right_bank : All targets are already up. Will not reset bank.
2025-11-08 10:25:41,189 : INFO : drop_target_bank.left_bank : All targets are already up. Will not reset bank.
2025-11-08 10:25:41,190 : INFO : EventManager : Event: ======'balls_in_play'====== Args={'balls': 1}
2025-11-08 10:25:41,190 : INFO : EventManager : Event: ======'ball_started'====== Args={'player': 1, 'ball': 3, 'balls_remaining': 0, 'is_extra_ball': False}
2025-11-08 10:25:41,190 : INFO : EventManager : Event: ======'logicblock_eg_pop_counter_updated'====== Args={'value': 0, 'enabled': True}
2025-11-08 10:25:41,190 : INFO : EventManager : Event: ======'logicblock_eg_pop_counter_updated'====== Args={'value': 0, 'enabled': True}
2025-11-08 10:25:41,190 : INFO : Mode.base : Started. Priority: 50
2025-11-08 10:25:41,191 : INFO : EventManager : Event: ======'modes_active_modes_changed'====== Args={}
2025-11-08 10:25:41,191 : INFO : EventManager : Event: ======'mode_base_started'====== Args={'queue': <QueuedEvent>, 'player': 1, 'ball': 3, 'balls_remaining': 0, 'is_extra_ball': False}
2025-11-08 10:25:41,191 : INFO : EventManager : Event: ======'logicblock_eg_pop_counter_updated'====== Args={'value': 0, 'enabled': True}
2025-11-08 10:25:41,192 : INFO : EventManager : Unordered handler for class <Auditor> on event game_ended with priority 1. Handlers: [RegisteredHandler(callback=<bound method Auditor.disable of <Auditor>>, priority=1, kwargs={}, key=UUID('7e50d89f-841c-4998-b335-c34975d6dfae'), condition=None, blocking_facility=None), RegisteredHandler(callback=<bound method Auditor._save_audits of <Auditor>>, priority=1, kwargs={}, key=UUID('c1f68a3f-64e8-474b-9f7e-dfb3f7f8e038'), condition=None, blocking_facility=None)]. The order of those handlers is not defined and they will be executed in random order. This might lead to race conditions and potential bugs.
2025-11-08 10:25:41,193 : INFO : EventManager : Event: ======'stop_mode_attract'====== Args={'priority': 0}
2025-11-08 10:25:41,193 : INFO : EventManager : Event: ======'mode_attract_will_stop'====== Args={'priority': 0}
2025-11-08 10:25:41,193 : INFO : EventManager : Event: ======'godot_attract_off'====== Args={'priority': 0}
2025-11-08 10:25:41,193 : INFO : EventManager : Event: ======'godot_play_base'====== Args={'priority': 0}
2025-11-08 10:25:41,193 : INFO : EventManager : Event: ======'single_player_ball_started'====== Args={}
2025-11-08 10:25:41,208 : INFO : EventManager : Event: ======'ball_start_target'====== Args={'target': 'playfield'}
2025-11-08 10:25:41,209 : INFO : EventManager : Event: ======'slide_base_created'====== Args={'_from_bcp': True}
2025-11-08 10:25:41,209 : INFO : EventManager : Event: ======'slide_base_inactive'====== Args={'is_removing': True, '_from_bcp': True}
2025-11-08 10:25:41,209 : INFO : EventManager : Event: ======'slide_base_active'====== Args={'original_context': 'base', 'original_calling_context': 'mode_base_started', 'priority': 50.0, 'queue': '<QueuedEvent>', 'player': 1.0, 'ball': 3.0, 'balls_remaining': 0.0, 'is_extra_ball': False, 'cmd': 'slides_play', '_from_bcp': True}
2025-11-08 10:25:41,209 : INFO : EventManager : Event: ======'slide_base_removed'====== Args={'_from_bcp': True}
2025-11-08 10:25:41,210 : INFO : ball_device.bd_trough : Setting up player-controlled eject. Balls: 1, Target: <playfield.playfield>, player_controlled_eject_event: None
2025-11-08 10:25:41,210 : INFO : ball_device.bd_trough : Adding 1 ball(s) to the eject_queue with target <playfield.playfield>.
2025-11-08 10:25:41,210 : INFO : EventManager : Event: ======'balldevice_balls_available'====== Args={}
2025-11-08 10:25:41,211 : INFO : ball_device.bd_trough : State: waiting_for_target_ready
2025-11-08 10:25:41,211 : INFO : EventManager : Event: ======'balldevice_bd_trough_ball_eject_attempt'====== Args={'balls': 1, 'target': <playfield.playfield>, 'source': <ball_device.bd_trough>, 'mechanical_eject': False, 'num_attempts': 0}
2025-11-08 10:25:41,211 : INFO : ball_device.bd_trough : State: ejecting
2025-11-08 10:25:41,211 : INFO : ball_device.bd_trough : Ejecting ball to <playfield.playfield>
2025-11-08 10:25:41,211 : INFO : EventManager : Event: ======'balldevice_bd_trough_ejecting_ball'====== Args={'balls': 1, 'target': <playfield.playfield>, 'source': <ball_device.bd_trough>, 'mechanical_eject': False, 'num_attempts': 0}
2025-11-08 10:25:41,212 : INFO : ball_device.bd_trough : Wait for ball to leave device
2025-11-08 10:25:41,212 : INFO : coil.c_trough_eject : Pulsing Driver for 40ms (1.0 pulse_power)
2025-11-08 10:25:41,260 : INFO : SwitchController : <<<<<<< 's_trough' inactive >>>>>>>
2025-11-08 10:25:41,267 : INFO : ball_device.bd_trough : State: ball_left
2025-11-08 10:25:41,267 : INFO : ball_device.bd_trough : Ball left
2025-11-08 10:25:41,267 : INFO : ball_device.bd_trough : Wait for confirm with timeout 10.0
2025-11-08 10:25:41,738 : INFO : EventManager : Event: ======'blink_on'====== Args={'priority': 0}
2025-11-08 10:25:42,348 : INFO : EventManager : Event: ======'blink_off'====== Args={'priority': 0}
2025-11-08 10:25:42,348 : INFO : EventManager : Unordered handler for class <Auditor> on event game_ended with priority 1. Handlers: [RegisteredHandler(callback=<bound method Auditor.disable of <Auditor>>, priority=1, kwargs={}, key=UUID('7e50d89f-841c-4998-b335-c34975d6dfae'), condition=None, blocking_facility=None), RegisteredHandler(callback=<bound method Auditor._save_audits of <Auditor>>, priority=1, kwargs={}, key=UUID('c1f68a3f-64e8-474b-9f7e-dfb3f7f8e038'), condition=None, blocking_facility=None)]. The order of those handlers is not defined and they will be executed in random order. This might lead to race conditions and potential bugs.
2025-11-08 10:25:42,955 : INFO : EventManager : Event: ======'blink_on'====== Args={'priority': 0}
2025-11-08 10:25:43,559 : INFO : EventManager : Event: ======'blink_off'====== Args={'priority': 0}
2025-11-08 10:25:43,560 : INFO : EventManager : Unordered handler for class <Auditor> on event game_ended with priority 1. Handlers: [RegisteredHandler(callback=<bound method Auditor.disable of <Auditor>>, priority=1, kwargs={}, key=UUID('7e50d89f-841c-4998-b335-c34975d6dfae'), condition=None, blocking_facility=None), RegisteredHandler(callback=<bound method Auditor._save_audits of <Auditor>>, priority=1, kwargs={}, key=UUID('c1f68a3f-64e8-474b-9f7e-dfb3f7f8e038'), condition=None, blocking_facility=None)]. The order of those handlers is not defined and they will be executed in random order. This might lead to race conditions and potential bugs.
2025-11-08 10:25:44,148 : INFO : EventManager : Event: ======'blink_on'====== Args={'priority': 0}
2025-11-08 10:25:44,737 : INFO : EventManager : Event: ======'blink_off'====== Args={'priority': 0}
2025-11-08 10:25:44,737 : INFO : EventManager : Unordered handler for class <Auditor> on event game_ended with priority 1. Handlers: [RegisteredHandler(callback=<bound method Auditor.disable of <Auditor>>, priority=1, kwargs={}, key=UUID('7e50d89f-841c-4998-b335-c34975d6dfae'), condition=None, blocking_facility=None), RegisteredHandler(callback=<bound method Auditor._save_audits of <Auditor>>, priority=1, kwargs={}, key=UUID('c1f68a3f-64e8-474b-9f7e-dfb3f7f8e038'), condition=None, blocking_facility=None)]. The order of those handlers is not defined and they will be executed in random order. This might lead to race conditions and potential bugs.
2025-11-08 10:25:45,355 : INFO : EventManager : Event: ======'blink_on'====== Args={'priority': 0}
2025-11-08 10:25:45,797 : INFO : Machine : Shutting down...
2025-11-08 10:25:45,797 : INFO : EventManager : Event: ======'shutdown'====== Args={}
2025-11-08 10:25:45,799 : INFO : EventManager : Event: ======'mode_game_will_stop'====== Args={}
2025-11-08 10:25:45,799 : INFO : EventManager : Event: ======'mode_game_stopping'====== Args={}
2025-11-08 10:25:45,801 : INFO : EventManager : Event: ======'mode_base_will_stop'====== Args={}
2025-11-08 10:25:45,801 : INFO : EventManager : Event: ======'mode_base_stopping'====== Args={}
2025-11-08 10:25:45,801 : INFO : EventManager : Event: ======'godot_stop_base'====== Args={'priority': 0}
2025-11-08 10:25:45,801 : INFO : Mode.base : Stopped.
2025-11-08 10:25:45,801 : INFO : EventManager : Event: ======'modes_active_modes_changed'====== Args={}
2025-11-08 10:25:45,801 : INFO : EventManager : Event: ======'mode_base_stopped'====== Args={}
2025-11-08 10:25:45,801 : INFO : EventManager : Event: ======'clear'====== Args={'key': 'base'}
2025-11-08 10:25:45,802 : INFO : Mode.game : Stopped.
2025-11-08 10:25:45,802 : INFO : EventManager : Event: ======'modes_active_modes_changed'====== Args={}
2025-11-08 10:25:45,802 : INFO : EventManager : Event: ======'mode_game_stopped'====== Args={}
2025-11-08 10:25:45,802 : INFO : EventManager : Event: ======'clear'====== Args={'key': 'game'}
2025-11-08 10:25:45,900 : INFO : root : MPF run loop ended.
