2025-11-30 11:40:49,108 : INFO : root : Loading config.
2025-11-30 11:40:49,111 : INFO : YamlMultifileConfigLoader : Machine config file #1: config.yaml
2025-11-30 11:40:49,111 : INFO : ConfigProcessor : Loading config from cache: C:\Users\antho\AppData\Local\Temp\fdca14d0c9d658ab8200d57120800af5.mpf_cache
2025-11-30 11:40:49,209 : INFO : ConfigProcessor : Loading config from cache: C:\Users\antho\AppData\Local\Temp\5dec96b1547c4adf5bdd3d1715e74bc0.mpf_cache
2025-11-30 11:40:49,209 : INFO : ConfigProcessor : Loading config from cache: C:\Users\antho\AppData\Local\Temp\202a5840610e95051f9f473dfa660cc0.mpf_cache
2025-11-30 11:40:49,210 : INFO : ConfigProcessor : Loading config from cache: C:\Users\antho\AppData\Local\Temp\5dec96b1547c4adf5bdd3d1715e74bc0.mpf_cache
2025-11-30 11:40:49,211 : INFO : ConfigProcessor : Loading config from cache: C:\Users\antho\AppData\Local\Temp\2cd13a2d3f375e00ab01d6d09a85d8e7.mpf_cache
2025-11-30 11:40:49,211 : WARNING : ConfigProcessor : Config file in cache changed: C:\Users\antho\nightpin\modes\escape_graveyard\config\escape_graveyard.yaml
2025-11-30 11:40:49,211 : INFO : ConfigProcessor : Loading config from file C:\Users\antho\nightpin\modes\escape_graveyard\config\escape_graveyard.yaml.
2025-11-30 11:40:49,230 : INFO : ConfigProcessor : Loading config: C:\Users\antho\nightpin\modes\escape_graveyard\config\escape_graveyard.yaml
2025-11-30 11:40:49,231 : INFO : ConfigProcessor : Config file cache created: C:\Users\antho\AppData\Local\Temp\9220b44b97b91972524500b81035d790.mpf_cache
2025-11-30 11:40:49,233 : INFO : ConfigProcessor : Loading config from cache: C:\Users\antho\AppData\Local\Temp\31ee881584fa6fce665a672a4f3f633a.mpf_cache
2025-11-30 11:40:49,234 : INFO : ConfigProcessor : Loading config from cache: C:\Users\antho\AppData\Local\Temp\5e841763ec73085bbf92358fe6afda21.mpf_cache
2025-11-30 11:40:49,234 : INFO : ConfigProcessor : Loading config from cache: C:\Users\antho\AppData\Local\Temp\7f73d12aa9beccac1cbd8c265ccda72e.mpf_cache
2025-11-30 11:40:49,234 : INFO : ConfigProcessor : Loading config from cache: C:\Users\antho\AppData\Local\Temp\a03ebaa9d6d5676c418deb142cb34911.mpf_cache
2025-11-30 11:40:49,235 : INFO : ConfigProcessor : Loading config from file C:\Users\antho\nightpin\shows\.\eg_flash.yaml.
2025-11-30 11:40:49,245 : INFO : ConfigProcessor : Loading config: C:\Users\antho\nightpin\shows\.\eg_flash.yaml
2025-11-30 11:40:49,246 : INFO : ConfigProcessor : Config file cache created: C:\Users\antho\AppData\Local\Temp\2a094deb6857657f8a15ea4f7a0ec867.mpf_cache
2025-11-30 11:40:49,246 : INFO : ConfigProcessor : Loading config from cache: C:\Users\antho\AppData\Local\Temp\b17152efa55a24f0424602723f8d3921.mpf_cache
2025-11-30 11:40:49,246 : INFO : ConfigProcessor : Loading config from cache: C:\Users\antho\AppData\Local\Temp\e87fc0e7d2f8a851b5fa3f604e0d0c6e.mpf_cache
2025-11-30 11:40:49,248 : INFO : ConfigProcessor : Loading config from cache: C:\Users\antho\AppData\Local\Temp\196ac76b6cab3a9880804c826cfbcb5c.mpf_cache
2025-11-30 11:40:49,248 : INFO : ConfigProcessor : Loading config from cache: C:\Users\antho\AppData\Local\Temp\55437eb303afaa980597ff60f339a871.mpf_cache
2025-11-30 11:40:49,249 : INFO : ConfigProcessor : Loading config from cache: C:\Users\antho\AppData\Local\Temp\fddc1006228d3387e6d1e46051a3638d.mpf_cache
2025-11-30 11:40:49,250 : INFO : ConfigProcessor : Loading config from cache: C:\Users\antho\AppData\Local\Temp\834292dd7853e12a66732dc89828c828.mpf_cache
2025-11-30 11:40:49,250 : INFO : ConfigProcessor : Loading config from cache: C:\Users\antho\AppData\Local\Temp\46f8fa3e41dfeeb8232af2f03a13b6c4.mpf_cache
2025-11-30 11:40:49,251 : INFO : ConfigProcessor : Loading config from cache: C:\Users\antho\AppData\Local\Temp\c67e9c175da6c060302945929b27b878.mpf_cache
2025-11-30 11:40:49,251 : INFO : ConfigProcessor : Loading config from file C:\Users\antho\nightpin\shows\.\spinner_chase.yaml.
2025-11-30 11:40:49,262 : INFO : ConfigProcessor : Loading config: C:\Users\antho\nightpin\shows\.\spinner_chase.yaml
2025-11-30 11:40:49,262 : INFO : ConfigProcessor : Config file cache created: C:\Users\antho\AppData\Local\Temp\ec2973663a8c2c2d478c01722317ca63.mpf_cache
