2025-12-01 08:13:16,506 : INFO : root : Loading config.
2025-12-01 08:13:16,524 : INFO : YamlMultifileConfigLoader : Machine config file #1: config.yaml
2025-12-01 08:13:16,524 : INFO : ConfigProcessor : Loading config from cache: C:\Users\antho\AppData\Local\Temp\fdca14d0c9d658ab8200d57120800af5.mpf_cache
2025-12-01 08:13:16,663 : INFO : ConfigProcessor : Loading config from cache: C:\Users\antho\AppData\Local\Temp\5dec96b1547c4adf5bdd3d1715e74bc0.mpf_cache
2025-12-01 08:13:16,665 : INFO : ConfigProcessor : Loading config from cache: C:\Users\antho\AppData\Local\Temp\202a5840610e95051f9f473dfa660cc0.mpf_cache
2025-12-01 08:13:16,667 : INFO : ConfigProcessor : Loading config from cache: C:\Users\antho\AppData\Local\Temp\5dec96b1547c4adf5bdd3d1715e74bc0.mpf_cache
2025-12-01 08:13:16,668 : WARNING : ConfigProcessor : Config file in cache changed: C:\Users\antho\nightpin\modes\base\config\base.yaml
2025-12-01 08:13:16,668 : INFO : ConfigProcessor : Loading config from file C:\Users\antho\nightpin\modes\base\config\base.yaml.
2025-12-01 08:13:16,687 : INFO : ConfigProcessor : Loading config: C:\Users\antho\nightpin\modes\base\config\base.yaml
2025-12-01 08:13:16,687 : ERROR : ConfigProcessor : Config section 'slides' is removed in MPF 0.80 and will be ignored.
2025-12-01 08:13:16,688 : INFO : ConfigProcessor : Config file cache created: C:\Users\antho\AppData\Local\Temp\2cd13a2d3f375e00ab01d6d09a85d8e7.mpf_cache
2025-12-01 08:13:16,688 : INFO : ConfigProcessor : Loading config from cache: C:\Users\antho\AppData\Local\Temp\9220b44b97b91972524500b81035d790.mpf_cache
2025-12-01 08:13:16,701 : INFO : ConfigProcessor : Loading config from cache: C:\Users\antho\AppData\Local\Temp\31ee881584fa6fce665a672a4f3f633a.mpf_cache
2025-12-01 08:13:16,703 : INFO : ConfigProcessor : Loading config from cache: C:\Users\antho\AppData\Local\Temp\5e841763ec73085bbf92358fe6afda21.mpf_cache
2025-12-01 08:13:16,704 : INFO : ConfigProcessor : Loading config from cache: C:\Users\antho\AppData\Local\Temp\7f73d12aa9beccac1cbd8c265ccda72e.mpf_cache
2025-12-01 08:13:16,706 : INFO : ConfigProcessor : Loading config from cache: C:\Users\antho\AppData\Local\Temp\a03ebaa9d6d5676c418deb142cb34911.mpf_cache
2025-12-01 08:13:16,708 : INFO : ConfigProcessor : Loading config from cache: C:\Users\antho\AppData\Local\Temp\2a094deb6857657f8a15ea4f7a0ec867.mpf_cache
2025-12-01 08:13:16,709 : INFO : ConfigProcessor : Loading config from cache: C:\Users\antho\AppData\Local\Temp\d7fd77a855ca1faa8685cb9a9066d080.mpf_cache
2025-12-01 08:13:16,711 : INFO : ConfigProcessor : Loading config from cache: C:\Users\antho\AppData\Local\Temp\b17152efa55a24f0424602723f8d3921.mpf_cache
2025-12-01 08:13:16,712 : INFO : ConfigProcessor : Loading config from cache: C:\Users\antho\AppData\Local\Temp\e87fc0e7d2f8a851b5fa3f604e0d0c6e.mpf_cache
2025-12-01 08:13:16,715 : INFO : ConfigProcessor : Loading config from cache: C:\Users\antho\AppData\Local\Temp\196ac76b6cab3a9880804c826cfbcb5c.mpf_cache
2025-12-01 08:13:16,716 : INFO : ConfigProcessor : Loading config from cache: C:\Users\antho\AppData\Local\Temp\55437eb303afaa980597ff60f339a871.mpf_cache
2025-12-01 08:13:16,718 : INFO : ConfigProcessor : Loading config from cache: C:\Users\antho\AppData\Local\Temp\fddc1006228d3387e6d1e46051a3638d.mpf_cache
2025-12-01 08:13:16,719 : INFO : ConfigProcessor : Loading config from cache: C:\Users\antho\AppData\Local\Temp\834292dd7853e12a66732dc89828c828.mpf_cache
2025-12-01 08:13:16,721 : INFO : ConfigProcessor : Loading config from cache: C:\Users\antho\AppData\Local\Temp\46f8fa3e41dfeeb8232af2f03a13b6c4.mpf_cache
2025-12-01 08:13:16,724 : INFO : ConfigProcessor : Loading config from cache: C:\Users\antho\AppData\Local\Temp\c67e9c175da6c060302945929b27b878.mpf_cache
2025-12-01 08:13:16,725 : INFO : ConfigProcessor : Loading config from cache: C:\Users\antho\AppData\Local\Temp\ec2973663a8c2c2d478c01722317ca63.mpf_cache
2025-12-01 08:13:16,727 : INFO : Machine : Mission Pinball Framework Core Engine v0.80.0.dev11
2025-12-01 08:13:16,727 : INFO : Machine : Command line arguments: {'no_load_cache': False, 'create_config_cache': True, 'bcp': True, 'configfile': ['config.yaml'], 'force_assets_load': False, 'platform_integration_test': False, 'jsonlogging': False, 'logfile': 'logs\\2025-12-01-08-13-16-mpf-LAPTOP-MPGP6R69.log', 'pause': False, 'production': False, 'text_ui': True, 'loglevel': 15, 'consoleloglevel': 20, 'force_platform': None, 'syslog_address': None, 'full_logfile_path': 'C:\\Users\\antho\\nightpin\\logs\\2025-12-01-08-13-16-mpf-LAPTOP-MPGP6R69.log'}
2025-12-01 08:13:16,727 : INFO : Machine : MPF path: C:\Users\antho\mpf\Lib\site-packages\mpf
2025-12-01 08:13:16,727 : INFO : Machine : Machine path: C:\Users\antho\nightpin
2025-12-01 08:13:16,727 : INFO : Machine : Platform: win32
2025-12-01 08:13:16,727 : INFO : Machine : Python executable location: C:\Users\antho\mpf\Scripts\python.exe
2025-12-01 08:13:16,727 : INFO : Machine : Python version: 3.12.7 (64-bit)
2025-12-01 08:13:16,730 : INFO : Machine : Initializing MPF...
2025-12-01 08:13:17,206 : INFO : lisy : Connecting to com3 at 115200bps
2025-12-01 08:13:17,206 : WARNING : lisy : Could not import terminos (this is ok on windows).
2025-12-01 08:13:17,374 : INFO : EventManager : Event: ======'machine_var_lisy_hardware'====== Args={'value': 'LISY35', 'prev_value': None, 'change': True}
2025-12-01 08:13:17,374 : INFO : EventManager : Event: ======'machine_var_lisy_version'====== Args={'value': '5.26 ', 'prev_value': None, 'change': True}
2025-12-01 08:13:17,374 : INFO : EventManager : Event: ======'machine_var_lisy_api_version'====== Args={'value': b'0.09', 'prev_value': None, 'change': True}
2025-12-01 08:13:18,685 : INFO : EventManager : Event: ======'machine_var_credits_string'====== Args={'value': 'FREE PLAY', 'prev_value': None, 'change': True}
2025-12-01 08:13:18,716 : INFO : EventManager : Event: ======'machine_var_master_volume'====== Args={'value': 0.5, 'prev_value': None, 'change': True}
2025-12-01 08:13:18,716 : INFO : EventManager : Event: ======'machine_var_player1_score'====== Args={'value': 1400, 'prev_value': None, 'change': True}
2025-12-01 08:13:18,716 : INFO : EventManager : Event: ======'machine_var_player2_score'====== Args={'value': 1500, 'prev_value': None, 'change': True}
2025-12-01 08:13:18,716 : INFO : EventManager : Event: ======'machine_var_player3_score'====== Args={'value': 1600, 'prev_value': None, 'change': True}
2025-12-01 08:13:18,716 : INFO : EventManager : Event: ======'machine_var_player4_score'====== Args={'value': 1700, 'prev_value': None, 'change': True}
2025-12-01 08:13:18,716 : INFO : EventManager : Event: ======'machine_var_mpf_version'====== Args={'value': 'Mission Pinball Framework v0.80.0.dev11', 'prev_value': None, 'change': True}
2025-12-01 08:13:18,717 : INFO : EventManager : Event: ======'machine_var_mpf_extended_version'====== Args={'value': 'Mission Pinball Framework v0.80.0.dev11, Config version:6, Show version: 6, BCP version:1.1', 'prev_value': None, 'change': True}
2025-12-01 08:13:18,717 : INFO : EventManager : Event: ======'machine_var_python_version'====== Args={'value': '3.12.7', 'prev_value': None, 'change': True}
2025-12-01 08:13:18,815 : INFO : EventManager : Event: ======'machine_var_platform'====== Args={'value': 'Windows-11-10.0.26100-SP0', 'prev_value': None, 'change': True}
2025-12-01 08:13:18,815 : INFO : EventManager : Event: ======'machine_var_platform_system'====== Args={'value': 'Windows', 'prev_value': None, 'change': True}
2025-12-01 08:13:18,815 : INFO : EventManager : Event: ======'machine_var_platform_release'====== Args={'value': '11', 'prev_value': None, 'change': True}
2025-12-01 08:13:18,815 : INFO : EventManager : Event: ======'machine_var_platform_version'====== Args={'value': '10.0.26100', 'prev_value': None, 'change': True}
2025-12-01 08:13:18,815 : INFO : EventManager : Event: ======'machine_var_platform_machine'====== Args={'value': 'AMD64', 'prev_value': None, 'change': True}
2025-12-01 08:13:18,815 : INFO : EventManager : Event: ======'machine_var_log_file_path'====== Args={'value': 'C:\\Users\\antho\\nightpin\\logs\\2025-12-01-08-13-16-mpf-LAPTOP-MPGP6R69.log', 'prev_value': None, 'change': True}
2025-12-01 08:13:18,815 : INFO : EventManager : Event: ======'init_phase_1'====== Args={}
2025-12-01 08:13:18,854 : INFO : EventManager : Event: ======'drop_target_bank_right_bank_up'====== Args={}
2025-12-01 08:13:18,854 : INFO : EventManager : Event: ======'drop_target_bank_left_bank_up'====== Args={}
2025-12-01 08:13:18,927 : INFO : EventManager : Event: ======'init_phase_2'====== Args={}
2025-12-01 08:13:18,929 : INFO : SwitchController : Found active switch: ('5', <mpf.platforms.lisy.lisy.LisyHardwarePlatform object at 0x0000023138CE96D0>) <switch.s_left_bank_target_left>
2025-12-01 08:13:18,929 : INFO : SwitchController : Found active switch: ('15', <mpf.platforms.lisy.lisy.LisyHardwarePlatform object at 0x0000023138CE96D0>) <switch.s_spinner>
2025-12-01 08:13:18,937 : INFO : EventManager : Event: ======'bcp_connection_attempt'====== Args={'name': 'local_display', 'host': 'localhost', 'port': 5050}
2025-12-01 08:13:18,939 : INFO : BCPClientSocket : Connecting BCP to 'local_display' at localhost:5050...
2025-12-01 08:13:20,495 : INFO : BCPClientSocket : Connected BCP to 'local_display' localhost:5050
2025-12-01 08:13:20,496 : INFO : EventManager : Event: ======'bcp_clients_connected'====== Args={}
2025-12-01 08:13:20,601 : INFO : ball_device.bd_trough : BCH: Initial count: 0
2025-12-01 08:13:20,602 : INFO : ball_device.bd_trough : State: idle
2025-12-01 08:13:20,602 : INFO : ball_device.bd_saucer : BCH: Initial count: 0
2025-12-01 08:13:20,602 : INFO : ball_device.bd_saucer : State: idle
2025-12-01 08:13:20,617 : INFO : EventManager : Event: ======'init_phase_3'====== Args={}
2025-12-01 08:13:20,625 : INFO : EventManager : Event: ======'init_phase_4'====== Args={}
2025-12-01 08:13:20,625 : INFO : EventManager : Event: ======'drop_target_s_left_bank_target_left_down'====== Args={'device': <drop_target.s_left_bank_target_left>}
2025-12-01 08:13:20,625 : INFO : BallController : Initial balls found: 0
2025-12-01 08:13:20,627 : INFO : EventManager : Event: ======'machine_var_audits_events_game_ended'====== Args={'value': 45, 'prev_value': None, 'change': True}
2025-12-01 08:13:20,627 : INFO : EventManager : Event: ======'machine_var_audits_events_game_started'====== Args={'value': 185, 'prev_value': None, 'change': True}
2025-12-01 08:13:20,627 : INFO : EventManager : Event: ======'machine_var_audits_missing_switches_s_coin_right'====== Args={'value': 44, 'prev_value': None, 'change': True}
2025-12-01 08:13:20,627 : INFO : EventManager : Event: ======'machine_var_audits_missing_switches_s_credit_button'====== Args={'value': 35, 'prev_value': None, 'change': True}
2025-12-01 08:13:20,627 : INFO : EventManager : Event: ======'machine_var_audits_missing_switches_s_inlanes'====== Args={'value': 12, 'prev_value': None, 'change': True}
2025-12-01 08:13:20,627 : INFO : EventManager : Event: ======'machine_var_audits_missing_switches_s_left_bank_target_left'====== Args={'value': 4, 'prev_value': None, 'change': True}
2025-12-01 08:13:20,627 : INFO : EventManager : Event: ======'machine_var_audits_missing_switches_s_left_bank_target_middle'====== Args={'value': 33, 'prev_value': None, 'change': True}
2025-12-01 08:13:20,627 : INFO : EventManager : Event: ======'machine_var_audits_missing_switches_s_left_inlane'====== Args={'value': 11, 'prev_value': None, 'change': True}
2025-12-01 08:13:20,627 : INFO : EventManager : Event: ======'machine_var_audits_missing_switches_s_left_lower_bumper'====== Args={'value': 5, 'prev_value': None, 'change': True}
2025-12-01 08:13:20,627 : INFO : EventManager : Event: ======'machine_var_audits_missing_switches_s_left_outlane'====== Args={'value': 7, 'prev_value': None, 'change': True}
2025-12-01 08:13:20,628 : INFO : EventManager : Event: ======'machine_var_audits_missing_switches_s_left_outlane_rollover'====== Args={'value': 23, 'prev_value': None, 'change': True}
2025-12-01 08:13:20,628 : INFO : EventManager : Event: ======'machine_var_audits_missing_switches_s_left_rollover'====== Args={'value': 5, 'prev_value': None, 'change': True}
2025-12-01 08:13:20,628 : INFO : EventManager : Event: ======'machine_var_audits_missing_switches_s_left_skill_lane'====== Args={'value': 3, 'prev_value': None, 'change': True}
2025-12-01 08:13:20,628 : INFO : EventManager : Event: ======'machine_var_audits_missing_switches_s_left_sling'====== Args={'value': 4, 'prev_value': None, 'change': True}
2025-12-01 08:13:20,628 : INFO : EventManager : Event: ======'machine_var_audits_missing_switches_s_middle_skill_lane'====== Args={'value': 1, 'prev_value': None, 'change': True}
2025-12-01 08:13:20,628 : INFO : EventManager : Event: ======'machine_var_audits_missing_switches_s_middle_upper_rollovers'====== Args={'value': 5, 'prev_value': None, 'change': True}
2025-12-01 08:13:20,628 : INFO : EventManager : Event: ======'machine_var_audits_missing_switches_s_outer_skill_lanes'====== Args={'value': 1, 'prev_value': None, 'change': True}
2025-12-01 08:13:20,628 : INFO : EventManager : Event: ======'machine_var_audits_missing_switches_s_right_outlane'====== Args={'value': 5, 'prev_value': None, 'change': True}
2025-12-01 08:13:20,628 : INFO : EventManager : Event: ======'machine_var_audits_missing_switches_s_right_outlane_rollover'====== Args={'value': 40, 'prev_value': None, 'change': True}
2025-12-01 08:13:20,628 : INFO : EventManager : Event: ======'machine_var_audits_missing_switches_s_right_rollover'====== Args={'value': 100, 'prev_value': None, 'change': True}
2025-12-01 08:13:20,628 : INFO : EventManager : Event: ======'machine_var_audits_missing_switches_s_right_skill_lane'====== Args={'value': 3, 'prev_value': None, 'change': True}
2025-12-01 08:13:20,628 : INFO : EventManager : Event: ======'machine_var_audits_missing_switches_s_right_sling'====== Args={'value': 5, 'prev_value': None, 'change': True}
2025-12-01 08:13:20,628 : INFO : EventManager : Event: ======'machine_var_audits_missing_switches_s_rollover_upper'====== Args={'value': 5, 'prev_value': None, 'change': True}
2025-12-01 08:13:20,628 : INFO : EventManager : Event: ======'machine_var_audits_missing_switches_s_slam_tilt'====== Args={'value': 35, 'prev_value': None, 'change': True}
2025-12-01 08:13:20,629 : INFO : EventManager : Event: ======'machine_var_audits_missing_switches_s_stand_up'====== Args={'value': 5, 'prev_value': None, 'change': True}
2025-12-01 08:13:20,629 : INFO : EventManager : Event: ======'machine_var_audits_missing_switches_s_start_button'====== Args={'value': 6, 'prev_value': None, 'change': True}
2025-12-01 08:13:20,629 : INFO : EventManager : Event: ======'machine_var_audits_missing_switches_s_tilt'====== Args={'value': 36, 'prev_value': None, 'change': True}
2025-12-01 08:13:20,629 : INFO : EventManager : Event: ======'machine_var_audits_missing_switches_s_trough'====== Args={'value': 5, 'prev_value': None, 'change': True}
2025-12-01 08:13:20,629 : INFO : EventManager : Event: ======'machine_var_audits_player_score'====== Args={'value': {'average': 962, 'top': [7340, 5110, 5070, 4300, 4230, 3980, 3410, 2500, 2500, 2320], 'total': 89}, 'prev_value': None, 'change': True}
2025-12-01 08:13:20,629 : INFO : EventManager : Event: ======'machine_var_audits_shots_my_first_shot'====== Args={'value': 3, 'prev_value': None, 'change': True}
2025-12-01 08:13:20,629 : INFO : EventManager : Event: ======'machine_var_audits_shots_sh_eg_pop_left'====== Args={'value': 10, 'prev_value': None, 'change': True}
2025-12-01 08:13:20,629 : INFO : EventManager : Event: ======'machine_var_audits_shots_sh_eg_pop_middle'====== Args={'value': 9, 'prev_value': None, 'change': True}
2025-12-01 08:13:20,629 : INFO : EventManager : Event: ======'machine_var_audits_shots_sh_eg_pop_right'====== Args={'value': 14, 'prev_value': None, 'change': True}
2025-12-01 08:13:20,629 : INFO : EventManager : Event: ======'machine_var_audits_shots_sh_eg_right_drop_left'====== Args={'value': 6, 'prev_value': None, 'change': True}
2025-12-01 08:13:20,629 : INFO : EventManager : Event: ======'machine_var_audits_shots_sh_eg_right_drop_middle'====== Args={'value': 3, 'prev_value': None, 'change': True}
2025-12-01 08:13:20,629 : INFO : EventManager : Event: ======'machine_var_audits_shots_sh_eg_right_drop_right'====== Args={'value': 4, 'prev_value': None, 'change': True}
2025-12-01 08:13:20,629 : INFO : EventManager : Event: ======'machine_var_audits_shots_sh_eg_spinner'====== Args={'value': 2, 'prev_value': None, 'change': True}
2025-12-01 08:13:20,630 : INFO : EventManager : Event: ======'machine_var_audits_shots_sh_escape_graveyard_start'====== Args={'value': 20, 'prev_value': None, 'change': True}
2025-12-01 08:13:20,630 : INFO : EventManager : Event: ======'machine_var_audits_switches_s_coin_right'====== Args={'value': 2, 'prev_value': None, 'change': True}
2025-12-01 08:13:20,630 : INFO : EventManager : Event: ======'machine_var_audits_switches_s_credit_button'====== Args={'value': 7, 'prev_value': None, 'change': True}
2025-12-01 08:13:20,630 : INFO : EventManager : Event: ======'machine_var_audits_switches_s_inlanes'====== Args={'value': 159, 'prev_value': None, 'change': True}
2025-12-01 08:13:20,630 : INFO : EventManager : Event: ======'machine_var_audits_switches_s_left_bank_target_left'====== Args={'value': 46, 'prev_value': None, 'change': True}
2025-12-01 08:13:20,630 : INFO : EventManager : Event: ======'machine_var_audits_switches_s_left_bank_target_middle'====== Args={'value': 31, 'prev_value': None, 'change': True}
2025-12-01 08:13:20,630 : INFO : EventManager : Event: ======'machine_var_audits_switches_s_left_bank_target_right'====== Args={'value': 34, 'prev_value': None, 'change': True}
2025-12-01 08:13:20,630 : INFO : EventManager : Event: ======'machine_var_audits_switches_s_left_inlane'====== Args={'value': 13, 'prev_value': None, 'change': True}
2025-12-01 08:13:20,630 : INFO : EventManager : Event: ======'machine_var_audits_switches_s_left_lower_bumper'====== Args={'value': 46, 'prev_value': None, 'change': True}
2025-12-01 08:13:20,630 : INFO : EventManager : Event: ======'machine_var_audits_switches_s_left_outlane'====== Args={'value': 7, 'prev_value': None, 'change': True}
2025-12-01 08:13:20,630 : INFO : EventManager : Event: ======'machine_var_audits_switches_s_left_outlane_rollover'====== Args={'value': 23, 'prev_value': None, 'change': True}
2025-12-01 08:13:20,630 : INFO : EventManager : Event: ======'machine_var_audits_switches_s_left_pop_bumper'====== Args={'value': 162, 'prev_value': None, 'change': True}
2025-12-01 08:13:20,630 : INFO : EventManager : Event: ======'machine_var_audits_switches_s_left_rollover'====== Args={'value': 7, 'prev_value': None, 'change': True}
2025-12-01 08:13:20,631 : INFO : EventManager : Event: ======'machine_var_audits_switches_s_left_skill_lane'====== Args={'value': 24, 'prev_value': None, 'change': True}
2025-12-01 08:13:20,631 : INFO : EventManager : Event: ======'machine_var_audits_switches_s_left_sling'====== Args={'value': 125, 'prev_value': None, 'change': True}
2025-12-01 08:13:20,631 : INFO : EventManager : Event: ======'machine_var_audits_switches_s_left_upper_bumper'====== Args={'value': 62, 'prev_value': None, 'change': True}
2025-12-01 08:13:20,631 : INFO : EventManager : Event: ======'machine_var_audits_switches_s_middle_pop_bumper'====== Args={'value': 193, 'prev_value': None, 'change': True}
2025-12-01 08:13:20,631 : INFO : EventManager : Event: ======'machine_var_audits_switches_s_middle_rollover'====== Args={'value': 56, 'prev_value': None, 'change': True}
2025-12-01 08:13:20,631 : INFO : EventManager : Event: ======'machine_var_audits_switches_s_middle_skill_lane'====== Args={'value': 102, 'prev_value': None, 'change': True}
2025-12-01 08:13:20,631 : INFO : EventManager : Event: ======'machine_var_audits_switches_s_middle_upper_rollovers'====== Args={'value': 97, 'prev_value': None, 'change': True}
2025-12-01 08:13:20,631 : INFO : EventManager : Event: ======'machine_var_audits_switches_s_outer_skill_lanes'====== Args={'value': 133, 'prev_value': None, 'change': True}
2025-12-01 08:13:20,631 : INFO : EventManager : Event: ======'machine_var_audits_switches_s_pop_bumper_bottom'====== Args={'value': 6, 'prev_value': None, 'change': True}
2025-12-01 08:13:20,631 : INFO : EventManager : Event: ======'machine_var_audits_switches_s_pop_bumper_left'====== Args={'value': 2, 'prev_value': None, 'change': True}
2025-12-01 08:13:20,631 : INFO : EventManager : Event: ======'machine_var_audits_switches_s_pop_bumper_right'====== Args={'value': 1, 'prev_value': None, 'change': True}
2025-12-01 08:13:20,631 : INFO : EventManager : Event: ======'machine_var_audits_switches_s_right_bank_target_left'====== Args={'value': 69, 'prev_value': None, 'change': True}
2025-12-01 08:13:20,631 : INFO : EventManager : Event: ======'machine_var_audits_switches_s_right_bank_target_middle'====== Args={'value': 53, 'prev_value': None, 'change': True}
2025-12-01 08:13:20,632 : INFO : EventManager : Event: ======'machine_var_audits_switches_s_right_bank_target_right'====== Args={'value': 45, 'prev_value': None, 'change': True}
2025-12-01 08:13:20,632 : INFO : EventManager : Event: ======'machine_var_audits_switches_s_right_inlane'====== Args={'value': 505, 'prev_value': None, 'change': True}
2025-12-01 08:13:20,632 : INFO : EventManager : Event: ======'machine_var_audits_switches_s_right_outlane'====== Args={'value': 5, 'prev_value': None, 'change': True}
2025-12-01 08:13:20,632 : INFO : EventManager : Event: ======'machine_var_audits_switches_s_right_outlane_rollover'====== Args={'value': 6, 'prev_value': None, 'change': True}
2025-12-01 08:13:20,632 : INFO : EventManager : Event: ======'machine_var_audits_switches_s_right_pop_bumper'====== Args={'value': 219, 'prev_value': None, 'change': True}
2025-12-01 08:13:20,632 : INFO : EventManager : Event: ======'machine_var_audits_switches_s_right_rollover'====== Args={'value': 0, 'prev_value': None, 'change': True}
2025-12-01 08:13:20,632 : INFO : EventManager : Event: ======'machine_var_audits_switches_s_right_skill_lane'====== Args={'value': 21, 'prev_value': None, 'change': True}
2025-12-01 08:13:20,632 : INFO : EventManager : Event: ======'machine_var_audits_switches_s_right_sling'====== Args={'value': 103, 'prev_value': None, 'change': True}
2025-12-01 08:13:20,632 : INFO : EventManager : Event: ======'machine_var_audits_switches_s_rollover_upper'====== Args={'value': 13, 'prev_value': None, 'change': True}
2025-12-01 08:13:20,632 : INFO : EventManager : Event: ======'machine_var_audits_switches_s_saucer'====== Args={'value': 151, 'prev_value': None, 'change': True}
2025-12-01 08:13:20,632 : INFO : EventManager : Event: ======'machine_var_audits_switches_s_slam_tilt'====== Args={'value': 8, 'prev_value': None, 'change': True}
2025-12-01 08:13:20,632 : INFO : EventManager : Event: ======'machine_var_audits_switches_s_spinner'====== Args={'value': 607, 'prev_value': None, 'change': True}
2025-12-01 08:13:20,632 : INFO : EventManager : Event: ======'machine_var_audits_switches_s_stand_up'====== Args={'value': 13, 'prev_value': None, 'change': True}
2025-12-01 08:13:20,632 : INFO : EventManager : Event: ======'machine_var_audits_switches_s_start_button'====== Args={'value': 84, 'prev_value': None, 'change': True}
2025-12-01 08:13:20,632 : INFO : EventManager : Event: ======'machine_var_audits_switches_s_tilt'====== Args={'value': 3, 'prev_value': None, 'change': True}
2025-12-01 08:13:20,632 : INFO : EventManager : Event: ======'machine_var_audits_switches_s_trough'====== Args={'value': 1271, 'prev_value': None, 'change': True}
2025-12-01 08:13:20,633 : INFO : EventManager : Event: ======'init_phase_5'====== Args={}
2025-12-01 08:13:20,672 : INFO : EventManager : Event: ======'init_done'====== Args={}
2025-12-01 08:13:20,673 : INFO : EventManager : Event: ======'machine_reset_phase_1'====== Args={}
2025-12-01 08:13:20,673 : INFO : SwitchController : <<<<<<< 's_right_bank_target_right' active >>>>>>>
2025-12-01 08:13:20,673 : INFO : EventManager : Event: ======'playfield_active'====== Args={'source': 'sh_eg_right_drop_right'}
2025-12-01 08:13:20,674 : INFO : EventManager : Event: ======'unexpected_ball_on_playfield'====== Args={}
2025-12-01 08:13:20,674 : INFO : EventManager : Event: ======'playfield_active'====== Args={'source': 's_right_bank_target_right'}
2025-12-01 08:13:20,674 : INFO : EventManager : Event: ======'unexpected_ball_on_playfield'====== Args={}
2025-12-01 08:13:20,674 : INFO : EventManager : Event: ======'drop_target_s_right_bank_target_right_down'====== Args={'device': <drop_target.s_right_bank_target_right>}
2025-12-01 08:13:20,674 : INFO : EventManager : Event: ======'drop_target_bank_right_bank_mixed'====== Args={'prev_value': <DropTargetBankState.UP: 'up'>, 'down': 1}
2025-12-01 08:13:20,701 : INFO : SwitchController : <<<<<<< 's_left_bank_target_right' active >>>>>>>
2025-12-01 08:13:20,701 : INFO : EventManager : Event: ======'playfield_active'====== Args={'source': 'sh_eg_left_drop_right'}
2025-12-01 08:13:20,701 : INFO : EventManager : Event: ======'unexpected_ball_on_playfield'====== Args={}
2025-12-01 08:13:20,701 : INFO : EventManager : Event: ======'playfield_active'====== Args={'source': 's_left_bank_target_right'}
2025-12-01 08:13:20,701 : INFO : EventManager : Event: ======'unexpected_ball_on_playfield'====== Args={}
2025-12-01 08:13:20,701 : INFO : EventManager : Event: ======'drop_target_s_left_bank_target_right_down'====== Args={'device': <drop_target.s_left_bank_target_right>}
2025-12-01 08:13:20,701 : INFO : EventManager : Event: ======'drop_target_bank_left_bank_mixed'====== Args={'prev_value': <DropTargetBankState.UP: 'up'>, 'down': 2}
2025-12-01 08:13:20,705 : INFO : EventManager : Event: ======'machine_reset_phase_2'====== Args={}
2025-12-01 08:13:20,706 : INFO : SwitchController : <<<<<<< 's_right_bank_target_middle' active >>>>>>>
2025-12-01 08:13:20,706 : INFO : EventManager : Event: ======'playfield_active'====== Args={'source': 'sh_eg_right_drop_middle'}
2025-12-01 08:13:20,706 : INFO : EventManager : Event: ======'unexpected_ball_on_playfield'====== Args={}
2025-12-01 08:13:20,706 : INFO : EventManager : Event: ======'playfield_active'====== Args={'source': 's_right_bank_target_middle'}
2025-12-01 08:13:20,706 : INFO : EventManager : Event: ======'unexpected_ball_on_playfield'====== Args={}
2025-12-01 08:13:20,707 : INFO : EventManager : Event: ======'drop_target_s_right_bank_target_middle_down'====== Args={'device': <drop_target.s_right_bank_target_middle>}
2025-12-01 08:13:20,707 : INFO : EventManager : Event: ======'drop_target_bank_right_bank_mixed'====== Args={'prev_value': <DropTargetBankState.MIXED: 'mixed'>, 'down': 2}
2025-12-01 08:13:20,707 : INFO : EventManager : Event: ======'machine_reset_phase_3'====== Args={}
2025-12-01 08:13:20,713 : INFO : EventManager : Event: ======'mode_attract_will_start'====== Args={'queue': <QueuedEvent>}
2025-12-01 08:13:20,714 : INFO : EventManager : Event: ======'mode_attract_starting'====== Args={'queue': <QueuedEvent>}
2025-12-01 08:13:20,715 : INFO : Mode.attract : Started. Priority: 10
2025-12-01 08:13:20,715 : INFO : EventManager : Event: ======'modes_active_modes_changed'====== Args={}
2025-12-01 08:13:20,715 : INFO : EventManager : Event: ======'mode_attract_started'====== Args={'queue': <QueuedEvent>}
2025-12-01 08:13:20,716 : INFO : EventManager : Event: ======'godot_attract_on'====== Args={'priority': 0}
2025-12-01 08:13:20,716 : INFO : EventManager : Event: ======'collecting_balls_complete'====== Args={}
2025-12-01 08:13:20,716 : INFO : EventManager : Event: ======'reset_complete'====== Args={}
2025-12-01 08:13:20,716 : INFO : SwitchController : <<<<<<< 's_left_bank_target_middle' active >>>>>>>
2025-12-01 08:13:20,716 : INFO : EventManager : Event: ======'playfield_active'====== Args={'source': 'sh_eg_left_drop_middle'}
2025-12-01 08:13:20,716 : INFO : EventManager : Event: ======'unexpected_ball_on_playfield'====== Args={}
2025-12-01 08:13:20,716 : INFO : EventManager : Event: ======'playfield_active'====== Args={'source': 's_left_bank_target_middle'}
2025-12-01 08:13:20,716 : INFO : EventManager : Event: ======'unexpected_ball_on_playfield'====== Args={}
2025-12-01 08:13:20,717 : INFO : EventManager : Event: ======'drop_target_s_left_bank_target_middle_down'====== Args={'device': <drop_target.s_left_bank_target_middle>}
2025-12-01 08:13:20,717 : INFO : EventManager : Event: ======'drop_target_bank_left_bank_down'====== Args={}
2025-12-01 08:13:20,717 : INFO : drop_target_bank.left_bank : 3 targets are down. Will reset those.
2025-12-01 08:13:20,717 : INFO : coil.c_drop_target_left : Pulsing Driver for 50ms (1.0 pulse_power)
2025-12-01 08:13:20,731 : INFO : SwitchController : <<<<<<< 's_right_bank_target_left' active >>>>>>>
2025-12-01 08:13:20,731 : INFO : EventManager : Event: ======'playfield_active'====== Args={'source': 'sh_eg_right_drop_left'}
2025-12-01 08:13:20,731 : INFO : EventManager : Event: ======'unexpected_ball_on_playfield'====== Args={}
2025-12-01 08:13:20,731 : INFO : EventManager : Event: ======'playfield_active'====== Args={'source': 's_right_bank_target_left'}
2025-12-01 08:13:20,731 : INFO : EventManager : Event: ======'unexpected_ball_on_playfield'====== Args={}
2025-12-01 08:13:20,731 : INFO : EventManager : Event: ======'drop_target_s_right_bank_target_left_down'====== Args={'device': <drop_target.s_right_bank_target_left>}
2025-12-01 08:13:20,731 : INFO : EventManager : Event: ======'drop_target_bank_right_bank_down'====== Args={}
2025-12-01 08:13:20,732 : INFO : drop_target_bank.right_bank : 3 targets are down. Will reset those.
2025-12-01 08:13:20,735 : INFO : Machine : Starting the main run loop with active modes: [<Mode.attract>]
2025-12-01 08:13:20,757 : INFO : coil.c_drop_target_right : Pulsing Driver for 50ms (1.0 pulse_power)
2025-12-01 08:13:20,789 : INFO : EventManager : Event: ======'slide_attract_created'====== Args={'_from_bcp': True}
2025-12-01 08:13:20,790 : INFO : EventManager : Event: ======'slide__removed'====== Args={'_from_bcp': True}
2025-12-01 08:13:20,790 : INFO : EventManager : Event: ======'slide_attract_active'====== Args={'original_context': 'attract', 'original_calling_context': 'mode_attract_started', 'priority': 10.0, 'queue': '<QueuedEvent>', 'cmd': 'slides_play', '_from_bcp': True}
2025-12-01 08:13:20,882 : INFO : SwitchController : <<<<<<< 's_left_bank_target_middle' inactive (muted) >>>>>>>
2025-12-01 08:13:20,928 : INFO : SwitchController : <<<<<<< 's_left_bank_target_left' inactive (muted) >>>>>>>
2025-12-01 08:13:20,943 : INFO : SwitchController : <<<<<<< 's_left_bank_target_right' inactive (muted) >>>>>>>
2025-12-01 08:13:20,958 : INFO : SwitchController : <<<<<<< 's_right_bank_target_right' inactive (muted) >>>>>>>
2025-12-01 08:13:20,974 : INFO : SwitchController : <<<<<<< 's_right_bank_target_middle' inactive (muted) >>>>>>>
2025-12-01 08:13:20,990 : INFO : SwitchController : <<<<<<< 's_right_bank_target_left' inactive (muted) >>>>>>>
2025-12-01 08:13:21,192 : INFO : EventManager : Event: ======'drop_target_s_left_bank_target_left_up'====== Args={'device': <drop_target.s_left_bank_target_left>}
2025-12-01 08:13:21,192 : INFO : EventManager : Event: ======'drop_target_s_left_bank_target_middle_up'====== Args={'device': <drop_target.s_left_bank_target_middle>}
2025-12-01 08:13:21,192 : INFO : EventManager : Event: ======'drop_target_s_left_bank_target_right_up'====== Args={'device': <drop_target.s_left_bank_target_right>}
2025-12-01 08:13:21,192 : INFO : EventManager : Event: ======'drop_target_bank_left_bank_up'====== Args={}
2025-12-01 08:13:21,254 : INFO : EventManager : Event: ======'drop_target_s_right_bank_target_left_up'====== Args={'device': <drop_target.s_right_bank_target_left>}
2025-12-01 08:13:21,255 : INFO : EventManager : Event: ======'drop_target_s_right_bank_target_middle_up'====== Args={'device': <drop_target.s_right_bank_target_middle>}
2025-12-01 08:13:21,255 : INFO : EventManager : Event: ======'drop_target_s_right_bank_target_right_up'====== Args={'device': <drop_target.s_right_bank_target_right>}
2025-12-01 08:13:21,255 : INFO : EventManager : Event: ======'drop_target_bank_right_bank_up'====== Args={}
2025-12-01 08:13:22,690 : INFO : EventManager : Event: ======'attract_wave_complete'====== Args={'priority': 0}
2025-12-01 08:13:23,081 : INFO : EventManager : Event: ======'attract_pulse_complete'====== Args={'priority': 0}
2025-12-01 08:13:23,486 : INFO : EventManager : Event: ======'attract_pulse_complete'====== Args={'priority': 0}
2025-12-01 08:13:25,500 : INFO : EventManager : Event: ======'attract_wave_complete'====== Args={'priority': 0}
2025-12-01 08:13:25,889 : INFO : EventManager : Event: ======'attract_pulse_complete'====== Args={'priority': 0}
2025-12-01 08:13:26,294 : INFO : EventManager : Event: ======'attract_pulse_complete'====== Args={'priority': 0}
2025-12-01 08:13:28,297 : INFO : EventManager : Event: ======'attract_wave_complete'====== Args={'priority': 0}
2025-12-01 08:13:28,674 : INFO : EventManager : Event: ======'attract_pulse_complete'====== Args={'priority': 0}
2025-12-01 08:13:29,092 : INFO : EventManager : Event: ======'attract_pulse_complete'====== Args={'priority': 0}
2025-12-01 08:13:30,495 : INFO : SwitchController : <<<<<<< 's_trough' active >>>>>>>
2025-12-01 08:13:30,511 : INFO : SwitchController : <<<<<<< 's_trough' inactive >>>>>>>
2025-12-01 08:13:30,542 : INFO : SwitchController : <<<<<<< 's_trough' active >>>>>>>
2025-12-01 08:13:31,048 : INFO : EventManager : Event: ======'balldevice_bd_trough_ball_count_changed'====== Args={'balls': 1}
2025-12-01 08:13:31,048 : INFO : ball_device.bd_trough : Received unexpected ball
2025-12-01 08:13:31,048 : INFO : EventManager : Event: ======'balldevice_captured_from_playfield'====== Args={'balls': 1}
2025-12-01 08:13:31,048 : INFO : EventManager : Event: ======'sw_playfield_active'====== Args={'balls': 1}
2025-12-01 08:13:31,049 : INFO : EventManager : Event: ======'playfield_active'====== Args={'source': None}
2025-12-01 08:13:31,049 : INFO : EventManager : Event: ======'unexpected_ball_on_playfield'====== Args={}
2025-12-01 08:13:31,049 : INFO : EventManager : Event: ======'playfield_ball_count_change'====== Args={'balls': -1, 'change': -1}
2025-12-01 08:13:31,049 : INFO : EventManager : Event: ======'balldevice_playfield_ball_enter'====== Args={'new_balls': 1, 'unclaimed_balls': 1, 'device': <playfield.playfield>}
2025-12-01 08:13:31,049 : INFO : EventManager : Event: ======'playfield_ball_count_change'====== Args={'balls': 0, 'change': 1}
2025-12-01 08:13:31,049 : INFO : BallController : Found a new ball which was captured from playfield. Known balls: 1
2025-12-01 08:13:31,049 : INFO : EventManager : Event: ======'found_new_ball'====== Args={}
2025-12-01 08:13:31,049 : INFO : EventManager : Event: ======'balldevice_bd_trough_ball_enter'====== Args={'new_balls': 1, 'unclaimed_balls': 1, 'new_available_balls': 1, 'device': <ball_device.bd_trough>}
2025-12-01 08:13:31,050 : INFO : EventManager : Event: ======'ball_drain'====== Args={'device': <ball_device.bd_trough>, 'balls': 1}
2025-12-01 08:13:31,050 : INFO : EventManager : Event: ======'balldevice_balls_available'====== Args={}
2025-12-01 08:13:31,050 : INFO : EventManager : Event: ======'balldevice_bd_trough_ball_entered'====== Args={'new_balls': 1, 'device': <ball_device.bd_trough>}
2025-12-01 08:13:31,073 : INFO : EventManager : Event: ======'attract_wave_complete'====== Args={'priority': 0}
2025-12-01 08:13:31,461 : INFO : EventManager : Event: ======'attract_pulse_complete'====== Args={'priority': 0}
2025-12-01 08:13:31,863 : INFO : EventManager : Event: ======'attract_pulse_complete'====== Args={'priority': 0}
2025-12-01 08:13:33,868 : INFO : EventManager : Event: ======'attract_wave_complete'====== Args={'priority': 0}
2025-12-01 08:13:34,256 : INFO : EventManager : Event: ======'attract_pulse_complete'====== Args={'priority': 0}
2025-12-01 08:13:34,664 : INFO : EventManager : Event: ======'attract_pulse_complete'====== Args={'priority': 0}
2025-12-01 08:13:36,666 : INFO : EventManager : Event: ======'attract_wave_complete'====== Args={'priority': 0}
2025-12-01 08:13:37,024 : INFO : SwitchController : <<<<<<< 's_trough' inactive >>>>>>>
2025-12-01 08:13:37,056 : INFO : EventManager : Event: ======'attract_pulse_complete'====== Args={'priority': 0}
2025-12-01 08:13:37,181 : INFO : SwitchController : <<<<<<< 's_trough' active >>>>>>>
2025-12-01 08:13:37,305 : INFO : SwitchController : <<<<<<< 's_trough' inactive >>>>>>>
2025-12-01 08:13:37,460 : INFO : EventManager : Event: ======'attract_pulse_complete'====== Args={'priority': 0}
2025-12-01 08:13:37,694 : INFO : SwitchController : <<<<<<< 's_trough' active >>>>>>>
2025-12-01 08:13:37,740 : INFO : SwitchController : <<<<<<< 's_trough' inactive >>>>>>>
2025-12-01 08:13:37,755 : INFO : SwitchController : <<<<<<< 's_trough' active >>>>>>>
2025-12-01 08:13:39,439 : INFO : EventManager : Event: ======'attract_wave_complete'====== Args={'priority': 0}
2025-12-01 08:13:39,830 : INFO : EventManager : Event: ======'attract_pulse_complete'====== Args={'priority': 0}
2025-12-01 08:13:40,237 : INFO : EventManager : Event: ======'attract_pulse_complete'====== Args={'priority': 0}
2025-12-01 08:13:42,249 : INFO : EventManager : Event: ======'attract_wave_complete'====== Args={'priority': 0}
2025-12-01 08:13:42,641 : INFO : EventManager : Event: ======'attract_pulse_complete'====== Args={'priority': 0}
2025-12-01 08:13:43,045 : INFO : EventManager : Event: ======'attract_pulse_complete'====== Args={'priority': 0}
2025-12-01 08:13:45,039 : INFO : EventManager : Event: ======'attract_wave_complete'====== Args={'priority': 0}
2025-12-01 08:13:45,427 : INFO : EventManager : Event: ======'attract_pulse_complete'====== Args={'priority': 0}
2025-12-01 08:13:45,832 : INFO : EventManager : Event: ======'attract_pulse_complete'====== Args={'priority': 0}
2025-12-01 08:13:47,822 : INFO : EventManager : Event: ======'attract_wave_complete'====== Args={'priority': 0}
2025-12-01 08:13:48,214 : INFO : EventManager : Event: ======'attract_pulse_complete'====== Args={'priority': 0}
2025-12-01 08:13:48,618 : INFO : EventManager : Event: ======'attract_pulse_complete'====== Args={'priority': 0}
2025-12-01 08:13:50,617 : INFO : EventManager : Event: ======'attract_wave_complete'====== Args={'priority': 0}
2025-12-01 08:13:51,006 : INFO : EventManager : Event: ======'attract_pulse_complete'====== Args={'priority': 0}
2025-12-01 08:13:51,411 : INFO : EventManager : Event: ======'attract_pulse_complete'====== Args={'priority': 0}
2025-12-01 08:13:53,409 : INFO : EventManager : Event: ======'attract_wave_complete'====== Args={'priority': 0}
2025-12-01 08:13:53,802 : INFO : EventManager : Event: ======'attract_pulse_complete'====== Args={'priority': 0}
2025-12-01 08:13:54,207 : INFO : EventManager : Event: ======'attract_pulse_complete'====== Args={'priority': 0}
2025-12-01 08:13:56,189 : INFO : EventManager : Event: ======'attract_wave_complete'====== Args={'priority': 0}
2025-12-01 08:13:56,592 : INFO : EventManager : Event: ======'attract_pulse_complete'====== Args={'priority': 0}
2025-12-01 08:13:56,998 : INFO : EventManager : Event: ======'attract_pulse_complete'====== Args={'priority': 0}
2025-12-01 08:13:58,593 : INFO : SwitchController : <<<<<<< 's_trough' inactive >>>>>>>
2025-12-01 08:13:58,998 : INFO : EventManager : Event: ======'attract_wave_complete'====== Args={'priority': 0}
2025-12-01 08:13:59,389 : INFO : EventManager : Event: ======'attract_pulse_complete'====== Args={'priority': 0}
2025-12-01 08:13:59,795 : INFO : EventManager : Event: ======'attract_pulse_complete'====== Args={'priority': 0}
2025-12-01 08:14:01,789 : INFO : EventManager : Event: ======'attract_wave_complete'====== Args={'priority': 0}
2025-12-01 08:14:01,930 : INFO : SwitchController : <<<<<<< 's_trough' active >>>>>>>
2025-12-01 08:14:02,181 : INFO : EventManager : Event: ======'attract_pulse_complete'====== Args={'priority': 0}
2025-12-01 08:14:02,585 : INFO : EventManager : Event: ======'attract_pulse_complete'====== Args={'priority': 0}
2025-12-01 08:14:04,572 : INFO : EventManager : Event: ======'attract_wave_complete'====== Args={'priority': 0}
2025-12-01 08:14:04,960 : INFO : EventManager : Event: ======'attract_pulse_complete'====== Args={'priority': 0}
2025-12-01 08:14:05,367 : INFO : EventManager : Event: ======'attract_pulse_complete'====== Args={'priority': 0}
2025-12-01 08:14:07,364 : INFO : EventManager : Event: ======'attract_wave_complete'====== Args={'priority': 0}
2025-12-01 08:14:07,754 : INFO : EventManager : Event: ======'attract_pulse_complete'====== Args={'priority': 0}
2025-12-01 08:14:08,159 : INFO : EventManager : Event: ======'attract_pulse_complete'====== Args={'priority': 0}
2025-12-01 08:14:10,170 : INFO : EventManager : Event: ======'attract_wave_complete'====== Args={'priority': 0}
2025-12-01 08:14:10,563 : INFO : EventManager : Event: ======'attract_pulse_complete'====== Args={'priority': 0}
2025-12-01 08:14:10,969 : INFO : EventManager : Event: ======'attract_pulse_complete'====== Args={'priority': 0}
2025-12-01 08:14:12,945 : INFO : EventManager : Event: ======'attract_wave_complete'====== Args={'priority': 0}
2025-12-01 08:14:13,336 : INFO : EventManager : Event: ======'attract_pulse_complete'====== Args={'priority': 0}
2025-12-01 08:14:13,742 : INFO : EventManager : Event: ======'attract_pulse_complete'====== Args={'priority': 0}
2025-12-01 08:14:15,744 : INFO : EventManager : Event: ======'attract_wave_complete'====== Args={'priority': 0}
2025-12-01 08:14:16,132 : INFO : EventManager : Event: ======'attract_pulse_complete'====== Args={'priority': 0}
2025-12-01 08:14:16,539 : INFO : EventManager : Event: ======'attract_pulse_complete'====== Args={'priority': 0}
2025-12-01 08:14:18,535 : INFO : EventManager : Event: ======'attract_wave_complete'====== Args={'priority': 0}
2025-12-01 08:14:18,926 : INFO : EventManager : Event: ======'attract_pulse_complete'====== Args={'priority': 0}
2025-12-01 08:14:19,333 : INFO : EventManager : Event: ======'attract_pulse_complete'====== Args={'priority': 0}
2025-12-01 08:14:21,318 : INFO : EventManager : Event: ======'attract_wave_complete'====== Args={'priority': 0}
2025-12-01 08:14:21,709 : INFO : EventManager : Event: ======'attract_pulse_complete'====== Args={'priority': 0}
2025-12-01 08:14:22,114 : INFO : EventManager : Event: ======'attract_pulse_complete'====== Args={'priority': 0}
2025-12-01 08:14:24,118 : INFO : EventManager : Event: ======'attract_wave_complete'====== Args={'priority': 0}
2025-12-01 08:14:24,509 : INFO : EventManager : Event: ======'attract_pulse_complete'====== Args={'priority': 0}
2025-12-01 08:14:24,918 : INFO : EventManager : Event: ======'attract_pulse_complete'====== Args={'priority': 0}
2025-12-01 08:14:25,122 : INFO : SwitchController : <<<<<<< 's_trough' inactive >>>>>>>
2025-12-01 08:14:25,127 : INFO : SwitchController : <<<<<<< 's_trough' active >>>>>>>
2025-12-01 08:14:26,918 : INFO : EventManager : Event: ======'attract_wave_complete'====== Args={'priority': 0}
2025-12-01 08:14:27,308 : INFO : EventManager : Event: ======'attract_pulse_complete'====== Args={'priority': 0}
2025-12-01 08:14:27,717 : INFO : EventManager : Event: ======'attract_pulse_complete'====== Args={'priority': 0}
2025-12-01 08:14:29,697 : INFO : EventManager : Event: ======'attract_wave_complete'====== Args={'priority': 0}
2025-12-01 08:14:30,088 : INFO : EventManager : Event: ======'attract_pulse_complete'====== Args={'priority': 0}
2025-12-01 08:14:30,497 : INFO : EventManager : Event: ======'attract_pulse_complete'====== Args={'priority': 0}
2025-12-01 08:14:32,493 : INFO : EventManager : Event: ======'attract_wave_complete'====== Args={'priority': 0}
2025-12-01 08:14:32,884 : INFO : EventManager : Event: ======'attract_pulse_complete'====== Args={'priority': 0}
2025-12-01 08:14:33,293 : INFO : EventManager : Event: ======'attract_pulse_complete'====== Args={'priority': 0}
2025-12-01 08:14:35,295 : INFO : EventManager : Event: ======'attract_wave_complete'====== Args={'priority': 0}
2025-12-01 08:14:35,683 : INFO : EventManager : Event: ======'attract_pulse_complete'====== Args={'priority': 0}
2025-12-01 08:14:36,089 : INFO : EventManager : Event: ======'attract_pulse_complete'====== Args={'priority': 0}
2025-12-01 08:14:38,068 : INFO : EventManager : Event: ======'attract_wave_complete'====== Args={'priority': 0}
2025-12-01 08:14:38,459 : INFO : EventManager : Event: ======'attract_pulse_complete'====== Args={'priority': 0}
2025-12-01 08:14:38,865 : INFO : EventManager : Event: ======'attract_pulse_complete'====== Args={'priority': 0}
2025-12-01 08:14:40,862 : INFO : EventManager : Event: ======'attract_wave_complete'====== Args={'priority': 0}
2025-12-01 08:14:41,264 : INFO : EventManager : Event: ======'attract_pulse_complete'====== Args={'priority': 0}
2025-12-01 08:14:41,669 : INFO : EventManager : Event: ======'attract_pulse_complete'====== Args={'priority': 0}
2025-12-01 08:14:43,665 : INFO : EventManager : Event: ======'attract_wave_complete'====== Args={'priority': 0}
2025-12-01 08:14:44,053 : INFO : EventManager : Event: ======'attract_pulse_complete'====== Args={'priority': 0}
2025-12-01 08:14:44,456 : INFO : EventManager : Event: ======'attract_pulse_complete'====== Args={'priority': 0}
2025-12-01 08:14:46,448 : INFO : EventManager : Event: ======'attract_wave_complete'====== Args={'priority': 0}
2025-12-01 08:14:46,840 : INFO : EventManager : Event: ======'attract_pulse_complete'====== Args={'priority': 0}
2025-12-01 08:14:47,245 : INFO : EventManager : Event: ======'attract_pulse_complete'====== Args={'priority': 0}
2025-12-01 08:14:49,239 : INFO : EventManager : Event: ======'attract_wave_complete'====== Args={'priority': 0}
2025-12-01 08:14:49,630 : INFO : EventManager : Event: ======'attract_pulse_complete'====== Args={'priority': 0}
2025-12-01 08:14:50,036 : INFO : EventManager : Event: ======'attract_pulse_complete'====== Args={'priority': 0}
2025-12-01 08:14:52,035 : INFO : EventManager : Event: ======'attract_wave_complete'====== Args={'priority': 0}
2025-12-01 08:14:52,426 : INFO : EventManager : Event: ======'attract_pulse_complete'====== Args={'priority': 0}
2025-12-01 08:14:52,832 : INFO : EventManager : Event: ======'attract_pulse_complete'====== Args={'priority': 0}
2025-12-01 08:14:54,819 : INFO : EventManager : Event: ======'attract_wave_complete'====== Args={'priority': 0}
2025-12-01 08:14:55,210 : INFO : EventManager : Event: ======'attract_pulse_complete'====== Args={'priority': 0}
2025-12-01 08:14:55,619 : INFO : EventManager : Event: ======'attract_pulse_complete'====== Args={'priority': 0}
2025-12-01 08:14:57,615 : INFO : EventManager : Event: ======'attract_wave_complete'====== Args={'priority': 0}
2025-12-01 08:14:58,008 : INFO : EventManager : Event: ======'attract_pulse_complete'====== Args={'priority': 0}
2025-12-01 08:14:58,415 : INFO : EventManager : Event: ======'attract_pulse_complete'====== Args={'priority': 0}
2025-12-01 08:15:00,410 : INFO : EventManager : Event: ======'attract_wave_complete'====== Args={'priority': 0}
2025-12-01 08:15:00,800 : INFO : EventManager : Event: ======'attract_pulse_complete'====== Args={'priority': 0}
2025-12-01 08:15:01,206 : INFO : EventManager : Event: ======'attract_pulse_complete'====== Args={'priority': 0}
2025-12-01 08:15:03,192 : INFO : EventManager : Event: ======'attract_wave_complete'====== Args={'priority': 0}
2025-12-01 08:15:03,582 : INFO : EventManager : Event: ======'attract_pulse_complete'====== Args={'priority': 0}
2025-12-01 08:15:03,988 : INFO : EventManager : Event: ======'attract_pulse_complete'====== Args={'priority': 0}
2025-12-01 08:15:05,986 : INFO : EventManager : Event: ======'attract_wave_complete'====== Args={'priority': 0}
2025-12-01 08:15:06,376 : INFO : EventManager : Event: ======'attract_pulse_complete'====== Args={'priority': 0}
2025-12-01 08:15:06,797 : INFO : EventManager : Event: ======'attract_pulse_complete'====== Args={'priority': 0}
2025-12-01 08:15:08,796 : INFO : EventManager : Event: ======'attract_wave_complete'====== Args={'priority': 0}
2025-12-01 08:15:09,187 : INFO : EventManager : Event: ======'attract_pulse_complete'====== Args={'priority': 0}
2025-12-01 08:15:09,589 : INFO : EventManager : Event: ======'attract_pulse_complete'====== Args={'priority': 0}
2025-12-01 08:15:11,573 : INFO : EventManager : Event: ======'attract_wave_complete'====== Args={'priority': 0}
2025-12-01 08:15:11,965 : INFO : EventManager : Event: ======'attract_pulse_complete'====== Args={'priority': 0}
2025-12-01 08:15:12,371 : INFO : EventManager : Event: ======'attract_pulse_complete'====== Args={'priority': 0}
2025-12-01 08:15:14,370 : INFO : EventManager : Event: ======'attract_wave_complete'====== Args={'priority': 0}
2025-12-01 08:15:14,759 : INFO : EventManager : Event: ======'attract_pulse_complete'====== Args={'priority': 0}
2025-12-01 08:15:15,164 : INFO : EventManager : Event: ======'attract_pulse_complete'====== Args={'priority': 0}
2025-12-01 08:15:17,169 : INFO : EventManager : Event: ======'attract_wave_complete'====== Args={'priority': 0}
2025-12-01 08:15:17,560 : INFO : EventManager : Event: ======'attract_pulse_complete'====== Args={'priority': 0}
2025-12-01 08:15:17,964 : INFO : EventManager : Event: ======'attract_pulse_complete'====== Args={'priority': 0}
2025-12-01 08:15:19,945 : INFO : EventManager : Event: ======'attract_wave_complete'====== Args={'priority': 0}
2025-12-01 08:15:20,334 : INFO : EventManager : Event: ======'attract_pulse_complete'====== Args={'priority': 0}
2025-12-01 08:15:20,739 : INFO : EventManager : Event: ======'attract_pulse_complete'====== Args={'priority': 0}
2025-12-01 08:15:22,749 : INFO : EventManager : Event: ======'attract_wave_complete'====== Args={'priority': 0}
2025-12-01 08:15:23,136 : INFO : EventManager : Event: ======'attract_pulse_complete'====== Args={'priority': 0}
2025-12-01 08:15:23,545 : INFO : EventManager : Event: ======'attract_pulse_complete'====== Args={'priority': 0}
2025-12-01 08:15:25,539 : INFO : EventManager : Event: ======'attract_wave_complete'====== Args={'priority': 0}
2025-12-01 08:15:25,929 : INFO : EventManager : Event: ======'attract_pulse_complete'====== Args={'priority': 0}
2025-12-01 08:15:26,335 : INFO : EventManager : Event: ======'attract_pulse_complete'====== Args={'priority': 0}
2025-12-01 08:15:28,320 : INFO : EventManager : Event: ======'attract_wave_complete'====== Args={'priority': 0}
2025-12-01 08:15:28,711 : INFO : EventManager : Event: ======'attract_pulse_complete'====== Args={'priority': 0}
2025-12-01 08:15:29,116 : INFO : EventManager : Event: ======'attract_pulse_complete'====== Args={'priority': 0}
2025-12-01 08:15:31,115 : INFO : EventManager : Event: ======'attract_wave_complete'====== Args={'priority': 0}
2025-12-01 08:15:31,504 : INFO : EventManager : Event: ======'attract_pulse_complete'====== Args={'priority': 0}
2025-12-01 08:15:31,910 : INFO : EventManager : Event: ======'attract_pulse_complete'====== Args={'priority': 0}
2025-12-01 08:15:33,907 : INFO : EventManager : Event: ======'attract_wave_complete'====== Args={'priority': 0}
2025-12-01 08:15:34,298 : INFO : EventManager : Event: ======'attract_pulse_complete'====== Args={'priority': 0}
2025-12-01 08:15:34,706 : INFO : EventManager : Event: ======'attract_pulse_complete'====== Args={'priority': 0}
2025-12-01 08:15:36,694 : INFO : EventManager : Event: ======'attract_wave_complete'====== Args={'priority': 0}
2025-12-01 08:15:37,084 : INFO : EventManager : Event: ======'attract_pulse_complete'====== Args={'priority': 0}
2025-12-01 08:15:37,487 : INFO : EventManager : Event: ======'attract_pulse_complete'====== Args={'priority': 0}
2025-12-01 08:15:39,487 : INFO : EventManager : Event: ======'attract_wave_complete'====== Args={'priority': 0}
2025-12-01 08:15:39,878 : INFO : EventManager : Event: ======'attract_pulse_complete'====== Args={'priority': 0}
2025-12-01 08:15:40,285 : INFO : EventManager : Event: ======'attract_pulse_complete'====== Args={'priority': 0}
2025-12-01 08:15:42,296 : INFO : EventManager : Event: ======'attract_wave_complete'====== Args={'priority': 0}
2025-12-01 08:15:42,673 : INFO : EventManager : Event: ======'attract_pulse_complete'====== Args={'priority': 0}
2025-12-01 08:15:43,092 : INFO : EventManager : Event: ======'attract_pulse_complete'====== Args={'priority': 0}
2025-12-01 08:15:45,068 : INFO : EventManager : Event: ======'attract_wave_complete'====== Args={'priority': 0}
2025-12-01 08:15:45,461 : INFO : EventManager : Event: ======'attract_pulse_complete'====== Args={'priority': 0}
2025-12-01 08:15:45,866 : INFO : EventManager : Event: ======'attract_pulse_complete'====== Args={'priority': 0}
2025-12-01 08:15:47,868 : INFO : EventManager : Event: ======'attract_wave_complete'====== Args={'priority': 0}
2025-12-01 08:15:48,256 : INFO : EventManager : Event: ======'attract_pulse_complete'====== Args={'priority': 0}
2025-12-01 08:15:48,664 : INFO : EventManager : Event: ======'attract_pulse_complete'====== Args={'priority': 0}
2025-12-01 08:15:50,665 : INFO : EventManager : Event: ======'attract_wave_complete'====== Args={'priority': 0}
2025-12-01 08:15:51,052 : INFO : EventManager : Event: ======'attract_pulse_complete'====== Args={'priority': 0}
2025-12-01 08:15:51,460 : INFO : EventManager : Event: ======'attract_pulse_complete'====== Args={'priority': 0}
2025-12-01 08:15:53,446 : INFO : EventManager : Event: ======'attract_wave_complete'====== Args={'priority': 0}
2025-12-01 08:15:53,837 : INFO : EventManager : Event: ======'attract_pulse_complete'====== Args={'priority': 0}
2025-12-01 08:15:54,242 : INFO : EventManager : Event: ======'attract_pulse_complete'====== Args={'priority': 0}
2025-12-01 08:15:56,247 : INFO : EventManager : Event: ======'attract_wave_complete'====== Args={'priority': 0}
2025-12-01 08:15:56,638 : INFO : EventManager : Event: ======'attract_pulse_complete'====== Args={'priority': 0}
2025-12-01 08:15:57,044 : INFO : EventManager : Event: ======'attract_pulse_complete'====== Args={'priority': 0}
2025-12-01 08:15:59,046 : INFO : EventManager : Event: ======'attract_wave_complete'====== Args={'priority': 0}
2025-12-01 08:15:59,438 : INFO : EventManager : Event: ======'attract_pulse_complete'====== Args={'priority': 0}
2025-12-01 08:15:59,844 : INFO : EventManager : Event: ======'attract_pulse_complete'====== Args={'priority': 0}
2025-12-01 08:16:01,824 : INFO : EventManager : Event: ======'attract_wave_complete'====== Args={'priority': 0}
2025-12-01 08:16:02,214 : INFO : EventManager : Event: ======'attract_pulse_complete'====== Args={'priority': 0}
2025-12-01 08:16:02,622 : INFO : EventManager : Event: ======'attract_pulse_complete'====== Args={'priority': 0}
2025-12-01 08:16:04,614 : INFO : EventManager : Event: ======'attract_wave_complete'====== Args={'priority': 0}
2025-12-01 08:16:05,005 : INFO : EventManager : Event: ======'attract_pulse_complete'====== Args={'priority': 0}
2025-12-01 08:16:05,410 : INFO : EventManager : Event: ======'attract_pulse_complete'====== Args={'priority': 0}
2025-12-01 08:16:07,407 : INFO : EventManager : Event: ======'attract_wave_complete'====== Args={'priority': 0}
2025-12-01 08:16:07,812 : INFO : EventManager : Event: ======'attract_pulse_complete'====== Args={'priority': 0}
2025-12-01 08:16:08,204 : INFO : EventManager : Event: ======'attract_pulse_complete'====== Args={'priority': 0}
2025-12-01 08:16:10,194 : INFO : EventManager : Event: ======'attract_wave_complete'====== Args={'priority': 0}
2025-12-01 08:16:10,583 : INFO : EventManager : Event: ======'attract_pulse_complete'====== Args={'priority': 0}
2025-12-01 08:16:10,987 : INFO : EventManager : Event: ======'attract_pulse_complete'====== Args={'priority': 0}
2025-12-01 08:16:12,997 : INFO : EventManager : Event: ======'attract_wave_complete'====== Args={'priority': 0}
2025-12-01 08:16:13,388 : INFO : EventManager : Event: ======'attract_pulse_complete'====== Args={'priority': 0}
2025-12-01 08:16:13,793 : INFO : EventManager : Event: ======'attract_pulse_complete'====== Args={'priority': 0}
2025-12-01 08:16:15,787 : INFO : EventManager : Event: ======'attract_wave_complete'====== Args={'priority': 0}
2025-12-01 08:16:16,174 : INFO : EventManager : Event: ======'attract_pulse_complete'====== Args={'priority': 0}
2025-12-01 08:16:16,594 : INFO : EventManager : Event: ======'attract_pulse_complete'====== Args={'priority': 0}
2025-12-01 08:16:18,578 : INFO : EventManager : Event: ======'attract_wave_complete'====== Args={'priority': 0}
2025-12-01 08:16:18,969 : INFO : EventManager : Event: ======'attract_pulse_complete'====== Args={'priority': 0}
2025-12-01 08:16:19,362 : INFO : EventManager : Event: ======'attract_pulse_complete'====== Args={'priority': 0}
2025-12-01 08:16:21,375 : INFO : EventManager : Event: ======'attract_wave_complete'====== Args={'priority': 0}
2025-12-01 08:16:21,765 : INFO : EventManager : Event: ======'attract_pulse_complete'====== Args={'priority': 0}
2025-12-01 08:16:22,170 : INFO : EventManager : Event: ======'attract_pulse_complete'====== Args={'priority': 0}
2025-12-01 08:16:24,170 : INFO : EventManager : Event: ======'attract_wave_complete'====== Args={'priority': 0}
2025-12-01 08:16:24,558 : INFO : EventManager : Event: ======'attract_pulse_complete'====== Args={'priority': 0}
2025-12-01 08:16:24,965 : INFO : EventManager : Event: ======'attract_pulse_complete'====== Args={'priority': 0}
2025-12-01 08:16:26,944 : INFO : EventManager : Event: ======'attract_wave_complete'====== Args={'priority': 0}
2025-12-01 08:16:27,335 : INFO : EventManager : Event: ======'attract_pulse_complete'====== Args={'priority': 0}
2025-12-01 08:16:27,739 : INFO : EventManager : Event: ======'attract_pulse_complete'====== Args={'priority': 0}
2025-12-01 08:16:29,737 : INFO : EventManager : Event: ======'attract_wave_complete'====== Args={'priority': 0}
2025-12-01 08:16:30,128 : INFO : EventManager : Event: ======'attract_pulse_complete'====== Args={'priority': 0}
2025-12-01 08:16:30,536 : INFO : EventManager : Event: ======'attract_pulse_complete'====== Args={'priority': 0}
2025-12-01 08:16:32,534 : INFO : EventManager : Event: ======'attract_wave_complete'====== Args={'priority': 0}
2025-12-01 08:16:32,925 : INFO : EventManager : Event: ======'attract_pulse_complete'====== Args={'priority': 0}
2025-12-01 08:16:33,332 : INFO : EventManager : Event: ======'attract_pulse_complete'====== Args={'priority': 0}
2025-12-01 08:16:35,320 : INFO : EventManager : Event: ======'attract_wave_complete'====== Args={'priority': 0}
2025-12-01 08:16:35,708 : INFO : EventManager : Event: ======'attract_pulse_complete'====== Args={'priority': 0}
2025-12-01 08:16:36,114 : INFO : EventManager : Event: ======'attract_pulse_complete'====== Args={'priority': 0}
2025-12-01 08:16:38,125 : INFO : EventManager : Event: ======'attract_wave_complete'====== Args={'priority': 0}
2025-12-01 08:16:38,514 : INFO : EventManager : Event: ======'attract_pulse_complete'====== Args={'priority': 0}
2025-12-01 08:16:38,920 : INFO : EventManager : Event: ======'attract_pulse_complete'====== Args={'priority': 0}
2025-12-01 08:16:40,907 : INFO : EventManager : Event: ======'attract_wave_complete'====== Args={'priority': 0}
2025-12-01 08:16:41,299 : INFO : EventManager : Event: ======'attract_pulse_complete'====== Args={'priority': 0}
2025-12-01 08:16:41,704 : INFO : EventManager : Event: ======'attract_pulse_complete'====== Args={'priority': 0}
2025-12-01 08:16:43,702 : INFO : EventManager : Event: ======'attract_wave_complete'====== Args={'priority': 0}
2025-12-01 08:16:44,092 : INFO : EventManager : Event: ======'attract_pulse_complete'====== Args={'priority': 0}
2025-12-01 08:16:44,497 : INFO : EventManager : Event: ======'attract_pulse_complete'====== Args={'priority': 0}
2025-12-01 08:16:46,497 : INFO : EventManager : Event: ======'attract_wave_complete'====== Args={'priority': 0}
2025-12-01 08:16:46,886 : INFO : EventManager : Event: ======'attract_pulse_complete'====== Args={'priority': 0}
2025-12-01 08:16:47,293 : INFO : EventManager : Event: ======'attract_pulse_complete'====== Args={'priority': 0}
2025-12-01 08:16:49,283 : INFO : EventManager : Event: ======'attract_wave_complete'====== Args={'priority': 0}
2025-12-01 08:16:49,675 : INFO : EventManager : Event: ======'attract_pulse_complete'====== Args={'priority': 0}
2025-12-01 08:16:50,082 : INFO : EventManager : Event: ======'attract_pulse_complete'====== Args={'priority': 0}
2025-12-01 08:16:52,069 : INFO : EventManager : Event: ======'attract_wave_complete'====== Args={'priority': 0}
2025-12-01 08:16:52,460 : INFO : EventManager : Event: ======'attract_pulse_complete'====== Args={'priority': 0}
2025-12-01 08:16:52,866 : INFO : EventManager : Event: ======'attract_pulse_complete'====== Args={'priority': 0}
2025-12-01 08:16:54,866 : INFO : EventManager : Event: ======'attract_wave_complete'====== Args={'priority': 0}
2025-12-01 08:16:55,258 : INFO : EventManager : Event: ======'attract_pulse_complete'====== Args={'priority': 0}
2025-12-01 08:16:55,663 : INFO : EventManager : Event: ======'attract_pulse_complete'====== Args={'priority': 0}
2025-12-01 08:16:57,657 : INFO : EventManager : Event: ======'attract_wave_complete'====== Args={'priority': 0}
2025-12-01 08:16:58,053 : INFO : EventManager : Event: ======'attract_pulse_complete'====== Args={'priority': 0}
2025-12-01 08:16:58,469 : INFO : EventManager : Event: ======'attract_pulse_complete'====== Args={'priority': 0}
2025-12-01 08:17:00,446 : INFO : EventManager : Event: ======'attract_wave_complete'====== Args={'priority': 0}
2025-12-01 08:17:00,838 : INFO : EventManager : Event: ======'attract_pulse_complete'====== Args={'priority': 0}
2025-12-01 08:17:01,242 : INFO : EventManager : Event: ======'attract_pulse_complete'====== Args={'priority': 0}
2025-12-01 08:17:03,240 : INFO : EventManager : Event: ======'attract_wave_complete'====== Args={'priority': 0}
2025-12-01 08:17:03,630 : INFO : EventManager : Event: ======'attract_pulse_complete'====== Args={'priority': 0}
2025-12-01 08:17:04,033 : INFO : EventManager : Event: ======'attract_pulse_complete'====== Args={'priority': 0}
2025-12-01 08:17:06,040 : INFO : EventManager : Event: ======'attract_wave_complete'====== Args={'priority': 0}
2025-12-01 08:17:06,430 : INFO : EventManager : Event: ======'attract_pulse_complete'====== Args={'priority': 0}
2025-12-01 08:17:06,835 : INFO : EventManager : Event: ======'attract_pulse_complete'====== Args={'priority': 0}
2025-12-01 08:17:08,817 : INFO : EventManager : Event: ======'attract_wave_complete'====== Args={'priority': 0}
2025-12-01 08:17:09,206 : INFO : EventManager : Event: ======'attract_pulse_complete'====== Args={'priority': 0}
2025-12-01 08:17:09,610 : INFO : EventManager : Event: ======'attract_pulse_complete'====== Args={'priority': 0}
2025-12-01 08:17:10,613 : INFO : Machine : Shutting down...
2025-12-01 08:17:10,613 : INFO : EventManager : Event: ======'shutdown'====== Args={}
2025-12-01 08:17:10,717 : ERROR : asyncio : Exception in callback RunningShow._run_next_step()
handle: <TimerHandle when=85202.92800000006 RunningShow._run_next_step()>
Traceback (most recent call last):
  File "C:\Users\antho\AppData\Local\Programs\Python\Python312\Lib\asyncio\events.py", line 88, in _run
    self._context.run(self._callback, *self._args)
  File "C:\Users\antho\mpf\Lib\site-packages\mpf\assets\show.py", line 690, in _run_next_step
    player.show_play_callback(
  File "C:\Users\antho\mpf\Lib\site-packages\mpf\core\config_player.py", line 365, in show_play_callback
    self.play(settings=settings, priority=priority, calling_context=calling_context,
  File "C:\Users\antho\mpf\Lib\site-packages\mpf\config_players\light_player.py", line 43, in play
    self._light_color(light, instance_dict, full_context, s['color'], s["fade"], final_priority, start_time)
  File "C:\Users\antho\mpf\Lib\site-packages\mpf\config_players\light_player.py", line 103, in _light_color
    light.color(color, key=full_context, fade_ms=fade_ms, priority=priority, start_time=start_time)
  File "C:\Users\antho\mpf\Lib\site-packages\mpf\devices\light.py", line 414, in color
    self._schedule_update()
  File "C:\Users\antho\mpf\Lib\site-packages\mpf\devices\light.py", line 657, in _schedule_update
    driver.set_fade(start_brightness, start_time, target_brightness, target_time)
  File "C:\Users\antho\mpf\Lib\site-packages\mpf\platforms\interfaces\light_platform_interface.py", line 98, in set_fade
    self.set_brightness_and_fade(target_brightness, max(fade_ms, 0))
  File "C:\Users\antho\mpf\Lib\site-packages\mpf\platforms\interfaces\light_platform_interface.py", line 160, in set_brightness_and_fade
    self.set_brightness(brightness)
  File "C:\Users\antho\mpf\Lib\site-packages\mpf\platforms\lisy\lisy.py", line 123, in set_brightness
    self.platform.send_byte(LisyDefines.LampsSetLampOn, bytes([self.number]))
  File "C:\Users\antho\mpf\Lib\site-packages\mpf\platforms\lisy\lisy.py", line 783, in send_byte
    assert self._writer is not None
           ^^^^^^^^^^^^^^^^^^^^^^^^
AssertionError
2025-12-01 08:17:10,841 : INFO : root : MPF run loop ended.
