2025-11-08 12:23:11,851 : INFO : root : Loading config.
2025-11-08 12:23:11,857 : INFO : YamlMultifileConfigLoader : Machine config file #1: config.yaml
2025-11-08 12:23:11,857 : INFO : ConfigProcessor : Loading config from cache: C:\Users\antho\AppData\Local\Temp\fdca14d0c9d658ab8200d57120800af5.mpf_cache
2025-11-08 12:23:11,998 : INFO : ConfigProcessor : Loading config from cache: C:\Users\antho\AppData\Local\Temp\5dec96b1547c4adf5bdd3d1715e74bc0.mpf_cache
2025-11-08 12:23:12,000 : INFO : ConfigProcessor : Loading config from cache: C:\Users\antho\AppData\Local\Temp\202a5840610e95051f9f473dfa660cc0.mpf_cache
2025-11-08 12:23:12,000 : INFO : ConfigProcessor : Loading config from cache: C:\Users\antho\AppData\Local\Temp\5dec96b1547c4adf5bdd3d1715e74bc0.mpf_cache
2025-11-08 12:23:12,001 : INFO : ConfigProcessor : Loading config from cache: C:\Users\antho\AppData\Local\Temp\2cd13a2d3f375e00ab01d6d09a85d8e7.mpf_cache
2025-11-08 12:23:12,002 : INFO : ConfigProcessor : Loading config from cache: C:\Users\antho\AppData\Local\Temp\9220b44b97b91972524500b81035d790.mpf_cache
2025-11-08 12:23:12,003 : INFO : ConfigProcessor : Loading config from cache: C:\Users\antho\AppData\Local\Temp\a385d9a802bba3ed30fb86d9c804fa59.mpf_cache
2025-11-08 12:23:12,004 : INFO : ConfigProcessor : Loading config from cache: C:\Users\antho\AppData\Local\Temp\31ee881584fa6fce665a672a4f3f633a.mpf_cache
2025-11-08 12:23:12,004 : INFO : ConfigProcessor : Loading config from cache: C:\Users\antho\AppData\Local\Temp\5e841763ec73085bbf92358fe6afda21.mpf_cache
2025-11-08 12:23:12,005 : INFO : ConfigProcessor : Loading config from cache: C:\Users\antho\AppData\Local\Temp\7f73d12aa9beccac1cbd8c265ccda72e.mpf_cache
2025-11-08 12:23:12,006 : INFO : ConfigProcessor : Loading config from cache: C:\Users\antho\AppData\Local\Temp\a03ebaa9d6d5676c418deb142cb34911.mpf_cache
2025-11-08 12:23:12,006 : INFO : ConfigProcessor : Loading config from cache: C:\Users\antho\AppData\Local\Temp\b17152efa55a24f0424602723f8d3921.mpf_cache
2025-11-08 12:23:12,007 : INFO : ConfigProcessor : Loading config from cache: C:\Users\antho\AppData\Local\Temp\e87fc0e7d2f8a851b5fa3f604e0d0c6e.mpf_cache
2025-11-08 12:23:12,007 : INFO : ConfigProcessor : Loading config from cache: C:\Users\antho\AppData\Local\Temp\196ac76b6cab3a9880804c826cfbcb5c.mpf_cache
2025-11-08 12:23:12,008 : INFO : ConfigProcessor : Loading config from cache: C:\Users\antho\AppData\Local\Temp\55437eb303afaa980597ff60f339a871.mpf_cache
2025-11-08 12:23:12,009 : INFO : ConfigProcessor : Loading config from cache: C:\Users\antho\AppData\Local\Temp\fddc1006228d3387e6d1e46051a3638d.mpf_cache
2025-11-08 12:23:12,009 : INFO : ConfigProcessor : Loading config from cache: C:\Users\antho\AppData\Local\Temp\834292dd7853e12a66732dc89828c828.mpf_cache
2025-11-08 12:23:12,010 : INFO : ConfigProcessor : Loading config from cache: C:\Users\antho\AppData\Local\Temp\46f8fa3e41dfeeb8232af2f03a13b6c4.mpf_cache
2025-11-08 12:23:12,010 : INFO : ConfigProcessor : Loading config from cache: C:\Users\antho\AppData\Local\Temp\c67e9c175da6c060302945929b27b878.mpf_cache
2025-11-08 12:23:12,011 : INFO : Machine : Mission Pinball Framework Core Engine v0.80.0.dev11
2025-11-08 12:23:12,011 : INFO : Machine : Command line arguments: {'no_load_cache': False, 'create_config_cache': True, 'bcp': True, 'configfile': ['config.yaml'], 'force_assets_load': False, 'platform_integration_test': False, 'jsonlogging': False, 'logfile': 'logs\\2025-11-08-12-23-11-mpf-LAPTOP-MPGP6R69.log', 'pause': False, 'production': False, 'text_ui': True, 'loglevel': 15, 'consoleloglevel': 20, 'force_platform': None, 'syslog_address': None, 'full_logfile_path': 'C:\\Users\\antho\\nightpin\\logs\\2025-11-08-12-23-11-mpf-LAPTOP-MPGP6R69.log'}
2025-11-08 12:23:12,011 : INFO : Machine : MPF path: C:\Users\antho\mpf\Lib\site-packages\mpf
2025-11-08 12:23:12,011 : INFO : Machine : Machine path: C:\Users\antho\nightpin
2025-11-08 12:23:12,011 : INFO : Machine : Platform: win32
2025-11-08 12:23:12,011 : INFO : Machine : Python executable location: C:\Users\antho\mpf\Scripts\python.exe
2025-11-08 12:23:12,011 : INFO : Machine : Python version: 3.12.7 (64-bit)
2025-11-08 12:23:12,014 : INFO : Machine : Initializing MPF...
2025-11-08 12:23:12,278 : INFO : lisy : Connecting to com3 at 115200bps
2025-11-08 12:23:12,279 : WARNING : lisy : Could not import terminos (this is ok on windows).
2025-11-08 12:23:12,445 : INFO : EventManager : Event: ======'machine_var_lisy_hardware'====== Args={'value': 'LISY35', 'prev_value': None, 'change': True}
2025-11-08 12:23:12,445 : INFO : EventManager : Event: ======'machine_var_lisy_version'====== Args={'value': '5.26 ', 'prev_value': None, 'change': True}
2025-11-08 12:23:12,445 : INFO : EventManager : Event: ======'machine_var_lisy_api_version'====== Args={'value': b'0.09', 'prev_value': None, 'change': True}
2025-11-08 12:23:13,770 : INFO : EventManager : Event: ======'machine_var_credits_string'====== Args={'value': 'FREE PLAY', 'prev_value': None, 'change': True}
2025-11-08 12:23:13,801 : INFO : EventManager : Event: ======'machine_var_master_volume'====== Args={'value': 0.5, 'prev_value': None, 'change': True}
2025-11-08 12:23:13,801 : INFO : EventManager : Event: ======'machine_var_player1_score'====== Args={'value': 300, 'prev_value': None, 'change': True}
2025-11-08 12:23:13,801 : INFO : EventManager : Event: ======'machine_var_player2_score'====== Args={'value': 600, 'prev_value': None, 'change': True}
2025-11-08 12:23:13,801 : INFO : EventManager : Event: ======'machine_var_mpf_version'====== Args={'value': 'Mission Pinball Framework v0.80.0.dev11', 'prev_value': None, 'change': True}
2025-11-08 12:23:13,801 : INFO : EventManager : Event: ======'machine_var_mpf_extended_version'====== Args={'value': 'Mission Pinball Framework v0.80.0.dev11, Config version:6, Show version: 6, BCP version:1.1', 'prev_value': None, 'change': True}
2025-11-08 12:23:13,802 : INFO : EventManager : Event: ======'machine_var_python_version'====== Args={'value': '3.12.7', 'prev_value': None, 'change': True}
2025-11-08 12:23:13,896 : INFO : EventManager : Event: ======'machine_var_platform'====== Args={'value': 'Windows-11-10.0.26100-SP0', 'prev_value': None, 'change': True}
2025-11-08 12:23:13,896 : INFO : EventManager : Event: ======'machine_var_platform_system'====== Args={'value': 'Windows', 'prev_value': None, 'change': True}
2025-11-08 12:23:13,898 : INFO : EventManager : Event: ======'machine_var_platform_release'====== Args={'value': '11', 'prev_value': None, 'change': True}
2025-11-08 12:23:13,898 : INFO : EventManager : Event: ======'machine_var_platform_version'====== Args={'value': '10.0.26100', 'prev_value': None, 'change': True}
2025-11-08 12:23:13,898 : INFO : EventManager : Event: ======'machine_var_platform_machine'====== Args={'value': 'AMD64', 'prev_value': None, 'change': True}
2025-11-08 12:23:13,898 : INFO : EventManager : Event: ======'machine_var_log_file_path'====== Args={'value': 'C:\\Users\\antho\\nightpin\\logs\\2025-11-08-12-23-11-mpf-LAPTOP-MPGP6R69.log', 'prev_value': None, 'change': True}
2025-11-08 12:23:13,898 : INFO : EventManager : Event: ======'init_phase_1'====== Args={}
2025-11-08 12:23:13,931 : INFO : EventManager : Event: ======'drop_target_bank_right_bank_up'====== Args={}
2025-11-08 12:23:13,931 : INFO : EventManager : Event: ======'drop_target_bank_left_bank_up'====== Args={}
2025-11-08 12:23:14,011 : INFO : EventManager : Event: ======'init_phase_2'====== Args={}
2025-11-08 12:23:14,011 : INFO : SwitchController : Found active switch: ('8', <mpf.platforms.lisy.lisy.LisyHardwarePlatform object at 0x000001B1315696D0>) <switch.s_trough>
2025-11-08 12:23:14,011 : INFO : SwitchController : Found active switch: ('15', <mpf.platforms.lisy.lisy.LisyHardwarePlatform object at 0x000001B1315696D0>) <switch.s_spinner>
2025-11-08 12:23:14,021 : INFO : EventManager : Event: ======'bcp_connection_attempt'====== Args={'name': 'local_display', 'host': 'localhost', 'port': 5050}
2025-11-08 12:23:14,023 : INFO : BCPClientSocket : Connecting BCP to 'local_display' at localhost:5050...
2025-11-08 12:23:14,039 : INFO : BCPClientSocket : Connected BCP to 'local_display' localhost:5050
2025-11-08 12:23:14,040 : INFO : EventManager : Event: ======'bcp_clients_connected'====== Args={}
2025-11-08 12:23:14,150 : INFO : ball_device.bd_trough : BCH: Initial count: 1
2025-11-08 12:23:14,183 : INFO : ball_device.bd_trough : State: idle
2025-11-08 12:23:14,185 : INFO : ball_device.bd_saucer : BCH: Initial count: 0
2025-11-08 12:23:14,185 : INFO : ball_device.bd_saucer : State: idle
2025-11-08 12:23:14,199 : INFO : EventManager : Event: ======'init_phase_3'====== Args={}
2025-11-08 12:23:14,204 : INFO : EventManager : Event: ======'init_phase_4'====== Args={}
2025-11-08 12:23:14,205 : INFO : BallController : Initial balls found: 1
2025-11-08 12:23:14,207 : INFO : EventManager : Event: ======'machine_var_audits_events_game_ended'====== Args={'value': 30, 'prev_value': None, 'change': True}
2025-11-08 12:23:14,207 : INFO : EventManager : Event: ======'machine_var_audits_events_game_started'====== Args={'value': 163, 'prev_value': None, 'change': True}
2025-11-08 12:23:14,207 : INFO : EventManager : Event: ======'machine_var_audits_missing_switches_s_coin_right'====== Args={'value': 22, 'prev_value': None, 'change': True}
2025-11-08 12:23:14,207 : INFO : EventManager : Event: ======'machine_var_audits_missing_switches_s_credit_button'====== Args={'value': 13, 'prev_value': None, 'change': True}
2025-11-08 12:23:14,208 : INFO : EventManager : Event: ======'machine_var_audits_missing_switches_s_inlanes'====== Args={'value': 12, 'prev_value': None, 'change': True}
2025-11-08 12:23:14,208 : INFO : EventManager : Event: ======'machine_var_audits_missing_switches_s_left_bank_target_left'====== Args={'value': 21, 'prev_value': None, 'change': True}
2025-11-08 12:23:14,208 : INFO : EventManager : Event: ======'machine_var_audits_missing_switches_s_left_bank_target_middle'====== Args={'value': 11, 'prev_value': None, 'change': True}
2025-11-08 12:23:14,208 : INFO : EventManager : Event: ======'machine_var_audits_missing_switches_s_left_bank_target_right'====== Args={'value': 21, 'prev_value': None, 'change': True}
2025-11-08 12:23:14,208 : INFO : EventManager : Event: ======'machine_var_audits_missing_switches_s_left_inlane'====== Args={'value': 2, 'prev_value': None, 'change': True}
2025-11-08 12:23:14,208 : INFO : EventManager : Event: ======'machine_var_audits_missing_switches_s_left_lower_bumper'====== Args={'value': 11, 'prev_value': None, 'change': True}
2025-11-08 12:23:14,208 : INFO : EventManager : Event: ======'machine_var_audits_missing_switches_s_left_outlane'====== Args={'value': 4, 'prev_value': None, 'change': True}
2025-11-08 12:23:14,208 : INFO : EventManager : Event: ======'machine_var_audits_missing_switches_s_left_outlane_rollover'====== Args={'value': 23, 'prev_value': None, 'change': True}
2025-11-08 12:23:14,208 : INFO : EventManager : Event: ======'machine_var_audits_missing_switches_s_left_pop_bumper'====== Args={'value': 14, 'prev_value': None, 'change': True}
2025-11-08 12:23:14,208 : INFO : EventManager : Event: ======'machine_var_audits_missing_switches_s_left_rollover'====== Args={'value': 14, 'prev_value': None, 'change': True}
2025-11-08 12:23:14,208 : INFO : EventManager : Event: ======'machine_var_audits_missing_switches_s_left_skill_lane'====== Args={'value': 9, 'prev_value': None, 'change': True}
2025-11-08 12:23:14,208 : INFO : EventManager : Event: ======'machine_var_audits_missing_switches_s_left_sling'====== Args={'value': 21, 'prev_value': None, 'change': True}
2025-11-08 12:23:14,208 : INFO : EventManager : Event: ======'machine_var_audits_missing_switches_s_left_upper_bumper'====== Args={'value': 11, 'prev_value': None, 'change': True}
2025-11-08 12:23:14,210 : INFO : EventManager : Event: ======'machine_var_audits_missing_switches_s_middle_pop_bumper'====== Args={'value': 21, 'prev_value': None, 'change': True}
2025-11-08 12:23:14,210 : INFO : EventManager : Event: ======'machine_var_audits_missing_switches_s_middle_rollover'====== Args={'value': 11, 'prev_value': None, 'change': True}
2025-11-08 12:23:14,210 : INFO : EventManager : Event: ======'machine_var_audits_missing_switches_s_middle_skill_lane'====== Args={'value': 9, 'prev_value': None, 'change': True}
2025-11-08 12:23:14,210 : INFO : EventManager : Event: ======'machine_var_audits_missing_switches_s_middle_upper_rollovers'====== Args={'value': 5, 'prev_value': None, 'change': True}
2025-11-08 12:23:14,210 : INFO : EventManager : Event: ======'machine_var_audits_missing_switches_s_outer_skill_lanes'====== Args={'value': 1, 'prev_value': None, 'change': True}
2025-11-08 12:23:14,210 : INFO : EventManager : Event: ======'machine_var_audits_missing_switches_s_right_bank_target_left'====== Args={'value': 4, 'prev_value': None, 'change': True}
2025-11-08 12:23:14,210 : INFO : EventManager : Event: ======'machine_var_audits_missing_switches_s_right_bank_target_middle'====== Args={'value': 11, 'prev_value': None, 'change': True}
2025-11-08 12:23:14,210 : INFO : EventManager : Event: ======'machine_var_audits_missing_switches_s_right_bank_target_right'====== Args={'value': 13, 'prev_value': None, 'change': True}
2025-11-08 12:23:14,210 : INFO : EventManager : Event: ======'machine_var_audits_missing_switches_s_right_outlane'====== Args={'value': 4, 'prev_value': None, 'change': True}
2025-11-08 12:23:14,210 : INFO : EventManager : Event: ======'machine_var_audits_missing_switches_s_right_outlane_rollover'====== Args={'value': 40, 'prev_value': None, 'change': True}
2025-11-08 12:23:14,210 : INFO : EventManager : Event: ======'machine_var_audits_missing_switches_s_right_pop_bumper'====== Args={'value': 14, 'prev_value': None, 'change': True}
2025-11-08 12:23:14,211 : INFO : EventManager : Event: ======'machine_var_audits_missing_switches_s_right_rollover'====== Args={'value': 78, 'prev_value': None, 'change': True}
2025-11-08 12:23:14,211 : INFO : EventManager : Event: ======'machine_var_audits_missing_switches_s_right_skill_lane'====== Args={'value': 14, 'prev_value': None, 'change': True}
2025-11-08 12:23:14,211 : INFO : EventManager : Event: ======'machine_var_audits_missing_switches_s_right_sling'====== Args={'value': 21, 'prev_value': None, 'change': True}
2025-11-08 12:23:14,211 : INFO : EventManager : Event: ======'machine_var_audits_missing_switches_s_rollover_upper'====== Args={'value': 11, 'prev_value': None, 'change': True}
2025-11-08 12:23:14,211 : INFO : EventManager : Event: ======'machine_var_audits_missing_switches_s_saucer'====== Args={'value': 11, 'prev_value': None, 'change': True}
2025-11-08 12:23:14,211 : INFO : EventManager : Event: ======'machine_var_audits_missing_switches_s_slam_tilt'====== Args={'value': 13, 'prev_value': None, 'change': True}
2025-11-08 12:23:14,211 : INFO : EventManager : Event: ======'machine_var_audits_missing_switches_s_spinner'====== Args={'value': 13, 'prev_value': None, 'change': True}
2025-11-08 12:23:14,211 : INFO : EventManager : Event: ======'machine_var_audits_missing_switches_s_stand_up'====== Args={'value': 14, 'prev_value': None, 'change': True}
2025-11-08 12:23:14,211 : INFO : EventManager : Event: ======'machine_var_audits_missing_switches_s_tilt'====== Args={'value': 14, 'prev_value': None, 'change': True}
2025-11-08 12:23:14,211 : INFO : EventManager : Event: ======'machine_var_audits_player_score'====== Args={'value': {'average': 1366, 'top': [7340, 5110, 5070, 4300, 4230, 3980, 3410, 2500, 2500, 2320], 'total': 45}, 'prev_value': None, 'change': True}
2025-11-08 12:23:14,211 : INFO : EventManager : Event: ======'machine_var_audits_shots_my_first_shot'====== Args={'value': 3, 'prev_value': None, 'change': True}
2025-11-08 12:23:14,211 : INFO : EventManager : Event: ======'machine_var_audits_shots_sh_eg_pop_left'====== Args={'value': 8, 'prev_value': None, 'change': True}
2025-11-08 12:23:14,211 : INFO : EventManager : Event: ======'machine_var_audits_shots_sh_eg_pop_middle'====== Args={'value': 8, 'prev_value': None, 'change': True}
2025-11-08 12:23:14,212 : INFO : EventManager : Event: ======'machine_var_audits_shots_sh_eg_pop_right'====== Args={'value': 13, 'prev_value': None, 'change': True}
2025-11-08 12:23:14,212 : INFO : EventManager : Event: ======'machine_var_audits_shots_sh_eg_right_drop_left'====== Args={'value': 4, 'prev_value': None, 'change': True}
2025-11-08 12:23:14,212 : INFO : EventManager : Event: ======'machine_var_audits_shots_sh_eg_right_drop_middle'====== Args={'value': 3, 'prev_value': None, 'change': True}
2025-11-08 12:23:14,212 : INFO : EventManager : Event: ======'machine_var_audits_shots_sh_eg_right_drop_right'====== Args={'value': 3, 'prev_value': None, 'change': True}
2025-11-08 12:23:14,212 : INFO : EventManager : Event: ======'machine_var_audits_shots_sh_eg_spinner'====== Args={'value': 2, 'prev_value': None, 'change': True}
2025-11-08 12:23:14,212 : INFO : EventManager : Event: ======'machine_var_audits_shots_sh_escape_graveyard_start'====== Args={'value': 13, 'prev_value': None, 'change': True}
2025-11-08 12:23:14,212 : INFO : EventManager : Event: ======'machine_var_audits_switches_s_coin_right'====== Args={'value': 2, 'prev_value': None, 'change': True}
2025-11-08 12:23:14,212 : INFO : EventManager : Event: ======'machine_var_audits_switches_s_credit_button'====== Args={'value': 7, 'prev_value': None, 'change': True}
2025-11-08 12:23:14,212 : INFO : EventManager : Event: ======'machine_var_audits_switches_s_inlanes'====== Args={'value': 159, 'prev_value': None, 'change': True}
2025-11-08 12:23:14,212 : INFO : EventManager : Event: ======'machine_var_audits_switches_s_left_bank_target_left'====== Args={'value': 42, 'prev_value': None, 'change': True}
2025-11-08 12:23:14,212 : INFO : EventManager : Event: ======'machine_var_audits_switches_s_left_bank_target_middle'====== Args={'value': 31, 'prev_value': None, 'change': True}
2025-11-08 12:23:14,212 : INFO : EventManager : Event: ======'machine_var_audits_switches_s_left_bank_target_right'====== Args={'value': 32, 'prev_value': None, 'change': True}
2025-11-08 12:23:14,212 : INFO : EventManager : Event: ======'machine_var_audits_switches_s_left_inlane'====== Args={'value': 12, 'prev_value': None, 'change': True}
2025-11-08 12:23:14,213 : INFO : EventManager : Event: ======'machine_var_audits_switches_s_left_lower_bumper'====== Args={'value': 45, 'prev_value': None, 'change': True}
2025-11-08 12:23:14,213 : INFO : EventManager : Event: ======'machine_var_audits_switches_s_left_outlane'====== Args={'value': 2, 'prev_value': None, 'change': True}
2025-11-08 12:23:14,213 : INFO : EventManager : Event: ======'machine_var_audits_switches_s_left_outlane_rollover'====== Args={'value': 23, 'prev_value': None, 'change': True}
2025-11-08 12:23:14,213 : INFO : EventManager : Event: ======'machine_var_audits_switches_s_left_pop_bumper'====== Args={'value': 150, 'prev_value': None, 'change': True}
2025-11-08 12:23:14,213 : INFO : EventManager : Event: ======'machine_var_audits_switches_s_left_rollover'====== Args={'value': 6, 'prev_value': None, 'change': True}
2025-11-08 12:23:14,213 : INFO : EventManager : Event: ======'machine_var_audits_switches_s_left_skill_lane'====== Args={'value': 22, 'prev_value': None, 'change': True}
2025-11-08 12:23:14,213 : INFO : EventManager : Event: ======'machine_var_audits_switches_s_left_sling'====== Args={'value': 122, 'prev_value': None, 'change': True}
2025-11-08 12:23:14,213 : INFO : EventManager : Event: ======'machine_var_audits_switches_s_left_upper_bumper'====== Args={'value': 53, 'prev_value': None, 'change': True}
2025-11-08 12:23:14,213 : INFO : EventManager : Event: ======'machine_var_audits_switches_s_middle_pop_bumper'====== Args={'value': 162, 'prev_value': None, 'change': True}
2025-11-08 12:23:14,213 : INFO : EventManager : Event: ======'machine_var_audits_switches_s_middle_rollover'====== Args={'value': 30, 'prev_value': None, 'change': True}
2025-11-08 12:23:14,213 : INFO : EventManager : Event: ======'machine_var_audits_switches_s_middle_skill_lane'====== Args={'value': 95, 'prev_value': None, 'change': True}
2025-11-08 12:23:14,213 : INFO : EventManager : Event: ======'machine_var_audits_switches_s_middle_upper_rollovers'====== Args={'value': 97, 'prev_value': None, 'change': True}
2025-11-08 12:23:14,213 : INFO : EventManager : Event: ======'machine_var_audits_switches_s_outer_skill_lanes'====== Args={'value': 133, 'prev_value': None, 'change': True}
2025-11-08 12:23:14,213 : INFO : EventManager : Event: ======'machine_var_audits_switches_s_pop_bumper_bottom'====== Args={'value': 6, 'prev_value': None, 'change': True}
2025-11-08 12:23:14,214 : INFO : EventManager : Event: ======'machine_var_audits_switches_s_pop_bumper_left'====== Args={'value': 2, 'prev_value': None, 'change': True}
2025-11-08 12:23:14,214 : INFO : EventManager : Event: ======'machine_var_audits_switches_s_pop_bumper_right'====== Args={'value': 1, 'prev_value': None, 'change': True}
2025-11-08 12:23:14,214 : INFO : EventManager : Event: ======'machine_var_audits_switches_s_right_bank_target_left'====== Args={'value': 65, 'prev_value': None, 'change': True}
2025-11-08 12:23:14,214 : INFO : EventManager : Event: ======'machine_var_audits_switches_s_right_bank_target_middle'====== Args={'value': 50, 'prev_value': None, 'change': True}
2025-11-08 12:23:14,214 : INFO : EventManager : Event: ======'machine_var_audits_switches_s_right_bank_target_right'====== Args={'value': 44, 'prev_value': None, 'change': True}
2025-11-08 12:23:14,214 : INFO : EventManager : Event: ======'machine_var_audits_switches_s_right_inlane'====== Args={'value': 247, 'prev_value': None, 'change': True}
2025-11-08 12:23:14,214 : INFO : EventManager : Event: ======'machine_var_audits_switches_s_right_outlane'====== Args={'value': 3, 'prev_value': None, 'change': True}
2025-11-08 12:23:14,214 : INFO : EventManager : Event: ======'machine_var_audits_switches_s_right_outlane_rollover'====== Args={'value': 6, 'prev_value': None, 'change': True}
2025-11-08 12:23:14,214 : INFO : EventManager : Event: ======'machine_var_audits_switches_s_right_pop_bumper'====== Args={'value': 200, 'prev_value': None, 'change': True}
2025-11-08 12:23:14,214 : INFO : EventManager : Event: ======'machine_var_audits_switches_s_right_rollover'====== Args={'value': 0, 'prev_value': None, 'change': True}
2025-11-08 12:23:14,214 : INFO : EventManager : Event: ======'machine_var_audits_switches_s_right_skill_lane'====== Args={'value': 18, 'prev_value': None, 'change': True}
2025-11-08 12:23:14,214 : INFO : EventManager : Event: ======'machine_var_audits_switches_s_right_sling'====== Args={'value': 100, 'prev_value': None, 'change': True}
2025-11-08 12:23:14,214 : INFO : EventManager : Event: ======'machine_var_audits_switches_s_rollover_upper'====== Args={'value': 9, 'prev_value': None, 'change': True}
2025-11-08 12:23:14,214 : INFO : EventManager : Event: ======'machine_var_audits_switches_s_saucer'====== Args={'value': 127, 'prev_value': None, 'change': True}
2025-11-08 12:23:14,214 : INFO : EventManager : Event: ======'machine_var_audits_switches_s_slam_tilt'====== Args={'value': 8, 'prev_value': None, 'change': True}
2025-11-08 12:23:14,214 : INFO : EventManager : Event: ======'machine_var_audits_switches_s_spinner'====== Args={'value': 554, 'prev_value': None, 'change': True}
2025-11-08 12:23:14,214 : INFO : EventManager : Event: ======'machine_var_audits_switches_s_stand_up'====== Args={'value': 12, 'prev_value': None, 'change': True}
2025-11-08 12:23:14,214 : INFO : EventManager : Event: ======'machine_var_audits_switches_s_start_button'====== Args={'value': 54, 'prev_value': None, 'change': True}
2025-11-08 12:23:14,214 : INFO : EventManager : Event: ======'machine_var_audits_switches_s_tilt'====== Args={'value': 3, 'prev_value': None, 'change': True}
2025-11-08 12:23:14,215 : INFO : EventManager : Event: ======'machine_var_audits_switches_s_trough'====== Args={'value': 860, 'prev_value': None, 'change': True}
2025-11-08 12:23:14,216 : INFO : EventManager : Event: ======'init_phase_5'====== Args={}
2025-11-08 12:23:14,228 : INFO : EventManager : Event: ======'init_done'====== Args={}
2025-11-08 12:23:14,228 : INFO : EventManager : Event: ======'machine_reset_phase_1'====== Args={}
2025-11-08 12:23:14,235 : INFO : EventManager : Event: ======'machine_reset_phase_2'====== Args={}
2025-11-08 12:23:14,236 : INFO : EventManager : Event: ======'machine_reset_phase_3'====== Args={}
2025-11-08 12:23:14,236 : INFO : EventManager : Event: ======'mode_attract_will_start'====== Args={'queue': <QueuedEvent>}
2025-11-08 12:23:14,237 : INFO : EventManager : Event: ======'mode_attract_starting'====== Args={'queue': <QueuedEvent>}
2025-11-08 12:23:14,238 : INFO : EventManager : Event: ======'eg_init_last_scores'====== Args={'priority': 0}
2025-11-08 12:23:14,238 : INFO : EventManager : Event: ======'set_machine_var'====== Args={'priority': 0, 'name': 'player1_score', 'value': 0}
2025-11-08 12:23:14,238 : INFO : EventManager : Event: ======'eg_init_last_scores_p2'====== Args={'priority': 0}
2025-11-08 12:23:14,238 : INFO : EventManager : Event: ======'set_machine_var'====== Args={'priority': 0, 'name': 'player2_score', 'value': 0}
2025-11-08 12:23:14,238 : INFO : EventManager : Event: ======'eg_init_last_scores_p3'====== Args={'priority': 0}
2025-11-08 12:23:14,238 : INFO : EventManager : Event: ======'set_machine_var'====== Args={'priority': 0, 'name': 'player3_score', 'value': 0}
2025-11-08 12:23:14,238 : INFO : EventManager : Event: ======'eg_init_last_scores_p4'====== Args={'priority': 0}
2025-11-08 12:23:14,238 : INFO : EventManager : Event: ======'set_machine_var'====== Args={'priority': 0, 'name': 'player4_score', 'value': 0}
2025-11-08 12:23:14,238 : INFO : Mode.attract : Started. Priority: 10
2025-11-08 12:23:14,238 : INFO : EventManager : Event: ======'modes_active_modes_changed'====== Args={}
2025-11-08 12:23:14,239 : INFO : EventManager : Event: ======'mode_attract_started'====== Args={'queue': <QueuedEvent>}
2025-11-08 12:23:14,239 : INFO : EventManager : Event: ======'godot_attract_on'====== Args={'priority': 0}
2025-11-08 12:23:14,239 : INFO : EventManager : Event: ======'collecting_balls_complete'====== Args={}
2025-11-08 12:23:14,239 : INFO : EventManager : Event: ======'reset_complete'====== Args={}
2025-11-08 12:23:14,253 : INFO : Machine : Starting the main run loop with active modes: [<Mode.attract>]
2025-11-08 12:23:14,284 : INFO : EventManager : Event: ======'slide_attract_created'====== Args={'_from_bcp': True}
2025-11-08 12:23:14,284 : INFO : EventManager : Event: ======'slide__removed'====== Args={'_from_bcp': True}
2025-11-08 12:23:14,285 : INFO : EventManager : Event: ======'slide_attract_active'====== Args={'original_context': 'attract', 'original_calling_context': 'mode_attract_started', 'priority': 10.0, 'queue': '<QueuedEvent>', 'cmd': 'slides_play', '_from_bcp': True}
2025-11-08 12:23:16,223 : INFO : EventManager : Event: ======'attract_wave_complete'====== Args={'priority': 0}
2025-11-08 12:23:16,614 : INFO : EventManager : Event: ======'attract_pulse_complete'====== Args={'priority': 0}
2025-11-08 12:23:16,675 : INFO : SwitchController : <<<<<<< 's_start_button' active >>>>>>>
2025-11-08 12:23:16,784 : INFO : SwitchController : <<<<<<< 's_start_button' inactive >>>>>>>
2025-11-08 12:23:16,784 : INFO : EventManager : Event: ======'request_to_start_game'====== Args={}
2025-11-08 12:23:16,784 : INFO : EventManager : Event: ======'game_start'====== Args={'buttons': [], 'hold_time': 0.10899999993853271}
2025-11-08 12:23:16,784 : INFO : EventManager : Event: ======'mode_game_will_start'====== Args={'buttons': [], 'hold_time': 0.10899999993853271}
2025-11-08 12:23:16,785 : INFO : EventManager : Event: ======'mode_game_starting'====== Args={'buttons': [], 'hold_time': 0.10899999993853271}
2025-11-08 12:23:16,785 : INFO : Mode.game : Started. Priority: 20
2025-11-08 12:23:16,785 : INFO : EventManager : Event: ======'modes_active_modes_changed'====== Args={}
2025-11-08 12:23:16,785 : INFO : EventManager : Event: ======'mode_game_started'====== Args={'buttons': [], 'hold_time': 0.10899999993853271}
2025-11-08 12:23:16,800 : INFO : EventManager : Event: ======'game_will_start'====== Args={}
2025-11-08 12:23:16,800 : INFO : EventManager : Event: ======'game_starting'====== Args={'game': <Mode.game>}
2025-11-08 12:23:16,801 : INFO : EventManager : Event: ======'mode_attract_will_stop'====== Args={}
2025-11-08 12:23:16,801 : INFO : EventManager : Event: ======'mode_attract_stopping'====== Args={}
2025-11-08 12:23:16,801 : INFO : EventManager : Event: ======'godot_attract_off'====== Args={'priority': 0}
2025-11-08 12:23:16,801 : INFO : EventManager : Unordered handler for class <Auditor> on event game_ended with priority 1. Handlers: [RegisteredHandler(callback=<bound method Auditor.disable of <Auditor>>, priority=1, kwargs={}, key=UUID('040ec158-dfe8-415f-ad96-167d69fbd3df'), condition=None, blocking_facility=None), RegisteredHandler(callback=<bound method Auditor._save_audits of <Auditor>>, priority=1, kwargs={}, key=UUID('bee12ae1-46db-4d0e-92f8-6f1eef09b160'), condition=None, blocking_facility=None)]. The order of those handlers is not defined and they will be executed in random order. This might lead to race conditions and potential bugs.
2025-11-08 12:23:16,802 : INFO : EventManager : Event: ======'godot_attract_off'====== Args={'priority': 0}
2025-11-08 12:23:16,803 : INFO : Mode.attract : Stopped.
2025-11-08 12:23:16,803 : INFO : EventManager : Event: ======'modes_active_modes_changed'====== Args={}
2025-11-08 12:23:16,803 : INFO : EventManager : Event: ======'mode_attract_stopped'====== Args={}
2025-11-08 12:23:16,803 : INFO : EventManager : Event: ======'clear'====== Args={'key': 'attract'}
2025-11-08 12:23:16,803 : INFO : EventManager : Event: ======'player_add_request'====== Args={}
2025-11-08 12:23:16,803 : INFO : EventManager : Event: ======'player_will_add'====== Args={'number': 1}
2025-11-08 12:23:16,803 : INFO : EventManager : Event: ======'player_adding'====== Args={'player': <Player 1>, 'number': 1}
2025-11-08 12:23:16,803 : INFO : EventManager : Event: ======'player_added'====== Args={'player': <Player 1>, 'num': 1}
2025-11-08 12:23:16,803 : INFO : Mode.game : Player added successfully. Total players: 1
2025-11-08 12:23:16,805 : INFO : EventManager : Event: ======'player_index'====== Args={'value': 0, 'prev_value': 0, 'change': 0, 'player_num': 1}
2025-11-08 12:23:16,805 : INFO : EventManager : Event: ======'player_number'====== Args={'value': 1, 'prev_value': 1, 'change': 0, 'player_num': 1}
2025-11-08 12:23:16,805 : INFO : EventManager : Event: ======'player_score'====== Args={'value': 0, 'prev_value': 0, 'change': 0, 'player_num': 1}
2025-11-08 12:23:16,806 : INFO : EventManager : Unordered handler for class <Auditor> on event game_ended with priority 1. Handlers: [RegisteredHandler(callback=<bound method Auditor.disable of <Auditor>>, priority=1, kwargs={}, key=UUID('040ec158-dfe8-415f-ad96-167d69fbd3df'), condition=None, blocking_facility=None), RegisteredHandler(callback=<bound method Auditor._save_audits of <Auditor>>, priority=1, kwargs={}, key=UUID('bee12ae1-46db-4d0e-92f8-6f1eef09b160'), condition=None, blocking_facility=None)]. The order of those handlers is not defined and they will be executed in random order. This might lead to race conditions and potential bugs.
2025-11-08 12:23:16,822 : INFO : EventManager : Event: ======'game_started'====== Args={}
2025-11-08 12:23:16,822 : INFO : EventManager : Event: ======'blink_on'====== Args={'priority': 0}
2025-11-08 12:23:16,824 : INFO : EventManager : Event: ======'player_turn_will_start'====== Args={'player': <Player 1>, 'number': 1}
2025-11-08 12:23:16,847 : INFO : EventManager : Event: ======'player_turn_starting'====== Args={'player': <Player 1>, 'number': 1}
2025-11-08 12:23:16,847 : INFO : EventManager : Event: ======'player_ball'====== Args={'value': 1, 'prev_value': 0, 'change': 1, 'player_num': 1}
2025-11-08 12:23:16,849 : INFO : EventManager : Event: ======'player_turn_started'====== Args={'player': <Player 1>, 'number': 1}
2025-11-08 12:23:16,849 : INFO : EventManager : Event: ======'ball_will_start'====== Args={'player': 1, 'ball': 1, 'balls_remaining': 2, 'is_extra_ball': False}
2025-11-08 12:23:16,854 : INFO : EventManager : Event: ======'ball_starting'====== Args={'player': 1, 'ball': 1, 'balls_remaining': 2, 'is_extra_ball': False}
2025-11-08 12:23:16,854 : INFO : EventManager : Event: ======'mode_base_will_start'====== Args={'queue': <QueuedEvent>, 'player': 1, 'ball': 1, 'balls_remaining': 2, 'is_extra_ball': False}
2025-11-08 12:23:16,854 : INFO : EventManager : Event: ======'player_shot_sh_escape_graveyard_start_enabled'====== Args={'value': False, 'prev_value': 0, 'change': 0, 'player_num': 1}
2025-11-08 12:23:16,855 : INFO : EventManager : Unordered handler for class <Auditor> on event game_ended with priority 1. Handlers: [RegisteredHandler(callback=<bound method Auditor.disable of <Auditor>>, priority=1, kwargs={}, key=UUID('040ec158-dfe8-415f-ad96-167d69fbd3df'), condition=None, blocking_facility=None), RegisteredHandler(callback=<bound method Auditor._save_audits of <Auditor>>, priority=1, kwargs={}, key=UUID('bee12ae1-46db-4d0e-92f8-6f1eef09b160'), condition=None, blocking_facility=None)]. The order of those handlers is not defined and they will be executed in random order. This might lead to race conditions and potential bugs.
2025-11-08 12:23:16,855 : INFO : EventManager : Unordered handler for class <Auditor> on event game_ended with priority 1. Handlers: [RegisteredHandler(callback=<bound method Auditor.disable of <Auditor>>, priority=1, kwargs={}, key=UUID('040ec158-dfe8-415f-ad96-167d69fbd3df'), condition=None, blocking_facility=None), RegisteredHandler(callback=<bound method Auditor._save_audits of <Auditor>>, priority=1, kwargs={}, key=UUID('bee12ae1-46db-4d0e-92f8-6f1eef09b160'), condition=None, blocking_facility=None)]. The order of those handlers is not defined and they will be executed in random order. This might lead to race conditions and potential bugs.
2025-11-08 12:23:16,858 : INFO : EventManager : Event: ======'mode_base_starting'====== Args={'queue': <QueuedEvent>, 'player': 1, 'ball': 1, 'balls_remaining': 2, 'is_extra_ball': False}
2025-11-08 12:23:16,858 : INFO : drop_target_bank.right_bank : All targets are already up. Will not reset bank.
2025-11-08 12:23:16,858 : INFO : drop_target_bank.left_bank : All targets are already up. Will not reset bank.
2025-11-08 12:23:16,859 : INFO : EventManager : Event: ======'balls_in_play'====== Args={'balls': 1}
2025-11-08 12:23:16,859 : INFO : EventManager : Event: ======'ball_started'====== Args={'player': 1, 'ball': 1, 'balls_remaining': 2, 'is_extra_ball': False}
2025-11-08 12:23:16,859 : INFO : EventManager : Event: ======'logicblock_eg_pop_counter_updated'====== Args={'value': 0, 'enabled': True}
2025-11-08 12:23:16,859 : INFO : EventManager : Event: ======'logicblock_eg_pop_counter_updated'====== Args={'value': 0, 'enabled': True}
2025-11-08 12:23:16,859 : INFO : Mode.base : Started. Priority: 50
2025-11-08 12:23:16,859 : INFO : EventManager : Event: ======'modes_active_modes_changed'====== Args={}
2025-11-08 12:23:16,859 : INFO : EventManager : Event: ======'mode_base_started'====== Args={'queue': <QueuedEvent>, 'player': 1, 'ball': 1, 'balls_remaining': 2, 'is_extra_ball': False}
2025-11-08 12:23:16,859 : INFO : EventManager : Event: ======'logicblock_eg_pop_counter_updated'====== Args={'value': 0, 'enabled': True}
2025-11-08 12:23:16,861 : INFO : EventManager : Unordered handler for class <Auditor> on event game_ended with priority 1. Handlers: [RegisteredHandler(callback=<bound method Auditor.disable of <Auditor>>, priority=1, kwargs={}, key=UUID('040ec158-dfe8-415f-ad96-167d69fbd3df'), condition=None, blocking_facility=None), RegisteredHandler(callback=<bound method Auditor._save_audits of <Auditor>>, priority=1, kwargs={}, key=UUID('bee12ae1-46db-4d0e-92f8-6f1eef09b160'), condition=None, blocking_facility=None)]. The order of those handlers is not defined and they will be executed in random order. This might lead to race conditions and potential bugs.
2025-11-08 12:23:16,862 : INFO : EventManager : Event: ======'stop_mode_attract'====== Args={'priority': 0}
2025-11-08 12:23:16,862 : INFO : EventManager : Event: ======'mode_attract_will_stop'====== Args={'priority': 0}
2025-11-08 12:23:16,862 : INFO : EventManager : Event: ======'godot_attract_off'====== Args={'priority': 0}
2025-11-08 12:23:16,862 : INFO : EventManager : Event: ======'godot_play_base'====== Args={'priority': 0}
2025-11-08 12:23:16,863 : INFO : EventManager : Event: ======'single_player_ball_started'====== Args={}
2025-11-08 12:23:16,876 : INFO : EventManager : Event: ======'ball_start_target'====== Args={'target': 'playfield'}
2025-11-08 12:23:16,877 : INFO : ball_device.bd_trough : Setting up player-controlled eject. Balls: 1, Target: <playfield.playfield>, player_controlled_eject_event: None
2025-11-08 12:23:16,877 : INFO : ball_device.bd_trough : Adding 1 ball(s) to the eject_queue with target <playfield.playfield>.
2025-11-08 12:23:16,877 : INFO : EventManager : Event: ======'balldevice_balls_available'====== Args={}
2025-11-08 12:23:16,878 : INFO : ball_device.bd_trough : State: waiting_for_target_ready
2025-11-08 12:23:16,878 : INFO : EventManager : Event: ======'balldevice_bd_trough_ball_eject_attempt'====== Args={'balls': 1, 'target': <playfield.playfield>, 'source': <ball_device.bd_trough>, 'mechanical_eject': False, 'num_attempts': 0}
2025-11-08 12:23:16,879 : INFO : ball_device.bd_trough : State: ejecting
2025-11-08 12:23:16,879 : INFO : ball_device.bd_trough : Ejecting ball to <playfield.playfield>
2025-11-08 12:23:16,879 : INFO : EventManager : Event: ======'balldevice_bd_trough_ejecting_ball'====== Args={'balls': 1, 'target': <playfield.playfield>, 'source': <ball_device.bd_trough>, 'mechanical_eject': False, 'num_attempts': 0}
2025-11-08 12:23:16,880 : INFO : ball_device.bd_trough : Wait for ball to leave device
2025-11-08 12:23:16,880 : INFO : coil.c_trough_eject : Pulsing Driver for 40ms (1.0 pulse_power)
2025-11-08 12:23:16,925 : INFO : SwitchController : <<<<<<< 's_trough' inactive >>>>>>>
2025-11-08 12:23:16,932 : INFO : ball_device.bd_trough : State: ball_left
2025-11-08 12:23:16,933 : INFO : ball_device.bd_trough : Ball left
2025-11-08 12:23:16,933 : INFO : ball_device.bd_trough : Wait for confirm with timeout 10.0
2025-11-08 12:23:16,944 : INFO : EventManager : Event: ======'slide_base_created'====== Args={'_from_bcp': True}
2025-11-08 12:23:16,944 : INFO : EventManager : Event: ======'slide_attract_inactive'====== Args={'is_removing': True, '_from_bcp': True}
2025-11-08 12:23:16,944 : INFO : EventManager : Event: ======'slide_base_active'====== Args={'original_context': 'base', 'original_calling_context': 'mode_base_started', 'priority': 50.0, 'queue': '<QueuedEvent>', 'player': 1.0, 'ball': 1.0, 'balls_remaining': 2.0, 'is_extra_ball': False, 'cmd': 'slides_play', '_from_bcp': True}
2025-11-08 12:23:16,944 : INFO : EventManager : Event: ======'slide_attract_removed'====== Args={'_from_bcp': True}
2025-11-08 12:23:17,420 : INFO : EventManager : Event: ======'blink_off'====== Args={'priority': 0}
2025-11-08 12:23:18,013 : INFO : EventManager : Event: ======'blink_on'====== Args={'priority': 0}
2025-11-08 12:23:18,618 : INFO : EventManager : Event: ======'blink_off'====== Args={'priority': 0}
2025-11-08 12:23:18,618 : INFO : EventManager : Unordered handler for class <Auditor> on event game_ended with priority 1. Handlers: [RegisteredHandler(callback=<bound method Auditor.disable of <Auditor>>, priority=1, kwargs={}, key=UUID('040ec158-dfe8-415f-ad96-167d69fbd3df'), condition=None, blocking_facility=None), RegisteredHandler(callback=<bound method Auditor._save_audits of <Auditor>>, priority=1, kwargs={}, key=UUID('bee12ae1-46db-4d0e-92f8-6f1eef09b160'), condition=None, blocking_facility=None)]. The order of those handlers is not defined and they will be executed in random order. This might lead to race conditions and potential bugs.
2025-11-08 12:23:19,193 : INFO : SwitchController : <<<<<<< 's_right_inlane' active >>>>>>>
2025-11-08 12:23:19,193 : INFO : EventManager : Event: ======'s_right_inlane_active'====== Args={}
2025-11-08 12:23:19,193 : INFO : EventManager : Event: ======'sw_playfield_active'====== Args={}
2025-11-08 12:23:19,193 : INFO : EventManager : Event: ======'machine_var_audits_switches_s_right_inlane'====== Args={'value': 248, 'prev_value': 247, 'change': 1}
2025-11-08 12:23:19,195 : INFO : EventManager : Event: ======'player_score'====== Args={'value': 100, 'prev_value': 0, 'change': 100, 'player_num': 1, 'source': 'base'}
2025-11-08 12:23:19,196 : INFO : EventManager : Unordered handler for class <Auditor> on event game_ended with priority 1. Handlers: [RegisteredHandler(callback=<bound method Auditor.disable of <Auditor>>, priority=1, kwargs={}, key=UUID('040ec158-dfe8-415f-ad96-167d69fbd3df'), condition=None, blocking_facility=None), RegisteredHandler(callback=<bound method Auditor._save_audits of <Auditor>>, priority=1, kwargs={}, key=UUID('bee12ae1-46db-4d0e-92f8-6f1eef09b160'), condition=None, blocking_facility=None)]. The order of those handlers is not defined and they will be executed in random order. This might lead to race conditions and potential bugs.
2025-11-08 12:23:19,196 : INFO : EventManager : Event: ======'playfield_active'====== Args={'source': None}
2025-11-08 12:23:19,208 : INFO : EventManager : Event: ======'blink_on'====== Args={'priority': 0}
2025-11-08 12:23:19,209 : INFO : EventManager : Unordered handler for class <Auditor> on event game_ended with priority 1. Handlers: [RegisteredHandler(callback=<bound method Auditor.disable of <Auditor>>, priority=1, kwargs={}, key=UUID('040ec158-dfe8-415f-ad96-167d69fbd3df'), condition=None, blocking_facility=None), RegisteredHandler(callback=<bound method Auditor._save_audits of <Auditor>>, priority=1, kwargs={}, key=UUID('bee12ae1-46db-4d0e-92f8-6f1eef09b160'), condition=None, blocking_facility=None)]. The order of those handlers is not defined and they will be executed in random order. This might lead to race conditions and potential bugs.
2025-11-08 12:23:19,210 : INFO : EventManager : Unordered handler for class <Auditor> on event game_ended with priority 1. Handlers: [RegisteredHandler(callback=<bound method Auditor.disable of <Auditor>>, priority=1, kwargs={}, key=UUID('040ec158-dfe8-415f-ad96-167d69fbd3df'), condition=None, blocking_facility=None), RegisteredHandler(callback=<bound method Auditor._save_audits of <Auditor>>, priority=1, kwargs={}, key=UUID('bee12ae1-46db-4d0e-92f8-6f1eef09b160'), condition=None, blocking_facility=None)]. The order of those handlers is not defined and they will be executed in random order. This might lead to race conditions and potential bugs.
2025-11-08 12:23:19,211 : INFO : EventManager : Unordered handler for class <Auditor> on event game_ended with priority 1. Handlers: [RegisteredHandler(callback=<bound method Auditor.disable of <Auditor>>, priority=1, kwargs={}, key=UUID('040ec158-dfe8-415f-ad96-167d69fbd3df'), condition=None, blocking_facility=None), RegisteredHandler(callback=<bound method Auditor._save_audits of <Auditor>>, priority=1, kwargs={}, key=UUID('bee12ae1-46db-4d0e-92f8-6f1eef09b160'), condition=None, blocking_facility=None)]. The order of those handlers is not defined and they will be executed in random order. This might lead to race conditions and potential bugs.
2025-11-08 12:23:19,211 : INFO : ball_device.bd_trough : Got eject confirm
2025-11-08 12:23:19,211 : INFO : ball_device.bd_trough : Eject successful
2025-11-08 12:23:19,211 : INFO : EventManager : Event: ======'balldevice_bd_trough_ball_eject_success'====== Args={'balls': 1, 'target': <playfield.playfield>}
2025-11-08 12:23:19,211 : INFO : EventManager : Event: ======'balldevice_playfield_ball_enter'====== Args={'new_balls': 1, 'unclaimed_balls': 1, 'device': <playfield.playfield>}
2025-11-08 12:23:19,211 : INFO : EventManager : Event: ======'playfield_ball_count_change'====== Args={'balls': 1, 'change': 1}
2025-11-08 12:23:19,212 : INFO : EventManager : Event: ======'balldevice_bd_trough_ball_count_changed'====== Args={'balls': 0}
2025-11-08 12:23:19,212 : INFO : ball_device.bd_trough : State: idle
2025-11-08 12:23:19,256 : INFO : SwitchController : <<<<<<< 's_right_inlane' inactive >>>>>>>
2025-11-08 12:23:19,381 : INFO : SwitchController : <<<<<<< 's_right_inlane' active >>>>>>>
2025-11-08 12:23:19,381 : INFO : EventManager : Event: ======'s_right_inlane_active'====== Args={}
2025-11-08 12:23:19,381 : INFO : EventManager : Event: ======'sw_playfield_active'====== Args={}
2025-11-08 12:23:19,381 : INFO : EventManager : Event: ======'machine_var_audits_switches_s_right_inlane'====== Args={'value': 249, 'prev_value': 248, 'change': 1}
2025-11-08 12:23:19,382 : INFO : EventManager : Event: ======'player_score'====== Args={'value': 200, 'prev_value': 100, 'change': 100, 'player_num': 1, 'source': 'base'}
2025-11-08 12:23:19,396 : INFO : SwitchController : <<<<<<< 's_right_inlane' inactive >>>>>>>
2025-11-08 12:23:19,660 : INFO : SwitchController : <<<<<<< 's_right_inlane' active >>>>>>>
2025-11-08 12:23:19,660 : INFO : EventManager : Event: ======'s_right_inlane_active'====== Args={}
2025-11-08 12:23:19,660 : INFO : EventManager : Event: ======'sw_playfield_active'====== Args={}
2025-11-08 12:23:19,660 : INFO : EventManager : Event: ======'machine_var_audits_switches_s_right_inlane'====== Args={'value': 250, 'prev_value': 249, 'change': 1}
2025-11-08 12:23:19,661 : INFO : EventManager : Event: ======'player_score'====== Args={'value': 300, 'prev_value': 200, 'change': 100, 'player_num': 1, 'source': 'base'}
2025-11-08 12:23:19,752 : INFO : SwitchController : <<<<<<< 's_right_inlane' inactive >>>>>>>
2025-11-08 12:23:19,800 : INFO : EventManager : Event: ======'blink_off'====== Args={'priority': 0}
2025-11-08 12:23:19,800 : INFO : EventManager : Unordered handler for class <Auditor> on event game_ended with priority 1. Handlers: [RegisteredHandler(callback=<bound method Auditor.disable of <Auditor>>, priority=1, kwargs={}, key=UUID('040ec158-dfe8-415f-ad96-167d69fbd3df'), condition=None, blocking_facility=None), RegisteredHandler(callback=<bound method Auditor._save_audits of <Auditor>>, priority=1, kwargs={}, key=UUID('bee12ae1-46db-4d0e-92f8-6f1eef09b160'), condition=None, blocking_facility=None)]. The order of those handlers is not defined and they will be executed in random order. This might lead to race conditions and potential bugs.
2025-11-08 12:23:20,421 : INFO : EventManager : Event: ======'blink_on'====== Args={'priority': 0}
2025-11-08 12:23:21,015 : INFO : EventManager : Event: ======'blink_off'====== Args={'priority': 0}
2025-11-08 12:23:21,015 : INFO : EventManager : Unordered handler for class <Auditor> on event game_ended with priority 1. Handlers: [RegisteredHandler(callback=<bound method Auditor.disable of <Auditor>>, priority=1, kwargs={}, key=UUID('040ec158-dfe8-415f-ad96-167d69fbd3df'), condition=None, blocking_facility=None), RegisteredHandler(callback=<bound method Auditor._save_audits of <Auditor>>, priority=1, kwargs={}, key=UUID('bee12ae1-46db-4d0e-92f8-6f1eef09b160'), condition=None, blocking_facility=None)]. The order of those handlers is not defined and they will be executed in random order. This might lead to race conditions and potential bugs.
2025-11-08 12:23:21,186 : INFO : SwitchController : <<<<<<< 's_trough' active >>>>>>>
2025-11-08 12:23:21,186 : INFO : EventManager : Event: ======'machine_var_audits_switches_s_trough'====== Args={'value': 861, 'prev_value': 860, 'change': 1}
2025-11-08 12:23:21,191 : INFO : SwitchController : <<<<<<< 's_trough' inactive >>>>>>>
2025-11-08 12:23:21,232 : INFO : SwitchController : <<<<<<< 's_trough' active >>>>>>>
2025-11-08 12:23:21,232 : INFO : EventManager : Event: ======'machine_var_audits_switches_s_trough'====== Args={'value': 862, 'prev_value': 861, 'change': 1}
2025-11-08 12:23:21,295 : INFO : SwitchController : <<<<<<< 's_trough' inactive >>>>>>>
2025-11-08 12:23:21,326 : INFO : SwitchController : <<<<<<< 's_trough' active >>>>>>>
2025-11-08 12:23:21,326 : INFO : EventManager : Event: ======'machine_var_audits_switches_s_trough'====== Args={'value': 863, 'prev_value': 862, 'change': 1}
2025-11-08 12:23:21,619 : INFO : EventManager : Event: ======'blink_on'====== Args={'priority': 0}
2025-11-08 12:23:21,825 : INFO : EventManager : Event: ======'balldevice_bd_trough_ball_count_changed'====== Args={'balls': 1}
2025-11-08 12:23:21,825 : INFO : ball_device.bd_trough : Received unexpected ball
2025-11-08 12:23:21,825 : INFO : EventManager : Event: ======'balldevice_captured_from_playfield'====== Args={'balls': 1}
2025-11-08 12:23:21,826 : INFO : EventManager : Event: ======'sw_playfield_active'====== Args={'balls': 1}
2025-11-08 12:23:21,826 : INFO : EventManager : Event: ======'playfield_ball_count_change'====== Args={'balls': 0, 'change': -1}
2025-11-08 12:23:21,826 : INFO : EventManager : Event: ======'balldevice_bd_trough_ball_enter'====== Args={'new_balls': 1, 'unclaimed_balls': 1, 'new_available_balls': 1, 'device': <ball_device.bd_trough>}
2025-11-08 12:23:21,826 : INFO : EventManager : Event: ======'ball_drain'====== Args={'device': <ball_device.bd_trough>, 'balls': 1}
2025-11-08 12:23:21,828 : INFO : EventManager : Event: ======'ball_will_end'====== Args={}
2025-11-08 12:23:21,828 : INFO : EventManager : Event: ======'balldevice_balls_available'====== Args={}
2025-11-08 12:23:21,828 : INFO : EventManager : Event: ======'balldevice_bd_trough_ball_entered'====== Args={'new_balls': 1, 'device': <ball_device.bd_trough>}
2025-11-08 12:23:21,829 : INFO : EventManager : Event: ======'ball_ending'====== Args={}
2025-11-08 12:23:21,829 : INFO : EventManager : Event: ======'mode_base_will_stop'====== Args={}
2025-11-08 12:23:21,830 : INFO : EventManager : Event: ======'mode_base_stopping'====== Args={}
2025-11-08 12:23:21,830 : INFO : EventManager : Event: ======'godot_stop_base'====== Args={'priority': 0}
2025-11-08 12:23:21,830 : INFO : Mode.base : Stopped.
2025-11-08 12:23:21,830 : INFO : EventManager : Event: ======'modes_active_modes_changed'====== Args={}
2025-11-08 12:23:21,831 : INFO : EventManager : Event: ======'mode_base_stopped'====== Args={}
2025-11-08 12:23:21,831 : INFO : EventManager : Event: ======'clear'====== Args={'key': 'base'}
2025-11-08 12:23:21,844 : INFO : EventManager : Event: ======'ball_ended'====== Args={}
2025-11-08 12:23:21,844 : INFO : EventManager : Event: ======'player_turn_will_end'====== Args={'player': <Player 1>, 'number': 1}
2025-11-08 12:23:21,850 : INFO : EventManager : Event: ======'player_turn_ending'====== Args={'player': <Player 1>, 'number': 1}
2025-11-08 12:23:21,850 : INFO : EventManager : Event: ======'player_turn_ended'====== Args={'player': <Player 1>, 'number': 1}
2025-11-08 12:23:21,851 : INFO : EventManager : Event: ======'player_turn_will_start'====== Args={'player': <Player 1>, 'number': 1}
2025-11-08 12:23:21,851 : INFO : EventManager : Event: ======'player_turn_starting'====== Args={'player': <Player 1>, 'number': 1}
2025-11-08 12:23:21,851 : INFO : EventManager : Event: ======'player_ball'====== Args={'value': 2, 'prev_value': 1, 'change': 1, 'player_num': 1}
2025-11-08 12:23:21,851 : INFO : EventManager : Event: ======'player_turn_started'====== Args={'player': <Player 1>, 'number': 1}
2025-11-08 12:23:21,852 : INFO : EventManager : Event: ======'ball_will_start'====== Args={'player': 1, 'ball': 2, 'balls_remaining': 1, 'is_extra_ball': False}
2025-11-08 12:23:21,857 : INFO : EventManager : Event: ======'ball_starting'====== Args={'player': 1, 'ball': 2, 'balls_remaining': 1, 'is_extra_ball': False}
2025-11-08 12:23:21,858 : INFO : EventManager : Event: ======'mode_base_will_start'====== Args={'queue': <QueuedEvent>, 'player': 1, 'ball': 2, 'balls_remaining': 1, 'is_extra_ball': False}
2025-11-08 12:23:21,858 : INFO : EventManager : Unordered handler for class <Auditor> on event game_ended with priority 1. Handlers: [RegisteredHandler(callback=<bound method Auditor.disable of <Auditor>>, priority=1, kwargs={}, key=UUID('040ec158-dfe8-415f-ad96-167d69fbd3df'), condition=None, blocking_facility=None), RegisteredHandler(callback=<bound method Auditor._save_audits of <Auditor>>, priority=1, kwargs={}, key=UUID('bee12ae1-46db-4d0e-92f8-6f1eef09b160'), condition=None, blocking_facility=None)]. The order of those handlers is not defined and they will be executed in random order. This might lead to race conditions and potential bugs.
2025-11-08 12:23:21,858 : INFO : EventManager : Unordered handler for class <Auditor> on event game_ended with priority 1. Handlers: [RegisteredHandler(callback=<bound method Auditor.disable of <Auditor>>, priority=1, kwargs={}, key=UUID('040ec158-dfe8-415f-ad96-167d69fbd3df'), condition=None, blocking_facility=None), RegisteredHandler(callback=<bound method Auditor._save_audits of <Auditor>>, priority=1, kwargs={}, key=UUID('bee12ae1-46db-4d0e-92f8-6f1eef09b160'), condition=None, blocking_facility=None)]. The order of those handlers is not defined and they will be executed in random order. This might lead to race conditions and potential bugs.
2025-11-08 12:23:21,861 : INFO : EventManager : Event: ======'mode_base_starting'====== Args={'queue': <QueuedEvent>, 'player': 1, 'ball': 2, 'balls_remaining': 1, 'is_extra_ball': False}
2025-11-08 12:23:21,861 : INFO : drop_target_bank.right_bank : All targets are already up. Will not reset bank.
2025-11-08 12:23:21,861 : INFO : drop_target_bank.left_bank : All targets are already up. Will not reset bank.
2025-11-08 12:23:21,862 : INFO : EventManager : Event: ======'balls_in_play'====== Args={'balls': 1}
2025-11-08 12:23:21,862 : INFO : EventManager : Event: ======'ball_started'====== Args={'player': 1, 'ball': 2, 'balls_remaining': 1, 'is_extra_ball': False}
2025-11-08 12:23:21,862 : INFO : EventManager : Event: ======'logicblock_eg_pop_counter_updated'====== Args={'value': 0, 'enabled': True}
2025-11-08 12:23:21,862 : INFO : EventManager : Event: ======'logicblock_eg_pop_counter_updated'====== Args={'value': 0, 'enabled': True}
2025-11-08 12:23:21,862 : INFO : Mode.base : Started. Priority: 50
2025-11-08 12:23:21,862 : INFO : EventManager : Event: ======'modes_active_modes_changed'====== Args={}
2025-11-08 12:23:21,862 : INFO : EventManager : Event: ======'mode_base_started'====== Args={'queue': <QueuedEvent>, 'player': 1, 'ball': 2, 'balls_remaining': 1, 'is_extra_ball': False}
2025-11-08 12:23:21,862 : INFO : EventManager : Event: ======'logicblock_eg_pop_counter_updated'====== Args={'value': 0, 'enabled': True}
2025-11-08 12:23:21,864 : INFO : EventManager : Unordered handler for class <Auditor> on event game_ended with priority 1. Handlers: [RegisteredHandler(callback=<bound method Auditor.disable of <Auditor>>, priority=1, kwargs={}, key=UUID('040ec158-dfe8-415f-ad96-167d69fbd3df'), condition=None, blocking_facility=None), RegisteredHandler(callback=<bound method Auditor._save_audits of <Auditor>>, priority=1, kwargs={}, key=UUID('bee12ae1-46db-4d0e-92f8-6f1eef09b160'), condition=None, blocking_facility=None)]. The order of those handlers is not defined and they will be executed in random order. This might lead to race conditions and potential bugs.
2025-11-08 12:23:21,864 : INFO : EventManager : Event: ======'stop_mode_attract'====== Args={'priority': 0}
2025-11-08 12:23:21,864 : INFO : EventManager : Event: ======'mode_attract_will_stop'====== Args={'priority': 0}
2025-11-08 12:23:21,864 : INFO : EventManager : Event: ======'godot_attract_off'====== Args={'priority': 0}
2025-11-08 12:23:21,864 : INFO : EventManager : Event: ======'godot_play_base'====== Args={'priority': 0}
2025-11-08 12:23:21,865 : INFO : EventManager : Event: ======'single_player_ball_started'====== Args={}
2025-11-08 12:23:21,880 : INFO : EventManager : Event: ======'ball_start_target'====== Args={'target': 'playfield'}
2025-11-08 12:23:21,880 : INFO : ball_device.bd_trough : Setting up player-controlled eject. Balls: 1, Target: <playfield.playfield>, player_controlled_eject_event: None
2025-11-08 12:23:21,880 : INFO : ball_device.bd_trough : Adding 1 ball(s) to the eject_queue with target <playfield.playfield>.
2025-11-08 12:23:21,880 : INFO : EventManager : Event: ======'balldevice_balls_available'====== Args={}
2025-11-08 12:23:21,881 : INFO : ball_device.bd_trough : State: waiting_for_target_ready
2025-11-08 12:23:21,881 : INFO : EventManager : Event: ======'balldevice_bd_trough_ball_eject_attempt'====== Args={'balls': 1, 'target': <playfield.playfield>, 'source': <ball_device.bd_trough>, 'mechanical_eject': False, 'num_attempts': 0}
2025-11-08 12:23:21,882 : INFO : ball_device.bd_trough : State: ejecting
2025-11-08 12:23:21,882 : INFO : ball_device.bd_trough : Ejecting ball to <playfield.playfield>
2025-11-08 12:23:21,882 : INFO : EventManager : Event: ======'balldevice_bd_trough_ejecting_ball'====== Args={'balls': 1, 'target': <playfield.playfield>, 'source': <ball_device.bd_trough>, 'mechanical_eject': False, 'num_attempts': 0}
2025-11-08 12:23:21,882 : INFO : ball_device.bd_trough : Wait for ball to leave device
2025-11-08 12:23:21,882 : INFO : coil.c_trough_eject : Pulsing Driver for 40ms (1.0 pulse_power)
2025-11-08 12:23:21,965 : INFO : SwitchController : <<<<<<< 's_trough' inactive >>>>>>>
2025-11-08 12:23:21,973 : INFO : ball_device.bd_trough : State: ball_left
2025-11-08 12:23:21,974 : INFO : ball_device.bd_trough : Ball left
2025-11-08 12:23:21,974 : INFO : ball_device.bd_trough : Wait for confirm with timeout 10.0
2025-11-08 12:23:22,044 : INFO : EventManager : Event: ======'slide_base_created'====== Args={'_from_bcp': True}
2025-11-08 12:23:22,045 : INFO : EventManager : Event: ======'slide_base_inactive'====== Args={'is_removing': True, '_from_bcp': True}
2025-11-08 12:23:22,045 : INFO : EventManager : Event: ======'slide_base_active'====== Args={'original_context': 'base', 'original_calling_context': 'mode_base_started', 'priority': 50.0, 'queue': '<QueuedEvent>', 'player': 1.0, 'ball': 2.0, 'balls_remaining': 1.0, 'is_extra_ball': False, 'cmd': 'slides_play', '_from_bcp': True}
2025-11-08 12:23:22,045 : INFO : EventManager : Event: ======'slide_base_removed'====== Args={'_from_bcp': True}
2025-11-08 12:23:22,214 : INFO : EventManager : Event: ======'blink_off'====== Args={'priority': 0}
2025-11-08 12:23:22,807 : INFO : EventManager : Event: ======'blink_on'====== Args={'priority': 0}
2025-11-08 12:23:23,412 : INFO : EventManager : Event: ======'blink_off'====== Args={'priority': 0}
2025-11-08 12:23:23,412 : INFO : EventManager : Unordered handler for class <Auditor> on event game_ended with priority 1. Handlers: [RegisteredHandler(callback=<bound method Auditor.disable of <Auditor>>, priority=1, kwargs={}, key=UUID('040ec158-dfe8-415f-ad96-167d69fbd3df'), condition=None, blocking_facility=None), RegisteredHandler(callback=<bound method Auditor._save_audits of <Auditor>>, priority=1, kwargs={}, key=UUID('bee12ae1-46db-4d0e-92f8-6f1eef09b160'), condition=None, blocking_facility=None)]. The order of those handlers is not defined and they will be executed in random order. This might lead to race conditions and potential bugs.
2025-11-08 12:23:23,489 : INFO : SwitchController : <<<<<<< 's_right_inlane' active >>>>>>>
2025-11-08 12:23:23,489 : INFO : EventManager : Event: ======'s_right_inlane_active'====== Args={}
2025-11-08 12:23:23,489 : INFO : EventManager : Event: ======'sw_playfield_active'====== Args={}
2025-11-08 12:23:23,489 : INFO : EventManager : Event: ======'machine_var_audits_switches_s_right_inlane'====== Args={'value': 251, 'prev_value': 250, 'change': 1}
2025-11-08 12:23:23,490 : INFO : EventManager : Event: ======'player_score'====== Args={'value': 400, 'prev_value': 300, 'change': 100, 'player_num': 1, 'source': 'base'}
2025-11-08 12:23:23,491 : INFO : EventManager : Unordered handler for class <Auditor> on event game_ended with priority 1. Handlers: [RegisteredHandler(callback=<bound method Auditor.disable of <Auditor>>, priority=1, kwargs={}, key=UUID('040ec158-dfe8-415f-ad96-167d69fbd3df'), condition=None, blocking_facility=None), RegisteredHandler(callback=<bound method Auditor._save_audits of <Auditor>>, priority=1, kwargs={}, key=UUID('bee12ae1-46db-4d0e-92f8-6f1eef09b160'), condition=None, blocking_facility=None)]. The order of those handlers is not defined and they will be executed in random order. This might lead to race conditions and potential bugs.
2025-11-08 12:23:23,491 : INFO : EventManager : Event: ======'playfield_active'====== Args={'source': None}
2025-11-08 12:23:23,505 : INFO : EventManager : Unordered handler for class <Auditor> on event game_ended with priority 1. Handlers: [RegisteredHandler(callback=<bound method Auditor.disable of <Auditor>>, priority=1, kwargs={}, key=UUID('040ec158-dfe8-415f-ad96-167d69fbd3df'), condition=None, blocking_facility=None), RegisteredHandler(callback=<bound method Auditor._save_audits of <Auditor>>, priority=1, kwargs={}, key=UUID('bee12ae1-46db-4d0e-92f8-6f1eef09b160'), condition=None, blocking_facility=None)]. The order of those handlers is not defined and they will be executed in random order. This might lead to race conditions and potential bugs.
2025-11-08 12:23:23,506 : INFO : EventManager : Unordered handler for class <Auditor> on event game_ended with priority 1. Handlers: [RegisteredHandler(callback=<bound method Auditor.disable of <Auditor>>, priority=1, kwargs={}, key=UUID('040ec158-dfe8-415f-ad96-167d69fbd3df'), condition=None, blocking_facility=None), RegisteredHandler(callback=<bound method Auditor._save_audits of <Auditor>>, priority=1, kwargs={}, key=UUID('bee12ae1-46db-4d0e-92f8-6f1eef09b160'), condition=None, blocking_facility=None)]. The order of those handlers is not defined and they will be executed in random order. This might lead to race conditions and potential bugs.
2025-11-08 12:23:23,506 : INFO : EventManager : Unordered handler for class <Auditor> on event game_ended with priority 1. Handlers: [RegisteredHandler(callback=<bound method Auditor.disable of <Auditor>>, priority=1, kwargs={}, key=UUID('040ec158-dfe8-415f-ad96-167d69fbd3df'), condition=None, blocking_facility=None), RegisteredHandler(callback=<bound method Auditor._save_audits of <Auditor>>, priority=1, kwargs={}, key=UUID('bee12ae1-46db-4d0e-92f8-6f1eef09b160'), condition=None, blocking_facility=None)]. The order of those handlers is not defined and they will be executed in random order. This might lead to race conditions and potential bugs.
2025-11-08 12:23:23,507 : INFO : EventManager : Unordered handler for class <Auditor> on event game_ended with priority 1. Handlers: [RegisteredHandler(callback=<bound method Auditor.disable of <Auditor>>, priority=1, kwargs={}, key=UUID('040ec158-dfe8-415f-ad96-167d69fbd3df'), condition=None, blocking_facility=None), RegisteredHandler(callback=<bound method Auditor._save_audits of <Auditor>>, priority=1, kwargs={}, key=UUID('bee12ae1-46db-4d0e-92f8-6f1eef09b160'), condition=None, blocking_facility=None)]. The order of those handlers is not defined and they will be executed in random order. This might lead to race conditions and potential bugs.
2025-11-08 12:23:23,507 : INFO : ball_device.bd_trough : Got eject confirm
2025-11-08 12:23:23,507 : INFO : ball_device.bd_trough : Eject successful
2025-11-08 12:23:23,507 : INFO : EventManager : Event: ======'balldevice_bd_trough_ball_eject_success'====== Args={'balls': 1, 'target': <playfield.playfield>}
2025-11-08 12:23:23,507 : INFO : EventManager : Event: ======'balldevice_playfield_ball_enter'====== Args={'new_balls': 1, 'unclaimed_balls': 1, 'device': <playfield.playfield>}
2025-11-08 12:23:23,508 : INFO : EventManager : Event: ======'playfield_ball_count_change'====== Args={'balls': 1, 'change': 1}
2025-11-08 12:23:23,508 : INFO : EventManager : Event: ======'balldevice_bd_trough_ball_count_changed'====== Args={'balls': 0}
2025-11-08 12:23:23,508 : INFO : ball_device.bd_trough : State: idle
2025-11-08 12:23:23,509 : INFO : SwitchController : <<<<<<< 's_right_inlane' inactive >>>>>>>
2025-11-08 12:23:23,723 : INFO : SwitchController : <<<<<<< 's_right_inlane' active >>>>>>>
2025-11-08 12:23:23,723 : INFO : EventManager : Event: ======'s_right_inlane_active'====== Args={}
2025-11-08 12:23:23,723 : INFO : EventManager : Event: ======'sw_playfield_active'====== Args={}
2025-11-08 12:23:23,723 : INFO : EventManager : Event: ======'machine_var_audits_switches_s_right_inlane'====== Args={'value': 252, 'prev_value': 251, 'change': 1}
2025-11-08 12:23:23,724 : INFO : EventManager : Event: ======'player_score'====== Args={'value': 500, 'prev_value': 400, 'change': 100, 'player_num': 1, 'source': 'base'}
2025-11-08 12:23:23,725 : INFO : EventManager : Unordered handler for class <Auditor> on event game_ended with priority 1. Handlers: [RegisteredHandler(callback=<bound method Auditor.disable of <Auditor>>, priority=1, kwargs={}, key=UUID('040ec158-dfe8-415f-ad96-167d69fbd3df'), condition=None, blocking_facility=None), RegisteredHandler(callback=<bound method Auditor._save_audits of <Auditor>>, priority=1, kwargs={}, key=UUID('bee12ae1-46db-4d0e-92f8-6f1eef09b160'), condition=None, blocking_facility=None)]. The order of those handlers is not defined and they will be executed in random order. This might lead to race conditions and potential bugs.
2025-11-08 12:23:23,732 : INFO : EventManager : Unordered handler for class <Auditor> on event game_ended with priority 1. Handlers: [RegisteredHandler(callback=<bound method Auditor.disable of <Auditor>>, priority=1, kwargs={}, key=UUID('040ec158-dfe8-415f-ad96-167d69fbd3df'), condition=None, blocking_facility=None), RegisteredHandler(callback=<bound method Auditor._save_audits of <Auditor>>, priority=1, kwargs={}, key=UUID('bee12ae1-46db-4d0e-92f8-6f1eef09b160'), condition=None, blocking_facility=None)]. The order of those handlers is not defined and they will be executed in random order. This might lead to race conditions and potential bugs.
2025-11-08 12:23:23,733 : INFO : EventManager : Unordered handler for class <Auditor> on event game_ended with priority 1. Handlers: [RegisteredHandler(callback=<bound method Auditor.disable of <Auditor>>, priority=1, kwargs={}, key=UUID('040ec158-dfe8-415f-ad96-167d69fbd3df'), condition=None, blocking_facility=None), RegisteredHandler(callback=<bound method Auditor._save_audits of <Auditor>>, priority=1, kwargs={}, key=UUID('bee12ae1-46db-4d0e-92f8-6f1eef09b160'), condition=None, blocking_facility=None)]. The order of those handlers is not defined and they will be executed in random order. This might lead to race conditions and potential bugs.
2025-11-08 12:23:23,848 : INFO : SwitchController : <<<<<<< 's_right_inlane' inactive >>>>>>>
2025-11-08 12:23:24,003 : INFO : EventManager : Event: ======'blink_on'====== Args={'priority': 0}
2025-11-08 12:23:24,625 : INFO : EventManager : Event: ======'blink_off'====== Args={'priority': 0}
2025-11-08 12:23:24,626 : INFO : EventManager : Unordered handler for class <Auditor> on event game_ended with priority 1. Handlers: [RegisteredHandler(callback=<bound method Auditor.disable of <Auditor>>, priority=1, kwargs={}, key=UUID('040ec158-dfe8-415f-ad96-167d69fbd3df'), condition=None, blocking_facility=None), RegisteredHandler(callback=<bound method Auditor._save_audits of <Auditor>>, priority=1, kwargs={}, key=UUID('bee12ae1-46db-4d0e-92f8-6f1eef09b160'), condition=None, blocking_facility=None)]. The order of those handlers is not defined and they will be executed in random order. This might lead to race conditions and potential bugs.
2025-11-08 12:23:25,215 : INFO : EventManager : Event: ======'blink_on'====== Args={'priority': 0}
2025-11-08 12:23:25,353 : INFO : SwitchController : <<<<<<< 's_trough' active >>>>>>>
2025-11-08 12:23:25,353 : INFO : EventManager : Event: ======'machine_var_audits_switches_s_trough'====== Args={'value': 864, 'prev_value': 863, 'change': 1}
2025-11-08 12:23:25,369 : INFO : SwitchController : <<<<<<< 's_trough' inactive >>>>>>>
2025-11-08 12:23:25,385 : INFO : SwitchController : <<<<<<< 's_trough' active >>>>>>>
2025-11-08 12:23:25,385 : INFO : EventManager : Event: ======'machine_var_audits_switches_s_trough'====== Args={'value': 865, 'prev_value': 864, 'change': 1}
2025-11-08 12:23:25,806 : INFO : EventManager : Event: ======'blink_off'====== Args={'priority': 0}
2025-11-08 12:23:25,806 : INFO : EventManager : Unordered handler for class <Auditor> on event game_ended with priority 1. Handlers: [RegisteredHandler(callback=<bound method Auditor.disable of <Auditor>>, priority=1, kwargs={}, key=UUID('040ec158-dfe8-415f-ad96-167d69fbd3df'), condition=None, blocking_facility=None), RegisteredHandler(callback=<bound method Auditor._save_audits of <Auditor>>, priority=1, kwargs={}, key=UUID('bee12ae1-46db-4d0e-92f8-6f1eef09b160'), condition=None, blocking_facility=None)]. The order of those handlers is not defined and they will be executed in random order. This might lead to race conditions and potential bugs.
2025-11-08 12:23:25,883 : INFO : EventManager : Event: ======'balldevice_bd_trough_ball_count_changed'====== Args={'balls': 1}
2025-11-08 12:23:25,883 : INFO : ball_device.bd_trough : Received unexpected ball
2025-11-08 12:23:25,883 : INFO : EventManager : Event: ======'balldevice_captured_from_playfield'====== Args={'balls': 1}
2025-11-08 12:23:25,884 : INFO : EventManager : Event: ======'sw_playfield_active'====== Args={'balls': 1}
2025-11-08 12:23:25,884 : INFO : EventManager : Event: ======'playfield_ball_count_change'====== Args={'balls': 0, 'change': -1}
2025-11-08 12:23:25,884 : INFO : EventManager : Event: ======'balldevice_bd_trough_ball_enter'====== Args={'new_balls': 1, 'unclaimed_balls': 1, 'new_available_balls': 1, 'device': <ball_device.bd_trough>}
2025-11-08 12:23:25,885 : INFO : EventManager : Event: ======'ball_drain'====== Args={'device': <ball_device.bd_trough>, 'balls': 1}
2025-11-08 12:23:25,885 : INFO : EventManager : Event: ======'ball_will_end'====== Args={}
2025-11-08 12:23:25,886 : INFO : EventManager : Event: ======'balldevice_balls_available'====== Args={}
2025-11-08 12:23:25,886 : INFO : EventManager : Event: ======'balldevice_bd_trough_ball_entered'====== Args={'new_balls': 1, 'device': <ball_device.bd_trough>}
2025-11-08 12:23:25,886 : INFO : EventManager : Event: ======'ball_ending'====== Args={}
2025-11-08 12:23:25,887 : INFO : EventManager : Event: ======'mode_base_will_stop'====== Args={}
2025-11-08 12:23:25,887 : INFO : EventManager : Event: ======'mode_base_stopping'====== Args={}
2025-11-08 12:23:25,887 : INFO : EventManager : Event: ======'godot_stop_base'====== Args={'priority': 0}
2025-11-08 12:23:25,887 : INFO : Mode.base : Stopped.
2025-11-08 12:23:25,887 : INFO : EventManager : Event: ======'modes_active_modes_changed'====== Args={}
2025-11-08 12:23:25,888 : INFO : EventManager : Event: ======'mode_base_stopped'====== Args={}
2025-11-08 12:23:25,888 : INFO : EventManager : Event: ======'clear'====== Args={'key': 'base'}
2025-11-08 12:23:25,902 : INFO : EventManager : Event: ======'ball_ended'====== Args={}
2025-11-08 12:23:25,903 : INFO : EventManager : Event: ======'player_turn_will_end'====== Args={'player': <Player 1>, 'number': 1}
2025-11-08 12:23:25,907 : INFO : EventManager : Event: ======'player_turn_ending'====== Args={'player': <Player 1>, 'number': 1}
2025-11-08 12:23:25,908 : INFO : EventManager : Event: ======'player_turn_ended'====== Args={'player': <Player 1>, 'number': 1}
2025-11-08 12:23:25,908 : INFO : EventManager : Event: ======'player_turn_will_start'====== Args={'player': <Player 1>, 'number': 1}
2025-11-08 12:23:25,908 : INFO : EventManager : Event: ======'player_turn_starting'====== Args={'player': <Player 1>, 'number': 1}
2025-11-08 12:23:25,909 : INFO : EventManager : Event: ======'player_ball'====== Args={'value': 3, 'prev_value': 2, 'change': 1, 'player_num': 1}
2025-11-08 12:23:25,909 : INFO : EventManager : Event: ======'player_turn_started'====== Args={'player': <Player 1>, 'number': 1}
2025-11-08 12:23:25,909 : INFO : EventManager : Event: ======'ball_will_start'====== Args={'player': 1, 'ball': 3, 'balls_remaining': 0, 'is_extra_ball': False}
2025-11-08 12:23:25,913 : INFO : EventManager : Event: ======'ball_starting'====== Args={'player': 1, 'ball': 3, 'balls_remaining': 0, 'is_extra_ball': False}
2025-11-08 12:23:25,914 : INFO : EventManager : Event: ======'mode_base_will_start'====== Args={'queue': <QueuedEvent>, 'player': 1, 'ball': 3, 'balls_remaining': 0, 'is_extra_ball': False}
2025-11-08 12:23:25,914 : INFO : EventManager : Unordered handler for class <Auditor> on event game_ended with priority 1. Handlers: [RegisteredHandler(callback=<bound method Auditor.disable of <Auditor>>, priority=1, kwargs={}, key=UUID('040ec158-dfe8-415f-ad96-167d69fbd3df'), condition=None, blocking_facility=None), RegisteredHandler(callback=<bound method Auditor._save_audits of <Auditor>>, priority=1, kwargs={}, key=UUID('bee12ae1-46db-4d0e-92f8-6f1eef09b160'), condition=None, blocking_facility=None)]. The order of those handlers is not defined and they will be executed in random order. This might lead to race conditions and potential bugs.
2025-11-08 12:23:25,915 : INFO : EventManager : Unordered handler for class <Auditor> on event game_ended with priority 1. Handlers: [RegisteredHandler(callback=<bound method Auditor.disable of <Auditor>>, priority=1, kwargs={}, key=UUID('040ec158-dfe8-415f-ad96-167d69fbd3df'), condition=None, blocking_facility=None), RegisteredHandler(callback=<bound method Auditor._save_audits of <Auditor>>, priority=1, kwargs={}, key=UUID('bee12ae1-46db-4d0e-92f8-6f1eef09b160'), condition=None, blocking_facility=None)]. The order of those handlers is not defined and they will be executed in random order. This might lead to race conditions and potential bugs.
2025-11-08 12:23:25,918 : INFO : EventManager : Event: ======'mode_base_starting'====== Args={'queue': <QueuedEvent>, 'player': 1, 'ball': 3, 'balls_remaining': 0, 'is_extra_ball': False}
2025-11-08 12:23:25,918 : INFO : drop_target_bank.right_bank : All targets are already up. Will not reset bank.
2025-11-08 12:23:25,918 : INFO : drop_target_bank.left_bank : All targets are already up. Will not reset bank.
2025-11-08 12:23:25,918 : INFO : EventManager : Event: ======'balls_in_play'====== Args={'balls': 1}
2025-11-08 12:23:25,918 : INFO : EventManager : Event: ======'ball_started'====== Args={'player': 1, 'ball': 3, 'balls_remaining': 0, 'is_extra_ball': False}
2025-11-08 12:23:25,919 : INFO : EventManager : Event: ======'logicblock_eg_pop_counter_updated'====== Args={'value': 0, 'enabled': True}
2025-11-08 12:23:25,919 : INFO : EventManager : Event: ======'logicblock_eg_pop_counter_updated'====== Args={'value': 0, 'enabled': True}
2025-11-08 12:23:25,919 : INFO : Mode.base : Started. Priority: 50
2025-11-08 12:23:25,919 : INFO : EventManager : Event: ======'modes_active_modes_changed'====== Args={}
2025-11-08 12:23:25,919 : INFO : EventManager : Event: ======'mode_base_started'====== Args={'queue': <QueuedEvent>, 'player': 1, 'ball': 3, 'balls_remaining': 0, 'is_extra_ball': False}
2025-11-08 12:23:25,919 : INFO : EventManager : Event: ======'logicblock_eg_pop_counter_updated'====== Args={'value': 0, 'enabled': True}
2025-11-08 12:23:25,920 : INFO : EventManager : Unordered handler for class <Auditor> on event game_ended with priority 1. Handlers: [RegisteredHandler(callback=<bound method Auditor.disable of <Auditor>>, priority=1, kwargs={}, key=UUID('040ec158-dfe8-415f-ad96-167d69fbd3df'), condition=None, blocking_facility=None), RegisteredHandler(callback=<bound method Auditor._save_audits of <Auditor>>, priority=1, kwargs={}, key=UUID('bee12ae1-46db-4d0e-92f8-6f1eef09b160'), condition=None, blocking_facility=None)]. The order of those handlers is not defined and they will be executed in random order. This might lead to race conditions and potential bugs.
2025-11-08 12:23:25,921 : INFO : EventManager : Event: ======'stop_mode_attract'====== Args={'priority': 0}
2025-11-08 12:23:25,921 : INFO : EventManager : Event: ======'mode_attract_will_stop'====== Args={'priority': 0}
2025-11-08 12:23:25,921 : INFO : EventManager : Event: ======'godot_attract_off'====== Args={'priority': 0}
2025-11-08 12:23:25,921 : INFO : EventManager : Event: ======'godot_play_base'====== Args={'priority': 0}
2025-11-08 12:23:25,921 : INFO : EventManager : Event: ======'single_player_ball_started'====== Args={}
2025-11-08 12:23:25,934 : INFO : EventManager : Event: ======'ball_start_target'====== Args={'target': 'playfield'}
2025-11-08 12:23:25,934 : INFO : ball_device.bd_trough : Setting up player-controlled eject. Balls: 1, Target: <playfield.playfield>, player_controlled_eject_event: None
2025-11-08 12:23:25,934 : INFO : ball_device.bd_trough : Adding 1 ball(s) to the eject_queue with target <playfield.playfield>.
2025-11-08 12:23:25,934 : INFO : EventManager : Event: ======'balldevice_balls_available'====== Args={}
2025-11-08 12:23:25,935 : INFO : ball_device.bd_trough : State: waiting_for_target_ready
2025-11-08 12:23:25,935 : INFO : EventManager : Event: ======'balldevice_bd_trough_ball_eject_attempt'====== Args={'balls': 1, 'target': <playfield.playfield>, 'source': <ball_device.bd_trough>, 'mechanical_eject': False, 'num_attempts': 0}
2025-11-08 12:23:25,936 : INFO : ball_device.bd_trough : State: ejecting
2025-11-08 12:23:25,936 : INFO : ball_device.bd_trough : Ejecting ball to <playfield.playfield>
2025-11-08 12:23:25,936 : INFO : EventManager : Event: ======'balldevice_bd_trough_ejecting_ball'====== Args={'balls': 1, 'target': <playfield.playfield>, 'source': <ball_device.bd_trough>, 'mechanical_eject': False, 'num_attempts': 0}
2025-11-08 12:23:25,936 : INFO : ball_device.bd_trough : Wait for ball to leave device
2025-11-08 12:23:25,937 : INFO : coil.c_trough_eject : Pulsing Driver for 40ms (1.0 pulse_power)
2025-11-08 12:23:25,953 : INFO : EventManager : Event: ======'slide_base_created'====== Args={'_from_bcp': True}
2025-11-08 12:23:25,953 : INFO : EventManager : Event: ======'slide_base_inactive'====== Args={'is_removing': True, '_from_bcp': True}
2025-11-08 12:23:25,954 : INFO : EventManager : Event: ======'slide_base_active'====== Args={'original_context': 'base', 'original_calling_context': 'mode_base_started', 'priority': 50.0, 'queue': '<QueuedEvent>', 'player': 1.0, 'ball': 3.0, 'balls_remaining': 0.0, 'is_extra_ball': False, 'cmd': 'slides_play', '_from_bcp': True}
2025-11-08 12:23:25,954 : INFO : EventManager : Event: ======'slide_base_removed'====== Args={'_from_bcp': True}
2025-11-08 12:23:25,991 : INFO : SwitchController : <<<<<<< 's_trough' inactive >>>>>>>
2025-11-08 12:23:25,998 : INFO : ball_device.bd_trough : State: ball_left
2025-11-08 12:23:25,998 : INFO : ball_device.bd_trough : Ball left
2025-11-08 12:23:25,999 : INFO : ball_device.bd_trough : Wait for confirm with timeout 10.0
2025-11-08 12:23:26,410 : INFO : EventManager : Event: ======'blink_on'====== Args={'priority': 0}
2025-11-08 12:23:27,005 : INFO : EventManager : Event: ======'blink_off'====== Args={'priority': 0}
2025-11-08 12:23:27,006 : INFO : EventManager : Unordered handler for class <Auditor> on event game_ended with priority 1. Handlers: [RegisteredHandler(callback=<bound method Auditor.disable of <Auditor>>, priority=1, kwargs={}, key=UUID('040ec158-dfe8-415f-ad96-167d69fbd3df'), condition=None, blocking_facility=None), RegisteredHandler(callback=<bound method Auditor._save_audits of <Auditor>>, priority=1, kwargs={}, key=UUID('bee12ae1-46db-4d0e-92f8-6f1eef09b160'), condition=None, blocking_facility=None)]. The order of those handlers is not defined and they will be executed in random order. This might lead to race conditions and potential bugs.
2025-11-08 12:23:27,612 : INFO : EventManager : Event: ======'blink_on'====== Args={'priority': 0}
2025-11-08 12:23:27,752 : INFO : SwitchController : <<<<<<< 's_right_inlane' active >>>>>>>
2025-11-08 12:23:27,752 : INFO : EventManager : Event: ======'s_right_inlane_active'====== Args={}
2025-11-08 12:23:27,752 : INFO : EventManager : Event: ======'sw_playfield_active'====== Args={}
2025-11-08 12:23:27,752 : INFO : EventManager : Event: ======'machine_var_audits_switches_s_right_inlane'====== Args={'value': 253, 'prev_value': 252, 'change': 1}
2025-11-08 12:23:27,753 : INFO : EventManager : Event: ======'player_score'====== Args={'value': 600, 'prev_value': 500, 'change': 100, 'player_num': 1, 'source': 'base'}
2025-11-08 12:23:27,754 : INFO : EventManager : Event: ======'playfield_active'====== Args={'source': None}
2025-11-08 12:23:27,765 : INFO : ball_device.bd_trough : Got eject confirm
2025-11-08 12:23:27,765 : INFO : ball_device.bd_trough : Eject successful
2025-11-08 12:23:27,765 : INFO : EventManager : Event: ======'balldevice_bd_trough_ball_eject_success'====== Args={'balls': 1, 'target': <playfield.playfield>}
2025-11-08 12:23:27,766 : INFO : EventManager : Event: ======'balldevice_playfield_ball_enter'====== Args={'new_balls': 1, 'unclaimed_balls': 1, 'device': <playfield.playfield>}
2025-11-08 12:23:27,766 : INFO : EventManager : Event: ======'playfield_ball_count_change'====== Args={'balls': 1, 'change': 1}
2025-11-08 12:23:27,766 : INFO : EventManager : Event: ======'balldevice_bd_trough_ball_count_changed'====== Args={'balls': 0}
2025-11-08 12:23:27,766 : INFO : ball_device.bd_trough : State: idle
2025-11-08 12:23:27,783 : INFO : SwitchController : <<<<<<< 's_right_inlane' inactive >>>>>>>
2025-11-08 12:23:27,877 : INFO : SwitchController : <<<<<<< 's_right_inlane' active >>>>>>>
2025-11-08 12:23:27,877 : INFO : EventManager : Event: ======'s_right_inlane_active'====== Args={}
2025-11-08 12:23:27,877 : INFO : EventManager : Event: ======'sw_playfield_active'====== Args={}
2025-11-08 12:23:27,877 : INFO : EventManager : Event: ======'machine_var_audits_switches_s_right_inlane'====== Args={'value': 254, 'prev_value': 253, 'change': 1}
2025-11-08 12:23:27,878 : INFO : EventManager : Event: ======'player_score'====== Args={'value': 700, 'prev_value': 600, 'change': 100, 'player_num': 1, 'source': 'base'}
2025-11-08 12:23:27,938 : INFO : SwitchController : <<<<<<< 's_right_inlane' inactive >>>>>>>
2025-11-08 12:23:28,218 : INFO : EventManager : Event: ======'blink_off'====== Args={'priority': 0}
2025-11-08 12:23:28,219 : INFO : EventManager : Unordered handler for class <Auditor> on event game_ended with priority 1. Handlers: [RegisteredHandler(callback=<bound method Auditor.disable of <Auditor>>, priority=1, kwargs={}, key=UUID('040ec158-dfe8-415f-ad96-167d69fbd3df'), condition=None, blocking_facility=None), RegisteredHandler(callback=<bound method Auditor._save_audits of <Auditor>>, priority=1, kwargs={}, key=UUID('bee12ae1-46db-4d0e-92f8-6f1eef09b160'), condition=None, blocking_facility=None)]. The order of those handlers is not defined and they will be executed in random order. This might lead to race conditions and potential bugs.
2025-11-08 12:23:28,809 : INFO : EventManager : Event: ======'blink_on'====== Args={'priority': 0}
2025-11-08 12:23:28,918 : INFO : SwitchController : <<<<<<< 's_trough' active >>>>>>>
2025-11-08 12:23:28,918 : INFO : EventManager : Event: ======'machine_var_audits_switches_s_trough'====== Args={'value': 866, 'prev_value': 865, 'change': 1}
2025-11-08 12:23:28,925 : INFO : SwitchController : <<<<<<< 's_trough' inactive >>>>>>>
2025-11-08 12:23:28,964 : INFO : SwitchController : <<<<<<< 's_trough' active >>>>>>>
2025-11-08 12:23:28,964 : INFO : EventManager : Event: ======'machine_var_audits_switches_s_trough'====== Args={'value': 867, 'prev_value': 866, 'change': 1}
2025-11-08 12:23:29,010 : INFO : SwitchController : <<<<<<< 's_trough' inactive >>>>>>>
2025-11-08 12:23:29,025 : INFO : SwitchController : <<<<<<< 's_trough' active >>>>>>>
2025-11-08 12:23:29,025 : INFO : EventManager : Event: ======'machine_var_audits_switches_s_trough'====== Args={'value': 868, 'prev_value': 867, 'change': 1}
2025-11-08 12:23:29,413 : INFO : EventManager : Event: ======'blink_off'====== Args={'priority': 0}
2025-11-08 12:23:29,414 : INFO : EventManager : Unordered handler for class <Auditor> on event game_ended with priority 1. Handlers: [RegisteredHandler(callback=<bound method Auditor.disable of <Auditor>>, priority=1, kwargs={}, key=UUID('040ec158-dfe8-415f-ad96-167d69fbd3df'), condition=None, blocking_facility=None), RegisteredHandler(callback=<bound method Auditor._save_audits of <Auditor>>, priority=1, kwargs={}, key=UUID('bee12ae1-46db-4d0e-92f8-6f1eef09b160'), condition=None, blocking_facility=None)]. The order of those handlers is not defined and they will be executed in random order. This might lead to race conditions and potential bugs.
2025-11-08 12:23:29,522 : INFO : EventManager : Event: ======'balldevice_bd_trough_ball_count_changed'====== Args={'balls': 1}
2025-11-08 12:23:29,522 : INFO : ball_device.bd_trough : Received unexpected ball
2025-11-08 12:23:29,522 : INFO : EventManager : Event: ======'balldevice_captured_from_playfield'====== Args={'balls': 1}
2025-11-08 12:23:29,523 : INFO : EventManager : Event: ======'sw_playfield_active'====== Args={'balls': 1}
2025-11-08 12:23:29,523 : INFO : EventManager : Event: ======'playfield_ball_count_change'====== Args={'balls': 0, 'change': -1}
2025-11-08 12:23:29,524 : INFO : EventManager : Event: ======'balldevice_bd_trough_ball_enter'====== Args={'new_balls': 1, 'unclaimed_balls': 1, 'new_available_balls': 1, 'device': <ball_device.bd_trough>}
2025-11-08 12:23:29,524 : INFO : EventManager : Event: ======'ball_drain'====== Args={'device': <ball_device.bd_trough>, 'balls': 1}
2025-11-08 12:23:29,524 : INFO : EventManager : Event: ======'ball_will_end'====== Args={}
2025-11-08 12:23:29,524 : INFO : EventManager : Event: ======'balldevice_balls_available'====== Args={}
2025-11-08 12:23:29,524 : INFO : EventManager : Event: ======'balldevice_bd_trough_ball_entered'====== Args={'new_balls': 1, 'device': <ball_device.bd_trough>}
2025-11-08 12:23:29,526 : INFO : EventManager : Event: ======'ball_ending'====== Args={}
2025-11-08 12:23:29,526 : INFO : EventManager : Event: ======'mode_base_will_stop'====== Args={}
2025-11-08 12:23:29,526 : INFO : EventManager : Event: ======'mode_base_stopping'====== Args={}
2025-11-08 12:23:29,526 : INFO : EventManager : Event: ======'godot_stop_base'====== Args={'priority': 0}
2025-11-08 12:23:29,527 : INFO : Mode.base : Stopped.
2025-11-08 12:23:29,527 : INFO : EventManager : Event: ======'modes_active_modes_changed'====== Args={}
2025-11-08 12:23:29,527 : INFO : EventManager : Event: ======'mode_base_stopped'====== Args={}
2025-11-08 12:23:29,527 : INFO : EventManager : Event: ======'clear'====== Args={'key': 'base'}
2025-11-08 12:23:29,542 : INFO : EventManager : Event: ======'ball_ended'====== Args={}
2025-11-08 12:23:29,543 : INFO : EventManager : Event: ======'player_turn_will_end'====== Args={'player': <Player 1>, 'number': 1}
2025-11-08 12:23:29,548 : INFO : EventManager : Event: ======'player_turn_ending'====== Args={'player': <Player 1>, 'number': 1}
2025-11-08 12:23:29,549 : INFO : EventManager : Event: ======'player_turn_ended'====== Args={'player': <Player 1>, 'number': 1}
2025-11-08 12:23:29,549 : INFO : EventManager : Event: ======'game_will_end'====== Args={}
2025-11-08 12:23:29,550 : INFO : EventManager : Event: ======'game_ending'====== Args={}
2025-11-08 12:23:29,550 : WARNING : Mode.postgame : Can only start mode postgame during a game. Aborting start.
2025-11-08 12:23:29,550 : INFO : EventManager : Event: ======'machine_var_player1_score'====== Args={'value': 700, 'prev_value': 300, 'change': 400}
2025-11-08 12:23:29,551 : INFO : EventManager : Event: ======'game_ended'====== Args={}
2025-11-08 12:23:29,552 : INFO : EventManager : Event: ======'mode_game_will_stop'====== Args={}
2025-11-08 12:23:29,552 : INFO : EventManager : Event: ======'mode_game_stopping'====== Args={}
2025-11-08 12:23:29,552 : INFO : EventManager : Event: ======'mode_attract_will_start'====== Args={}
2025-11-08 12:23:29,553 : INFO : EventManager : Event: ======'mode_attract_starting'====== Args={}
2025-11-08 12:23:29,554 : INFO : Mode.attract : Started. Priority: 10
2025-11-08 12:23:29,554 : INFO : EventManager : Event: ======'modes_active_modes_changed'====== Args={}
2025-11-08 12:23:29,554 : INFO : EventManager : Event: ======'mode_attract_started'====== Args={}
2025-11-08 12:23:29,554 : INFO : EventManager : Event: ======'godot_attract_on'====== Args={'priority': 0}
2025-11-08 12:23:29,555 : INFO : EventManager : Event: ======'collecting_balls_complete'====== Args={}
2025-11-08 12:23:29,566 : INFO : Mode.game : Stopped.
2025-11-08 12:23:29,566 : INFO : EventManager : Event: ======'modes_active_modes_changed'====== Args={}
2025-11-08 12:23:29,566 : INFO : EventManager : Event: ======'mode_game_stopped'====== Args={}
2025-11-08 12:23:29,566 : INFO : EventManager : Event: ======'clear'====== Args={'key': 'game'}
2025-11-08 12:23:29,582 : INFO : EventManager : Event: ======'slide_attract_created'====== Args={'_from_bcp': True}
2025-11-08 12:23:29,582 : INFO : EventManager : Event: ======'slide_base_inactive'====== Args={'is_removing': True, '_from_bcp': True}
2025-11-08 12:23:29,582 : INFO : EventManager : Event: ======'slide_attract_active'====== Args={'original_context': 'attract', 'original_calling_context': 'mode_attract_started', 'priority': 10.0, 'cmd': 'slides_play', '_from_bcp': True}
2025-11-08 12:23:29,582 : INFO : EventManager : Event: ======'slide_base_removed'====== Args={'_from_bcp': True}
2025-11-08 12:23:31,556 : INFO : EventManager : Event: ======'attract_wave_complete'====== Args={'priority': 0}
2025-11-08 12:23:31,947 : INFO : EventManager : Event: ======'attract_pulse_complete'====== Args={'priority': 0}
2025-11-08 12:23:32,349 : INFO : EventManager : Event: ======'attract_pulse_complete'====== Args={'priority': 0}
2025-11-08 12:23:34,360 : INFO : EventManager : Event: ======'attract_wave_complete'====== Args={'priority': 0}
2025-11-08 12:23:34,748 : INFO : EventManager : Event: ======'attract_pulse_complete'====== Args={'priority': 0}
2025-11-08 12:23:35,148 : INFO : EventManager : Event: ======'attract_pulse_complete'====== Args={'priority': 0}
2025-11-08 12:23:37,151 : INFO : EventManager : Event: ======'attract_wave_complete'====== Args={'priority': 0}
2025-11-08 12:23:37,244 : INFO : Machine : Shutting down...
2025-11-08 12:23:37,244 : INFO : EventManager : Event: ======'shutdown'====== Args={}
2025-11-08 12:23:37,335 : ERROR : asyncio : Exception in callback RunningShow._run_next_step()
handle: <TimerHandle when=1902828.575 RunningShow._run_next_step()>
Traceback (most recent call last):
  File "C:\Users\antho\AppData\Local\Programs\Python\Python312\Lib\asyncio\events.py", line 88, in _run
    self._context.run(self._callback, *self._args)
  File "C:\Users\antho\mpf\Lib\site-packages\mpf\assets\show.py", line 690, in _run_next_step
    player.show_play_callback(
  File "C:\Users\antho\mpf\Lib\site-packages\mpf\core\config_player.py", line 365, in show_play_callback
    self.play(settings=settings, priority=priority, calling_context=calling_context,
  File "C:\Users\antho\mpf\Lib\site-packages\mpf\config_players\light_player.py", line 43, in play
    self._light_color(light, instance_dict, full_context, s['color'], s["fade"], final_priority, start_time)
  File "C:\Users\antho\mpf\Lib\site-packages\mpf\config_players\light_player.py", line 103, in _light_color
    light.color(color, key=full_context, fade_ms=fade_ms, priority=priority, start_time=start_time)
  File "C:\Users\antho\mpf\Lib\site-packages\mpf\devices\light.py", line 414, in color
    self._schedule_update()
  File "C:\Users\antho\mpf\Lib\site-packages\mpf\devices\light.py", line 657, in _schedule_update
    driver.set_fade(start_brightness, start_time, target_brightness, target_time)
  File "C:\Users\antho\mpf\Lib\site-packages\mpf\platforms\interfaces\light_platform_interface.py", line 98, in set_fade
    self.set_brightness_and_fade(target_brightness, max(fade_ms, 0))
  File "C:\Users\antho\mpf\Lib\site-packages\mpf\platforms\interfaces\light_platform_interface.py", line 160, in set_brightness_and_fade
    self.set_brightness(brightness)
  File "C:\Users\antho\mpf\Lib\site-packages\mpf\platforms\lisy\lisy.py", line 126, in set_brightness
    self.platform.send_byte(LisyDefines.LampsSetLampOff, bytes([self.number]))
  File "C:\Users\antho\mpf\Lib\site-packages\mpf\platforms\lisy\lisy.py", line 783, in send_byte
    assert self._writer is not None
           ^^^^^^^^^^^^^^^^^^^^^^^^
AssertionError
2025-11-08 12:23:37,340 : INFO : root : MPF run loop ended.
