2025-11-07 14:44:14,943 : INFO : root : Loading config.
2025-11-07 14:44:14,949 : INFO : YamlMultifileConfigLoader : Machine config file #1: config.yaml
2025-11-07 14:44:14,950 : INFO : ConfigProcessor : Loading config from cache: C:\Users\antho\AppData\Local\Temp\fdca14d0c9d658ab8200d57120800af5.mpf_cache
2025-11-07 14:44:15,081 : INFO : ConfigProcessor : Loading config from cache: C:\Users\antho\AppData\Local\Temp\5dec96b1547c4adf5bdd3d1715e74bc0.mpf_cache
2025-11-07 14:44:15,082 : INFO : ConfigProcessor : Loading config from cache: C:\Users\antho\AppData\Local\Temp\202a5840610e95051f9f473dfa660cc0.mpf_cache
2025-11-07 14:44:15,083 : INFO : ConfigProcessor : Loading config from cache: C:\Users\antho\AppData\Local\Temp\5dec96b1547c4adf5bdd3d1715e74bc0.mpf_cache
2025-11-07 14:44:15,083 : INFO : ConfigProcessor : Loading config from cache: C:\Users\antho\AppData\Local\Temp\2cd13a2d3f375e00ab01d6d09a85d8e7.mpf_cache
2025-11-07 14:44:15,096 : INFO : ConfigProcessor : Loading config from cache: C:\Users\antho\AppData\Local\Temp\9220b44b97b91972524500b81035d790.mpf_cache
2025-11-07 14:44:15,097 : INFO : ConfigProcessor : Loading config from cache: C:\Users\antho\AppData\Local\Temp\aa919e501ed8450b10d3bb8e37574ac5.mpf_cache
2025-11-07 14:44:15,098 : INFO : ConfigProcessor : Loading config from cache: C:\Users\antho\AppData\Local\Temp\31ee881584fa6fce665a672a4f3f633a.mpf_cache
2025-11-07 14:44:15,099 : INFO : ConfigProcessor : Loading config from cache: C:\Users\antho\AppData\Local\Temp\5e841763ec73085bbf92358fe6afda21.mpf_cache
2025-11-07 14:44:15,099 : INFO : ConfigProcessor : Loading config from cache: C:\Users\antho\AppData\Local\Temp\7f73d12aa9beccac1cbd8c265ccda72e.mpf_cache
2025-11-07 14:44:15,100 : INFO : ConfigProcessor : Loading config from cache: C:\Users\antho\AppData\Local\Temp\a03ebaa9d6d5676c418deb142cb34911.mpf_cache
2025-11-07 14:44:15,101 : INFO : ConfigProcessor : Loading config from cache: C:\Users\antho\AppData\Local\Temp\b17152efa55a24f0424602723f8d3921.mpf_cache
2025-11-07 14:44:15,102 : INFO : ConfigProcessor : Loading config from cache: C:\Users\antho\AppData\Local\Temp\e87fc0e7d2f8a851b5fa3f604e0d0c6e.mpf_cache
2025-11-07 14:44:15,102 : INFO : ConfigProcessor : Loading config from cache: C:\Users\antho\AppData\Local\Temp\196ac76b6cab3a9880804c826cfbcb5c.mpf_cache
2025-11-07 14:44:15,103 : INFO : ConfigProcessor : Loading config from cache: C:\Users\antho\AppData\Local\Temp\55437eb303afaa980597ff60f339a871.mpf_cache
2025-11-07 14:44:15,103 : INFO : ConfigProcessor : Loading config from cache: C:\Users\antho\AppData\Local\Temp\fddc1006228d3387e6d1e46051a3638d.mpf_cache
2025-11-07 14:44:15,104 : INFO : ConfigProcessor : Loading config from cache: C:\Users\antho\AppData\Local\Temp\834292dd7853e12a66732dc89828c828.mpf_cache
2025-11-07 14:44:15,104 : INFO : ConfigProcessor : Loading config from cache: C:\Users\antho\AppData\Local\Temp\46f8fa3e41dfeeb8232af2f03a13b6c4.mpf_cache
2025-11-07 14:44:15,105 : INFO : ConfigProcessor : Loading config from cache: C:\Users\antho\AppData\Local\Temp\c67e9c175da6c060302945929b27b878.mpf_cache
2025-11-07 14:44:15,105 : INFO : Machine : Mission Pinball Framework Core Engine v0.80.0.dev11
2025-11-07 14:44:15,106 : INFO : Machine : Command line arguments: {'no_load_cache': False, 'create_config_cache': True, 'bcp': True, 'configfile': ['config.yaml'], 'force_assets_load': False, 'platform_integration_test': False, 'jsonlogging': False, 'logfile': 'logs\\2025-11-07-14-44-14-mpf-LAPTOP-MPGP6R69.log', 'pause': False, 'production': False, 'text_ui': True, 'loglevel': 15, 'consoleloglevel': 20, 'force_platform': None, 'syslog_address': None, 'full_logfile_path': 'C:\\Users\\antho\\nightpin\\logs\\2025-11-07-14-44-14-mpf-LAPTOP-MPGP6R69.log'}
2025-11-07 14:44:15,106 : INFO : Machine : MPF path: C:\Users\antho\mpf\Lib\site-packages\mpf
2025-11-07 14:44:15,106 : INFO : Machine : Machine path: C:\Users\antho\nightpin
2025-11-07 14:44:15,106 : INFO : Machine : Platform: win32
2025-11-07 14:44:15,106 : INFO : Machine : Python executable location: C:\Users\antho\mpf\Scripts\python.exe
2025-11-07 14:44:15,106 : INFO : Machine : Python version: 3.12.7 (64-bit)
2025-11-07 14:44:15,108 : INFO : Machine : Initializing MPF...
2025-11-07 14:44:15,381 : INFO : lisy : Connecting to com3 at 115200bps
2025-11-07 14:44:15,382 : WARNING : lisy : Could not import terminos (this is ok on windows).
2025-11-07 14:44:15,538 : INFO : EventManager : Event: ======'machine_var_lisy_hardware'====== Args={'value': 'LISY35', 'prev_value': None, 'change': True}
2025-11-07 14:44:15,538 : INFO : EventManager : Event: ======'machine_var_lisy_version'====== Args={'value': '5.26 ', 'prev_value': None, 'change': True}
2025-11-07 14:44:15,538 : INFO : EventManager : Event: ======'machine_var_lisy_api_version'====== Args={'value': b'0.09', 'prev_value': None, 'change': True}
2025-11-07 14:44:16,866 : INFO : EventManager : Event: ======'machine_var_credits_string'====== Args={'value': 'FREE PLAY', 'prev_value': None, 'change': True}
2025-11-07 14:44:16,901 : INFO : EventManager : Event: ======'machine_var_master_volume'====== Args={'value': 0.5, 'prev_value': None, 'change': True}
2025-11-07 14:44:16,901 : INFO : EventManager : Event: ======'machine_var_player1_score'====== Args={'value': 2100, 'prev_value': None, 'change': True}
2025-11-07 14:44:16,901 : INFO : EventManager : Event: ======'machine_var_mpf_version'====== Args={'value': 'Mission Pinball Framework v0.80.0.dev11', 'prev_value': None, 'change': True}
2025-11-07 14:44:16,901 : INFO : EventManager : Event: ======'machine_var_mpf_extended_version'====== Args={'value': 'Mission Pinball Framework v0.80.0.dev11, Config version:6, Show version: 6, BCP version:1.1', 'prev_value': None, 'change': True}
2025-11-07 14:44:16,902 : INFO : EventManager : Event: ======'machine_var_python_version'====== Args={'value': '3.12.7', 'prev_value': None, 'change': True}
2025-11-07 14:44:17,002 : INFO : EventManager : Event: ======'machine_var_platform'====== Args={'value': 'Windows-11-10.0.26100-SP0', 'prev_value': None, 'change': True}
2025-11-07 14:44:17,002 : INFO : EventManager : Event: ======'machine_var_platform_system'====== Args={'value': 'Windows', 'prev_value': None, 'change': True}
2025-11-07 14:44:17,002 : INFO : EventManager : Event: ======'machine_var_platform_release'====== Args={'value': '11', 'prev_value': None, 'change': True}
2025-11-07 14:44:17,002 : INFO : EventManager : Event: ======'machine_var_platform_version'====== Args={'value': '10.0.26100', 'prev_value': None, 'change': True}
2025-11-07 14:44:17,002 : INFO : EventManager : Event: ======'machine_var_platform_machine'====== Args={'value': 'AMD64', 'prev_value': None, 'change': True}
2025-11-07 14:44:17,002 : INFO : EventManager : Event: ======'machine_var_log_file_path'====== Args={'value': 'C:\\Users\\antho\\nightpin\\logs\\2025-11-07-14-44-14-mpf-LAPTOP-MPGP6R69.log', 'prev_value': None, 'change': True}
2025-11-07 14:44:17,003 : INFO : EventManager : Event: ======'init_phase_1'====== Args={}
2025-11-07 14:44:17,040 : INFO : EventManager : Event: ======'drop_target_bank_right_bank_up'====== Args={}
2025-11-07 14:44:17,041 : INFO : EventManager : Event: ======'drop_target_bank_left_bank_up'====== Args={}
2025-11-07 14:44:17,122 : INFO : EventManager : Event: ======'init_phase_2'====== Args={}
2025-11-07 14:44:17,130 : INFO : EventManager : Event: ======'bcp_connection_attempt'====== Args={'name': 'local_display', 'host': 'localhost', 'port': 5050}
2025-11-07 14:44:17,132 : INFO : BCPClientSocket : Connecting BCP to 'local_display' at localhost:5050...
2025-11-07 14:44:17,152 : INFO : BCPClientSocket : Connected BCP to 'local_display' localhost:5050
2025-11-07 14:44:17,152 : INFO : EventManager : Event: ======'bcp_clients_connected'====== Args={}
2025-11-07 14:44:17,266 : INFO : ball_device.bd_trough : BCH: Initial count: 0
2025-11-07 14:44:17,300 : INFO : ball_device.bd_trough : State: idle
2025-11-07 14:44:17,301 : INFO : ball_device.bd_saucer : BCH: Initial count: 0
2025-11-07 14:44:17,301 : INFO : ball_device.bd_saucer : State: idle
2025-11-07 14:44:17,316 : INFO : EventManager : Event: ======'init_phase_3'====== Args={}
2025-11-07 14:44:17,323 : INFO : EventManager : Event: ======'init_phase_4'====== Args={}
2025-11-07 14:44:17,323 : INFO : BallController : Initial balls found: 0
2025-11-07 14:44:17,325 : INFO : EventManager : Event: ======'machine_var_audits_events_game_ended'====== Args={'value': 18, 'prev_value': None, 'change': True}
2025-11-07 14:44:17,325 : INFO : EventManager : Event: ======'machine_var_audits_events_game_started'====== Args={'value': 111, 'prev_value': None, 'change': True}
2025-11-07 14:44:17,325 : INFO : EventManager : Event: ======'machine_var_audits_missing_switches_s_coin_right'====== Args={'value': 110, 'prev_value': None, 'change': True}
2025-11-07 14:44:17,325 : INFO : EventManager : Event: ======'machine_var_audits_missing_switches_s_credit_button'====== Args={'value': 83, 'prev_value': None, 'change': True}
2025-11-07 14:44:17,325 : INFO : EventManager : Event: ======'machine_var_audits_missing_switches_s_inlanes'====== Args={'value': 12, 'prev_value': None, 'change': True}
2025-11-07 14:44:17,325 : INFO : EventManager : Event: ======'machine_var_audits_missing_switches_s_left_bank_target_left'====== Args={'value': 31, 'prev_value': None, 'change': True}
2025-11-07 14:44:17,325 : INFO : EventManager : Event: ======'machine_var_audits_missing_switches_s_left_bank_target_middle'====== Args={'value': 34, 'prev_value': None, 'change': True}
2025-11-07 14:44:17,325 : INFO : EventManager : Event: ======'machine_var_audits_missing_switches_s_left_bank_target_right'====== Args={'value': 31, 'prev_value': None, 'change': True}
2025-11-07 14:44:17,325 : INFO : EventManager : Event: ======'machine_var_audits_missing_switches_s_left_inlane'====== Args={'value': 14, 'prev_value': None, 'change': True}
2025-11-07 14:44:17,325 : INFO : EventManager : Event: ======'machine_var_audits_missing_switches_s_left_lower_bumper'====== Args={'value': 19, 'prev_value': None, 'change': True}
2025-11-07 14:44:17,325 : INFO : EventManager : Event: ======'machine_var_audits_missing_switches_s_left_outlane'====== Args={'value': 14, 'prev_value': None, 'change': True}
2025-11-07 14:44:17,325 : INFO : EventManager : Event: ======'machine_var_audits_missing_switches_s_left_outlane_rollover'====== Args={'value': 23, 'prev_value': None, 'change': True}
2025-11-07 14:44:17,325 : INFO : EventManager : Event: ======'machine_var_audits_missing_switches_s_left_pop_bumper'====== Args={'value': 1, 'prev_value': None, 'change': True}
2025-11-07 14:44:17,326 : INFO : EventManager : Event: ======'machine_var_audits_missing_switches_s_left_rollover'====== Args={'value': 17, 'prev_value': None, 'change': True}
2025-11-07 14:44:17,326 : INFO : EventManager : Event: ======'machine_var_audits_missing_switches_s_left_skill_lane'====== Args={'value': 5, 'prev_value': None, 'change': True}
2025-11-07 14:44:17,326 : INFO : EventManager : Event: ======'machine_var_audits_missing_switches_s_left_upper_bumper'====== Args={'value': 24, 'prev_value': None, 'change': True}
2025-11-07 14:44:17,326 : INFO : EventManager : Event: ======'machine_var_audits_missing_switches_s_middle_pop_bumper'====== Args={'value': 15, 'prev_value': None, 'change': True}
2025-11-07 14:44:17,326 : INFO : EventManager : Event: ======'machine_var_audits_missing_switches_s_middle_rollover'====== Args={'value': 15, 'prev_value': None, 'change': True}
2025-11-07 14:44:17,326 : INFO : EventManager : Event: ======'machine_var_audits_missing_switches_s_middle_skill_lane'====== Args={'value': 6, 'prev_value': None, 'change': True}
2025-11-07 14:44:17,326 : INFO : EventManager : Event: ======'machine_var_audits_missing_switches_s_middle_upper_rollovers'====== Args={'value': 5, 'prev_value': None, 'change': True}
2025-11-07 14:44:17,326 : INFO : EventManager : Event: ======'machine_var_audits_missing_switches_s_outer_skill_lanes'====== Args={'value': 1, 'prev_value': None, 'change': True}
2025-11-07 14:44:17,326 : INFO : EventManager : Event: ======'machine_var_audits_missing_switches_s_right_bank_target_left'====== Args={'value': 14, 'prev_value': None, 'change': True}
2025-11-07 14:44:17,326 : INFO : EventManager : Event: ======'machine_var_audits_missing_switches_s_right_bank_target_middle'====== Args={'value': 24, 'prev_value': None, 'change': True}
2025-11-07 14:44:17,326 : INFO : EventManager : Event: ======'machine_var_audits_missing_switches_s_right_bank_target_right'====== Args={'value': 24, 'prev_value': None, 'change': True}
2025-11-07 14:44:17,326 : INFO : EventManager : Event: ======'machine_var_audits_missing_switches_s_right_outlane'====== Args={'value': 14, 'prev_value': None, 'change': True}
2025-11-07 14:44:17,327 : INFO : EventManager : Event: ======'machine_var_audits_missing_switches_s_right_outlane_rollover'====== Args={'value': 40, 'prev_value': None, 'change': True}
2025-11-07 14:44:17,327 : INFO : EventManager : Event: ======'machine_var_audits_missing_switches_s_right_pop_bumper'====== Args={'value': 17, 'prev_value': None, 'change': True}
2025-11-07 14:44:17,327 : INFO : EventManager : Event: ======'machine_var_audits_missing_switches_s_right_rollover'====== Args={'value': 26, 'prev_value': None, 'change': True}
2025-11-07 14:44:17,327 : INFO : EventManager : Event: ======'machine_var_audits_missing_switches_s_right_skill_lane'====== Args={'value': 5, 'prev_value': None, 'change': True}
2025-11-07 14:44:17,327 : INFO : EventManager : Event: ======'machine_var_audits_missing_switches_s_right_sling'====== Args={'value': 1, 'prev_value': None, 'change': True}
2025-11-07 14:44:17,327 : INFO : EventManager : Event: ======'machine_var_audits_missing_switches_s_rollover_upper'====== Args={'value': 17, 'prev_value': None, 'change': True}
2025-11-07 14:44:17,327 : INFO : EventManager : Event: ======'machine_var_audits_missing_switches_s_saucer'====== Args={'value': 15, 'prev_value': None, 'change': True}
2025-11-07 14:44:17,327 : INFO : EventManager : Event: ======'machine_var_audits_missing_switches_s_slam_tilt'====== Args={'value': 49, 'prev_value': None, 'change': True}
2025-11-07 14:44:17,327 : INFO : EventManager : Event: ======'machine_var_audits_missing_switches_s_spinner'====== Args={'value': 24, 'prev_value': None, 'change': True}
2025-11-07 14:44:17,327 : INFO : EventManager : Event: ======'machine_var_audits_missing_switches_s_stand_up'====== Args={'value': 83, 'prev_value': None, 'change': True}
2025-11-07 14:44:17,327 : INFO : EventManager : Event: ======'machine_var_audits_missing_switches_s_start_button'====== Args={'value': 16, 'prev_value': None, 'change': True}
2025-11-07 14:44:17,328 : INFO : EventManager : Event: ======'machine_var_audits_missing_switches_s_tilt'====== Args={'value': 17, 'prev_value': None, 'change': True}
2025-11-07 14:44:17,328 : INFO : EventManager : Event: ======'machine_var_audits_player_score'====== Args={'value': {'average': 1460, 'top': [5110, 5070, 4300, 4230, 3980, 3410, 2200, 2100, 1300, 1200], 'total': 26}, 'prev_value': None, 'change': True}
2025-11-07 14:44:17,328 : INFO : EventManager : Event: ======'machine_var_audits_shots_my_first_shot'====== Args={'value': 3, 'prev_value': None, 'change': True}
2025-11-07 14:44:17,328 : INFO : EventManager : Event: ======'machine_var_audits_shots_sh_eg_pop_left'====== Args={'value': 8, 'prev_value': None, 'change': True}
2025-11-07 14:44:17,328 : INFO : EventManager : Event: ======'machine_var_audits_shots_sh_eg_pop_middle'====== Args={'value': 8, 'prev_value': None, 'change': True}
2025-11-07 14:44:17,328 : INFO : EventManager : Event: ======'machine_var_audits_shots_sh_eg_pop_right'====== Args={'value': 13, 'prev_value': None, 'change': True}
2025-11-07 14:44:17,328 : INFO : EventManager : Event: ======'machine_var_audits_shots_sh_eg_right_drop_left'====== Args={'value': 4, 'prev_value': None, 'change': True}
2025-11-07 14:44:17,328 : INFO : EventManager : Event: ======'machine_var_audits_shots_sh_eg_right_drop_middle'====== Args={'value': 3, 'prev_value': None, 'change': True}
2025-11-07 14:44:17,328 : INFO : EventManager : Event: ======'machine_var_audits_shots_sh_eg_right_drop_right'====== Args={'value': 3, 'prev_value': None, 'change': True}
2025-11-07 14:44:17,328 : INFO : EventManager : Event: ======'machine_var_audits_shots_sh_eg_spinner'====== Args={'value': 2, 'prev_value': None, 'change': True}
2025-11-07 14:44:17,328 : INFO : EventManager : Event: ======'machine_var_audits_shots_sh_escape_graveyard_start'====== Args={'value': 8, 'prev_value': None, 'change': True}
2025-11-07 14:44:17,328 : INFO : EventManager : Event: ======'machine_var_audits_switches_s_coin_right'====== Args={'value': 1, 'prev_value': None, 'change': True}
2025-11-07 14:44:17,328 : INFO : EventManager : Event: ======'machine_var_audits_switches_s_credit_button'====== Args={'value': 5, 'prev_value': None, 'change': True}
2025-11-07 14:44:17,328 : INFO : EventManager : Event: ======'machine_var_audits_switches_s_inlanes'====== Args={'value': 159, 'prev_value': None, 'change': True}
2025-11-07 14:44:17,328 : INFO : EventManager : Event: ======'machine_var_audits_switches_s_left_bank_target_left'====== Args={'value': 36, 'prev_value': None, 'change': True}
2025-11-07 14:44:17,328 : INFO : EventManager : Event: ======'machine_var_audits_switches_s_left_bank_target_middle'====== Args={'value': 27, 'prev_value': None, 'change': True}
2025-11-07 14:44:17,328 : INFO : EventManager : Event: ======'machine_var_audits_switches_s_left_bank_target_right'====== Args={'value': 27, 'prev_value': None, 'change': True}
2025-11-07 14:44:17,330 : INFO : EventManager : Event: ======'machine_var_audits_switches_s_left_inlane'====== Args={'value': 1, 'prev_value': None, 'change': True}
2025-11-07 14:44:17,330 : INFO : EventManager : Event: ======'machine_var_audits_switches_s_left_lower_bumper'====== Args={'value': 34, 'prev_value': None, 'change': True}
2025-11-07 14:44:17,330 : INFO : EventManager : Event: ======'machine_var_audits_switches_s_left_outlane'====== Args={'value': 1, 'prev_value': None, 'change': True}
2025-11-07 14:44:17,330 : INFO : EventManager : Event: ======'machine_var_audits_switches_s_left_outlane_rollover'====== Args={'value': 23, 'prev_value': None, 'change': True}
2025-11-07 14:44:17,330 : INFO : EventManager : Event: ======'machine_var_audits_switches_s_left_pop_bumper'====== Args={'value': 129, 'prev_value': None, 'change': True}
2025-11-07 14:44:17,330 : INFO : EventManager : Event: ======'machine_var_audits_switches_s_left_rollover'====== Args={'value': 2, 'prev_value': None, 'change': True}
2025-11-07 14:44:17,330 : INFO : EventManager : Event: ======'machine_var_audits_switches_s_left_skill_lane'====== Args={'value': 6, 'prev_value': None, 'change': True}
2025-11-07 14:44:17,330 : INFO : EventManager : Event: ======'machine_var_audits_switches_s_left_sling'====== Args={'value': 100, 'prev_value': None, 'change': True}
2025-11-07 14:44:17,330 : INFO : EventManager : Event: ======'machine_var_audits_switches_s_left_upper_bumper'====== Args={'value': 44, 'prev_value': None, 'change': True}
2025-11-07 14:44:17,330 : INFO : EventManager : Event: ======'machine_var_audits_switches_s_middle_pop_bumper'====== Args={'value': 131, 'prev_value': None, 'change': True}
2025-11-07 14:44:17,330 : INFO : EventManager : Event: ======'machine_var_audits_switches_s_middle_rollover'====== Args={'value': 9, 'prev_value': None, 'change': True}
2025-11-07 14:44:17,331 : INFO : EventManager : Event: ======'machine_var_audits_switches_s_middle_skill_lane'====== Args={'value': 88, 'prev_value': None, 'change': True}
2025-11-07 14:44:17,331 : INFO : EventManager : Event: ======'machine_var_audits_switches_s_middle_upper_rollovers'====== Args={'value': 97, 'prev_value': None, 'change': True}
2025-11-07 14:44:17,331 : INFO : EventManager : Event: ======'machine_var_audits_switches_s_outer_skill_lanes'====== Args={'value': 133, 'prev_value': None, 'change': True}
2025-11-07 14:44:17,331 : INFO : EventManager : Event: ======'machine_var_audits_switches_s_pop_bumper_bottom'====== Args={'value': 6, 'prev_value': None, 'change': True}
2025-11-07 14:44:17,331 : INFO : EventManager : Event: ======'machine_var_audits_switches_s_pop_bumper_left'====== Args={'value': 2, 'prev_value': None, 'change': True}
2025-11-07 14:44:17,331 : INFO : EventManager : Event: ======'machine_var_audits_switches_s_pop_bumper_right'====== Args={'value': 1, 'prev_value': None, 'change': True}
2025-11-07 14:44:17,331 : INFO : EventManager : Event: ======'machine_var_audits_switches_s_right_bank_target_left'====== Args={'value': 56, 'prev_value': None, 'change': True}
2025-11-07 14:44:17,331 : INFO : EventManager : Event: ======'machine_var_audits_switches_s_right_bank_target_middle'====== Args={'value': 43, 'prev_value': None, 'change': True}
2025-11-07 14:44:17,331 : INFO : EventManager : Event: ======'machine_var_audits_switches_s_right_bank_target_right'====== Args={'value': 40, 'prev_value': None, 'change': True}
2025-11-07 14:44:17,332 : INFO : EventManager : Event: ======'machine_var_audits_switches_s_right_inlane'====== Args={'value': 19, 'prev_value': None, 'change': True}
2025-11-07 14:44:17,332 : INFO : EventManager : Event: ======'machine_var_audits_switches_s_right_outlane'====== Args={'value': 1, 'prev_value': None, 'change': True}
2025-11-07 14:44:17,332 : INFO : EventManager : Event: ======'machine_var_audits_switches_s_right_outlane_rollover'====== Args={'value': 6, 'prev_value': None, 'change': True}
2025-11-07 14:44:17,332 : INFO : EventManager : Event: ======'machine_var_audits_switches_s_right_pop_bumper'====== Args={'value': 183, 'prev_value': None, 'change': True}
2025-11-07 14:44:17,332 : INFO : EventManager : Event: ======'machine_var_audits_switches_s_right_rollover'====== Args={'value': 0, 'prev_value': None, 'change': True}
2025-11-07 14:44:17,332 : INFO : EventManager : Event: ======'machine_var_audits_switches_s_right_skill_lane'====== Args={'value': 4, 'prev_value': None, 'change': True}
2025-11-07 14:44:17,332 : INFO : EventManager : Event: ======'machine_var_audits_switches_s_right_sling'====== Args={'value': 76, 'prev_value': None, 'change': True}
2025-11-07 14:44:17,332 : INFO : EventManager : Event: ======'machine_var_audits_switches_s_rollover_upper'====== Args={'value': 3, 'prev_value': None, 'change': True}
2025-11-07 14:44:17,332 : INFO : EventManager : Event: ======'machine_var_audits_switches_s_saucer'====== Args={'value': 103, 'prev_value': None, 'change': True}
2025-11-07 14:44:17,332 : INFO : EventManager : Event: ======'machine_var_audits_switches_s_slam_tilt'====== Args={'value': 6, 'prev_value': None, 'change': True}
2025-11-07 14:44:17,332 : INFO : EventManager : Event: ======'machine_var_audits_switches_s_spinner'====== Args={'value': 430, 'prev_value': None, 'change': True}
2025-11-07 14:44:17,333 : INFO : EventManager : Event: ======'machine_var_audits_switches_s_stand_up'====== Args={'value': 8, 'prev_value': None, 'change': True}
2025-11-07 14:44:17,333 : INFO : EventManager : Event: ======'machine_var_audits_switches_s_start_button'====== Args={'value': 39, 'prev_value': None, 'change': True}
2025-11-07 14:44:17,333 : INFO : EventManager : Event: ======'machine_var_audits_switches_s_tilt'====== Args={'value': 2, 'prev_value': None, 'change': True}
2025-11-07 14:44:17,333 : INFO : EventManager : Event: ======'machine_var_audits_switches_s_trough'====== Args={'value': 510, 'prev_value': None, 'change': True}
2025-11-07 14:44:17,333 : INFO : EventManager : Event: ======'init_phase_5'====== Args={}
2025-11-07 14:44:17,345 : INFO : EventManager : Event: ======'init_done'====== Args={}
2025-11-07 14:44:17,346 : INFO : EventManager : Event: ======'machine_reset_phase_1'====== Args={}
2025-11-07 14:44:17,346 : INFO : SwitchController : <<<<<<< 's_trough' active >>>>>>>
2025-11-07 14:44:17,355 : INFO : SwitchController : <<<<<<< 's_trough' inactive >>>>>>>
2025-11-07 14:44:17,362 : INFO : EventManager : Event: ======'machine_reset_phase_2'====== Args={}
2025-11-07 14:44:17,362 : INFO : SwitchController : <<<<<<< 's_trough' active >>>>>>>
2025-11-07 14:44:17,363 : INFO : EventManager : Event: ======'machine_reset_phase_3'====== Args={}
2025-11-07 14:44:17,368 : INFO : EventManager : Event: ======'mode_attract_will_start'====== Args={'queue': <QueuedEvent>}
2025-11-07 14:44:17,369 : INFO : EventManager : Event: ======'mode_attract_starting'====== Args={'queue': <QueuedEvent>}
2025-11-07 14:44:17,369 : INFO : Mode.attract : Started. Priority: 10
2025-11-07 14:44:17,369 : INFO : EventManager : Event: ======'modes_active_modes_changed'====== Args={}
2025-11-07 14:44:17,369 : INFO : EventManager : Event: ======'mode_attract_started'====== Args={'queue': <QueuedEvent>}
2025-11-07 14:44:17,370 : INFO : EventManager : Event: ======'godot_attract_on'====== Args={'priority': 0}
2025-11-07 14:44:17,371 : INFO : EventManager : Event: ======'collecting_balls_complete'====== Args={}
2025-11-07 14:44:17,371 : INFO : EventManager : Event: ======'reset_complete'====== Args={}
2025-11-07 14:44:17,384 : INFO : Machine : Starting the main run loop with active modes: [<Mode.attract>]
2025-11-07 14:44:17,418 : INFO : EventManager : Event: ======'slide_attract_created'====== Args={'_from_bcp': True}
2025-11-07 14:44:17,418 : INFO : EventManager : Event: ======'slide__removed'====== Args={'_from_bcp': True}
2025-11-07 14:44:17,419 : INFO : EventManager : Event: ======'slide_attract_active'====== Args={'original_context': 'attract', 'original_calling_context': 'mode_attract_started', 'priority': 10.0, 'queue': '<QueuedEvent>', 'cmd': 'slides_play', '_from_bcp': True}
2025-11-07 14:44:17,876 : INFO : EventManager : Event: ======'balldevice_bd_trough_ball_count_changed'====== Args={'balls': 1}
2025-11-07 14:44:17,876 : INFO : ball_device.bd_trough : Received unexpected ball
2025-11-07 14:44:17,876 : INFO : EventManager : Event: ======'balldevice_captured_from_playfield'====== Args={'balls': 1}
2025-11-07 14:44:17,877 : INFO : EventManager : Event: ======'sw_playfield_active'====== Args={'balls': 1}
2025-11-07 14:44:17,877 : INFO : EventManager : Event: ======'playfield_active'====== Args={'source': None}
2025-11-07 14:44:17,877 : INFO : EventManager : Event: ======'unexpected_ball_on_playfield'====== Args={}
2025-11-07 14:44:17,877 : INFO : EventManager : Event: ======'playfield_ball_count_change'====== Args={'balls': -1, 'change': -1}
2025-11-07 14:44:17,877 : INFO : EventManager : Event: ======'balldevice_playfield_ball_enter'====== Args={'new_balls': 1, 'unclaimed_balls': 1, 'device': <playfield.playfield>}
2025-11-07 14:44:17,878 : INFO : EventManager : Event: ======'playfield_ball_count_change'====== Args={'balls': 0, 'change': 1}
2025-11-07 14:44:17,878 : INFO : BallController : Found a new ball which was captured from playfield. Known balls: 1
2025-11-07 14:44:17,878 : INFO : EventManager : Event: ======'found_new_ball'====== Args={}
2025-11-07 14:44:17,878 : INFO : EventManager : Event: ======'balldevice_bd_trough_ball_enter'====== Args={'new_balls': 1, 'unclaimed_balls': 1, 'new_available_balls': 1, 'device': <ball_device.bd_trough>}
2025-11-07 14:44:17,878 : INFO : EventManager : Event: ======'ball_drain'====== Args={'device': <ball_device.bd_trough>, 'balls': 1}
2025-11-07 14:44:17,878 : INFO : EventManager : Event: ======'balldevice_balls_available'====== Args={}
2025-11-07 14:44:17,878 : INFO : EventManager : Event: ======'balldevice_bd_trough_ball_entered'====== Args={'new_balls': 1, 'device': <ball_device.bd_trough>}
2025-11-07 14:44:18,857 : INFO : SwitchController : <<<<<<< 's_start_button' active >>>>>>>
2025-11-07 14:44:18,997 : INFO : SwitchController : <<<<<<< 's_start_button' inactive >>>>>>>
2025-11-07 14:44:18,997 : INFO : EventManager : Event: ======'request_to_start_game'====== Args={}
2025-11-07 14:44:18,997 : INFO : EventManager : Event: ======'game_start'====== Args={'buttons': [], 'hold_time': 0.14000000013038516}
2025-11-07 14:44:18,998 : INFO : EventManager : Event: ======'mode_game_will_start'====== Args={'buttons': [], 'hold_time': 0.14000000013038516}
2025-11-07 14:44:18,998 : INFO : EventManager : Event: ======'mode_game_starting'====== Args={'buttons': [], 'hold_time': 0.14000000013038516}
2025-11-07 14:44:18,998 : INFO : Mode.game : Started. Priority: 20
2025-11-07 14:44:18,998 : INFO : EventManager : Event: ======'modes_active_modes_changed'====== Args={}
2025-11-07 14:44:18,998 : INFO : EventManager : Event: ======'mode_game_started'====== Args={'buttons': [], 'hold_time': 0.14000000013038516}
2025-11-07 14:44:19,011 : INFO : EventManager : Event: ======'game_will_start'====== Args={}
2025-11-07 14:44:19,011 : INFO : EventManager : Event: ======'game_starting'====== Args={'game': <Mode.game>}
2025-11-07 14:44:19,011 : INFO : EventManager : Event: ======'mode_attract_will_stop'====== Args={}
2025-11-07 14:44:19,013 : INFO : EventManager : Event: ======'mode_attract_stopping'====== Args={}
2025-11-07 14:44:19,013 : INFO : EventManager : Event: ======'godot_attract_off'====== Args={'priority': 0}
2025-11-07 14:44:19,013 : INFO : EventManager : Unordered handler for class <Auditor> on event game_ended with priority 1. Handlers: [RegisteredHandler(callback=<bound method Auditor.disable of <Auditor>>, priority=1, kwargs={}, key=UUID('28f72aa0-3eb3-4f7d-bc95-f97ab4d50d4d'), condition=None, blocking_facility=None), RegisteredHandler(callback=<bound method Auditor._save_audits of <Auditor>>, priority=1, kwargs={}, key=UUID('f092e6f8-7669-4e1e-bddf-f3b0bf00a529'), condition=None, blocking_facility=None)]. The order of those handlers is not defined and they will be executed in random order. This might lead to race conditions and potential bugs.
2025-11-07 14:44:19,013 : INFO : EventManager : Event: ======'godot_attract_off'====== Args={'priority': 0}
2025-11-07 14:44:19,014 : INFO : Mode.attract : Stopped.
2025-11-07 14:44:19,014 : INFO : EventManager : Event: ======'modes_active_modes_changed'====== Args={}
2025-11-07 14:44:19,014 : INFO : EventManager : Event: ======'mode_attract_stopped'====== Args={}
2025-11-07 14:44:19,014 : INFO : EventManager : Event: ======'clear'====== Args={'key': 'attract'}
2025-11-07 14:44:19,015 : INFO : EventManager : Event: ======'player_add_request'====== Args={}
2025-11-07 14:44:19,015 : INFO : EventManager : Event: ======'player_will_add'====== Args={'number': 1}
2025-11-07 14:44:19,015 : INFO : EventManager : Event: ======'player_adding'====== Args={'player': <Player 1>, 'number': 1}
2025-11-07 14:44:19,016 : INFO : EventManager : Event: ======'player_added'====== Args={'player': <Player 1>, 'num': 1}
2025-11-07 14:44:19,016 : INFO : Mode.game : Player added successfully. Total players: 1
2025-11-07 14:44:19,016 : INFO : EventManager : Event: ======'player_index'====== Args={'value': 0, 'prev_value': 0, 'change': 0, 'player_num': 1}
2025-11-07 14:44:19,016 : INFO : EventManager : Event: ======'player_number'====== Args={'value': 1, 'prev_value': 1, 'change': 0, 'player_num': 1}
2025-11-07 14:44:19,016 : INFO : EventManager : Event: ======'player_score'====== Args={'value': 0, 'prev_value': 0, 'change': 0, 'player_num': 1}
2025-11-07 14:44:19,017 : INFO : EventManager : Unordered handler for class <Auditor> on event game_ended with priority 1. Handlers: [RegisteredHandler(callback=<bound method Auditor.disable of <Auditor>>, priority=1, kwargs={}, key=UUID('28f72aa0-3eb3-4f7d-bc95-f97ab4d50d4d'), condition=None, blocking_facility=None), RegisteredHandler(callback=<bound method Auditor._save_audits of <Auditor>>, priority=1, kwargs={}, key=UUID('f092e6f8-7669-4e1e-bddf-f3b0bf00a529'), condition=None, blocking_facility=None)]. The order of those handlers is not defined and they will be executed in random order. This might lead to race conditions and potential bugs.
2025-11-07 14:44:19,032 : INFO : EventManager : Event: ======'game_started'====== Args={}
2025-11-07 14:44:19,033 : INFO : EventManager : Event: ======'blink_on'====== Args={'priority': 0}
2025-11-07 14:44:19,034 : INFO : EventManager : Event: ======'player_turn_will_start'====== Args={'player': <Player 1>, 'number': 1}
2025-11-07 14:44:19,040 : INFO : EventManager : Event: ======'player_turn_starting'====== Args={'player': <Player 1>, 'number': 1}
2025-11-07 14:44:19,041 : INFO : EventManager : Event: ======'player_ball'====== Args={'value': 1, 'prev_value': 0, 'change': 1, 'player_num': 1}
2025-11-07 14:44:19,041 : INFO : EventManager : Event: ======'player_turn_started'====== Args={'player': <Player 1>, 'number': 1}
2025-11-07 14:44:19,042 : INFO : EventManager : Event: ======'ball_will_start'====== Args={'player': 1, 'ball': 1, 'balls_remaining': 2, 'is_extra_ball': False}
2025-11-07 14:44:19,046 : INFO : EventManager : Event: ======'ball_starting'====== Args={'player': 1, 'ball': 1, 'balls_remaining': 2, 'is_extra_ball': False}
2025-11-07 14:44:19,046 : INFO : EventManager : Event: ======'mode_base_will_start'====== Args={'queue': <QueuedEvent>, 'player': 1, 'ball': 1, 'balls_remaining': 2, 'is_extra_ball': False}
2025-11-07 14:44:19,047 : INFO : EventManager : Event: ======'player_shot_sh_escape_graveyard_start_enabled'====== Args={'value': False, 'prev_value': 0, 'change': 0, 'player_num': 1}
2025-11-07 14:44:19,047 : INFO : EventManager : Unordered handler for class <Auditor> on event game_ended with priority 1. Handlers: [RegisteredHandler(callback=<bound method Auditor.disable of <Auditor>>, priority=1, kwargs={}, key=UUID('28f72aa0-3eb3-4f7d-bc95-f97ab4d50d4d'), condition=None, blocking_facility=None), RegisteredHandler(callback=<bound method Auditor._save_audits of <Auditor>>, priority=1, kwargs={}, key=UUID('f092e6f8-7669-4e1e-bddf-f3b0bf00a529'), condition=None, blocking_facility=None)]. The order of those handlers is not defined and they will be executed in random order. This might lead to race conditions and potential bugs.
2025-11-07 14:44:19,048 : INFO : EventManager : Unordered handler for class <Auditor> on event game_ended with priority 1. Handlers: [RegisteredHandler(callback=<bound method Auditor.disable of <Auditor>>, priority=1, kwargs={}, key=UUID('28f72aa0-3eb3-4f7d-bc95-f97ab4d50d4d'), condition=None, blocking_facility=None), RegisteredHandler(callback=<bound method Auditor._save_audits of <Auditor>>, priority=1, kwargs={}, key=UUID('f092e6f8-7669-4e1e-bddf-f3b0bf00a529'), condition=None, blocking_facility=None)]. The order of those handlers is not defined and they will be executed in random order. This might lead to race conditions and potential bugs.
2025-11-07 14:44:19,051 : INFO : EventManager : Event: ======'mode_base_starting'====== Args={'queue': <QueuedEvent>, 'player': 1, 'ball': 1, 'balls_remaining': 2, 'is_extra_ball': False}
2025-11-07 14:44:19,051 : INFO : drop_target_bank.right_bank : All targets are already up. Will not reset bank.
2025-11-07 14:44:19,051 : INFO : drop_target_bank.left_bank : All targets are already up. Will not reset bank.
2025-11-07 14:44:19,051 : INFO : EventManager : Event: ======'balls_in_play'====== Args={'balls': 1}
2025-11-07 14:44:19,052 : INFO : EventManager : Event: ======'ball_started'====== Args={'player': 1, 'ball': 1, 'balls_remaining': 2, 'is_extra_ball': False}
2025-11-07 14:44:19,052 : INFO : EventManager : Event: ======'logicblock_eg_pop_counter_updated'====== Args={'value': 0, 'enabled': True}
2025-11-07 14:44:19,052 : INFO : EventManager : Event: ======'logicblock_eg_pop_counter_updated'====== Args={'value': 0, 'enabled': True}
2025-11-07 14:44:19,052 : INFO : Mode.base : Started. Priority: 50
2025-11-07 14:44:19,052 : INFO : EventManager : Event: ======'modes_active_modes_changed'====== Args={}
2025-11-07 14:44:19,052 : INFO : EventManager : Event: ======'mode_base_started'====== Args={'queue': <QueuedEvent>, 'player': 1, 'ball': 1, 'balls_remaining': 2, 'is_extra_ball': False}
2025-11-07 14:44:19,052 : INFO : EventManager : Event: ======'logicblock_eg_pop_counter_updated'====== Args={'value': 0, 'enabled': True}
2025-11-07 14:44:19,052 : INFO : EventManager : Event: ======'start_firstball_intro'====== Args={'priority': 0}
2025-11-07 14:44:19,053 : INFO : EventManager : Unordered handler for class <Auditor> on event game_ended with priority 1. Handlers: [RegisteredHandler(callback=<bound method Auditor.disable of <Auditor>>, priority=1, kwargs={}, key=UUID('28f72aa0-3eb3-4f7d-bc95-f97ab4d50d4d'), condition=None, blocking_facility=None), RegisteredHandler(callback=<bound method Auditor._save_audits of <Auditor>>, priority=1, kwargs={}, key=UUID('f092e6f8-7669-4e1e-bddf-f3b0bf00a529'), condition=None, blocking_facility=None)]. The order of those handlers is not defined and they will be executed in random order. This might lead to race conditions and potential bugs.
2025-11-07 14:44:19,055 : INFO : EventManager : Event: ======'stop_mode_attract'====== Args={'priority': 0}
2025-11-07 14:44:19,055 : INFO : EventManager : Event: ======'mode_attract_will_stop'====== Args={'priority': 0}
2025-11-07 14:44:19,055 : INFO : EventManager : Event: ======'godot_attract_off'====== Args={'priority': 0}
2025-11-07 14:44:19,055 : INFO : EventManager : Event: ======'godot_play_base'====== Args={'priority': 0}
2025-11-07 14:44:19,056 : INFO : EventManager : Event: ======'single_player_ball_started'====== Args={}
2025-11-07 14:44:19,091 : INFO : EventManager : Event: ======'ball_start_target'====== Args={'target': 'playfield'}
2025-11-07 14:44:19,092 : INFO : ball_device.bd_trough : Setting up player-controlled eject. Balls: 1, Target: <playfield.playfield>, player_controlled_eject_event: None
2025-11-07 14:44:19,092 : INFO : ball_device.bd_trough : Adding 1 ball(s) to the eject_queue with target <playfield.playfield>.
2025-11-07 14:44:19,092 : INFO : EventManager : Event: ======'balldevice_balls_available'====== Args={}
2025-11-07 14:44:19,093 : INFO : ball_device.bd_trough : State: waiting_for_target_ready
2025-11-07 14:44:19,093 : INFO : EventManager : Event: ======'balldevice_bd_trough_ball_eject_attempt'====== Args={'balls': 1, 'target': <playfield.playfield>, 'source': <ball_device.bd_trough>, 'mechanical_eject': False, 'num_attempts': 0}
2025-11-07 14:44:19,094 : INFO : ball_device.bd_trough : State: ejecting
2025-11-07 14:44:19,094 : INFO : ball_device.bd_trough : Ejecting ball to <playfield.playfield>
2025-11-07 14:44:19,094 : INFO : EventManager : Event: ======'balldevice_bd_trough_ejecting_ball'====== Args={'balls': 1, 'target': <playfield.playfield>, 'source': <ball_device.bd_trough>, 'mechanical_eject': False, 'num_attempts': 0}
2025-11-07 14:44:19,094 : INFO : ball_device.bd_trough : Wait for ball to leave device
2025-11-07 14:44:19,094 : INFO : coil.c_trough_eject : Pulsing Driver for 40ms (1.0 pulse_power)
2025-11-07 14:44:19,151 : INFO : SwitchController : <<<<<<< 's_trough' inactive >>>>>>>
2025-11-07 14:44:19,158 : INFO : SwitchController : <<<<<<< 's_trough' active >>>>>>>
2025-11-07 14:44:19,158 : INFO : EventManager : Event: ======'machine_var_audits_switches_s_trough'====== Args={'value': 511, 'prev_value': 510, 'change': 1}
2025-11-07 14:44:19,164 : INFO : ball_device.bd_trough : State: ball_left
2025-11-07 14:44:19,164 : INFO : ball_device.bd_trough : Ball left
2025-11-07 14:44:19,164 : INFO : ball_device.bd_trough : Wait for confirm with timeout 10.0
2025-11-07 14:44:19,165 : INFO : SwitchController : <<<<<<< 's_trough' inactive >>>>>>>
2025-11-07 14:44:19,210 : INFO : EventManager : Event: ======'slide_base_created'====== Args={'_from_bcp': True}
2025-11-07 14:44:19,211 : INFO : EventManager : Event: ======'slide_attract_inactive'====== Args={'is_removing': True, '_from_bcp': True}
2025-11-07 14:44:19,218 : INFO : EventManager : Event: ======'slide_base_active'====== Args={'original_context': 'base', 'original_calling_context': 'mode_base_started', 'priority': 50.0, 'queue': '<QueuedEvent>', 'player': 1.0, 'ball': 1.0, 'balls_remaining': 2.0, 'is_extra_ball': False, 'cmd': 'slides_play', '_from_bcp': True}
2025-11-07 14:44:19,218 : INFO : EventManager : Event: ======'slide_attract_removed'====== Args={'_from_bcp': True}
2025-11-07 14:44:19,636 : INFO : EventManager : Event: ======'blink_off'====== Args={'priority': 0}
2025-11-07 14:44:20,225 : INFO : EventManager : Event: ======'blink_on'====== Args={'priority': 0}
2025-11-07 14:44:20,841 : INFO : EventManager : Event: ======'blink_off'====== Args={'priority': 0}
2025-11-07 14:44:20,841 : INFO : EventManager : Unordered handler for class <Auditor> on event game_ended with priority 1. Handlers: [RegisteredHandler(callback=<bound method Auditor.disable of <Auditor>>, priority=1, kwargs={}, key=UUID('28f72aa0-3eb3-4f7d-bc95-f97ab4d50d4d'), condition=None, blocking_facility=None), RegisteredHandler(callback=<bound method Auditor._save_audits of <Auditor>>, priority=1, kwargs={}, key=UUID('f092e6f8-7669-4e1e-bddf-f3b0bf00a529'), condition=None, blocking_facility=None)]. The order of those handlers is not defined and they will be executed in random order. This might lead to race conditions and potential bugs.
2025-11-07 14:44:21,430 : INFO : EventManager : Event: ======'blink_on'====== Args={'priority': 0}
2025-11-07 14:44:22,021 : INFO : EventManager : Event: ======'blink_off'====== Args={'priority': 0}
2025-11-07 14:44:22,022 : INFO : EventManager : Unordered handler for class <Auditor> on event game_ended with priority 1. Handlers: [RegisteredHandler(callback=<bound method Auditor.disable of <Auditor>>, priority=1, kwargs={}, key=UUID('28f72aa0-3eb3-4f7d-bc95-f97ab4d50d4d'), condition=None, blocking_facility=None), RegisteredHandler(callback=<bound method Auditor._save_audits of <Auditor>>, priority=1, kwargs={}, key=UUID('f092e6f8-7669-4e1e-bddf-f3b0bf00a529'), condition=None, blocking_facility=None)]. The order of those handlers is not defined and they will be executed in random order. This might lead to race conditions and potential bugs.
2025-11-07 14:44:22,641 : INFO : EventManager : Event: ======'blink_on'====== Args={'priority': 0}
2025-11-07 14:44:23,225 : INFO : EventManager : Event: ======'blink_off'====== Args={'priority': 0}
2025-11-07 14:44:23,227 : INFO : EventManager : Unordered handler for class <Auditor> on event game_ended with priority 1. Handlers: [RegisteredHandler(callback=<bound method Auditor.disable of <Auditor>>, priority=1, kwargs={}, key=UUID('28f72aa0-3eb3-4f7d-bc95-f97ab4d50d4d'), condition=None, blocking_facility=None), RegisteredHandler(callback=<bound method Auditor._save_audits of <Auditor>>, priority=1, kwargs={}, key=UUID('f092e6f8-7669-4e1e-bddf-f3b0bf00a529'), condition=None, blocking_facility=None)]. The order of those handlers is not defined and they will be executed in random order. This might lead to race conditions and potential bugs.
2025-11-07 14:44:23,843 : INFO : EventManager : Event: ======'blink_on'====== Args={'priority': 0}
2025-11-07 14:44:24,437 : INFO : EventManager : Event: ======'blink_off'====== Args={'priority': 0}
2025-11-07 14:44:24,438 : INFO : EventManager : Unordered handler for class <Auditor> on event game_ended with priority 1. Handlers: [RegisteredHandler(callback=<bound method Auditor.disable of <Auditor>>, priority=1, kwargs={}, key=UUID('28f72aa0-3eb3-4f7d-bc95-f97ab4d50d4d'), condition=None, blocking_facility=None), RegisteredHandler(callback=<bound method Auditor._save_audits of <Auditor>>, priority=1, kwargs={}, key=UUID('f092e6f8-7669-4e1e-bddf-f3b0bf00a529'), condition=None, blocking_facility=None)]. The order of those handlers is not defined and they will be executed in random order. This might lead to race conditions and potential bugs.
2025-11-07 14:44:25,030 : INFO : EventManager : Event: ======'blink_on'====== Args={'priority': 0}
2025-11-07 14:44:25,419 : INFO : SwitchController : <<<<<<< 's_right_inlane' active >>>>>>>
2025-11-07 14:44:25,419 : INFO : EventManager : Event: ======'s_right_inlane_active'====== Args={}
2025-11-07 14:44:25,419 : INFO : EventManager : Event: ======'sw_playfield_active'====== Args={}
2025-11-07 14:44:25,419 : INFO : EventManager : Event: ======'machine_var_audits_switches_s_right_inlane'====== Args={'value': 20, 'prev_value': 19, 'change': 1}
2025-11-07 14:44:25,420 : INFO : EventManager : Event: ======'player_score'====== Args={'value': 100, 'prev_value': 0, 'change': 100, 'player_num': 1, 'source': 'base'}
2025-11-07 14:44:25,420 : INFO : EventManager : Event: ======'playfield_active'====== Args={'source': None}
2025-11-07 14:44:25,434 : INFO : ball_device.bd_trough : Got eject confirm
2025-11-07 14:44:25,434 : INFO : ball_device.bd_trough : Eject successful
2025-11-07 14:44:25,434 : INFO : EventManager : Event: ======'balldevice_bd_trough_ball_eject_success'====== Args={'balls': 1, 'target': <playfield.playfield>}
2025-11-07 14:44:25,434 : INFO : EventManager : Event: ======'balldevice_playfield_ball_enter'====== Args={'new_balls': 1, 'unclaimed_balls': 1, 'device': <playfield.playfield>}
2025-11-07 14:44:25,434 : INFO : EventManager : Event: ======'playfield_ball_count_change'====== Args={'balls': 1, 'change': 1}
2025-11-07 14:44:25,435 : INFO : EventManager : Event: ======'balldevice_bd_trough_ball_count_changed'====== Args={'balls': 0}
2025-11-07 14:44:25,435 : INFO : ball_device.bd_trough : State: idle
2025-11-07 14:44:25,639 : INFO : EventManager : Event: ======'blink_off'====== Args={'priority': 0}
2025-11-07 14:44:25,640 : INFO : EventManager : Unordered handler for class <Auditor> on event game_ended with priority 1. Handlers: [RegisteredHandler(callback=<bound method Auditor.disable of <Auditor>>, priority=1, kwargs={}, key=UUID('28f72aa0-3eb3-4f7d-bc95-f97ab4d50d4d'), condition=None, blocking_facility=None), RegisteredHandler(callback=<bound method Auditor._save_audits of <Auditor>>, priority=1, kwargs={}, key=UUID('f092e6f8-7669-4e1e-bddf-f3b0bf00a529'), condition=None, blocking_facility=None)]. The order of those handlers is not defined and they will be executed in random order. This might lead to race conditions and potential bugs.
2025-11-07 14:44:25,685 : INFO : SwitchController : <<<<<<< 's_right_inlane' inactive >>>>>>>
2025-11-07 14:44:26,221 : INFO : EventManager : Event: ======'blink_on'====== Args={'priority': 0}
2025-11-07 14:44:26,664 : INFO : SwitchController : <<<<<<< 's_left_sling' active >>>>>>>
2025-11-07 14:44:26,664 : INFO : EventManager : Event: ======'s_left_sling_active'====== Args={}
2025-11-07 14:44:26,664 : INFO : EventManager : Event: ======'machine_var_audits_switches_s_left_sling'====== Args={'value': 101, 'prev_value': 100, 'change': 1}
2025-11-07 14:44:26,665 : INFO : EventManager : Event: ======'test_subsequentball'====== Args={'priority': 0}
2025-11-07 14:44:26,665 : INFO : EventManager : Event: ======'player_score'====== Args={'value': 110, 'prev_value': 100, 'change': 10, 'player_num': 1, 'source': 'base'}
2025-11-07 14:44:26,676 : INFO : SwitchController : <<<<<<< 's_left_sling' inactive >>>>>>>
2025-11-07 14:44:26,836 : INFO : EventManager : Event: ======'blink_off'====== Args={'priority': 0}
2025-11-07 14:44:26,837 : INFO : EventManager : Unordered handler for class <Auditor> on event game_ended with priority 1. Handlers: [RegisteredHandler(callback=<bound method Auditor.disable of <Auditor>>, priority=1, kwargs={}, key=UUID('28f72aa0-3eb3-4f7d-bc95-f97ab4d50d4d'), condition=None, blocking_facility=None), RegisteredHandler(callback=<bound method Auditor._save_audits of <Auditor>>, priority=1, kwargs={}, key=UUID('f092e6f8-7669-4e1e-bddf-f3b0bf00a529'), condition=None, blocking_facility=None)]. The order of those handlers is not defined and they will be executed in random order. This might lead to race conditions and potential bugs.
2025-11-07 14:44:26,991 : INFO : SwitchController : <<<<<<< 's_right_sling' active >>>>>>>
2025-11-07 14:44:26,991 : INFO : EventManager : Event: ======'s_right_sling_active'====== Args={}
2025-11-07 14:44:26,991 : INFO : EventManager : Event: ======'machine_var_audits_switches_s_right_sling'====== Args={'value': 77, 'prev_value': 76, 'change': 1}
2025-11-07 14:44:26,992 : INFO : EventManager : Event: ======'player_score'====== Args={'value': 120, 'prev_value': 110, 'change': 10, 'player_num': 1, 'source': 'base'}
2025-11-07 14:44:26,993 : INFO : EventManager : Unordered handler for class <Auditor> on event game_ended with priority 1. Handlers: [RegisteredHandler(callback=<bound method Auditor.disable of <Auditor>>, priority=1, kwargs={}, key=UUID('28f72aa0-3eb3-4f7d-bc95-f97ab4d50d4d'), condition=None, blocking_facility=None), RegisteredHandler(callback=<bound method Auditor._save_audits of <Auditor>>, priority=1, kwargs={}, key=UUID('f092e6f8-7669-4e1e-bddf-f3b0bf00a529'), condition=None, blocking_facility=None)]. The order of those handlers is not defined and they will be executed in random order. This might lead to race conditions and potential bugs.
2025-11-07 14:44:26,999 : INFO : SwitchController : <<<<<<< 's_right_sling' inactive >>>>>>>
2025-11-07 14:44:27,000 : INFO : EventManager : Unordered handler for class <Auditor> on event game_ended with priority 1. Handlers: [RegisteredHandler(callback=<bound method Auditor.disable of <Auditor>>, priority=1, kwargs={}, key=UUID('28f72aa0-3eb3-4f7d-bc95-f97ab4d50d4d'), condition=None, blocking_facility=None), RegisteredHandler(callback=<bound method Auditor._save_audits of <Auditor>>, priority=1, kwargs={}, key=UUID('f092e6f8-7669-4e1e-bddf-f3b0bf00a529'), condition=None, blocking_facility=None)]. The order of those handlers is not defined and they will be executed in random order. This might lead to race conditions and potential bugs.
2025-11-07 14:44:27,426 : INFO : EventManager : Event: ======'blink_on'====== Args={'priority': 0}
2025-11-07 14:44:28,019 : INFO : EventManager : Event: ======'blink_off'====== Args={'priority': 0}
2025-11-07 14:44:28,019 : INFO : SwitchController : <<<<<<< 's_right_inlane' active >>>>>>>
2025-11-07 14:44:28,019 : INFO : EventManager : Event: ======'s_right_inlane_active'====== Args={}
2025-11-07 14:44:28,019 : INFO : EventManager : Event: ======'sw_playfield_active'====== Args={}
2025-11-07 14:44:28,019 : INFO : EventManager : Event: ======'machine_var_audits_switches_s_right_inlane'====== Args={'value': 21, 'prev_value': 20, 'change': 1}
2025-11-07 14:44:28,020 : INFO : EventManager : Unordered handler for class <Auditor> on event game_ended with priority 1. Handlers: [RegisteredHandler(callback=<bound method Auditor.disable of <Auditor>>, priority=1, kwargs={}, key=UUID('28f72aa0-3eb3-4f7d-bc95-f97ab4d50d4d'), condition=None, blocking_facility=None), RegisteredHandler(callback=<bound method Auditor._save_audits of <Auditor>>, priority=1, kwargs={}, key=UUID('f092e6f8-7669-4e1e-bddf-f3b0bf00a529'), condition=None, blocking_facility=None)]. The order of those handlers is not defined and they will be executed in random order. This might lead to race conditions and potential bugs.
2025-11-07 14:44:28,020 : INFO : EventManager : Event: ======'player_score'====== Args={'value': 220, 'prev_value': 120, 'change': 100, 'player_num': 1, 'source': 'base'}
2025-11-07 14:44:28,020 : INFO : EventManager : Unordered handler for class <Auditor> on event game_ended with priority 1. Handlers: [RegisteredHandler(callback=<bound method Auditor.disable of <Auditor>>, priority=1, kwargs={}, key=UUID('28f72aa0-3eb3-4f7d-bc95-f97ab4d50d4d'), condition=None, blocking_facility=None), RegisteredHandler(callback=<bound method Auditor._save_audits of <Auditor>>, priority=1, kwargs={}, key=UUID('f092e6f8-7669-4e1e-bddf-f3b0bf00a529'), condition=None, blocking_facility=None)]. The order of those handlers is not defined and they will be executed in random order. This might lead to race conditions and potential bugs.
2025-11-07 14:44:28,028 : INFO : EventManager : Unordered handler for class <Auditor> on event game_ended with priority 1. Handlers: [RegisteredHandler(callback=<bound method Auditor.disable of <Auditor>>, priority=1, kwargs={}, key=UUID('28f72aa0-3eb3-4f7d-bc95-f97ab4d50d4d'), condition=None, blocking_facility=None), RegisteredHandler(callback=<bound method Auditor._save_audits of <Auditor>>, priority=1, kwargs={}, key=UUID('f092e6f8-7669-4e1e-bddf-f3b0bf00a529'), condition=None, blocking_facility=None)]. The order of those handlers is not defined and they will be executed in random order. This might lead to race conditions and potential bugs.
2025-11-07 14:44:28,029 : INFO : EventManager : Unordered handler for class <Auditor> on event game_ended with priority 1. Handlers: [RegisteredHandler(callback=<bound method Auditor.disable of <Auditor>>, priority=1, kwargs={}, key=UUID('28f72aa0-3eb3-4f7d-bc95-f97ab4d50d4d'), condition=None, blocking_facility=None), RegisteredHandler(callback=<bound method Auditor._save_audits of <Auditor>>, priority=1, kwargs={}, key=UUID('f092e6f8-7669-4e1e-bddf-f3b0bf00a529'), condition=None, blocking_facility=None)]. The order of those handlers is not defined and they will be executed in random order. This might lead to race conditions and potential bugs.
2025-11-07 14:44:28,030 : INFO : EventManager : Unordered handler for class <Auditor> on event game_ended with priority 1. Handlers: [RegisteredHandler(callback=<bound method Auditor.disable of <Auditor>>, priority=1, kwargs={}, key=UUID('28f72aa0-3eb3-4f7d-bc95-f97ab4d50d4d'), condition=None, blocking_facility=None), RegisteredHandler(callback=<bound method Auditor._save_audits of <Auditor>>, priority=1, kwargs={}, key=UUID('f092e6f8-7669-4e1e-bddf-f3b0bf00a529'), condition=None, blocking_facility=None)]. The order of those handlers is not defined and they will be executed in random order. This might lead to race conditions and potential bugs.
2025-11-07 14:44:28,112 : INFO : SwitchController : <<<<<<< 's_right_inlane' inactive >>>>>>>
2025-11-07 14:44:28,640 : INFO : EventManager : Event: ======'blink_on'====== Args={'priority': 0}
2025-11-07 14:44:29,221 : INFO : EventManager : Event: ======'blink_off'====== Args={'priority': 0}
2025-11-07 14:44:29,222 : INFO : EventManager : Unordered handler for class <Auditor> on event game_ended with priority 1. Handlers: [RegisteredHandler(callback=<bound method Auditor.disable of <Auditor>>, priority=1, kwargs={}, key=UUID('28f72aa0-3eb3-4f7d-bc95-f97ab4d50d4d'), condition=None, blocking_facility=None), RegisteredHandler(callback=<bound method Auditor._save_audits of <Auditor>>, priority=1, kwargs={}, key=UUID('f092e6f8-7669-4e1e-bddf-f3b0bf00a529'), condition=None, blocking_facility=None)]. The order of those handlers is not defined and they will be executed in random order. This might lead to race conditions and potential bugs.
2025-11-07 14:44:29,714 : INFO : SwitchController : <<<<<<< 's_trough' active >>>>>>>
2025-11-07 14:44:29,714 : INFO : EventManager : Event: ======'machine_var_audits_switches_s_trough'====== Args={'value': 512, 'prev_value': 511, 'change': 1}
2025-11-07 14:44:29,721 : INFO : SwitchController : <<<<<<< 's_trough' inactive >>>>>>>
2025-11-07 14:44:29,776 : INFO : SwitchController : <<<<<<< 's_trough' active >>>>>>>
2025-11-07 14:44:29,776 : INFO : EventManager : Event: ======'machine_var_audits_switches_s_trough'====== Args={'value': 513, 'prev_value': 512, 'change': 1}
2025-11-07 14:44:29,838 : INFO : EventManager : Event: ======'blink_on'====== Args={'priority': 0}
2025-11-07 14:44:30,272 : INFO : EventManager : Event: ======'balldevice_bd_trough_ball_count_changed'====== Args={'balls': 1}
2025-11-07 14:44:30,272 : INFO : ball_device.bd_trough : Received unexpected ball
2025-11-07 14:44:30,272 : INFO : EventManager : Event: ======'balldevice_captured_from_playfield'====== Args={'balls': 1}
2025-11-07 14:44:30,273 : INFO : EventManager : Event: ======'sw_playfield_active'====== Args={'balls': 1}
2025-11-07 14:44:30,273 : INFO : EventManager : Event: ======'playfield_ball_count_change'====== Args={'balls': 0, 'change': -1}
2025-11-07 14:44:30,273 : INFO : EventManager : Event: ======'balldevice_bd_trough_ball_enter'====== Args={'new_balls': 1, 'unclaimed_balls': 1, 'new_available_balls': 1, 'device': <ball_device.bd_trough>}
2025-11-07 14:44:30,274 : INFO : EventManager : Event: ======'ball_drain'====== Args={'device': <ball_device.bd_trough>, 'balls': 1}
2025-11-07 14:44:30,274 : INFO : EventManager : Event: ======'ball_will_end'====== Args={}
2025-11-07 14:44:30,274 : INFO : EventManager : Event: ======'balldevice_balls_available'====== Args={}
2025-11-07 14:44:30,274 : INFO : EventManager : Event: ======'balldevice_bd_trough_ball_entered'====== Args={'new_balls': 1, 'device': <ball_device.bd_trough>}
2025-11-07 14:44:30,275 : INFO : EventManager : Event: ======'ball_ending'====== Args={}
2025-11-07 14:44:30,276 : INFO : EventManager : Event: ======'mode_base_will_stop'====== Args={}
2025-11-07 14:44:30,276 : INFO : EventManager : Event: ======'mode_base_stopping'====== Args={}
2025-11-07 14:44:30,276 : INFO : EventManager : Event: ======'godot_stop_base'====== Args={'priority': 0}
2025-11-07 14:44:30,276 : INFO : Mode.base : Stopped.
2025-11-07 14:44:30,276 : INFO : EventManager : Event: ======'modes_active_modes_changed'====== Args={}
2025-11-07 14:44:30,277 : INFO : EventManager : Event: ======'mode_base_stopped'====== Args={}
2025-11-07 14:44:30,277 : INFO : EventManager : Event: ======'clear'====== Args={'key': 'base'}
2025-11-07 14:44:30,291 : INFO : EventManager : Event: ======'ball_ended'====== Args={}
2025-11-07 14:44:30,293 : INFO : EventManager : Event: ======'player_turn_will_end'====== Args={'player': <Player 1>, 'number': 1}
2025-11-07 14:44:30,297 : INFO : EventManager : Event: ======'player_turn_ending'====== Args={'player': <Player 1>, 'number': 1}
2025-11-07 14:44:30,297 : INFO : EventManager : Event: ======'player_turn_ended'====== Args={'player': <Player 1>, 'number': 1}
2025-11-07 14:44:30,298 : INFO : EventManager : Event: ======'player_turn_will_start'====== Args={'player': <Player 1>, 'number': 1}
2025-11-07 14:44:30,298 : INFO : EventManager : Event: ======'player_turn_starting'====== Args={'player': <Player 1>, 'number': 1}
2025-11-07 14:44:30,298 : INFO : EventManager : Event: ======'player_ball'====== Args={'value': 2, 'prev_value': 1, 'change': 1, 'player_num': 1}
2025-11-07 14:44:30,298 : INFO : EventManager : Event: ======'player_turn_started'====== Args={'player': <Player 1>, 'number': 1}
2025-11-07 14:44:30,299 : INFO : EventManager : Event: ======'ball_will_start'====== Args={'player': 1, 'ball': 2, 'balls_remaining': 1, 'is_extra_ball': False}
2025-11-07 14:44:30,304 : INFO : EventManager : Event: ======'ball_starting'====== Args={'player': 1, 'ball': 2, 'balls_remaining': 1, 'is_extra_ball': False}
2025-11-07 14:44:30,305 : INFO : EventManager : Event: ======'mode_base_will_start'====== Args={'queue': <QueuedEvent>, 'player': 1, 'ball': 2, 'balls_remaining': 1, 'is_extra_ball': False}
2025-11-07 14:44:30,305 : INFO : EventManager : Unordered handler for class <Auditor> on event game_ended with priority 1. Handlers: [RegisteredHandler(callback=<bound method Auditor.disable of <Auditor>>, priority=1, kwargs={}, key=UUID('28f72aa0-3eb3-4f7d-bc95-f97ab4d50d4d'), condition=None, blocking_facility=None), RegisteredHandler(callback=<bound method Auditor._save_audits of <Auditor>>, priority=1, kwargs={}, key=UUID('f092e6f8-7669-4e1e-bddf-f3b0bf00a529'), condition=None, blocking_facility=None)]. The order of those handlers is not defined and they will be executed in random order. This might lead to race conditions and potential bugs.
2025-11-07 14:44:30,306 : INFO : EventManager : Unordered handler for class <Auditor> on event game_ended with priority 1. Handlers: [RegisteredHandler(callback=<bound method Auditor.disable of <Auditor>>, priority=1, kwargs={}, key=UUID('28f72aa0-3eb3-4f7d-bc95-f97ab4d50d4d'), condition=None, blocking_facility=None), RegisteredHandler(callback=<bound method Auditor._save_audits of <Auditor>>, priority=1, kwargs={}, key=UUID('f092e6f8-7669-4e1e-bddf-f3b0bf00a529'), condition=None, blocking_facility=None)]. The order of those handlers is not defined and they will be executed in random order. This might lead to race conditions and potential bugs.
2025-11-07 14:44:30,309 : INFO : EventManager : Event: ======'mode_base_starting'====== Args={'queue': <QueuedEvent>, 'player': 1, 'ball': 2, 'balls_remaining': 1, 'is_extra_ball': False}
2025-11-07 14:44:30,309 : INFO : drop_target_bank.right_bank : All targets are already up. Will not reset bank.
2025-11-07 14:44:30,309 : INFO : drop_target_bank.left_bank : All targets are already up. Will not reset bank.
2025-11-07 14:44:30,309 : INFO : EventManager : Event: ======'balls_in_play'====== Args={'balls': 1}
2025-11-07 14:44:30,309 : INFO : EventManager : Event: ======'ball_started'====== Args={'player': 1, 'ball': 2, 'balls_remaining': 1, 'is_extra_ball': False}
2025-11-07 14:44:30,309 : INFO : EventManager : Event: ======'logicblock_eg_pop_counter_updated'====== Args={'value': 0, 'enabled': True}
2025-11-07 14:44:30,310 : INFO : EventManager : Event: ======'logicblock_eg_pop_counter_updated'====== Args={'value': 0, 'enabled': True}
2025-11-07 14:44:30,310 : INFO : Mode.base : Started. Priority: 50
2025-11-07 14:44:30,310 : INFO : EventManager : Event: ======'modes_active_modes_changed'====== Args={}
2025-11-07 14:44:30,310 : INFO : EventManager : Event: ======'mode_base_started'====== Args={'queue': <QueuedEvent>, 'player': 1, 'ball': 2, 'balls_remaining': 1, 'is_extra_ball': False}
2025-11-07 14:44:30,310 : INFO : EventManager : Event: ======'mode_music_ball_2plus_will_start'====== Args={'player': 1, 'ball': 2, 'balls_remaining': 1, 'is_extra_ball': False}
2025-11-07 14:44:30,310 : INFO : EventManager : Unordered handler for class <Auditor> on event game_ended with priority 1. Handlers: [RegisteredHandler(callback=<bound method Auditor.disable of <Auditor>>, priority=1, kwargs={}, key=UUID('28f72aa0-3eb3-4f7d-bc95-f97ab4d50d4d'), condition=None, blocking_facility=None), RegisteredHandler(callback=<bound method Auditor._save_audits of <Auditor>>, priority=1, kwargs={}, key=UUID('f092e6f8-7669-4e1e-bddf-f3b0bf00a529'), condition=None, blocking_facility=None)]. The order of those handlers is not defined and they will be executed in random order. This might lead to race conditions and potential bugs.
2025-11-07 14:44:30,310 : INFO : EventManager : Event: ======'mode_music_ball_2plus_starting'====== Args={'player': 1, 'ball': 2, 'balls_remaining': 1, 'is_extra_ball': False}
2025-11-07 14:44:30,310 : INFO : EventManager : Event: ======'logicblock_eg_pop_counter_updated'====== Args={'value': 0, 'enabled': True}
2025-11-07 14:44:30,310 : INFO : EventManager : Event: ======'start_subsequent_loop'====== Args={'priority': 0}
2025-11-07 14:44:30,313 : INFO : EventManager : Unordered handler for class <Auditor> on event game_ended with priority 1. Handlers: [RegisteredHandler(callback=<bound method Auditor.disable of <Auditor>>, priority=1, kwargs={}, key=UUID('28f72aa0-3eb3-4f7d-bc95-f97ab4d50d4d'), condition=None, blocking_facility=None), RegisteredHandler(callback=<bound method Auditor._save_audits of <Auditor>>, priority=1, kwargs={}, key=UUID('f092e6f8-7669-4e1e-bddf-f3b0bf00a529'), condition=None, blocking_facility=None)]. The order of those handlers is not defined and they will be executed in random order. This might lead to race conditions and potential bugs.
2025-11-07 14:44:30,314 : INFO : EventManager : Event: ======'stop_mode_attract'====== Args={'priority': 0}
2025-11-07 14:44:30,314 : INFO : EventManager : Event: ======'mode_attract_will_stop'====== Args={'priority': 0}
2025-11-07 14:44:30,314 : INFO : EventManager : Event: ======'godot_attract_off'====== Args={'priority': 0}
2025-11-07 14:44:30,314 : INFO : EventManager : Event: ======'godot_play_base'====== Args={'priority': 0}
2025-11-07 14:44:30,314 : INFO : EventManager : Event: ======'start_subsequent_loop'====== Args={'priority': 0}
2025-11-07 14:44:30,314 : INFO : Mode.music_ball_2plus : Started. Priority: 60
2025-11-07 14:44:30,314 : INFO : EventManager : Event: ======'modes_active_modes_changed'====== Args={}
2025-11-07 14:44:30,315 : INFO : EventManager : Event: ======'mode_music_ball_2plus_started'====== Args={'player': 1, 'ball': 2, 'balls_remaining': 1, 'is_extra_ball': False}
2025-11-07 14:44:30,316 : INFO : EventManager : Event: ======'single_player_ball_started'====== Args={}
2025-11-07 14:44:30,330 : INFO : EventManager : Event: ======'ball_start_target'====== Args={'target': 'playfield'}
2025-11-07 14:44:30,331 : INFO : ball_device.bd_trough : Setting up player-controlled eject. Balls: 1, Target: <playfield.playfield>, player_controlled_eject_event: None
2025-11-07 14:44:30,331 : INFO : ball_device.bd_trough : Adding 1 ball(s) to the eject_queue with target <playfield.playfield>.
2025-11-07 14:44:30,331 : INFO : EventManager : Event: ======'balldevice_balls_available'====== Args={}
2025-11-07 14:44:30,332 : INFO : ball_device.bd_trough : State: waiting_for_target_ready
2025-11-07 14:44:30,332 : INFO : EventManager : Event: ======'balldevice_bd_trough_ball_eject_attempt'====== Args={'balls': 1, 'target': <playfield.playfield>, 'source': <ball_device.bd_trough>, 'mechanical_eject': False, 'num_attempts': 0}
2025-11-07 14:44:30,332 : INFO : ball_device.bd_trough : State: ejecting
2025-11-07 14:44:30,332 : INFO : ball_device.bd_trough : Ejecting ball to <playfield.playfield>
2025-11-07 14:44:30,332 : INFO : EventManager : Event: ======'balldevice_bd_trough_ejecting_ball'====== Args={'balls': 1, 'target': <playfield.playfield>, 'source': <ball_device.bd_trough>, 'mechanical_eject': False, 'num_attempts': 0}
2025-11-07 14:44:30,334 : INFO : ball_device.bd_trough : Wait for ball to leave device
2025-11-07 14:44:30,334 : INFO : coil.c_trough_eject : Pulsing Driver for 40ms (1.0 pulse_power)
2025-11-07 14:44:30,344 : INFO : EventManager : Event: ======'slide_base_created'====== Args={'_from_bcp': True}
2025-11-07 14:44:30,345 : INFO : EventManager : Event: ======'slide_base_inactive'====== Args={'is_removing': True, '_from_bcp': True}
2025-11-07 14:44:30,345 : INFO : EventManager : Event: ======'slide_base_active'====== Args={'original_context': 'base', 'original_calling_context': 'mode_base_started', 'priority': 50.0, 'queue': '<QueuedEvent>', 'player': 1.0, 'ball': 2.0, 'balls_remaining': 1.0, 'is_extra_ball': False, 'cmd': 'slides_play', '_from_bcp': True}
2025-11-07 14:44:30,345 : INFO : EventManager : Event: ======'slide_base_removed'====== Args={'_from_bcp': True}
2025-11-07 14:44:30,380 : INFO : SwitchController : <<<<<<< 's_trough' inactive >>>>>>>
2025-11-07 14:44:30,388 : INFO : ball_device.bd_trough : State: ball_left
2025-11-07 14:44:30,388 : INFO : ball_device.bd_trough : Ball left
2025-11-07 14:44:30,388 : INFO : ball_device.bd_trough : Wait for confirm with timeout 10.0
2025-11-07 14:44:30,427 : INFO : EventManager : Event: ======'blink_off'====== Args={'priority': 0}
2025-11-07 14:44:31,019 : INFO : EventManager : Event: ======'blink_on'====== Args={'priority': 0}
2025-11-07 14:44:31,641 : INFO : EventManager : Event: ======'blink_off'====== Args={'priority': 0}
2025-11-07 14:44:31,641 : INFO : EventManager : Unordered handler for class <Auditor> on event game_ended with priority 1. Handlers: [RegisteredHandler(callback=<bound method Auditor.disable of <Auditor>>, priority=1, kwargs={}, key=UUID('28f72aa0-3eb3-4f7d-bc95-f97ab4d50d4d'), condition=None, blocking_facility=None), RegisteredHandler(callback=<bound method Auditor._save_audits of <Auditor>>, priority=1, kwargs={}, key=UUID('f092e6f8-7669-4e1e-bddf-f3b0bf00a529'), condition=None, blocking_facility=None)]. The order of those handlers is not defined and they will be executed in random order. This might lead to race conditions and potential bugs.
2025-11-07 14:44:32,224 : INFO : EventManager : Event: ======'blink_on'====== Args={'priority': 0}
2025-11-07 14:44:32,840 : INFO : EventManager : Event: ======'blink_off'====== Args={'priority': 0}
2025-11-07 14:44:32,840 : INFO : EventManager : Unordered handler for class <Auditor> on event game_ended with priority 1. Handlers: [RegisteredHandler(callback=<bound method Auditor.disable of <Auditor>>, priority=1, kwargs={}, key=UUID('28f72aa0-3eb3-4f7d-bc95-f97ab4d50d4d'), condition=None, blocking_facility=None), RegisteredHandler(callback=<bound method Auditor._save_audits of <Auditor>>, priority=1, kwargs={}, key=UUID('f092e6f8-7669-4e1e-bddf-f3b0bf00a529'), condition=None, blocking_facility=None)]. The order of those handlers is not defined and they will be executed in random order. This might lead to race conditions and potential bugs.
2025-11-07 14:44:33,431 : INFO : EventManager : Event: ======'blink_on'====== Args={'priority': 0}
2025-11-07 14:44:33,635 : INFO : Machine : Shutting down...
2025-11-07 14:44:33,635 : INFO : EventManager : Event: ======'shutdown'====== Args={}
2025-11-07 14:44:33,638 : INFO : EventManager : Event: ======'mode_game_will_stop'====== Args={}
2025-11-07 14:44:33,638 : INFO : EventManager : Event: ======'mode_game_stopping'====== Args={}
2025-11-07 14:44:33,640 : INFO : EventManager : Event: ======'mode_base_will_stop'====== Args={}
2025-11-07 14:44:33,640 : INFO : EventManager : Event: ======'mode_base_stopping'====== Args={}
2025-11-07 14:44:33,640 : INFO : EventManager : Event: ======'mode_music_ball_2plus_will_stop'====== Args={}
2025-11-07 14:44:33,640 : INFO : EventManager : Event: ======'mode_music_ball_2plus_stopping'====== Args={}
2025-11-07 14:44:33,640 : INFO : EventManager : Event: ======'godot_stop_base'====== Args={'priority': 0}
2025-11-07 14:44:33,640 : INFO : Mode.music_ball_2plus : Stopped.
2025-11-07 14:44:33,640 : INFO : EventManager : Event: ======'modes_active_modes_changed'====== Args={}
2025-11-07 14:44:33,640 : INFO : EventManager : Event: ======'mode_music_ball_2plus_stopped'====== Args={}
2025-11-07 14:44:33,640 : INFO : EventManager : Event: ======'clear'====== Args={'key': 'music_ball_2plus'}
2025-11-07 14:44:33,640 : INFO : Mode.base : Stopped.
2025-11-07 14:44:33,640 : INFO : EventManager : Event: ======'modes_active_modes_changed'====== Args={}
2025-11-07 14:44:33,641 : INFO : EventManager : Event: ======'mode_base_stopped'====== Args={}
2025-11-07 14:44:33,641 : INFO : EventManager : Event: ======'clear'====== Args={'key': 'base'}
2025-11-07 14:44:33,641 : INFO : Mode.game : Stopped.
2025-11-07 14:44:33,641 : INFO : EventManager : Event: ======'modes_active_modes_changed'====== Args={}
2025-11-07 14:44:33,641 : INFO : EventManager : Event: ======'mode_game_stopped'====== Args={}
2025-11-07 14:44:33,641 : INFO : EventManager : Event: ======'clear'====== Args={'key': 'game'}
2025-11-07 14:44:34,023 : INFO : EventManager : Event: ======'blink_off'====== Args={'priority': 0}
2025-11-07 14:44:34,631 : INFO : EventManager : Event: ======'blink_on'====== Args={'priority': 0}
2025-11-07 14:44:35,226 : INFO : EventManager : Event: ======'blink_off'====== Args={'priority': 0}
2025-11-07 14:44:35,844 : INFO : EventManager : Event: ======'blink_on'====== Args={'priority': 0}
2025-11-07 14:44:36,437 : INFO : EventManager : Event: ======'blink_off'====== Args={'priority': 0}
2025-11-07 14:44:37,026 : INFO : EventManager : Event: ======'blink_on'====== Args={'priority': 0}
2025-11-07 14:44:37,634 : INFO : EventManager : Event: ======'blink_off'====== Args={'priority': 0}
2025-11-07 14:44:38,224 : INFO : EventManager : Event: ======'blink_on'====== Args={'priority': 0}
2025-11-07 14:44:38,830 : INFO : EventManager : Event: ======'blink_off'====== Args={'priority': 0}
2025-11-07 14:44:39,437 : INFO : EventManager : Event: ======'blink_on'====== Args={'priority': 0}
2025-11-07 14:44:39,590 : ERROR : root : Received second SIGINT. Will exit ungracefully!
NoneType: None
