2025-11-07 14:25:10,888 : INFO : root : Loading config.
2025-11-07 14:25:10,893 : INFO : YamlMultifileConfigLoader : Machine config file #1: config.yaml
2025-11-07 14:25:10,894 : INFO : ConfigProcessor : Loading config from cache: C:\Users\antho\AppData\Local\Temp\fdca14d0c9d658ab8200d57120800af5.mpf_cache
2025-11-07 14:25:11,026 : INFO : ConfigProcessor : Loading config from cache: C:\Users\antho\AppData\Local\Temp\5dec96b1547c4adf5bdd3d1715e74bc0.mpf_cache
2025-11-07 14:25:11,027 : INFO : ConfigProcessor : Loading config from cache: C:\Users\antho\AppData\Local\Temp\202a5840610e95051f9f473dfa660cc0.mpf_cache
2025-11-07 14:25:11,028 : INFO : ConfigProcessor : Loading config from cache: C:\Users\antho\AppData\Local\Temp\5dec96b1547c4adf5bdd3d1715e74bc0.mpf_cache
2025-11-07 14:25:11,028 : WARNING : ConfigProcessor : Config file in cache changed: C:\Users\antho\nightpin\modes\base\config\base.yaml
2025-11-07 14:25:11,028 : INFO : ConfigProcessor : Loading config from file C:\Users\antho\nightpin\modes\base\config\base.yaml.
2025-11-07 14:25:11,052 : INFO : ConfigProcessor : Loading config: C:\Users\antho\nightpin\modes\base\config\base.yaml
2025-11-07 14:25:11,053 : ERROR : ConfigProcessor : Config section 'slides' is removed in MPF 0.80 and will be ignored.
2025-11-07 14:25:11,054 : INFO : ConfigProcessor : Config file cache created: C:\Users\antho\AppData\Local\Temp\2cd13a2d3f375e00ab01d6d09a85d8e7.mpf_cache
2025-11-07 14:25:11,054 : INFO : ConfigProcessor : Loading config from cache: C:\Users\antho\AppData\Local\Temp\9220b44b97b91972524500b81035d790.mpf_cache
2025-11-07 14:25:11,055 : INFO : ConfigProcessor : Loading config from cache: C:\Users\antho\AppData\Local\Temp\aa919e501ed8450b10d3bb8e37574ac5.mpf_cache
2025-11-07 14:25:11,056 : INFO : ConfigProcessor : Loading config from cache: C:\Users\antho\AppData\Local\Temp\31ee881584fa6fce665a672a4f3f633a.mpf_cache
2025-11-07 14:25:11,057 : INFO : ConfigProcessor : Loading config from cache: C:\Users\antho\AppData\Local\Temp\5e841763ec73085bbf92358fe6afda21.mpf_cache
2025-11-07 14:25:11,057 : INFO : ConfigProcessor : Loading config from cache: C:\Users\antho\AppData\Local\Temp\7f73d12aa9beccac1cbd8c265ccda72e.mpf_cache
2025-11-07 14:25:11,058 : INFO : ConfigProcessor : Loading config from cache: C:\Users\antho\AppData\Local\Temp\a03ebaa9d6d5676c418deb142cb34911.mpf_cache
2025-11-07 14:25:11,059 : INFO : ConfigProcessor : Loading config from cache: C:\Users\antho\AppData\Local\Temp\b17152efa55a24f0424602723f8d3921.mpf_cache
2025-11-07 14:25:11,059 : INFO : ConfigProcessor : Loading config from cache: C:\Users\antho\AppData\Local\Temp\e87fc0e7d2f8a851b5fa3f604e0d0c6e.mpf_cache
2025-11-07 14:25:11,060 : INFO : ConfigProcessor : Loading config from cache: C:\Users\antho\AppData\Local\Temp\196ac76b6cab3a9880804c826cfbcb5c.mpf_cache
2025-11-07 14:25:11,060 : INFO : ConfigProcessor : Loading config from cache: C:\Users\antho\AppData\Local\Temp\55437eb303afaa980597ff60f339a871.mpf_cache
2025-11-07 14:25:11,061 : INFO : ConfigProcessor : Loading config from cache: C:\Users\antho\AppData\Local\Temp\fddc1006228d3387e6d1e46051a3638d.mpf_cache
2025-11-07 14:25:11,061 : INFO : ConfigProcessor : Loading config from cache: C:\Users\antho\AppData\Local\Temp\834292dd7853e12a66732dc89828c828.mpf_cache
2025-11-07 14:25:11,061 : INFO : ConfigProcessor : Loading config from cache: C:\Users\antho\AppData\Local\Temp\46f8fa3e41dfeeb8232af2f03a13b6c4.mpf_cache
2025-11-07 14:25:11,063 : INFO : ConfigProcessor : Loading config from cache: C:\Users\antho\AppData\Local\Temp\c67e9c175da6c060302945929b27b878.mpf_cache
2025-11-07 14:25:11,064 : INFO : Machine : Mission Pinball Framework Core Engine v0.80.0.dev11
2025-11-07 14:25:11,064 : INFO : Machine : Command line arguments: {'no_load_cache': False, 'create_config_cache': True, 'bcp': True, 'configfile': ['config.yaml'], 'force_assets_load': False, 'platform_integration_test': False, 'jsonlogging': False, 'logfile': 'logs\\2025-11-07-14-25-10-mpf-LAPTOP-MPGP6R69.log', 'pause': False, 'production': False, 'text_ui': True, 'loglevel': 15, 'consoleloglevel': 20, 'force_platform': None, 'syslog_address': None, 'full_logfile_path': 'C:\\Users\\antho\\nightpin\\logs\\2025-11-07-14-25-10-mpf-LAPTOP-MPGP6R69.log'}
2025-11-07 14:25:11,064 : INFO : Machine : MPF path: C:\Users\antho\mpf\Lib\site-packages\mpf
2025-11-07 14:25:11,064 : INFO : Machine : Machine path: C:\Users\antho\nightpin
2025-11-07 14:25:11,064 : INFO : Machine : Platform: win32
2025-11-07 14:25:11,064 : INFO : Machine : Python executable location: C:\Users\antho\mpf\Scripts\python.exe
2025-11-07 14:25:11,064 : INFO : Machine : Python version: 3.12.7 (64-bit)
2025-11-07 14:25:11,066 : INFO : Machine : Initializing MPF...
2025-11-07 14:25:11,339 : INFO : lisy : Connecting to com3 at 115200bps
2025-11-07 14:25:11,340 : WARNING : lisy : Could not import terminos (this is ok on windows).
2025-11-07 14:25:11,501 : INFO : EventManager : Event: ======'machine_var_lisy_hardware'====== Args={'value': 'LISY35', 'prev_value': None, 'change': True}
2025-11-07 14:25:11,501 : INFO : EventManager : Event: ======'machine_var_lisy_version'====== Args={'value': '5.26 ', 'prev_value': None, 'change': True}
2025-11-07 14:25:11,502 : INFO : EventManager : Event: ======'machine_var_lisy_api_version'====== Args={'value': b'0.09', 'prev_value': None, 'change': True}
2025-11-07 14:25:12,823 : INFO : EventManager : Event: ======'machine_var_credits_string'====== Args={'value': 'FREE PLAY', 'prev_value': None, 'change': True}
2025-11-07 14:25:12,856 : INFO : EventManager : Event: ======'machine_var_master_volume'====== Args={'value': 0.5, 'prev_value': None, 'change': True}
2025-11-07 14:25:12,856 : INFO : EventManager : Event: ======'machine_var_player1_score'====== Args={'value': 2100, 'prev_value': None, 'change': True}
2025-11-07 14:25:12,856 : INFO : EventManager : Event: ======'machine_var_mpf_version'====== Args={'value': 'Mission Pinball Framework v0.80.0.dev11', 'prev_value': None, 'change': True}
2025-11-07 14:25:12,856 : INFO : EventManager : Event: ======'machine_var_mpf_extended_version'====== Args={'value': 'Mission Pinball Framework v0.80.0.dev11, Config version:6, Show version: 6, BCP version:1.1', 'prev_value': None, 'change': True}
2025-11-07 14:25:12,856 : INFO : EventManager : Event: ======'machine_var_python_version'====== Args={'value': '3.12.7', 'prev_value': None, 'change': True}
2025-11-07 14:25:13,028 : INFO : EventManager : Event: ======'machine_var_platform'====== Args={'value': 'Windows-11-10.0.26100-SP0', 'prev_value': None, 'change': True}
2025-11-07 14:25:13,028 : INFO : EventManager : Event: ======'machine_var_platform_system'====== Args={'value': 'Windows', 'prev_value': None, 'change': True}
2025-11-07 14:25:13,028 : INFO : EventManager : Event: ======'machine_var_platform_release'====== Args={'value': '11', 'prev_value': None, 'change': True}
2025-11-07 14:25:13,028 : INFO : EventManager : Event: ======'machine_var_platform_version'====== Args={'value': '10.0.26100', 'prev_value': None, 'change': True}
2025-11-07 14:25:13,028 : INFO : EventManager : Event: ======'machine_var_platform_machine'====== Args={'value': 'AMD64', 'prev_value': None, 'change': True}
2025-11-07 14:25:13,028 : INFO : EventManager : Event: ======'machine_var_log_file_path'====== Args={'value': 'C:\\Users\\antho\\nightpin\\logs\\2025-11-07-14-25-10-mpf-LAPTOP-MPGP6R69.log', 'prev_value': None, 'change': True}
2025-11-07 14:25:13,028 : INFO : EventManager : Event: ======'init_phase_1'====== Args={}
2025-11-07 14:25:13,070 : INFO : EventManager : Event: ======'drop_target_bank_right_bank_up'====== Args={}
2025-11-07 14:25:13,070 : INFO : EventManager : Event: ======'drop_target_bank_left_bank_up'====== Args={}
2025-11-07 14:25:13,160 : INFO : EventManager : Event: ======'init_phase_2'====== Args={}
2025-11-07 14:25:13,169 : INFO : EventManager : Event: ======'bcp_connection_attempt'====== Args={'name': 'local_display', 'host': 'localhost', 'port': 5050}
2025-11-07 14:25:13,171 : INFO : BCPClientSocket : Connecting BCP to 'local_display' at localhost:5050...
2025-11-07 14:25:13,189 : INFO : BCPClientSocket : Connected BCP to 'local_display' localhost:5050
2025-11-07 14:25:13,189 : INFO : EventManager : Event: ======'bcp_clients_connected'====== Args={}
2025-11-07 14:25:13,302 : INFO : ball_device.bd_trough : BCH: Initial count: 0
2025-11-07 14:25:13,303 : INFO : ball_device.bd_trough : State: idle
2025-11-07 14:25:13,303 : INFO : ball_device.bd_saucer : BCH: Initial count: 0
2025-11-07 14:25:13,303 : INFO : ball_device.bd_saucer : State: idle
2025-11-07 14:25:13,330 : INFO : EventManager : Event: ======'init_phase_3'====== Args={}
2025-11-07 14:25:13,337 : INFO : EventManager : Event: ======'init_phase_4'====== Args={}
2025-11-07 14:25:13,337 : INFO : BallController : Initial balls found: 0
2025-11-07 14:25:13,338 : INFO : EventManager : Event: ======'machine_var_audits_events_game_ended'====== Args={'value': 18, 'prev_value': None, 'change': True}
2025-11-07 14:25:13,340 : INFO : EventManager : Event: ======'machine_var_audits_events_game_started'====== Args={'value': 108, 'prev_value': None, 'change': True}
2025-11-07 14:25:13,340 : INFO : EventManager : Event: ======'machine_var_audits_missing_switches_s_coin_right'====== Args={'value': 107, 'prev_value': None, 'change': True}
2025-11-07 14:25:13,340 : INFO : EventManager : Event: ======'machine_var_audits_missing_switches_s_credit_button'====== Args={'value': 80, 'prev_value': None, 'change': True}
2025-11-07 14:25:13,340 : INFO : EventManager : Event: ======'machine_var_audits_missing_switches_s_inlanes'====== Args={'value': 12, 'prev_value': None, 'change': True}
2025-11-07 14:25:13,340 : INFO : EventManager : Event: ======'machine_var_audits_missing_switches_s_left_bank_target_left'====== Args={'value': 28, 'prev_value': None, 'change': True}
2025-11-07 14:25:13,340 : INFO : EventManager : Event: ======'machine_var_audits_missing_switches_s_left_bank_target_middle'====== Args={'value': 31, 'prev_value': None, 'change': True}
2025-11-07 14:25:13,340 : INFO : EventManager : Event: ======'machine_var_audits_missing_switches_s_left_bank_target_right'====== Args={'value': 28, 'prev_value': None, 'change': True}
2025-11-07 14:25:13,340 : INFO : EventManager : Event: ======'machine_var_audits_missing_switches_s_left_inlane'====== Args={'value': 11, 'prev_value': None, 'change': True}
2025-11-07 14:25:13,340 : INFO : EventManager : Event: ======'machine_var_audits_missing_switches_s_left_lower_bumper'====== Args={'value': 16, 'prev_value': None, 'change': True}
2025-11-07 14:25:13,340 : INFO : EventManager : Event: ======'machine_var_audits_missing_switches_s_left_outlane'====== Args={'value': 11, 'prev_value': None, 'change': True}
2025-11-07 14:25:13,340 : INFO : EventManager : Event: ======'machine_var_audits_missing_switches_s_left_outlane_rollover'====== Args={'value': 23, 'prev_value': None, 'change': True}
2025-11-07 14:25:13,340 : INFO : EventManager : Event: ======'machine_var_audits_missing_switches_s_left_pop_bumper'====== Args={'value': 14, 'prev_value': None, 'change': True}
2025-11-07 14:25:13,341 : INFO : EventManager : Event: ======'machine_var_audits_missing_switches_s_left_rollover'====== Args={'value': 14, 'prev_value': None, 'change': True}
2025-11-07 14:25:13,341 : INFO : EventManager : Event: ======'machine_var_audits_missing_switches_s_left_skill_lane'====== Args={'value': 2, 'prev_value': None, 'change': True}
2025-11-07 14:25:13,341 : INFO : EventManager : Event: ======'machine_var_audits_missing_switches_s_left_sling'====== Args={'value': 14, 'prev_value': None, 'change': True}
2025-11-07 14:25:13,341 : INFO : EventManager : Event: ======'machine_var_audits_missing_switches_s_left_upper_bumper'====== Args={'value': 21, 'prev_value': None, 'change': True}
2025-11-07 14:25:13,341 : INFO : EventManager : Event: ======'machine_var_audits_missing_switches_s_middle_pop_bumper'====== Args={'value': 12, 'prev_value': None, 'change': True}
2025-11-07 14:25:13,341 : INFO : EventManager : Event: ======'machine_var_audits_missing_switches_s_middle_rollover'====== Args={'value': 12, 'prev_value': None, 'change': True}
2025-11-07 14:25:13,341 : INFO : EventManager : Event: ======'machine_var_audits_missing_switches_s_middle_skill_lane'====== Args={'value': 3, 'prev_value': None, 'change': True}
2025-11-07 14:25:13,341 : INFO : EventManager : Event: ======'machine_var_audits_missing_switches_s_middle_upper_rollovers'====== Args={'value': 5, 'prev_value': None, 'change': True}
2025-11-07 14:25:13,341 : INFO : EventManager : Event: ======'machine_var_audits_missing_switches_s_outer_skill_lanes'====== Args={'value': 1, 'prev_value': None, 'change': True}
2025-11-07 14:25:13,341 : INFO : EventManager : Event: ======'machine_var_audits_missing_switches_s_right_bank_target_left'====== Args={'value': 11, 'prev_value': None, 'change': True}
2025-11-07 14:25:13,341 : INFO : EventManager : Event: ======'machine_var_audits_missing_switches_s_right_bank_target_middle'====== Args={'value': 21, 'prev_value': None, 'change': True}
2025-11-07 14:25:13,341 : INFO : EventManager : Event: ======'machine_var_audits_missing_switches_s_right_bank_target_right'====== Args={'value': 21, 'prev_value': None, 'change': True}
2025-11-07 14:25:13,342 : INFO : EventManager : Event: ======'machine_var_audits_missing_switches_s_right_outlane'====== Args={'value': 11, 'prev_value': None, 'change': True}
2025-11-07 14:25:13,342 : INFO : EventManager : Event: ======'machine_var_audits_missing_switches_s_right_outlane_rollover'====== Args={'value': 40, 'prev_value': None, 'change': True}
2025-11-07 14:25:13,342 : INFO : EventManager : Event: ======'machine_var_audits_missing_switches_s_right_pop_bumper'====== Args={'value': 14, 'prev_value': None, 'change': True}
2025-11-07 14:25:13,342 : INFO : EventManager : Event: ======'machine_var_audits_missing_switches_s_right_rollover'====== Args={'value': 23, 'prev_value': None, 'change': True}
2025-11-07 14:25:13,342 : INFO : EventManager : Event: ======'machine_var_audits_missing_switches_s_right_skill_lane'====== Args={'value': 2, 'prev_value': None, 'change': True}
2025-11-07 14:25:13,342 : INFO : EventManager : Event: ======'machine_var_audits_missing_switches_s_right_sling'====== Args={'value': 29, 'prev_value': None, 'change': True}
2025-11-07 14:25:13,342 : INFO : EventManager : Event: ======'machine_var_audits_missing_switches_s_rollover_upper'====== Args={'value': 14, 'prev_value': None, 'change': True}
2025-11-07 14:25:13,342 : INFO : EventManager : Event: ======'machine_var_audits_missing_switches_s_saucer'====== Args={'value': 12, 'prev_value': None, 'change': True}
2025-11-07 14:25:13,342 : INFO : EventManager : Event: ======'machine_var_audits_missing_switches_s_slam_tilt'====== Args={'value': 46, 'prev_value': None, 'change': True}
2025-11-07 14:25:13,342 : INFO : EventManager : Event: ======'machine_var_audits_missing_switches_s_spinner'====== Args={'value': 21, 'prev_value': None, 'change': True}
2025-11-07 14:25:13,342 : INFO : EventManager : Event: ======'machine_var_audits_missing_switches_s_stand_up'====== Args={'value': 80, 'prev_value': None, 'change': True}
2025-11-07 14:25:13,342 : INFO : EventManager : Event: ======'machine_var_audits_missing_switches_s_start_button'====== Args={'value': 13, 'prev_value': None, 'change': True}
2025-11-07 14:25:13,343 : INFO : EventManager : Event: ======'machine_var_audits_missing_switches_s_tilt'====== Args={'value': 14, 'prev_value': None, 'change': True}
2025-11-07 14:25:13,343 : INFO : EventManager : Event: ======'machine_var_audits_player_score'====== Args={'value': {'average': 1460, 'top': [5110, 5070, 4300, 4230, 3980, 3410, 2200, 2100, 1300, 1200], 'total': 26}, 'prev_value': None, 'change': True}
2025-11-07 14:25:13,343 : INFO : EventManager : Event: ======'machine_var_audits_shots_my_first_shot'====== Args={'value': 3, 'prev_value': None, 'change': True}
2025-11-07 14:25:13,343 : INFO : EventManager : Event: ======'machine_var_audits_shots_sh_eg_pop_left'====== Args={'value': 8, 'prev_value': None, 'change': True}
2025-11-07 14:25:13,343 : INFO : EventManager : Event: ======'machine_var_audits_shots_sh_eg_pop_middle'====== Args={'value': 8, 'prev_value': None, 'change': True}
2025-11-07 14:25:13,343 : INFO : EventManager : Event: ======'machine_var_audits_shots_sh_eg_pop_right'====== Args={'value': 13, 'prev_value': None, 'change': True}
2025-11-07 14:25:13,343 : INFO : EventManager : Event: ======'machine_var_audits_shots_sh_eg_right_drop_left'====== Args={'value': 4, 'prev_value': None, 'change': True}
2025-11-07 14:25:13,343 : INFO : EventManager : Event: ======'machine_var_audits_shots_sh_eg_right_drop_middle'====== Args={'value': 3, 'prev_value': None, 'change': True}
2025-11-07 14:25:13,343 : INFO : EventManager : Event: ======'machine_var_audits_shots_sh_eg_right_drop_right'====== Args={'value': 3, 'prev_value': None, 'change': True}
2025-11-07 14:25:13,343 : INFO : EventManager : Event: ======'machine_var_audits_shots_sh_eg_spinner'====== Args={'value': 2, 'prev_value': None, 'change': True}
2025-11-07 14:25:13,343 : INFO : EventManager : Event: ======'machine_var_audits_shots_sh_escape_graveyard_start'====== Args={'value': 8, 'prev_value': None, 'change': True}
2025-11-07 14:25:13,344 : INFO : EventManager : Event: ======'machine_var_audits_switches_s_coin_right'====== Args={'value': 1, 'prev_value': None, 'change': True}
2025-11-07 14:25:13,344 : INFO : EventManager : Event: ======'machine_var_audits_switches_s_credit_button'====== Args={'value': 5, 'prev_value': None, 'change': True}
2025-11-07 14:25:13,344 : INFO : EventManager : Event: ======'machine_var_audits_switches_s_inlanes'====== Args={'value': 159, 'prev_value': None, 'change': True}
2025-11-07 14:25:13,344 : INFO : EventManager : Event: ======'machine_var_audits_switches_s_left_bank_target_left'====== Args={'value': 36, 'prev_value': None, 'change': True}
2025-11-07 14:25:13,344 : INFO : EventManager : Event: ======'machine_var_audits_switches_s_left_bank_target_middle'====== Args={'value': 27, 'prev_value': None, 'change': True}
2025-11-07 14:25:13,344 : INFO : EventManager : Event: ======'machine_var_audits_switches_s_left_bank_target_right'====== Args={'value': 27, 'prev_value': None, 'change': True}
2025-11-07 14:25:13,344 : INFO : EventManager : Event: ======'machine_var_audits_switches_s_left_inlane'====== Args={'value': 1, 'prev_value': None, 'change': True}
2025-11-07 14:25:13,344 : INFO : EventManager : Event: ======'machine_var_audits_switches_s_left_lower_bumper'====== Args={'value': 34, 'prev_value': None, 'change': True}
2025-11-07 14:25:13,344 : INFO : EventManager : Event: ======'machine_var_audits_switches_s_left_outlane'====== Args={'value': 1, 'prev_value': None, 'change': True}
2025-11-07 14:25:13,344 : INFO : EventManager : Event: ======'machine_var_audits_switches_s_left_outlane_rollover'====== Args={'value': 23, 'prev_value': None, 'change': True}
2025-11-07 14:25:13,344 : INFO : EventManager : Event: ======'machine_var_audits_switches_s_left_pop_bumper'====== Args={'value': 128, 'prev_value': None, 'change': True}
2025-11-07 14:25:13,345 : INFO : EventManager : Event: ======'machine_var_audits_switches_s_left_rollover'====== Args={'value': 2, 'prev_value': None, 'change': True}
2025-11-07 14:25:13,345 : INFO : EventManager : Event: ======'machine_var_audits_switches_s_left_skill_lane'====== Args={'value': 6, 'prev_value': None, 'change': True}
2025-11-07 14:25:13,345 : INFO : EventManager : Event: ======'machine_var_audits_switches_s_left_sling'====== Args={'value': 95, 'prev_value': None, 'change': True}
2025-11-07 14:25:13,345 : INFO : EventManager : Event: ======'machine_var_audits_switches_s_left_upper_bumper'====== Args={'value': 44, 'prev_value': None, 'change': True}
2025-11-07 14:25:13,345 : INFO : EventManager : Event: ======'machine_var_audits_switches_s_middle_pop_bumper'====== Args={'value': 131, 'prev_value': None, 'change': True}
2025-11-07 14:25:13,345 : INFO : EventManager : Event: ======'machine_var_audits_switches_s_middle_rollover'====== Args={'value': 9, 'prev_value': None, 'change': True}
2025-11-07 14:25:13,345 : INFO : EventManager : Event: ======'machine_var_audits_switches_s_middle_skill_lane'====== Args={'value': 88, 'prev_value': None, 'change': True}
2025-11-07 14:25:13,345 : INFO : EventManager : Event: ======'machine_var_audits_switches_s_middle_upper_rollovers'====== Args={'value': 97, 'prev_value': None, 'change': True}
2025-11-07 14:25:13,345 : INFO : EventManager : Event: ======'machine_var_audits_switches_s_outer_skill_lanes'====== Args={'value': 133, 'prev_value': None, 'change': True}
2025-11-07 14:25:13,345 : INFO : EventManager : Event: ======'machine_var_audits_switches_s_pop_bumper_bottom'====== Args={'value': 6, 'prev_value': None, 'change': True}
2025-11-07 14:25:13,345 : INFO : EventManager : Event: ======'machine_var_audits_switches_s_pop_bumper_left'====== Args={'value': 2, 'prev_value': None, 'change': True}
2025-11-07 14:25:13,346 : INFO : EventManager : Event: ======'machine_var_audits_switches_s_pop_bumper_right'====== Args={'value': 1, 'prev_value': None, 'change': True}
2025-11-07 14:25:13,346 : INFO : EventManager : Event: ======'machine_var_audits_switches_s_right_bank_target_left'====== Args={'value': 56, 'prev_value': None, 'change': True}
2025-11-07 14:25:13,346 : INFO : EventManager : Event: ======'machine_var_audits_switches_s_right_bank_target_middle'====== Args={'value': 43, 'prev_value': None, 'change': True}
2025-11-07 14:25:13,346 : INFO : EventManager : Event: ======'machine_var_audits_switches_s_right_bank_target_right'====== Args={'value': 40, 'prev_value': None, 'change': True}
2025-11-07 14:25:13,346 : INFO : EventManager : Event: ======'machine_var_audits_switches_s_right_inlane'====== Args={'value': 16, 'prev_value': None, 'change': True}
2025-11-07 14:25:13,346 : INFO : EventManager : Event: ======'machine_var_audits_switches_s_right_outlane'====== Args={'value': 1, 'prev_value': None, 'change': True}
2025-11-07 14:25:13,346 : INFO : EventManager : Event: ======'machine_var_audits_switches_s_right_outlane_rollover'====== Args={'value': 6, 'prev_value': None, 'change': True}
2025-11-07 14:25:13,346 : INFO : EventManager : Event: ======'machine_var_audits_switches_s_right_pop_bumper'====== Args={'value': 183, 'prev_value': None, 'change': True}
2025-11-07 14:25:13,346 : INFO : EventManager : Event: ======'machine_var_audits_switches_s_right_rollover'====== Args={'value': 0, 'prev_value': None, 'change': True}
2025-11-07 14:25:13,346 : INFO : EventManager : Event: ======'machine_var_audits_switches_s_right_skill_lane'====== Args={'value': 4, 'prev_value': None, 'change': True}
2025-11-07 14:25:13,346 : INFO : EventManager : Event: ======'machine_var_audits_switches_s_right_sling'====== Args={'value': 72, 'prev_value': None, 'change': True}
2025-11-07 14:25:13,346 : INFO : EventManager : Event: ======'machine_var_audits_switches_s_rollover_upper'====== Args={'value': 3, 'prev_value': None, 'change': True}
2025-11-07 14:25:13,347 : INFO : EventManager : Event: ======'machine_var_audits_switches_s_saucer'====== Args={'value': 103, 'prev_value': None, 'change': True}
2025-11-07 14:25:13,347 : INFO : EventManager : Event: ======'machine_var_audits_switches_s_slam_tilt'====== Args={'value': 6, 'prev_value': None, 'change': True}
2025-11-07 14:25:13,347 : INFO : EventManager : Event: ======'machine_var_audits_switches_s_spinner'====== Args={'value': 430, 'prev_value': None, 'change': True}
2025-11-07 14:25:13,347 : INFO : EventManager : Event: ======'machine_var_audits_switches_s_stand_up'====== Args={'value': 8, 'prev_value': None, 'change': True}
2025-11-07 14:25:13,347 : INFO : EventManager : Event: ======'machine_var_audits_switches_s_start_button'====== Args={'value': 39, 'prev_value': None, 'change': True}
2025-11-07 14:25:13,347 : INFO : EventManager : Event: ======'machine_var_audits_switches_s_tilt'====== Args={'value': 2, 'prev_value': None, 'change': True}
2025-11-07 14:25:13,347 : INFO : EventManager : Event: ======'machine_var_audits_switches_s_trough'====== Args={'value': 505, 'prev_value': None, 'change': True}
2025-11-07 14:25:13,348 : INFO : EventManager : Event: ======'init_phase_5'====== Args={}
2025-11-07 14:25:13,386 : INFO : EventManager : Event: ======'init_done'====== Args={}
2025-11-07 14:25:13,386 : INFO : EventManager : Event: ======'machine_reset_phase_1'====== Args={}
2025-11-07 14:25:13,387 : INFO : SwitchController : <<<<<<< 's_trough' active >>>>>>>
2025-11-07 14:25:13,394 : INFO : SwitchController : <<<<<<< 's_trough' inactive >>>>>>>
2025-11-07 14:25:13,400 : INFO : EventManager : Event: ======'machine_reset_phase_2'====== Args={}
2025-11-07 14:25:13,400 : INFO : SwitchController : <<<<<<< 's_trough' active >>>>>>>
2025-11-07 14:25:13,401 : INFO : EventManager : Event: ======'machine_reset_phase_3'====== Args={}
2025-11-07 14:25:13,406 : INFO : EventManager : Event: ======'mode_attract_will_start'====== Args={'queue': <QueuedEvent>}
2025-11-07 14:25:13,407 : INFO : EventManager : Event: ======'mode_attract_starting'====== Args={'queue': <QueuedEvent>}
2025-11-07 14:25:13,407 : INFO : Mode.attract : Started. Priority: 10
2025-11-07 14:25:13,407 : INFO : EventManager : Event: ======'modes_active_modes_changed'====== Args={}
2025-11-07 14:25:13,407 : INFO : EventManager : Event: ======'mode_attract_started'====== Args={'queue': <QueuedEvent>}
2025-11-07 14:25:13,408 : INFO : EventManager : Event: ======'godot_attract_on'====== Args={'priority': 0}
2025-11-07 14:25:13,408 : INFO : EventManager : Event: ======'collecting_balls_complete'====== Args={}
2025-11-07 14:25:13,408 : INFO : EventManager : Event: ======'reset_complete'====== Args={}
2025-11-07 14:25:13,421 : INFO : Machine : Starting the main run loop with active modes: [<Mode.attract>]
2025-11-07 14:25:13,448 : INFO : EventManager : Event: ======'slide_attract_created'====== Args={'_from_bcp': True}
2025-11-07 14:25:13,448 : INFO : EventManager : Event: ======'slide__removed'====== Args={'_from_bcp': True}
2025-11-07 14:25:13,448 : INFO : EventManager : Event: ======'slide_attract_active'====== Args={'original_context': 'attract', 'original_calling_context': 'mode_attract_started', 'priority': 10.0, 'queue': '<QueuedEvent>', 'cmd': 'slides_play', '_from_bcp': True}
2025-11-07 14:25:13,897 : INFO : EventManager : Event: ======'balldevice_bd_trough_ball_count_changed'====== Args={'balls': 1}
2025-11-07 14:25:13,897 : INFO : ball_device.bd_trough : Received unexpected ball
2025-11-07 14:25:13,897 : INFO : EventManager : Event: ======'balldevice_captured_from_playfield'====== Args={'balls': 1}
2025-11-07 14:25:13,898 : INFO : EventManager : Event: ======'sw_playfield_active'====== Args={'balls': 1}
2025-11-07 14:25:13,898 : INFO : EventManager : Event: ======'playfield_active'====== Args={'source': None}
2025-11-07 14:25:13,898 : INFO : EventManager : Event: ======'unexpected_ball_on_playfield'====== Args={}
2025-11-07 14:25:13,898 : INFO : EventManager : Event: ======'playfield_ball_count_change'====== Args={'balls': -1, 'change': -1}
2025-11-07 14:25:13,898 : INFO : EventManager : Event: ======'balldevice_playfield_ball_enter'====== Args={'new_balls': 1, 'unclaimed_balls': 1, 'device': <playfield.playfield>}
2025-11-07 14:25:13,899 : INFO : EventManager : Event: ======'playfield_ball_count_change'====== Args={'balls': 0, 'change': 1}
2025-11-07 14:25:13,899 : INFO : BallController : Found a new ball which was captured from playfield. Known balls: 1
2025-11-07 14:25:13,899 : INFO : EventManager : Event: ======'found_new_ball'====== Args={}
2025-11-07 14:25:13,899 : INFO : EventManager : Event: ======'balldevice_bd_trough_ball_enter'====== Args={'new_balls': 1, 'unclaimed_balls': 1, 'new_available_balls': 1, 'device': <ball_device.bd_trough>}
2025-11-07 14:25:13,899 : INFO : EventManager : Event: ======'ball_drain'====== Args={'device': <ball_device.bd_trough>, 'balls': 1}
2025-11-07 14:25:13,899 : INFO : EventManager : Event: ======'balldevice_balls_available'====== Args={}
2025-11-07 14:25:13,899 : INFO : EventManager : Event: ======'balldevice_bd_trough_ball_entered'====== Args={'new_balls': 1, 'device': <ball_device.bd_trough>}
2025-11-07 14:25:15,406 : INFO : EventManager : Event: ======'attract_wave_complete'====== Args={'priority': 0}
2025-11-07 14:25:15,795 : INFO : EventManager : Event: ======'attract_pulse_complete'====== Args={'priority': 0}
2025-11-07 14:25:16,199 : INFO : EventManager : Event: ======'attract_pulse_complete'====== Args={'priority': 0}
2025-11-07 14:25:18,184 : INFO : EventManager : Event: ======'attract_wave_complete'====== Args={'priority': 0}
2025-11-07 14:25:18,573 : INFO : EventManager : Event: ======'attract_pulse_complete'====== Args={'priority': 0}
2025-11-07 14:25:18,978 : INFO : EventManager : Event: ======'attract_pulse_complete'====== Args={'priority': 0}
2025-11-07 14:25:20,985 : INFO : EventManager : Event: ======'attract_wave_complete'====== Args={'priority': 0}
2025-11-07 14:25:21,374 : INFO : EventManager : Event: ======'attract_pulse_complete'====== Args={'priority': 0}
2025-11-07 14:25:21,779 : INFO : EventManager : Event: ======'attract_pulse_complete'====== Args={'priority': 0}
2025-11-07 14:25:23,776 : INFO : EventManager : Event: ======'attract_wave_complete'====== Args={'priority': 0}
2025-11-07 14:25:24,166 : INFO : EventManager : Event: ======'attract_pulse_complete'====== Args={'priority': 0}
2025-11-07 14:25:24,571 : INFO : EventManager : Event: ======'attract_pulse_complete'====== Args={'priority': 0}
2025-11-07 14:25:26,558 : INFO : EventManager : Event: ======'attract_wave_complete'====== Args={'priority': 0}
2025-11-07 14:25:26,947 : INFO : EventManager : Event: ======'attract_pulse_complete'====== Args={'priority': 0}
2025-11-07 14:25:27,351 : INFO : EventManager : Event: ======'attract_pulse_complete'====== Args={'priority': 0}
2025-11-07 14:25:29,352 : INFO : EventManager : Event: ======'attract_wave_complete'====== Args={'priority': 0}
2025-11-07 14:25:29,742 : INFO : EventManager : Event: ======'attract_pulse_complete'====== Args={'priority': 0}
2025-11-07 14:25:30,149 : INFO : EventManager : Event: ======'attract_pulse_complete'====== Args={'priority': 0}
2025-11-07 14:25:32,147 : INFO : EventManager : Event: ======'attract_wave_complete'====== Args={'priority': 0}
2025-11-07 14:25:32,535 : INFO : EventManager : Event: ======'attract_pulse_complete'====== Args={'priority': 0}
2025-11-07 14:25:32,941 : INFO : EventManager : Event: ======'attract_pulse_complete'====== Args={'priority': 0}
2025-11-07 14:25:34,929 : INFO : EventManager : Event: ======'attract_wave_complete'====== Args={'priority': 0}
2025-11-07 14:25:35,319 : INFO : EventManager : Event: ======'attract_pulse_complete'====== Args={'priority': 0}
2025-11-07 14:25:35,725 : INFO : EventManager : Event: ======'attract_pulse_complete'====== Args={'priority': 0}
2025-11-07 14:25:37,724 : INFO : EventManager : Event: ======'attract_wave_complete'====== Args={'priority': 0}
2025-11-07 14:25:38,116 : INFO : EventManager : Event: ======'attract_pulse_complete'====== Args={'priority': 0}
2025-11-07 14:25:38,522 : INFO : EventManager : Event: ======'attract_pulse_complete'====== Args={'priority': 0}
2025-11-07 14:25:40,531 : INFO : EventManager : Event: ======'attract_wave_complete'====== Args={'priority': 0}
2025-11-07 14:25:40,921 : INFO : EventManager : Event: ======'attract_pulse_complete'====== Args={'priority': 0}
2025-11-07 14:25:41,325 : INFO : EventManager : Event: ======'attract_pulse_complete'====== Args={'priority': 0}
2025-11-07 14:25:43,300 : INFO : EventManager : Event: ======'attract_wave_complete'====== Args={'priority': 0}
2025-11-07 14:25:43,703 : INFO : EventManager : Event: ======'attract_pulse_complete'====== Args={'priority': 0}
2025-11-07 14:25:44,106 : INFO : EventManager : Event: ======'attract_pulse_complete'====== Args={'priority': 0}
2025-11-07 14:25:46,098 : INFO : EventManager : Event: ======'attract_wave_complete'====== Args={'priority': 0}
2025-11-07 14:25:46,487 : INFO : EventManager : Event: ======'attract_pulse_complete'====== Args={'priority': 0}
2025-11-07 14:25:46,895 : INFO : EventManager : Event: ======'attract_pulse_complete'====== Args={'priority': 0}
2025-11-07 14:25:48,903 : INFO : EventManager : Event: ======'attract_wave_complete'====== Args={'priority': 0}
2025-11-07 14:25:49,292 : INFO : EventManager : Event: ======'attract_pulse_complete'====== Args={'priority': 0}
2025-11-07 14:25:49,698 : INFO : EventManager : Event: ======'attract_pulse_complete'====== Args={'priority': 0}
2025-11-07 14:25:51,680 : INFO : EventManager : Event: ======'attract_wave_complete'====== Args={'priority': 0}
2025-11-07 14:25:52,068 : INFO : EventManager : Event: ======'attract_pulse_complete'====== Args={'priority': 0}
2025-11-07 14:25:52,472 : INFO : EventManager : Event: ======'attract_pulse_complete'====== Args={'priority': 0}
2025-11-07 14:25:54,474 : INFO : EventManager : Event: ======'attract_wave_complete'====== Args={'priority': 0}
2025-11-07 14:25:54,861 : INFO : EventManager : Event: ======'attract_pulse_complete'====== Args={'priority': 0}
2025-11-07 14:25:55,281 : INFO : EventManager : Event: ======'attract_pulse_complete'====== Args={'priority': 0}
2025-11-07 14:25:57,282 : INFO : EventManager : Event: ======'attract_wave_complete'====== Args={'priority': 0}
2025-11-07 14:25:57,673 : INFO : EventManager : Event: ======'attract_pulse_complete'====== Args={'priority': 0}
2025-11-07 14:25:58,075 : INFO : EventManager : Event: ======'attract_pulse_complete'====== Args={'priority': 0}
2025-11-07 14:26:00,065 : INFO : EventManager : Event: ======'attract_wave_complete'====== Args={'priority': 0}
2025-11-07 14:26:00,467 : INFO : EventManager : Event: ======'attract_pulse_complete'====== Args={'priority': 0}
2025-11-07 14:26:00,875 : INFO : EventManager : Event: ======'attract_pulse_complete'====== Args={'priority': 0}
2025-11-07 14:26:02,860 : INFO : EventManager : Event: ======'attract_wave_complete'====== Args={'priority': 0}
2025-11-07 14:26:03,250 : INFO : EventManager : Event: ======'attract_pulse_complete'====== Args={'priority': 0}
2025-11-07 14:26:03,650 : INFO : EventManager : Event: ======'attract_pulse_complete'====== Args={'priority': 0}
2025-11-07 14:26:05,652 : INFO : EventManager : Event: ======'attract_wave_complete'====== Args={'priority': 0}
2025-11-07 14:26:06,046 : INFO : EventManager : Event: ======'attract_pulse_complete'====== Args={'priority': 0}
2025-11-07 14:26:06,447 : INFO : EventManager : Event: ======'attract_pulse_complete'====== Args={'priority': 0}
2025-11-07 14:26:08,438 : INFO : EventManager : Event: ======'attract_wave_complete'====== Args={'priority': 0}
2025-11-07 14:26:08,827 : INFO : EventManager : Event: ======'attract_pulse_complete'====== Args={'priority': 0}
2025-11-07 14:26:09,221 : INFO : EventManager : Event: ======'attract_pulse_complete'====== Args={'priority': 0}
2025-11-07 14:26:11,225 : INFO : EventManager : Event: ======'attract_wave_complete'====== Args={'priority': 0}
2025-11-07 14:26:11,613 : INFO : EventManager : Event: ======'attract_pulse_complete'====== Args={'priority': 0}
2025-11-07 14:26:12,031 : INFO : EventManager : Event: ======'attract_pulse_complete'====== Args={'priority': 0}
2025-11-07 14:26:14,020 : INFO : EventManager : Event: ======'attract_wave_complete'====== Args={'priority': 0}
2025-11-07 14:26:14,423 : INFO : EventManager : Event: ======'attract_pulse_complete'====== Args={'priority': 0}
2025-11-07 14:26:14,829 : INFO : EventManager : Event: ======'attract_pulse_complete'====== Args={'priority': 0}
2025-11-07 14:26:16,806 : INFO : EventManager : Event: ======'attract_wave_complete'====== Args={'priority': 0}
2025-11-07 14:26:17,196 : INFO : EventManager : Event: ======'attract_pulse_complete'====== Args={'priority': 0}
2025-11-07 14:26:17,597 : INFO : EventManager : Event: ======'attract_pulse_complete'====== Args={'priority': 0}
2025-11-07 14:26:19,608 : INFO : EventManager : Event: ======'attract_wave_complete'====== Args={'priority': 0}
2025-11-07 14:26:20,000 : INFO : EventManager : Event: ======'attract_pulse_complete'====== Args={'priority': 0}
2025-11-07 14:26:20,406 : INFO : EventManager : Event: ======'attract_pulse_complete'====== Args={'priority': 0}
2025-11-07 14:26:21,989 : INFO : Machine : Shutting down...
2025-11-07 14:26:21,989 : INFO : EventManager : Event: ======'shutdown'====== Args={}
2025-11-07 14:26:22,080 : INFO : root : MPF run loop ended.
