2025-11-05 17:19:31,804 : INFO : root : Loading config.
2025-11-05 17:19:31,811 : INFO : YamlMultifileConfigLoader : Machine config file #1: config.yaml
2025-11-05 17:19:31,811 : INFO : ConfigProcessor : Loading config from cache: C:\Users\antho\AppData\Local\Temp\fdca14d0c9d658ab8200d57120800af5.mpf_cache
2025-11-05 17:19:31,944 : INFO : ConfigProcessor : Loading config from cache: C:\Users\antho\AppData\Local\Temp\5dec96b1547c4adf5bdd3d1715e74bc0.mpf_cache
2025-11-05 17:19:31,944 : INFO : ConfigProcessor : Loading config from cache: C:\Users\antho\AppData\Local\Temp\202a5840610e95051f9f473dfa660cc0.mpf_cache
2025-11-05 17:19:31,945 : INFO : ConfigProcessor : Loading config from cache: C:\Users\antho\AppData\Local\Temp\5dec96b1547c4adf5bdd3d1715e74bc0.mpf_cache
2025-11-05 17:19:31,946 : INFO : ConfigProcessor : Loading config from cache: C:\Users\antho\AppData\Local\Temp\2cd13a2d3f375e00ab01d6d09a85d8e7.mpf_cache
2025-11-05 17:19:31,958 : INFO : ConfigProcessor : Loading config from cache: C:\Users\antho\AppData\Local\Temp\9220b44b97b91972524500b81035d790.mpf_cache
2025-11-05 17:19:31,960 : INFO : ConfigProcessor : Loading config from cache: C:\Users\antho\AppData\Local\Temp\aa919e501ed8450b10d3bb8e37574ac5.mpf_cache
2025-11-05 17:19:31,960 : INFO : ConfigProcessor : Loading config from cache: C:\Users\antho\AppData\Local\Temp\31ee881584fa6fce665a672a4f3f633a.mpf_cache
2025-11-05 17:19:31,961 : INFO : ConfigProcessor : Loading config from cache: C:\Users\antho\AppData\Local\Temp\5e841763ec73085bbf92358fe6afda21.mpf_cache
2025-11-05 17:19:31,961 : INFO : ConfigProcessor : Loading config from cache: C:\Users\antho\AppData\Local\Temp\7f73d12aa9beccac1cbd8c265ccda72e.mpf_cache
2025-11-05 17:19:31,962 : INFO : ConfigProcessor : Loading config from cache: C:\Users\antho\AppData\Local\Temp\a03ebaa9d6d5676c418deb142cb34911.mpf_cache
2025-11-05 17:19:31,962 : INFO : ConfigProcessor : Loading config from cache: C:\Users\antho\AppData\Local\Temp\b17152efa55a24f0424602723f8d3921.mpf_cache
2025-11-05 17:19:31,963 : INFO : ConfigProcessor : Loading config from cache: C:\Users\antho\AppData\Local\Temp\e87fc0e7d2f8a851b5fa3f604e0d0c6e.mpf_cache
2025-11-05 17:19:31,963 : INFO : ConfigProcessor : Loading config from cache: C:\Users\antho\AppData\Local\Temp\196ac76b6cab3a9880804c826cfbcb5c.mpf_cache
2025-11-05 17:19:31,964 : INFO : ConfigProcessor : Loading config from cache: C:\Users\antho\AppData\Local\Temp\55437eb303afaa980597ff60f339a871.mpf_cache
2025-11-05 17:19:31,964 : INFO : ConfigProcessor : Loading config from cache: C:\Users\antho\AppData\Local\Temp\fddc1006228d3387e6d1e46051a3638d.mpf_cache
2025-11-05 17:19:31,966 : INFO : ConfigProcessor : Loading config from cache: C:\Users\antho\AppData\Local\Temp\834292dd7853e12a66732dc89828c828.mpf_cache
2025-11-05 17:19:31,966 : INFO : ConfigProcessor : Loading config from cache: C:\Users\antho\AppData\Local\Temp\46f8fa3e41dfeeb8232af2f03a13b6c4.mpf_cache
2025-11-05 17:19:31,966 : INFO : ConfigProcessor : Loading config from cache: C:\Users\antho\AppData\Local\Temp\c67e9c175da6c060302945929b27b878.mpf_cache
2025-11-05 17:19:31,967 : INFO : Machine : Mission Pinball Framework Core Engine v0.80.0.dev11
2025-11-05 17:19:31,967 : INFO : Machine : Command line arguments: {'no_load_cache': False, 'create_config_cache': True, 'bcp': True, 'configfile': ['config.yaml'], 'force_assets_load': False, 'platform_integration_test': False, 'jsonlogging': False, 'logfile': 'logs\\2025-11-05-17-19-31-mpf-LAPTOP-MPGP6R69.log', 'pause': False, 'production': False, 'text_ui': True, 'loglevel': 15, 'consoleloglevel': 20, 'force_platform': None, 'syslog_address': None, 'full_logfile_path': 'C:\\Users\\antho\\nightpin\\logs\\2025-11-05-17-19-31-mpf-LAPTOP-MPGP6R69.log'}
2025-11-05 17:19:31,967 : INFO : Machine : MPF path: C:\Users\antho\mpf\Lib\site-packages\mpf
2025-11-05 17:19:31,967 : INFO : Machine : Machine path: C:\Users\antho\nightpin
2025-11-05 17:19:31,967 : INFO : Machine : Platform: win32
2025-11-05 17:19:31,967 : INFO : Machine : Python executable location: C:\Users\antho\mpf\Scripts\python.exe
2025-11-05 17:19:31,968 : INFO : Machine : Python version: 3.12.7 (64-bit)
2025-11-05 17:19:31,969 : INFO : Machine : Initializing MPF...
2025-11-05 17:19:32,235 : INFO : lisy : Connecting to com3 at 115200bps
2025-11-05 17:19:32,236 : WARNING : lisy : Could not import terminos (this is ok on windows).
2025-11-05 17:19:32,389 : INFO : EventManager : Event: ======'machine_var_lisy_hardware'====== Args={'value': 'LISY35', 'prev_value': None, 'change': True}
2025-11-05 17:19:32,389 : INFO : EventManager : Event: ======'machine_var_lisy_version'====== Args={'value': '5.26 ', 'prev_value': None, 'change': True}
2025-11-05 17:19:32,389 : INFO : EventManager : Event: ======'machine_var_lisy_api_version'====== Args={'value': b'0.09', 'prev_value': None, 'change': True}
2025-11-05 17:19:33,713 : INFO : EventManager : Event: ======'machine_var_credits_string'====== Args={'value': 'FREE PLAY', 'prev_value': None, 'change': True}
2025-11-05 17:19:33,745 : INFO : EventManager : Event: ======'machine_var_master_volume'====== Args={'value': 0.5, 'prev_value': None, 'change': True}
2025-11-05 17:19:33,745 : INFO : EventManager : Event: ======'machine_var_player1_score'====== Args={'value': 2200, 'prev_value': None, 'change': True}
2025-11-05 17:19:33,745 : INFO : EventManager : Event: ======'machine_var_player2_score'====== Args={'value': 1200, 'prev_value': None, 'change': True}
2025-11-05 17:19:33,745 : INFO : EventManager : Event: ======'machine_var_mpf_version'====== Args={'value': 'Mission Pinball Framework v0.80.0.dev11', 'prev_value': None, 'change': True}
2025-11-05 17:19:33,746 : INFO : EventManager : Event: ======'machine_var_mpf_extended_version'====== Args={'value': 'Mission Pinball Framework v0.80.0.dev11, Config version:6, Show version: 6, BCP version:1.1', 'prev_value': None, 'change': True}
2025-11-05 17:19:33,746 : INFO : EventManager : Event: ======'machine_var_python_version'====== Args={'value': '3.12.7', 'prev_value': None, 'change': True}
2025-11-05 17:19:33,845 : INFO : EventManager : Event: ======'machine_var_platform'====== Args={'value': 'Windows-11-10.0.26100-SP0', 'prev_value': None, 'change': True}
2025-11-05 17:19:33,845 : INFO : EventManager : Event: ======'machine_var_platform_system'====== Args={'value': 'Windows', 'prev_value': None, 'change': True}
2025-11-05 17:19:33,845 : INFO : EventManager : Event: ======'machine_var_platform_release'====== Args={'value': '11', 'prev_value': None, 'change': True}
2025-11-05 17:19:33,845 : INFO : EventManager : Event: ======'machine_var_platform_version'====== Args={'value': '10.0.26100', 'prev_value': None, 'change': True}
2025-11-05 17:19:33,845 : INFO : EventManager : Event: ======'machine_var_platform_machine'====== Args={'value': 'AMD64', 'prev_value': None, 'change': True}
2025-11-05 17:19:33,845 : INFO : EventManager : Event: ======'machine_var_log_file_path'====== Args={'value': 'C:\\Users\\antho\\nightpin\\logs\\2025-11-05-17-19-31-mpf-LAPTOP-MPGP6R69.log', 'prev_value': None, 'change': True}
2025-11-05 17:19:33,845 : INFO : EventManager : Event: ======'init_phase_1'====== Args={}
2025-11-05 17:19:33,881 : INFO : EventManager : Event: ======'drop_target_bank_right_bank_up'====== Args={}
2025-11-05 17:19:33,882 : INFO : EventManager : Event: ======'drop_target_bank_left_bank_up'====== Args={}
2025-11-05 17:19:33,954 : INFO : EventManager : Event: ======'init_phase_2'====== Args={}
2025-11-05 17:19:33,964 : INFO : EventManager : Event: ======'bcp_connection_attempt'====== Args={'name': 'local_display', 'host': 'localhost', 'port': 5050}
2025-11-05 17:19:33,966 : INFO : BCPClientSocket : Connecting BCP to 'local_display' at localhost:5050...
2025-11-05 17:19:33,984 : INFO : BCPClientSocket : Connected BCP to 'local_display' localhost:5050
2025-11-05 17:19:33,985 : INFO : EventManager : Event: ======'bcp_clients_connected'====== Args={}
2025-11-05 17:19:34,097 : INFO : ball_device.bd_trough : BCH: Initial count: 0
2025-11-05 17:19:34,131 : INFO : ball_device.bd_trough : State: idle
2025-11-05 17:19:34,132 : INFO : ball_device.bd_saucer : BCH: Initial count: 0
2025-11-05 17:19:34,132 : INFO : ball_device.bd_saucer : State: idle
2025-11-05 17:19:34,146 : INFO : EventManager : Event: ======'init_phase_3'====== Args={}
2025-11-05 17:19:34,153 : INFO : EventManager : Event: ======'init_phase_4'====== Args={}
2025-11-05 17:19:34,154 : INFO : BallController : Initial balls found: 0
2025-11-05 17:19:34,155 : INFO : EventManager : Event: ======'machine_var_audits_events_game_ended'====== Args={'value': 17, 'prev_value': None, 'change': True}
2025-11-05 17:19:34,156 : INFO : EventManager : Event: ======'machine_var_audits_events_game_started'====== Args={'value': 100, 'prev_value': None, 'change': True}
2025-11-05 17:19:34,156 : INFO : EventManager : Event: ======'machine_var_audits_missing_switches_s_coin_right'====== Args={'value': 99, 'prev_value': None, 'change': True}
2025-11-05 17:19:34,156 : INFO : EventManager : Event: ======'machine_var_audits_missing_switches_s_credit_button'====== Args={'value': 72, 'prev_value': None, 'change': True}
2025-11-05 17:19:34,156 : INFO : EventManager : Event: ======'machine_var_audits_missing_switches_s_inlanes'====== Args={'value': 12, 'prev_value': None, 'change': True}
2025-11-05 17:19:34,156 : INFO : EventManager : Event: ======'machine_var_audits_missing_switches_s_left_bank_target_left'====== Args={'value': 20, 'prev_value': None, 'change': True}
2025-11-05 17:19:34,156 : INFO : EventManager : Event: ======'machine_var_audits_missing_switches_s_left_bank_target_middle'====== Args={'value': 23, 'prev_value': None, 'change': True}
2025-11-05 17:19:34,156 : INFO : EventManager : Event: ======'machine_var_audits_missing_switches_s_left_bank_target_right'====== Args={'value': 20, 'prev_value': None, 'change': True}
2025-11-05 17:19:34,156 : INFO : EventManager : Event: ======'machine_var_audits_missing_switches_s_left_inlane'====== Args={'value': 3, 'prev_value': None, 'change': True}
2025-11-05 17:19:34,156 : INFO : EventManager : Event: ======'machine_var_audits_missing_switches_s_left_lower_bumper'====== Args={'value': 8, 'prev_value': None, 'change': True}
2025-11-05 17:19:34,156 : INFO : EventManager : Event: ======'machine_var_audits_missing_switches_s_left_outlane'====== Args={'value': 3, 'prev_value': None, 'change': True}
2025-11-05 17:19:34,156 : INFO : EventManager : Event: ======'machine_var_audits_missing_switches_s_left_outlane_rollover'====== Args={'value': 23, 'prev_value': None, 'change': True}
2025-11-05 17:19:34,157 : INFO : EventManager : Event: ======'machine_var_audits_missing_switches_s_left_pop_bumper'====== Args={'value': 6, 'prev_value': None, 'change': True}
2025-11-05 17:19:34,157 : INFO : EventManager : Event: ======'machine_var_audits_missing_switches_s_left_rollover'====== Args={'value': 6, 'prev_value': None, 'change': True}
2025-11-05 17:19:34,157 : INFO : EventManager : Event: ======'machine_var_audits_missing_switches_s_left_skill_lane'====== Args={'value': 1, 'prev_value': None, 'change': True}
2025-11-05 17:19:34,157 : INFO : EventManager : Event: ======'machine_var_audits_missing_switches_s_left_sling'====== Args={'value': 6, 'prev_value': None, 'change': True}
2025-11-05 17:19:34,157 : INFO : EventManager : Event: ======'machine_var_audits_missing_switches_s_left_upper_bumper'====== Args={'value': 13, 'prev_value': None, 'change': True}
2025-11-05 17:19:34,157 : INFO : EventManager : Event: ======'machine_var_audits_missing_switches_s_middle_pop_bumper'====== Args={'value': 4, 'prev_value': None, 'change': True}
2025-11-05 17:19:34,157 : INFO : EventManager : Event: ======'machine_var_audits_missing_switches_s_middle_rollover'====== Args={'value': 4, 'prev_value': None, 'change': True}
2025-11-05 17:19:34,157 : INFO : EventManager : Event: ======'machine_var_audits_missing_switches_s_middle_skill_lane'====== Args={'value': 2, 'prev_value': None, 'change': True}
2025-11-05 17:19:34,157 : INFO : EventManager : Event: ======'machine_var_audits_missing_switches_s_middle_upper_rollovers'====== Args={'value': 5, 'prev_value': None, 'change': True}
2025-11-05 17:19:34,157 : INFO : EventManager : Event: ======'machine_var_audits_missing_switches_s_outer_skill_lanes'====== Args={'value': 1, 'prev_value': None, 'change': True}
2025-11-05 17:19:34,157 : INFO : EventManager : Event: ======'machine_var_audits_missing_switches_s_right_bank_target_left'====== Args={'value': 3, 'prev_value': None, 'change': True}
2025-11-05 17:19:34,158 : INFO : EventManager : Event: ======'machine_var_audits_missing_switches_s_right_bank_target_middle'====== Args={'value': 13, 'prev_value': None, 'change': True}
2025-11-05 17:19:34,158 : INFO : EventManager : Event: ======'machine_var_audits_missing_switches_s_right_bank_target_right'====== Args={'value': 13, 'prev_value': None, 'change': True}
2025-11-05 17:19:34,158 : INFO : EventManager : Event: ======'machine_var_audits_missing_switches_s_right_outlane'====== Args={'value': 3, 'prev_value': None, 'change': True}
2025-11-05 17:19:34,158 : INFO : EventManager : Event: ======'machine_var_audits_missing_switches_s_right_outlane_rollover'====== Args={'value': 40, 'prev_value': None, 'change': True}
2025-11-05 17:19:34,158 : INFO : EventManager : Event: ======'machine_var_audits_missing_switches_s_right_pop_bumper'====== Args={'value': 6, 'prev_value': None, 'change': True}
2025-11-05 17:19:34,158 : INFO : EventManager : Event: ======'machine_var_audits_missing_switches_s_right_rollover'====== Args={'value': 15, 'prev_value': None, 'change': True}
2025-11-05 17:19:34,158 : INFO : EventManager : Event: ======'machine_var_audits_missing_switches_s_right_skill_lane'====== Args={'value': 6, 'prev_value': None, 'change': True}
2025-11-05 17:19:34,158 : INFO : EventManager : Event: ======'machine_var_audits_missing_switches_s_right_sling'====== Args={'value': 21, 'prev_value': None, 'change': True}
2025-11-05 17:19:34,158 : INFO : EventManager : Event: ======'machine_var_audits_missing_switches_s_rollover_upper'====== Args={'value': 6, 'prev_value': None, 'change': True}
2025-11-05 17:19:34,158 : INFO : EventManager : Event: ======'machine_var_audits_missing_switches_s_saucer'====== Args={'value': 4, 'prev_value': None, 'change': True}
2025-11-05 17:19:34,158 : INFO : EventManager : Event: ======'machine_var_audits_missing_switches_s_slam_tilt'====== Args={'value': 38, 'prev_value': None, 'change': True}
2025-11-05 17:19:34,159 : INFO : EventManager : Event: ======'machine_var_audits_missing_switches_s_spinner'====== Args={'value': 13, 'prev_value': None, 'change': True}
2025-11-05 17:19:34,159 : INFO : EventManager : Event: ======'machine_var_audits_missing_switches_s_stand_up'====== Args={'value': 72, 'prev_value': None, 'change': True}
2025-11-05 17:19:34,159 : INFO : EventManager : Event: ======'machine_var_audits_missing_switches_s_start_button'====== Args={'value': 5, 'prev_value': None, 'change': True}
2025-11-05 17:19:34,159 : INFO : EventManager : Event: ======'machine_var_audits_missing_switches_s_tilt'====== Args={'value': 6, 'prev_value': None, 'change': True}
2025-11-05 17:19:34,159 : INFO : EventManager : Event: ======'machine_var_audits_player_score'====== Args={'value': {'average': 1435, 'top': [5110, 5070, 4300, 4230, 3980, 3410, 2200, 1300, 1200, 500], 'total': 25}, 'prev_value': None, 'change': True}
2025-11-05 17:19:34,159 : INFO : EventManager : Event: ======'machine_var_audits_shots_my_first_shot'====== Args={'value': 3, 'prev_value': None, 'change': True}
2025-11-05 17:19:34,159 : INFO : EventManager : Event: ======'machine_var_audits_shots_sh_eg_pop_left'====== Args={'value': 8, 'prev_value': None, 'change': True}
2025-11-05 17:19:34,159 : INFO : EventManager : Event: ======'machine_var_audits_shots_sh_eg_pop_middle'====== Args={'value': 8, 'prev_value': None, 'change': True}
2025-11-05 17:19:34,159 : INFO : EventManager : Event: ======'machine_var_audits_shots_sh_eg_pop_right'====== Args={'value': 13, 'prev_value': None, 'change': True}
2025-11-05 17:19:34,159 : INFO : EventManager : Event: ======'machine_var_audits_shots_sh_eg_right_drop_left'====== Args={'value': 4, 'prev_value': None, 'change': True}
2025-11-05 17:19:34,159 : INFO : EventManager : Event: ======'machine_var_audits_shots_sh_eg_right_drop_middle'====== Args={'value': 3, 'prev_value': None, 'change': True}
2025-11-05 17:19:34,160 : INFO : EventManager : Event: ======'machine_var_audits_shots_sh_eg_right_drop_right'====== Args={'value': 3, 'prev_value': None, 'change': True}
2025-11-05 17:19:34,160 : INFO : EventManager : Event: ======'machine_var_audits_shots_sh_eg_spinner'====== Args={'value': 2, 'prev_value': None, 'change': True}
2025-11-05 17:19:34,160 : INFO : EventManager : Event: ======'machine_var_audits_shots_sh_escape_graveyard_start'====== Args={'value': 8, 'prev_value': None, 'change': True}
2025-11-05 17:19:34,160 : INFO : EventManager : Event: ======'machine_var_audits_switches_s_coin_right'====== Args={'value': 1, 'prev_value': None, 'change': True}
2025-11-05 17:19:34,160 : INFO : EventManager : Event: ======'machine_var_audits_switches_s_credit_button'====== Args={'value': 5, 'prev_value': None, 'change': True}
2025-11-05 17:19:34,160 : INFO : EventManager : Event: ======'machine_var_audits_switches_s_inlanes'====== Args={'value': 159, 'prev_value': None, 'change': True}
2025-11-05 17:19:34,160 : INFO : EventManager : Event: ======'machine_var_audits_switches_s_left_bank_target_left'====== Args={'value': 36, 'prev_value': None, 'change': True}
2025-11-05 17:19:34,160 : INFO : EventManager : Event: ======'machine_var_audits_switches_s_left_bank_target_middle'====== Args={'value': 27, 'prev_value': None, 'change': True}
2025-11-05 17:19:34,160 : INFO : EventManager : Event: ======'machine_var_audits_switches_s_left_bank_target_right'====== Args={'value': 27, 'prev_value': None, 'change': True}
2025-11-05 17:19:34,160 : INFO : EventManager : Event: ======'machine_var_audits_switches_s_left_inlane'====== Args={'value': 1, 'prev_value': None, 'change': True}
2025-11-05 17:19:34,160 : INFO : EventManager : Event: ======'machine_var_audits_switches_s_left_lower_bumper'====== Args={'value': 34, 'prev_value': None, 'change': True}
2025-11-05 17:19:34,161 : INFO : EventManager : Event: ======'machine_var_audits_switches_s_left_outlane'====== Args={'value': 1, 'prev_value': None, 'change': True}
2025-11-05 17:19:34,161 : INFO : EventManager : Event: ======'machine_var_audits_switches_s_left_outlane_rollover'====== Args={'value': 23, 'prev_value': None, 'change': True}
2025-11-05 17:19:34,161 : INFO : EventManager : Event: ======'machine_var_audits_switches_s_left_pop_bumper'====== Args={'value': 128, 'prev_value': None, 'change': True}
2025-11-05 17:19:34,161 : INFO : EventManager : Event: ======'machine_var_audits_switches_s_left_rollover'====== Args={'value': 2, 'prev_value': None, 'change': True}
2025-11-05 17:19:34,161 : INFO : EventManager : Event: ======'machine_var_audits_switches_s_left_skill_lane'====== Args={'value': 3, 'prev_value': None, 'change': True}
2025-11-05 17:19:34,161 : INFO : EventManager : Event: ======'machine_var_audits_switches_s_left_sling'====== Args={'value': 95, 'prev_value': None, 'change': True}
2025-11-05 17:19:34,161 : INFO : EventManager : Event: ======'machine_var_audits_switches_s_left_upper_bumper'====== Args={'value': 44, 'prev_value': None, 'change': True}
2025-11-05 17:19:34,161 : INFO : EventManager : Event: ======'machine_var_audits_switches_s_middle_pop_bumper'====== Args={'value': 131, 'prev_value': None, 'change': True}
2025-11-05 17:19:34,161 : INFO : EventManager : Event: ======'machine_var_audits_switches_s_middle_rollover'====== Args={'value': 9, 'prev_value': None, 'change': True}
2025-11-05 17:19:34,161 : INFO : EventManager : Event: ======'machine_var_audits_switches_s_middle_skill_lane'====== Args={'value': 85, 'prev_value': None, 'change': True}
2025-11-05 17:19:34,161 : INFO : EventManager : Event: ======'machine_var_audits_switches_s_middle_upper_rollovers'====== Args={'value': 97, 'prev_value': None, 'change': True}
2025-11-05 17:19:34,161 : INFO : EventManager : Event: ======'machine_var_audits_switches_s_outer_skill_lanes'====== Args={'value': 133, 'prev_value': None, 'change': True}
2025-11-05 17:19:34,163 : INFO : EventManager : Event: ======'machine_var_audits_switches_s_pop_bumper_bottom'====== Args={'value': 6, 'prev_value': None, 'change': True}
2025-11-05 17:19:34,163 : INFO : EventManager : Event: ======'machine_var_audits_switches_s_pop_bumper_left'====== Args={'value': 2, 'prev_value': None, 'change': True}
2025-11-05 17:19:34,163 : INFO : EventManager : Event: ======'machine_var_audits_switches_s_pop_bumper_right'====== Args={'value': 1, 'prev_value': None, 'change': True}
2025-11-05 17:19:34,163 : INFO : EventManager : Event: ======'machine_var_audits_switches_s_right_bank_target_left'====== Args={'value': 56, 'prev_value': None, 'change': True}
2025-11-05 17:19:34,163 : INFO : EventManager : Event: ======'machine_var_audits_switches_s_right_bank_target_middle'====== Args={'value': 43, 'prev_value': None, 'change': True}
2025-11-05 17:19:34,163 : INFO : EventManager : Event: ======'machine_var_audits_switches_s_right_bank_target_right'====== Args={'value': 40, 'prev_value': None, 'change': True}
2025-11-05 17:19:34,163 : INFO : EventManager : Event: ======'machine_var_audits_switches_s_right_inlane'====== Args={'value': 8, 'prev_value': None, 'change': True}
2025-11-05 17:19:34,163 : INFO : EventManager : Event: ======'machine_var_audits_switches_s_right_outlane'====== Args={'value': 1, 'prev_value': None, 'change': True}
2025-11-05 17:19:34,163 : INFO : EventManager : Event: ======'machine_var_audits_switches_s_right_outlane_rollover'====== Args={'value': 6, 'prev_value': None, 'change': True}
2025-11-05 17:19:34,163 : INFO : EventManager : Event: ======'machine_var_audits_switches_s_right_pop_bumper'====== Args={'value': 183, 'prev_value': None, 'change': True}
2025-11-05 17:19:34,163 : INFO : EventManager : Event: ======'machine_var_audits_switches_s_right_rollover'====== Args={'value': 0, 'prev_value': None, 'change': True}
2025-11-05 17:19:34,164 : INFO : EventManager : Event: ======'machine_var_audits_switches_s_right_skill_lane'====== Args={'value': 2, 'prev_value': None, 'change': True}
2025-11-05 17:19:34,164 : INFO : EventManager : Event: ======'machine_var_audits_switches_s_right_sling'====== Args={'value': 72, 'prev_value': None, 'change': True}
2025-11-05 17:19:34,164 : INFO : EventManager : Event: ======'machine_var_audits_switches_s_rollover_upper'====== Args={'value': 3, 'prev_value': None, 'change': True}
2025-11-05 17:19:34,164 : INFO : EventManager : Event: ======'machine_var_audits_switches_s_saucer'====== Args={'value': 103, 'prev_value': None, 'change': True}
2025-11-05 17:19:34,164 : INFO : EventManager : Event: ======'machine_var_audits_switches_s_slam_tilt'====== Args={'value': 6, 'prev_value': None, 'change': True}
2025-11-05 17:19:34,164 : INFO : EventManager : Event: ======'machine_var_audits_switches_s_spinner'====== Args={'value': 430, 'prev_value': None, 'change': True}
2025-11-05 17:19:34,164 : INFO : EventManager : Event: ======'machine_var_audits_switches_s_stand_up'====== Args={'value': 8, 'prev_value': None, 'change': True}
2025-11-05 17:19:34,164 : INFO : EventManager : Event: ======'machine_var_audits_switches_s_start_button'====== Args={'value': 39, 'prev_value': None, 'change': True}
2025-11-05 17:19:34,164 : INFO : EventManager : Event: ======'machine_var_audits_switches_s_tilt'====== Args={'value': 2, 'prev_value': None, 'change': True}
2025-11-05 17:19:34,164 : INFO : EventManager : Event: ======'machine_var_audits_switches_s_trough'====== Args={'value': 477, 'prev_value': None, 'change': True}
2025-11-05 17:19:34,165 : INFO : EventManager : Event: ======'init_phase_5'====== Args={}
2025-11-05 17:19:34,177 : INFO : EventManager : Event: ======'init_done'====== Args={}
2025-11-05 17:19:34,178 : INFO : EventManager : Event: ======'machine_reset_phase_1'====== Args={}
2025-11-05 17:19:34,178 : INFO : SwitchController : <<<<<<< 's_trough' active >>>>>>>
2025-11-05 17:19:34,188 : INFO : SwitchController : <<<<<<< 's_trough' inactive >>>>>>>
2025-11-05 17:19:34,197 : INFO : EventManager : Event: ======'machine_reset_phase_2'====== Args={}
2025-11-05 17:19:34,197 : INFO : SwitchController : <<<<<<< 's_trough' active >>>>>>>
2025-11-05 17:19:34,197 : INFO : EventManager : Event: ======'machine_reset_phase_3'====== Args={}
2025-11-05 17:19:34,202 : INFO : EventManager : Event: ======'mode_attract_will_start'====== Args={'queue': <QueuedEvent>}
2025-11-05 17:19:34,204 : INFO : EventManager : Event: ======'mode_attract_starting'====== Args={'queue': <QueuedEvent>}
2025-11-05 17:19:34,204 : INFO : Mode.attract : Started. Priority: 10
2025-11-05 17:19:34,204 : INFO : EventManager : Event: ======'modes_active_modes_changed'====== Args={}
2025-11-05 17:19:34,204 : INFO : EventManager : Event: ======'mode_attract_started'====== Args={'queue': <QueuedEvent>}
2025-11-05 17:19:34,204 : INFO : EventManager : Event: ======'godot_attract_on'====== Args={'priority': 0}
2025-11-05 17:19:34,205 : INFO : EventManager : Event: ======'collecting_balls_complete'====== Args={}
2025-11-05 17:19:34,205 : INFO : EventManager : Event: ======'reset_complete'====== Args={}
2025-11-05 17:19:34,219 : INFO : Machine : Starting the main run loop with active modes: [<Mode.attract>]
2025-11-05 17:19:34,248 : INFO : EventManager : Event: ======'slide_attract_created'====== Args={'_from_bcp': True}
2025-11-05 17:19:34,248 : INFO : EventManager : Event: ======'slide__removed'====== Args={'_from_bcp': True}
2025-11-05 17:19:34,249 : INFO : EventManager : Event: ======'slide_attract_active'====== Args={'original_context': 'attract', 'original_calling_context': 'mode_attract_started', 'priority': 10.0, 'queue': '<QueuedEvent>', 'cmd': 'slides_play', '_from_bcp': True}
2025-11-05 17:19:34,704 : INFO : EventManager : Event: ======'balldevice_bd_trough_ball_count_changed'====== Args={'balls': 1}
2025-11-05 17:19:34,704 : INFO : ball_device.bd_trough : Received unexpected ball
2025-11-05 17:19:34,705 : INFO : EventManager : Event: ======'balldevice_captured_from_playfield'====== Args={'balls': 1}
2025-11-05 17:19:34,705 : INFO : EventManager : Event: ======'sw_playfield_active'====== Args={'balls': 1}
2025-11-05 17:19:34,705 : INFO : EventManager : Event: ======'playfield_active'====== Args={'source': None}
2025-11-05 17:19:34,705 : INFO : EventManager : Event: ======'unexpected_ball_on_playfield'====== Args={}
2025-11-05 17:19:34,705 : INFO : EventManager : Event: ======'playfield_ball_count_change'====== Args={'balls': -1, 'change': -1}
2025-11-05 17:19:34,706 : INFO : EventManager : Event: ======'balldevice_playfield_ball_enter'====== Args={'new_balls': 1, 'unclaimed_balls': 1, 'device': <playfield.playfield>}
2025-11-05 17:19:34,706 : INFO : EventManager : Event: ======'playfield_ball_count_change'====== Args={'balls': 0, 'change': 1}
2025-11-05 17:19:34,706 : INFO : BallController : Found a new ball which was captured from playfield. Known balls: 1
2025-11-05 17:19:34,706 : INFO : EventManager : Event: ======'found_new_ball'====== Args={}
2025-11-05 17:19:34,706 : INFO : EventManager : Event: ======'balldevice_bd_trough_ball_enter'====== Args={'new_balls': 1, 'unclaimed_balls': 1, 'new_available_balls': 1, 'device': <ball_device.bd_trough>}
2025-11-05 17:19:34,706 : INFO : EventManager : Event: ======'ball_drain'====== Args={'device': <ball_device.bd_trough>, 'balls': 1}
2025-11-05 17:19:34,706 : INFO : EventManager : Event: ======'balldevice_balls_available'====== Args={}
2025-11-05 17:19:34,706 : INFO : EventManager : Event: ======'balldevice_bd_trough_ball_entered'====== Args={'new_balls': 1, 'device': <ball_device.bd_trough>}
2025-11-05 17:19:35,922 : INFO : SwitchController : <<<<<<< 's_start_button' active >>>>>>>
2025-11-05 17:19:36,077 : INFO : SwitchController : <<<<<<< 's_start_button' inactive >>>>>>>
2025-11-05 17:19:36,077 : INFO : EventManager : Event: ======'request_to_start_game'====== Args={}
2025-11-05 17:19:36,077 : INFO : EventManager : Event: ======'game_start'====== Args={'buttons': [], 'hold_time': 0.15600000019185245}
2025-11-05 17:19:36,077 : INFO : EventManager : Event: ======'mode_game_will_start'====== Args={'buttons': [], 'hold_time': 0.15600000019185245}
2025-11-05 17:19:36,079 : INFO : EventManager : Event: ======'mode_game_starting'====== Args={'buttons': [], 'hold_time': 0.15600000019185245}
2025-11-05 17:19:36,079 : INFO : Mode.game : Started. Priority: 20
2025-11-05 17:19:36,079 : INFO : EventManager : Event: ======'modes_active_modes_changed'====== Args={}
2025-11-05 17:19:36,079 : INFO : EventManager : Event: ======'mode_game_started'====== Args={'buttons': [], 'hold_time': 0.15600000019185245}
2025-11-05 17:19:36,092 : INFO : EventManager : Event: ======'game_will_start'====== Args={}
2025-11-05 17:19:36,092 : INFO : EventManager : Event: ======'game_starting'====== Args={'game': <Mode.game>}
2025-11-05 17:19:36,093 : INFO : EventManager : Event: ======'mode_attract_will_stop'====== Args={}
2025-11-05 17:19:36,093 : INFO : EventManager : Event: ======'mode_attract_stopping'====== Args={}
2025-11-05 17:19:36,093 : INFO : EventManager : Event: ======'godot_attract_off'====== Args={'priority': 0}
2025-11-05 17:19:36,093 : INFO : EventManager : Unordered handler for class <Auditor> on event game_ended with priority 1. Handlers: [RegisteredHandler(callback=<bound method Auditor.disable of <Auditor>>, priority=1, kwargs={}, key=UUID('8a6d207f-2446-43a5-8042-8f0cd3c77068'), condition=None, blocking_facility=None), RegisteredHandler(callback=<bound method Auditor._save_audits of <Auditor>>, priority=1, kwargs={}, key=UUID('1b7383b9-d9d5-4a56-a213-a23c3bf64edb'), condition=None, blocking_facility=None)]. The order of those handlers is not defined and they will be executed in random order. This might lead to race conditions and potential bugs.
2025-11-05 17:19:36,094 : INFO : EventManager : Event: ======'godot_attract_off'====== Args={'priority': 0}
2025-11-05 17:19:36,094 : INFO : Mode.attract : Stopped.
2025-11-05 17:19:36,094 : INFO : EventManager : Event: ======'modes_active_modes_changed'====== Args={}
2025-11-05 17:19:36,094 : INFO : EventManager : Event: ======'mode_attract_stopped'====== Args={}
2025-11-05 17:19:36,094 : INFO : EventManager : Event: ======'clear'====== Args={'key': 'attract'}
2025-11-05 17:19:36,095 : INFO : EventManager : Event: ======'player_add_request'====== Args={}
2025-11-05 17:19:36,095 : INFO : EventManager : Event: ======'player_will_add'====== Args={'number': 1}
2025-11-05 17:19:36,095 : INFO : EventManager : Event: ======'player_adding'====== Args={'player': <Player 1>, 'number': 1}
2025-11-05 17:19:36,095 : INFO : EventManager : Event: ======'player_added'====== Args={'player': <Player 1>, 'num': 1}
2025-11-05 17:19:36,095 : INFO : Mode.game : Player added successfully. Total players: 1
2025-11-05 17:19:36,096 : INFO : EventManager : Event: ======'player_index'====== Args={'value': 0, 'prev_value': 0, 'change': 0, 'player_num': 1}
2025-11-05 17:19:36,096 : INFO : EventManager : Event: ======'player_number'====== Args={'value': 1, 'prev_value': 1, 'change': 0, 'player_num': 1}
2025-11-05 17:19:36,096 : INFO : EventManager : Event: ======'player_score'====== Args={'value': 0, 'prev_value': 0, 'change': 0, 'player_num': 1}
2025-11-05 17:19:36,096 : INFO : EventManager : Unordered handler for class <Auditor> on event game_ended with priority 1. Handlers: [RegisteredHandler(callback=<bound method Auditor.disable of <Auditor>>, priority=1, kwargs={}, key=UUID('8a6d207f-2446-43a5-8042-8f0cd3c77068'), condition=None, blocking_facility=None), RegisteredHandler(callback=<bound method Auditor._save_audits of <Auditor>>, priority=1, kwargs={}, key=UUID('1b7383b9-d9d5-4a56-a213-a23c3bf64edb'), condition=None, blocking_facility=None)]. The order of those handlers is not defined and they will be executed in random order. This might lead to race conditions and potential bugs.
2025-11-05 17:19:36,113 : INFO : EventManager : Event: ======'game_started'====== Args={}
2025-11-05 17:19:36,113 : INFO : EventManager : Event: ======'blink_on'====== Args={'priority': 0}
2025-11-05 17:19:36,114 : INFO : EventManager : Event: ======'player_turn_will_start'====== Args={'player': <Player 1>, 'number': 1}
2025-11-05 17:19:36,119 : INFO : EventManager : Event: ======'player_turn_starting'====== Args={'player': <Player 1>, 'number': 1}
2025-11-05 17:19:36,119 : INFO : EventManager : Event: ======'player_ball'====== Args={'value': 1, 'prev_value': 0, 'change': 1, 'player_num': 1}
2025-11-05 17:19:36,119 : INFO : EventManager : Event: ======'player_turn_started'====== Args={'player': <Player 1>, 'number': 1}
2025-11-05 17:19:36,121 : INFO : EventManager : Event: ======'ball_will_start'====== Args={'player': 1, 'ball': 1, 'balls_remaining': 2, 'is_extra_ball': False}
2025-11-05 17:19:36,126 : INFO : EventManager : Event: ======'ball_starting'====== Args={'player': 1, 'ball': 1, 'balls_remaining': 2, 'is_extra_ball': False}
2025-11-05 17:19:36,126 : INFO : drop_target_bank.right_bank : All targets are already up. Will not reset bank.
2025-11-05 17:19:36,127 : INFO : drop_target_bank.left_bank : All targets are already up. Will not reset bank.
2025-11-05 17:19:36,127 : INFO : EventManager : Event: ======'balls_in_play'====== Args={'balls': 1}
2025-11-05 17:19:36,127 : INFO : EventManager : Event: ======'ball_started'====== Args={'player': 1, 'ball': 1, 'balls_remaining': 2, 'is_extra_ball': False}
2025-11-05 17:19:36,127 : INFO : EventManager : Event: ======'mode_base_will_start'====== Args={'player': 1, 'ball': 1, 'balls_remaining': 2, 'is_extra_ball': False}
2025-11-05 17:19:36,128 : INFO : EventManager : Event: ======'player_shot_sh_escape_graveyard_start_enabled'====== Args={'value': False, 'prev_value': 0, 'change': 0, 'player_num': 1}
2025-11-05 17:19:36,128 : INFO : EventManager : Unordered handler for class <Auditor> on event game_ended with priority 1. Handlers: [RegisteredHandler(callback=<bound method Auditor.disable of <Auditor>>, priority=1, kwargs={}, key=UUID('8a6d207f-2446-43a5-8042-8f0cd3c77068'), condition=None, blocking_facility=None), RegisteredHandler(callback=<bound method Auditor._save_audits of <Auditor>>, priority=1, kwargs={}, key=UUID('1b7383b9-d9d5-4a56-a213-a23c3bf64edb'), condition=None, blocking_facility=None)]. The order of those handlers is not defined and they will be executed in random order. This might lead to race conditions and potential bugs.
2025-11-05 17:19:36,129 : INFO : EventManager : Unordered handler for class <Auditor> on event game_ended with priority 1. Handlers: [RegisteredHandler(callback=<bound method Auditor.disable of <Auditor>>, priority=1, kwargs={}, key=UUID('8a6d207f-2446-43a5-8042-8f0cd3c77068'), condition=None, blocking_facility=None), RegisteredHandler(callback=<bound method Auditor._save_audits of <Auditor>>, priority=1, kwargs={}, key=UUID('1b7383b9-d9d5-4a56-a213-a23c3bf64edb'), condition=None, blocking_facility=None)]. The order of those handlers is not defined and they will be executed in random order. This might lead to race conditions and potential bugs.
2025-11-05 17:19:36,132 : INFO : EventManager : Event: ======'mode_base_starting'====== Args={'player': 1, 'ball': 1, 'balls_remaining': 2, 'is_extra_ball': False}
2025-11-05 17:19:36,134 : INFO : EventManager : Unordered handler for class <Auditor> on event game_ended with priority 1. Handlers: [RegisteredHandler(callback=<bound method Auditor.disable of <Auditor>>, priority=1, kwargs={}, key=UUID('8a6d207f-2446-43a5-8042-8f0cd3c77068'), condition=None, blocking_facility=None), RegisteredHandler(callback=<bound method Auditor._save_audits of <Auditor>>, priority=1, kwargs={}, key=UUID('1b7383b9-d9d5-4a56-a213-a23c3bf64edb'), condition=None, blocking_facility=None)]. The order of those handlers is not defined and they will be executed in random order. This might lead to race conditions and potential bugs.
2025-11-05 17:19:36,135 : INFO : EventManager : Event: ======'logicblock_eg_pop_counter_updated'====== Args={'value': 0, 'enabled': True}
2025-11-05 17:19:36,135 : INFO : EventManager : Event: ======'logicblock_eg_pop_counter_updated'====== Args={'value': 0, 'enabled': True}
2025-11-05 17:19:36,135 : INFO : Mode.base : Started. Priority: 50
2025-11-05 17:19:36,135 : INFO : EventManager : Event: ======'modes_active_modes_changed'====== Args={}
2025-11-05 17:19:36,135 : INFO : EventManager : Event: ======'mode_base_started'====== Args={'player': 1, 'ball': 1, 'balls_remaining': 2, 'is_extra_ball': False}
2025-11-05 17:19:36,135 : INFO : EventManager : Event: ======'single_player_ball_started'====== Args={}
2025-11-05 17:19:36,136 : INFO : EventManager : Event: ======'stop_mode_attract'====== Args={'priority': 0}
2025-11-05 17:19:36,136 : INFO : EventManager : Event: ======'mode_attract_will_stop'====== Args={'priority': 0}
2025-11-05 17:19:36,136 : INFO : EventManager : Event: ======'godot_attract_off'====== Args={'priority': 0}
2025-11-05 17:19:36,136 : INFO : EventManager : Event: ======'godot_play_base'====== Args={'priority': 0}
2025-11-05 17:19:36,136 : INFO : EventManager : Event: ======'ball_start_target'====== Args={'target': 'playfield'}
2025-11-05 17:19:36,168 : INFO : ball_device.bd_trough : Setting up player-controlled eject. Balls: 1, Target: <playfield.playfield>, player_controlled_eject_event: None
2025-11-05 17:19:36,168 : INFO : ball_device.bd_trough : Adding 1 ball(s) to the eject_queue with target <playfield.playfield>.
2025-11-05 17:19:36,168 : INFO : EventManager : Event: ======'balldevice_balls_available'====== Args={}
2025-11-05 17:19:36,170 : INFO : EventManager : Event: ======'slide_base_created'====== Args={'_from_bcp': True}
2025-11-05 17:19:36,170 : INFO : EventManager : Event: ======'slide_attract_inactive'====== Args={'is_removing': True, '_from_bcp': True}
2025-11-05 17:19:36,170 : INFO : EventManager : Event: ======'slide_base_active'====== Args={'original_context': 'base', 'original_calling_context': 'mode_base_started', 'priority': 50.0, 'player': 1.0, 'ball': 1.0, 'balls_remaining': 2.0, 'is_extra_ball': False, 'cmd': 'slides_play', '_from_bcp': True}
2025-11-05 17:19:36,170 : INFO : EventManager : Event: ======'slide_attract_removed'====== Args={'_from_bcp': True}
2025-11-05 17:19:36,171 : INFO : ball_device.bd_trough : State: waiting_for_target_ready
2025-11-05 17:19:36,171 : INFO : EventManager : Event: ======'balldevice_bd_trough_ball_eject_attempt'====== Args={'balls': 1, 'target': <playfield.playfield>, 'source': <ball_device.bd_trough>, 'mechanical_eject': False, 'num_attempts': 0}
2025-11-05 17:19:36,171 : INFO : ball_device.bd_trough : State: ejecting
2025-11-05 17:19:36,171 : INFO : ball_device.bd_trough : Ejecting ball to <playfield.playfield>
2025-11-05 17:19:36,171 : INFO : EventManager : Event: ======'balldevice_bd_trough_ejecting_ball'====== Args={'balls': 1, 'target': <playfield.playfield>, 'source': <ball_device.bd_trough>, 'mechanical_eject': False, 'num_attempts': 0}
2025-11-05 17:19:36,172 : INFO : ball_device.bd_trough : Wait for ball to leave device
2025-11-05 17:19:36,172 : INFO : coil.c_trough_eject : Pulsing Driver for 40ms (1.0 pulse_power)
2025-11-05 17:19:36,218 : INFO : SwitchController : <<<<<<< 's_trough' inactive >>>>>>>
2025-11-05 17:19:36,224 : INFO : ball_device.bd_trough : State: ball_left
2025-11-05 17:19:36,224 : INFO : ball_device.bd_trough : Ball left
2025-11-05 17:19:36,224 : INFO : ball_device.bd_trough : Wait for confirm with timeout 10.0
2025-11-05 17:19:36,699 : INFO : EventManager : Event: ======'blink_off'====== Args={'priority': 0}
2025-11-05 17:19:37,290 : INFO : EventManager : Event: ======'blink_on'====== Args={'priority': 0}
2025-11-05 17:19:37,896 : INFO : EventManager : Event: ======'blink_off'====== Args={'priority': 0}
2025-11-05 17:19:37,896 : INFO : EventManager : Unordered handler for class <Auditor> on event game_ended with priority 1. Handlers: [RegisteredHandler(callback=<bound method Auditor.disable of <Auditor>>, priority=1, kwargs={}, key=UUID('8a6d207f-2446-43a5-8042-8f0cd3c77068'), condition=None, blocking_facility=None), RegisteredHandler(callback=<bound method Auditor._save_audits of <Auditor>>, priority=1, kwargs={}, key=UUID('1b7383b9-d9d5-4a56-a213-a23c3bf64edb'), condition=None, blocking_facility=None)]. The order of those handlers is not defined and they will be executed in random order. This might lead to race conditions and potential bugs.
2025-11-05 17:19:38,504 : INFO : EventManager : Event: ======'blink_on'====== Args={'priority': 0}
2025-11-05 17:19:39,109 : INFO : EventManager : Event: ======'blink_off'====== Args={'priority': 0}
2025-11-05 17:19:39,110 : INFO : EventManager : Unordered handler for class <Auditor> on event game_ended with priority 1. Handlers: [RegisteredHandler(callback=<bound method Auditor.disable of <Auditor>>, priority=1, kwargs={}, key=UUID('8a6d207f-2446-43a5-8042-8f0cd3c77068'), condition=None, blocking_facility=None), RegisteredHandler(callback=<bound method Auditor._save_audits of <Auditor>>, priority=1, kwargs={}, key=UUID('1b7383b9-d9d5-4a56-a213-a23c3bf64edb'), condition=None, blocking_facility=None)]. The order of those handlers is not defined and they will be executed in random order. This might lead to race conditions and potential bugs.
2025-11-05 17:19:39,701 : INFO : EventManager : Event: ======'blink_on'====== Args={'priority': 0}
2025-11-05 17:19:40,293 : INFO : EventManager : Event: ======'blink_off'====== Args={'priority': 0}
2025-11-05 17:19:40,293 : INFO : EventManager : Unordered handler for class <Auditor> on event game_ended with priority 1. Handlers: [RegisteredHandler(callback=<bound method Auditor.disable of <Auditor>>, priority=1, kwargs={}, key=UUID('8a6d207f-2446-43a5-8042-8f0cd3c77068'), condition=None, blocking_facility=None), RegisteredHandler(callback=<bound method Auditor._save_audits of <Auditor>>, priority=1, kwargs={}, key=UUID('1b7383b9-d9d5-4a56-a213-a23c3bf64edb'), condition=None, blocking_facility=None)]. The order of those handlers is not defined and they will be executed in random order. This might lead to race conditions and potential bugs.
2025-11-05 17:19:40,909 : INFO : EventManager : Event: ======'blink_on'====== Args={'priority': 0}
2025-11-05 17:19:41,500 : INFO : EventManager : Event: ======'blink_off'====== Args={'priority': 0}
2025-11-05 17:19:41,501 : INFO : EventManager : Unordered handler for class <Auditor> on event game_ended with priority 1. Handlers: [RegisteredHandler(callback=<bound method Auditor.disable of <Auditor>>, priority=1, kwargs={}, key=UUID('8a6d207f-2446-43a5-8042-8f0cd3c77068'), condition=None, blocking_facility=None), RegisteredHandler(callback=<bound method Auditor._save_audits of <Auditor>>, priority=1, kwargs={}, key=UUID('1b7383b9-d9d5-4a56-a213-a23c3bf64edb'), condition=None, blocking_facility=None)]. The order of those handlers is not defined and they will be executed in random order. This might lead to race conditions and potential bugs.
2025-11-05 17:19:42,105 : INFO : EventManager : Event: ======'blink_on'====== Args={'priority': 0}
2025-11-05 17:19:42,509 : INFO : SwitchController : <<<<<<< 's_right_inlane' active >>>>>>>
2025-11-05 17:19:42,509 : INFO : EventManager : Event: ======'s_right_inlane_active'====== Args={}
2025-11-05 17:19:42,509 : INFO : EventManager : Event: ======'sw_playfield_active'====== Args={}
2025-11-05 17:19:42,509 : INFO : EventManager : Event: ======'machine_var_audits_switches_s_right_inlane'====== Args={'value': 9, 'prev_value': 8, 'change': 1}
2025-11-05 17:19:42,509 : INFO : EventManager : Event: ======'player_score'====== Args={'value': 100, 'prev_value': 0, 'change': 100, 'player_num': 1, 'source': 'base'}
2025-11-05 17:19:42,511 : INFO : EventManager : Event: ======'playfield_active'====== Args={'source': None}
2025-11-05 17:19:42,523 : INFO : ball_device.bd_trough : Got eject confirm
2025-11-05 17:19:42,523 : INFO : ball_device.bd_trough : Eject successful
2025-11-05 17:19:42,524 : INFO : EventManager : Event: ======'balldevice_bd_trough_ball_eject_success'====== Args={'balls': 1, 'target': <playfield.playfield>}
2025-11-05 17:19:42,524 : INFO : EventManager : Event: ======'balldevice_playfield_ball_enter'====== Args={'new_balls': 1, 'unclaimed_balls': 1, 'device': <playfield.playfield>}
2025-11-05 17:19:42,524 : INFO : EventManager : Event: ======'playfield_ball_count_change'====== Args={'balls': 1, 'change': 1}
2025-11-05 17:19:42,524 : INFO : EventManager : Event: ======'balldevice_bd_trough_ball_count_changed'====== Args={'balls': 0}
2025-11-05 17:19:42,524 : INFO : ball_device.bd_trough : State: idle
2025-11-05 17:19:42,695 : INFO : EventManager : Event: ======'blink_off'====== Args={'priority': 0}
2025-11-05 17:19:42,695 : INFO : EventManager : Unordered handler for class <Auditor> on event game_ended with priority 1. Handlers: [RegisteredHandler(callback=<bound method Auditor.disable of <Auditor>>, priority=1, kwargs={}, key=UUID('8a6d207f-2446-43a5-8042-8f0cd3c77068'), condition=None, blocking_facility=None), RegisteredHandler(callback=<bound method Auditor._save_audits of <Auditor>>, priority=1, kwargs={}, key=UUID('1b7383b9-d9d5-4a56-a213-a23c3bf64edb'), condition=None, blocking_facility=None)]. The order of those handlers is not defined and they will be executed in random order. This might lead to race conditions and potential bugs.
2025-11-05 17:19:42,911 : INFO : SwitchController : <<<<<<< 's_right_inlane' inactive >>>>>>>
2025-11-05 17:19:43,302 : INFO : EventManager : Event: ======'blink_on'====== Args={'priority': 0}
2025-11-05 17:19:43,909 : INFO : EventManager : Event: ======'blink_off'====== Args={'priority': 0}
2025-11-05 17:19:43,909 : INFO : EventManager : Unordered handler for class <Auditor> on event game_ended with priority 1. Handlers: [RegisteredHandler(callback=<bound method Auditor.disable of <Auditor>>, priority=1, kwargs={}, key=UUID('8a6d207f-2446-43a5-8042-8f0cd3c77068'), condition=None, blocking_facility=None), RegisteredHandler(callback=<bound method Auditor._save_audits of <Auditor>>, priority=1, kwargs={}, key=UUID('1b7383b9-d9d5-4a56-a213-a23c3bf64edb'), condition=None, blocking_facility=None)]. The order of those handlers is not defined and they will be executed in random order. This might lead to race conditions and potential bugs.
2025-11-05 17:19:44,501 : INFO : EventManager : Event: ======'blink_on'====== Args={'priority': 0}
2025-11-05 17:19:45,107 : INFO : EventManager : Event: ======'blink_off'====== Args={'priority': 0}
2025-11-05 17:19:45,107 : INFO : EventManager : Unordered handler for class <Auditor> on event game_ended with priority 1. Handlers: [RegisteredHandler(callback=<bound method Auditor.disable of <Auditor>>, priority=1, kwargs={}, key=UUID('8a6d207f-2446-43a5-8042-8f0cd3c77068'), condition=None, blocking_facility=None), RegisteredHandler(callback=<bound method Auditor._save_audits of <Auditor>>, priority=1, kwargs={}, key=UUID('1b7383b9-d9d5-4a56-a213-a23c3bf64edb'), condition=None, blocking_facility=None)]. The order of those handlers is not defined and they will be executed in random order. This might lead to race conditions and potential bugs.
2025-11-05 17:19:45,215 : INFO : SwitchController : <<<<<<< 's_trough' active >>>>>>>
2025-11-05 17:19:45,215 : INFO : EventManager : Event: ======'machine_var_audits_switches_s_trough'====== Args={'value': 478, 'prev_value': 477, 'change': 1}
2025-11-05 17:19:45,231 : INFO : SwitchController : <<<<<<< 's_trough' inactive >>>>>>>
2025-11-05 17:19:45,247 : INFO : SwitchController : <<<<<<< 's_trough' active >>>>>>>
2025-11-05 17:19:45,247 : INFO : EventManager : Event: ======'machine_var_audits_switches_s_trough'====== Args={'value': 479, 'prev_value': 478, 'change': 1}
2025-11-05 17:19:45,701 : INFO : EventManager : Event: ======'blink_on'====== Args={'priority': 0}
2025-11-05 17:19:45,748 : INFO : EventManager : Event: ======'balldevice_bd_trough_ball_count_changed'====== Args={'balls': 1}
2025-11-05 17:19:45,748 : INFO : ball_device.bd_trough : Received unexpected ball
2025-11-05 17:19:45,748 : INFO : EventManager : Event: ======'balldevice_captured_from_playfield'====== Args={'balls': 1}
2025-11-05 17:19:45,749 : INFO : EventManager : Event: ======'sw_playfield_active'====== Args={'balls': 1}
2025-11-05 17:19:45,749 : INFO : EventManager : Event: ======'playfield_ball_count_change'====== Args={'balls': 0, 'change': -1}
2025-11-05 17:19:45,749 : INFO : EventManager : Event: ======'balldevice_bd_trough_ball_enter'====== Args={'new_balls': 1, 'unclaimed_balls': 1, 'new_available_balls': 1, 'device': <ball_device.bd_trough>}
2025-11-05 17:19:45,750 : INFO : EventManager : Event: ======'ball_drain'====== Args={'device': <ball_device.bd_trough>, 'balls': 1}
2025-11-05 17:19:45,750 : INFO : EventManager : Event: ======'ball_will_end'====== Args={}
2025-11-05 17:19:45,750 : INFO : EventManager : Event: ======'balldevice_balls_available'====== Args={}
2025-11-05 17:19:45,750 : INFO : EventManager : Event: ======'balldevice_bd_trough_ball_entered'====== Args={'new_balls': 1, 'device': <ball_device.bd_trough>}
2025-11-05 17:19:45,751 : INFO : EventManager : Event: ======'ball_ending'====== Args={}
2025-11-05 17:19:45,752 : INFO : EventManager : Event: ======'mode_base_will_stop'====== Args={}
2025-11-05 17:19:45,752 : INFO : EventManager : Event: ======'mode_base_stopping'====== Args={}
2025-11-05 17:19:45,752 : INFO : EventManager : Event: ======'godot_stop_base'====== Args={'priority': 0}
2025-11-05 17:19:45,752 : INFO : Mode.base : Stopped.
2025-11-05 17:19:45,752 : INFO : EventManager : Event: ======'modes_active_modes_changed'====== Args={}
2025-11-05 17:19:45,753 : INFO : EventManager : Event: ======'mode_base_stopped'====== Args={}
2025-11-05 17:19:45,753 : INFO : EventManager : Event: ======'clear'====== Args={'key': 'base'}
2025-11-05 17:19:45,765 : INFO : EventManager : Event: ======'ball_ended'====== Args={}
2025-11-05 17:19:45,766 : INFO : EventManager : Event: ======'player_turn_will_end'====== Args={'player': <Player 1>, 'number': 1}
2025-11-05 17:19:45,769 : INFO : EventManager : Event: ======'player_turn_ending'====== Args={'player': <Player 1>, 'number': 1}
2025-11-05 17:19:45,771 : INFO : EventManager : Event: ======'player_turn_ended'====== Args={'player': <Player 1>, 'number': 1}
2025-11-05 17:19:45,771 : INFO : EventManager : Event: ======'player_turn_will_start'====== Args={'player': <Player 1>, 'number': 1}
2025-11-05 17:19:45,771 : INFO : EventManager : Event: ======'player_turn_starting'====== Args={'player': <Player 1>, 'number': 1}
2025-11-05 17:19:45,772 : INFO : EventManager : Event: ======'player_ball'====== Args={'value': 2, 'prev_value': 1, 'change': 1, 'player_num': 1}
2025-11-05 17:19:45,772 : INFO : EventManager : Event: ======'player_turn_started'====== Args={'player': <Player 1>, 'number': 1}
2025-11-05 17:19:45,773 : INFO : EventManager : Event: ======'ball_will_start'====== Args={'player': 1, 'ball': 2, 'balls_remaining': 1, 'is_extra_ball': False}
2025-11-05 17:19:45,778 : INFO : EventManager : Event: ======'ball_starting'====== Args={'player': 1, 'ball': 2, 'balls_remaining': 1, 'is_extra_ball': False}
2025-11-05 17:19:45,779 : INFO : drop_target_bank.right_bank : All targets are already up. Will not reset bank.
2025-11-05 17:19:45,779 : INFO : drop_target_bank.left_bank : All targets are already up. Will not reset bank.
2025-11-05 17:19:45,780 : INFO : EventManager : Event: ======'balls_in_play'====== Args={'balls': 1}
2025-11-05 17:19:45,780 : INFO : EventManager : Event: ======'ball_started'====== Args={'player': 1, 'ball': 2, 'balls_remaining': 1, 'is_extra_ball': False}
2025-11-05 17:19:45,780 : INFO : EventManager : Event: ======'mode_music_ball_2plus_will_start'====== Args={'player': 1, 'ball': 2, 'balls_remaining': 1, 'is_extra_ball': False}
2025-11-05 17:19:45,780 : INFO : EventManager : Unordered handler for class <Auditor> on event game_ended with priority 1. Handlers: [RegisteredHandler(callback=<bound method Auditor.disable of <Auditor>>, priority=1, kwargs={}, key=UUID('8a6d207f-2446-43a5-8042-8f0cd3c77068'), condition=None, blocking_facility=None), RegisteredHandler(callback=<bound method Auditor._save_audits of <Auditor>>, priority=1, kwargs={}, key=UUID('1b7383b9-d9d5-4a56-a213-a23c3bf64edb'), condition=None, blocking_facility=None)]. The order of those handlers is not defined and they will be executed in random order. This might lead to race conditions and potential bugs.
2025-11-05 17:19:45,781 : INFO : EventManager : Event: ======'mode_music_ball_2plus_starting'====== Args={'player': 1, 'ball': 2, 'balls_remaining': 1, 'is_extra_ball': False}
2025-11-05 17:19:45,781 : INFO : EventManager : Event: ======'mode_base_will_start'====== Args={'player': 1, 'ball': 2, 'balls_remaining': 1, 'is_extra_ball': False}
2025-11-05 17:19:45,781 : INFO : EventManager : Unordered handler for class <Auditor> on event game_ended with priority 1. Handlers: [RegisteredHandler(callback=<bound method Auditor.disable of <Auditor>>, priority=1, kwargs={}, key=UUID('8a6d207f-2446-43a5-8042-8f0cd3c77068'), condition=None, blocking_facility=None), RegisteredHandler(callback=<bound method Auditor._save_audits of <Auditor>>, priority=1, kwargs={}, key=UUID('1b7383b9-d9d5-4a56-a213-a23c3bf64edb'), condition=None, blocking_facility=None)]. The order of those handlers is not defined and they will be executed in random order. This might lead to race conditions and potential bugs.
2025-11-05 17:19:45,781 : INFO : EventManager : Unordered handler for class <Auditor> on event game_ended with priority 1. Handlers: [RegisteredHandler(callback=<bound method Auditor.disable of <Auditor>>, priority=1, kwargs={}, key=UUID('8a6d207f-2446-43a5-8042-8f0cd3c77068'), condition=None, blocking_facility=None), RegisteredHandler(callback=<bound method Auditor._save_audits of <Auditor>>, priority=1, kwargs={}, key=UUID('1b7383b9-d9d5-4a56-a213-a23c3bf64edb'), condition=None, blocking_facility=None)]. The order of those handlers is not defined and they will be executed in random order. This might lead to race conditions and potential bugs.
2025-11-05 17:19:45,784 : INFO : EventManager : Event: ======'mode_base_starting'====== Args={'player': 1, 'ball': 2, 'balls_remaining': 1, 'is_extra_ball': False}
2025-11-05 17:19:45,785 : INFO : EventManager : Unordered handler for class <Auditor> on event game_ended with priority 1. Handlers: [RegisteredHandler(callback=<bound method Auditor.disable of <Auditor>>, priority=1, kwargs={}, key=UUID('8a6d207f-2446-43a5-8042-8f0cd3c77068'), condition=None, blocking_facility=None), RegisteredHandler(callback=<bound method Auditor._save_audits of <Auditor>>, priority=1, kwargs={}, key=UUID('1b7383b9-d9d5-4a56-a213-a23c3bf64edb'), condition=None, blocking_facility=None)]. The order of those handlers is not defined and they will be executed in random order. This might lead to race conditions and potential bugs.
2025-11-05 17:19:45,785 : INFO : Mode.music_ball_2plus : Started. Priority: 60
2025-11-05 17:19:45,785 : INFO : EventManager : Event: ======'modes_active_modes_changed'====== Args={}
2025-11-05 17:19:45,785 : INFO : EventManager : Event: ======'mode_music_ball_2plus_started'====== Args={'player': 1, 'ball': 2, 'balls_remaining': 1, 'is_extra_ball': False}
2025-11-05 17:19:45,788 : INFO : EventManager : Event: ======'logicblock_eg_pop_counter_updated'====== Args={'value': 0, 'enabled': True}
2025-11-05 17:19:45,788 : INFO : EventManager : Event: ======'logicblock_eg_pop_counter_updated'====== Args={'value': 0, 'enabled': True}
2025-11-05 17:19:45,788 : INFO : Mode.base : Started. Priority: 50
2025-11-05 17:19:45,788 : INFO : EventManager : Event: ======'modes_active_modes_changed'====== Args={}
2025-11-05 17:19:45,788 : INFO : EventManager : Event: ======'mode_base_started'====== Args={'player': 1, 'ball': 2, 'balls_remaining': 1, 'is_extra_ball': False}
2025-11-05 17:19:45,788 : INFO : EventManager : Event: ======'stop_mode_attract'====== Args={'priority': 0}
2025-11-05 17:19:45,788 : INFO : EventManager : Event: ======'mode_attract_will_stop'====== Args={'priority': 0}
2025-11-05 17:19:45,788 : INFO : EventManager : Event: ======'godot_attract_off'====== Args={'priority': 0}
2025-11-05 17:19:45,788 : INFO : EventManager : Event: ======'godot_play_base'====== Args={'priority': 0}
2025-11-05 17:19:45,788 : INFO : EventManager : Event: ======'single_player_ball_started'====== Args={}
2025-11-05 17:19:45,806 : INFO : EventManager : Event: ======'ball_start_target'====== Args={'target': 'playfield'}
2025-11-05 17:19:45,806 : INFO : ball_device.bd_trough : Setting up player-controlled eject. Balls: 1, Target: <playfield.playfield>, player_controlled_eject_event: None
2025-11-05 17:19:45,806 : INFO : ball_device.bd_trough : Adding 1 ball(s) to the eject_queue with target <playfield.playfield>.
2025-11-05 17:19:45,806 : INFO : EventManager : Event: ======'balldevice_balls_available'====== Args={}
2025-11-05 17:19:45,808 : INFO : ball_device.bd_trough : State: waiting_for_target_ready
2025-11-05 17:19:45,808 : INFO : EventManager : Event: ======'balldevice_bd_trough_ball_eject_attempt'====== Args={'balls': 1, 'target': <playfield.playfield>, 'source': <ball_device.bd_trough>, 'mechanical_eject': False, 'num_attempts': 0}
2025-11-05 17:19:45,808 : INFO : ball_device.bd_trough : State: ejecting
2025-11-05 17:19:45,809 : INFO : ball_device.bd_trough : Ejecting ball to <playfield.playfield>
2025-11-05 17:19:45,809 : INFO : EventManager : Event: ======'balldevice_bd_trough_ejecting_ball'====== Args={'balls': 1, 'target': <playfield.playfield>, 'source': <ball_device.bd_trough>, 'mechanical_eject': False, 'num_attempts': 0}
2025-11-05 17:19:45,809 : INFO : ball_device.bd_trough : Wait for ball to leave device
2025-11-05 17:19:45,810 : INFO : coil.c_trough_eject : Pulsing Driver for 40ms (1.0 pulse_power)
2025-11-05 17:19:45,873 : INFO : SwitchController : <<<<<<< 's_trough' inactive >>>>>>>
2025-11-05 17:19:45,880 : INFO : ball_device.bd_trough : State: ball_left
2025-11-05 17:19:45,880 : INFO : ball_device.bd_trough : Ball left
2025-11-05 17:19:45,880 : INFO : ball_device.bd_trough : Wait for confirm with timeout 10.0
2025-11-05 17:19:45,969 : INFO : EventManager : Event: ======'slide_base_created'====== Args={'_from_bcp': True}
2025-11-05 17:19:45,969 : INFO : EventManager : Event: ======'slide_base_inactive'====== Args={'is_removing': True, '_from_bcp': True}
2025-11-05 17:19:45,970 : INFO : EventManager : Event: ======'slide_base_active'====== Args={'original_context': 'base', 'original_calling_context': 'mode_base_started', 'priority': 50.0, 'player': 1.0, 'ball': 2.0, 'balls_remaining': 1.0, 'is_extra_ball': False, 'cmd': 'slides_play', '_from_bcp': True}
2025-11-05 17:19:45,970 : INFO : EventManager : Event: ======'slide_base_removed'====== Args={'_from_bcp': True}
2025-11-05 17:19:46,291 : INFO : EventManager : Event: ======'blink_off'====== Args={'priority': 0}
2025-11-05 17:19:46,908 : INFO : EventManager : Event: ======'blink_on'====== Args={'priority': 0}
2025-11-05 17:19:47,499 : INFO : EventManager : Event: ======'blink_off'====== Args={'priority': 0}
2025-11-05 17:19:47,500 : INFO : EventManager : Unordered handler for class <Auditor> on event game_ended with priority 1. Handlers: [RegisteredHandler(callback=<bound method Auditor.disable of <Auditor>>, priority=1, kwargs={}, key=UUID('8a6d207f-2446-43a5-8042-8f0cd3c77068'), condition=None, blocking_facility=None), RegisteredHandler(callback=<bound method Auditor._save_audits of <Auditor>>, priority=1, kwargs={}, key=UUID('1b7383b9-d9d5-4a56-a213-a23c3bf64edb'), condition=None, blocking_facility=None)]. The order of those handlers is not defined and they will be executed in random order. This might lead to race conditions and potential bugs.
2025-11-05 17:19:48,105 : INFO : EventManager : Event: ======'blink_on'====== Args={'priority': 0}
2025-11-05 17:19:48,693 : INFO : EventManager : Event: ======'blink_off'====== Args={'priority': 0}
2025-11-05 17:19:48,693 : INFO : EventManager : Unordered handler for class <Auditor> on event game_ended with priority 1. Handlers: [RegisteredHandler(callback=<bound method Auditor.disable of <Auditor>>, priority=1, kwargs={}, key=UUID('8a6d207f-2446-43a5-8042-8f0cd3c77068'), condition=None, blocking_facility=None), RegisteredHandler(callback=<bound method Auditor._save_audits of <Auditor>>, priority=1, kwargs={}, key=UUID('1b7383b9-d9d5-4a56-a213-a23c3bf64edb'), condition=None, blocking_facility=None)]. The order of those handlers is not defined and they will be executed in random order. This might lead to race conditions and potential bugs.
2025-11-05 17:19:49,301 : INFO : EventManager : Event: ======'blink_on'====== Args={'priority': 0}
2025-11-05 17:19:49,908 : INFO : EventManager : Event: ======'blink_off'====== Args={'priority': 0}
2025-11-05 17:19:49,908 : INFO : EventManager : Unordered handler for class <Auditor> on event game_ended with priority 1. Handlers: [RegisteredHandler(callback=<bound method Auditor.disable of <Auditor>>, priority=1, kwargs={}, key=UUID('8a6d207f-2446-43a5-8042-8f0cd3c77068'), condition=None, blocking_facility=None), RegisteredHandler(callback=<bound method Auditor._save_audits of <Auditor>>, priority=1, kwargs={}, key=UUID('1b7383b9-d9d5-4a56-a213-a23c3bf64edb'), condition=None, blocking_facility=None)]. The order of those handlers is not defined and they will be executed in random order. This might lead to race conditions and potential bugs.
2025-11-05 17:19:50,496 : INFO : EventManager : Event: ======'blink_on'====== Args={'priority': 0}
2025-11-05 17:19:51,101 : INFO : EventManager : Event: ======'blink_off'====== Args={'priority': 0}
2025-11-05 17:19:51,101 : INFO : EventManager : Unordered handler for class <Auditor> on event game_ended with priority 1. Handlers: [RegisteredHandler(callback=<bound method Auditor.disable of <Auditor>>, priority=1, kwargs={}, key=UUID('8a6d207f-2446-43a5-8042-8f0cd3c77068'), condition=None, blocking_facility=None), RegisteredHandler(callback=<bound method Auditor._save_audits of <Auditor>>, priority=1, kwargs={}, key=UUID('1b7383b9-d9d5-4a56-a213-a23c3bf64edb'), condition=None, blocking_facility=None)]. The order of those handlers is not defined and they will be executed in random order. This might lead to race conditions and potential bugs.
2025-11-05 17:19:51,705 : INFO : EventManager : Event: ======'blink_on'====== Args={'priority': 0}
2025-11-05 17:19:52,267 : INFO : SwitchController : <<<<<<< 's_right_inlane' active >>>>>>>
2025-11-05 17:19:52,267 : INFO : EventManager : Event: ======'s_right_inlane_active'====== Args={}
2025-11-05 17:19:52,267 : INFO : EventManager : Event: ======'sw_playfield_active'====== Args={}
2025-11-05 17:19:52,267 : INFO : EventManager : Event: ======'machine_var_audits_switches_s_right_inlane'====== Args={'value': 10, 'prev_value': 9, 'change': 1}
2025-11-05 17:19:52,268 : INFO : EventManager : Event: ======'player_score'====== Args={'value': 200, 'prev_value': 100, 'change': 100, 'player_num': 1, 'source': 'base'}
2025-11-05 17:19:52,269 : INFO : EventManager : Event: ======'playfield_active'====== Args={'source': None}
2025-11-05 17:19:52,280 : INFO : ball_device.bd_trough : Got eject confirm
2025-11-05 17:19:52,280 : INFO : ball_device.bd_trough : Eject successful
2025-11-05 17:19:52,280 : INFO : EventManager : Event: ======'balldevice_bd_trough_ball_eject_success'====== Args={'balls': 1, 'target': <playfield.playfield>}
2025-11-05 17:19:52,281 : INFO : EventManager : Event: ======'balldevice_playfield_ball_enter'====== Args={'new_balls': 1, 'unclaimed_balls': 1, 'device': <playfield.playfield>}
2025-11-05 17:19:52,281 : INFO : EventManager : Event: ======'playfield_ball_count_change'====== Args={'balls': 1, 'change': 1}
2025-11-05 17:19:52,282 : INFO : EventManager : Event: ======'balldevice_bd_trough_ball_count_changed'====== Args={'balls': 0}
2025-11-05 17:19:52,282 : INFO : ball_device.bd_trough : State: idle
2025-11-05 17:19:52,297 : INFO : EventManager : Event: ======'blink_off'====== Args={'priority': 0}
2025-11-05 17:19:52,297 : INFO : EventManager : Unordered handler for class <Auditor> on event game_ended with priority 1. Handlers: [RegisteredHandler(callback=<bound method Auditor.disable of <Auditor>>, priority=1, kwargs={}, key=UUID('8a6d207f-2446-43a5-8042-8f0cd3c77068'), condition=None, blocking_facility=None), RegisteredHandler(callback=<bound method Auditor._save_audits of <Auditor>>, priority=1, kwargs={}, key=UUID('1b7383b9-d9d5-4a56-a213-a23c3bf64edb'), condition=None, blocking_facility=None)]. The order of those handlers is not defined and they will be executed in random order. This might lead to race conditions and potential bugs.
2025-11-05 17:19:52,700 : INFO : SwitchController : <<<<<<< 's_right_inlane' inactive >>>>>>>
2025-11-05 17:19:52,900 : INFO : EventManager : Event: ======'blink_on'====== Args={'priority': 0}
2025-11-05 17:19:53,503 : INFO : EventManager : Event: ======'blink_off'====== Args={'priority': 0}
2025-11-05 17:19:53,503 : INFO : EventManager : Unordered handler for class <Auditor> on event game_ended with priority 1. Handlers: [RegisteredHandler(callback=<bound method Auditor.disable of <Auditor>>, priority=1, kwargs={}, key=UUID('8a6d207f-2446-43a5-8042-8f0cd3c77068'), condition=None, blocking_facility=None), RegisteredHandler(callback=<bound method Auditor._save_audits of <Auditor>>, priority=1, kwargs={}, key=UUID('1b7383b9-d9d5-4a56-a213-a23c3bf64edb'), condition=None, blocking_facility=None)]. The order of those handlers is not defined and they will be executed in random order. This might lead to race conditions and potential bugs.
2025-11-05 17:19:54,108 : INFO : EventManager : Event: ======'blink_on'====== Args={'priority': 0}
2025-11-05 17:19:54,697 : INFO : EventManager : Event: ======'blink_off'====== Args={'priority': 0}
2025-11-05 17:19:54,698 : INFO : EventManager : Unordered handler for class <Auditor> on event game_ended with priority 1. Handlers: [RegisteredHandler(callback=<bound method Auditor.disable of <Auditor>>, priority=1, kwargs={}, key=UUID('8a6d207f-2446-43a5-8042-8f0cd3c77068'), condition=None, blocking_facility=None), RegisteredHandler(callback=<bound method Auditor._save_audits of <Auditor>>, priority=1, kwargs={}, key=UUID('1b7383b9-d9d5-4a56-a213-a23c3bf64edb'), condition=None, blocking_facility=None)]. The order of those handlers is not defined and they will be executed in random order. This might lead to race conditions and potential bugs.
2025-11-05 17:19:55,290 : INFO : EventManager : Event: ======'blink_on'====== Args={'priority': 0}
2025-11-05 17:19:55,897 : INFO : EventManager : Event: ======'blink_off'====== Args={'priority': 0}
2025-11-05 17:19:55,897 : INFO : EventManager : Unordered handler for class <Auditor> on event game_ended with priority 1. Handlers: [RegisteredHandler(callback=<bound method Auditor.disable of <Auditor>>, priority=1, kwargs={}, key=UUID('8a6d207f-2446-43a5-8042-8f0cd3c77068'), condition=None, blocking_facility=None), RegisteredHandler(callback=<bound method Auditor._save_audits of <Auditor>>, priority=1, kwargs={}, key=UUID('1b7383b9-d9d5-4a56-a213-a23c3bf64edb'), condition=None, blocking_facility=None)]. The order of those handlers is not defined and they will be executed in random order. This might lead to race conditions and potential bugs.
2025-11-05 17:19:56,490 : INFO : EventManager : Event: ======'blink_on'====== Args={'priority': 0}
2025-11-05 17:19:57,100 : INFO : EventManager : Event: ======'blink_off'====== Args={'priority': 0}
2025-11-05 17:19:57,100 : INFO : EventManager : Unordered handler for class <Auditor> on event game_ended with priority 1. Handlers: [RegisteredHandler(callback=<bound method Auditor.disable of <Auditor>>, priority=1, kwargs={}, key=UUID('8a6d207f-2446-43a5-8042-8f0cd3c77068'), condition=None, blocking_facility=None), RegisteredHandler(callback=<bound method Auditor._save_audits of <Auditor>>, priority=1, kwargs={}, key=UUID('1b7383b9-d9d5-4a56-a213-a23c3bf64edb'), condition=None, blocking_facility=None)]. The order of those handlers is not defined and they will be executed in random order. This might lead to race conditions and potential bugs.
2025-11-05 17:19:57,406 : INFO : Machine : Shutting down...
2025-11-05 17:19:57,406 : INFO : EventManager : Event: ======'shutdown'====== Args={}
2025-11-05 17:19:57,407 : INFO : EventManager : Event: ======'mode_game_will_stop'====== Args={}
2025-11-05 17:19:57,407 : INFO : EventManager : Event: ======'mode_game_stopping'====== Args={}
2025-11-05 17:19:57,409 : INFO : EventManager : Event: ======'mode_base_will_stop'====== Args={}
2025-11-05 17:19:57,410 : INFO : EventManager : Event: ======'mode_base_stopping'====== Args={}
2025-11-05 17:19:57,410 : INFO : EventManager : Event: ======'mode_music_ball_2plus_will_stop'====== Args={}
2025-11-05 17:19:57,410 : INFO : EventManager : Event: ======'mode_music_ball_2plus_stopping'====== Args={}
2025-11-05 17:19:57,410 : INFO : EventManager : Event: ======'godot_stop_base'====== Args={'priority': 0}
2025-11-05 17:19:57,410 : INFO : Mode.music_ball_2plus : Stopped.
2025-11-05 17:19:57,410 : INFO : EventManager : Event: ======'modes_active_modes_changed'====== Args={}
2025-11-05 17:19:57,410 : INFO : EventManager : Event: ======'mode_music_ball_2plus_stopped'====== Args={}
2025-11-05 17:19:57,410 : INFO : EventManager : Event: ======'clear'====== Args={'key': 'music_ball_2plus'}
2025-11-05 17:19:57,411 : INFO : Mode.base : Stopped.
2025-11-05 17:19:57,411 : INFO : EventManager : Event: ======'modes_active_modes_changed'====== Args={}
2025-11-05 17:19:57,411 : INFO : EventManager : Event: ======'mode_base_stopped'====== Args={}
2025-11-05 17:19:57,411 : INFO : EventManager : Event: ======'clear'====== Args={'key': 'base'}
2025-11-05 17:19:57,412 : INFO : Mode.game : Stopped.
2025-11-05 17:19:57,412 : INFO : EventManager : Event: ======'modes_active_modes_changed'====== Args={}
2025-11-05 17:19:57,412 : INFO : EventManager : Event: ======'mode_game_stopped'====== Args={}
2025-11-05 17:19:57,412 : INFO : EventManager : Event: ======'clear'====== Args={'key': 'game'}
2025-11-05 17:19:57,518 : INFO : root : MPF run loop ended.
