2025-10-31 11:29:20,518 : INFO : root : Loading config.
2025-10-31 11:29:20,524 : INFO : YamlMultifileConfigLoader : Machine config file #1: config.yaml
2025-10-31 11:29:20,525 : INFO : ConfigProcessor : Loading config from cache: C:\Users\antho\AppData\Local\Temp\fdca14d0c9d658ab8200d57120800af5.mpf_cache
2025-10-31 11:29:20,679 : INFO : ConfigProcessor : Loading config from cache: C:\Users\antho\AppData\Local\Temp\5dec96b1547c4adf5bdd3d1715e74bc0.mpf_cache
2025-10-31 11:29:20,681 : INFO : ConfigProcessor : Loading config from cache: C:\Users\antho\AppData\Local\Temp\202a5840610e95051f9f473dfa660cc0.mpf_cache
2025-10-31 11:29:20,682 : INFO : ConfigProcessor : Loading config from cache: C:\Users\antho\AppData\Local\Temp\5dec96b1547c4adf5bdd3d1715e74bc0.mpf_cache
2025-10-31 11:29:20,682 : INFO : ConfigProcessor : Loading config from cache: C:\Users\antho\AppData\Local\Temp\2cd13a2d3f375e00ab01d6d09a85d8e7.mpf_cache
2025-10-31 11:29:20,683 : INFO : ConfigProcessor : Loading config from cache: C:\Users\antho\AppData\Local\Temp\9220b44b97b91972524500b81035d790.mpf_cache
2025-10-31 11:29:20,684 : INFO : ConfigProcessor : Loading config from cache: C:\Users\antho\AppData\Local\Temp\31ee881584fa6fce665a672a4f3f633a.mpf_cache
2025-10-31 11:29:20,685 : INFO : ConfigProcessor : Loading config from cache: C:\Users\antho\AppData\Local\Temp\5e841763ec73085bbf92358fe6afda21.mpf_cache
2025-10-31 11:29:20,687 : INFO : ConfigProcessor : Loading config from cache: C:\Users\antho\AppData\Local\Temp\7f73d12aa9beccac1cbd8c265ccda72e.mpf_cache
2025-10-31 11:29:20,687 : INFO : ConfigProcessor : Loading config from cache: C:\Users\antho\AppData\Local\Temp\a03ebaa9d6d5676c418deb142cb34911.mpf_cache
2025-10-31 11:29:20,688 : INFO : ConfigProcessor : Loading config from cache: C:\Users\antho\AppData\Local\Temp\b17152efa55a24f0424602723f8d3921.mpf_cache
2025-10-31 11:29:20,688 : INFO : ConfigProcessor : Loading config from cache: C:\Users\antho\AppData\Local\Temp\e87fc0e7d2f8a851b5fa3f604e0d0c6e.mpf_cache
2025-10-31 11:29:20,688 : INFO : ConfigProcessor : Loading config from cache: C:\Users\antho\AppData\Local\Temp\196ac76b6cab3a9880804c826cfbcb5c.mpf_cache
2025-10-31 11:29:20,689 : INFO : ConfigProcessor : Loading config from cache: C:\Users\antho\AppData\Local\Temp\55437eb303afaa980597ff60f339a871.mpf_cache
2025-10-31 11:29:20,689 : INFO : ConfigProcessor : Loading config from cache: C:\Users\antho\AppData\Local\Temp\fddc1006228d3387e6d1e46051a3638d.mpf_cache
2025-10-31 11:29:20,690 : INFO : ConfigProcessor : Loading config from cache: C:\Users\antho\AppData\Local\Temp\834292dd7853e12a66732dc89828c828.mpf_cache
2025-10-31 11:29:20,690 : INFO : ConfigProcessor : Loading config from cache: C:\Users\antho\AppData\Local\Temp\46f8fa3e41dfeeb8232af2f03a13b6c4.mpf_cache
2025-10-31 11:29:20,691 : INFO : ConfigProcessor : Loading config from cache: C:\Users\antho\AppData\Local\Temp\c67e9c175da6c060302945929b27b878.mpf_cache
2025-10-31 11:29:20,692 : INFO : Machine : Mission Pinball Framework Core Engine v0.80.0.dev11
2025-10-31 11:29:20,692 : INFO : Machine : Command line arguments: {'no_load_cache': False, 'create_config_cache': True, 'bcp': True, 'configfile': ['config.yaml'], 'force_assets_load': False, 'platform_integration_test': False, 'jsonlogging': False, 'logfile': 'logs\\2025-10-31-11-29-20-mpf-LAPTOP-MPGP6R69.log', 'pause': False, 'production': False, 'text_ui': True, 'loglevel': 15, 'consoleloglevel': 20, 'force_platform': None, 'syslog_address': None, 'full_logfile_path': 'C:\\Users\\antho\\nightpin\\logs\\2025-10-31-11-29-20-mpf-LAPTOP-MPGP6R69.log'}
2025-10-31 11:29:20,692 : INFO : Machine : MPF path: C:\Users\antho\mpf\Lib\site-packages\mpf
2025-10-31 11:29:20,692 : INFO : Machine : Machine path: C:\Users\antho\nightpin
2025-10-31 11:29:20,692 : INFO : Machine : Platform: win32
2025-10-31 11:29:20,692 : INFO : Machine : Python executable location: C:\Users\antho\mpf\Scripts\python.exe
2025-10-31 11:29:20,692 : INFO : Machine : Python version: 3.12.7 (64-bit)
2025-10-31 11:29:20,695 : INFO : Machine : Initializing MPF...
2025-10-31 11:29:20,969 : INFO : lisy : Connecting to com3 at 115200bps
2025-10-31 11:29:20,969 : WARNING : lisy : Could not import terminos (this is ok on windows).
2025-10-31 11:29:21,137 : INFO : EventManager : Event: ======'machine_var_lisy_hardware'====== Args={'value': 'LISY35', 'prev_value': None, 'change': True}
2025-10-31 11:29:21,137 : INFO : EventManager : Event: ======'machine_var_lisy_version'====== Args={'value': '5.26 ', 'prev_value': None, 'change': True}
2025-10-31 11:29:21,137 : INFO : EventManager : Event: ======'machine_var_lisy_api_version'====== Args={'value': b'0.09', 'prev_value': None, 'change': True}
2025-10-31 11:29:22,450 : INFO : EventManager : Event: ======'machine_var_credits_string'====== Args={'value': 'FREE PLAY', 'prev_value': None, 'change': True}
2025-10-31 11:29:22,487 : INFO : EventManager : Event: ======'machine_var_master_volume'====== Args={'value': 0.5, 'prev_value': None, 'change': True}
2025-10-31 11:29:22,487 : INFO : EventManager : Event: ======'machine_var_player1_score'====== Args={'value': 2200, 'prev_value': None, 'change': True}
2025-10-31 11:29:22,488 : INFO : EventManager : Event: ======'machine_var_player2_score'====== Args={'value': 1200, 'prev_value': None, 'change': True}
2025-10-31 11:29:22,488 : INFO : EventManager : Event: ======'machine_var_mpf_version'====== Args={'value': 'Mission Pinball Framework v0.80.0.dev11', 'prev_value': None, 'change': True}
2025-10-31 11:29:22,488 : INFO : EventManager : Event: ======'machine_var_mpf_extended_version'====== Args={'value': 'Mission Pinball Framework v0.80.0.dev11, Config version:6, Show version: 6, BCP version:1.1', 'prev_value': None, 'change': True}
2025-10-31 11:29:22,488 : INFO : EventManager : Event: ======'machine_var_python_version'====== Args={'value': '3.12.7', 'prev_value': None, 'change': True}
2025-10-31 11:29:22,629 : INFO : EventManager : Event: ======'machine_var_platform'====== Args={'value': 'Windows-11-10.0.26100-SP0', 'prev_value': None, 'change': True}
2025-10-31 11:29:22,629 : INFO : EventManager : Event: ======'machine_var_platform_system'====== Args={'value': 'Windows', 'prev_value': None, 'change': True}
2025-10-31 11:29:22,629 : INFO : EventManager : Event: ======'machine_var_platform_release'====== Args={'value': '11', 'prev_value': None, 'change': True}
2025-10-31 11:29:22,629 : INFO : EventManager : Event: ======'machine_var_platform_version'====== Args={'value': '10.0.26100', 'prev_value': None, 'change': True}
2025-10-31 11:29:22,630 : INFO : EventManager : Event: ======'machine_var_platform_machine'====== Args={'value': 'AMD64', 'prev_value': None, 'change': True}
2025-10-31 11:29:22,630 : INFO : EventManager : Event: ======'machine_var_log_file_path'====== Args={'value': 'C:\\Users\\antho\\nightpin\\logs\\2025-10-31-11-29-20-mpf-LAPTOP-MPGP6R69.log', 'prev_value': None, 'change': True}
2025-10-31 11:29:22,630 : INFO : EventManager : Event: ======'init_phase_1'====== Args={}
2025-10-31 11:29:22,677 : INFO : EventManager : Event: ======'drop_target_bank_right_bank_up'====== Args={}
2025-10-31 11:29:22,677 : INFO : EventManager : Event: ======'drop_target_bank_left_bank_up'====== Args={}
2025-10-31 11:29:22,748 : INFO : EventManager : Event: ======'init_phase_2'====== Args={}
2025-10-31 11:29:22,756 : INFO : EventManager : Event: ======'bcp_connection_attempt'====== Args={'name': 'local_display', 'host': 'localhost', 'port': 5050}
2025-10-31 11:29:22,758 : INFO : BCPClientSocket : Connecting BCP to 'local_display' at localhost:5050...
2025-10-31 11:29:22,778 : INFO : BCPClientSocket : Connected BCP to 'local_display' localhost:5050
2025-10-31 11:29:22,778 : INFO : EventManager : Event: ======'bcp_clients_connected'====== Args={}
2025-10-31 11:29:22,900 : INFO : ball_device.bd_trough : BCH: Initial count: 0
2025-10-31 11:29:22,933 : INFO : ball_device.bd_trough : State: idle
2025-10-31 11:29:22,934 : INFO : ball_device.bd_saucer : BCH: Initial count: 0
2025-10-31 11:29:22,934 : INFO : ball_device.bd_saucer : State: idle
2025-10-31 11:29:22,950 : INFO : EventManager : Event: ======'init_phase_3'====== Args={}
2025-10-31 11:29:22,956 : INFO : EventManager : Event: ======'init_phase_4'====== Args={}
2025-10-31 11:29:22,957 : INFO : BallController : Initial balls found: 0
2025-10-31 11:29:22,959 : INFO : EventManager : Event: ======'machine_var_audits_events_game_ended'====== Args={'value': 17, 'prev_value': None, 'change': True}
2025-10-31 11:29:22,960 : INFO : EventManager : Event: ======'machine_var_audits_events_game_started'====== Args={'value': 59, 'prev_value': None, 'change': True}
2025-10-31 11:29:22,960 : INFO : EventManager : Event: ======'machine_var_audits_missing_switches_s_coin_right'====== Args={'value': 58, 'prev_value': None, 'change': True}
2025-10-31 11:29:22,960 : INFO : EventManager : Event: ======'machine_var_audits_missing_switches_s_credit_button'====== Args={'value': 31, 'prev_value': None, 'change': True}
2025-10-31 11:29:22,960 : INFO : EventManager : Event: ======'machine_var_audits_missing_switches_s_left_bank_target_left'====== Args={'value': 11, 'prev_value': None, 'change': True}
2025-10-31 11:29:22,960 : INFO : EventManager : Event: ======'machine_var_audits_missing_switches_s_left_bank_target_right'====== Args={'value': 11, 'prev_value': None, 'change': True}
2025-10-31 11:29:22,960 : INFO : EventManager : Event: ======'machine_var_audits_missing_switches_s_left_sling'====== Args={'value': 11, 'prev_value': None, 'change': True}
2025-10-31 11:29:22,960 : INFO : EventManager : Event: ======'machine_var_audits_missing_switches_s_middle_skill_lane'====== Args={'value': 18, 'prev_value': None, 'change': True}
2025-10-31 11:29:22,960 : INFO : EventManager : Event: ======'machine_var_audits_missing_switches_s_right_outlane_rollover'====== Args={'value': 14, 'prev_value': None, 'change': True}
2025-10-31 11:29:22,960 : INFO : EventManager : Event: ======'machine_var_audits_missing_switches_s_right_sling'====== Args={'value': 18, 'prev_value': None, 'change': True}
2025-10-31 11:29:22,960 : INFO : EventManager : Event: ======'machine_var_audits_missing_switches_s_slam_tilt'====== Args={'value': 31, 'prev_value': None, 'change': True}
2025-10-31 11:29:22,960 : INFO : EventManager : Event: ======'machine_var_audits_missing_switches_s_stand_up'====== Args={'value': 31, 'prev_value': None, 'change': True}
2025-10-31 11:29:22,961 : INFO : EventManager : Event: ======'machine_var_audits_missing_switches_s_tilt'====== Args={'value': 29, 'prev_value': None, 'change': True}
2025-10-31 11:29:22,961 : INFO : EventManager : Event: ======'machine_var_audits_player_score'====== Args={'value': {'average': 1435, 'top': [5110, 5070, 4300, 4230, 3980, 3410, 2200, 1300, 1200, 500], 'total': 25}, 'prev_value': None, 'change': True}
2025-10-31 11:29:22,961 : INFO : EventManager : Event: ======'machine_var_audits_shots_sh_eg_pop_left'====== Args={'value': 5, 'prev_value': None, 'change': True}
2025-10-31 11:29:22,961 : INFO : EventManager : Event: ======'machine_var_audits_shots_sh_eg_pop_middle'====== Args={'value': 7, 'prev_value': None, 'change': True}
2025-10-31 11:29:22,961 : INFO : EventManager : Event: ======'machine_var_audits_shots_sh_eg_pop_right'====== Args={'value': 10, 'prev_value': None, 'change': True}
2025-10-31 11:29:22,961 : INFO : EventManager : Event: ======'machine_var_audits_shots_sh_eg_right_drop_left'====== Args={'value': 2, 'prev_value': None, 'change': True}
2025-10-31 11:29:22,961 : INFO : EventManager : Event: ======'machine_var_audits_shots_sh_eg_right_drop_middle'====== Args={'value': 2, 'prev_value': None, 'change': True}
2025-10-31 11:29:22,961 : INFO : EventManager : Event: ======'machine_var_audits_shots_sh_eg_right_drop_right'====== Args={'value': 2, 'prev_value': None, 'change': True}
2025-10-31 11:29:22,961 : INFO : EventManager : Event: ======'machine_var_audits_shots_sh_eg_spinner'====== Args={'value': 1, 'prev_value': None, 'change': True}
2025-10-31 11:29:22,961 : INFO : EventManager : Event: ======'machine_var_audits_shots_sh_escape_graveyard_start'====== Args={'value': 2, 'prev_value': None, 'change': True}
2025-10-31 11:29:22,961 : INFO : EventManager : Event: ======'machine_var_audits_switches_s_coin_right'====== Args={'value': 1, 'prev_value': None, 'change': True}
2025-10-31 11:29:22,961 : INFO : EventManager : Event: ======'machine_var_audits_switches_s_credit_button'====== Args={'value': 5, 'prev_value': None, 'change': True}
2025-10-31 11:29:22,961 : INFO : EventManager : Event: ======'machine_var_audits_switches_s_inlanes'====== Args={'value': 148, 'prev_value': None, 'change': True}
2025-10-31 11:29:22,962 : INFO : EventManager : Event: ======'machine_var_audits_switches_s_left_bank_target_left'====== Args={'value': 33, 'prev_value': None, 'change': True}
2025-10-31 11:29:22,962 : INFO : EventManager : Event: ======'machine_var_audits_switches_s_left_bank_target_middle'====== Args={'value': 25, 'prev_value': None, 'change': True}
2025-10-31 11:29:22,962 : INFO : EventManager : Event: ======'machine_var_audits_switches_s_left_bank_target_right'====== Args={'value': 25, 'prev_value': None, 'change': True}
2025-10-31 11:29:22,962 : INFO : EventManager : Event: ======'machine_var_audits_switches_s_left_lower_bumper'====== Args={'value': 31, 'prev_value': None, 'change': True}
2025-10-31 11:29:22,962 : INFO : EventManager : Event: ======'machine_var_audits_switches_s_left_outlane_rollover'====== Args={'value': 22, 'prev_value': None, 'change': True}
2025-10-31 11:29:22,962 : INFO : EventManager : Event: ======'machine_var_audits_switches_s_left_pop_bumper'====== Args={'value': 109, 'prev_value': None, 'change': True}
2025-10-31 11:29:22,962 : INFO : EventManager : Event: ======'machine_var_audits_switches_s_left_sling'====== Args={'value': 90, 'prev_value': None, 'change': True}
2025-10-31 11:29:22,962 : INFO : EventManager : Event: ======'machine_var_audits_switches_s_left_upper_bumper'====== Args={'value': 39, 'prev_value': None, 'change': True}
2025-10-31 11:29:22,962 : INFO : EventManager : Event: ======'machine_var_audits_switches_s_middle_pop_bumper'====== Args={'value': 101, 'prev_value': None, 'change': True}
2025-10-31 11:29:22,962 : INFO : EventManager : Event: ======'machine_var_audits_switches_s_middle_skill_lane'====== Args={'value': 32, 'prev_value': None, 'change': True}
2025-10-31 11:29:22,962 : INFO : EventManager : Event: ======'machine_var_audits_switches_s_middle_upper_rollovers'====== Args={'value': 72, 'prev_value': None, 'change': True}
2025-10-31 11:29:22,962 : INFO : EventManager : Event: ======'machine_var_audits_switches_s_outer_skill_lanes'====== Args={'value': 53, 'prev_value': None, 'change': True}
2025-10-31 11:29:22,962 : INFO : EventManager : Event: ======'machine_var_audits_switches_s_pop_bumper_bottom'====== Args={'value': 6, 'prev_value': None, 'change': True}
2025-10-31 11:29:22,962 : INFO : EventManager : Event: ======'machine_var_audits_switches_s_pop_bumper_left'====== Args={'value': 2, 'prev_value': None, 'change': True}
2025-10-31 11:29:22,962 : INFO : EventManager : Event: ======'machine_var_audits_switches_s_pop_bumper_right'====== Args={'value': 1, 'prev_value': None, 'change': True}
2025-10-31 11:29:22,962 : INFO : EventManager : Event: ======'machine_var_audits_switches_s_right_bank_target_left'====== Args={'value': 47, 'prev_value': None, 'change': True}
2025-10-31 11:29:22,963 : INFO : EventManager : Event: ======'machine_var_audits_switches_s_right_bank_target_middle'====== Args={'value': 37, 'prev_value': None, 'change': True}
2025-10-31 11:29:22,963 : INFO : EventManager : Event: ======'machine_var_audits_switches_s_right_bank_target_right'====== Args={'value': 35, 'prev_value': None, 'change': True}
2025-10-31 11:29:22,963 : INFO : EventManager : Event: ======'machine_var_audits_switches_s_right_outlane_rollover'====== Args={'value': 6, 'prev_value': None, 'change': True}
2025-10-31 11:29:22,963 : INFO : EventManager : Event: ======'machine_var_audits_switches_s_right_pop_bumper'====== Args={'value': 155, 'prev_value': None, 'change': True}
2025-10-31 11:29:22,963 : INFO : EventManager : Event: ======'machine_var_audits_switches_s_right_sling'====== Args={'value': 68, 'prev_value': None, 'change': True}
2025-10-31 11:29:22,963 : INFO : EventManager : Event: ======'machine_var_audits_switches_s_saucer'====== Args={'value': 65, 'prev_value': None, 'change': True}
2025-10-31 11:29:22,963 : INFO : EventManager : Event: ======'machine_var_audits_switches_s_slam_tilt'====== Args={'value': 5, 'prev_value': None, 'change': True}
2025-10-31 11:29:22,963 : INFO : EventManager : Event: ======'machine_var_audits_switches_s_spinner'====== Args={'value': 385, 'prev_value': None, 'change': True}
2025-10-31 11:29:22,963 : INFO : EventManager : Event: ======'machine_var_audits_switches_s_stand_up'====== Args={'value': 8, 'prev_value': None, 'change': True}
2025-10-31 11:29:22,964 : INFO : EventManager : Event: ======'machine_var_audits_switches_s_start_button'====== Args={'value': 30, 'prev_value': None, 'change': True}
2025-10-31 11:29:22,964 : INFO : EventManager : Event: ======'machine_var_audits_switches_s_tilt'====== Args={'value': 1, 'prev_value': None, 'change': True}
2025-10-31 11:29:22,964 : INFO : EventManager : Event: ======'machine_var_audits_switches_s_trough'====== Args={'value': 383, 'prev_value': None, 'change': True}
2025-10-31 11:29:22,965 : INFO : EventManager : Event: ======'init_phase_5'====== Args={}
2025-10-31 11:29:22,980 : INFO : EventManager : Event: ======'init_done'====== Args={}
2025-10-31 11:29:22,981 : INFO : EventManager : Event: ======'machine_reset_phase_1'====== Args={}
2025-10-31 11:29:22,982 : INFO : SwitchController : <<<<<<< 's_trough' active >>>>>>>
2025-10-31 11:29:22,991 : INFO : SwitchController : <<<<<<< 's_trough' inactive >>>>>>>
2025-10-31 11:29:22,996 : INFO : EventManager : Event: ======'machine_reset_phase_2'====== Args={}
2025-10-31 11:29:22,996 : INFO : SwitchController : <<<<<<< 's_trough' active >>>>>>>
2025-10-31 11:29:22,997 : INFO : EventManager : Event: ======'machine_reset_phase_3'====== Args={}
2025-10-31 11:29:23,002 : INFO : EventManager : Event: ======'mode_attract_will_start'====== Args={'queue': <QueuedEvent>}
2025-10-31 11:29:23,003 : INFO : EventManager : Event: ======'mode_attract_starting'====== Args={'queue': <QueuedEvent>}
2025-10-31 11:29:23,004 : INFO : Mode.attract : Started. Priority: 10
2025-10-31 11:29:23,004 : INFO : EventManager : Event: ======'modes_active_modes_changed'====== Args={}
2025-10-31 11:29:23,004 : INFO : EventManager : Event: ======'mode_attract_started'====== Args={'queue': <QueuedEvent>}
2025-10-31 11:29:23,004 : INFO : EventManager : Event: ======'godot_attract_on'====== Args={'priority': 0}
2025-10-31 11:29:23,004 : INFO : EventManager : Event: ======'collecting_balls_complete'====== Args={}
2025-10-31 11:29:23,006 : INFO : EventManager : Event: ======'reset_complete'====== Args={}
2025-10-31 11:29:23,006 : INFO : SwitchController : <<<<<<< 's_trough' inactive >>>>>>>
2025-10-31 11:29:23,022 : INFO : SwitchController : <<<<<<< 's_trough' active >>>>>>>
2025-10-31 11:29:23,029 : INFO : Machine : Starting the main run loop with active modes: [<Mode.attract>]
2025-10-31 11:29:23,041 : INFO : EventManager : Event: ======'slide_attract_created'====== Args={'_from_bcp': True}
2025-10-31 11:29:23,041 : INFO : EventManager : Event: ======'slide__removed'====== Args={'_from_bcp': True}
2025-10-31 11:29:23,042 : INFO : EventManager : Event: ======'slide_attract_active'====== Args={'original_context': 'attract', 'original_calling_context': 'mode_attract_started', 'priority': 10.0, 'queue': '<QueuedEvent>', 'cmd': 'slides_play', '_from_bcp': True}
2025-10-31 11:29:23,534 : INFO : EventManager : Event: ======'balldevice_bd_trough_ball_count_changed'====== Args={'balls': 1}
2025-10-31 11:29:23,534 : INFO : ball_device.bd_trough : Received unexpected ball
2025-10-31 11:29:23,534 : INFO : EventManager : Event: ======'balldevice_captured_from_playfield'====== Args={'balls': 1}
2025-10-31 11:29:23,536 : INFO : EventManager : Event: ======'sw_playfield_active'====== Args={'balls': 1}
2025-10-31 11:29:23,536 : INFO : EventManager : Event: ======'playfield_active'====== Args={'source': None}
2025-10-31 11:29:23,536 : INFO : EventManager : Event: ======'unexpected_ball_on_playfield'====== Args={}
2025-10-31 11:29:23,536 : INFO : EventManager : Event: ======'playfield_ball_count_change'====== Args={'balls': -1, 'change': -1}
2025-10-31 11:29:23,536 : INFO : EventManager : Event: ======'balldevice_playfield_ball_enter'====== Args={'new_balls': 1, 'unclaimed_balls': 1, 'device': <playfield.playfield>}
2025-10-31 11:29:23,536 : INFO : EventManager : Event: ======'playfield_ball_count_change'====== Args={'balls': 0, 'change': 1}
2025-10-31 11:29:23,536 : INFO : BallController : Found a new ball which was captured from playfield. Known balls: 1
2025-10-31 11:29:23,536 : INFO : EventManager : Event: ======'found_new_ball'====== Args={}
2025-10-31 11:29:23,536 : INFO : EventManager : Event: ======'balldevice_bd_trough_ball_enter'====== Args={'new_balls': 1, 'unclaimed_balls': 1, 'new_available_balls': 1, 'device': <ball_device.bd_trough>}
2025-10-31 11:29:23,537 : INFO : EventManager : Event: ======'ball_drain'====== Args={'device': <ball_device.bd_trough>, 'balls': 1}
2025-10-31 11:29:23,537 : INFO : EventManager : Event: ======'balldevice_balls_available'====== Args={}
2025-10-31 11:29:23,537 : INFO : EventManager : Event: ======'balldevice_bd_trough_ball_entered'====== Args={'new_balls': 1, 'device': <ball_device.bd_trough>}
2025-10-31 11:29:24,981 : INFO : EventManager : Event: ======'attract_wave_complete'====== Args={'priority': 0}
2025-10-31 11:29:25,369 : INFO : EventManager : Event: ======'attract_pulse_complete'====== Args={'priority': 0}
2025-10-31 11:29:25,772 : INFO : EventManager : Event: ======'attract_pulse_complete'====== Args={'priority': 0}
2025-10-31 11:29:26,189 : INFO : SwitchController : <<<<<<< 's_start_button' active >>>>>>>
2025-10-31 11:29:26,314 : INFO : SwitchController : <<<<<<< 's_start_button' inactive >>>>>>>
2025-10-31 11:29:26,314 : INFO : EventManager : Event: ======'request_to_start_game'====== Args={}
2025-10-31 11:29:26,314 : INFO : EventManager : Event: ======'game_start'====== Args={'buttons': [], 'hold_time': 0.125}
2025-10-31 11:29:26,314 : INFO : EventManager : Event: ======'mode_game_will_start'====== Args={'buttons': [], 'hold_time': 0.125}
2025-10-31 11:29:26,316 : INFO : EventManager : Event: ======'mode_game_starting'====== Args={'buttons': [], 'hold_time': 0.125}
2025-10-31 11:29:26,316 : INFO : Mode.game : Started. Priority: 20
2025-10-31 11:29:26,316 : INFO : EventManager : Event: ======'modes_active_modes_changed'====== Args={}
2025-10-31 11:29:26,316 : INFO : EventManager : Event: ======'mode_game_started'====== Args={'buttons': [], 'hold_time': 0.125}
2025-10-31 11:29:26,331 : INFO : EventManager : Event: ======'game_will_start'====== Args={}
2025-10-31 11:29:26,331 : INFO : EventManager : Event: ======'game_starting'====== Args={'game': <Mode.game>}
2025-10-31 11:29:26,332 : INFO : EventManager : Event: ======'mode_attract_will_stop'====== Args={}
2025-10-31 11:29:26,332 : INFO : EventManager : Event: ======'mode_attract_stopping'====== Args={}
2025-10-31 11:29:26,332 : INFO : EventManager : Event: ======'godot_attract_off'====== Args={'priority': 0}
2025-10-31 11:29:26,333 : INFO : EventManager : Unordered handler for class <Auditor> on event game_ended with priority 1. Handlers: [RegisteredHandler(callback=<bound method Auditor.disable of <Auditor>>, priority=1, kwargs={}, key=UUID('eaeb670a-3fbc-4844-bf5f-1f27d7ef97f5'), condition=None, blocking_facility=None), RegisteredHandler(callback=<bound method Auditor._save_audits of <Auditor>>, priority=1, kwargs={}, key=UUID('122619d9-ff99-47f9-9eba-e378188732d8'), condition=None, blocking_facility=None)]. The order of those handlers is not defined and they will be executed in random order. This might lead to race conditions and potential bugs.
2025-10-31 11:29:26,333 : INFO : EventManager : Event: ======'godot_attract_off'====== Args={'priority': 0}
2025-10-31 11:29:26,334 : INFO : Mode.attract : Stopped.
2025-10-31 11:29:26,334 : INFO : EventManager : Event: ======'modes_active_modes_changed'====== Args={}
2025-10-31 11:29:26,334 : INFO : EventManager : Event: ======'mode_attract_stopped'====== Args={}
2025-10-31 11:29:26,334 : INFO : EventManager : Event: ======'clear'====== Args={'key': 'attract'}
2025-10-31 11:29:26,334 : INFO : EventManager : Event: ======'player_add_request'====== Args={}
2025-10-31 11:29:26,335 : INFO : EventManager : Event: ======'player_will_add'====== Args={'number': 1}
2025-10-31 11:29:26,335 : INFO : EventManager : Event: ======'player_adding'====== Args={'player': <Player 1>, 'number': 1}
2025-10-31 11:29:26,335 : INFO : EventManager : Event: ======'player_added'====== Args={'player': <Player 1>, 'num': 1}
2025-10-31 11:29:26,335 : INFO : Mode.game : Player added successfully. Total players: 1
2025-10-31 11:29:26,335 : INFO : EventManager : Event: ======'player_index'====== Args={'value': 0, 'prev_value': 0, 'change': 0, 'player_num': 1}
2025-10-31 11:29:26,335 : INFO : EventManager : Event: ======'player_number'====== Args={'value': 1, 'prev_value': 1, 'change': 0, 'player_num': 1}
2025-10-31 11:29:26,336 : INFO : EventManager : Event: ======'player_score'====== Args={'value': 0, 'prev_value': 0, 'change': 0, 'player_num': 1}
2025-10-31 11:29:26,336 : INFO : EventManager : Unordered handler for class <Auditor> on event game_ended with priority 1. Handlers: [RegisteredHandler(callback=<bound method Auditor.disable of <Auditor>>, priority=1, kwargs={}, key=UUID('eaeb670a-3fbc-4844-bf5f-1f27d7ef97f5'), condition=None, blocking_facility=None), RegisteredHandler(callback=<bound method Auditor._save_audits of <Auditor>>, priority=1, kwargs={}, key=UUID('122619d9-ff99-47f9-9eba-e378188732d8'), condition=None, blocking_facility=None)]. The order of those handlers is not defined and they will be executed in random order. This might lead to race conditions and potential bugs.
2025-10-31 11:29:26,355 : INFO : EventManager : Event: ======'game_started'====== Args={}
2025-10-31 11:29:26,356 : INFO : EventManager : Event: ======'blink_on'====== Args={'priority': 0}
2025-10-31 11:29:26,357 : INFO : EventManager : Event: ======'player_turn_will_start'====== Args={'player': <Player 1>, 'number': 1}
2025-10-31 11:29:26,361 : INFO : EventManager : Event: ======'player_turn_starting'====== Args={'player': <Player 1>, 'number': 1}
2025-10-31 11:29:26,361 : INFO : EventManager : Event: ======'player_ball'====== Args={'value': 1, 'prev_value': 0, 'change': 1, 'player_num': 1}
2025-10-31 11:29:26,363 : INFO : EventManager : Event: ======'player_turn_started'====== Args={'player': <Player 1>, 'number': 1}
2025-10-31 11:29:26,363 : INFO : EventManager : Event: ======'ball_will_start'====== Args={'player': 1, 'ball': 1, 'balls_remaining': 2, 'is_extra_ball': False}
2025-10-31 11:29:26,367 : INFO : EventManager : Event: ======'ball_starting'====== Args={'player': 1, 'ball': 1, 'balls_remaining': 2, 'is_extra_ball': False}
2025-10-31 11:29:26,367 : INFO : drop_target_bank.right_bank : All targets are already up. Will not reset bank.
2025-10-31 11:29:26,367 : INFO : drop_target_bank.left_bank : All targets are already up. Will not reset bank.
2025-10-31 11:29:26,367 : INFO : EventManager : Event: ======'balls_in_play'====== Args={'balls': 1}
2025-10-31 11:29:26,369 : INFO : EventManager : Event: ======'ball_started'====== Args={'player': 1, 'ball': 1, 'balls_remaining': 2, 'is_extra_ball': False}
2025-10-31 11:29:26,369 : INFO : EventManager : Event: ======'mode_base_will_start'====== Args={'player': 1, 'ball': 1, 'balls_remaining': 2, 'is_extra_ball': False}
2025-10-31 11:29:26,369 : INFO : EventManager : Event: ======'player_shot_sh_escape_graveyard_start_enabled'====== Args={'value': False, 'prev_value': 0, 'change': 0, 'player_num': 1}
2025-10-31 11:29:26,369 : INFO : EventManager : Unordered handler for class <Auditor> on event game_ended with priority 1. Handlers: [RegisteredHandler(callback=<bound method Auditor.disable of <Auditor>>, priority=1, kwargs={}, key=UUID('eaeb670a-3fbc-4844-bf5f-1f27d7ef97f5'), condition=None, blocking_facility=None), RegisteredHandler(callback=<bound method Auditor._save_audits of <Auditor>>, priority=1, kwargs={}, key=UUID('122619d9-ff99-47f9-9eba-e378188732d8'), condition=None, blocking_facility=None)]. The order of those handlers is not defined and they will be executed in random order. This might lead to race conditions and potential bugs.
2025-10-31 11:29:26,372 : INFO : EventManager : Event: ======'mode_base_starting'====== Args={'player': 1, 'ball': 1, 'balls_remaining': 2, 'is_extra_ball': False}
2025-10-31 11:29:26,374 : INFO : EventManager : Event: ======'logicblock_eg_pop_counter_updated'====== Args={'value': 0, 'enabled': True}
2025-10-31 11:29:26,374 : INFO : EventManager : Event: ======'logicblock_eg_pop_counter_updated'====== Args={'value': 0, 'enabled': True}
2025-10-31 11:29:26,374 : INFO : Mode.base : Started. Priority: 50
2025-10-31 11:29:26,374 : INFO : EventManager : Event: ======'modes_active_modes_changed'====== Args={}
2025-10-31 11:29:26,374 : INFO : EventManager : Event: ======'mode_base_started'====== Args={'player': 1, 'ball': 1, 'balls_remaining': 2, 'is_extra_ball': False}
2025-10-31 11:29:26,374 : INFO : EventManager : Event: ======'single_player_ball_started'====== Args={}
2025-10-31 11:29:26,374 : INFO : EventManager : Event: ======'stop_mode_attract'====== Args={'priority': 0}
2025-10-31 11:29:26,375 : INFO : EventManager : Event: ======'godot_attract_off'====== Args={'priority': 0}
2025-10-31 11:29:26,375 : INFO : EventManager : Event: ======'start_firstball_intro'====== Args={'priority': 0}
2025-10-31 11:29:26,375 : INFO : EventManager : Event: ======'ball_start_target'====== Args={'target': 'playfield'}
2025-10-31 11:29:26,388 : INFO : ball_device.bd_trough : Setting up player-controlled eject. Balls: 1, Target: <playfield.playfield>, player_controlled_eject_event: None
2025-10-31 11:29:26,389 : INFO : ball_device.bd_trough : Adding 1 ball(s) to the eject_queue with target <playfield.playfield>.
2025-10-31 11:29:26,389 : INFO : EventManager : Event: ======'balldevice_balls_available'====== Args={}
2025-10-31 11:29:26,390 : INFO : ball_device.bd_trough : State: waiting_for_target_ready
2025-10-31 11:29:26,390 : INFO : EventManager : Event: ======'balldevice_bd_trough_ball_eject_attempt'====== Args={'balls': 1, 'target': <playfield.playfield>, 'source': <ball_device.bd_trough>, 'mechanical_eject': False, 'num_attempts': 0}
2025-10-31 11:29:26,390 : INFO : ball_device.bd_trough : State: ejecting
2025-10-31 11:29:26,391 : INFO : ball_device.bd_trough : Ejecting ball to <playfield.playfield>
2025-10-31 11:29:26,391 : INFO : EventManager : Event: ======'balldevice_bd_trough_ejecting_ball'====== Args={'balls': 1, 'target': <playfield.playfield>, 'source': <ball_device.bd_trough>, 'mechanical_eject': False, 'num_attempts': 0}
2025-10-31 11:29:26,391 : INFO : ball_device.bd_trough : Wait for ball to leave device
2025-10-31 11:29:26,393 : INFO : coil.c_trough_eject : Pulsing Driver for 40ms (1.0 pulse_power)
2025-10-31 11:29:26,439 : INFO : SwitchController : <<<<<<< 's_trough' inactive >>>>>>>
2025-10-31 11:29:26,447 : INFO : SwitchController : <<<<<<< 's_trough' active >>>>>>>
2025-10-31 11:29:26,447 : INFO : EventManager : Event: ======'machine_var_audits_switches_s_trough'====== Args={'value': 384, 'prev_value': 383, 'change': 1}
2025-10-31 11:29:26,454 : INFO : ball_device.bd_trough : State: ball_left
2025-10-31 11:29:26,454 : INFO : ball_device.bd_trough : Ball left
2025-10-31 11:29:26,454 : INFO : ball_device.bd_trough : Wait for confirm with timeout 10.0
2025-10-31 11:29:26,455 : INFO : SwitchController : <<<<<<< 's_trough' inactive >>>>>>>
2025-10-31 11:29:26,947 : INFO : EventManager : Event: ======'blink_off'====== Args={'priority': 0}
2025-10-31 11:29:27,551 : INFO : EventManager : Event: ======'blink_on'====== Args={'priority': 0}
2025-10-31 11:29:28,158 : INFO : EventManager : Event: ======'blink_off'====== Args={'priority': 0}
2025-10-31 11:29:28,748 : INFO : EventManager : Event: ======'blink_on'====== Args={'priority': 0}
2025-10-31 11:29:29,355 : INFO : EventManager : Event: ======'blink_off'====== Args={'priority': 0}
2025-10-31 11:29:29,945 : INFO : EventManager : Event: ======'blink_on'====== Args={'priority': 0}
2025-10-31 11:29:30,547 : INFO : EventManager : Event: ======'blink_off'====== Args={'priority': 0}
2025-10-31 11:29:31,152 : INFO : EventManager : Event: ======'blink_on'====== Args={'priority': 0}
2025-10-31 11:29:31,740 : INFO : EventManager : Event: ======'blink_off'====== Args={'priority': 0}
2025-10-31 11:29:31,927 : INFO : SwitchController : <<<<<<< 's_start_button' active >>>>>>>
2025-10-31 11:29:31,927 : INFO : EventManager : Event: ======'sw_start'====== Args={}
2025-10-31 11:29:31,927 : INFO : EventManager : Event: ======'machine_var_audits_switches_s_start_button'====== Args={'value': 31, 'prev_value': 30, 'change': 1}
2025-10-31 11:29:31,928 : INFO : EventManager : Event: ======'player_add_request'====== Args={}
2025-10-31 11:29:31,928 : INFO : EventManager : Event: ======'player_will_add'====== Args={'number': 2}
2025-10-31 11:29:31,928 : INFO : EventManager : Event: ======'player_adding'====== Args={'player': <Player 2>, 'number': 2}
2025-10-31 11:29:31,928 : INFO : EventManager : Event: ======'player_added'====== Args={'player': <Player 2>, 'num': 2}
2025-10-31 11:29:31,928 : INFO : Mode.game : Player added successfully. Total players: 2
2025-10-31 11:29:31,928 : INFO : EventManager : Event: ======'multiplayer_game'====== Args={}
2025-10-31 11:29:31,929 : INFO : EventManager : Event: ======'player_index'====== Args={'value': 1, 'prev_value': 1, 'change': 0, 'player_num': 2}
2025-10-31 11:29:31,929 : INFO : EventManager : Event: ======'player_number'====== Args={'value': 2, 'prev_value': 2, 'change': 0, 'player_num': 2}
2025-10-31 11:29:31,929 : INFO : EventManager : Event: ======'player_score'====== Args={'value': 0, 'prev_value': 0, 'change': 0, 'player_num': 2}
2025-10-31 11:29:31,930 : INFO : EventManager : Unordered handler for class <Auditor> on event game_ended with priority 1. Handlers: [RegisteredHandler(callback=<bound method Auditor.disable of <Auditor>>, priority=1, kwargs={}, key=UUID('eaeb670a-3fbc-4844-bf5f-1f27d7ef97f5'), condition=None, blocking_facility=None), RegisteredHandler(callback=<bound method Auditor._save_audits of <Auditor>>, priority=1, kwargs={}, key=UUID('122619d9-ff99-47f9-9eba-e378188732d8'), condition=None, blocking_facility=None)]. The order of those handlers is not defined and they will be executed in random order. This might lead to race conditions and potential bugs.
2025-10-31 11:29:31,943 : INFO : EventManager : Unordered handler for class <Auditor> on event game_ended with priority 1. Handlers: [RegisteredHandler(callback=<bound method Auditor.disable of <Auditor>>, priority=1, kwargs={}, key=UUID('eaeb670a-3fbc-4844-bf5f-1f27d7ef97f5'), condition=None, blocking_facility=None), RegisteredHandler(callback=<bound method Auditor._save_audits of <Auditor>>, priority=1, kwargs={}, key=UUID('122619d9-ff99-47f9-9eba-e378188732d8'), condition=None, blocking_facility=None)]. The order of those handlers is not defined and they will be executed in random order. This might lead to race conditions and potential bugs.
2025-10-31 11:29:32,051 : INFO : SwitchController : <<<<<<< 's_start_button' inactive >>>>>>>
2025-10-31 11:29:32,361 : INFO : EventManager : Event: ======'blink_on'====== Args={'priority': 0}
2025-10-31 11:29:32,948 : INFO : EventManager : Event: ======'blink_off'====== Args={'priority': 0}
2025-10-31 11:29:32,948 : INFO : EventManager : Unordered handler for class <Auditor> on event game_ended with priority 1. Handlers: [RegisteredHandler(callback=<bound method Auditor.disable of <Auditor>>, priority=1, kwargs={}, key=UUID('eaeb670a-3fbc-4844-bf5f-1f27d7ef97f5'), condition=None, blocking_facility=None), RegisteredHandler(callback=<bound method Auditor._save_audits of <Auditor>>, priority=1, kwargs={}, key=UUID('122619d9-ff99-47f9-9eba-e378188732d8'), condition=None, blocking_facility=None)]. The order of those handlers is not defined and they will be executed in random order. This might lead to race conditions and potential bugs.
2025-10-31 11:29:33,539 : INFO : EventManager : Event: ======'blink_on'====== Args={'priority': 0}
2025-10-31 11:29:34,160 : INFO : EventManager : Event: ======'blink_off'====== Args={'priority': 0}
2025-10-31 11:29:34,161 : INFO : EventManager : Unordered handler for class <Auditor> on event game_ended with priority 1. Handlers: [RegisteredHandler(callback=<bound method Auditor.disable of <Auditor>>, priority=1, kwargs={}, key=UUID('eaeb670a-3fbc-4844-bf5f-1f27d7ef97f5'), condition=None, blocking_facility=None), RegisteredHandler(callback=<bound method Auditor._save_audits of <Auditor>>, priority=1, kwargs={}, key=UUID('122619d9-ff99-47f9-9eba-e378188732d8'), condition=None, blocking_facility=None)]. The order of those handlers is not defined and they will be executed in random order. This might lead to race conditions and potential bugs.
2025-10-31 11:29:34,748 : INFO : EventManager : Event: ======'blink_on'====== Args={'priority': 0}
2025-10-31 11:29:35,354 : INFO : EventManager : Event: ======'blink_off'====== Args={'priority': 0}
2025-10-31 11:29:35,355 : INFO : EventManager : Unordered handler for class <Auditor> on event game_ended with priority 1. Handlers: [RegisteredHandler(callback=<bound method Auditor.disable of <Auditor>>, priority=1, kwargs={}, key=UUID('eaeb670a-3fbc-4844-bf5f-1f27d7ef97f5'), condition=None, blocking_facility=None), RegisteredHandler(callback=<bound method Auditor._save_audits of <Auditor>>, priority=1, kwargs={}, key=UUID('122619d9-ff99-47f9-9eba-e378188732d8'), condition=None, blocking_facility=None)]. The order of those handlers is not defined and they will be executed in random order. This might lead to race conditions and potential bugs.
2025-10-31 11:29:35,944 : INFO : EventManager : Event: ======'blink_on'====== Args={'priority': 0}
2025-10-31 11:29:36,440 : INFO : ball_device.bd_trough : State: failed_confirm
2025-10-31 11:29:36,440 : INFO : ball_device.bd_trough : Got timeout (10.0s) before confirm from <playfield.playfield>
2025-10-31 11:29:36,534 : INFO : ball_device.bd_trough : Confirming eject because target is playfield and ball did not return.
2025-10-31 11:29:36,534 : INFO : ball_device.bd_trough : Eject successful
2025-10-31 11:29:36,534 : INFO : EventManager : Event: ======'balldevice_bd_trough_ball_eject_success'====== Args={'balls': 1, 'target': <playfield.playfield>}
2025-10-31 11:29:36,534 : INFO : EventManager : Event: ======'balldevice_playfield_ball_enter'====== Args={'new_balls': 1, 'unclaimed_balls': 1, 'device': <playfield.playfield>}
2025-10-31 11:29:36,534 : INFO : EventManager : Event: ======'playfield_ball_count_change'====== Args={'balls': 1, 'change': 1}
2025-10-31 11:29:36,535 : INFO : EventManager : Event: ======'balldevice_bd_trough_ball_count_changed'====== Args={'balls': 0}
2025-10-31 11:29:36,535 : INFO : ball_device.bd_trough : State: idle
2025-10-31 11:29:36,550 : INFO : EventManager : Event: ======'blink_off'====== Args={'priority': 0}
2025-10-31 11:29:36,551 : INFO : EventManager : Unordered handler for class <Auditor> on event game_ended with priority 1. Handlers: [RegisteredHandler(callback=<bound method Auditor.disable of <Auditor>>, priority=1, kwargs={}, key=UUID('eaeb670a-3fbc-4844-bf5f-1f27d7ef97f5'), condition=None, blocking_facility=None), RegisteredHandler(callback=<bound method Auditor._save_audits of <Auditor>>, priority=1, kwargs={}, key=UUID('122619d9-ff99-47f9-9eba-e378188732d8'), condition=None, blocking_facility=None)]. The order of those handlers is not defined and they will be executed in random order. This might lead to race conditions and potential bugs.
2025-10-31 11:29:37,154 : INFO : EventManager : Event: ======'blink_on'====== Args={'priority': 0}
2025-10-31 11:29:37,743 : INFO : EventManager : Event: ======'blink_off'====== Args={'priority': 0}
2025-10-31 11:29:37,743 : INFO : EventManager : Unordered handler for class <Auditor> on event game_ended with priority 1. Handlers: [RegisteredHandler(callback=<bound method Auditor.disable of <Auditor>>, priority=1, kwargs={}, key=UUID('eaeb670a-3fbc-4844-bf5f-1f27d7ef97f5'), condition=None, blocking_facility=None), RegisteredHandler(callback=<bound method Auditor._save_audits of <Auditor>>, priority=1, kwargs={}, key=UUID('122619d9-ff99-47f9-9eba-e378188732d8'), condition=None, blocking_facility=None)]. The order of those handlers is not defined and they will be executed in random order. This might lead to race conditions and potential bugs.
2025-10-31 11:29:38,352 : INFO : EventManager : Event: ======'blink_on'====== Args={'priority': 0}
2025-10-31 11:29:38,953 : INFO : EventManager : Event: ======'blink_off'====== Args={'priority': 0}
2025-10-31 11:29:38,954 : INFO : EventManager : Unordered handler for class <Auditor> on event game_ended with priority 1. Handlers: [RegisteredHandler(callback=<bound method Auditor.disable of <Auditor>>, priority=1, kwargs={}, key=UUID('eaeb670a-3fbc-4844-bf5f-1f27d7ef97f5'), condition=None, blocking_facility=None), RegisteredHandler(callback=<bound method Auditor._save_audits of <Auditor>>, priority=1, kwargs={}, key=UUID('122619d9-ff99-47f9-9eba-e378188732d8'), condition=None, blocking_facility=None)]. The order of those handlers is not defined and they will be executed in random order. This might lead to race conditions and potential bugs.
2025-10-31 11:29:39,540 : INFO : EventManager : Event: ======'blink_on'====== Args={'priority': 0}
2025-10-31 11:29:40,161 : INFO : EventManager : Event: ======'blink_off'====== Args={'priority': 0}
2025-10-31 11:29:40,161 : INFO : EventManager : Unordered handler for class <Auditor> on event game_ended with priority 1. Handlers: [RegisteredHandler(callback=<bound method Auditor.disable of <Auditor>>, priority=1, kwargs={}, key=UUID('eaeb670a-3fbc-4844-bf5f-1f27d7ef97f5'), condition=None, blocking_facility=None), RegisteredHandler(callback=<bound method Auditor._save_audits of <Auditor>>, priority=1, kwargs={}, key=UUID('122619d9-ff99-47f9-9eba-e378188732d8'), condition=None, blocking_facility=None)]. The order of those handlers is not defined and they will be executed in random order. This might lead to race conditions and potential bugs.
2025-10-31 11:29:40,751 : INFO : EventManager : Event: ======'blink_on'====== Args={'priority': 0}
2025-10-31 11:29:41,356 : INFO : EventManager : Event: ======'blink_off'====== Args={'priority': 0}
2025-10-31 11:29:41,356 : INFO : EventManager : Unordered handler for class <Auditor> on event game_ended with priority 1. Handlers: [RegisteredHandler(callback=<bound method Auditor.disable of <Auditor>>, priority=1, kwargs={}, key=UUID('eaeb670a-3fbc-4844-bf5f-1f27d7ef97f5'), condition=None, blocking_facility=None), RegisteredHandler(callback=<bound method Auditor._save_audits of <Auditor>>, priority=1, kwargs={}, key=UUID('122619d9-ff99-47f9-9eba-e378188732d8'), condition=None, blocking_facility=None)]. The order of those handlers is not defined and they will be executed in random order. This might lead to race conditions and potential bugs.
2025-10-31 11:29:41,946 : INFO : EventManager : Event: ======'blink_on'====== Args={'priority': 0}
2025-10-31 11:29:42,551 : INFO : EventManager : Event: ======'blink_off'====== Args={'priority': 0}
2025-10-31 11:29:42,552 : INFO : EventManager : Unordered handler for class <Auditor> on event game_ended with priority 1. Handlers: [RegisteredHandler(callback=<bound method Auditor.disable of <Auditor>>, priority=1, kwargs={}, key=UUID('eaeb670a-3fbc-4844-bf5f-1f27d7ef97f5'), condition=None, blocking_facility=None), RegisteredHandler(callback=<bound method Auditor._save_audits of <Auditor>>, priority=1, kwargs={}, key=UUID('122619d9-ff99-47f9-9eba-e378188732d8'), condition=None, blocking_facility=None)]. The order of those handlers is not defined and they will be executed in random order. This might lead to race conditions and potential bugs.
2025-10-31 11:29:43,159 : INFO : EventManager : Event: ======'blink_on'====== Args={'priority': 0}
2025-10-31 11:29:43,517 : INFO : SwitchController : <<<<<<< 's_outer_skill_lanes' active >>>>>>>
2025-10-31 11:29:43,517 : INFO : EventManager : Event: ======'s_outer_skill_lanes_active'====== Args={}
2025-10-31 11:29:43,517 : INFO : EventManager : Event: ======'machine_var_audits_switches_s_outer_skill_lanes'====== Args={'value': 54, 'prev_value': 53, 'change': 1}
2025-10-31 11:29:43,519 : INFO : EventManager : Event: ======'play_skilllane_quote_3'====== Args={}
2025-10-31 11:29:43,519 : INFO : EventManager : Event: ======'player_score'====== Args={'value': 500, 'prev_value': 0, 'change': 500, 'player_num': 1, 'source': 'base'}
2025-10-31 11:29:43,595 : INFO : SwitchController : <<<<<<< 's_outer_skill_lanes' inactive >>>>>>>
2025-10-31 11:29:43,751 : INFO : EventManager : Event: ======'blink_off'====== Args={'priority': 0}
2025-10-31 11:29:43,752 : INFO : EventManager : Unordered handler for class <Auditor> on event game_ended with priority 1. Handlers: [RegisteredHandler(callback=<bound method Auditor.disable of <Auditor>>, priority=1, kwargs={}, key=UUID('eaeb670a-3fbc-4844-bf5f-1f27d7ef97f5'), condition=None, blocking_facility=None), RegisteredHandler(callback=<bound method Auditor._save_audits of <Auditor>>, priority=1, kwargs={}, key=UUID('122619d9-ff99-47f9-9eba-e378188732d8'), condition=None, blocking_facility=None)]. The order of those handlers is not defined and they will be executed in random order. This might lead to race conditions and potential bugs.
2025-10-31 11:29:44,296 : INFO : SwitchController : <<<<<<< 's_outer_skill_lanes' active >>>>>>>
2025-10-31 11:29:44,296 : INFO : EventManager : Event: ======'s_outer_skill_lanes_active'====== Args={}
2025-10-31 11:29:44,296 : INFO : EventManager : Event: ======'machine_var_audits_switches_s_outer_skill_lanes'====== Args={'value': 55, 'prev_value': 54, 'change': 1}
2025-10-31 11:29:44,297 : INFO : EventManager : Event: ======'play_skilllane_quote_5'====== Args={}
2025-10-31 11:29:44,297 : INFO : EventManager : Event: ======'player_score'====== Args={'value': 1000, 'prev_value': 500, 'change': 500, 'player_num': 1, 'source': 'base'}
2025-10-31 11:29:44,298 : INFO : EventManager : Unordered handler for class <Auditor> on event game_ended with priority 1. Handlers: [RegisteredHandler(callback=<bound method Auditor.disable of <Auditor>>, priority=1, kwargs={}, key=UUID('eaeb670a-3fbc-4844-bf5f-1f27d7ef97f5'), condition=None, blocking_facility=None), RegisteredHandler(callback=<bound method Auditor._save_audits of <Auditor>>, priority=1, kwargs={}, key=UUID('122619d9-ff99-47f9-9eba-e378188732d8'), condition=None, blocking_facility=None)]. The order of those handlers is not defined and they will be executed in random order. This might lead to race conditions and potential bugs.
2025-10-31 11:29:44,304 : INFO : SwitchController : <<<<<<< 's_outer_skill_lanes' inactive >>>>>>>
2025-10-31 11:29:44,304 : INFO : EventManager : Unordered handler for class <Auditor> on event game_ended with priority 1. Handlers: [RegisteredHandler(callback=<bound method Auditor.disable of <Auditor>>, priority=1, kwargs={}, key=UUID('eaeb670a-3fbc-4844-bf5f-1f27d7ef97f5'), condition=None, blocking_facility=None), RegisteredHandler(callback=<bound method Auditor._save_audits of <Auditor>>, priority=1, kwargs={}, key=UUID('122619d9-ff99-47f9-9eba-e378188732d8'), condition=None, blocking_facility=None)]. The order of those handlers is not defined and they will be executed in random order. This might lead to race conditions and potential bugs.
2025-10-31 11:29:44,310 : INFO : SwitchController : <<<<<<< 's_outer_skill_lanes' active >>>>>>>
2025-10-31 11:29:44,310 : INFO : EventManager : Event: ======'s_outer_skill_lanes_active'====== Args={}
2025-10-31 11:29:44,310 : INFO : EventManager : Event: ======'machine_var_audits_switches_s_outer_skill_lanes'====== Args={'value': 56, 'prev_value': 55, 'change': 1}
2025-10-31 11:29:44,311 : INFO : EventManager : Event: ======'play_skilllane_quote_1'====== Args={}
2025-10-31 11:29:44,311 : INFO : EventManager : Event: ======'player_score'====== Args={'value': 1500, 'prev_value': 1000, 'change': 500, 'player_num': 1, 'source': 'base'}
2025-10-31 11:29:44,312 : INFO : EventManager : Unordered handler for class <Auditor> on event game_ended with priority 1. Handlers: [RegisteredHandler(callback=<bound method Auditor.disable of <Auditor>>, priority=1, kwargs={}, key=UUID('eaeb670a-3fbc-4844-bf5f-1f27d7ef97f5'), condition=None, blocking_facility=None), RegisteredHandler(callback=<bound method Auditor._save_audits of <Auditor>>, priority=1, kwargs={}, key=UUID('122619d9-ff99-47f9-9eba-e378188732d8'), condition=None, blocking_facility=None)]. The order of those handlers is not defined and they will be executed in random order. This might lead to race conditions and potential bugs.
2025-10-31 11:29:44,320 : INFO : EventManager : Unordered handler for class <Auditor> on event game_ended with priority 1. Handlers: [RegisteredHandler(callback=<bound method Auditor.disable of <Auditor>>, priority=1, kwargs={}, key=UUID('eaeb670a-3fbc-4844-bf5f-1f27d7ef97f5'), condition=None, blocking_facility=None), RegisteredHandler(callback=<bound method Auditor._save_audits of <Auditor>>, priority=1, kwargs={}, key=UUID('122619d9-ff99-47f9-9eba-e378188732d8'), condition=None, blocking_facility=None)]. The order of those handlers is not defined and they will be executed in random order. This might lead to race conditions and potential bugs.
2025-10-31 11:29:44,321 : INFO : EventManager : Unordered handler for class <Auditor> on event game_ended with priority 1. Handlers: [RegisteredHandler(callback=<bound method Auditor.disable of <Auditor>>, priority=1, kwargs={}, key=UUID('eaeb670a-3fbc-4844-bf5f-1f27d7ef97f5'), condition=None, blocking_facility=None), RegisteredHandler(callback=<bound method Auditor._save_audits of <Auditor>>, priority=1, kwargs={}, key=UUID('122619d9-ff99-47f9-9eba-e378188732d8'), condition=None, blocking_facility=None)]. The order of those handlers is not defined and they will be executed in random order. This might lead to race conditions and potential bugs.
2025-10-31 11:29:44,357 : INFO : EventManager : Event: ======'blink_on'====== Args={'priority': 0}
2025-10-31 11:29:44,436 : INFO : SwitchController : <<<<<<< 's_outer_skill_lanes' inactive >>>>>>>
2025-10-31 11:29:44,949 : INFO : EventManager : Event: ======'blink_off'====== Args={'priority': 0}
2025-10-31 11:29:44,950 : INFO : EventManager : Unordered handler for class <Auditor> on event game_ended with priority 1. Handlers: [RegisteredHandler(callback=<bound method Auditor.disable of <Auditor>>, priority=1, kwargs={}, key=UUID('eaeb670a-3fbc-4844-bf5f-1f27d7ef97f5'), condition=None, blocking_facility=None), RegisteredHandler(callback=<bound method Auditor._save_audits of <Auditor>>, priority=1, kwargs={}, key=UUID('122619d9-ff99-47f9-9eba-e378188732d8'), condition=None, blocking_facility=None)]. The order of those handlers is not defined and they will be executed in random order. This might lead to race conditions and potential bugs.
2025-10-31 11:29:45,552 : INFO : EventManager : Event: ======'blink_on'====== Args={'priority': 0}
2025-10-31 11:29:46,159 : INFO : EventManager : Event: ======'blink_off'====== Args={'priority': 0}
2025-10-31 11:29:46,160 : INFO : EventManager : Unordered handler for class <Auditor> on event game_ended with priority 1. Handlers: [RegisteredHandler(callback=<bound method Auditor.disable of <Auditor>>, priority=1, kwargs={}, key=UUID('eaeb670a-3fbc-4844-bf5f-1f27d7ef97f5'), condition=None, blocking_facility=None), RegisteredHandler(callback=<bound method Auditor._save_audits of <Auditor>>, priority=1, kwargs={}, key=UUID('122619d9-ff99-47f9-9eba-e378188732d8'), condition=None, blocking_facility=None)]. The order of those handlers is not defined and they will be executed in random order. This might lead to race conditions and potential bugs.
2025-10-31 11:29:46,744 : INFO : EventManager : Event: ======'blink_on'====== Args={'priority': 0}
2025-10-31 11:29:46,821 : INFO : SwitchController : <<<<<<< 's_middle_skill_lane' active >>>>>>>
2025-10-31 11:29:46,821 : INFO : EventManager : Event: ======'s_middle_skill_lane_active'====== Args={}
2025-10-31 11:29:46,821 : INFO : EventManager : Event: ======'machine_var_audits_switches_s_middle_skill_lane'====== Args={'value': 33, 'prev_value': 32, 'change': 1}
2025-10-31 11:29:46,822 : INFO : EventManager : Event: ======'play_skilllane_quote_4'====== Args={}
2025-10-31 11:29:46,822 : INFO : EventManager : Event: ======'player_score'====== Args={'value': 2000, 'prev_value': 1500, 'change': 500, 'player_num': 1, 'source': 'base'}
2025-10-31 11:29:46,899 : INFO : SwitchController : <<<<<<< 's_middle_skill_lane' inactive >>>>>>>
2025-10-31 11:29:47,163 : INFO : SwitchController : <<<<<<< 's_middle_upper_rollovers' active >>>>>>>
2025-10-31 11:29:47,163 : INFO : EventManager : Event: ======'machine_var_audits_switches_s_middle_upper_rollovers'====== Args={'value': 73, 'prev_value': 72, 'change': 1}
2025-10-31 11:29:47,272 : INFO : SwitchController : <<<<<<< 's_middle_upper_rollovers' inactive >>>>>>>
2025-10-31 11:29:47,350 : INFO : EventManager : Event: ======'blink_off'====== Args={'priority': 0}
2025-10-31 11:29:47,352 : INFO : EventManager : Unordered handler for class <Auditor> on event game_ended with priority 1. Handlers: [RegisteredHandler(callback=<bound method Auditor.disable of <Auditor>>, priority=1, kwargs={}, key=UUID('eaeb670a-3fbc-4844-bf5f-1f27d7ef97f5'), condition=None, blocking_facility=None), RegisteredHandler(callback=<bound method Auditor._save_audits of <Auditor>>, priority=1, kwargs={}, key=UUID('122619d9-ff99-47f9-9eba-e378188732d8'), condition=None, blocking_facility=None)]. The order of those handlers is not defined and they will be executed in random order. This might lead to race conditions and potential bugs.
2025-10-31 11:29:47,957 : INFO : EventManager : Event: ======'blink_on'====== Args={'priority': 0}
2025-10-31 11:29:48,548 : INFO : EventManager : Event: ======'blink_off'====== Args={'priority': 0}
2025-10-31 11:29:48,548 : INFO : EventManager : Unordered handler for class <Auditor> on event game_ended with priority 1. Handlers: [RegisteredHandler(callback=<bound method Auditor.disable of <Auditor>>, priority=1, kwargs={}, key=UUID('eaeb670a-3fbc-4844-bf5f-1f27d7ef97f5'), condition=None, blocking_facility=None), RegisteredHandler(callback=<bound method Auditor._save_audits of <Auditor>>, priority=1, kwargs={}, key=UUID('122619d9-ff99-47f9-9eba-e378188732d8'), condition=None, blocking_facility=None)]. The order of those handlers is not defined and they will be executed in random order. This might lead to race conditions and potential bugs.
2025-10-31 11:29:49,152 : INFO : EventManager : Event: ======'blink_on'====== Args={'priority': 0}
2025-10-31 11:29:49,753 : INFO : EventManager : Event: ======'blink_off'====== Args={'priority': 0}
2025-10-31 11:29:49,754 : INFO : EventManager : Unordered handler for class <Auditor> on event game_ended with priority 1. Handlers: [RegisteredHandler(callback=<bound method Auditor.disable of <Auditor>>, priority=1, kwargs={}, key=UUID('eaeb670a-3fbc-4844-bf5f-1f27d7ef97f5'), condition=None, blocking_facility=None), RegisteredHandler(callback=<bound method Auditor._save_audits of <Auditor>>, priority=1, kwargs={}, key=UUID('122619d9-ff99-47f9-9eba-e378188732d8'), condition=None, blocking_facility=None)]. The order of those handlers is not defined and they will be executed in random order. This might lead to race conditions and potential bugs.
2025-10-31 11:29:50,360 : INFO : EventManager : Event: ======'blink_on'====== Args={'priority': 0}
2025-10-31 11:29:50,953 : INFO : EventManager : Event: ======'blink_off'====== Args={'priority': 0}
2025-10-31 11:29:50,954 : INFO : EventManager : Unordered handler for class <Auditor> on event game_ended with priority 1. Handlers: [RegisteredHandler(callback=<bound method Auditor.disable of <Auditor>>, priority=1, kwargs={}, key=UUID('eaeb670a-3fbc-4844-bf5f-1f27d7ef97f5'), condition=None, blocking_facility=None), RegisteredHandler(callback=<bound method Auditor._save_audits of <Auditor>>, priority=1, kwargs={}, key=UUID('122619d9-ff99-47f9-9eba-e378188732d8'), condition=None, blocking_facility=None)]. The order of those handlers is not defined and they will be executed in random order. This might lead to race conditions and potential bugs.
2025-10-31 11:29:51,540 : INFO : EventManager : Event: ======'blink_on'====== Args={'priority': 0}
2025-10-31 11:29:52,148 : INFO : EventManager : Event: ======'blink_off'====== Args={'priority': 0}
2025-10-31 11:29:52,149 : INFO : EventManager : Unordered handler for class <Auditor> on event game_ended with priority 1. Handlers: [RegisteredHandler(callback=<bound method Auditor.disable of <Auditor>>, priority=1, kwargs={}, key=UUID('eaeb670a-3fbc-4844-bf5f-1f27d7ef97f5'), condition=None, blocking_facility=None), RegisteredHandler(callback=<bound method Auditor._save_audits of <Auditor>>, priority=1, kwargs={}, key=UUID('122619d9-ff99-47f9-9eba-e378188732d8'), condition=None, blocking_facility=None)]. The order of those handlers is not defined and they will be executed in random order. This might lead to race conditions and potential bugs.
2025-10-31 11:29:52,751 : INFO : EventManager : Event: ======'blink_on'====== Args={'priority': 0}
2025-10-31 11:29:53,355 : INFO : EventManager : Event: ======'blink_off'====== Args={'priority': 0}
2025-10-31 11:29:53,355 : INFO : EventManager : Unordered handler for class <Auditor> on event game_ended with priority 1. Handlers: [RegisteredHandler(callback=<bound method Auditor.disable of <Auditor>>, priority=1, kwargs={}, key=UUID('eaeb670a-3fbc-4844-bf5f-1f27d7ef97f5'), condition=None, blocking_facility=None), RegisteredHandler(callback=<bound method Auditor._save_audits of <Auditor>>, priority=1, kwargs={}, key=UUID('122619d9-ff99-47f9-9eba-e378188732d8'), condition=None, blocking_facility=None)]. The order of those handlers is not defined and they will be executed in random order. This might lead to race conditions and potential bugs.
2025-10-31 11:29:53,371 : INFO : SwitchController : <<<<<<< 's_trough' active >>>>>>>
2025-10-31 11:29:53,371 : INFO : EventManager : Event: ======'machine_var_audits_switches_s_trough'====== Args={'value': 385, 'prev_value': 384, 'change': 1}
2025-10-31 11:29:53,417 : INFO : SwitchController : <<<<<<< 's_trough' inactive >>>>>>>
2025-10-31 11:29:53,433 : INFO : SwitchController : <<<<<<< 's_trough' active >>>>>>>
2025-10-31 11:29:53,433 : INFO : EventManager : Event: ======'machine_var_audits_switches_s_trough'====== Args={'value': 386, 'prev_value': 385, 'change': 1}
2025-10-31 11:29:53,941 : INFO : EventManager : Event: ======'balldevice_bd_trough_ball_count_changed'====== Args={'balls': 1}
2025-10-31 11:29:53,941 : INFO : ball_device.bd_trough : Received unexpected ball
2025-10-31 11:29:53,941 : INFO : EventManager : Event: ======'balldevice_captured_from_playfield'====== Args={'balls': 1}
2025-10-31 11:29:53,942 : INFO : EventManager : Event: ======'sw_playfield_active'====== Args={'balls': 1}
2025-10-31 11:29:53,942 : INFO : EventManager : Event: ======'playfield_ball_count_change'====== Args={'balls': 0, 'change': -1}
2025-10-31 11:29:53,942 : INFO : EventManager : Event: ======'balldevice_bd_trough_ball_enter'====== Args={'new_balls': 1, 'unclaimed_balls': 1, 'new_available_balls': 1, 'device': <ball_device.bd_trough>}
2025-10-31 11:29:53,942 : INFO : EventManager : Event: ======'ball_drain'====== Args={'device': <ball_device.bd_trough>, 'balls': 1}
2025-10-31 11:29:53,943 : INFO : EventManager : Event: ======'ball_will_end'====== Args={}
2025-10-31 11:29:53,943 : INFO : EventManager : Event: ======'balldevice_balls_available'====== Args={}
2025-10-31 11:29:53,943 : INFO : EventManager : Event: ======'balldevice_bd_trough_ball_entered'====== Args={'new_balls': 1, 'device': <ball_device.bd_trough>}
2025-10-31 11:29:53,944 : INFO : EventManager : Event: ======'blink_on'====== Args={'priority': 0}
2025-10-31 11:29:53,945 : INFO : EventManager : Event: ======'ball_ending'====== Args={}
2025-10-31 11:29:53,945 : INFO : EventManager : Event: ======'mode_base_will_stop'====== Args={}
2025-10-31 11:29:53,945 : INFO : EventManager : Event: ======'mode_base_stopping'====== Args={}
2025-10-31 11:29:53,946 : INFO : Mode.base : Stopped.
2025-10-31 11:29:53,946 : INFO : EventManager : Event: ======'modes_active_modes_changed'====== Args={}
2025-10-31 11:29:53,946 : INFO : EventManager : Event: ======'mode_base_stopped'====== Args={}
2025-10-31 11:29:53,946 : INFO : EventManager : Event: ======'clear'====== Args={'key': 'base'}
2025-10-31 11:29:53,962 : INFO : EventManager : Event: ======'ball_ended'====== Args={}
2025-10-31 11:29:53,963 : INFO : EventManager : Event: ======'player_turn_will_end'====== Args={'player': <Player 1>, 'number': 1}
2025-10-31 11:29:53,967 : INFO : EventManager : Event: ======'player_turn_ending'====== Args={'player': <Player 1>, 'number': 1}
2025-10-31 11:29:53,967 : INFO : EventManager : Event: ======'player_turn_ended'====== Args={'player': <Player 1>, 'number': 1}
2025-10-31 11:29:53,968 : INFO : EventManager : Event: ======'player_turn_will_start'====== Args={'player': <Player 2>, 'number': 2}
2025-10-31 11:29:53,968 : INFO : EventManager : Event: ======'player_turn_starting'====== Args={'player': <Player 2>, 'number': 2}
2025-10-31 11:29:53,968 : INFO : EventManager : Event: ======'player_ball'====== Args={'value': 1, 'prev_value': 0, 'change': 1, 'player_num': 2}
2025-10-31 11:29:53,969 : INFO : EventManager : Event: ======'player_turn_started'====== Args={'player': <Player 2>, 'number': 2}
2025-10-31 11:29:53,969 : INFO : EventManager : Event: ======'ball_will_start'====== Args={'player': 2, 'ball': 1, 'balls_remaining': 2, 'is_extra_ball': False}
2025-10-31 11:29:53,978 : INFO : EventManager : Event: ======'ball_starting'====== Args={'player': 2, 'ball': 1, 'balls_remaining': 2, 'is_extra_ball': False}
2025-10-31 11:29:53,979 : INFO : drop_target_bank.right_bank : All targets are already up. Will not reset bank.
2025-10-31 11:29:53,979 : INFO : drop_target_bank.left_bank : All targets are already up. Will not reset bank.
2025-10-31 11:29:53,979 : INFO : EventManager : Event: ======'balls_in_play'====== Args={'balls': 1}
2025-10-31 11:29:53,979 : INFO : EventManager : Event: ======'ball_started'====== Args={'player': 2, 'ball': 1, 'balls_remaining': 2, 'is_extra_ball': False}
2025-10-31 11:29:53,979 : INFO : EventManager : Event: ======'mode_base_will_start'====== Args={'player': 2, 'ball': 1, 'balls_remaining': 2, 'is_extra_ball': False}
2025-10-31 11:29:53,980 : INFO : EventManager : Event: ======'player_shot_sh_escape_graveyard_start_enabled'====== Args={'value': False, 'prev_value': 0, 'change': 0, 'player_num': 2}
2025-10-31 11:29:53,980 : INFO : EventManager : Unordered handler for class <Auditor> on event game_ended with priority 1. Handlers: [RegisteredHandler(callback=<bound method Auditor.disable of <Auditor>>, priority=1, kwargs={}, key=UUID('eaeb670a-3fbc-4844-bf5f-1f27d7ef97f5'), condition=None, blocking_facility=None), RegisteredHandler(callback=<bound method Auditor._save_audits of <Auditor>>, priority=1, kwargs={}, key=UUID('122619d9-ff99-47f9-9eba-e378188732d8'), condition=None, blocking_facility=None)]. The order of those handlers is not defined and they will be executed in random order. This might lead to race conditions and potential bugs.
2025-10-31 11:29:53,984 : INFO : EventManager : Event: ======'mode_base_starting'====== Args={'player': 2, 'ball': 1, 'balls_remaining': 2, 'is_extra_ball': False}
2025-10-31 11:29:53,985 : INFO : EventManager : Unordered handler for class <Auditor> on event game_ended with priority 1. Handlers: [RegisteredHandler(callback=<bound method Auditor.disable of <Auditor>>, priority=1, kwargs={}, key=UUID('eaeb670a-3fbc-4844-bf5f-1f27d7ef97f5'), condition=None, blocking_facility=None), RegisteredHandler(callback=<bound method Auditor._save_audits of <Auditor>>, priority=1, kwargs={}, key=UUID('122619d9-ff99-47f9-9eba-e378188732d8'), condition=None, blocking_facility=None)]. The order of those handlers is not defined and they will be executed in random order. This might lead to race conditions and potential bugs.
2025-10-31 11:29:53,986 : INFO : EventManager : Event: ======'logicblock_eg_pop_counter_updated'====== Args={'value': 0, 'enabled': True}
2025-10-31 11:29:53,986 : INFO : EventManager : Event: ======'logicblock_eg_pop_counter_updated'====== Args={'value': 0, 'enabled': True}
2025-10-31 11:29:53,986 : INFO : Mode.base : Started. Priority: 50
2025-10-31 11:29:53,986 : INFO : EventManager : Event: ======'modes_active_modes_changed'====== Args={}
2025-10-31 11:29:53,986 : INFO : EventManager : Event: ======'mode_base_started'====== Args={'player': 2, 'ball': 1, 'balls_remaining': 2, 'is_extra_ball': False}
2025-10-31 11:29:53,986 : INFO : EventManager : Event: ======'multi_player_ball_started'====== Args={}
2025-10-31 11:29:53,992 : INFO : EventManager : Event: ======'stop_mode_attract'====== Args={'priority': 0}
2025-10-31 11:29:53,992 : INFO : EventManager : Event: ======'godot_attract_off'====== Args={'priority': 0}
2025-10-31 11:29:53,993 : INFO : EventManager : Event: ======'start_firstball_intro'====== Args={'priority': 0}
2025-10-31 11:29:53,993 : INFO : EventManager : Event: ======'player_2_ball_started'====== Args={}
2025-10-31 11:29:54,010 : INFO : EventManager : Event: ======'ball_start_target'====== Args={'target': 'playfield'}
2025-10-31 11:29:54,011 : INFO : ball_device.bd_trough : Setting up player-controlled eject. Balls: 1, Target: <playfield.playfield>, player_controlled_eject_event: None
2025-10-31 11:29:54,011 : INFO : ball_device.bd_trough : Adding 1 ball(s) to the eject_queue with target <playfield.playfield>.
2025-10-31 11:29:54,011 : INFO : EventManager : Event: ======'balldevice_balls_available'====== Args={}
2025-10-31 11:29:54,012 : INFO : ball_device.bd_trough : State: waiting_for_target_ready
2025-10-31 11:29:54,012 : INFO : EventManager : Event: ======'balldevice_bd_trough_ball_eject_attempt'====== Args={'balls': 1, 'target': <playfield.playfield>, 'source': <ball_device.bd_trough>, 'mechanical_eject': False, 'num_attempts': 0}
2025-10-31 11:29:54,012 : INFO : ball_device.bd_trough : State: ejecting
2025-10-31 11:29:54,012 : INFO : ball_device.bd_trough : Ejecting ball to <playfield.playfield>
2025-10-31 11:29:54,012 : INFO : EventManager : Event: ======'balldevice_bd_trough_ejecting_ball'====== Args={'balls': 1, 'target': <playfield.playfield>, 'source': <ball_device.bd_trough>, 'mechanical_eject': False, 'num_attempts': 0}
2025-10-31 11:29:54,013 : INFO : ball_device.bd_trough : Wait for ball to leave device
2025-10-31 11:29:54,013 : INFO : coil.c_trough_eject : Pulsing Driver for 40ms (1.0 pulse_power)
2025-10-31 11:29:54,066 : INFO : SwitchController : <<<<<<< 's_trough' inactive >>>>>>>
2025-10-31 11:29:54,073 : INFO : ball_device.bd_trough : State: ball_left
2025-10-31 11:29:54,073 : INFO : ball_device.bd_trough : Ball left
2025-10-31 11:29:54,073 : INFO : ball_device.bd_trough : Wait for confirm with timeout 10.0
2025-10-31 11:29:54,547 : INFO : EventManager : Event: ======'blink_off'====== Args={'priority': 0}
2025-10-31 11:29:55,151 : INFO : EventManager : Event: ======'blink_on'====== Args={'priority': 0}
2025-10-31 11:29:55,743 : INFO : EventManager : Event: ======'blink_off'====== Args={'priority': 0}
2025-10-31 11:29:56,364 : INFO : EventManager : Event: ======'blink_on'====== Args={'priority': 0}
2025-10-31 11:29:56,949 : INFO : EventManager : Event: ======'blink_off'====== Args={'priority': 0}
2025-10-31 11:29:57,552 : INFO : EventManager : Event: ======'blink_on'====== Args={'priority': 0}
2025-10-31 11:29:58,155 : INFO : EventManager : Event: ======'blink_off'====== Args={'priority': 0}
2025-10-31 11:29:58,747 : INFO : EventManager : Event: ======'blink_on'====== Args={'priority': 0}
2025-10-31 11:29:59,364 : INFO : EventManager : Event: ======'blink_off'====== Args={'priority': 0}
2025-10-31 11:29:59,957 : INFO : EventManager : Event: ======'blink_on'====== Args={'priority': 0}
2025-10-31 11:30:00,549 : INFO : EventManager : Event: ======'blink_off'====== Args={'priority': 0}
2025-10-31 11:30:01,155 : INFO : EventManager : Event: ======'blink_on'====== Args={'priority': 0}
2025-10-31 11:30:01,748 : INFO : EventManager : Event: ======'blink_off'====== Args={'priority': 0}
2025-10-31 11:30:02,357 : INFO : EventManager : Event: ======'blink_on'====== Args={'priority': 0}
2025-10-31 11:30:02,946 : INFO : EventManager : Event: ======'blink_off'====== Args={'priority': 0}
2025-10-31 11:30:03,552 : INFO : EventManager : Event: ======'blink_on'====== Args={'priority': 0}
2025-10-31 11:30:04,062 : INFO : ball_device.bd_trough : State: failed_confirm
2025-10-31 11:30:04,062 : INFO : ball_device.bd_trough : Got timeout (10.0s) before confirm from <playfield.playfield>
2025-10-31 11:30:04,154 : INFO : EventManager : Event: ======'blink_off'====== Args={'priority': 0}
2025-10-31 11:30:04,154 : INFO : ball_device.bd_trough : Confirming eject because target is playfield and ball did not return.
2025-10-31 11:30:04,154 : INFO : ball_device.bd_trough : Eject successful
2025-10-31 11:30:04,154 : INFO : EventManager : Event: ======'balldevice_bd_trough_ball_eject_success'====== Args={'balls': 1, 'target': <playfield.playfield>}
2025-10-31 11:30:04,155 : INFO : EventManager : Event: ======'balldevice_playfield_ball_enter'====== Args={'new_balls': 1, 'unclaimed_balls': 1, 'device': <playfield.playfield>}
2025-10-31 11:30:04,155 : INFO : EventManager : Event: ======'playfield_ball_count_change'====== Args={'balls': 1, 'change': 1}
2025-10-31 11:30:04,155 : INFO : EventManager : Event: ======'balldevice_bd_trough_ball_count_changed'====== Args={'balls': 0}
2025-10-31 11:30:04,155 : INFO : ball_device.bd_trough : State: idle
2025-10-31 11:30:04,742 : INFO : EventManager : Event: ======'blink_on'====== Args={'priority': 0}
2025-10-31 11:30:05,360 : INFO : EventManager : Event: ======'blink_off'====== Args={'priority': 0}
2025-10-31 11:30:05,950 : INFO : EventManager : Event: ======'blink_on'====== Args={'priority': 0}
2025-10-31 11:30:06,540 : INFO : EventManager : Event: ======'blink_off'====== Args={'priority': 0}
2025-10-31 11:30:07,161 : INFO : EventManager : Event: ======'blink_on'====== Args={'priority': 0}
2025-10-31 11:30:07,749 : INFO : EventManager : Event: ======'blink_off'====== Args={'priority': 0}
2025-10-31 11:30:08,060 : INFO : SwitchController : <<<<<<< 's_inlanes' active >>>>>>>
2025-10-31 11:30:08,061 : INFO : EventManager : Event: ======'s_inlanes_active'====== Args={}
2025-10-31 11:30:08,061 : INFO : EventManager : Event: ======'sw_playfield_active'====== Args={}
2025-10-31 11:30:08,061 : INFO : EventManager : Event: ======'machine_var_audits_switches_s_inlanes'====== Args={'value': 149, 'prev_value': 148, 'change': 1}
2025-10-31 11:30:08,061 : INFO : EventManager : Event: ======'player_score'====== Args={'value': 100, 'prev_value': 0, 'change': 100, 'player_num': 2, 'source': 'base'}
2025-10-31 11:30:08,062 : INFO : EventManager : Unordered handler for class <Auditor> on event game_ended with priority 1. Handlers: [RegisteredHandler(callback=<bound method Auditor.disable of <Auditor>>, priority=1, kwargs={}, key=UUID('eaeb670a-3fbc-4844-bf5f-1f27d7ef97f5'), condition=None, blocking_facility=None), RegisteredHandler(callback=<bound method Auditor._save_audits of <Auditor>>, priority=1, kwargs={}, key=UUID('122619d9-ff99-47f9-9eba-e378188732d8'), condition=None, blocking_facility=None)]. The order of those handlers is not defined and they will be executed in random order. This might lead to race conditions and potential bugs.
2025-10-31 11:30:08,073 : INFO : EventManager : Unordered handler for class <Auditor> on event game_ended with priority 1. Handlers: [RegisteredHandler(callback=<bound method Auditor.disable of <Auditor>>, priority=1, kwargs={}, key=UUID('eaeb670a-3fbc-4844-bf5f-1f27d7ef97f5'), condition=None, blocking_facility=None), RegisteredHandler(callback=<bound method Auditor._save_audits of <Auditor>>, priority=1, kwargs={}, key=UUID('122619d9-ff99-47f9-9eba-e378188732d8'), condition=None, blocking_facility=None)]. The order of those handlers is not defined and they will be executed in random order. This might lead to race conditions and potential bugs.
2025-10-31 11:30:08,074 : INFO : EventManager : Unordered handler for class <Auditor> on event game_ended with priority 1. Handlers: [RegisteredHandler(callback=<bound method Auditor.disable of <Auditor>>, priority=1, kwargs={}, key=UUID('eaeb670a-3fbc-4844-bf5f-1f27d7ef97f5'), condition=None, blocking_facility=None), RegisteredHandler(callback=<bound method Auditor._save_audits of <Auditor>>, priority=1, kwargs={}, key=UUID('122619d9-ff99-47f9-9eba-e378188732d8'), condition=None, blocking_facility=None)]. The order of those handlers is not defined and they will be executed in random order. This might lead to race conditions and potential bugs.
2025-10-31 11:30:08,075 : INFO : EventManager : Unordered handler for class <Auditor> on event game_ended with priority 1. Handlers: [RegisteredHandler(callback=<bound method Auditor.disable of <Auditor>>, priority=1, kwargs={}, key=UUID('eaeb670a-3fbc-4844-bf5f-1f27d7ef97f5'), condition=None, blocking_facility=None), RegisteredHandler(callback=<bound method Auditor._save_audits of <Auditor>>, priority=1, kwargs={}, key=UUID('122619d9-ff99-47f9-9eba-e378188732d8'), condition=None, blocking_facility=None)]. The order of those handlers is not defined and they will be executed in random order. This might lead to race conditions and potential bugs.
2025-10-31 11:30:08,075 : INFO : EventManager : Unordered handler for class <Auditor> on event game_ended with priority 1. Handlers: [RegisteredHandler(callback=<bound method Auditor.disable of <Auditor>>, priority=1, kwargs={}, key=UUID('eaeb670a-3fbc-4844-bf5f-1f27d7ef97f5'), condition=None, blocking_facility=None), RegisteredHandler(callback=<bound method Auditor._save_audits of <Auditor>>, priority=1, kwargs={}, key=UUID('122619d9-ff99-47f9-9eba-e378188732d8'), condition=None, blocking_facility=None)]. The order of those handlers is not defined and they will be executed in random order. This might lead to race conditions and potential bugs.
2025-10-31 11:30:08,076 : INFO : EventManager : Unordered handler for class <Auditor> on event game_ended with priority 1. Handlers: [RegisteredHandler(callback=<bound method Auditor.disable of <Auditor>>, priority=1, kwargs={}, key=UUID('eaeb670a-3fbc-4844-bf5f-1f27d7ef97f5'), condition=None, blocking_facility=None), RegisteredHandler(callback=<bound method Auditor._save_audits of <Auditor>>, priority=1, kwargs={}, key=UUID('122619d9-ff99-47f9-9eba-e378188732d8'), condition=None, blocking_facility=None)]. The order of those handlers is not defined and they will be executed in random order. This might lead to race conditions and potential bugs.
2025-10-31 11:30:08,076 : INFO : EventManager : Unordered handler for class <Auditor> on event game_ended with priority 1. Handlers: [RegisteredHandler(callback=<bound method Auditor.disable of <Auditor>>, priority=1, kwargs={}, key=UUID('eaeb670a-3fbc-4844-bf5f-1f27d7ef97f5'), condition=None, blocking_facility=None), RegisteredHandler(callback=<bound method Auditor._save_audits of <Auditor>>, priority=1, kwargs={}, key=UUID('122619d9-ff99-47f9-9eba-e378188732d8'), condition=None, blocking_facility=None)]. The order of those handlers is not defined and they will be executed in random order. This might lead to race conditions and potential bugs.
2025-10-31 11:30:08,077 : INFO : EventManager : Unordered handler for class <Auditor> on event game_ended with priority 1. Handlers: [RegisteredHandler(callback=<bound method Auditor.disable of <Auditor>>, priority=1, kwargs={}, key=UUID('eaeb670a-3fbc-4844-bf5f-1f27d7ef97f5'), condition=None, blocking_facility=None), RegisteredHandler(callback=<bound method Auditor._save_audits of <Auditor>>, priority=1, kwargs={}, key=UUID('122619d9-ff99-47f9-9eba-e378188732d8'), condition=None, blocking_facility=None)]. The order of those handlers is not defined and they will be executed in random order. This might lead to race conditions and potential bugs.
2025-10-31 11:30:08,248 : INFO : SwitchController : <<<<<<< 's_inlanes' inactive >>>>>>>
2025-10-31 11:30:08,355 : INFO : EventManager : Event: ======'blink_on'====== Args={'priority': 0}
2025-10-31 11:30:08,946 : INFO : EventManager : Event: ======'blink_off'====== Args={'priority': 0}
2025-10-31 11:30:08,946 : INFO : EventManager : Unordered handler for class <Auditor> on event game_ended with priority 1. Handlers: [RegisteredHandler(callback=<bound method Auditor.disable of <Auditor>>, priority=1, kwargs={}, key=UUID('eaeb670a-3fbc-4844-bf5f-1f27d7ef97f5'), condition=None, blocking_facility=None), RegisteredHandler(callback=<bound method Auditor._save_audits of <Auditor>>, priority=1, kwargs={}, key=UUID('122619d9-ff99-47f9-9eba-e378188732d8'), condition=None, blocking_facility=None)]. The order of those handlers is not defined and they will be executed in random order. This might lead to race conditions and potential bugs.
2025-10-31 11:30:09,380 : INFO : SwitchController : <<<<<<< 's_trough' active >>>>>>>
2025-10-31 11:30:09,380 : INFO : EventManager : Event: ======'machine_var_audits_switches_s_trough'====== Args={'value': 387, 'prev_value': 386, 'change': 1}
2025-10-31 11:30:09,427 : INFO : SwitchController : <<<<<<< 's_trough' inactive >>>>>>>
2025-10-31 11:30:09,432 : INFO : SwitchController : <<<<<<< 's_trough' active >>>>>>>
2025-10-31 11:30:09,433 : INFO : EventManager : Event: ======'machine_var_audits_switches_s_trough'====== Args={'value': 388, 'prev_value': 387, 'change': 1}
2025-10-31 11:30:09,550 : INFO : EventManager : Event: ======'blink_on'====== Args={'priority': 0}
2025-10-31 11:30:09,938 : INFO : EventManager : Event: ======'balldevice_bd_trough_ball_count_changed'====== Args={'balls': 1}
2025-10-31 11:30:09,938 : INFO : ball_device.bd_trough : Received unexpected ball
2025-10-31 11:30:09,938 : INFO : EventManager : Event: ======'balldevice_captured_from_playfield'====== Args={'balls': 1}
2025-10-31 11:30:09,938 : INFO : EventManager : Event: ======'sw_playfield_active'====== Args={'balls': 1}
2025-10-31 11:30:09,939 : INFO : EventManager : Event: ======'playfield_ball_count_change'====== Args={'balls': 0, 'change': -1}
2025-10-31 11:30:09,939 : INFO : EventManager : Event: ======'balldevice_bd_trough_ball_enter'====== Args={'new_balls': 1, 'unclaimed_balls': 1, 'new_available_balls': 1, 'device': <ball_device.bd_trough>}
2025-10-31 11:30:09,939 : INFO : EventManager : Event: ======'ball_drain'====== Args={'device': <ball_device.bd_trough>, 'balls': 1}
2025-10-31 11:30:09,940 : INFO : EventManager : Event: ======'ball_will_end'====== Args={}
2025-10-31 11:30:09,940 : INFO : EventManager : Event: ======'balldevice_balls_available'====== Args={}
2025-10-31 11:30:09,940 : INFO : EventManager : Event: ======'balldevice_bd_trough_ball_entered'====== Args={'new_balls': 1, 'device': <ball_device.bd_trough>}
2025-10-31 11:30:09,940 : INFO : EventManager : Event: ======'ball_ending'====== Args={}
2025-10-31 11:30:09,941 : INFO : EventManager : Event: ======'mode_base_will_stop'====== Args={}
2025-10-31 11:30:09,941 : INFO : EventManager : Event: ======'mode_base_stopping'====== Args={}
2025-10-31 11:30:09,941 : INFO : Mode.base : Stopped.
2025-10-31 11:30:09,942 : INFO : EventManager : Event: ======'modes_active_modes_changed'====== Args={}
2025-10-31 11:30:09,942 : INFO : EventManager : Event: ======'mode_base_stopped'====== Args={}
2025-10-31 11:30:09,942 : INFO : EventManager : Event: ======'clear'====== Args={'key': 'base'}
2025-10-31 11:30:09,957 : INFO : EventManager : Event: ======'ball_ended'====== Args={}
2025-10-31 11:30:09,958 : INFO : EventManager : Event: ======'player_turn_will_end'====== Args={'player': <Player 2>, 'number': 2}
2025-10-31 11:30:09,962 : INFO : EventManager : Event: ======'player_turn_ending'====== Args={'player': <Player 2>, 'number': 2}
2025-10-31 11:30:09,963 : INFO : EventManager : Event: ======'player_turn_ended'====== Args={'player': <Player 2>, 'number': 2}
2025-10-31 11:30:09,963 : INFO : EventManager : Event: ======'player_turn_will_start'====== Args={'player': <Player 1>, 'number': 1}
2025-10-31 11:30:09,963 : INFO : EventManager : Event: ======'player_turn_starting'====== Args={'player': <Player 1>, 'number': 1}
2025-10-31 11:30:09,963 : INFO : EventManager : Event: ======'player_ball'====== Args={'value': 2, 'prev_value': 1, 'change': 1, 'player_num': 1}
2025-10-31 11:30:09,964 : INFO : EventManager : Event: ======'player_turn_started'====== Args={'player': <Player 1>, 'number': 1}
2025-10-31 11:30:09,964 : INFO : EventManager : Event: ======'ball_will_start'====== Args={'player': 1, 'ball': 2, 'balls_remaining': 1, 'is_extra_ball': False}
2025-10-31 11:30:09,972 : INFO : EventManager : Event: ======'ball_starting'====== Args={'player': 1, 'ball': 2, 'balls_remaining': 1, 'is_extra_ball': False}
2025-10-31 11:30:09,973 : INFO : drop_target_bank.right_bank : All targets are already up. Will not reset bank.
2025-10-31 11:30:09,973 : INFO : drop_target_bank.left_bank : All targets are already up. Will not reset bank.
2025-10-31 11:30:09,973 : INFO : EventManager : Event: ======'balls_in_play'====== Args={'balls': 1}
2025-10-31 11:30:09,974 : INFO : EventManager : Event: ======'ball_started'====== Args={'player': 1, 'ball': 2, 'balls_remaining': 1, 'is_extra_ball': False}
2025-10-31 11:30:09,974 : INFO : EventManager : Event: ======'mode_base_will_start'====== Args={'player': 1, 'ball': 2, 'balls_remaining': 1, 'is_extra_ball': False}
2025-10-31 11:30:09,975 : INFO : EventManager : Unordered handler for class <Auditor> on event game_ended with priority 1. Handlers: [RegisteredHandler(callback=<bound method Auditor.disable of <Auditor>>, priority=1, kwargs={}, key=UUID('eaeb670a-3fbc-4844-bf5f-1f27d7ef97f5'), condition=None, blocking_facility=None), RegisteredHandler(callback=<bound method Auditor._save_audits of <Auditor>>, priority=1, kwargs={}, key=UUID('122619d9-ff99-47f9-9eba-e378188732d8'), condition=None, blocking_facility=None)]. The order of those handlers is not defined and they will be executed in random order. This might lead to race conditions and potential bugs.
2025-10-31 11:30:09,978 : INFO : EventManager : Event: ======'mode_base_starting'====== Args={'player': 1, 'ball': 2, 'balls_remaining': 1, 'is_extra_ball': False}
2025-10-31 11:30:09,979 : INFO : EventManager : Unordered handler for class <Auditor> on event game_ended with priority 1. Handlers: [RegisteredHandler(callback=<bound method Auditor.disable of <Auditor>>, priority=1, kwargs={}, key=UUID('eaeb670a-3fbc-4844-bf5f-1f27d7ef97f5'), condition=None, blocking_facility=None), RegisteredHandler(callback=<bound method Auditor._save_audits of <Auditor>>, priority=1, kwargs={}, key=UUID('122619d9-ff99-47f9-9eba-e378188732d8'), condition=None, blocking_facility=None)]. The order of those handlers is not defined and they will be executed in random order. This might lead to race conditions and potential bugs.
2025-10-31 11:30:09,980 : INFO : EventManager : Event: ======'logicblock_eg_pop_counter_updated'====== Args={'value': 0, 'enabled': True}
2025-10-31 11:30:09,980 : INFO : EventManager : Event: ======'logicblock_eg_pop_counter_updated'====== Args={'value': 0, 'enabled': True}
2025-10-31 11:30:09,980 : INFO : Mode.base : Started. Priority: 50
2025-10-31 11:30:09,980 : INFO : EventManager : Event: ======'modes_active_modes_changed'====== Args={}
2025-10-31 11:30:09,980 : INFO : EventManager : Event: ======'mode_base_started'====== Args={'player': 1, 'ball': 2, 'balls_remaining': 1, 'is_extra_ball': False}
2025-10-31 11:30:09,981 : INFO : EventManager : Event: ======'multi_player_ball_started'====== Args={}
2025-10-31 11:30:09,981 : INFO : EventManager : Event: ======'stop_mode_attract'====== Args={'priority': 0}
2025-10-31 11:30:09,981 : INFO : EventManager : Event: ======'godot_attract_off'====== Args={'priority': 0}
2025-10-31 11:30:09,981 : INFO : EventManager : Event: ======'start_subsequent_loop'====== Args={'priority': 0}
2025-10-31 11:30:09,982 : INFO : EventManager : Event: ======'player_1_ball_started'====== Args={}
2025-10-31 11:30:09,995 : INFO : EventManager : Event: ======'ball_start_target'====== Args={'target': 'playfield'}
2025-10-31 11:30:09,995 : INFO : ball_device.bd_trough : Setting up player-controlled eject. Balls: 1, Target: <playfield.playfield>, player_controlled_eject_event: None
2025-10-31 11:30:09,996 : INFO : ball_device.bd_trough : Adding 1 ball(s) to the eject_queue with target <playfield.playfield>.
2025-10-31 11:30:09,996 : INFO : EventManager : Event: ======'balldevice_balls_available'====== Args={}
2025-10-31 11:30:09,997 : INFO : ball_device.bd_trough : State: waiting_for_target_ready
2025-10-31 11:30:09,997 : INFO : EventManager : Event: ======'balldevice_bd_trough_ball_eject_attempt'====== Args={'balls': 1, 'target': <playfield.playfield>, 'source': <ball_device.bd_trough>, 'mechanical_eject': False, 'num_attempts': 0}
2025-10-31 11:30:09,998 : INFO : ball_device.bd_trough : State: ejecting
2025-10-31 11:30:09,998 : INFO : ball_device.bd_trough : Ejecting ball to <playfield.playfield>
2025-10-31 11:30:09,999 : INFO : EventManager : Event: ======'balldevice_bd_trough_ejecting_ball'====== Args={'balls': 1, 'target': <playfield.playfield>, 'source': <ball_device.bd_trough>, 'mechanical_eject': False, 'num_attempts': 0}
2025-10-31 11:30:09,999 : INFO : ball_device.bd_trough : Wait for ball to leave device
2025-10-31 11:30:09,999 : INFO : coil.c_trough_eject : Pulsing Driver for 40ms (1.0 pulse_power)
2025-10-31 11:30:10,046 : INFO : SwitchController : <<<<<<< 's_trough' inactive >>>>>>>
2025-10-31 11:30:10,053 : INFO : SwitchController : <<<<<<< 's_trough' active >>>>>>>
2025-10-31 11:30:10,053 : INFO : EventManager : Event: ======'machine_var_audits_switches_s_trough'====== Args={'value': 389, 'prev_value': 388, 'change': 1}
2025-10-31 11:30:10,060 : INFO : ball_device.bd_trough : State: ball_left
2025-10-31 11:30:10,060 : INFO : ball_device.bd_trough : Ball left
2025-10-31 11:30:10,060 : INFO : ball_device.bd_trough : Wait for confirm with timeout 10.0
2025-10-31 11:30:10,061 : INFO : SwitchController : <<<<<<< 's_trough' inactive >>>>>>>
2025-10-31 11:30:10,153 : INFO : EventManager : Event: ======'blink_off'====== Args={'priority': 0}
2025-10-31 11:30:10,745 : INFO : EventManager : Event: ======'blink_on'====== Args={'priority': 0}
2025-10-31 11:30:11,361 : INFO : EventManager : Event: ======'blink_off'====== Args={'priority': 0}
2025-10-31 11:30:11,361 : INFO : EventManager : Unordered handler for class <Auditor> on event game_ended with priority 1. Handlers: [RegisteredHandler(callback=<bound method Auditor.disable of <Auditor>>, priority=1, kwargs={}, key=UUID('eaeb670a-3fbc-4844-bf5f-1f27d7ef97f5'), condition=None, blocking_facility=None), RegisteredHandler(callback=<bound method Auditor._save_audits of <Auditor>>, priority=1, kwargs={}, key=UUID('122619d9-ff99-47f9-9eba-e378188732d8'), condition=None, blocking_facility=None)]. The order of those handlers is not defined and they will be executed in random order. This might lead to race conditions and potential bugs.
2025-10-31 11:30:11,954 : INFO : EventManager : Event: ======'blink_on'====== Args={'priority': 0}
2025-10-31 11:30:12,548 : INFO : EventManager : Event: ======'blink_off'====== Args={'priority': 0}
2025-10-31 11:30:12,549 : INFO : EventManager : Unordered handler for class <Auditor> on event game_ended with priority 1. Handlers: [RegisteredHandler(callback=<bound method Auditor.disable of <Auditor>>, priority=1, kwargs={}, key=UUID('eaeb670a-3fbc-4844-bf5f-1f27d7ef97f5'), condition=None, blocking_facility=None), RegisteredHandler(callback=<bound method Auditor._save_audits of <Auditor>>, priority=1, kwargs={}, key=UUID('122619d9-ff99-47f9-9eba-e378188732d8'), condition=None, blocking_facility=None)]. The order of those handlers is not defined and they will be executed in random order. This might lead to race conditions and potential bugs.
2025-10-31 11:30:13,151 : INFO : EventManager : Event: ======'blink_on'====== Args={'priority': 0}
2025-10-31 11:30:13,744 : INFO : EventManager : Event: ======'blink_off'====== Args={'priority': 0}
2025-10-31 11:30:13,744 : INFO : EventManager : Unordered handler for class <Auditor> on event game_ended with priority 1. Handlers: [RegisteredHandler(callback=<bound method Auditor.disable of <Auditor>>, priority=1, kwargs={}, key=UUID('eaeb670a-3fbc-4844-bf5f-1f27d7ef97f5'), condition=None, blocking_facility=None), RegisteredHandler(callback=<bound method Auditor._save_audits of <Auditor>>, priority=1, kwargs={}, key=UUID('122619d9-ff99-47f9-9eba-e378188732d8'), condition=None, blocking_facility=None)]. The order of those handlers is not defined and they will be executed in random order. This might lead to race conditions and potential bugs.
2025-10-31 11:30:14,352 : INFO : EventManager : Event: ======'blink_on'====== Args={'priority': 0}
2025-10-31 11:30:14,946 : INFO : EventManager : Event: ======'blink_off'====== Args={'priority': 0}
2025-10-31 11:30:14,946 : INFO : EventManager : Unordered handler for class <Auditor> on event game_ended with priority 1. Handlers: [RegisteredHandler(callback=<bound method Auditor.disable of <Auditor>>, priority=1, kwargs={}, key=UUID('eaeb670a-3fbc-4844-bf5f-1f27d7ef97f5'), condition=None, blocking_facility=None), RegisteredHandler(callback=<bound method Auditor._save_audits of <Auditor>>, priority=1, kwargs={}, key=UUID('122619d9-ff99-47f9-9eba-e378188732d8'), condition=None, blocking_facility=None)]. The order of those handlers is not defined and they will be executed in random order. This might lead to race conditions and potential bugs.
2025-10-31 11:30:15,550 : INFO : EventManager : Event: ======'blink_on'====== Args={'priority': 0}
2025-10-31 11:30:16,155 : INFO : EventManager : Event: ======'blink_off'====== Args={'priority': 0}
2025-10-31 11:30:16,155 : INFO : EventManager : Unordered handler for class <Auditor> on event game_ended with priority 1. Handlers: [RegisteredHandler(callback=<bound method Auditor.disable of <Auditor>>, priority=1, kwargs={}, key=UUID('eaeb670a-3fbc-4844-bf5f-1f27d7ef97f5'), condition=None, blocking_facility=None), RegisteredHandler(callback=<bound method Auditor._save_audits of <Auditor>>, priority=1, kwargs={}, key=UUID('122619d9-ff99-47f9-9eba-e378188732d8'), condition=None, blocking_facility=None)]. The order of those handlers is not defined and they will be executed in random order. This might lead to race conditions and potential bugs.
2025-10-31 11:30:16,743 : INFO : EventManager : Event: ======'blink_on'====== Args={'priority': 0}
2025-10-31 11:30:17,363 : INFO : EventManager : Event: ======'blink_off'====== Args={'priority': 0}
2025-10-31 11:30:17,364 : INFO : EventManager : Unordered handler for class <Auditor> on event game_ended with priority 1. Handlers: [RegisteredHandler(callback=<bound method Auditor.disable of <Auditor>>, priority=1, kwargs={}, key=UUID('eaeb670a-3fbc-4844-bf5f-1f27d7ef97f5'), condition=None, blocking_facility=None), RegisteredHandler(callback=<bound method Auditor._save_audits of <Auditor>>, priority=1, kwargs={}, key=UUID('122619d9-ff99-47f9-9eba-e378188732d8'), condition=None, blocking_facility=None)]. The order of those handlers is not defined and they will be executed in random order. This might lead to race conditions and potential bugs.
2025-10-31 11:30:17,959 : INFO : EventManager : Event: ======'blink_on'====== Args={'priority': 0}
2025-10-31 11:30:18,550 : INFO : EventManager : Event: ======'blink_off'====== Args={'priority': 0}
2025-10-31 11:30:18,552 : INFO : EventManager : Unordered handler for class <Auditor> on event game_ended with priority 1. Handlers: [RegisteredHandler(callback=<bound method Auditor.disable of <Auditor>>, priority=1, kwargs={}, key=UUID('eaeb670a-3fbc-4844-bf5f-1f27d7ef97f5'), condition=None, blocking_facility=None), RegisteredHandler(callback=<bound method Auditor._save_audits of <Auditor>>, priority=1, kwargs={}, key=UUID('122619d9-ff99-47f9-9eba-e378188732d8'), condition=None, blocking_facility=None)]. The order of those handlers is not defined and they will be executed in random order. This might lead to race conditions and potential bugs.
2025-10-31 11:30:19,156 : INFO : EventManager : Event: ======'blink_on'====== Args={'priority': 0}
2025-10-31 11:30:19,750 : INFO : EventManager : Event: ======'blink_off'====== Args={'priority': 0}
2025-10-31 11:30:19,750 : INFO : EventManager : Unordered handler for class <Auditor> on event game_ended with priority 1. Handlers: [RegisteredHandler(callback=<bound method Auditor.disable of <Auditor>>, priority=1, kwargs={}, key=UUID('eaeb670a-3fbc-4844-bf5f-1f27d7ef97f5'), condition=None, blocking_facility=None), RegisteredHandler(callback=<bound method Auditor._save_audits of <Auditor>>, priority=1, kwargs={}, key=UUID('122619d9-ff99-47f9-9eba-e378188732d8'), condition=None, blocking_facility=None)]. The order of those handlers is not defined and they will be executed in random order. This might lead to race conditions and potential bugs.
2025-10-31 11:30:20,032 : INFO : Machine : Shutting down...
2025-10-31 11:30:20,032 : INFO : EventManager : Event: ======'shutdown'====== Args={}
2025-10-31 11:30:20,035 : INFO : EventManager : Event: ======'mode_game_will_stop'====== Args={}
2025-10-31 11:30:20,035 : INFO : EventManager : Event: ======'mode_game_stopping'====== Args={}
2025-10-31 11:30:20,037 : INFO : EventManager : Event: ======'mode_base_will_stop'====== Args={}
2025-10-31 11:30:20,037 : INFO : EventManager : Event: ======'mode_base_stopping'====== Args={}
2025-10-31 11:30:20,038 : INFO : Mode.base : Stopped.
2025-10-31 11:30:20,038 : INFO : EventManager : Event: ======'modes_active_modes_changed'====== Args={}
2025-10-31 11:30:20,038 : INFO : EventManager : Event: ======'mode_base_stopped'====== Args={}
2025-10-31 11:30:20,038 : INFO : EventManager : Event: ======'clear'====== Args={'key': 'base'}
2025-10-31 11:30:20,038 : INFO : Mode.game : Stopped.
2025-10-31 11:30:20,038 : INFO : EventManager : Event: ======'modes_active_modes_changed'====== Args={}
2025-10-31 11:30:20,038 : INFO : EventManager : Event: ======'mode_game_stopped'====== Args={}
2025-10-31 11:30:20,039 : INFO : EventManager : Event: ======'clear'====== Args={'key': 'game'}
2025-10-31 11:30:20,139 : INFO : root : MPF run loop ended.
