2025-10-25 21:41:08,275 : INFO : root : Loading config.
2025-10-25 21:41:08,280 : INFO : YamlMultifileConfigLoader : Machine config file #1: config.yaml
2025-10-25 21:41:08,281 : WARNING : ConfigProcessor : Config file in cache changed: C:\Users\antho\nightpin\config\config.yaml
2025-10-25 21:41:08,281 : INFO : ConfigProcessor : Loading config from file C:\Users\antho\mpf\Lib\site-packages\mpf\mpfconfig.yaml.
2025-10-25 21:41:08,295 : INFO : ConfigProcessor : Loading config: C:\Users\antho\mpf\Lib\site-packages\mpf\mpfconfig.yaml
2025-10-25 21:41:08,296 : INFO : ConfigProcessor : Loading config from file C:\Users\antho\nightpin\config\config.yaml.
2025-10-25 21:41:08,316 : INFO : ConfigProcessor : Loading config: C:\Users\antho\nightpin\config\config.yaml
2025-10-25 21:41:08,317 : INFO : ConfigProcessor : Loading config: C:\Users\antho\nightpin\config\config_ball_devices.yaml
2025-10-25 21:41:08,320 : INFO : ConfigProcessor : Loading config: C:\Users\antho\nightpin\config\config_coils.yaml
2025-10-25 21:41:08,324 : INFO : ConfigProcessor : Loading config: C:\Users\antho\nightpin\config\config_switches.yaml
2025-10-25 21:41:08,328 : INFO : ConfigProcessor : Loading config: C:\Users\antho\nightpin\config\config_lights.yaml
2025-10-25 21:41:08,330 : INFO : ConfigProcessor : Loading config: C:\Users\antho\nightpin\config\config_sounds.yaml
2025-10-25 21:41:08,330 : ERROR : ConfigProcessor : Config section 'sounds' is removed in MPF 0.80 and will be ignored.
2025-10-25 21:41:08,334 : INFO : ConfigProcessor : Config file cache created: C:\Users\antho\AppData\Local\Temp\fdca14d0c9d658ab8200d57120800af5.mpf_cache
2025-10-25 21:41:08,455 : INFO : ConfigProcessor : Loading config from cache: C:\Users\antho\AppData\Local\Temp\5dec96b1547c4adf5bdd3d1715e74bc0.mpf_cache
2025-10-25 21:41:08,456 : INFO : ConfigProcessor : Loading config from cache: C:\Users\antho\AppData\Local\Temp\202a5840610e95051f9f473dfa660cc0.mpf_cache
2025-10-25 21:41:08,456 : INFO : ConfigProcessor : Loading config from cache: C:\Users\antho\AppData\Local\Temp\5dec96b1547c4adf5bdd3d1715e74bc0.mpf_cache
2025-10-25 21:41:08,458 : INFO : ConfigProcessor : Loading config from cache: C:\Users\antho\AppData\Local\Temp\2cd13a2d3f375e00ab01d6d09a85d8e7.mpf_cache
2025-10-25 21:41:08,459 : INFO : ConfigProcessor : Loading config from cache: C:\Users\antho\AppData\Local\Temp\9220b44b97b91972524500b81035d790.mpf_cache
2025-10-25 21:41:08,460 : INFO : ConfigProcessor : Loading config from cache: C:\Users\antho\AppData\Local\Temp\31ee881584fa6fce665a672a4f3f633a.mpf_cache
2025-10-25 21:41:08,460 : INFO : ConfigProcessor : Loading config from cache: C:\Users\antho\AppData\Local\Temp\5e841763ec73085bbf92358fe6afda21.mpf_cache
2025-10-25 21:41:08,460 : INFO : ConfigProcessor : Loading config from cache: C:\Users\antho\AppData\Local\Temp\b17152efa55a24f0424602723f8d3921.mpf_cache
2025-10-25 21:41:08,461 : INFO : ConfigProcessor : Loading config from cache: C:\Users\antho\AppData\Local\Temp\e87fc0e7d2f8a851b5fa3f604e0d0c6e.mpf_cache
2025-10-25 21:41:08,461 : INFO : ConfigProcessor : Loading config from cache: C:\Users\antho\AppData\Local\Temp\196ac76b6cab3a9880804c826cfbcb5c.mpf_cache
2025-10-25 21:41:08,462 : INFO : ConfigProcessor : Loading config from cache: C:\Users\antho\AppData\Local\Temp\834292dd7853e12a66732dc89828c828.mpf_cache
2025-10-25 21:41:08,462 : INFO : ConfigProcessor : Loading config from cache: C:\Users\antho\AppData\Local\Temp\ae2be9c5579852c305357e207df97e8b.mpf_cache
2025-10-25 21:41:08,463 : INFO : ConfigProcessor : Loading config from cache: C:\Users\antho\AppData\Local\Temp\46f8fa3e41dfeeb8232af2f03a13b6c4.mpf_cache
2025-10-25 21:41:08,463 : INFO : ConfigProcessor : Loading config from cache: C:\Users\antho\AppData\Local\Temp\c67e9c175da6c060302945929b27b878.mpf_cache
2025-10-25 21:41:08,464 : INFO : ConfigProcessor : Loading config from cache: C:\Users\antho\AppData\Local\Temp\1c965aadbb61a7e709e8884fad17ac0b.mpf_cache
2025-10-25 21:41:08,464 : INFO : ConfigProcessor : Loading config from cache: C:\Users\antho\AppData\Local\Temp\60ca9d662df3e70e96f6d7ec0f4491aa.mpf_cache
2025-10-25 21:41:08,465 : INFO : Machine : Mission Pinball Framework Core Engine v0.80.0.dev11
2025-10-25 21:41:08,465 : INFO : Machine : Command line arguments: {'no_load_cache': False, 'create_config_cache': True, 'bcp': False, 'configfile': ['config.yaml'], 'force_assets_load': False, 'platform_integration_test': False, 'jsonlogging': False, 'logfile': 'logs\\2025-10-25-21-41-08-mpf-LAPTOP-MPGP6R69.log', 'pause': False, 'production': False, 'text_ui': False, 'loglevel': 15, 'consoleloglevel': 20, 'force_platform': 'virtual', 'syslog_address': None, 'full_logfile_path': 'C:\\Users\\antho\\nightpin\\logs\\2025-10-25-21-41-08-mpf-LAPTOP-MPGP6R69.log'}
2025-10-25 21:41:08,465 : INFO : Machine : MPF path: C:\Users\antho\mpf\Lib\site-packages\mpf
2025-10-25 21:41:08,465 : INFO : Machine : Machine path: C:\Users\antho\nightpin
2025-10-25 21:41:08,465 : INFO : Machine : Platform: win32
2025-10-25 21:41:08,465 : INFO : Machine : Python executable location: C:\Users\antho\mpf\Scripts\python.exe
2025-10-25 21:41:08,465 : INFO : Machine : Python version: 3.12.7 (64-bit)
2025-10-25 21:41:08,468 : INFO : Machine : Initializing MPF...
2025-10-25 21:41:08,564 : INFO : EventManager : Event: ======'machine_var_credits_string'====== Args={'value': 'FREE PLAY', 'prev_value': None, 'change': True}
2025-10-25 21:41:08,602 : INFO : EventManager : Event: ======'machine_var_master_volume'====== Args={'value': 0.5, 'prev_value': None, 'change': True}
2025-10-25 21:41:08,602 : INFO : EventManager : Event: ======'machine_var_player1_score'====== Args={'value': 300, 'prev_value': None, 'change': True}
2025-10-25 21:41:08,602 : INFO : EventManager : Event: ======'machine_var_player2_score'====== Args={'value': 300, 'prev_value': None, 'change': True}
2025-10-25 21:41:08,602 : INFO : EventManager : Event: ======'machine_var_player3_score'====== Args={'value': 300, 'prev_value': None, 'change': True}
2025-10-25 21:41:08,602 : INFO : EventManager : Event: ======'machine_var_mpf_version'====== Args={'value': 'Mission Pinball Framework v0.80.0.dev11', 'prev_value': None, 'change': True}
2025-10-25 21:41:08,602 : INFO : EventManager : Event: ======'machine_var_mpf_extended_version'====== Args={'value': 'Mission Pinball Framework v0.80.0.dev11, Config version:6, Show version: 6, BCP version:1.1', 'prev_value': None, 'change': True}
2025-10-25 21:41:08,603 : INFO : EventManager : Event: ======'machine_var_python_version'====== Args={'value': '3.12.7', 'prev_value': None, 'change': True}
2025-10-25 21:41:08,766 : INFO : EventManager : Event: ======'machine_var_platform'====== Args={'value': 'Windows-11-10.0.26100-SP0', 'prev_value': None, 'change': True}
2025-10-25 21:41:08,766 : INFO : EventManager : Event: ======'machine_var_platform_system'====== Args={'value': 'Windows', 'prev_value': None, 'change': True}
2025-10-25 21:41:08,766 : INFO : EventManager : Event: ======'machine_var_platform_release'====== Args={'value': '11', 'prev_value': None, 'change': True}
2025-10-25 21:41:08,766 : INFO : EventManager : Event: ======'machine_var_platform_version'====== Args={'value': '10.0.26100', 'prev_value': None, 'change': True}
2025-10-25 21:41:08,766 : INFO : EventManager : Event: ======'machine_var_platform_machine'====== Args={'value': 'AMD64', 'prev_value': None, 'change': True}
2025-10-25 21:41:08,766 : INFO : EventManager : Event: ======'machine_var_log_file_path'====== Args={'value': 'C:\\Users\\antho\\nightpin\\logs\\2025-10-25-21-41-08-mpf-LAPTOP-MPGP6R69.log', 'prev_value': None, 'change': True}
2025-10-25 21:41:08,766 : INFO : EventManager : Event: ======'init_phase_1'====== Args={}
2025-10-25 21:41:08,801 : INFO : EventManager : Event: ======'drop_target_bank_right_bank_up'====== Args={}
2025-10-25 21:41:08,801 : INFO : EventManager : Event: ======'drop_target_bank_left_bank_up'====== Args={}
2025-10-25 21:41:08,804 : ERROR : asyncio : Exception in callback EventManager._queue_task_done(<Task finishe...y': 1000}}]")>)
handle: <Handle EventManager._queue_task_done(<Task finishe...y': 1000}}]")>)>
Traceback (most recent call last):
  File "C:\Users\antho\AppData\Local\Programs\Python\Python312\Lib\asyncio\events.py", line 88, in _run
    self._context.run(self._callback, *self._args)
  File "C:\Users\antho\mpf\Lib\site-packages\mpf\core\events.py", line 795, in _queue_task_done
    future.result()
  File "C:\Users\antho\mpf\Lib\site-packages\mpf\core\events.py", line 708, in _run_handlers_sequential
    handler.callback(queue=queue, **merged_kwargs)
  File "C:\Users\antho\mpf\Lib\site-packages\mpf\core\config_player.py", line 90, in _initialize_system_wide
    self.validate_config(
  File "C:\Users\antho\mpf\Lib\site-packages\mpf\core\config_player.py", line 113, in validate_config
    validated_config[event] = self.validate_config_entry(settings, event)
                              ^^^^^^^^^^^^^^^^^^^^^^^^^^^^^^^^^^^^^^^^^^^
  File "C:\Users\antho\mpf\Lib\site-packages\mpf\config_players\device_config_player.py", line 44, in validate_config_entry
    raise AssertionError(
AssertionError: Invalid settings for player mode_attract_started:segment_displays [{'info_display': {'action': 'remove', 'key': 'info_ball'}}, {'info_display': {'text': '    ', 'key': 'info_ball', 'priority': 1000}}]
2025-10-25 21:41:08,822 : INFO : Machine : Starting the main run loop with active modes: []
2025-10-25 21:41:08,822 : WARNING : Machine : Attract mode is not active, game will not be playable. Please check your attract mode configuration.
2025-10-25 21:41:08,824 : INFO : Machine : Shutting down...
2025-10-25 21:41:08,824 : INFO : EventManager : Event: ======'shutdown'====== Args={}
2025-10-25 21:41:09,836 : ERROR : Machine : Runtime Exception
Traceback (most recent call last):
  File "C:\Users\antho\mpf\Lib\site-packages\mpf\core\machine.py", line 810, in _run_loop
    raise self._exception['exception']
  File "C:\Users\antho\AppData\Local\Programs\Python\Python312\Lib\asyncio\events.py", line 88, in _run
    self._context.run(self._callback, *self._args)
  File "C:\Users\antho\mpf\Lib\site-packages\mpf\core\events.py", line 795, in _queue_task_done
    future.result()
  File "C:\Users\antho\mpf\Lib\site-packages\mpf\core\events.py", line 708, in _run_handlers_sequential
    handler.callback(queue=queue, **merged_kwargs)
  File "C:\Users\antho\mpf\Lib\site-packages\mpf\core\config_player.py", line 90, in _initialize_system_wide
    self.validate_config(
  File "C:\Users\antho\mpf\Lib\site-packages\mpf\core\config_player.py", line 113, in validate_config
    validated_config[event] = self.validate_config_entry(settings, event)
                              ^^^^^^^^^^^^^^^^^^^^^^^^^^^^^^^^^^^^^^^^^^^
  File "C:\Users\antho\mpf\Lib\site-packages\mpf\config_players\device_config_player.py", line 44, in validate_config_entry
    raise AssertionError(
AssertionError: Invalid settings for player mode_attract_started:segment_displays [{'info_display': {'action': 'remove', 'key': 'info_ball'}}, {'info_display': {'text': '    ', 'key': 'info_ball', 'priority': 1000}}]
2025-10-25 21:41:09,838 : INFO : root : MPF run loop ended.
