2025-10-24 13:38:37,724 : INFO : root : Loading config.
2025-10-24 13:38:37,729 : INFO : YamlMultifileConfigLoader : Machine config file #1: config.yaml
2025-10-24 13:38:37,731 : INFO : ConfigProcessor : Loading config from cache: C:\Users\antho\AppData\Local\Temp\fdca14d0c9d658ab8200d57120800af5.mpf_cache
2025-10-24 13:38:37,871 : INFO : ConfigProcessor : Loading config from cache: C:\Users\antho\AppData\Local\Temp\5dec96b1547c4adf5bdd3d1715e74bc0.mpf_cache
2025-10-24 13:38:37,871 : INFO : ConfigProcessor : Loading config from cache: C:\Users\antho\AppData\Local\Temp\202a5840610e95051f9f473dfa660cc0.mpf_cache
2025-10-24 13:38:37,872 : INFO : ConfigProcessor : Loading config from cache: C:\Users\antho\AppData\Local\Temp\5dec96b1547c4adf5bdd3d1715e74bc0.mpf_cache
2025-10-24 13:38:37,872 : INFO : ConfigProcessor : Loading config from cache: C:\Users\antho\AppData\Local\Temp\2cd13a2d3f375e00ab01d6d09a85d8e7.mpf_cache
2025-10-24 13:38:37,874 : INFO : ConfigProcessor : Loading config from cache: C:\Users\antho\AppData\Local\Temp\9220b44b97b91972524500b81035d790.mpf_cache
2025-10-24 13:38:37,874 : INFO : ConfigProcessor : Loading config from cache: C:\Users\antho\AppData\Local\Temp\dab29d17bbe6500d014c71b0a57bd9b0.mpf_cache
2025-10-24 13:38:37,875 : INFO : ConfigProcessor : Loading config from cache: C:\Users\antho\AppData\Local\Temp\b17152efa55a24f0424602723f8d3921.mpf_cache
2025-10-24 13:38:37,877 : INFO : ConfigProcessor : Loading config from cache: C:\Users\antho\AppData\Local\Temp\e87fc0e7d2f8a851b5fa3f604e0d0c6e.mpf_cache
2025-10-24 13:38:37,877 : INFO : ConfigProcessor : Loading config from cache: C:\Users\antho\AppData\Local\Temp\196ac76b6cab3a9880804c826cfbcb5c.mpf_cache
2025-10-24 13:38:37,878 : INFO : ConfigProcessor : Loading config from cache: C:\Users\antho\AppData\Local\Temp\834292dd7853e12a66732dc89828c828.mpf_cache
2025-10-24 13:38:37,878 : INFO : ConfigProcessor : Loading config from cache: C:\Users\antho\AppData\Local\Temp\ae2be9c5579852c305357e207df97e8b.mpf_cache
2025-10-24 13:38:37,879 : INFO : ConfigProcessor : Loading config from cache: C:\Users\antho\AppData\Local\Temp\46f8fa3e41dfeeb8232af2f03a13b6c4.mpf_cache
2025-10-24 13:38:37,879 : INFO : ConfigProcessor : Loading config from cache: C:\Users\antho\AppData\Local\Temp\c67e9c175da6c060302945929b27b878.mpf_cache
2025-10-24 13:38:37,880 : INFO : ConfigProcessor : Loading config from cache: C:\Users\antho\AppData\Local\Temp\1c965aadbb61a7e709e8884fad17ac0b.mpf_cache
2025-10-24 13:38:37,882 : INFO : ConfigProcessor : Loading config from cache: C:\Users\antho\AppData\Local\Temp\60ca9d662df3e70e96f6d7ec0f4491aa.mpf_cache
2025-10-24 13:38:37,882 : INFO : Machine : Mission Pinball Framework Core Engine v0.80.0.dev11
2025-10-24 13:38:37,884 : INFO : Machine : Command line arguments: {'no_load_cache': False, 'create_config_cache': True, 'bcp': True, 'configfile': ['config.yaml'], 'force_assets_load': False, 'platform_integration_test': False, 'jsonlogging': False, 'logfile': 'logs\\2025-10-24-13-38-37-mpf-LAPTOP-MPGP6R69.log', 'pause': False, 'production': False, 'text_ui': True, 'loglevel': 15, 'consoleloglevel': 20, 'force_platform': None, 'syslog_address': None, 'full_logfile_path': 'C:\\Users\\antho\\nightpin\\logs\\2025-10-24-13-38-37-mpf-LAPTOP-MPGP6R69.log'}
2025-10-24 13:38:37,884 : INFO : Machine : MPF path: C:\Users\antho\mpf\Lib\site-packages\mpf
2025-10-24 13:38:37,884 : INFO : Machine : Machine path: C:\Users\antho\nightpin
2025-10-24 13:38:37,884 : INFO : Machine : Platform: win32
2025-10-24 13:38:37,884 : INFO : Machine : Python executable location: C:\Users\antho\mpf\Scripts\python.exe
2025-10-24 13:38:37,884 : INFO : Machine : Python version: 3.12.7 (64-bit)
2025-10-24 13:38:37,886 : INFO : Machine : Initializing MPF...
2025-10-24 13:38:38,165 : INFO : lisy : Connecting to com3 at 115200bps
2025-10-24 13:38:38,166 : WARNING : lisy : Could not import terminos (this is ok on windows).
2025-10-24 13:38:38,318 : INFO : EventManager : Event: ======'machine_var_lisy_hardware'====== Args={'value': 'LISY35', 'prev_value': None, 'change': True}
2025-10-24 13:38:38,318 : INFO : EventManager : Event: ======'machine_var_lisy_version'====== Args={'value': '5.26 ', 'prev_value': None, 'change': True}
2025-10-24 13:38:38,318 : INFO : EventManager : Event: ======'machine_var_lisy_api_version'====== Args={'value': b'0.09', 'prev_value': None, 'change': True}
2025-10-24 13:38:39,645 : INFO : EventManager : Event: ======'machine_var_credits_string'====== Args={'value': 'FREE PLAY', 'prev_value': None, 'change': True}
2025-10-24 13:38:39,678 : INFO : EventManager : Event: ======'machine_var_master_volume'====== Args={'value': 0.5, 'prev_value': None, 'change': True}
2025-10-24 13:38:39,679 : INFO : EventManager : Event: ======'machine_var_mpf_version'====== Args={'value': 'Mission Pinball Framework v0.80.0.dev11', 'prev_value': None, 'change': True}
2025-10-24 13:38:39,679 : INFO : EventManager : Event: ======'machine_var_mpf_extended_version'====== Args={'value': 'Mission Pinball Framework v0.80.0.dev11, Config version:6, Show version: 6, BCP version:1.1', 'prev_value': None, 'change': True}
2025-10-24 13:38:39,679 : INFO : EventManager : Event: ======'machine_var_python_version'====== Args={'value': '3.12.7', 'prev_value': None, 'change': True}
2025-10-24 13:38:39,886 : INFO : EventManager : Event: ======'machine_var_platform'====== Args={'value': 'Windows-11-10.0.26100-SP0', 'prev_value': None, 'change': True}
2025-10-24 13:38:39,886 : INFO : EventManager : Event: ======'machine_var_platform_system'====== Args={'value': 'Windows', 'prev_value': None, 'change': True}
2025-10-24 13:38:39,886 : INFO : EventManager : Event: ======'machine_var_platform_release'====== Args={'value': '11', 'prev_value': None, 'change': True}
2025-10-24 13:38:39,886 : INFO : EventManager : Event: ======'machine_var_platform_version'====== Args={'value': '10.0.26100', 'prev_value': None, 'change': True}
2025-10-24 13:38:39,886 : INFO : EventManager : Event: ======'machine_var_platform_machine'====== Args={'value': 'AMD64', 'prev_value': None, 'change': True}
2025-10-24 13:38:39,886 : INFO : EventManager : Event: ======'machine_var_log_file_path'====== Args={'value': 'C:\\Users\\antho\\nightpin\\logs\\2025-10-24-13-38-37-mpf-LAPTOP-MPGP6R69.log', 'prev_value': None, 'change': True}
2025-10-24 13:38:39,886 : INFO : EventManager : Event: ======'init_phase_1'====== Args={}
2025-10-24 13:38:39,927 : INFO : EventManager : Event: ======'drop_target_bank_right_bank_up'====== Args={}
2025-10-24 13:38:39,927 : INFO : EventManager : Event: ======'drop_target_bank_left_bank_up'====== Args={}
2025-10-24 13:38:39,928 : INFO : EventManager : Event: ======'init_phase_2'====== Args={}
2025-10-24 13:38:39,928 : INFO : SwitchController : Found active switch: ('8', <mpf.platforms.lisy.lisy.LisyHardwarePlatform object at 0x0000019097DE96D0>) <switch.s_trough>
2025-10-24 13:38:39,937 : INFO : EventManager : Event: ======'bcp_connection_attempt'====== Args={'name': 'local_display', 'host': 'localhost', 'port': 5050}
2025-10-24 13:38:39,940 : INFO : BCPClientSocket : Connecting BCP to 'local_display' at localhost:5050...
2025-10-24 13:38:39,959 : INFO : BCPClientSocket : Connected BCP to 'local_display' localhost:5050
2025-10-24 13:38:39,959 : INFO : EventManager : Event: ======'bcp_clients_connected'====== Args={}
2025-10-24 13:38:40,071 : INFO : ball_device.bd_trough : BCH: Initial count: 1
2025-10-24 13:38:40,105 : INFO : ball_device.bd_trough : State: idle
2025-10-24 13:38:40,106 : INFO : ball_device.bd_saucer : BCH: Initial count: 0
2025-10-24 13:38:40,106 : INFO : ball_device.bd_saucer : State: idle
2025-10-24 13:38:40,121 : INFO : EventManager : Event: ======'init_phase_3'====== Args={}
2025-10-24 13:38:40,130 : INFO : EventManager : Event: ======'init_phase_4'====== Args={}
2025-10-24 13:38:40,131 : INFO : BallController : Initial balls found: 1
2025-10-24 13:38:40,132 : INFO : EventManager : Event: ======'machine_var_audits_events_game_ended'====== Args={'value': 0, 'prev_value': None, 'change': True}
2025-10-24 13:38:40,132 : INFO : EventManager : Event: ======'machine_var_audits_events_game_started'====== Args={'value': 5, 'prev_value': None, 'change': True}
2025-10-24 13:38:40,132 : INFO : EventManager : Event: ======'machine_var_audits_missing_switches_s_coin_right'====== Args={'value': 4, 'prev_value': None, 'change': True}
2025-10-24 13:38:40,132 : INFO : EventManager : Event: ======'machine_var_audits_missing_switches_s_credit_button'====== Args={'value': 4, 'prev_value': None, 'change': True}
2025-10-24 13:38:40,132 : INFO : EventManager : Event: ======'machine_var_audits_missing_switches_s_left_lower_bumper'====== Args={'value': 2, 'prev_value': None, 'change': True}
2025-10-24 13:38:40,134 : INFO : EventManager : Event: ======'machine_var_audits_missing_switches_s_left_outlane_rollover'====== Args={'value': 5, 'prev_value': None, 'change': True}
2025-10-24 13:38:40,134 : INFO : EventManager : Event: ======'machine_var_audits_missing_switches_s_left_sling'====== Args={'value': 1, 'prev_value': None, 'change': True}
2025-10-24 13:38:40,134 : INFO : EventManager : Event: ======'machine_var_audits_missing_switches_s_left_upper_bumper'====== Args={'value': 5, 'prev_value': None, 'change': True}
2025-10-24 13:38:40,134 : INFO : EventManager : Event: ======'machine_var_audits_missing_switches_s_middle_skill_lane'====== Args={'value': 1, 'prev_value': None, 'change': True}
2025-10-24 13:38:40,134 : INFO : EventManager : Event: ======'machine_var_audits_missing_switches_s_outer_skill_lanes'====== Args={'value': 1, 'prev_value': None, 'change': True}
2025-10-24 13:38:40,134 : INFO : EventManager : Event: ======'machine_var_audits_missing_switches_s_right_outlane_rollover'====== Args={'value': 5, 'prev_value': None, 'change': True}
2025-10-24 13:38:40,134 : INFO : EventManager : Event: ======'machine_var_audits_missing_switches_s_right_sling'====== Args={'value': 2, 'prev_value': None, 'change': True}
2025-10-24 13:38:40,134 : INFO : EventManager : Event: ======'machine_var_audits_missing_switches_s_slam_tilt'====== Args={'value': 4, 'prev_value': None, 'change': True}
2025-10-24 13:38:40,134 : INFO : EventManager : Event: ======'machine_var_audits_missing_switches_s_spinner'====== Args={'value': 1, 'prev_value': None, 'change': True}
2025-10-24 13:38:40,134 : INFO : EventManager : Event: ======'machine_var_audits_missing_switches_s_start_button'====== Args={'value': 5, 'prev_value': None, 'change': True}
2025-10-24 13:38:40,135 : INFO : EventManager : Event: ======'machine_var_audits_missing_switches_s_tilt'====== Args={'value': 5, 'prev_value': None, 'change': True}
2025-10-24 13:38:40,135 : INFO : EventManager : Event: ======'machine_var_audits_missing_switches_s_trough'====== Args={'value': 2, 'prev_value': None, 'change': True}
2025-10-24 13:38:40,135 : INFO : EventManager : Event: ======'machine_var_audits_player_score'====== Args={'value': {'average': 0, 'top': [], 'total': 0}, 'prev_value': None, 'change': True}
2025-10-24 13:38:40,135 : INFO : EventManager : Event: ======'machine_var_audits_switches_s_coin_right'====== Args={'value': 1, 'prev_value': None, 'change': True}
2025-10-24 13:38:40,135 : INFO : EventManager : Event: ======'machine_var_audits_switches_s_credit_button'====== Args={'value': 2, 'prev_value': None, 'change': True}
2025-10-24 13:38:40,135 : INFO : EventManager : Event: ======'machine_var_audits_switches_s_inlanes'====== Args={'value': 1, 'prev_value': None, 'change': True}
2025-10-24 13:38:40,135 : INFO : EventManager : Event: ======'machine_var_audits_switches_s_left_bank_target_left'====== Args={'value': 9, 'prev_value': None, 'change': True}
2025-10-24 13:38:40,135 : INFO : EventManager : Event: ======'machine_var_audits_switches_s_left_bank_target_middle'====== Args={'value': 8, 'prev_value': None, 'change': True}
2025-10-24 13:38:40,135 : INFO : EventManager : Event: ======'machine_var_audits_switches_s_left_bank_target_right'====== Args={'value': 8, 'prev_value': None, 'change': True}
2025-10-24 13:38:40,135 : INFO : EventManager : Event: ======'machine_var_audits_switches_s_left_lower_bumper'====== Args={'value': 1, 'prev_value': None, 'change': True}
2025-10-24 13:38:40,135 : INFO : EventManager : Event: ======'machine_var_audits_switches_s_left_outlane_rollover'====== Args={'value': 0, 'prev_value': None, 'change': True}
2025-10-24 13:38:40,136 : INFO : EventManager : Event: ======'machine_var_audits_switches_s_left_sling'====== Args={'value': 2, 'prev_value': None, 'change': True}
2025-10-24 13:38:40,136 : INFO : EventManager : Event: ======'machine_var_audits_switches_s_left_upper_bumper'====== Args={'value': 0, 'prev_value': None, 'change': True}
2025-10-24 13:38:40,136 : INFO : EventManager : Event: ======'machine_var_audits_switches_s_middle_skill_lane'====== Args={'value': 4, 'prev_value': None, 'change': True}
2025-10-24 13:38:40,136 : INFO : EventManager : Event: ======'machine_var_audits_switches_s_middle_upper_rollovers'====== Args={'value': 4, 'prev_value': None, 'change': True}
2025-10-24 13:38:40,136 : INFO : EventManager : Event: ======'machine_var_audits_switches_s_outer_skill_lanes'====== Args={'value': 1, 'prev_value': None, 'change': True}
2025-10-24 13:38:40,136 : INFO : EventManager : Event: ======'machine_var_audits_switches_s_pop_bumper_bottom'====== Args={'value': 6, 'prev_value': None, 'change': True}
2025-10-24 13:38:40,136 : INFO : EventManager : Event: ======'machine_var_audits_switches_s_pop_bumper_left'====== Args={'value': 2, 'prev_value': None, 'change': True}
2025-10-24 13:38:40,136 : INFO : EventManager : Event: ======'machine_var_audits_switches_s_pop_bumper_right'====== Args={'value': 1, 'prev_value': None, 'change': True}
2025-10-24 13:38:40,136 : INFO : EventManager : Event: ======'machine_var_audits_switches_s_right_bank_target_left'====== Args={'value': 5, 'prev_value': None, 'change': True}
2025-10-24 13:38:40,136 : INFO : EventManager : Event: ======'machine_var_audits_switches_s_right_bank_target_middle'====== Args={'value': 3, 'prev_value': None, 'change': True}
2025-10-24 13:38:40,136 : INFO : EventManager : Event: ======'machine_var_audits_switches_s_right_bank_target_right'====== Args={'value': 6, 'prev_value': None, 'change': True}
2025-10-24 13:38:40,137 : INFO : EventManager : Event: ======'machine_var_audits_switches_s_right_outlane_rollover'====== Args={'value': 0, 'prev_value': None, 'change': True}
2025-10-24 13:38:40,137 : INFO : EventManager : Event: ======'machine_var_audits_switches_s_right_sling'====== Args={'value': 2, 'prev_value': None, 'change': True}
2025-10-24 13:38:40,137 : INFO : EventManager : Event: ======'machine_var_audits_switches_s_saucer'====== Args={'value': 2, 'prev_value': None, 'change': True}
2025-10-24 13:38:40,137 : INFO : EventManager : Event: ======'machine_var_audits_switches_s_slam_tilt'====== Args={'value': 1, 'prev_value': None, 'change': True}
2025-10-24 13:38:40,137 : INFO : EventManager : Event: ======'machine_var_audits_switches_s_spinner'====== Args={'value': 24, 'prev_value': None, 'change': True}
2025-10-24 13:38:40,137 : INFO : EventManager : Event: ======'machine_var_audits_switches_s_stand_up'====== Args={'value': 2, 'prev_value': None, 'change': True}
2025-10-24 13:38:40,137 : INFO : EventManager : Event: ======'machine_var_audits_switches_s_start_button'====== Args={'value': 0, 'prev_value': None, 'change': True}
2025-10-24 13:38:40,137 : INFO : EventManager : Event: ======'machine_var_audits_switches_s_tilt'====== Args={'value': 0, 'prev_value': None, 'change': True}
2025-10-24 13:38:40,137 : INFO : EventManager : Event: ======'machine_var_audits_switches_s_trough'====== Args={'value': 11, 'prev_value': None, 'change': True}
2025-10-24 13:38:40,137 : INFO : EventManager : Event: ======'machine_var_audits_switches_s_middle_pop_bumper'====== Args={'value': 0, 'prev_value': None, 'change': True}
2025-10-24 13:38:40,137 : INFO : EventManager : Event: ======'machine_var_audits_switches_s_left_pop_bumper'====== Args={'value': 0, 'prev_value': None, 'change': True}
2025-10-24 13:38:40,138 : INFO : EventManager : Event: ======'machine_var_audits_switches_s_right_pop_bumper'====== Args={'value': 0, 'prev_value': None, 'change': True}
2025-10-24 13:38:40,138 : INFO : EventManager : Event: ======'init_phase_5'====== Args={}
2025-10-24 13:38:40,149 : INFO : EventManager : Event: ======'init_done'====== Args={}
2025-10-24 13:38:40,150 : INFO : EventManager : Event: ======'machine_reset_phase_1'====== Args={}
2025-10-24 13:38:40,157 : INFO : EventManager : Event: ======'machine_reset_phase_2'====== Args={}
2025-10-24 13:38:40,157 : INFO : EventManager : Event: ======'machine_reset_phase_3'====== Args={}
2025-10-24 13:38:40,158 : INFO : EventManager : Event: ======'mode_attract_will_start'====== Args={'queue': <QueuedEvent>}
2025-10-24 13:38:40,158 : INFO : EventManager : Event: ======'mode_attract_starting'====== Args={'queue': <QueuedEvent>}
2025-10-24 13:38:40,159 : INFO : Mode.attract : Started. Priority: 10
2025-10-24 13:38:40,159 : INFO : EventManager : Event: ======'modes_active_modes_changed'====== Args={}
2025-10-24 13:38:40,159 : INFO : EventManager : Event: ======'mode_attract_started'====== Args={'queue': <QueuedEvent>}
2025-10-24 13:38:40,159 : INFO : EventManager : Event: ======'collecting_balls_complete'====== Args={}
2025-10-24 13:38:40,160 : INFO : EventManager : Event: ======'reset_complete'====== Args={}
2025-10-24 13:38:40,171 : INFO : Machine : Starting the main run loop with active modes: [<Mode.attract>]
2025-10-24 13:38:40,204 : INFO : EventManager : Event: ======'slide_attract_created'====== Args={'_from_bcp': True}
2025-10-24 13:38:40,204 : INFO : EventManager : Event: ======'slide__removed'====== Args={'_from_bcp': True}
2025-10-24 13:38:40,205 : INFO : EventManager : Event: ======'slide_attract_active'====== Args={'original_context': 'attract', 'original_calling_context': 'mode_attract_started', 'priority': 10.0, 'queue': '<QueuedEvent>', 'cmd': 'slides_play', '_from_bcp': True}
2025-10-24 13:39:34,189 : INFO : SwitchController : <<<<<<< 's_inlanes' active >>>>>>>
2025-10-24 13:39:34,626 : INFO : SwitchController : <<<<<<< 's_inlanes' inactive >>>>>>>
2025-10-24 13:39:34,967 : INFO : SwitchController : <<<<<<< 's_left_outlane_rollover' active >>>>>>>
2025-10-24 13:39:35,512 : INFO : SwitchController : <<<<<<< 's_left_outlane_rollover' inactive >>>>>>>
2025-10-24 13:39:40,297 : INFO : SwitchController : <<<<<<< 's_saucer' active >>>>>>>
2025-10-24 13:39:40,297 : INFO : EventManager : Event: ======'s_saucer_active'====== Args={}
2025-10-24 13:39:40,297 : WARNING : Mode.escape_graveyard : Can only start mode escape_graveyard during a game. Aborting start.
2025-10-24 13:39:40,799 : INFO : EventManager : Event: ======'balldevice_bd_saucer_ball_count_changed'====== Args={'balls': 1}
2025-10-24 13:39:40,799 : INFO : ball_device.bd_saucer : Received unexpected ball
2025-10-24 13:39:40,799 : INFO : EventManager : Event: ======'balldevice_captured_from_playfield'====== Args={'balls': 1}
2025-10-24 13:39:40,800 : INFO : EventManager : Event: ======'sw_playfield_active'====== Args={'balls': 1}
2025-10-24 13:39:40,800 : INFO : EventManager : Event: ======'playfield_active'====== Args={'source': None}
2025-10-24 13:39:40,800 : INFO : EventManager : Event: ======'unexpected_ball_on_playfield'====== Args={}
2025-10-24 13:39:40,800 : INFO : EventManager : Event: ======'playfield_ball_count_change'====== Args={'balls': -1, 'change': -1}
2025-10-24 13:39:40,801 : INFO : EventManager : Event: ======'balldevice_playfield_ball_enter'====== Args={'new_balls': 1, 'unclaimed_balls': 1, 'device': <playfield.playfield>}
2025-10-24 13:39:40,801 : INFO : EventManager : Event: ======'playfield_ball_count_change'====== Args={'balls': 0, 'change': 1}
2025-10-24 13:39:40,801 : INFO : BallController : Found a new ball which was captured from playfield. Known balls: 2
2025-10-24 13:39:40,801 : INFO : EventManager : Event: ======'found_new_ball'====== Args={}
2025-10-24 13:39:40,801 : INFO : EventManager : Event: ======'balldevice_bd_saucer_ball_enter'====== Args={'new_balls': 1, 'unclaimed_balls': 1, 'new_available_balls': 1, 'device': <ball_device.bd_saucer>}
2025-10-24 13:39:40,801 : INFO : ball_device.bd_saucer : Ejecting 1 unexpected balls using path deque([<ball_device.bd_saucer>, <playfield.playfield>])
2025-10-24 13:39:40,801 : INFO : EventManager : Event: ======'balldevice_balls_available'====== Args={}
2025-10-24 13:39:40,802 : INFO : EventManager : Event: ======'balldevice_balls_available'====== Args={}
2025-10-24 13:39:40,802 : INFO : EventManager : Event: ======'balldevice_bd_saucer_ball_entered'====== Args={'new_balls': 1, 'device': <ball_device.bd_saucer>}
2025-10-24 13:39:40,803 : INFO : ball_device.bd_saucer : State: waiting_for_target_ready
2025-10-24 13:39:40,803 : INFO : EventManager : Event: ======'balldevice_bd_saucer_ball_eject_attempt'====== Args={'balls': 1, 'target': <playfield.playfield>, 'source': <ball_device.bd_saucer>, 'mechanical_eject': False, 'num_attempts': 0}
2025-10-24 13:39:40,803 : INFO : ball_device.bd_saucer : State: ejecting
2025-10-24 13:39:40,804 : INFO : ball_device.bd_saucer : Ejecting ball to <playfield.playfield>
2025-10-24 13:39:40,804 : INFO : EventManager : Event: ======'balldevice_bd_saucer_ejecting_ball'====== Args={'balls': 1, 'target': <playfield.playfield>, 'source': <ball_device.bd_saucer>, 'mechanical_eject': False, 'num_attempts': 0}
2025-10-24 13:39:40,804 : INFO : ball_device.bd_saucer : Wait for ball to leave device
2025-10-24 13:39:40,805 : INFO : coil.c_saucer : Pulsing Driver for 50ms (1.0 pulse_power)
2025-10-24 13:39:40,986 : INFO : SwitchController : <<<<<<< 's_saucer' inactive >>>>>>>
2025-10-24 13:39:40,994 : INFO : ball_device.bd_saucer : State: ball_left
2025-10-24 13:39:40,994 : INFO : ball_device.bd_saucer : Ball left
2025-10-24 13:39:40,994 : INFO : ball_device.bd_saucer : Wait for confirm with timeout 2.0
2025-10-24 13:39:42,986 : INFO : ball_device.bd_saucer : State: failed_confirm
2025-10-24 13:39:42,986 : INFO : ball_device.bd_saucer : Got timeout (2.0s) before confirm from <playfield.playfield>
2025-10-24 13:39:43,078 : INFO : ball_device.bd_saucer : Confirming eject because target is playfield and ball did not return.
2025-10-24 13:39:43,078 : INFO : ball_device.bd_saucer : Eject successful
2025-10-24 13:39:43,078 : INFO : EventManager : Event: ======'balldevice_bd_saucer_ball_eject_success'====== Args={'balls': 1, 'target': <playfield.playfield>}
2025-10-24 13:39:43,078 : INFO : EventManager : Event: ======'balldevice_playfield_ball_enter'====== Args={'new_balls': 1, 'unclaimed_balls': 1, 'device': <playfield.playfield>}
2025-10-24 13:39:43,079 : INFO : EventManager : Event: ======'playfield_ball_count_change'====== Args={'balls': 1, 'change': 1}
2025-10-24 13:39:43,079 : INFO : EventManager : Event: ======'balldevice_bd_saucer_ball_count_changed'====== Args={'balls': 0}
2025-10-24 13:39:43,079 : INFO : ball_device.bd_saucer : State: idle
2025-10-24 13:39:47,787 : INFO : SwitchController : <<<<<<< 's_right_sling' active >>>>>>>
2025-10-24 13:39:47,958 : INFO : SwitchController : <<<<<<< 's_right_sling' inactive >>>>>>>
2025-10-24 13:39:48,221 : INFO : SwitchController : <<<<<<< 's_right_sling' active >>>>>>>
2025-10-24 13:39:48,501 : INFO : SwitchController : <<<<<<< 's_right_sling' inactive >>>>>>>
2025-10-24 13:39:48,595 : INFO : SwitchController : <<<<<<< 's_right_sling' active >>>>>>>
2025-10-24 13:39:49,154 : INFO : SwitchController : <<<<<<< 's_right_sling' inactive >>>>>>>
2025-10-24 13:39:50,797 : INFO : SwitchController : <<<<<<< 's_right_sling' active >>>>>>>
2025-10-24 13:39:50,999 : INFO : SwitchController : <<<<<<< 's_right_sling' inactive >>>>>>>
2025-10-24 13:39:51,169 : INFO : SwitchController : <<<<<<< 's_right_sling' active >>>>>>>
2025-10-24 13:39:51,659 : INFO : SwitchController : <<<<<<< 's_right_sling' inactive >>>>>>>
2025-10-24 13:39:53,745 : INFO : SwitchController : <<<<<<< 's_start_button' active >>>>>>>
2025-10-24 13:39:53,885 : INFO : SwitchController : <<<<<<< 's_start_button' inactive >>>>>>>
2025-10-24 13:39:53,885 : INFO : EventManager : Event: ======'request_to_start_game'====== Args={}
2025-10-24 13:39:53,887 : INFO : EventManager : Event: ======'collecting_balls'====== Args={}
2025-10-24 13:39:53,887 : INFO : BallController : Known balls: 2
2025-10-24 13:39:53,887 : INFO : BallController : bd_trough contains 1 balls. Tags ['trough', 'home', 'drain']
2025-10-24 13:39:53,887 : INFO : BallController : bd_saucer contains 0 balls. Tags ['saucer', 'home', 'eject']
2025-10-24 13:39:53,887 : INFO : BallController : playfield contains 1 balls. Tags ['default']
2025-10-24 13:39:53,887 : WARNING : BallController : BallController denies game start. Balls are not in their home positions.
2025-10-24 13:39:56,866 : INFO : SwitchController : <<<<<<< 's_start_button' active >>>>>>>
2025-10-24 13:39:57,193 : INFO : SwitchController : <<<<<<< 's_start_button' inactive >>>>>>>
2025-10-24 13:39:57,193 : INFO : EventManager : Event: ======'request_to_start_game'====== Args={}
2025-10-24 13:39:57,193 : INFO : EventManager : Event: ======'collecting_balls'====== Args={}
2025-10-24 13:39:57,194 : INFO : BallController : Known balls: 2
2025-10-24 13:39:57,194 : INFO : BallController : bd_trough contains 1 balls. Tags ['trough', 'home', 'drain']
2025-10-24 13:39:57,194 : INFO : BallController : bd_saucer contains 0 balls. Tags ['saucer', 'home', 'eject']
2025-10-24 13:39:57,194 : INFO : BallController : playfield contains 1 balls. Tags ['default']
2025-10-24 13:39:57,194 : WARNING : BallController : BallController denies game start. Balls are not in their home positions.
2025-10-24 13:39:58,828 : INFO : SwitchController : <<<<<<< 's_start_button' active >>>>>>>
2025-10-24 13:39:59,328 : INFO : SwitchController : <<<<<<< 's_start_button' inactive >>>>>>>
2025-10-24 13:39:59,328 : INFO : EventManager : Event: ======'request_to_start_game'====== Args={}
2025-10-24 13:39:59,328 : INFO : EventManager : Event: ======'collecting_balls'====== Args={}
2025-10-24 13:39:59,329 : INFO : BallController : Known balls: 2
2025-10-24 13:39:59,329 : INFO : BallController : bd_trough contains 1 balls. Tags ['trough', 'home', 'drain']
2025-10-24 13:39:59,329 : INFO : BallController : bd_saucer contains 0 balls. Tags ['saucer', 'home', 'eject']
2025-10-24 13:39:59,329 : INFO : BallController : playfield contains 1 balls. Tags ['default']
2025-10-24 13:39:59,329 : WARNING : BallController : BallController denies game start. Balls are not in their home positions.
2025-10-24 13:40:13,409 : INFO : SwitchController : <<<<<<< 's_start_button' active >>>>>>>
2025-10-24 13:40:14,091 : INFO : SwitchController : <<<<<<< 's_start_button' inactive >>>>>>>
2025-10-24 13:40:14,091 : INFO : EventManager : Event: ======'request_to_start_game'====== Args={}
2025-10-24 13:40:14,091 : INFO : EventManager : Event: ======'collecting_balls'====== Args={}
2025-10-24 13:40:14,092 : INFO : BallController : Known balls: 2
2025-10-24 13:40:14,092 : INFO : BallController : bd_trough contains 1 balls. Tags ['trough', 'home', 'drain']
2025-10-24 13:40:14,092 : INFO : BallController : bd_saucer contains 0 balls. Tags ['saucer', 'home', 'eject']
2025-10-24 13:40:14,092 : INFO : BallController : playfield contains 1 balls. Tags ['default']
2025-10-24 13:40:14,092 : WARNING : BallController : BallController denies game start. Balls are not in their home positions.
2025-10-24 13:40:15,795 : INFO : SwitchController : <<<<<<< 's_credit_button' active >>>>>>>
2025-10-24 13:40:16,310 : INFO : SwitchController : <<<<<<< 's_credit_button' inactive >>>>>>>
2025-10-24 13:40:16,700 : INFO : SwitchController : <<<<<<< 's_credit_button' active >>>>>>>
2025-10-24 13:40:16,809 : INFO : SwitchController : <<<<<<< 's_credit_button' inactive >>>>>>>
2025-10-24 13:40:16,949 : INFO : SwitchController : <<<<<<< 's_credit_button' active >>>>>>>
2025-10-24 13:40:17,058 : INFO : SwitchController : <<<<<<< 's_credit_button' inactive >>>>>>>
2025-10-24 13:40:17,198 : INFO : SwitchController : <<<<<<< 's_credit_button' active >>>>>>>
2025-10-24 13:40:17,369 : INFO : SwitchController : <<<<<<< 's_credit_button' inactive >>>>>>>
2025-10-24 13:40:18,445 : INFO : SwitchController : <<<<<<< 's_start_button' active >>>>>>>
2025-10-24 13:40:19,067 : INFO : SwitchController : <<<<<<< 's_start_button' inactive >>>>>>>
2025-10-24 13:40:19,067 : INFO : EventManager : Event: ======'request_to_start_game'====== Args={}
2025-10-24 13:40:19,067 : INFO : EventManager : Event: ======'collecting_balls'====== Args={}
2025-10-24 13:40:19,068 : INFO : BallController : Known balls: 2
2025-10-24 13:40:19,068 : INFO : BallController : bd_trough contains 1 balls. Tags ['trough', 'home', 'drain']
2025-10-24 13:40:19,068 : INFO : BallController : bd_saucer contains 0 balls. Tags ['saucer', 'home', 'eject']
2025-10-24 13:40:19,068 : INFO : BallController : playfield contains 1 balls. Tags ['default']
2025-10-24 13:40:19,068 : WARNING : BallController : BallController denies game start. Balls are not in their home positions.
2025-10-24 13:40:29,854 : INFO : Machine : Shutting down...
2025-10-24 13:40:29,854 : INFO : EventManager : Event: ======'shutdown'====== Args={}
2025-10-24 13:40:29,947 : INFO : root : MPF run loop ended.
