2025-10-24 16:06:42,117 : INFO : root : Loading config.
2025-10-24 16:06:42,125 : INFO : YamlMultifileConfigLoader : Machine config file #1: config.yaml
2025-10-24 16:06:42,125 : INFO : ConfigProcessor : Loading config from cache: C:\Users\antho\AppData\Local\Temp\fdca14d0c9d658ab8200d57120800af5.mpf_cache
2025-10-24 16:06:42,248 : INFO : ConfigProcessor : Loading config from cache: C:\Users\antho\AppData\Local\Temp\5dec96b1547c4adf5bdd3d1715e74bc0.mpf_cache
2025-10-24 16:06:42,249 : INFO : ConfigProcessor : Loading config from cache: C:\Users\antho\AppData\Local\Temp\202a5840610e95051f9f473dfa660cc0.mpf_cache
2025-10-24 16:06:42,250 : INFO : ConfigProcessor : Loading config from cache: C:\Users\antho\AppData\Local\Temp\5dec96b1547c4adf5bdd3d1715e74bc0.mpf_cache
2025-10-24 16:06:42,251 : INFO : ConfigProcessor : Loading config from cache: C:\Users\antho\AppData\Local\Temp\2cd13a2d3f375e00ab01d6d09a85d8e7.mpf_cache
2025-10-24 16:06:42,263 : INFO : ConfigProcessor : Loading config from cache: C:\Users\antho\AppData\Local\Temp\9220b44b97b91972524500b81035d790.mpf_cache
2025-10-24 16:06:42,264 : INFO : ConfigProcessor : Loading config from cache: C:\Users\antho\AppData\Local\Temp\31ee881584fa6fce665a672a4f3f633a.mpf_cache
2025-10-24 16:06:42,265 : INFO : ConfigProcessor : Loading config from cache: C:\Users\antho\AppData\Local\Temp\5e841763ec73085bbf92358fe6afda21.mpf_cache
2025-10-24 16:06:42,265 : INFO : ConfigProcessor : Loading config from cache: C:\Users\antho\AppData\Local\Temp\b17152efa55a24f0424602723f8d3921.mpf_cache
2025-10-24 16:06:42,266 : INFO : ConfigProcessor : Loading config from cache: C:\Users\antho\AppData\Local\Temp\e87fc0e7d2f8a851b5fa3f604e0d0c6e.mpf_cache
2025-10-24 16:06:42,266 : INFO : ConfigProcessor : Loading config from cache: C:\Users\antho\AppData\Local\Temp\196ac76b6cab3a9880804c826cfbcb5c.mpf_cache
2025-10-24 16:06:42,267 : INFO : ConfigProcessor : Loading config from cache: C:\Users\antho\AppData\Local\Temp\834292dd7853e12a66732dc89828c828.mpf_cache
2025-10-24 16:06:42,267 : INFO : ConfigProcessor : Loading config from cache: C:\Users\antho\AppData\Local\Temp\ae2be9c5579852c305357e207df97e8b.mpf_cache
2025-10-24 16:06:42,268 : INFO : ConfigProcessor : Loading config from cache: C:\Users\antho\AppData\Local\Temp\46f8fa3e41dfeeb8232af2f03a13b6c4.mpf_cache
2025-10-24 16:06:42,268 : INFO : ConfigProcessor : Loading config from cache: C:\Users\antho\AppData\Local\Temp\c67e9c175da6c060302945929b27b878.mpf_cache
2025-10-24 16:06:42,269 : INFO : ConfigProcessor : Loading config from cache: C:\Users\antho\AppData\Local\Temp\1c965aadbb61a7e709e8884fad17ac0b.mpf_cache
2025-10-24 16:06:42,269 : INFO : ConfigProcessor : Loading config from cache: C:\Users\antho\AppData\Local\Temp\60ca9d662df3e70e96f6d7ec0f4491aa.mpf_cache
2025-10-24 16:06:42,270 : INFO : Machine : Mission Pinball Framework Core Engine v0.80.0.dev11
2025-10-24 16:06:42,270 : INFO : Machine : Command line arguments: {'no_load_cache': False, 'create_config_cache': True, 'bcp': True, 'configfile': ['config.yaml'], 'force_assets_load': False, 'platform_integration_test': False, 'jsonlogging': False, 'logfile': 'logs\\2025-10-24-16-06-42-mpf-LAPTOP-MPGP6R69.log', 'pause': False, 'production': False, 'text_ui': True, 'loglevel': 15, 'consoleloglevel': 20, 'force_platform': None, 'syslog_address': None, 'full_logfile_path': 'C:\\Users\\antho\\nightpin\\logs\\2025-10-24-16-06-42-mpf-LAPTOP-MPGP6R69.log'}
2025-10-24 16:06:42,270 : INFO : Machine : MPF path: C:\Users\antho\mpf\Lib\site-packages\mpf
2025-10-24 16:06:42,270 : INFO : Machine : Machine path: C:\Users\antho\nightpin
2025-10-24 16:06:42,270 : INFO : Machine : Platform: win32
2025-10-24 16:06:42,270 : INFO : Machine : Python executable location: C:\Users\antho\mpf\Scripts\python.exe
2025-10-24 16:06:42,270 : INFO : Machine : Python version: 3.12.7 (64-bit)
2025-10-24 16:06:42,273 : INFO : Machine : Initializing MPF...
2025-10-24 16:06:42,520 : INFO : lisy : Connecting to com3 at 115200bps
2025-10-24 16:06:42,521 : WARNING : lisy : Could not import terminos (this is ok on windows).
2025-10-24 16:06:42,677 : INFO : EventManager : Event: ======'machine_var_lisy_hardware'====== Args={'value': 'LISY35', 'prev_value': None, 'change': True}
2025-10-24 16:06:42,677 : INFO : EventManager : Event: ======'machine_var_lisy_version'====== Args={'value': '5.26 ', 'prev_value': None, 'change': True}
2025-10-24 16:06:42,677 : INFO : EventManager : Event: ======'machine_var_lisy_api_version'====== Args={'value': b'0.09', 'prev_value': None, 'change': True}
2025-10-24 16:06:44,001 : INFO : EventManager : Event: ======'machine_var_credits_string'====== Args={'value': 'FREE PLAY', 'prev_value': None, 'change': True}
2025-10-24 16:06:44,034 : INFO : EventManager : Event: ======'machine_var_master_volume'====== Args={'value': 0.5, 'prev_value': None, 'change': True}
2025-10-24 16:06:44,034 : INFO : EventManager : Event: ======'machine_var_player1_score'====== Args={'value': 4230, 'prev_value': None, 'change': True}
2025-10-24 16:06:44,034 : INFO : EventManager : Event: ======'machine_var_mpf_version'====== Args={'value': 'Mission Pinball Framework v0.80.0.dev11', 'prev_value': None, 'change': True}
2025-10-24 16:06:44,034 : INFO : EventManager : Event: ======'machine_var_mpf_extended_version'====== Args={'value': 'Mission Pinball Framework v0.80.0.dev11, Config version:6, Show version: 6, BCP version:1.1', 'prev_value': None, 'change': True}
2025-10-24 16:06:44,035 : INFO : EventManager : Event: ======'machine_var_python_version'====== Args={'value': '3.12.7', 'prev_value': None, 'change': True}
2025-10-24 16:06:44,128 : INFO : EventManager : Event: ======'machine_var_platform'====== Args={'value': 'Windows-11-10.0.26100-SP0', 'prev_value': None, 'change': True}
2025-10-24 16:06:44,128 : INFO : EventManager : Event: ======'machine_var_platform_system'====== Args={'value': 'Windows', 'prev_value': None, 'change': True}
2025-10-24 16:06:44,128 : INFO : EventManager : Event: ======'machine_var_platform_release'====== Args={'value': '11', 'prev_value': None, 'change': True}
2025-10-24 16:06:44,128 : INFO : EventManager : Event: ======'machine_var_platform_version'====== Args={'value': '10.0.26100', 'prev_value': None, 'change': True}
2025-10-24 16:06:44,128 : INFO : EventManager : Event: ======'machine_var_platform_machine'====== Args={'value': 'AMD64', 'prev_value': None, 'change': True}
2025-10-24 16:06:44,128 : INFO : EventManager : Event: ======'machine_var_log_file_path'====== Args={'value': 'C:\\Users\\antho\\nightpin\\logs\\2025-10-24-16-06-42-mpf-LAPTOP-MPGP6R69.log', 'prev_value': None, 'change': True}
2025-10-24 16:06:44,129 : INFO : EventManager : Event: ======'init_phase_1'====== Args={}
2025-10-24 16:06:44,159 : INFO : EventManager : Event: ======'drop_target_bank_right_bank_up'====== Args={}
2025-10-24 16:06:44,160 : INFO : EventManager : Event: ======'drop_target_bank_left_bank_up'====== Args={}
2025-10-24 16:06:44,160 : INFO : EventManager : Event: ======'init_phase_2'====== Args={}
2025-10-24 16:06:44,161 : INFO : SwitchController : Found active switch: ('8', <mpf.platforms.lisy.lisy.LisyHardwarePlatform object at 0x00000180549596D0>) <switch.s_trough>
2025-10-24 16:06:44,166 : INFO : EventManager : Event: ======'bcp_connection_attempt'====== Args={'name': 'local_display', 'host': 'localhost', 'port': 5050}
2025-10-24 16:06:44,168 : INFO : BCPClientSocket : Connecting BCP to 'local_display' at localhost:5050...
2025-10-24 16:06:44,185 : INFO : BCPClientSocket : Connected BCP to 'local_display' localhost:5050
2025-10-24 16:06:44,186 : INFO : EventManager : Event: ======'bcp_clients_connected'====== Args={}
2025-10-24 16:06:44,289 : INFO : ball_device.bd_trough : BCH: Initial count: 1
2025-10-24 16:06:44,290 : INFO : ball_device.bd_trough : State: idle
2025-10-24 16:06:44,290 : INFO : ball_device.bd_saucer : BCH: Initial count: 0
2025-10-24 16:06:44,291 : INFO : ball_device.bd_saucer : State: idle
2025-10-24 16:06:44,303 : INFO : EventManager : Event: ======'init_phase_3'====== Args={}
2025-10-24 16:06:44,308 : INFO : EventManager : Event: ======'init_phase_4'====== Args={}
2025-10-24 16:06:44,309 : INFO : BallController : Initial balls found: 1
2025-10-24 16:06:44,310 : INFO : EventManager : Event: ======'machine_var_audits_events_game_ended'====== Args={'value': 1, 'prev_value': None, 'change': True}
2025-10-24 16:06:44,310 : INFO : EventManager : Event: ======'machine_var_audits_events_game_started'====== Args={'value': 10, 'prev_value': None, 'change': True}
2025-10-24 16:06:44,310 : INFO : EventManager : Event: ======'machine_var_audits_missing_switches_s_coin_right'====== Args={'value': 9, 'prev_value': None, 'change': True}
2025-10-24 16:06:44,310 : INFO : EventManager : Event: ======'machine_var_audits_missing_switches_s_credit_button'====== Args={'value': 9, 'prev_value': None, 'change': True}
2025-10-24 16:06:44,310 : INFO : EventManager : Event: ======'machine_var_audits_missing_switches_s_inlanes'====== Args={'value': 1, 'prev_value': None, 'change': True}
2025-10-24 16:06:44,310 : INFO : EventManager : Event: ======'machine_var_audits_missing_switches_s_left_bank_target_left'====== Args={'value': 1, 'prev_value': None, 'change': True}
2025-10-24 16:06:44,310 : INFO : EventManager : Event: ======'machine_var_audits_missing_switches_s_left_bank_target_middle'====== Args={'value': 1, 'prev_value': None, 'change': True}
2025-10-24 16:06:44,310 : INFO : EventManager : Event: ======'machine_var_audits_missing_switches_s_left_bank_target_right'====== Args={'value': 1, 'prev_value': None, 'change': True}
2025-10-24 16:06:44,310 : INFO : EventManager : Event: ======'machine_var_audits_missing_switches_s_left_lower_bumper'====== Args={'value': 1, 'prev_value': None, 'change': True}
2025-10-24 16:06:44,310 : INFO : EventManager : Event: ======'machine_var_audits_missing_switches_s_left_outlane_rollover'====== Args={'value': 1, 'prev_value': None, 'change': True}
2025-10-24 16:06:44,311 : INFO : EventManager : Event: ======'machine_var_audits_missing_switches_s_left_pop_bumper'====== Args={'value': 1, 'prev_value': None, 'change': True}
2025-10-24 16:06:44,311 : INFO : EventManager : Event: ======'machine_var_audits_missing_switches_s_left_sling'====== Args={'value': 1, 'prev_value': None, 'change': True}
2025-10-24 16:06:44,311 : INFO : EventManager : Event: ======'machine_var_audits_missing_switches_s_left_upper_bumper'====== Args={'value': 1, 'prev_value': None, 'change': True}
2025-10-24 16:06:44,311 : INFO : EventManager : Event: ======'machine_var_audits_missing_switches_s_middle_pop_bumper'====== Args={'value': 1, 'prev_value': None, 'change': True}
2025-10-24 16:06:44,311 : INFO : EventManager : Event: ======'machine_var_audits_missing_switches_s_middle_skill_lane'====== Args={'value': 1, 'prev_value': None, 'change': True}
2025-10-24 16:06:44,311 : INFO : EventManager : Event: ======'machine_var_audits_missing_switches_s_middle_upper_rollovers'====== Args={'value': 1, 'prev_value': None, 'change': True}
2025-10-24 16:06:44,311 : INFO : EventManager : Event: ======'machine_var_audits_missing_switches_s_outer_skill_lanes'====== Args={'value': 1, 'prev_value': None, 'change': True}
2025-10-24 16:06:44,311 : INFO : EventManager : Event: ======'machine_var_audits_missing_switches_s_right_bank_target_left'====== Args={'value': 1, 'prev_value': None, 'change': True}
2025-10-24 16:06:44,311 : INFO : EventManager : Event: ======'machine_var_audits_missing_switches_s_right_bank_target_middle'====== Args={'value': 2, 'prev_value': None, 'change': True}
2025-10-24 16:06:44,311 : INFO : EventManager : Event: ======'machine_var_audits_missing_switches_s_right_bank_target_right'====== Args={'value': 1, 'prev_value': None, 'change': True}
2025-10-24 16:06:44,311 : INFO : EventManager : Event: ======'machine_var_audits_missing_switches_s_right_outlane_rollover'====== Args={'value': 3, 'prev_value': None, 'change': True}
2025-10-24 16:06:44,311 : INFO : EventManager : Event: ======'machine_var_audits_missing_switches_s_right_pop_bumper'====== Args={'value': 1, 'prev_value': None, 'change': True}
2025-10-24 16:06:44,311 : INFO : EventManager : Event: ======'machine_var_audits_missing_switches_s_right_sling'====== Args={'value': 1, 'prev_value': None, 'change': True}
2025-10-24 16:06:44,311 : INFO : EventManager : Event: ======'machine_var_audits_missing_switches_s_saucer'====== Args={'value': 2, 'prev_value': None, 'change': True}
2025-10-24 16:06:44,311 : INFO : EventManager : Event: ======'machine_var_audits_missing_switches_s_slam_tilt'====== Args={'value': 9, 'prev_value': None, 'change': True}
2025-10-24 16:06:44,311 : INFO : EventManager : Event: ======'machine_var_audits_missing_switches_s_spinner'====== Args={'value': 1, 'prev_value': None, 'change': True}
2025-10-24 16:06:44,311 : INFO : EventManager : Event: ======'machine_var_audits_missing_switches_s_stand_up'====== Args={'value': 1, 'prev_value': None, 'change': True}
2025-10-24 16:06:44,312 : INFO : EventManager : Event: ======'machine_var_audits_missing_switches_s_start_button'====== Args={'value': 10, 'prev_value': None, 'change': True}
2025-10-24 16:06:44,312 : INFO : EventManager : Event: ======'machine_var_audits_missing_switches_s_tilt'====== Args={'value': 10, 'prev_value': None, 'change': True}
2025-10-24 16:06:44,312 : INFO : EventManager : Event: ======'machine_var_audits_player_score'====== Args={'value': {'average': 4230, 'top': [4230], 'total': 1}, 'prev_value': None, 'change': True}
2025-10-24 16:06:44,312 : INFO : EventManager : Event: ======'machine_var_audits_switches_s_coin_right'====== Args={'value': 1, 'prev_value': None, 'change': True}
2025-10-24 16:06:44,312 : INFO : EventManager : Event: ======'machine_var_audits_switches_s_credit_button'====== Args={'value': 2, 'prev_value': None, 'change': True}
2025-10-24 16:06:44,312 : INFO : EventManager : Event: ======'machine_var_audits_switches_s_inlanes'====== Args={'value': 9, 'prev_value': None, 'change': True}
2025-10-24 16:06:44,312 : INFO : EventManager : Event: ======'machine_var_audits_switches_s_left_bank_target_left'====== Args={'value': 15, 'prev_value': None, 'change': True}
2025-10-24 16:06:44,312 : INFO : EventManager : Event: ======'machine_var_audits_switches_s_left_bank_target_middle'====== Args={'value': 12, 'prev_value': None, 'change': True}
2025-10-24 16:06:44,312 : INFO : EventManager : Event: ======'machine_var_audits_switches_s_left_bank_target_right'====== Args={'value': 15, 'prev_value': None, 'change': True}
2025-10-24 16:06:44,312 : INFO : EventManager : Event: ======'machine_var_audits_switches_s_left_lower_bumper'====== Args={'value': 14, 'prev_value': None, 'change': True}
2025-10-24 16:06:44,312 : INFO : EventManager : Event: ======'machine_var_audits_switches_s_left_outlane_rollover'====== Args={'value': 4, 'prev_value': None, 'change': True}
2025-10-24 16:06:44,312 : INFO : EventManager : Event: ======'machine_var_audits_switches_s_left_pop_bumper'====== Args={'value': 28, 'prev_value': None, 'change': True}
2025-10-24 16:06:44,312 : INFO : EventManager : Event: ======'machine_var_audits_switches_s_left_sling'====== Args={'value': 29, 'prev_value': None, 'change': True}
2025-10-24 16:06:44,312 : INFO : EventManager : Event: ======'machine_var_audits_switches_s_left_upper_bumper'====== Args={'value': 7, 'prev_value': None, 'change': True}
2025-10-24 16:06:44,314 : INFO : EventManager : Event: ======'machine_var_audits_switches_s_middle_pop_bumper'====== Args={'value': 27, 'prev_value': None, 'change': True}
2025-10-24 16:06:44,314 : INFO : EventManager : Event: ======'machine_var_audits_switches_s_middle_skill_lane'====== Args={'value': 10, 'prev_value': None, 'change': True}
2025-10-24 16:06:44,314 : INFO : EventManager : Event: ======'machine_var_audits_switches_s_middle_upper_rollovers'====== Args={'value': 19, 'prev_value': None, 'change': True}
2025-10-24 16:06:44,314 : INFO : EventManager : Event: ======'machine_var_audits_switches_s_outer_skill_lanes'====== Args={'value': 14, 'prev_value': None, 'change': True}
2025-10-24 16:06:44,314 : INFO : EventManager : Event: ======'machine_var_audits_switches_s_pop_bumper_bottom'====== Args={'value': 6, 'prev_value': None, 'change': True}
2025-10-24 16:06:44,314 : INFO : EventManager : Event: ======'machine_var_audits_switches_s_pop_bumper_left'====== Args={'value': 2, 'prev_value': None, 'change': True}
2025-10-24 16:06:44,314 : INFO : EventManager : Event: ======'machine_var_audits_switches_s_pop_bumper_right'====== Args={'value': 1, 'prev_value': None, 'change': True}
2025-10-24 16:06:44,314 : INFO : EventManager : Event: ======'machine_var_audits_switches_s_right_bank_target_left'====== Args={'value': 9, 'prev_value': None, 'change': True}
2025-10-24 16:06:44,314 : INFO : EventManager : Event: ======'machine_var_audits_switches_s_right_bank_target_middle'====== Args={'value': 7, 'prev_value': None, 'change': True}
2025-10-24 16:06:44,314 : INFO : EventManager : Event: ======'machine_var_audits_switches_s_right_bank_target_right'====== Args={'value': 9, 'prev_value': None, 'change': True}
2025-10-24 16:06:44,314 : INFO : EventManager : Event: ======'machine_var_audits_switches_s_right_outlane_rollover'====== Args={'value': 2, 'prev_value': None, 'change': True}
2025-10-24 16:06:44,314 : INFO : EventManager : Event: ======'machine_var_audits_switches_s_right_pop_bumper'====== Args={'value': 27, 'prev_value': None, 'change': True}
2025-10-24 16:06:44,314 : INFO : EventManager : Event: ======'machine_var_audits_switches_s_right_sling'====== Args={'value': 24, 'prev_value': None, 'change': True}
2025-10-24 16:06:44,314 : INFO : EventManager : Event: ======'machine_var_audits_switches_s_saucer'====== Args={'value': 8, 'prev_value': None, 'change': True}
2025-10-24 16:06:44,315 : INFO : EventManager : Event: ======'machine_var_audits_switches_s_slam_tilt'====== Args={'value': 1, 'prev_value': None, 'change': True}
2025-10-24 16:06:44,315 : INFO : EventManager : Event: ======'machine_var_audits_switches_s_spinner'====== Args={'value': 107, 'prev_value': None, 'change': True}
2025-10-24 16:06:44,315 : INFO : EventManager : Event: ======'machine_var_audits_switches_s_stand_up'====== Args={'value': 3, 'prev_value': None, 'change': True}
2025-10-24 16:06:44,315 : INFO : EventManager : Event: ======'machine_var_audits_switches_s_start_button'====== Args={'value': 0, 'prev_value': None, 'change': True}
2025-10-24 16:06:44,315 : INFO : EventManager : Event: ======'machine_var_audits_switches_s_tilt'====== Args={'value': 0, 'prev_value': None, 'change': True}
2025-10-24 16:06:44,315 : INFO : EventManager : Event: ======'machine_var_audits_switches_s_trough'====== Args={'value': 47, 'prev_value': None, 'change': True}
2025-10-24 16:06:44,316 : INFO : EventManager : Event: ======'init_phase_5'====== Args={}
2025-10-24 16:06:44,349 : INFO : EventManager : Event: ======'init_done'====== Args={}
2025-10-24 16:06:44,349 : INFO : EventManager : Event: ======'machine_reset_phase_1'====== Args={}
2025-10-24 16:06:44,371 : INFO : EventManager : Event: ======'machine_reset_phase_2'====== Args={}
2025-10-24 16:06:44,371 : INFO : EventManager : Event: ======'machine_reset_phase_3'====== Args={}
2025-10-24 16:06:44,373 : INFO : EventManager : Event: ======'mode_attract_will_start'====== Args={'queue': <QueuedEvent>}
2025-10-24 16:06:44,373 : INFO : EventManager : Event: ======'mode_attract_starting'====== Args={'queue': <QueuedEvent>}
2025-10-24 16:06:44,374 : INFO : Mode.attract : Started. Priority: 10
2025-10-24 16:06:44,374 : INFO : EventManager : Event: ======'modes_active_modes_changed'====== Args={}
2025-10-24 16:06:44,374 : INFO : EventManager : Event: ======'mode_attract_started'====== Args={'queue': <QueuedEvent>}
2025-10-24 16:06:44,374 : INFO : EventManager : Event: ======'collecting_balls_complete'====== Args={}
2025-10-24 16:06:44,374 : INFO : EventManager : Event: ======'reset_complete'====== Args={}
2025-10-24 16:06:44,388 : INFO : Machine : Starting the main run loop with active modes: [<Mode.attract>]
2025-10-24 16:06:44,414 : INFO : EventManager : Event: ======'slide_attract_created'====== Args={'_from_bcp': True}
2025-10-24 16:06:44,414 : INFO : EventManager : Event: ======'slide__removed'====== Args={'_from_bcp': True}
2025-10-24 16:06:44,416 : INFO : EventManager : Event: ======'slide_attract_active'====== Args={'original_context': 'attract', 'original_calling_context': 'mode_attract_started', 'priority': 10.0, 'queue': '<QueuedEvent>', 'cmd': 'slides_play', '_from_bcp': True}
2025-10-24 16:06:52,502 : INFO : Machine : Shutting down...
2025-10-24 16:06:52,502 : INFO : EventManager : Event: ======'shutdown'====== Args={}
2025-10-24 16:06:52,604 : INFO : root : MPF run loop ended.
