2025-11-07 15:05:56,660 : INFO : root : Loading config.
2025-11-07 15:05:56,666 : INFO : YamlMultifileConfigLoader : Machine config file #1: config.yaml
2025-11-07 15:05:56,667 : INFO : ConfigProcessor : Loading config from cache: C:\Users\antho\AppData\Local\Temp\fdca14d0c9d658ab8200d57120800af5.mpf_cache
2025-11-07 15:05:56,799 : INFO : ConfigProcessor : Loading config from cache: C:\Users\antho\AppData\Local\Temp\5dec96b1547c4adf5bdd3d1715e74bc0.mpf_cache
2025-11-07 15:05:56,800 : INFO : ConfigProcessor : Loading config from cache: C:\Users\antho\AppData\Local\Temp\202a5840610e95051f9f473dfa660cc0.mpf_cache
2025-11-07 15:05:56,800 : INFO : ConfigProcessor : Loading config from cache: C:\Users\antho\AppData\Local\Temp\5dec96b1547c4adf5bdd3d1715e74bc0.mpf_cache
2025-11-07 15:05:56,801 : INFO : ConfigProcessor : Loading config from cache: C:\Users\antho\AppData\Local\Temp\2cd13a2d3f375e00ab01d6d09a85d8e7.mpf_cache
2025-11-07 15:05:56,813 : INFO : ConfigProcessor : Loading config from cache: C:\Users\antho\AppData\Local\Temp\9220b44b97b91972524500b81035d790.mpf_cache
2025-11-07 15:05:56,814 : INFO : ConfigProcessor : Loading config from cache: C:\Users\antho\AppData\Local\Temp\aa919e501ed8450b10d3bb8e37574ac5.mpf_cache
2025-11-07 15:05:56,816 : INFO : ConfigProcessor : Loading config from cache: C:\Users\antho\AppData\Local\Temp\31ee881584fa6fce665a672a4f3f633a.mpf_cache
2025-11-07 15:05:56,816 : INFO : ConfigProcessor : Loading config from cache: C:\Users\antho\AppData\Local\Temp\5e841763ec73085bbf92358fe6afda21.mpf_cache
2025-11-07 15:05:56,817 : INFO : ConfigProcessor : Loading config from cache: C:\Users\antho\AppData\Local\Temp\7f73d12aa9beccac1cbd8c265ccda72e.mpf_cache
2025-11-07 15:05:56,817 : INFO : ConfigProcessor : Loading config from cache: C:\Users\antho\AppData\Local\Temp\a03ebaa9d6d5676c418deb142cb34911.mpf_cache
2025-11-07 15:05:56,818 : INFO : ConfigProcessor : Loading config from cache: C:\Users\antho\AppData\Local\Temp\b17152efa55a24f0424602723f8d3921.mpf_cache
2025-11-07 15:05:56,818 : INFO : ConfigProcessor : Loading config from cache: C:\Users\antho\AppData\Local\Temp\e87fc0e7d2f8a851b5fa3f604e0d0c6e.mpf_cache
2025-11-07 15:05:56,819 : INFO : ConfigProcessor : Loading config from cache: C:\Users\antho\AppData\Local\Temp\196ac76b6cab3a9880804c826cfbcb5c.mpf_cache
2025-11-07 15:05:56,819 : INFO : ConfigProcessor : Loading config from cache: C:\Users\antho\AppData\Local\Temp\55437eb303afaa980597ff60f339a871.mpf_cache
2025-11-07 15:05:56,819 : INFO : ConfigProcessor : Loading config from cache: C:\Users\antho\AppData\Local\Temp\fddc1006228d3387e6d1e46051a3638d.mpf_cache
2025-11-07 15:05:56,819 : INFO : ConfigProcessor : Loading config from cache: C:\Users\antho\AppData\Local\Temp\834292dd7853e12a66732dc89828c828.mpf_cache
2025-11-07 15:05:56,820 : INFO : ConfigProcessor : Loading config from cache: C:\Users\antho\AppData\Local\Temp\46f8fa3e41dfeeb8232af2f03a13b6c4.mpf_cache
2025-11-07 15:05:56,820 : INFO : ConfigProcessor : Loading config from cache: C:\Users\antho\AppData\Local\Temp\c67e9c175da6c060302945929b27b878.mpf_cache
2025-11-07 15:05:56,821 : INFO : ConfigProcessor : Loading config from cache: C:\Users\antho\AppData\Local\Temp\03987edb382fe443ccf68b3f49f06933.mpf_cache
2025-11-07 15:05:56,821 : INFO : Machine : Mission Pinball Framework Core Engine v0.80.0.dev11
2025-11-07 15:05:56,822 : INFO : Machine : Command line arguments: {'no_load_cache': False, 'create_config_cache': True, 'bcp': True, 'configfile': ['config.yaml'], 'force_assets_load': False, 'platform_integration_test': False, 'jsonlogging': False, 'logfile': 'logs\\2025-11-07-15-05-56-mpf-LAPTOP-MPGP6R69.log', 'pause': False, 'production': False, 'text_ui': True, 'loglevel': 15, 'consoleloglevel': 20, 'force_platform': None, 'syslog_address': None, 'full_logfile_path': 'C:\\Users\\antho\\nightpin\\logs\\2025-11-07-15-05-56-mpf-LAPTOP-MPGP6R69.log'}
2025-11-07 15:05:56,822 : INFO : Machine : MPF path: C:\Users\antho\mpf\Lib\site-packages\mpf
2025-11-07 15:05:56,822 : INFO : Machine : Machine path: C:\Users\antho\nightpin
2025-11-07 15:05:56,822 : INFO : Machine : Platform: win32
2025-11-07 15:05:56,822 : INFO : Machine : Python executable location: C:\Users\antho\mpf\Scripts\python.exe
2025-11-07 15:05:56,822 : INFO : Machine : Python version: 3.12.7 (64-bit)
2025-11-07 15:05:56,824 : INFO : Machine : Initializing MPF...
2025-11-07 15:05:57,083 : INFO : lisy : Connecting to com3 at 115200bps
2025-11-07 15:05:57,084 : WARNING : lisy : Could not import terminos (this is ok on windows).
2025-11-07 15:05:57,251 : INFO : EventManager : Event: ======'machine_var_lisy_hardware'====== Args={'value': 'LISY35', 'prev_value': None, 'change': True}
2025-11-07 15:05:57,252 : INFO : EventManager : Event: ======'machine_var_lisy_version'====== Args={'value': '5.26 ', 'prev_value': None, 'change': True}
2025-11-07 15:05:57,252 : INFO : EventManager : Event: ======'machine_var_lisy_api_version'====== Args={'value': b'0.09', 'prev_value': None, 'change': True}
2025-11-07 15:05:58,573 : INFO : EventManager : Event: ======'machine_var_credits_string'====== Args={'value': 'FREE PLAY', 'prev_value': None, 'change': True}
2025-11-07 15:05:58,604 : INFO : EventManager : Event: ======'machine_var_master_volume'====== Args={'value': 0.5, 'prev_value': None, 'change': True}
2025-11-07 15:05:58,604 : INFO : EventManager : Event: ======'machine_var_player1_score'====== Args={'value': 2100, 'prev_value': None, 'change': True}
2025-11-07 15:05:58,604 : INFO : EventManager : Event: ======'machine_var_mpf_version'====== Args={'value': 'Mission Pinball Framework v0.80.0.dev11', 'prev_value': None, 'change': True}
2025-11-07 15:05:58,604 : INFO : EventManager : Event: ======'machine_var_mpf_extended_version'====== Args={'value': 'Mission Pinball Framework v0.80.0.dev11, Config version:6, Show version: 6, BCP version:1.1', 'prev_value': None, 'change': True}
2025-11-07 15:05:58,605 : INFO : EventManager : Event: ======'machine_var_python_version'====== Args={'value': '3.12.7', 'prev_value': None, 'change': True}
2025-11-07 15:05:58,702 : INFO : EventManager : Event: ======'machine_var_platform'====== Args={'value': 'Windows-11-10.0.26100-SP0', 'prev_value': None, 'change': True}
2025-11-07 15:05:58,702 : INFO : EventManager : Event: ======'machine_var_platform_system'====== Args={'value': 'Windows', 'prev_value': None, 'change': True}
2025-11-07 15:05:58,702 : INFO : EventManager : Event: ======'machine_var_platform_release'====== Args={'value': '11', 'prev_value': None, 'change': True}
2025-11-07 15:05:58,703 : INFO : EventManager : Event: ======'machine_var_platform_version'====== Args={'value': '10.0.26100', 'prev_value': None, 'change': True}
2025-11-07 15:05:58,703 : INFO : EventManager : Event: ======'machine_var_platform_machine'====== Args={'value': 'AMD64', 'prev_value': None, 'change': True}
2025-11-07 15:05:58,703 : INFO : EventManager : Event: ======'machine_var_log_file_path'====== Args={'value': 'C:\\Users\\antho\\nightpin\\logs\\2025-11-07-15-05-56-mpf-LAPTOP-MPGP6R69.log', 'prev_value': None, 'change': True}
2025-11-07 15:05:58,703 : INFO : EventManager : Event: ======'init_phase_1'====== Args={}
2025-11-07 15:05:58,738 : INFO : EventManager : Event: ======'drop_target_bank_right_bank_up'====== Args={}
2025-11-07 15:05:58,738 : INFO : EventManager : Event: ======'drop_target_bank_left_bank_up'====== Args={}
2025-11-07 15:05:58,816 : INFO : EventManager : Event: ======'init_phase_2'====== Args={}
2025-11-07 15:05:58,825 : INFO : EventManager : Event: ======'bcp_connection_attempt'====== Args={'name': 'local_display', 'host': 'localhost', 'port': 5050}
2025-11-07 15:05:58,827 : INFO : BCPClientSocket : Connecting BCP to 'local_display' at localhost:5050...
2025-11-07 15:05:58,846 : INFO : BCPClientSocket : Connected BCP to 'local_display' localhost:5050
2025-11-07 15:05:58,846 : INFO : EventManager : Event: ======'bcp_clients_connected'====== Args={}
2025-11-07 15:05:58,958 : INFO : ball_device.bd_trough : BCH: Initial count: 0
2025-11-07 15:05:58,992 : INFO : ball_device.bd_trough : State: idle
2025-11-07 15:05:58,993 : INFO : ball_device.bd_saucer : BCH: Initial count: 0
2025-11-07 15:05:58,993 : INFO : ball_device.bd_saucer : State: idle
2025-11-07 15:05:59,008 : INFO : EventManager : Event: ======'init_phase_3'====== Args={}
2025-11-07 15:05:59,016 : INFO : EventManager : Event: ======'init_phase_4'====== Args={}
2025-11-07 15:05:59,017 : INFO : BallController : Initial balls found: 0
2025-11-07 15:05:59,018 : INFO : EventManager : Event: ======'machine_var_audits_events_game_ended'====== Args={'value': 18, 'prev_value': None, 'change': True}
2025-11-07 15:05:59,018 : INFO : EventManager : Event: ======'machine_var_audits_events_game_started'====== Args={'value': 115, 'prev_value': None, 'change': True}
2025-11-07 15:05:59,018 : INFO : EventManager : Event: ======'machine_var_audits_missing_switches_s_coin_right'====== Args={'value': 114, 'prev_value': None, 'change': True}
2025-11-07 15:05:59,018 : INFO : EventManager : Event: ======'machine_var_audits_missing_switches_s_credit_button'====== Args={'value': 87, 'prev_value': None, 'change': True}
2025-11-07 15:05:59,018 : INFO : EventManager : Event: ======'machine_var_audits_missing_switches_s_inlanes'====== Args={'value': 12, 'prev_value': None, 'change': True}
2025-11-07 15:05:59,019 : INFO : EventManager : Event: ======'machine_var_audits_missing_switches_s_left_bank_target_left'====== Args={'value': 35, 'prev_value': None, 'change': True}
2025-11-07 15:05:59,019 : INFO : EventManager : Event: ======'machine_var_audits_missing_switches_s_left_bank_target_middle'====== Args={'value': 38, 'prev_value': None, 'change': True}
2025-11-07 15:05:59,019 : INFO : EventManager : Event: ======'machine_var_audits_missing_switches_s_left_bank_target_right'====== Args={'value': 35, 'prev_value': None, 'change': True}
2025-11-07 15:05:59,019 : INFO : EventManager : Event: ======'machine_var_audits_missing_switches_s_left_inlane'====== Args={'value': 18, 'prev_value': None, 'change': True}
2025-11-07 15:05:59,019 : INFO : EventManager : Event: ======'machine_var_audits_missing_switches_s_left_lower_bumper'====== Args={'value': 23, 'prev_value': None, 'change': True}
2025-11-07 15:05:59,019 : INFO : EventManager : Event: ======'machine_var_audits_missing_switches_s_left_outlane'====== Args={'value': 18, 'prev_value': None, 'change': True}
2025-11-07 15:05:59,019 : INFO : EventManager : Event: ======'machine_var_audits_missing_switches_s_left_outlane_rollover'====== Args={'value': 23, 'prev_value': None, 'change': True}
2025-11-07 15:05:59,019 : INFO : EventManager : Event: ======'machine_var_audits_missing_switches_s_left_pop_bumper'====== Args={'value': 5, 'prev_value': None, 'change': True}
2025-11-07 15:05:59,019 : INFO : EventManager : Event: ======'machine_var_audits_missing_switches_s_left_rollover'====== Args={'value': 21, 'prev_value': None, 'change': True}
2025-11-07 15:05:59,019 : INFO : EventManager : Event: ======'machine_var_audits_missing_switches_s_left_skill_lane'====== Args={'value': 9, 'prev_value': None, 'change': True}
2025-11-07 15:05:59,020 : INFO : EventManager : Event: ======'machine_var_audits_missing_switches_s_left_upper_bumper'====== Args={'value': 28, 'prev_value': None, 'change': True}
2025-11-07 15:05:59,020 : INFO : EventManager : Event: ======'machine_var_audits_missing_switches_s_middle_pop_bumper'====== Args={'value': 19, 'prev_value': None, 'change': True}
2025-11-07 15:05:59,020 : INFO : EventManager : Event: ======'machine_var_audits_missing_switches_s_middle_rollover'====== Args={'value': 19, 'prev_value': None, 'change': True}
2025-11-07 15:05:59,020 : INFO : EventManager : Event: ======'machine_var_audits_missing_switches_s_middle_skill_lane'====== Args={'value': 10, 'prev_value': None, 'change': True}
2025-11-07 15:05:59,020 : INFO : EventManager : Event: ======'machine_var_audits_missing_switches_s_middle_upper_rollovers'====== Args={'value': 5, 'prev_value': None, 'change': True}
2025-11-07 15:05:59,020 : INFO : EventManager : Event: ======'machine_var_audits_missing_switches_s_outer_skill_lanes'====== Args={'value': 1, 'prev_value': None, 'change': True}
2025-11-07 15:05:59,021 : INFO : EventManager : Event: ======'machine_var_audits_missing_switches_s_right_bank_target_left'====== Args={'value': 18, 'prev_value': None, 'change': True}
2025-11-07 15:05:59,021 : INFO : EventManager : Event: ======'machine_var_audits_missing_switches_s_right_bank_target_middle'====== Args={'value': 28, 'prev_value': None, 'change': True}
2025-11-07 15:05:59,021 : INFO : EventManager : Event: ======'machine_var_audits_missing_switches_s_right_bank_target_right'====== Args={'value': 28, 'prev_value': None, 'change': True}
2025-11-07 15:05:59,021 : INFO : EventManager : Event: ======'machine_var_audits_missing_switches_s_right_inlane'====== Args={'value': 1, 'prev_value': None, 'change': True}
2025-11-07 15:05:59,021 : INFO : EventManager : Event: ======'machine_var_audits_missing_switches_s_right_outlane'====== Args={'value': 18, 'prev_value': None, 'change': True}
2025-11-07 15:05:59,021 : INFO : EventManager : Event: ======'machine_var_audits_missing_switches_s_right_outlane_rollover'====== Args={'value': 40, 'prev_value': None, 'change': True}
2025-11-07 15:05:59,021 : INFO : EventManager : Event: ======'machine_var_audits_missing_switches_s_right_pop_bumper'====== Args={'value': 21, 'prev_value': None, 'change': True}
2025-11-07 15:05:59,021 : INFO : EventManager : Event: ======'machine_var_audits_missing_switches_s_right_rollover'====== Args={'value': 30, 'prev_value': None, 'change': True}
2025-11-07 15:05:59,021 : INFO : EventManager : Event: ======'machine_var_audits_missing_switches_s_right_skill_lane'====== Args={'value': 9, 'prev_value': None, 'change': True}
2025-11-07 15:05:59,022 : INFO : EventManager : Event: ======'machine_var_audits_missing_switches_s_rollover_upper'====== Args={'value': 21, 'prev_value': None, 'change': True}
2025-11-07 15:05:59,022 : INFO : EventManager : Event: ======'machine_var_audits_missing_switches_s_saucer'====== Args={'value': 19, 'prev_value': None, 'change': True}
2025-11-07 15:05:59,022 : INFO : EventManager : Event: ======'machine_var_audits_missing_switches_s_slam_tilt'====== Args={'value': 53, 'prev_value': None, 'change': True}
2025-11-07 15:05:59,022 : INFO : EventManager : Event: ======'machine_var_audits_missing_switches_s_spinner'====== Args={'value': 28, 'prev_value': None, 'change': True}
2025-11-07 15:05:59,022 : INFO : EventManager : Event: ======'machine_var_audits_missing_switches_s_stand_up'====== Args={'value': 87, 'prev_value': None, 'change': True}
2025-11-07 15:05:59,022 : INFO : EventManager : Event: ======'machine_var_audits_missing_switches_s_start_button'====== Args={'value': 20, 'prev_value': None, 'change': True}
2025-11-07 15:05:59,022 : INFO : EventManager : Event: ======'machine_var_audits_missing_switches_s_tilt'====== Args={'value': 21, 'prev_value': None, 'change': True}
2025-11-07 15:05:59,022 : INFO : EventManager : Event: ======'machine_var_audits_player_score'====== Args={'value': {'average': 1460, 'top': [5110, 5070, 4300, 4230, 3980, 3410, 2200, 2100, 1300, 1200], 'total': 26}, 'prev_value': None, 'change': True}
2025-11-07 15:05:59,022 : INFO : EventManager : Event: ======'machine_var_audits_shots_my_first_shot'====== Args={'value': 3, 'prev_value': None, 'change': True}
2025-11-07 15:05:59,022 : INFO : EventManager : Event: ======'machine_var_audits_shots_sh_eg_pop_left'====== Args={'value': 8, 'prev_value': None, 'change': True}
2025-11-07 15:05:59,023 : INFO : EventManager : Event: ======'machine_var_audits_shots_sh_eg_pop_middle'====== Args={'value': 8, 'prev_value': None, 'change': True}
2025-11-07 15:05:59,023 : INFO : EventManager : Event: ======'machine_var_audits_shots_sh_eg_pop_right'====== Args={'value': 13, 'prev_value': None, 'change': True}
2025-11-07 15:05:59,023 : INFO : EventManager : Event: ======'machine_var_audits_shots_sh_eg_right_drop_left'====== Args={'value': 4, 'prev_value': None, 'change': True}
2025-11-07 15:05:59,023 : INFO : EventManager : Event: ======'machine_var_audits_shots_sh_eg_right_drop_middle'====== Args={'value': 3, 'prev_value': None, 'change': True}
2025-11-07 15:05:59,023 : INFO : EventManager : Event: ======'machine_var_audits_shots_sh_eg_right_drop_right'====== Args={'value': 3, 'prev_value': None, 'change': True}
2025-11-07 15:05:59,023 : INFO : EventManager : Event: ======'machine_var_audits_shots_sh_eg_spinner'====== Args={'value': 2, 'prev_value': None, 'change': True}
2025-11-07 15:05:59,023 : INFO : EventManager : Event: ======'machine_var_audits_shots_sh_escape_graveyard_start'====== Args={'value': 8, 'prev_value': None, 'change': True}
2025-11-07 15:05:59,023 : INFO : EventManager : Event: ======'machine_var_audits_switches_s_coin_right'====== Args={'value': 1, 'prev_value': None, 'change': True}
2025-11-07 15:05:59,023 : INFO : EventManager : Event: ======'machine_var_audits_switches_s_credit_button'====== Args={'value': 5, 'prev_value': None, 'change': True}
2025-11-07 15:05:59,023 : INFO : EventManager : Event: ======'machine_var_audits_switches_s_inlanes'====== Args={'value': 159, 'prev_value': None, 'change': True}
2025-11-07 15:05:59,024 : INFO : EventManager : Event: ======'machine_var_audits_switches_s_left_bank_target_left'====== Args={'value': 36, 'prev_value': None, 'change': True}
2025-11-07 15:05:59,024 : INFO : EventManager : Event: ======'machine_var_audits_switches_s_left_bank_target_middle'====== Args={'value': 27, 'prev_value': None, 'change': True}
2025-11-07 15:05:59,024 : INFO : EventManager : Event: ======'machine_var_audits_switches_s_left_bank_target_right'====== Args={'value': 27, 'prev_value': None, 'change': True}
2025-11-07 15:05:59,024 : INFO : EventManager : Event: ======'machine_var_audits_switches_s_left_inlane'====== Args={'value': 1, 'prev_value': None, 'change': True}
2025-11-07 15:05:59,024 : INFO : EventManager : Event: ======'machine_var_audits_switches_s_left_lower_bumper'====== Args={'value': 34, 'prev_value': None, 'change': True}
2025-11-07 15:05:59,024 : INFO : EventManager : Event: ======'machine_var_audits_switches_s_left_outlane'====== Args={'value': 1, 'prev_value': None, 'change': True}
2025-11-07 15:05:59,024 : INFO : EventManager : Event: ======'machine_var_audits_switches_s_left_outlane_rollover'====== Args={'value': 23, 'prev_value': None, 'change': True}
2025-11-07 15:05:59,024 : INFO : EventManager : Event: ======'machine_var_audits_switches_s_left_pop_bumper'====== Args={'value': 129, 'prev_value': None, 'change': True}
2025-11-07 15:05:59,024 : INFO : EventManager : Event: ======'machine_var_audits_switches_s_left_rollover'====== Args={'value': 2, 'prev_value': None, 'change': True}
2025-11-07 15:05:59,024 : INFO : EventManager : Event: ======'machine_var_audits_switches_s_left_skill_lane'====== Args={'value': 6, 'prev_value': None, 'change': True}
2025-11-07 15:05:59,024 : INFO : EventManager : Event: ======'machine_var_audits_switches_s_left_sling'====== Args={'value': 104, 'prev_value': None, 'change': True}
2025-11-07 15:05:59,024 : INFO : EventManager : Event: ======'machine_var_audits_switches_s_left_upper_bumper'====== Args={'value': 44, 'prev_value': None, 'change': True}
2025-11-07 15:05:59,024 : INFO : EventManager : Event: ======'machine_var_audits_switches_s_middle_pop_bumper'====== Args={'value': 131, 'prev_value': None, 'change': True}
2025-11-07 15:05:59,025 : INFO : EventManager : Event: ======'machine_var_audits_switches_s_middle_rollover'====== Args={'value': 9, 'prev_value': None, 'change': True}
2025-11-07 15:05:59,025 : INFO : EventManager : Event: ======'machine_var_audits_switches_s_middle_skill_lane'====== Args={'value': 88, 'prev_value': None, 'change': True}
2025-11-07 15:05:59,025 : INFO : EventManager : Event: ======'machine_var_audits_switches_s_middle_upper_rollovers'====== Args={'value': 97, 'prev_value': None, 'change': True}
2025-11-07 15:05:59,025 : INFO : EventManager : Event: ======'machine_var_audits_switches_s_outer_skill_lanes'====== Args={'value': 133, 'prev_value': None, 'change': True}
2025-11-07 15:05:59,025 : INFO : EventManager : Event: ======'machine_var_audits_switches_s_pop_bumper_bottom'====== Args={'value': 6, 'prev_value': None, 'change': True}
2025-11-07 15:05:59,025 : INFO : EventManager : Event: ======'machine_var_audits_switches_s_pop_bumper_left'====== Args={'value': 2, 'prev_value': None, 'change': True}
2025-11-07 15:05:59,025 : INFO : EventManager : Event: ======'machine_var_audits_switches_s_pop_bumper_right'====== Args={'value': 1, 'prev_value': None, 'change': True}
2025-11-07 15:05:59,025 : INFO : EventManager : Event: ======'machine_var_audits_switches_s_right_bank_target_left'====== Args={'value': 56, 'prev_value': None, 'change': True}
2025-11-07 15:05:59,025 : INFO : EventManager : Event: ======'machine_var_audits_switches_s_right_bank_target_middle'====== Args={'value': 43, 'prev_value': None, 'change': True}
2025-11-07 15:05:59,025 : INFO : EventManager : Event: ======'machine_var_audits_switches_s_right_bank_target_right'====== Args={'value': 40, 'prev_value': None, 'change': True}
2025-11-07 15:05:59,025 : INFO : EventManager : Event: ======'machine_var_audits_switches_s_right_inlane'====== Args={'value': 23, 'prev_value': None, 'change': True}
2025-11-07 15:05:59,025 : INFO : EventManager : Event: ======'machine_var_audits_switches_s_right_outlane'====== Args={'value': 1, 'prev_value': None, 'change': True}
2025-11-07 15:05:59,025 : INFO : EventManager : Event: ======'machine_var_audits_switches_s_right_outlane_rollover'====== Args={'value': 6, 'prev_value': None, 'change': True}
2025-11-07 15:05:59,025 : INFO : EventManager : Event: ======'machine_var_audits_switches_s_right_pop_bumper'====== Args={'value': 183, 'prev_value': None, 'change': True}
2025-11-07 15:05:59,026 : INFO : EventManager : Event: ======'machine_var_audits_switches_s_right_rollover'====== Args={'value': 0, 'prev_value': None, 'change': True}
2025-11-07 15:05:59,026 : INFO : EventManager : Event: ======'machine_var_audits_switches_s_right_skill_lane'====== Args={'value': 4, 'prev_value': None, 'change': True}
2025-11-07 15:05:59,026 : INFO : EventManager : Event: ======'machine_var_audits_switches_s_right_sling'====== Args={'value': 78, 'prev_value': None, 'change': True}
2025-11-07 15:05:59,026 : INFO : EventManager : Event: ======'machine_var_audits_switches_s_rollover_upper'====== Args={'value': 3, 'prev_value': None, 'change': True}
2025-11-07 15:05:59,026 : INFO : EventManager : Event: ======'machine_var_audits_switches_s_saucer'====== Args={'value': 103, 'prev_value': None, 'change': True}
2025-11-07 15:05:59,026 : INFO : EventManager : Event: ======'machine_var_audits_switches_s_slam_tilt'====== Args={'value': 6, 'prev_value': None, 'change': True}
2025-11-07 15:05:59,026 : INFO : EventManager : Event: ======'machine_var_audits_switches_s_spinner'====== Args={'value': 430, 'prev_value': None, 'change': True}
2025-11-07 15:05:59,026 : INFO : EventManager : Event: ======'machine_var_audits_switches_s_stand_up'====== Args={'value': 8, 'prev_value': None, 'change': True}
2025-11-07 15:05:59,026 : INFO : EventManager : Event: ======'machine_var_audits_switches_s_start_button'====== Args={'value': 39, 'prev_value': None, 'change': True}
2025-11-07 15:05:59,027 : INFO : EventManager : Event: ======'machine_var_audits_switches_s_tilt'====== Args={'value': 2, 'prev_value': None, 'change': True}
2025-11-07 15:05:59,027 : INFO : EventManager : Event: ======'machine_var_audits_switches_s_trough'====== Args={'value': 523, 'prev_value': None, 'change': True}
2025-11-07 15:05:59,027 : INFO : EventManager : Event: ======'init_phase_5'====== Args={}
2025-11-07 15:05:59,040 : INFO : EventManager : Event: ======'init_done'====== Args={}
2025-11-07 15:05:59,040 : INFO : EventManager : Event: ======'machine_reset_phase_1'====== Args={}
2025-11-07 15:05:59,049 : INFO : EventManager : Event: ======'machine_reset_phase_2'====== Args={}
2025-11-07 15:05:59,050 : INFO : EventManager : Event: ======'machine_reset_phase_3'====== Args={}
2025-11-07 15:05:59,050 : INFO : EventManager : Event: ======'mode_attract_will_start'====== Args={'queue': <QueuedEvent>}
2025-11-07 15:05:59,051 : INFO : EventManager : Event: ======'mode_attract_starting'====== Args={'queue': <QueuedEvent>}
2025-11-07 15:05:59,052 : INFO : Mode.attract : Started. Priority: 10
2025-11-07 15:05:59,052 : INFO : EventManager : Event: ======'modes_active_modes_changed'====== Args={}
2025-11-07 15:05:59,052 : INFO : EventManager : Event: ======'mode_attract_started'====== Args={'queue': <QueuedEvent>}
2025-11-07 15:05:59,052 : INFO : EventManager : Event: ======'godot_attract_on'====== Args={'priority': 0}
2025-11-07 15:05:59,053 : INFO : EventManager : Event: ======'collecting_balls_complete'====== Args={}
2025-11-07 15:05:59,053 : INFO : EventManager : Event: ======'reset_complete'====== Args={}
2025-11-07 15:05:59,067 : INFO : Machine : Starting the main run loop with active modes: [<Mode.attract>]
2025-11-07 15:05:59,104 : INFO : EventManager : Event: ======'slide_attract_created'====== Args={'_from_bcp': True}
2025-11-07 15:05:59,104 : INFO : EventManager : Event: ======'slide__removed'====== Args={'_from_bcp': True}
2025-11-07 15:05:59,104 : INFO : EventManager : Event: ======'slide_attract_active'====== Args={'original_context': 'attract', 'original_calling_context': 'mode_attract_started', 'priority': 10.0, 'queue': '<QueuedEvent>', 'cmd': 'slides_play', '_from_bcp': True}
2025-11-07 15:06:01,058 : INFO : EventManager : Event: ======'attract_wave_complete'====== Args={'priority': 0}
2025-11-07 15:06:01,446 : INFO : EventManager : Event: ======'attract_pulse_complete'====== Args={'priority': 0}
2025-11-07 15:06:01,847 : INFO : EventManager : Event: ======'attract_pulse_complete'====== Args={'priority': 0}
2025-11-07 15:06:03,406 : INFO : SwitchController : <<<<<<< 's_trough' active >>>>>>>
2025-11-07 15:06:03,412 : INFO : SwitchController : <<<<<<< 's_trough' inactive >>>>>>>
2025-11-07 15:06:03,451 : INFO : SwitchController : <<<<<<< 's_trough' active >>>>>>>
2025-11-07 15:06:03,851 : INFO : EventManager : Event: ======'attract_wave_complete'====== Args={'priority': 0}
2025-11-07 15:06:03,943 : INFO : EventManager : Event: ======'balldevice_bd_trough_ball_count_changed'====== Args={'balls': 1}
2025-11-07 15:06:03,943 : INFO : ball_device.bd_trough : Received unexpected ball
2025-11-07 15:06:03,943 : INFO : EventManager : Event: ======'balldevice_captured_from_playfield'====== Args={'balls': 1}
2025-11-07 15:06:03,944 : INFO : EventManager : Event: ======'sw_playfield_active'====== Args={'balls': 1}
2025-11-07 15:06:03,944 : INFO : EventManager : Event: ======'playfield_active'====== Args={'source': None}
2025-11-07 15:06:03,944 : INFO : EventManager : Event: ======'unexpected_ball_on_playfield'====== Args={}
2025-11-07 15:06:03,944 : INFO : EventManager : Event: ======'playfield_ball_count_change'====== Args={'balls': -1, 'change': -1}
2025-11-07 15:06:03,944 : INFO : EventManager : Event: ======'balldevice_playfield_ball_enter'====== Args={'new_balls': 1, 'unclaimed_balls': 1, 'device': <playfield.playfield>}
2025-11-07 15:06:03,945 : INFO : EventManager : Event: ======'playfield_ball_count_change'====== Args={'balls': 0, 'change': 1}
2025-11-07 15:06:03,945 : INFO : BallController : Found a new ball which was captured from playfield. Known balls: 1
2025-11-07 15:06:03,945 : INFO : EventManager : Event: ======'found_new_ball'====== Args={}
2025-11-07 15:06:03,945 : INFO : EventManager : Event: ======'balldevice_bd_trough_ball_enter'====== Args={'new_balls': 1, 'unclaimed_balls': 1, 'new_available_balls': 1, 'device': <ball_device.bd_trough>}
2025-11-07 15:06:03,945 : INFO : EventManager : Event: ======'ball_drain'====== Args={'device': <ball_device.bd_trough>, 'balls': 1}
2025-11-07 15:06:03,945 : INFO : EventManager : Event: ======'balldevice_balls_available'====== Args={}
2025-11-07 15:06:03,945 : INFO : EventManager : Event: ======'balldevice_bd_trough_ball_entered'====== Args={'new_balls': 1, 'device': <ball_device.bd_trough>}
2025-11-07 15:06:04,237 : INFO : EventManager : Event: ======'attract_pulse_complete'====== Args={'priority': 0}
2025-11-07 15:06:04,655 : INFO : EventManager : Event: ======'attract_pulse_complete'====== Args={'priority': 0}
2025-11-07 15:06:06,418 : INFO : SwitchController : <<<<<<< 's_start_button' active >>>>>>>
2025-11-07 15:06:06,636 : INFO : SwitchController : <<<<<<< 's_start_button' inactive >>>>>>>
2025-11-07 15:06:06,636 : INFO : EventManager : Event: ======'request_to_start_game'====== Args={}
2025-11-07 15:06:06,636 : INFO : EventManager : Event: ======'game_start'====== Args={'buttons': [], 'hold_time': 0.2190000000409782}
2025-11-07 15:06:06,637 : INFO : EventManager : Event: ======'mode_game_will_start'====== Args={'buttons': [], 'hold_time': 0.2190000000409782}
2025-11-07 15:06:06,637 : INFO : EventManager : Event: ======'mode_game_starting'====== Args={'buttons': [], 'hold_time': 0.2190000000409782}
2025-11-07 15:06:06,637 : INFO : Mode.game : Started. Priority: 20
2025-11-07 15:06:06,637 : INFO : EventManager : Event: ======'modes_active_modes_changed'====== Args={}
2025-11-07 15:06:06,637 : INFO : EventManager : Event: ======'mode_game_started'====== Args={'buttons': [], 'hold_time': 0.2190000000409782}
2025-11-07 15:06:06,650 : INFO : EventManager : Event: ======'game_will_start'====== Args={}
2025-11-07 15:06:06,650 : INFO : EventManager : Event: ======'attract_wave_complete'====== Args={'priority': 0}
2025-11-07 15:06:06,651 : INFO : EventManager : Event: ======'game_starting'====== Args={'game': <Mode.game>}
2025-11-07 15:06:06,651 : INFO : EventManager : Event: ======'mode_attract_will_stop'====== Args={}
2025-11-07 15:06:06,651 : INFO : EventManager : Event: ======'mode_attract_stopping'====== Args={}
2025-11-07 15:06:06,651 : INFO : EventManager : Event: ======'godot_attract_off'====== Args={'priority': 0}
2025-11-07 15:06:06,653 : INFO : EventManager : Unordered handler for class <Auditor> on event game_ended with priority 1. Handlers: [RegisteredHandler(callback=<bound method Auditor.disable of <Auditor>>, priority=1, kwargs={}, key=UUID('0eaf709b-ad3d-4d01-a187-6919aacccea5'), condition=None, blocking_facility=None), RegisteredHandler(callback=<bound method Auditor._save_audits of <Auditor>>, priority=1, kwargs={}, key=UUID('47a7bae4-5e74-447f-b0b9-a0c01d0b33cb'), condition=None, blocking_facility=None)]. The order of those handlers is not defined and they will be executed in random order. This might lead to race conditions and potential bugs.
2025-11-07 15:06:06,653 : INFO : EventManager : Event: ======'godot_attract_off'====== Args={'priority': 0}
2025-11-07 15:06:06,654 : INFO : Mode.attract : Stopped.
2025-11-07 15:06:06,654 : INFO : EventManager : Event: ======'modes_active_modes_changed'====== Args={}
2025-11-07 15:06:06,654 : INFO : EventManager : Event: ======'mode_attract_stopped'====== Args={}
2025-11-07 15:06:06,654 : INFO : EventManager : Event: ======'clear'====== Args={'key': 'attract'}
2025-11-07 15:06:06,654 : INFO : EventManager : Event: ======'player_add_request'====== Args={}
2025-11-07 15:06:06,655 : INFO : EventManager : Event: ======'player_will_add'====== Args={'number': 1}
2025-11-07 15:06:06,655 : INFO : EventManager : Event: ======'player_adding'====== Args={'player': <Player 1>, 'number': 1}
2025-11-07 15:06:06,655 : INFO : EventManager : Event: ======'player_added'====== Args={'player': <Player 1>, 'num': 1}
2025-11-07 15:06:06,655 : INFO : Mode.game : Player added successfully. Total players: 1
2025-11-07 15:06:06,656 : INFO : EventManager : Event: ======'player_index'====== Args={'value': 0, 'prev_value': 0, 'change': 0, 'player_num': 1}
2025-11-07 15:06:06,656 : INFO : EventManager : Event: ======'player_number'====== Args={'value': 1, 'prev_value': 1, 'change': 0, 'player_num': 1}
2025-11-07 15:06:06,656 : INFO : EventManager : Event: ======'player_score'====== Args={'value': 0, 'prev_value': 0, 'change': 0, 'player_num': 1}
2025-11-07 15:06:06,657 : INFO : EventManager : Unordered handler for class <Auditor> on event game_ended with priority 1. Handlers: [RegisteredHandler(callback=<bound method Auditor.disable of <Auditor>>, priority=1, kwargs={}, key=UUID('0eaf709b-ad3d-4d01-a187-6919aacccea5'), condition=None, blocking_facility=None), RegisteredHandler(callback=<bound method Auditor._save_audits of <Auditor>>, priority=1, kwargs={}, key=UUID('47a7bae4-5e74-447f-b0b9-a0c01d0b33cb'), condition=None, blocking_facility=None)]. The order of those handlers is not defined and they will be executed in random order. This might lead to race conditions and potential bugs.
2025-11-07 15:06:06,672 : INFO : EventManager : Event: ======'game_started'====== Args={}
2025-11-07 15:06:06,673 : INFO : EventManager : Event: ======'blink_on'====== Args={'priority': 0}
2025-11-07 15:06:06,675 : INFO : EventManager : Event: ======'player_turn_will_start'====== Args={'player': <Player 1>, 'number': 1}
2025-11-07 15:06:06,679 : INFO : EventManager : Event: ======'player_turn_starting'====== Args={'player': <Player 1>, 'number': 1}
2025-11-07 15:06:06,681 : INFO : EventManager : Event: ======'player_ball'====== Args={'value': 1, 'prev_value': 0, 'change': 1, 'player_num': 1}
2025-11-07 15:06:06,681 : INFO : EventManager : Event: ======'player_turn_started'====== Args={'player': <Player 1>, 'number': 1}
2025-11-07 15:06:06,683 : INFO : EventManager : Event: ======'ball_will_start'====== Args={'player': 1, 'ball': 1, 'balls_remaining': 2, 'is_extra_ball': False}
2025-11-07 15:06:06,688 : INFO : EventManager : Event: ======'ball_starting'====== Args={'player': 1, 'ball': 1, 'balls_remaining': 2, 'is_extra_ball': False}
2025-11-07 15:06:06,688 : INFO : EventManager : Event: ======'mode_base_will_start'====== Args={'queue': <QueuedEvent>, 'player': 1, 'ball': 1, 'balls_remaining': 2, 'is_extra_ball': False}
2025-11-07 15:06:06,689 : INFO : EventManager : Event: ======'player_shot_sh_escape_graveyard_start_enabled'====== Args={'value': False, 'prev_value': 0, 'change': 0, 'player_num': 1}
2025-11-07 15:06:06,689 : INFO : EventManager : Unordered handler for class <Auditor> on event game_ended with priority 1. Handlers: [RegisteredHandler(callback=<bound method Auditor.disable of <Auditor>>, priority=1, kwargs={}, key=UUID('0eaf709b-ad3d-4d01-a187-6919aacccea5'), condition=None, blocking_facility=None), RegisteredHandler(callback=<bound method Auditor._save_audits of <Auditor>>, priority=1, kwargs={}, key=UUID('47a7bae4-5e74-447f-b0b9-a0c01d0b33cb'), condition=None, blocking_facility=None)]. The order of those handlers is not defined and they will be executed in random order. This might lead to race conditions and potential bugs.
2025-11-07 15:06:06,690 : INFO : EventManager : Unordered handler for class <Auditor> on event game_ended with priority 1. Handlers: [RegisteredHandler(callback=<bound method Auditor.disable of <Auditor>>, priority=1, kwargs={}, key=UUID('0eaf709b-ad3d-4d01-a187-6919aacccea5'), condition=None, blocking_facility=None), RegisteredHandler(callback=<bound method Auditor._save_audits of <Auditor>>, priority=1, kwargs={}, key=UUID('47a7bae4-5e74-447f-b0b9-a0c01d0b33cb'), condition=None, blocking_facility=None)]. The order of those handlers is not defined and they will be executed in random order. This might lead to race conditions and potential bugs.
2025-11-07 15:06:06,694 : INFO : EventManager : Event: ======'mode_base_starting'====== Args={'queue': <QueuedEvent>, 'player': 1, 'ball': 1, 'balls_remaining': 2, 'is_extra_ball': False}
2025-11-07 15:06:06,694 : INFO : drop_target_bank.right_bank : All targets are already up. Will not reset bank.
2025-11-07 15:06:06,694 : INFO : drop_target_bank.left_bank : All targets are already up. Will not reset bank.
2025-11-07 15:06:06,695 : INFO : EventManager : Event: ======'balls_in_play'====== Args={'balls': 1}
2025-11-07 15:06:06,695 : INFO : EventManager : Event: ======'ball_started'====== Args={'player': 1, 'ball': 1, 'balls_remaining': 2, 'is_extra_ball': False}
2025-11-07 15:06:06,695 : INFO : EventManager : Event: ======'logicblock_eg_pop_counter_updated'====== Args={'value': 0, 'enabled': True}
2025-11-07 15:06:06,695 : INFO : EventManager : Event: ======'logicblock_eg_pop_counter_updated'====== Args={'value': 0, 'enabled': True}
2025-11-07 15:06:06,696 : INFO : Mode.base : Started. Priority: 50
2025-11-07 15:06:06,696 : INFO : EventManager : Event: ======'modes_active_modes_changed'====== Args={}
2025-11-07 15:06:06,696 : INFO : EventManager : Event: ======'mode_base_started'====== Args={'queue': <QueuedEvent>, 'player': 1, 'ball': 1, 'balls_remaining': 2, 'is_extra_ball': False}
2025-11-07 15:06:06,696 : INFO : EventManager : Event: ======'logicblock_eg_pop_counter_updated'====== Args={'value': 0, 'enabled': True}
2025-11-07 15:06:06,696 : INFO : EventManager : Event: ======'start_firstball_intro'====== Args={'priority': 0}
2025-11-07 15:06:06,697 : INFO : EventManager : Unordered handler for class <Auditor> on event game_ended with priority 1. Handlers: [RegisteredHandler(callback=<bound method Auditor.disable of <Auditor>>, priority=1, kwargs={}, key=UUID('0eaf709b-ad3d-4d01-a187-6919aacccea5'), condition=None, blocking_facility=None), RegisteredHandler(callback=<bound method Auditor._save_audits of <Auditor>>, priority=1, kwargs={}, key=UUID('47a7bae4-5e74-447f-b0b9-a0c01d0b33cb'), condition=None, blocking_facility=None)]. The order of those handlers is not defined and they will be executed in random order. This might lead to race conditions and potential bugs.
2025-11-07 15:06:06,698 : INFO : EventManager : Event: ======'stop_mode_attract'====== Args={'priority': 0}
2025-11-07 15:06:06,698 : INFO : EventManager : Event: ======'mode_attract_will_stop'====== Args={'priority': 0}
2025-11-07 15:06:06,698 : INFO : EventManager : Event: ======'godot_attract_off'====== Args={'priority': 0}
2025-11-07 15:06:06,698 : INFO : EventManager : Event: ======'godot_play_base'====== Args={'priority': 0}
2025-11-07 15:06:06,698 : INFO : EventManager : Event: ======'single_player_ball_started'====== Args={}
2025-11-07 15:06:06,734 : INFO : EventManager : Event: ======'ball_start_target'====== Args={'target': 'playfield'}
2025-11-07 15:06:06,735 : INFO : ball_device.bd_trough : Setting up player-controlled eject. Balls: 1, Target: <playfield.playfield>, player_controlled_eject_event: None
2025-11-07 15:06:06,735 : INFO : ball_device.bd_trough : Adding 1 ball(s) to the eject_queue with target <playfield.playfield>.
2025-11-07 15:06:06,735 : INFO : EventManager : Event: ======'balldevice_balls_available'====== Args={}
2025-11-07 15:06:06,736 : INFO : ball_device.bd_trough : State: waiting_for_target_ready
2025-11-07 15:06:06,737 : INFO : EventManager : Event: ======'balldevice_bd_trough_ball_eject_attempt'====== Args={'balls': 1, 'target': <playfield.playfield>, 'source': <ball_device.bd_trough>, 'mechanical_eject': False, 'num_attempts': 0}
2025-11-07 15:06:06,737 : INFO : ball_device.bd_trough : State: ejecting
2025-11-07 15:06:06,737 : INFO : ball_device.bd_trough : Ejecting ball to <playfield.playfield>
2025-11-07 15:06:06,737 : INFO : EventManager : Event: ======'balldevice_bd_trough_ejecting_ball'====== Args={'balls': 1, 'target': <playfield.playfield>, 'source': <ball_device.bd_trough>, 'mechanical_eject': False, 'num_attempts': 0}
2025-11-07 15:06:06,738 : INFO : ball_device.bd_trough : Wait for ball to leave device
2025-11-07 15:06:06,738 : INFO : coil.c_trough_eject : Pulsing Driver for 40ms (1.0 pulse_power)
2025-11-07 15:06:06,783 : INFO : EventManager : Event: ======'slide_base_created'====== Args={'_from_bcp': True}
2025-11-07 15:06:06,783 : INFO : EventManager : Event: ======'slide_attract_inactive'====== Args={'is_removing': True, '_from_bcp': True}
2025-11-07 15:06:06,784 : INFO : EventManager : Event: ======'slide_base_active'====== Args={'original_context': 'base', 'original_calling_context': 'mode_base_started', 'priority': 50.0, 'queue': '<QueuedEvent>', 'player': 1.0, 'ball': 1.0, 'balls_remaining': 2.0, 'is_extra_ball': False, 'cmd': 'slides_play', '_from_bcp': True}
2025-11-07 15:06:06,784 : INFO : EventManager : Event: ======'slide_attract_removed'====== Args={'_from_bcp': True}
2025-11-07 15:06:06,807 : INFO : SwitchController : <<<<<<< 's_trough' inactive >>>>>>>
2025-11-07 15:06:06,814 : INFO : ball_device.bd_trough : State: ball_left
2025-11-07 15:06:06,814 : INFO : ball_device.bd_trough : Ball left
2025-11-07 15:06:06,814 : INFO : ball_device.bd_trough : Wait for confirm with timeout 10.0
2025-11-07 15:06:07,255 : INFO : EventManager : Event: ======'blink_off'====== Args={'priority': 0}
2025-11-07 15:06:07,861 : INFO : EventManager : Event: ======'blink_on'====== Args={'priority': 0}
2025-11-07 15:06:08,470 : INFO : EventManager : Event: ======'blink_off'====== Args={'priority': 0}
2025-11-07 15:06:08,470 : INFO : EventManager : Unordered handler for class <Auditor> on event game_ended with priority 1. Handlers: [RegisteredHandler(callback=<bound method Auditor.disable of <Auditor>>, priority=1, kwargs={}, key=UUID('0eaf709b-ad3d-4d01-a187-6919aacccea5'), condition=None, blocking_facility=None), RegisteredHandler(callback=<bound method Auditor._save_audits of <Auditor>>, priority=1, kwargs={}, key=UUID('47a7bae4-5e74-447f-b0b9-a0c01d0b33cb'), condition=None, blocking_facility=None)]. The order of those handlers is not defined and they will be executed in random order. This might lead to race conditions and potential bugs.
2025-11-07 15:06:09,063 : INFO : EventManager : Event: ======'blink_on'====== Args={'priority': 0}
2025-11-07 15:06:09,657 : INFO : EventManager : Event: ======'blink_off'====== Args={'priority': 0}
2025-11-07 15:06:09,657 : INFO : EventManager : Unordered handler for class <Auditor> on event game_ended with priority 1. Handlers: [RegisteredHandler(callback=<bound method Auditor.disable of <Auditor>>, priority=1, kwargs={}, key=UUID('0eaf709b-ad3d-4d01-a187-6919aacccea5'), condition=None, blocking_facility=None), RegisteredHandler(callback=<bound method Auditor._save_audits of <Auditor>>, priority=1, kwargs={}, key=UUID('47a7bae4-5e74-447f-b0b9-a0c01d0b33cb'), condition=None, blocking_facility=None)]. The order of those handlers is not defined and they will be executed in random order. This might lead to race conditions and potential bugs.
2025-11-07 15:06:10,264 : INFO : EventManager : Event: ======'blink_on'====== Args={'priority': 0}
2025-11-07 15:06:10,683 : INFO : SwitchController : <<<<<<< 's_left_skill_lane' active >>>>>>>
2025-11-07 15:06:10,683 : INFO : EventManager : Event: ======'s_left_skill_lane_active'====== Args={}
2025-11-07 15:06:10,683 : INFO : EventManager : Event: ======'machine_var_audits_switches_s_left_skill_lane'====== Args={'value': 7, 'prev_value': 6, 'change': 1}
2025-11-07 15:06:10,684 : INFO : EventManager : Event: ======'play_skilllane_quote_1'====== Args={}
2025-11-07 15:06:10,684 : INFO : EventManager : Event: ======'player_score'====== Args={'value': 500, 'prev_value': 0, 'change': 500, 'player_num': 1, 'source': 'base'}
2025-11-07 15:06:10,852 : INFO : EventManager : Event: ======'blink_off'====== Args={'priority': 0}
2025-11-07 15:06:10,853 : INFO : EventManager : Unordered handler for class <Auditor> on event game_ended with priority 1. Handlers: [RegisteredHandler(callback=<bound method Auditor.disable of <Auditor>>, priority=1, kwargs={}, key=UUID('0eaf709b-ad3d-4d01-a187-6919aacccea5'), condition=None, blocking_facility=None), RegisteredHandler(callback=<bound method Auditor._save_audits of <Auditor>>, priority=1, kwargs={}, key=UUID('47a7bae4-5e74-447f-b0b9-a0c01d0b33cb'), condition=None, blocking_facility=None)]. The order of those handlers is not defined and they will be executed in random order. This might lead to race conditions and potential bugs.
2025-11-07 15:06:10,867 : INFO : SwitchController : <<<<<<< 's_left_skill_lane' inactive >>>>>>>
2025-11-07 15:06:11,458 : INFO : EventManager : Event: ======'blink_on'====== Args={'priority': 0}
2025-11-07 15:06:12,016 : INFO : SwitchController : <<<<<<< 's_right_skill_lane' active >>>>>>>
2025-11-07 15:06:12,016 : INFO : EventManager : Event: ======'s_right_skill_lane_active'====== Args={}
2025-11-07 15:06:12,016 : INFO : EventManager : Event: ======'machine_var_audits_switches_s_right_skill_lane'====== Args={'value': 5, 'prev_value': 4, 'change': 1}
2025-11-07 15:06:12,017 : INFO : EventManager : Event: ======'play_skilllane_quote_2'====== Args={}
2025-11-07 15:06:12,017 : INFO : EventManager : Event: ======'player_score'====== Args={'value': 1000, 'prev_value': 500, 'change': 500, 'player_num': 1, 'source': 'base'}
2025-11-07 15:06:12,063 : INFO : EventManager : Event: ======'blink_off'====== Args={'priority': 0}
2025-11-07 15:06:12,064 : INFO : EventManager : Unordered handler for class <Auditor> on event game_ended with priority 1. Handlers: [RegisteredHandler(callback=<bound method Auditor.disable of <Auditor>>, priority=1, kwargs={}, key=UUID('0eaf709b-ad3d-4d01-a187-6919aacccea5'), condition=None, blocking_facility=None), RegisteredHandler(callback=<bound method Auditor._save_audits of <Auditor>>, priority=1, kwargs={}, key=UUID('47a7bae4-5e74-447f-b0b9-a0c01d0b33cb'), condition=None, blocking_facility=None)]. The order of those handlers is not defined and they will be executed in random order. This might lead to race conditions and potential bugs.
2025-11-07 15:06:12,293 : INFO : SwitchController : <<<<<<< 's_right_skill_lane' inactive >>>>>>>
2025-11-07 15:06:12,649 : INFO : EventManager : Event: ======'blink_on'====== Args={'priority': 0}
2025-11-07 15:06:13,254 : INFO : EventManager : Event: ======'blink_off'====== Args={'priority': 0}
2025-11-07 15:06:13,254 : INFO : EventManager : Unordered handler for class <Auditor> on event game_ended with priority 1. Handlers: [RegisteredHandler(callback=<bound method Auditor.disable of <Auditor>>, priority=1, kwargs={}, key=UUID('0eaf709b-ad3d-4d01-a187-6919aacccea5'), condition=None, blocking_facility=None), RegisteredHandler(callback=<bound method Auditor._save_audits of <Auditor>>, priority=1, kwargs={}, key=UUID('47a7bae4-5e74-447f-b0b9-a0c01d0b33cb'), condition=None, blocking_facility=None)]. The order of those handlers is not defined and they will be executed in random order. This might lead to race conditions and potential bugs.
2025-11-07 15:06:13,846 : INFO : EventManager : Event: ======'blink_on'====== Args={'priority': 0}
2025-11-07 15:06:14,081 : INFO : SwitchController : <<<<<<< 's_middle_skill_lane' active >>>>>>>
2025-11-07 15:06:14,081 : INFO : EventManager : Event: ======'s_middle_skill_lane_active'====== Args={}
2025-11-07 15:06:14,081 : INFO : EventManager : Event: ======'machine_var_audits_switches_s_middle_skill_lane'====== Args={'value': 89, 'prev_value': 88, 'change': 1}
2025-11-07 15:06:14,083 : INFO : EventManager : Event: ======'play_skilllane_quote_4'====== Args={}
2025-11-07 15:06:14,083 : INFO : EventManager : Event: ======'player_score'====== Args={'value': 1500, 'prev_value': 1000, 'change': 500, 'player_num': 1, 'source': 'base'}
2025-11-07 15:06:14,346 : INFO : SwitchController : <<<<<<< 's_middle_skill_lane' inactive >>>>>>>
2025-11-07 15:06:14,470 : INFO : EventManager : Event: ======'blink_off'====== Args={'priority': 0}
2025-11-07 15:06:14,470 : INFO : EventManager : Unordered handler for class <Auditor> on event game_ended with priority 1. Handlers: [RegisteredHandler(callback=<bound method Auditor.disable of <Auditor>>, priority=1, kwargs={}, key=UUID('0eaf709b-ad3d-4d01-a187-6919aacccea5'), condition=None, blocking_facility=None), RegisteredHandler(callback=<bound method Auditor._save_audits of <Auditor>>, priority=1, kwargs={}, key=UUID('47a7bae4-5e74-447f-b0b9-a0c01d0b33cb'), condition=None, blocking_facility=None)]. The order of those handlers is not defined and they will be executed in random order. This might lead to race conditions and potential bugs.
2025-11-07 15:06:15,060 : INFO : EventManager : Event: ======'blink_on'====== Args={'priority': 0}
2025-11-07 15:06:15,652 : INFO : EventManager : Event: ======'blink_off'====== Args={'priority': 0}
2025-11-07 15:06:15,652 : INFO : EventManager : Unordered handler for class <Auditor> on event game_ended with priority 1. Handlers: [RegisteredHandler(callback=<bound method Auditor.disable of <Auditor>>, priority=1, kwargs={}, key=UUID('0eaf709b-ad3d-4d01-a187-6919aacccea5'), condition=None, blocking_facility=None), RegisteredHandler(callback=<bound method Auditor._save_audits of <Auditor>>, priority=1, kwargs={}, key=UUID('47a7bae4-5e74-447f-b0b9-a0c01d0b33cb'), condition=None, blocking_facility=None)]. The order of those handlers is not defined and they will be executed in random order. This might lead to race conditions and potential bugs.
2025-11-07 15:06:16,255 : INFO : EventManager : Event: ======'blink_on'====== Args={'priority': 0}
2025-11-07 15:06:16,800 : INFO : ball_device.bd_trough : State: failed_confirm
2025-11-07 15:06:16,800 : INFO : ball_device.bd_trough : Got timeout (10.0s) before confirm from <playfield.playfield>
2025-11-07 15:06:16,847 : INFO : EventManager : Event: ======'blink_off'====== Args={'priority': 0}
2025-11-07 15:06:16,847 : INFO : EventManager : Unordered handler for class <Auditor> on event game_ended with priority 1. Handlers: [RegisteredHandler(callback=<bound method Auditor.disable of <Auditor>>, priority=1, kwargs={}, key=UUID('0eaf709b-ad3d-4d01-a187-6919aacccea5'), condition=None, blocking_facility=None), RegisteredHandler(callback=<bound method Auditor._save_audits of <Auditor>>, priority=1, kwargs={}, key=UUID('47a7bae4-5e74-447f-b0b9-a0c01d0b33cb'), condition=None, blocking_facility=None)]. The order of those handlers is not defined and they will be executed in random order. This might lead to race conditions and potential bugs.
2025-11-07 15:06:16,894 : INFO : ball_device.bd_trough : Confirming eject because target is playfield and ball did not return.
2025-11-07 15:06:16,894 : INFO : ball_device.bd_trough : Eject successful
2025-11-07 15:06:16,894 : INFO : EventManager : Event: ======'balldevice_bd_trough_ball_eject_success'====== Args={'balls': 1, 'target': <playfield.playfield>}
2025-11-07 15:06:16,894 : INFO : EventManager : Event: ======'balldevice_playfield_ball_enter'====== Args={'new_balls': 1, 'unclaimed_balls': 1, 'device': <playfield.playfield>}
2025-11-07 15:06:16,894 : INFO : EventManager : Event: ======'playfield_ball_count_change'====== Args={'balls': 1, 'change': 1}
2025-11-07 15:06:16,896 : INFO : EventManager : Event: ======'balldevice_bd_trough_ball_count_changed'====== Args={'balls': 0}
2025-11-07 15:06:16,896 : INFO : ball_device.bd_trough : State: idle
2025-11-07 15:06:17,469 : INFO : EventManager : Event: ======'blink_on'====== Args={'priority': 0}
2025-11-07 15:06:18,061 : INFO : EventManager : Event: ======'blink_off'====== Args={'priority': 0}
2025-11-07 15:06:18,062 : INFO : EventManager : Unordered handler for class <Auditor> on event game_ended with priority 1. Handlers: [RegisteredHandler(callback=<bound method Auditor.disable of <Auditor>>, priority=1, kwargs={}, key=UUID('0eaf709b-ad3d-4d01-a187-6919aacccea5'), condition=None, blocking_facility=None), RegisteredHandler(callback=<bound method Auditor._save_audits of <Auditor>>, priority=1, kwargs={}, key=UUID('47a7bae4-5e74-447f-b0b9-a0c01d0b33cb'), condition=None, blocking_facility=None)]. The order of those handlers is not defined and they will be executed in random order. This might lead to race conditions and potential bugs.
2025-11-07 15:06:18,652 : INFO : EventManager : Event: ======'blink_on'====== Args={'priority': 0}
2025-11-07 15:06:19,039 : INFO : SwitchController : <<<<<<< 's_trough' active >>>>>>>
2025-11-07 15:06:19,039 : INFO : EventManager : Event: ======'machine_var_audits_switches_s_trough'====== Args={'value': 524, 'prev_value': 523, 'change': 1}
2025-11-07 15:06:19,086 : INFO : SwitchController : <<<<<<< 's_trough' inactive >>>>>>>
2025-11-07 15:06:19,101 : INFO : SwitchController : <<<<<<< 's_trough' active >>>>>>>
2025-11-07 15:06:19,101 : INFO : EventManager : Event: ======'machine_var_audits_switches_s_trough'====== Args={'value': 525, 'prev_value': 524, 'change': 1}
2025-11-07 15:06:19,148 : INFO : SwitchController : <<<<<<< 's_trough' inactive >>>>>>>
2025-11-07 15:06:19,163 : INFO : SwitchController : <<<<<<< 's_trough' active >>>>>>>
2025-11-07 15:06:19,163 : INFO : EventManager : Event: ======'machine_var_audits_switches_s_trough'====== Args={'value': 526, 'prev_value': 525, 'change': 1}
2025-11-07 15:06:19,256 : INFO : EventManager : Event: ======'blink_off'====== Args={'priority': 0}
2025-11-07 15:06:19,257 : INFO : EventManager : Unordered handler for class <Auditor> on event game_ended with priority 1. Handlers: [RegisteredHandler(callback=<bound method Auditor.disable of <Auditor>>, priority=1, kwargs={}, key=UUID('0eaf709b-ad3d-4d01-a187-6919aacccea5'), condition=None, blocking_facility=None), RegisteredHandler(callback=<bound method Auditor._save_audits of <Auditor>>, priority=1, kwargs={}, key=UUID('47a7bae4-5e74-447f-b0b9-a0c01d0b33cb'), condition=None, blocking_facility=None)]. The order of those handlers is not defined and they will be executed in random order. This might lead to race conditions and potential bugs.
2025-11-07 15:06:19,662 : INFO : EventManager : Event: ======'balldevice_bd_trough_ball_count_changed'====== Args={'balls': 1}
2025-11-07 15:06:19,662 : INFO : ball_device.bd_trough : Received unexpected ball
2025-11-07 15:06:19,662 : INFO : EventManager : Event: ======'balldevice_captured_from_playfield'====== Args={'balls': 1}
2025-11-07 15:06:19,663 : INFO : EventManager : Event: ======'sw_playfield_active'====== Args={'balls': 1}
2025-11-07 15:06:19,663 : INFO : EventManager : Event: ======'playfield_ball_count_change'====== Args={'balls': 0, 'change': -1}
2025-11-07 15:06:19,663 : INFO : EventManager : Event: ======'balldevice_bd_trough_ball_enter'====== Args={'new_balls': 1, 'unclaimed_balls': 1, 'new_available_balls': 1, 'device': <ball_device.bd_trough>}
2025-11-07 15:06:19,663 : INFO : EventManager : Event: ======'ball_drain'====== Args={'device': <ball_device.bd_trough>, 'balls': 1}
2025-11-07 15:06:19,664 : INFO : EventManager : Event: ======'ball_will_end'====== Args={}
2025-11-07 15:06:19,664 : INFO : EventManager : Event: ======'balldevice_balls_available'====== Args={}
2025-11-07 15:06:19,664 : INFO : EventManager : Event: ======'balldevice_bd_trough_ball_entered'====== Args={'new_balls': 1, 'device': <ball_device.bd_trough>}
2025-11-07 15:06:19,665 : INFO : EventManager : Event: ======'ball_ending'====== Args={}
2025-11-07 15:06:19,666 : INFO : EventManager : Event: ======'mode_base_will_stop'====== Args={}
2025-11-07 15:06:19,666 : INFO : EventManager : Event: ======'mode_base_stopping'====== Args={}
2025-11-07 15:06:19,666 : INFO : EventManager : Event: ======'godot_stop_base'====== Args={'priority': 0}
2025-11-07 15:06:19,666 : INFO : Mode.base : Stopped.
2025-11-07 15:06:19,666 : INFO : EventManager : Event: ======'modes_active_modes_changed'====== Args={}
2025-11-07 15:06:19,667 : INFO : EventManager : Event: ======'mode_base_stopped'====== Args={}
2025-11-07 15:06:19,667 : INFO : EventManager : Event: ======'clear'====== Args={'key': 'base'}
2025-11-07 15:06:19,681 : INFO : EventManager : Event: ======'ball_ended'====== Args={}
2025-11-07 15:06:19,682 : INFO : EventManager : Event: ======'player_turn_will_end'====== Args={'player': <Player 1>, 'number': 1}
2025-11-07 15:06:19,687 : INFO : EventManager : Event: ======'player_turn_ending'====== Args={'player': <Player 1>, 'number': 1}
2025-11-07 15:06:19,687 : INFO : EventManager : Event: ======'player_turn_ended'====== Args={'player': <Player 1>, 'number': 1}
2025-11-07 15:06:19,687 : INFO : EventManager : Event: ======'player_turn_will_start'====== Args={'player': <Player 1>, 'number': 1}
2025-11-07 15:06:19,688 : INFO : EventManager : Event: ======'player_turn_starting'====== Args={'player': <Player 1>, 'number': 1}
2025-11-07 15:06:19,688 : INFO : EventManager : Event: ======'player_ball'====== Args={'value': 2, 'prev_value': 1, 'change': 1, 'player_num': 1}
2025-11-07 15:06:19,688 : INFO : EventManager : Event: ======'player_turn_started'====== Args={'player': <Player 1>, 'number': 1}
2025-11-07 15:06:19,689 : INFO : EventManager : Event: ======'ball_will_start'====== Args={'player': 1, 'ball': 2, 'balls_remaining': 1, 'is_extra_ball': False}
2025-11-07 15:06:19,693 : INFO : EventManager : Event: ======'ball_starting'====== Args={'player': 1, 'ball': 2, 'balls_remaining': 1, 'is_extra_ball': False}
2025-11-07 15:06:19,694 : INFO : EventManager : Event: ======'mode_base_will_start'====== Args={'queue': <QueuedEvent>, 'player': 1, 'ball': 2, 'balls_remaining': 1, 'is_extra_ball': False}
2025-11-07 15:06:19,694 : INFO : EventManager : Unordered handler for class <Auditor> on event game_ended with priority 1. Handlers: [RegisteredHandler(callback=<bound method Auditor.disable of <Auditor>>, priority=1, kwargs={}, key=UUID('0eaf709b-ad3d-4d01-a187-6919aacccea5'), condition=None, blocking_facility=None), RegisteredHandler(callback=<bound method Auditor._save_audits of <Auditor>>, priority=1, kwargs={}, key=UUID('47a7bae4-5e74-447f-b0b9-a0c01d0b33cb'), condition=None, blocking_facility=None)]. The order of those handlers is not defined and they will be executed in random order. This might lead to race conditions and potential bugs.
2025-11-07 15:06:19,695 : INFO : EventManager : Unordered handler for class <Auditor> on event game_ended with priority 1. Handlers: [RegisteredHandler(callback=<bound method Auditor.disable of <Auditor>>, priority=1, kwargs={}, key=UUID('0eaf709b-ad3d-4d01-a187-6919aacccea5'), condition=None, blocking_facility=None), RegisteredHandler(callback=<bound method Auditor._save_audits of <Auditor>>, priority=1, kwargs={}, key=UUID('47a7bae4-5e74-447f-b0b9-a0c01d0b33cb'), condition=None, blocking_facility=None)]. The order of those handlers is not defined and they will be executed in random order. This might lead to race conditions and potential bugs.
2025-11-07 15:06:19,699 : INFO : EventManager : Event: ======'mode_base_starting'====== Args={'queue': <QueuedEvent>, 'player': 1, 'ball': 2, 'balls_remaining': 1, 'is_extra_ball': False}
2025-11-07 15:06:19,699 : INFO : drop_target_bank.right_bank : All targets are already up. Will not reset bank.
2025-11-07 15:06:19,699 : INFO : drop_target_bank.left_bank : All targets are already up. Will not reset bank.
2025-11-07 15:06:19,699 : INFO : EventManager : Event: ======'balls_in_play'====== Args={'balls': 1}
2025-11-07 15:06:19,699 : INFO : EventManager : Event: ======'ball_started'====== Args={'player': 1, 'ball': 2, 'balls_remaining': 1, 'is_extra_ball': False}
2025-11-07 15:06:19,700 : INFO : EventManager : Event: ======'logicblock_eg_pop_counter_updated'====== Args={'value': 0, 'enabled': True}
2025-11-07 15:06:19,700 : INFO : EventManager : Event: ======'logicblock_eg_pop_counter_updated'====== Args={'value': 0, 'enabled': True}
2025-11-07 15:06:19,700 : INFO : Mode.base : Started. Priority: 50
2025-11-07 15:06:19,700 : INFO : EventManager : Event: ======'modes_active_modes_changed'====== Args={}
2025-11-07 15:06:19,700 : INFO : EventManager : Event: ======'mode_base_started'====== Args={'queue': <QueuedEvent>, 'player': 1, 'ball': 2, 'balls_remaining': 1, 'is_extra_ball': False}
2025-11-07 15:06:19,700 : INFO : EventManager : Event: ======'mode_music_ball_2plus_will_start'====== Args={'player': 1, 'ball': 2, 'balls_remaining': 1, 'is_extra_ball': False}
2025-11-07 15:06:19,700 : INFO : EventManager : Unordered handler for class <Auditor> on event game_ended with priority 1. Handlers: [RegisteredHandler(callback=<bound method Auditor.disable of <Auditor>>, priority=1, kwargs={}, key=UUID('0eaf709b-ad3d-4d01-a187-6919aacccea5'), condition=None, blocking_facility=None), RegisteredHandler(callback=<bound method Auditor._save_audits of <Auditor>>, priority=1, kwargs={}, key=UUID('47a7bae4-5e74-447f-b0b9-a0c01d0b33cb'), condition=None, blocking_facility=None)]. The order of those handlers is not defined and they will be executed in random order. This might lead to race conditions and potential bugs.
2025-11-07 15:06:19,700 : INFO : EventManager : Event: ======'mode_music_ball_2plus_starting'====== Args={'player': 1, 'ball': 2, 'balls_remaining': 1, 'is_extra_ball': False}
2025-11-07 15:06:19,700 : INFO : EventManager : Event: ======'logicblock_eg_pop_counter_updated'====== Args={'value': 0, 'enabled': True}
2025-11-07 15:06:19,700 : INFO : EventManager : Event: ======'start_subsequent_loop'====== Args={'priority': 0}
2025-11-07 15:06:19,702 : INFO : EventManager : Unordered handler for class <Auditor> on event game_ended with priority 1. Handlers: [RegisteredHandler(callback=<bound method Auditor.disable of <Auditor>>, priority=1, kwargs={}, key=UUID('0eaf709b-ad3d-4d01-a187-6919aacccea5'), condition=None, blocking_facility=None), RegisteredHandler(callback=<bound method Auditor._save_audits of <Auditor>>, priority=1, kwargs={}, key=UUID('47a7bae4-5e74-447f-b0b9-a0c01d0b33cb'), condition=None, blocking_facility=None)]. The order of those handlers is not defined and they will be executed in random order. This might lead to race conditions and potential bugs.
2025-11-07 15:06:19,702 : INFO : EventManager : Event: ======'subsequentball_trigger'====== Args={'priority': 0}
2025-11-07 15:06:19,702 : INFO : EventManager : Event: ======'stop_mode_attract'====== Args={'priority': 0}
2025-11-07 15:06:19,702 : INFO : EventManager : Event: ======'mode_attract_will_stop'====== Args={'priority': 0}
2025-11-07 15:06:19,702 : INFO : EventManager : Event: ======'godot_attract_off'====== Args={'priority': 0}
2025-11-07 15:06:19,702 : INFO : EventManager : Event: ======'godot_play_base'====== Args={'priority': 0}
2025-11-07 15:06:19,702 : INFO : EventManager : Event: ======'start_subsequent_loop'====== Args={'priority': 0}
2025-11-07 15:06:19,703 : INFO : EventManager : Event: ======'subsequentball_trigger'====== Args={'priority': 0}
2025-11-07 15:06:19,703 : INFO : Mode.music_ball_2plus : Started. Priority: 60
2025-11-07 15:06:19,703 : INFO : EventManager : Event: ======'modes_active_modes_changed'====== Args={}
2025-11-07 15:06:19,703 : INFO : EventManager : Event: ======'mode_music_ball_2plus_started'====== Args={'player': 1, 'ball': 2, 'balls_remaining': 1, 'is_extra_ball': False}
2025-11-07 15:06:19,705 : INFO : EventManager : Event: ======'single_player_ball_started'====== Args={}
2025-11-07 15:06:19,720 : INFO : EventManager : Event: ======'ball_start_target'====== Args={'target': 'playfield'}
2025-11-07 15:06:19,720 : INFO : EventManager : Event: ======'slide_base_created'====== Args={'_from_bcp': True}
2025-11-07 15:06:19,720 : INFO : EventManager : Event: ======'slide_base_inactive'====== Args={'is_removing': True, '_from_bcp': True}
2025-11-07 15:06:19,720 : INFO : EventManager : Event: ======'slide_base_active'====== Args={'original_context': 'base', 'original_calling_context': 'mode_base_started', 'priority': 50.0, 'queue': '<QueuedEvent>', 'player': 1.0, 'ball': 2.0, 'balls_remaining': 1.0, 'is_extra_ball': False, 'cmd': 'slides_play', '_from_bcp': True}
2025-11-07 15:06:19,720 : INFO : EventManager : Event: ======'slide_base_removed'====== Args={'_from_bcp': True}
2025-11-07 15:06:19,720 : INFO : ball_device.bd_trough : Setting up player-controlled eject. Balls: 1, Target: <playfield.playfield>, player_controlled_eject_event: None
2025-11-07 15:06:19,720 : INFO : ball_device.bd_trough : Adding 1 ball(s) to the eject_queue with target <playfield.playfield>.
2025-11-07 15:06:19,721 : INFO : EventManager : Event: ======'balldevice_balls_available'====== Args={}
2025-11-07 15:06:19,722 : INFO : ball_device.bd_trough : State: waiting_for_target_ready
2025-11-07 15:06:19,722 : INFO : EventManager : Event: ======'balldevice_bd_trough_ball_eject_attempt'====== Args={'balls': 1, 'target': <playfield.playfield>, 'source': <ball_device.bd_trough>, 'mechanical_eject': False, 'num_attempts': 0}
2025-11-07 15:06:19,723 : INFO : ball_device.bd_trough : State: ejecting
2025-11-07 15:06:19,723 : INFO : ball_device.bd_trough : Ejecting ball to <playfield.playfield>
2025-11-07 15:06:19,723 : INFO : EventManager : Event: ======'balldevice_bd_trough_ejecting_ball'====== Args={'balls': 1, 'target': <playfield.playfield>, 'source': <ball_device.bd_trough>, 'mechanical_eject': False, 'num_attempts': 0}
2025-11-07 15:06:19,724 : INFO : ball_device.bd_trough : Wait for ball to leave device
2025-11-07 15:06:19,724 : INFO : coil.c_trough_eject : Pulsing Driver for 40ms (1.0 pulse_power)
2025-11-07 15:06:19,771 : INFO : SwitchController : <<<<<<< 's_trough' inactive >>>>>>>
2025-11-07 15:06:19,778 : INFO : ball_device.bd_trough : State: ball_left
2025-11-07 15:06:19,779 : INFO : ball_device.bd_trough : Ball left
2025-11-07 15:06:19,779 : INFO : ball_device.bd_trough : Wait for confirm with timeout 10.0
2025-11-07 15:06:19,847 : INFO : EventManager : Event: ======'blink_on'====== Args={'priority': 0}
2025-11-07 15:06:20,468 : INFO : EventManager : Event: ======'blink_off'====== Args={'priority': 0}
2025-11-07 15:06:20,468 : INFO : EventManager : Unordered handler for class <Auditor> on event game_ended with priority 1. Handlers: [RegisteredHandler(callback=<bound method Auditor.disable of <Auditor>>, priority=1, kwargs={}, key=UUID('0eaf709b-ad3d-4d01-a187-6919aacccea5'), condition=None, blocking_facility=None), RegisteredHandler(callback=<bound method Auditor._save_audits of <Auditor>>, priority=1, kwargs={}, key=UUID('47a7bae4-5e74-447f-b0b9-a0c01d0b33cb'), condition=None, blocking_facility=None)]. The order of those handlers is not defined and they will be executed in random order. This might lead to race conditions and potential bugs.
2025-11-07 15:06:20,685 : INFO : EventManager : Event: ======'play_subsequentball'====== Args={'priority': 0}
2025-11-07 15:06:20,685 : INFO : EventManager : Event: ======'zombie_moan_3'====== Args={'priority': 0}
2025-11-07 15:06:20,685 : INFO : EventManager : Event: ======'subsequentball'====== Args={'priority': 0}
2025-11-07 15:06:21,058 : INFO : EventManager : Event: ======'blink_on'====== Args={'priority': 0}
2025-11-07 15:06:21,649 : INFO : EventManager : Event: ======'blink_off'====== Args={'priority': 0}
2025-11-07 15:06:21,649 : INFO : EventManager : Unordered handler for class <Auditor> on event game_ended with priority 1. Handlers: [RegisteredHandler(callback=<bound method Auditor.disable of <Auditor>>, priority=1, kwargs={}, key=UUID('0eaf709b-ad3d-4d01-a187-6919aacccea5'), condition=None, blocking_facility=None), RegisteredHandler(callback=<bound method Auditor._save_audits of <Auditor>>, priority=1, kwargs={}, key=UUID('47a7bae4-5e74-447f-b0b9-a0c01d0b33cb'), condition=None, blocking_facility=None)]. The order of those handlers is not defined and they will be executed in random order. This might lead to race conditions and potential bugs.
2025-11-07 15:06:22,256 : INFO : EventManager : Event: ======'blink_on'====== Args={'priority': 0}
2025-11-07 15:06:22,678 : INFO : EventManager : Event: ======'play_subsequentball'====== Args={'priority': 0}
2025-11-07 15:06:22,678 : INFO : EventManager : Event: ======'zombie_moan_3'====== Args={'priority': 0}
2025-11-07 15:06:22,679 : INFO : EventManager : Event: ======'subsequentball'====== Args={'priority': 0}
2025-11-07 15:06:22,850 : INFO : EventManager : Event: ======'blink_off'====== Args={'priority': 0}
2025-11-07 15:06:22,850 : INFO : EventManager : Unordered handler for class <Auditor> on event game_ended with priority 1. Handlers: [RegisteredHandler(callback=<bound method Auditor.disable of <Auditor>>, priority=1, kwargs={}, key=UUID('0eaf709b-ad3d-4d01-a187-6919aacccea5'), condition=None, blocking_facility=None), RegisteredHandler(callback=<bound method Auditor._save_audits of <Auditor>>, priority=1, kwargs={}, key=UUID('47a7bae4-5e74-447f-b0b9-a0c01d0b33cb'), condition=None, blocking_facility=None)]. The order of those handlers is not defined and they will be executed in random order. This might lead to race conditions and potential bugs.
2025-11-07 15:06:23,469 : INFO : EventManager : Event: ======'blink_on'====== Args={'priority': 0}
2025-11-07 15:06:24,062 : INFO : EventManager : Event: ======'blink_off'====== Args={'priority': 0}
2025-11-07 15:06:24,063 : INFO : EventManager : Unordered handler for class <Auditor> on event game_ended with priority 1. Handlers: [RegisteredHandler(callback=<bound method Auditor.disable of <Auditor>>, priority=1, kwargs={}, key=UUID('0eaf709b-ad3d-4d01-a187-6919aacccea5'), condition=None, blocking_facility=None), RegisteredHandler(callback=<bound method Auditor._save_audits of <Auditor>>, priority=1, kwargs={}, key=UUID('47a7bae4-5e74-447f-b0b9-a0c01d0b33cb'), condition=None, blocking_facility=None)]. The order of those handlers is not defined and they will be executed in random order. This might lead to race conditions and potential bugs.
2025-11-07 15:06:24,650 : INFO : EventManager : Event: ======'blink_on'====== Args={'priority': 0}
2025-11-07 15:06:24,682 : INFO : EventManager : Event: ======'play_subsequentball'====== Args={'priority': 0}
2025-11-07 15:06:24,682 : INFO : EventManager : Event: ======'zombie_moan_3'====== Args={'priority': 0}
2025-11-07 15:06:24,682 : INFO : EventManager : Event: ======'subsequentball'====== Args={'priority': 0}
2025-11-07 15:06:25,254 : INFO : EventManager : Event: ======'blink_off'====== Args={'priority': 0}
2025-11-07 15:06:25,254 : INFO : EventManager : Unordered handler for class <Auditor> on event game_ended with priority 1. Handlers: [RegisteredHandler(callback=<bound method Auditor.disable of <Auditor>>, priority=1, kwargs={}, key=UUID('0eaf709b-ad3d-4d01-a187-6919aacccea5'), condition=None, blocking_facility=None), RegisteredHandler(callback=<bound method Auditor._save_audits of <Auditor>>, priority=1, kwargs={}, key=UUID('47a7bae4-5e74-447f-b0b9-a0c01d0b33cb'), condition=None, blocking_facility=None)]. The order of those handlers is not defined and they will be executed in random order. This might lead to race conditions and potential bugs.
2025-11-07 15:06:25,848 : INFO : EventManager : Event: ======'blink_on'====== Args={'priority': 0}
2025-11-07 15:06:25,913 : INFO : Machine : Shutting down...
2025-11-07 15:06:25,913 : INFO : EventManager : Event: ======'shutdown'====== Args={}
2025-11-07 15:06:25,915 : INFO : EventManager : Event: ======'mode_game_will_stop'====== Args={}
2025-11-07 15:06:25,915 : INFO : EventManager : Event: ======'mode_game_stopping'====== Args={}
2025-11-07 15:06:25,918 : INFO : EventManager : Event: ======'mode_base_will_stop'====== Args={}
2025-11-07 15:06:25,918 : INFO : EventManager : Event: ======'mode_base_stopping'====== Args={}
2025-11-07 15:06:25,918 : INFO : EventManager : Event: ======'mode_music_ball_2plus_will_stop'====== Args={}
2025-11-07 15:06:25,918 : INFO : EventManager : Event: ======'mode_music_ball_2plus_stopping'====== Args={}
2025-11-07 15:06:25,918 : INFO : EventManager : Event: ======'godot_stop_base'====== Args={'priority': 0}
2025-11-07 15:06:25,919 : INFO : Mode.music_ball_2plus : Stopped.
2025-11-07 15:06:25,919 : INFO : EventManager : Event: ======'modes_active_modes_changed'====== Args={}
2025-11-07 15:06:25,919 : INFO : EventManager : Event: ======'mode_music_ball_2plus_stopped'====== Args={}
2025-11-07 15:06:25,919 : INFO : EventManager : Event: ======'clear'====== Args={'key': 'music_ball_2plus'}
2025-11-07 15:06:25,919 : INFO : Mode.base : Stopped.
2025-11-07 15:06:25,919 : INFO : EventManager : Event: ======'modes_active_modes_changed'====== Args={}
2025-11-07 15:06:25,919 : INFO : EventManager : Event: ======'mode_base_stopped'====== Args={}
2025-11-07 15:06:25,919 : INFO : EventManager : Event: ======'clear'====== Args={'key': 'base'}
2025-11-07 15:06:25,919 : INFO : Mode.game : Stopped.
2025-11-07 15:06:25,920 : INFO : EventManager : Event: ======'modes_active_modes_changed'====== Args={}
2025-11-07 15:06:25,920 : INFO : EventManager : Event: ======'mode_game_stopped'====== Args={}
2025-11-07 15:06:25,920 : INFO : EventManager : Event: ======'clear'====== Args={'key': 'game'}
2025-11-07 15:06:26,469 : INFO : EventManager : Event: ======'blink_off'====== Args={'priority': 0}
2025-11-07 15:06:27,058 : INFO : EventManager : Event: ======'blink_on'====== Args={'priority': 0}
2025-11-07 15:06:27,559 : ERROR : root : Received second SIGINT. Will exit ungracefully!
NoneType: None
