2025-11-07 15:44:55,889 : INFO : root : Loading config.
2025-11-07 15:44:55,895 : INFO : YamlMultifileConfigLoader : Machine config file #1: config.yaml
2025-11-07 15:44:55,896 : INFO : ConfigProcessor : Loading config from cache: C:\Users\antho\AppData\Local\Temp\fdca14d0c9d658ab8200d57120800af5.mpf_cache
2025-11-07 15:44:56,039 : INFO : ConfigProcessor : Loading config from cache: C:\Users\antho\AppData\Local\Temp\5dec96b1547c4adf5bdd3d1715e74bc0.mpf_cache
2025-11-07 15:44:56,040 : INFO : ConfigProcessor : Loading config from cache: C:\Users\antho\AppData\Local\Temp\202a5840610e95051f9f473dfa660cc0.mpf_cache
2025-11-07 15:44:56,041 : INFO : ConfigProcessor : Loading config from cache: C:\Users\antho\AppData\Local\Temp\5dec96b1547c4adf5bdd3d1715e74bc0.mpf_cache
2025-11-07 15:44:56,042 : INFO : ConfigProcessor : Loading config from cache: C:\Users\antho\AppData\Local\Temp\2cd13a2d3f375e00ab01d6d09a85d8e7.mpf_cache
2025-11-07 15:44:56,053 : INFO : ConfigProcessor : Loading config from cache: C:\Users\antho\AppData\Local\Temp\9220b44b97b91972524500b81035d790.mpf_cache
2025-11-07 15:44:56,054 : INFO : ConfigProcessor : Loading config from cache: C:\Users\antho\AppData\Local\Temp\aa919e501ed8450b10d3bb8e37574ac5.mpf_cache
2025-11-07 15:44:56,055 : INFO : ConfigProcessor : Loading config from cache: C:\Users\antho\AppData\Local\Temp\31ee881584fa6fce665a672a4f3f633a.mpf_cache
2025-11-07 15:44:56,056 : INFO : ConfigProcessor : Loading config from cache: C:\Users\antho\AppData\Local\Temp\5e841763ec73085bbf92358fe6afda21.mpf_cache
2025-11-07 15:44:56,056 : INFO : ConfigProcessor : Loading config from cache: C:\Users\antho\AppData\Local\Temp\7f73d12aa9beccac1cbd8c265ccda72e.mpf_cache
2025-11-07 15:44:56,057 : INFO : ConfigProcessor : Loading config from cache: C:\Users\antho\AppData\Local\Temp\a03ebaa9d6d5676c418deb142cb34911.mpf_cache
2025-11-07 15:44:56,058 : INFO : ConfigProcessor : Loading config from cache: C:\Users\antho\AppData\Local\Temp\b17152efa55a24f0424602723f8d3921.mpf_cache
2025-11-07 15:44:56,058 : INFO : ConfigProcessor : Loading config from cache: C:\Users\antho\AppData\Local\Temp\e87fc0e7d2f8a851b5fa3f604e0d0c6e.mpf_cache
2025-11-07 15:44:56,059 : INFO : ConfigProcessor : Loading config from cache: C:\Users\antho\AppData\Local\Temp\196ac76b6cab3a9880804c826cfbcb5c.mpf_cache
2025-11-07 15:44:56,059 : INFO : ConfigProcessor : Loading config from cache: C:\Users\antho\AppData\Local\Temp\55437eb303afaa980597ff60f339a871.mpf_cache
2025-11-07 15:44:56,060 : INFO : ConfigProcessor : Loading config from cache: C:\Users\antho\AppData\Local\Temp\fddc1006228d3387e6d1e46051a3638d.mpf_cache
2025-11-07 15:44:56,061 : INFO : ConfigProcessor : Loading config from cache: C:\Users\antho\AppData\Local\Temp\834292dd7853e12a66732dc89828c828.mpf_cache
2025-11-07 15:44:56,061 : INFO : ConfigProcessor : Loading config from cache: C:\Users\antho\AppData\Local\Temp\46f8fa3e41dfeeb8232af2f03a13b6c4.mpf_cache
2025-11-07 15:44:56,062 : INFO : ConfigProcessor : Loading config from cache: C:\Users\antho\AppData\Local\Temp\c67e9c175da6c060302945929b27b878.mpf_cache
2025-11-07 15:44:56,062 : INFO : ConfigProcessor : Loading config from cache: C:\Users\antho\AppData\Local\Temp\03987edb382fe443ccf68b3f49f06933.mpf_cache
2025-11-07 15:44:56,063 : INFO : Machine : Mission Pinball Framework Core Engine v0.80.0.dev11
2025-11-07 15:44:56,063 : INFO : Machine : Command line arguments: {'no_load_cache': False, 'create_config_cache': True, 'bcp': True, 'configfile': ['config.yaml'], 'force_assets_load': False, 'platform_integration_test': False, 'jsonlogging': False, 'logfile': 'logs\\2025-11-07-15-44-55-mpf-LAPTOP-MPGP6R69.log', 'pause': False, 'production': False, 'text_ui': True, 'loglevel': 15, 'consoleloglevel': 20, 'force_platform': None, 'syslog_address': None, 'full_logfile_path': 'C:\\Users\\antho\\nightpin\\logs\\2025-11-07-15-44-55-mpf-LAPTOP-MPGP6R69.log'}
2025-11-07 15:44:56,063 : INFO : Machine : MPF path: C:\Users\antho\mpf\Lib\site-packages\mpf
2025-11-07 15:44:56,063 : INFO : Machine : Machine path: C:\Users\antho\nightpin
2025-11-07 15:44:56,063 : INFO : Machine : Platform: win32
2025-11-07 15:44:56,063 : INFO : Machine : Python executable location: C:\Users\antho\mpf\Scripts\python.exe
2025-11-07 15:44:56,063 : INFO : Machine : Python version: 3.12.7 (64-bit)
2025-11-07 15:44:56,066 : INFO : Machine : Initializing MPF...
2025-11-07 15:44:56,323 : INFO : lisy : Connecting to com3 at 115200bps
2025-11-07 15:44:56,324 : WARNING : lisy : Could not import terminos (this is ok on windows).
2025-11-07 15:44:56,473 : INFO : EventManager : Event: ======'machine_var_lisy_hardware'====== Args={'value': 'LISY35', 'prev_value': None, 'change': True}
2025-11-07 15:44:56,473 : INFO : EventManager : Event: ======'machine_var_lisy_version'====== Args={'value': '5.26 ', 'prev_value': None, 'change': True}
2025-11-07 15:44:56,473 : INFO : EventManager : Event: ======'machine_var_lisy_api_version'====== Args={'value': b'0.09', 'prev_value': None, 'change': True}
2025-11-07 15:44:57,798 : INFO : EventManager : Event: ======'machine_var_credits_string'====== Args={'value': 'FREE PLAY', 'prev_value': None, 'change': True}
2025-11-07 15:44:57,829 : INFO : EventManager : Event: ======'machine_var_master_volume'====== Args={'value': 0.5, 'prev_value': None, 'change': True}
2025-11-07 15:44:57,829 : INFO : EventManager : Event: ======'machine_var_player1_score'====== Args={'value': 430, 'prev_value': None, 'change': True}
2025-11-07 15:44:57,829 : INFO : EventManager : Event: ======'machine_var_mpf_version'====== Args={'value': 'Mission Pinball Framework v0.80.0.dev11', 'prev_value': None, 'change': True}
2025-11-07 15:44:57,829 : INFO : EventManager : Event: ======'machine_var_mpf_extended_version'====== Args={'value': 'Mission Pinball Framework v0.80.0.dev11, Config version:6, Show version: 6, BCP version:1.1', 'prev_value': None, 'change': True}
2025-11-07 15:44:57,830 : INFO : EventManager : Event: ======'machine_var_python_version'====== Args={'value': '3.12.7', 'prev_value': None, 'change': True}
2025-11-07 15:44:57,926 : INFO : EventManager : Event: ======'machine_var_platform'====== Args={'value': 'Windows-11-10.0.26100-SP0', 'prev_value': None, 'change': True}
2025-11-07 15:44:57,926 : INFO : EventManager : Event: ======'machine_var_platform_system'====== Args={'value': 'Windows', 'prev_value': None, 'change': True}
2025-11-07 15:44:57,926 : INFO : EventManager : Event: ======'machine_var_platform_release'====== Args={'value': '11', 'prev_value': None, 'change': True}
2025-11-07 15:44:57,926 : INFO : EventManager : Event: ======'machine_var_platform_version'====== Args={'value': '10.0.26100', 'prev_value': None, 'change': True}
2025-11-07 15:44:57,926 : INFO : EventManager : Event: ======'machine_var_platform_machine'====== Args={'value': 'AMD64', 'prev_value': None, 'change': True}
2025-11-07 15:44:57,926 : INFO : EventManager : Event: ======'machine_var_log_file_path'====== Args={'value': 'C:\\Users\\antho\\nightpin\\logs\\2025-11-07-15-44-55-mpf-LAPTOP-MPGP6R69.log', 'prev_value': None, 'change': True}
2025-11-07 15:44:57,926 : INFO : EventManager : Event: ======'init_phase_1'====== Args={}
2025-11-07 15:44:57,963 : INFO : EventManager : Event: ======'drop_target_bank_right_bank_up'====== Args={}
2025-11-07 15:44:57,963 : INFO : EventManager : Event: ======'drop_target_bank_left_bank_up'====== Args={}
2025-11-07 15:44:58,038 : INFO : EventManager : Event: ======'init_phase_2'====== Args={}
2025-11-07 15:44:58,048 : INFO : EventManager : Event: ======'bcp_connection_attempt'====== Args={'name': 'local_display', 'host': 'localhost', 'port': 5050}
2025-11-07 15:44:58,051 : INFO : BCPClientSocket : Connecting BCP to 'local_display' at localhost:5050...
2025-11-07 15:44:58,069 : INFO : BCPClientSocket : Connected BCP to 'local_display' localhost:5050
2025-11-07 15:44:58,069 : INFO : EventManager : Event: ======'bcp_clients_connected'====== Args={}
2025-11-07 15:44:58,182 : INFO : ball_device.bd_trough : BCH: Initial count: 0
2025-11-07 15:44:58,216 : INFO : ball_device.bd_trough : State: idle
2025-11-07 15:44:58,217 : INFO : ball_device.bd_saucer : BCH: Initial count: 0
2025-11-07 15:44:58,217 : INFO : ball_device.bd_saucer : State: idle
2025-11-07 15:44:58,231 : INFO : EventManager : Event: ======'init_phase_3'====== Args={}
2025-11-07 15:44:58,238 : INFO : EventManager : Event: ======'init_phase_4'====== Args={}
2025-11-07 15:44:58,238 : INFO : BallController : Initial balls found: 0
2025-11-07 15:44:58,240 : INFO : EventManager : Event: ======'machine_var_audits_events_game_ended'====== Args={'value': 19, 'prev_value': None, 'change': True}
2025-11-07 15:44:58,240 : INFO : EventManager : Event: ======'machine_var_audits_events_game_started'====== Args={'value': 123, 'prev_value': None, 'change': True}
2025-11-07 15:44:58,241 : INFO : EventManager : Event: ======'machine_var_audits_missing_switches_s_coin_right'====== Args={'value': 122, 'prev_value': None, 'change': True}
2025-11-07 15:44:58,241 : INFO : EventManager : Event: ======'machine_var_audits_missing_switches_s_credit_button'====== Args={'value': 95, 'prev_value': None, 'change': True}
2025-11-07 15:44:58,241 : INFO : EventManager : Event: ======'machine_var_audits_missing_switches_s_inlanes'====== Args={'value': 12, 'prev_value': None, 'change': True}
2025-11-07 15:44:58,241 : INFO : EventManager : Event: ======'machine_var_audits_missing_switches_s_left_bank_target_left'====== Args={'value': 43, 'prev_value': None, 'change': True}
2025-11-07 15:44:58,241 : INFO : EventManager : Event: ======'machine_var_audits_missing_switches_s_left_bank_target_middle'====== Args={'value': 46, 'prev_value': None, 'change': True}
2025-11-07 15:44:58,241 : INFO : EventManager : Event: ======'machine_var_audits_missing_switches_s_left_bank_target_right'====== Args={'value': 43, 'prev_value': None, 'change': True}
2025-11-07 15:44:58,241 : INFO : EventManager : Event: ======'machine_var_audits_missing_switches_s_left_inlane'====== Args={'value': 5, 'prev_value': None, 'change': True}
2025-11-07 15:44:58,241 : INFO : EventManager : Event: ======'machine_var_audits_missing_switches_s_left_lower_bumper'====== Args={'value': 31, 'prev_value': None, 'change': True}
2025-11-07 15:44:58,241 : INFO : EventManager : Event: ======'machine_var_audits_missing_switches_s_left_outlane'====== Args={'value': 26, 'prev_value': None, 'change': True}
2025-11-07 15:44:58,241 : INFO : EventManager : Event: ======'machine_var_audits_missing_switches_s_left_outlane_rollover'====== Args={'value': 23, 'prev_value': None, 'change': True}
2025-11-07 15:44:58,241 : INFO : EventManager : Event: ======'machine_var_audits_missing_switches_s_left_pop_bumper'====== Args={'value': 13, 'prev_value': None, 'change': True}
2025-11-07 15:44:58,241 : INFO : EventManager : Event: ======'machine_var_audits_missing_switches_s_left_rollover'====== Args={'value': 29, 'prev_value': None, 'change': True}
2025-11-07 15:44:58,241 : INFO : EventManager : Event: ======'machine_var_audits_missing_switches_s_left_skill_lane'====== Args={'value': 7, 'prev_value': None, 'change': True}
2025-11-07 15:44:58,242 : INFO : EventManager : Event: ======'machine_var_audits_missing_switches_s_left_sling'====== Args={'value': 4, 'prev_value': None, 'change': True}
2025-11-07 15:44:58,242 : INFO : EventManager : Event: ======'machine_var_audits_missing_switches_s_left_upper_bumper'====== Args={'value': 36, 'prev_value': None, 'change': True}
2025-11-07 15:44:58,242 : INFO : EventManager : Event: ======'machine_var_audits_missing_switches_s_middle_pop_bumper'====== Args={'value': 27, 'prev_value': None, 'change': True}
2025-11-07 15:44:58,242 : INFO : EventManager : Event: ======'machine_var_audits_missing_switches_s_middle_rollover'====== Args={'value': 27, 'prev_value': None, 'change': True}
2025-11-07 15:44:58,242 : INFO : EventManager : Event: ======'machine_var_audits_missing_switches_s_middle_skill_lane'====== Args={'value': 7, 'prev_value': None, 'change': True}
2025-11-07 15:44:58,242 : INFO : EventManager : Event: ======'machine_var_audits_missing_switches_s_middle_upper_rollovers'====== Args={'value': 5, 'prev_value': None, 'change': True}
2025-11-07 15:44:58,242 : INFO : EventManager : Event: ======'machine_var_audits_missing_switches_s_outer_skill_lanes'====== Args={'value': 1, 'prev_value': None, 'change': True}
2025-11-07 15:44:58,242 : INFO : EventManager : Event: ======'machine_var_audits_missing_switches_s_right_bank_target_left'====== Args={'value': 26, 'prev_value': None, 'change': True}
2025-11-07 15:44:58,242 : INFO : EventManager : Event: ======'machine_var_audits_missing_switches_s_right_bank_target_middle'====== Args={'value': 36, 'prev_value': None, 'change': True}
2025-11-07 15:44:58,242 : INFO : EventManager : Event: ======'machine_var_audits_missing_switches_s_right_bank_target_right'====== Args={'value': 36, 'prev_value': None, 'change': True}
2025-11-07 15:44:58,242 : INFO : EventManager : Event: ======'machine_var_audits_missing_switches_s_right_outlane'====== Args={'value': 26, 'prev_value': None, 'change': True}
2025-11-07 15:44:58,242 : INFO : EventManager : Event: ======'machine_var_audits_missing_switches_s_right_outlane_rollover'====== Args={'value': 40, 'prev_value': None, 'change': True}
2025-11-07 15:44:58,243 : INFO : EventManager : Event: ======'machine_var_audits_missing_switches_s_right_pop_bumper'====== Args={'value': 29, 'prev_value': None, 'change': True}
2025-11-07 15:44:58,243 : INFO : EventManager : Event: ======'machine_var_audits_missing_switches_s_right_rollover'====== Args={'value': 38, 'prev_value': None, 'change': True}
2025-11-07 15:44:58,243 : INFO : EventManager : Event: ======'machine_var_audits_missing_switches_s_right_skill_lane'====== Args={'value': 7, 'prev_value': None, 'change': True}
2025-11-07 15:44:58,243 : INFO : EventManager : Event: ======'machine_var_audits_missing_switches_s_right_sling'====== Args={'value': 1, 'prev_value': None, 'change': True}
2025-11-07 15:44:58,243 : INFO : EventManager : Event: ======'machine_var_audits_missing_switches_s_rollover_upper'====== Args={'value': 29, 'prev_value': None, 'change': True}
2025-11-07 15:44:58,243 : INFO : EventManager : Event: ======'machine_var_audits_missing_switches_s_saucer'====== Args={'value': 27, 'prev_value': None, 'change': True}
2025-11-07 15:44:58,243 : INFO : EventManager : Event: ======'machine_var_audits_missing_switches_s_slam_tilt'====== Args={'value': 61, 'prev_value': None, 'change': True}
2025-11-07 15:44:58,243 : INFO : EventManager : Event: ======'machine_var_audits_missing_switches_s_spinner'====== Args={'value': 36, 'prev_value': None, 'change': True}
2025-11-07 15:44:58,243 : INFO : EventManager : Event: ======'machine_var_audits_missing_switches_s_stand_up'====== Args={'value': 95, 'prev_value': None, 'change': True}
2025-11-07 15:44:58,243 : INFO : EventManager : Event: ======'machine_var_audits_missing_switches_s_start_button'====== Args={'value': 28, 'prev_value': None, 'change': True}
2025-11-07 15:44:58,243 : INFO : EventManager : Event: ======'machine_var_audits_missing_switches_s_tilt'====== Args={'value': 29, 'prev_value': None, 'change': True}
2025-11-07 15:44:58,244 : INFO : EventManager : Event: ======'machine_var_audits_player_score'====== Args={'value': {'average': 1421, 'top': [5110, 5070, 4300, 4230, 3980, 3410, 2200, 2100, 1300, 1200], 'total': 27}, 'prev_value': None, 'change': True}
2025-11-07 15:44:58,244 : INFO : EventManager : Event: ======'machine_var_audits_shots_my_first_shot'====== Args={'value': 3, 'prev_value': None, 'change': True}
2025-11-07 15:44:58,244 : INFO : EventManager : Event: ======'machine_var_audits_shots_sh_eg_pop_left'====== Args={'value': 8, 'prev_value': None, 'change': True}
2025-11-07 15:44:58,244 : INFO : EventManager : Event: ======'machine_var_audits_shots_sh_eg_pop_middle'====== Args={'value': 8, 'prev_value': None, 'change': True}
2025-11-07 15:44:58,244 : INFO : EventManager : Event: ======'machine_var_audits_shots_sh_eg_pop_right'====== Args={'value': 13, 'prev_value': None, 'change': True}
2025-11-07 15:44:58,244 : INFO : EventManager : Event: ======'machine_var_audits_shots_sh_eg_right_drop_left'====== Args={'value': 4, 'prev_value': None, 'change': True}
2025-11-07 15:44:58,244 : INFO : EventManager : Event: ======'machine_var_audits_shots_sh_eg_right_drop_middle'====== Args={'value': 3, 'prev_value': None, 'change': True}
2025-11-07 15:44:58,244 : INFO : EventManager : Event: ======'machine_var_audits_shots_sh_eg_right_drop_right'====== Args={'value': 3, 'prev_value': None, 'change': True}
2025-11-07 15:44:58,244 : INFO : EventManager : Event: ======'machine_var_audits_shots_sh_eg_spinner'====== Args={'value': 2, 'prev_value': None, 'change': True}
2025-11-07 15:44:58,244 : INFO : EventManager : Event: ======'machine_var_audits_shots_sh_escape_graveyard_start'====== Args={'value': 8, 'prev_value': None, 'change': True}
2025-11-07 15:44:58,244 : INFO : EventManager : Event: ======'machine_var_audits_switches_s_coin_right'====== Args={'value': 1, 'prev_value': None, 'change': True}
2025-11-07 15:44:58,244 : INFO : EventManager : Event: ======'machine_var_audits_switches_s_credit_button'====== Args={'value': 5, 'prev_value': None, 'change': True}
2025-11-07 15:44:58,245 : INFO : EventManager : Event: ======'machine_var_audits_switches_s_inlanes'====== Args={'value': 159, 'prev_value': None, 'change': True}
2025-11-07 15:44:58,245 : INFO : EventManager : Event: ======'machine_var_audits_switches_s_left_bank_target_left'====== Args={'value': 36, 'prev_value': None, 'change': True}
2025-11-07 15:44:58,245 : INFO : EventManager : Event: ======'machine_var_audits_switches_s_left_bank_target_middle'====== Args={'value': 27, 'prev_value': None, 'change': True}
2025-11-07 15:44:58,245 : INFO : EventManager : Event: ======'machine_var_audits_switches_s_left_bank_target_right'====== Args={'value': 27, 'prev_value': None, 'change': True}
2025-11-07 15:44:58,245 : INFO : EventManager : Event: ======'machine_var_audits_switches_s_left_inlane'====== Args={'value': 2, 'prev_value': None, 'change': True}
2025-11-07 15:44:58,245 : INFO : EventManager : Event: ======'machine_var_audits_switches_s_left_lower_bumper'====== Args={'value': 34, 'prev_value': None, 'change': True}
2025-11-07 15:44:58,245 : INFO : EventManager : Event: ======'machine_var_audits_switches_s_left_outlane'====== Args={'value': 1, 'prev_value': None, 'change': True}
2025-11-07 15:44:58,245 : INFO : EventManager : Event: ======'machine_var_audits_switches_s_left_outlane_rollover'====== Args={'value': 23, 'prev_value': None, 'change': True}
2025-11-07 15:44:58,245 : INFO : EventManager : Event: ======'machine_var_audits_switches_s_left_pop_bumper'====== Args={'value': 129, 'prev_value': None, 'change': True}
2025-11-07 15:44:58,245 : INFO : EventManager : Event: ======'machine_var_audits_switches_s_left_rollover'====== Args={'value': 2, 'prev_value': None, 'change': True}
2025-11-07 15:44:58,246 : INFO : EventManager : Event: ======'machine_var_audits_switches_s_left_skill_lane'====== Args={'value': 7, 'prev_value': None, 'change': True}
2025-11-07 15:44:58,246 : INFO : EventManager : Event: ======'machine_var_audits_switches_s_left_sling'====== Args={'value': 108, 'prev_value': None, 'change': True}
2025-11-07 15:44:58,246 : INFO : EventManager : Event: ======'machine_var_audits_switches_s_left_upper_bumper'====== Args={'value': 44, 'prev_value': None, 'change': True}
2025-11-07 15:44:58,246 : INFO : EventManager : Event: ======'machine_var_audits_switches_s_middle_pop_bumper'====== Args={'value': 131, 'prev_value': None, 'change': True}
2025-11-07 15:44:58,246 : INFO : EventManager : Event: ======'machine_var_audits_switches_s_middle_rollover'====== Args={'value': 9, 'prev_value': None, 'change': True}
2025-11-07 15:44:58,246 : INFO : EventManager : Event: ======'machine_var_audits_switches_s_middle_skill_lane'====== Args={'value': 89, 'prev_value': None, 'change': True}
2025-11-07 15:44:58,246 : INFO : EventManager : Event: ======'machine_var_audits_switches_s_middle_upper_rollovers'====== Args={'value': 97, 'prev_value': None, 'change': True}
2025-11-07 15:44:58,246 : INFO : EventManager : Event: ======'machine_var_audits_switches_s_outer_skill_lanes'====== Args={'value': 133, 'prev_value': None, 'change': True}
2025-11-07 15:44:58,246 : INFO : EventManager : Event: ======'machine_var_audits_switches_s_pop_bumper_bottom'====== Args={'value': 6, 'prev_value': None, 'change': True}
2025-11-07 15:44:58,246 : INFO : EventManager : Event: ======'machine_var_audits_switches_s_pop_bumper_left'====== Args={'value': 2, 'prev_value': None, 'change': True}
2025-11-07 15:44:58,246 : INFO : EventManager : Event: ======'machine_var_audits_switches_s_pop_bumper_right'====== Args={'value': 1, 'prev_value': None, 'change': True}
2025-11-07 15:44:58,246 : INFO : EventManager : Event: ======'machine_var_audits_switches_s_right_bank_target_left'====== Args={'value': 56, 'prev_value': None, 'change': True}
2025-11-07 15:44:58,247 : INFO : EventManager : Event: ======'machine_var_audits_switches_s_right_bank_target_middle'====== Args={'value': 43, 'prev_value': None, 'change': True}
2025-11-07 15:44:58,247 : INFO : EventManager : Event: ======'machine_var_audits_switches_s_right_bank_target_right'====== Args={'value': 40, 'prev_value': None, 'change': True}
2025-11-07 15:44:58,247 : INFO : EventManager : Event: ======'machine_var_audits_switches_s_right_inlane'====== Args={'value': 32, 'prev_value': None, 'change': True}
2025-11-07 15:44:58,247 : INFO : EventManager : Event: ======'machine_var_audits_switches_s_right_outlane'====== Args={'value': 1, 'prev_value': None, 'change': True}
2025-11-07 15:44:58,247 : INFO : EventManager : Event: ======'machine_var_audits_switches_s_right_outlane_rollover'====== Args={'value': 6, 'prev_value': None, 'change': True}
2025-11-07 15:44:58,247 : INFO : EventManager : Event: ======'machine_var_audits_switches_s_right_pop_bumper'====== Args={'value': 183, 'prev_value': None, 'change': True}
2025-11-07 15:44:58,247 : INFO : EventManager : Event: ======'machine_var_audits_switches_s_right_rollover'====== Args={'value': 0, 'prev_value': None, 'change': True}
2025-11-07 15:44:58,247 : INFO : EventManager : Event: ======'machine_var_audits_switches_s_right_skill_lane'====== Args={'value': 5, 'prev_value': None, 'change': True}
2025-11-07 15:44:58,247 : INFO : EventManager : Event: ======'machine_var_audits_switches_s_right_sling'====== Args={'value': 82, 'prev_value': None, 'change': True}
2025-11-07 15:44:58,247 : INFO : EventManager : Event: ======'machine_var_audits_switches_s_rollover_upper'====== Args={'value': 3, 'prev_value': None, 'change': True}
2025-11-07 15:44:58,248 : INFO : EventManager : Event: ======'machine_var_audits_switches_s_saucer'====== Args={'value': 103, 'prev_value': None, 'change': True}
2025-11-07 15:44:58,248 : INFO : EventManager : Event: ======'machine_var_audits_switches_s_slam_tilt'====== Args={'value': 6, 'prev_value': None, 'change': True}
2025-11-07 15:44:58,248 : INFO : EventManager : Event: ======'machine_var_audits_switches_s_spinner'====== Args={'value': 430, 'prev_value': None, 'change': True}
2025-11-07 15:44:58,248 : INFO : EventManager : Event: ======'machine_var_audits_switches_s_stand_up'====== Args={'value': 8, 'prev_value': None, 'change': True}
2025-11-07 15:44:58,248 : INFO : EventManager : Event: ======'machine_var_audits_switches_s_start_button'====== Args={'value': 39, 'prev_value': None, 'change': True}
2025-11-07 15:44:58,248 : INFO : EventManager : Event: ======'machine_var_audits_switches_s_tilt'====== Args={'value': 2, 'prev_value': None, 'change': True}
2025-11-07 15:44:58,248 : INFO : EventManager : Event: ======'machine_var_audits_switches_s_trough'====== Args={'value': 548, 'prev_value': None, 'change': True}
2025-11-07 15:44:58,249 : INFO : EventManager : Event: ======'init_phase_5'====== Args={}
2025-11-07 15:44:58,260 : INFO : EventManager : Event: ======'init_done'====== Args={}
2025-11-07 15:44:58,260 : INFO : EventManager : Event: ======'machine_reset_phase_1'====== Args={}
2025-11-07 15:44:58,266 : INFO : EventManager : Event: ======'machine_reset_phase_2'====== Args={}
2025-11-07 15:44:58,267 : INFO : EventManager : Event: ======'machine_reset_phase_3'====== Args={}
2025-11-07 15:44:58,268 : INFO : EventManager : Event: ======'mode_attract_will_start'====== Args={'queue': <QueuedEvent>}
2025-11-07 15:44:58,268 : INFO : EventManager : Event: ======'mode_attract_starting'====== Args={'queue': <QueuedEvent>}
2025-11-07 15:44:58,270 : INFO : Mode.attract : Started. Priority: 10
2025-11-07 15:44:58,270 : INFO : EventManager : Event: ======'modes_active_modes_changed'====== Args={}
2025-11-07 15:44:58,270 : INFO : EventManager : Event: ======'mode_attract_started'====== Args={'queue': <QueuedEvent>}
2025-11-07 15:44:58,270 : INFO : EventManager : Event: ======'godot_attract_on'====== Args={'priority': 0}
2025-11-07 15:44:58,271 : INFO : EventManager : Event: ======'collecting_balls_complete'====== Args={}
2025-11-07 15:44:58,271 : INFO : EventManager : Event: ======'reset_complete'====== Args={}
2025-11-07 15:44:58,284 : INFO : Machine : Starting the main run loop with active modes: [<Mode.attract>]
2025-11-07 15:44:58,321 : INFO : EventManager : Event: ======'slide_attract_created'====== Args={'_from_bcp': True}
2025-11-07 15:44:58,321 : INFO : EventManager : Event: ======'slide__removed'====== Args={'_from_bcp': True}
2025-11-07 15:44:58,322 : INFO : EventManager : Event: ======'slide_attract_active'====== Args={'original_context': 'attract', 'original_calling_context': 'mode_attract_started', 'priority': 10.0, 'queue': '<QueuedEvent>', 'cmd': 'slides_play', '_from_bcp': True}
2025-11-07 15:45:00,270 : INFO : EventManager : Event: ======'attract_wave_complete'====== Args={'priority': 0}
2025-11-07 15:45:00,659 : INFO : EventManager : Event: ======'attract_pulse_complete'====== Args={'priority': 0}
2025-11-07 15:45:01,064 : INFO : EventManager : Event: ======'attract_pulse_complete'====== Args={'priority': 0}
2025-11-07 15:45:01,426 : INFO : SwitchController : <<<<<<< 's_trough' active >>>>>>>
2025-11-07 15:45:01,938 : INFO : EventManager : Event: ======'balldevice_bd_trough_ball_count_changed'====== Args={'balls': 1}
2025-11-07 15:45:01,938 : INFO : ball_device.bd_trough : Received unexpected ball
2025-11-07 15:45:01,938 : INFO : EventManager : Event: ======'balldevice_captured_from_playfield'====== Args={'balls': 1}
2025-11-07 15:45:01,938 : INFO : EventManager : Event: ======'sw_playfield_active'====== Args={'balls': 1}
2025-11-07 15:45:01,940 : INFO : EventManager : Event: ======'playfield_active'====== Args={'source': None}
2025-11-07 15:45:01,940 : INFO : EventManager : Event: ======'unexpected_ball_on_playfield'====== Args={}
2025-11-07 15:45:01,940 : INFO : EventManager : Event: ======'playfield_ball_count_change'====== Args={'balls': -1, 'change': -1}
2025-11-07 15:45:01,940 : INFO : EventManager : Event: ======'balldevice_playfield_ball_enter'====== Args={'new_balls': 1, 'unclaimed_balls': 1, 'device': <playfield.playfield>}
2025-11-07 15:45:01,940 : INFO : EventManager : Event: ======'playfield_ball_count_change'====== Args={'balls': 0, 'change': 1}
2025-11-07 15:45:01,940 : INFO : BallController : Found a new ball which was captured from playfield. Known balls: 1
2025-11-07 15:45:01,940 : INFO : EventManager : Event: ======'found_new_ball'====== Args={}
2025-11-07 15:45:01,941 : INFO : EventManager : Event: ======'balldevice_bd_trough_ball_enter'====== Args={'new_balls': 1, 'unclaimed_balls': 1, 'new_available_balls': 1, 'device': <ball_device.bd_trough>}
2025-11-07 15:45:01,941 : INFO : EventManager : Event: ======'ball_drain'====== Args={'device': <ball_device.bd_trough>, 'balls': 1}
2025-11-07 15:45:01,941 : INFO : EventManager : Event: ======'balldevice_balls_available'====== Args={}
2025-11-07 15:45:01,941 : INFO : EventManager : Event: ======'balldevice_bd_trough_ball_entered'====== Args={'new_balls': 1, 'device': <ball_device.bd_trough>}
2025-11-07 15:45:03,057 : INFO : EventManager : Event: ======'attract_wave_complete'====== Args={'priority': 0}
2025-11-07 15:45:03,196 : INFO : SwitchController : <<<<<<< 's_start_button' active >>>>>>>
2025-11-07 15:45:03,413 : INFO : SwitchController : <<<<<<< 's_start_button' inactive >>>>>>>
2025-11-07 15:45:03,413 : INFO : EventManager : Event: ======'request_to_start_game'====== Args={}
2025-11-07 15:45:03,413 : INFO : EventManager : Event: ======'game_start'====== Args={'buttons': [], 'hold_time': 0.21899999980814755}
2025-11-07 15:45:03,413 : INFO : EventManager : Event: ======'mode_game_will_start'====== Args={'buttons': [], 'hold_time': 0.21899999980814755}
2025-11-07 15:45:03,414 : INFO : EventManager : Event: ======'mode_game_starting'====== Args={'buttons': [], 'hold_time': 0.21899999980814755}
2025-11-07 15:45:03,414 : INFO : Mode.game : Started. Priority: 20
2025-11-07 15:45:03,414 : INFO : EventManager : Event: ======'modes_active_modes_changed'====== Args={}
2025-11-07 15:45:03,414 : INFO : EventManager : Event: ======'mode_game_started'====== Args={'buttons': [], 'hold_time': 0.21899999980814755}
2025-11-07 15:45:03,430 : INFO : EventManager : Event: ======'game_will_start'====== Args={}
2025-11-07 15:45:03,431 : INFO : EventManager : Event: ======'game_starting'====== Args={'game': <Mode.game>}
2025-11-07 15:45:03,431 : INFO : EventManager : Event: ======'mode_attract_will_stop'====== Args={}
2025-11-07 15:45:03,431 : INFO : EventManager : Event: ======'mode_attract_stopping'====== Args={}
2025-11-07 15:45:03,431 : INFO : EventManager : Event: ======'godot_attract_off'====== Args={'priority': 0}
2025-11-07 15:45:03,431 : INFO : EventManager : Unordered handler for class <Auditor> on event game_ended with priority 1. Handlers: [RegisteredHandler(callback=<bound method Auditor.disable of <Auditor>>, priority=1, kwargs={}, key=UUID('a820f0f1-b635-4116-89dd-93d85453211d'), condition=None, blocking_facility=None), RegisteredHandler(callback=<bound method Auditor._save_audits of <Auditor>>, priority=1, kwargs={}, key=UUID('471f46ca-1cb2-4fbb-ad13-a6beaf569af4'), condition=None, blocking_facility=None)]. The order of those handlers is not defined and they will be executed in random order. This might lead to race conditions and potential bugs.
2025-11-07 15:45:03,432 : INFO : EventManager : Event: ======'godot_attract_off'====== Args={'priority': 0}
2025-11-07 15:45:03,432 : INFO : Mode.attract : Stopped.
2025-11-07 15:45:03,432 : INFO : EventManager : Event: ======'modes_active_modes_changed'====== Args={}
2025-11-07 15:45:03,433 : INFO : EventManager : Event: ======'mode_attract_stopped'====== Args={}
2025-11-07 15:45:03,433 : INFO : EventManager : Event: ======'clear'====== Args={'key': 'attract'}
2025-11-07 15:45:03,433 : INFO : EventManager : Event: ======'player_add_request'====== Args={}
2025-11-07 15:45:03,433 : INFO : EventManager : Event: ======'player_will_add'====== Args={'number': 1}
2025-11-07 15:45:03,433 : INFO : EventManager : Event: ======'player_adding'====== Args={'player': <Player 1>, 'number': 1}
2025-11-07 15:45:03,434 : INFO : EventManager : Event: ======'player_added'====== Args={'player': <Player 1>, 'num': 1}
2025-11-07 15:45:03,434 : INFO : Mode.game : Player added successfully. Total players: 1
2025-11-07 15:45:03,434 : INFO : EventManager : Event: ======'player_index'====== Args={'value': 0, 'prev_value': 0, 'change': 0, 'player_num': 1}
2025-11-07 15:45:03,434 : INFO : EventManager : Event: ======'player_number'====== Args={'value': 1, 'prev_value': 1, 'change': 0, 'player_num': 1}
2025-11-07 15:45:03,434 : INFO : EventManager : Event: ======'player_score'====== Args={'value': 0, 'prev_value': 0, 'change': 0, 'player_num': 1}
2025-11-07 15:45:03,435 : INFO : EventManager : Unordered handler for class <Auditor> on event game_ended with priority 1. Handlers: [RegisteredHandler(callback=<bound method Auditor.disable of <Auditor>>, priority=1, kwargs={}, key=UUID('a820f0f1-b635-4116-89dd-93d85453211d'), condition=None, blocking_facility=None), RegisteredHandler(callback=<bound method Auditor._save_audits of <Auditor>>, priority=1, kwargs={}, key=UUID('471f46ca-1cb2-4fbb-ad13-a6beaf569af4'), condition=None, blocking_facility=None)]. The order of those handlers is not defined and they will be executed in random order. This might lead to race conditions and potential bugs.
2025-11-07 15:45:03,451 : INFO : EventManager : Event: ======'game_started'====== Args={}
2025-11-07 15:45:03,452 : INFO : EventManager : Event: ======'blink_on'====== Args={'priority': 0}
2025-11-07 15:45:03,453 : INFO : EventManager : Event: ======'player_turn_will_start'====== Args={'player': <Player 1>, 'number': 1}
2025-11-07 15:45:03,458 : INFO : EventManager : Event: ======'player_turn_starting'====== Args={'player': <Player 1>, 'number': 1}
2025-11-07 15:45:03,460 : INFO : EventManager : Event: ======'player_ball'====== Args={'value': 1, 'prev_value': 0, 'change': 1, 'player_num': 1}
2025-11-07 15:45:03,460 : INFO : EventManager : Event: ======'player_turn_started'====== Args={'player': <Player 1>, 'number': 1}
2025-11-07 15:45:03,461 : INFO : EventManager : Event: ======'ball_will_start'====== Args={'player': 1, 'ball': 1, 'balls_remaining': 2, 'is_extra_ball': False}
2025-11-07 15:45:03,466 : INFO : EventManager : Event: ======'ball_starting'====== Args={'player': 1, 'ball': 1, 'balls_remaining': 2, 'is_extra_ball': False}
2025-11-07 15:45:03,466 : INFO : EventManager : Event: ======'mode_base_will_start'====== Args={'queue': <QueuedEvent>, 'player': 1, 'ball': 1, 'balls_remaining': 2, 'is_extra_ball': False}
2025-11-07 15:45:03,466 : INFO : EventManager : Event: ======'player_shot_sh_escape_graveyard_start_enabled'====== Args={'value': False, 'prev_value': 0, 'change': 0, 'player_num': 1}
2025-11-07 15:45:03,466 : INFO : EventManager : Unordered handler for class <Auditor> on event game_ended with priority 1. Handlers: [RegisteredHandler(callback=<bound method Auditor.disable of <Auditor>>, priority=1, kwargs={}, key=UUID('a820f0f1-b635-4116-89dd-93d85453211d'), condition=None, blocking_facility=None), RegisteredHandler(callback=<bound method Auditor._save_audits of <Auditor>>, priority=1, kwargs={}, key=UUID('471f46ca-1cb2-4fbb-ad13-a6beaf569af4'), condition=None, blocking_facility=None)]. The order of those handlers is not defined and they will be executed in random order. This might lead to race conditions and potential bugs.
2025-11-07 15:45:03,468 : INFO : EventManager : Unordered handler for class <Auditor> on event game_ended with priority 1. Handlers: [RegisteredHandler(callback=<bound method Auditor.disable of <Auditor>>, priority=1, kwargs={}, key=UUID('a820f0f1-b635-4116-89dd-93d85453211d'), condition=None, blocking_facility=None), RegisteredHandler(callback=<bound method Auditor._save_audits of <Auditor>>, priority=1, kwargs={}, key=UUID('471f46ca-1cb2-4fbb-ad13-a6beaf569af4'), condition=None, blocking_facility=None)]. The order of those handlers is not defined and they will be executed in random order. This might lead to race conditions and potential bugs.
2025-11-07 15:45:03,470 : INFO : EventManager : Event: ======'mode_base_starting'====== Args={'queue': <QueuedEvent>, 'player': 1, 'ball': 1, 'balls_remaining': 2, 'is_extra_ball': False}
2025-11-07 15:45:03,471 : INFO : drop_target_bank.right_bank : All targets are already up. Will not reset bank.
2025-11-07 15:45:03,471 : INFO : drop_target_bank.left_bank : All targets are already up. Will not reset bank.
2025-11-07 15:45:03,471 : INFO : EventManager : Event: ======'balls_in_play'====== Args={'balls': 1}
2025-11-07 15:45:03,472 : INFO : EventManager : Event: ======'ball_started'====== Args={'player': 1, 'ball': 1, 'balls_remaining': 2, 'is_extra_ball': False}
2025-11-07 15:45:03,472 : INFO : EventManager : Event: ======'logicblock_eg_pop_counter_updated'====== Args={'value': 0, 'enabled': True}
2025-11-07 15:45:03,472 : INFO : EventManager : Event: ======'logicblock_eg_pop_counter_updated'====== Args={'value': 0, 'enabled': True}
2025-11-07 15:45:03,472 : INFO : Mode.base : Started. Priority: 50
2025-11-07 15:45:03,472 : INFO : EventManager : Event: ======'modes_active_modes_changed'====== Args={}
2025-11-07 15:45:03,472 : INFO : EventManager : Event: ======'mode_base_started'====== Args={'queue': <QueuedEvent>, 'player': 1, 'ball': 1, 'balls_remaining': 2, 'is_extra_ball': False}
2025-11-07 15:45:03,472 : INFO : EventManager : Event: ======'logicblock_eg_pop_counter_updated'====== Args={'value': 0, 'enabled': True}
2025-11-07 15:45:03,472 : INFO : EventManager : Event: ======'start_firstball_intro'====== Args={'priority': 0}
2025-11-07 15:45:03,474 : INFO : EventManager : Unordered handler for class <Auditor> on event game_ended with priority 1. Handlers: [RegisteredHandler(callback=<bound method Auditor.disable of <Auditor>>, priority=1, kwargs={}, key=UUID('a820f0f1-b635-4116-89dd-93d85453211d'), condition=None, blocking_facility=None), RegisteredHandler(callback=<bound method Auditor._save_audits of <Auditor>>, priority=1, kwargs={}, key=UUID('471f46ca-1cb2-4fbb-ad13-a6beaf569af4'), condition=None, blocking_facility=None)]. The order of those handlers is not defined and they will be executed in random order. This might lead to race conditions and potential bugs.
2025-11-07 15:45:03,475 : INFO : EventManager : Event: ======'stop_mode_attract'====== Args={'priority': 0}
2025-11-07 15:45:03,475 : INFO : EventManager : Event: ======'mode_attract_will_stop'====== Args={'priority': 0}
2025-11-07 15:45:03,475 : INFO : EventManager : Event: ======'godot_attract_off'====== Args={'priority': 0}
2025-11-07 15:45:03,475 : INFO : EventManager : Event: ======'godot_play_base'====== Args={'priority': 0}
2025-11-07 15:45:03,476 : INFO : EventManager : Event: ======'single_player_ball_started'====== Args={}
2025-11-07 15:45:03,508 : INFO : EventManager : Event: ======'ball_start_target'====== Args={'target': 'playfield'}
2025-11-07 15:45:03,508 : INFO : ball_device.bd_trough : Setting up player-controlled eject. Balls: 1, Target: <playfield.playfield>, player_controlled_eject_event: None
2025-11-07 15:45:03,508 : INFO : ball_device.bd_trough : Adding 1 ball(s) to the eject_queue with target <playfield.playfield>.
2025-11-07 15:45:03,508 : INFO : EventManager : Event: ======'balldevice_balls_available'====== Args={}
2025-11-07 15:45:03,510 : INFO : ball_device.bd_trough : State: waiting_for_target_ready
2025-11-07 15:45:03,511 : INFO : EventManager : Event: ======'balldevice_bd_trough_ball_eject_attempt'====== Args={'balls': 1, 'target': <playfield.playfield>, 'source': <ball_device.bd_trough>, 'mechanical_eject': False, 'num_attempts': 0}
2025-11-07 15:45:03,511 : INFO : ball_device.bd_trough : State: ejecting
2025-11-07 15:45:03,511 : INFO : ball_device.bd_trough : Ejecting ball to <playfield.playfield>
2025-11-07 15:45:03,511 : INFO : EventManager : Event: ======'balldevice_bd_trough_ejecting_ball'====== Args={'balls': 1, 'target': <playfield.playfield>, 'source': <ball_device.bd_trough>, 'mechanical_eject': False, 'num_attempts': 0}
2025-11-07 15:45:03,512 : INFO : ball_device.bd_trough : Wait for ball to leave device
2025-11-07 15:45:03,512 : INFO : coil.c_trough_eject : Pulsing Driver for 40ms (1.0 pulse_power)
2025-11-07 15:45:03,569 : INFO : SwitchController : <<<<<<< 's_trough' inactive >>>>>>>
2025-11-07 15:45:03,575 : INFO : ball_device.bd_trough : State: ball_left
2025-11-07 15:45:03,575 : INFO : ball_device.bd_trough : Ball left
2025-11-07 15:45:03,576 : INFO : ball_device.bd_trough : Wait for confirm with timeout 10.0
2025-11-07 15:45:03,582 : INFO : EventManager : Event: ======'slide_base_created'====== Args={'_from_bcp': True}
2025-11-07 15:45:03,582 : INFO : EventManager : Event: ======'slide_attract_inactive'====== Args={'is_removing': True, '_from_bcp': True}
2025-11-07 15:45:03,583 : INFO : EventManager : Event: ======'slide_base_active'====== Args={'original_context': 'base', 'original_calling_context': 'mode_base_started', 'priority': 50.0, 'queue': '<QueuedEvent>', 'player': 1.0, 'ball': 1.0, 'balls_remaining': 2.0, 'is_extra_ball': False, 'cmd': 'slides_play', '_from_bcp': True}
2025-11-07 15:45:03,583 : INFO : EventManager : Event: ======'slide_attract_removed'====== Args={'_from_bcp': True}
2025-11-07 15:45:04,033 : INFO : EventManager : Event: ======'blink_off'====== Args={'priority': 0}
2025-11-07 15:45:04,640 : INFO : EventManager : Event: ======'blink_on'====== Args={'priority': 0}
2025-11-07 15:45:05,244 : INFO : EventManager : Event: ======'blink_off'====== Args={'priority': 0}
2025-11-07 15:45:05,244 : INFO : EventManager : Unordered handler for class <Auditor> on event game_ended with priority 1. Handlers: [RegisteredHandler(callback=<bound method Auditor.disable of <Auditor>>, priority=1, kwargs={}, key=UUID('a820f0f1-b635-4116-89dd-93d85453211d'), condition=None, blocking_facility=None), RegisteredHandler(callback=<bound method Auditor._save_audits of <Auditor>>, priority=1, kwargs={}, key=UUID('471f46ca-1cb2-4fbb-ad13-a6beaf569af4'), condition=None, blocking_facility=None)]. The order of those handlers is not defined and they will be executed in random order. This might lead to race conditions and potential bugs.
2025-11-07 15:45:05,836 : INFO : EventManager : Event: ======'blink_on'====== Args={'priority': 0}
2025-11-07 15:45:06,426 : INFO : EventManager : Event: ======'blink_off'====== Args={'priority': 0}
2025-11-07 15:45:06,426 : INFO : EventManager : Unordered handler for class <Auditor> on event game_ended with priority 1. Handlers: [RegisteredHandler(callback=<bound method Auditor.disable of <Auditor>>, priority=1, kwargs={}, key=UUID('a820f0f1-b635-4116-89dd-93d85453211d'), condition=None, blocking_facility=None), RegisteredHandler(callback=<bound method Auditor._save_audits of <Auditor>>, priority=1, kwargs={}, key=UUID('471f46ca-1cb2-4fbb-ad13-a6beaf569af4'), condition=None, blocking_facility=None)]. The order of those handlers is not defined and they will be executed in random order. This might lead to race conditions and potential bugs.
2025-11-07 15:45:07,048 : INFO : EventManager : Event: ======'blink_on'====== Args={'priority': 0}
2025-11-07 15:45:07,361 : INFO : SwitchController : <<<<<<< 's_right_inlane' active >>>>>>>
2025-11-07 15:45:07,361 : INFO : EventManager : Event: ======'s_right_inlane_active'====== Args={}
2025-11-07 15:45:07,361 : INFO : EventManager : Event: ======'sw_playfield_active'====== Args={}
2025-11-07 15:45:07,361 : INFO : EventManager : Event: ======'machine_var_audits_switches_s_right_inlane'====== Args={'value': 33, 'prev_value': 32, 'change': 1}
2025-11-07 15:45:07,362 : INFO : EventManager : Event: ======'player_score'====== Args={'value': 100, 'prev_value': 0, 'change': 100, 'player_num': 1, 'source': 'base'}
2025-11-07 15:45:07,363 : INFO : EventManager : Event: ======'playfield_active'====== Args={'source': None}
2025-11-07 15:45:07,376 : INFO : ball_device.bd_trough : Got eject confirm
2025-11-07 15:45:07,377 : INFO : ball_device.bd_trough : Eject successful
2025-11-07 15:45:07,377 : INFO : EventManager : Event: ======'balldevice_bd_trough_ball_eject_success'====== Args={'balls': 1, 'target': <playfield.playfield>}
2025-11-07 15:45:07,377 : INFO : EventManager : Event: ======'balldevice_playfield_ball_enter'====== Args={'new_balls': 1, 'unclaimed_balls': 1, 'device': <playfield.playfield>}
2025-11-07 15:45:07,377 : INFO : EventManager : Event: ======'playfield_ball_count_change'====== Args={'balls': 1, 'change': 1}
2025-11-07 15:45:07,378 : INFO : EventManager : Event: ======'balldevice_bd_trough_ball_count_changed'====== Args={'balls': 0}
2025-11-07 15:45:07,378 : INFO : ball_device.bd_trough : State: idle
2025-11-07 15:45:07,640 : INFO : EventManager : Event: ======'blink_off'====== Args={'priority': 0}
2025-11-07 15:45:07,641 : INFO : EventManager : Unordered handler for class <Auditor> on event game_ended with priority 1. Handlers: [RegisteredHandler(callback=<bound method Auditor.disable of <Auditor>>, priority=1, kwargs={}, key=UUID('a820f0f1-b635-4116-89dd-93d85453211d'), condition=None, blocking_facility=None), RegisteredHandler(callback=<bound method Auditor._save_audits of <Auditor>>, priority=1, kwargs={}, key=UUID('471f46ca-1cb2-4fbb-ad13-a6beaf569af4'), condition=None, blocking_facility=None)]. The order of those handlers is not defined and they will be executed in random order. This might lead to race conditions and potential bugs.
2025-11-07 15:45:07,671 : INFO : SwitchController : <<<<<<< 's_right_inlane' inactive >>>>>>>
2025-11-07 15:45:08,242 : INFO : EventManager : Event: ======'blink_on'====== Args={'priority': 0}
2025-11-07 15:45:08,833 : INFO : EventManager : Event: ======'blink_off'====== Args={'priority': 0}
2025-11-07 15:45:08,834 : INFO : EventManager : Unordered handler for class <Auditor> on event game_ended with priority 1. Handlers: [RegisteredHandler(callback=<bound method Auditor.disable of <Auditor>>, priority=1, kwargs={}, key=UUID('a820f0f1-b635-4116-89dd-93d85453211d'), condition=None, blocking_facility=None), RegisteredHandler(callback=<bound method Auditor._save_audits of <Auditor>>, priority=1, kwargs={}, key=UUID('471f46ca-1cb2-4fbb-ad13-a6beaf569af4'), condition=None, blocking_facility=None)]. The order of those handlers is not defined and they will be executed in random order. This might lead to race conditions and potential bugs.
2025-11-07 15:45:08,881 : INFO : SwitchController : <<<<<<< 's_left_skill_lane' active >>>>>>>
2025-11-07 15:45:08,881 : INFO : EventManager : Event: ======'s_left_skill_lane_active'====== Args={}
2025-11-07 15:45:08,881 : INFO : EventManager : Event: ======'machine_var_audits_switches_s_left_skill_lane'====== Args={'value': 8, 'prev_value': 7, 'change': 1}
2025-11-07 15:45:08,882 : INFO : EventManager : Event: ======'play_skilllane_quote_4'====== Args={}
2025-11-07 15:45:08,882 : INFO : EventManager : Event: ======'player_score'====== Args={'value': 600, 'prev_value': 100, 'change': 500, 'player_num': 1, 'source': 'base'}
2025-11-07 15:45:08,883 : INFO : EventManager : Unordered handler for class <Auditor> on event game_ended with priority 1. Handlers: [RegisteredHandler(callback=<bound method Auditor.disable of <Auditor>>, priority=1, kwargs={}, key=UUID('a820f0f1-b635-4116-89dd-93d85453211d'), condition=None, blocking_facility=None), RegisteredHandler(callback=<bound method Auditor._save_audits of <Auditor>>, priority=1, kwargs={}, key=UUID('471f46ca-1cb2-4fbb-ad13-a6beaf569af4'), condition=None, blocking_facility=None)]. The order of those handlers is not defined and they will be executed in random order. This might lead to race conditions and potential bugs.
2025-11-07 15:45:08,898 : INFO : EventManager : Unordered handler for class <Auditor> on event game_ended with priority 1. Handlers: [RegisteredHandler(callback=<bound method Auditor.disable of <Auditor>>, priority=1, kwargs={}, key=UUID('a820f0f1-b635-4116-89dd-93d85453211d'), condition=None, blocking_facility=None), RegisteredHandler(callback=<bound method Auditor._save_audits of <Auditor>>, priority=1, kwargs={}, key=UUID('471f46ca-1cb2-4fbb-ad13-a6beaf569af4'), condition=None, blocking_facility=None)]. The order of those handlers is not defined and they will be executed in random order. This might lead to race conditions and potential bugs.
2025-11-07 15:45:08,900 : INFO : EventManager : Unordered handler for class <Auditor> on event game_ended with priority 1. Handlers: [RegisteredHandler(callback=<bound method Auditor.disable of <Auditor>>, priority=1, kwargs={}, key=UUID('a820f0f1-b635-4116-89dd-93d85453211d'), condition=None, blocking_facility=None), RegisteredHandler(callback=<bound method Auditor._save_audits of <Auditor>>, priority=1, kwargs={}, key=UUID('471f46ca-1cb2-4fbb-ad13-a6beaf569af4'), condition=None, blocking_facility=None)]. The order of those handlers is not defined and they will be executed in random order. This might lead to race conditions and potential bugs.
2025-11-07 15:45:09,130 : INFO : SwitchController : <<<<<<< 's_left_skill_lane' inactive >>>>>>>
2025-11-07 15:45:09,426 : INFO : EventManager : Event: ======'blink_on'====== Args={'priority': 0}
2025-11-07 15:45:10,047 : INFO : EventManager : Event: ======'blink_off'====== Args={'priority': 0}
2025-11-07 15:45:10,047 : INFO : EventManager : Unordered handler for class <Auditor> on event game_ended with priority 1. Handlers: [RegisteredHandler(callback=<bound method Auditor.disable of <Auditor>>, priority=1, kwargs={}, key=UUID('a820f0f1-b635-4116-89dd-93d85453211d'), condition=None, blocking_facility=None), RegisteredHandler(callback=<bound method Auditor._save_audits of <Auditor>>, priority=1, kwargs={}, key=UUID('471f46ca-1cb2-4fbb-ad13-a6beaf569af4'), condition=None, blocking_facility=None)]. The order of those handlers is not defined and they will be executed in random order. This might lead to race conditions and potential bugs.
2025-11-07 15:45:10,639 : INFO : EventManager : Event: ======'blink_on'====== Args={'priority': 0}
2025-11-07 15:45:11,246 : INFO : EventManager : Event: ======'blink_off'====== Args={'priority': 0}
2025-11-07 15:45:11,246 : INFO : EventManager : Unordered handler for class <Auditor> on event game_ended with priority 1. Handlers: [RegisteredHandler(callback=<bound method Auditor.disable of <Auditor>>, priority=1, kwargs={}, key=UUID('a820f0f1-b635-4116-89dd-93d85453211d'), condition=None, blocking_facility=None), RegisteredHandler(callback=<bound method Auditor._save_audits of <Auditor>>, priority=1, kwargs={}, key=UUID('471f46ca-1cb2-4fbb-ad13-a6beaf569af4'), condition=None, blocking_facility=None)]. The order of those handlers is not defined and they will be executed in random order. This might lead to race conditions and potential bugs.
2025-11-07 15:45:11,838 : INFO : EventManager : Event: ======'blink_on'====== Args={'priority': 0}
2025-11-07 15:45:12,069 : INFO : SwitchController : <<<<<<< 's_trough' active >>>>>>>
2025-11-07 15:45:12,069 : INFO : EventManager : Event: ======'machine_var_audits_switches_s_trough'====== Args={'value': 549, 'prev_value': 548, 'change': 1}
2025-11-07 15:45:12,084 : INFO : SwitchController : <<<<<<< 's_trough' inactive >>>>>>>
2025-11-07 15:45:12,131 : INFO : SwitchController : <<<<<<< 's_trough' active >>>>>>>
2025-11-07 15:45:12,131 : INFO : EventManager : Event: ======'machine_var_audits_switches_s_trough'====== Args={'value': 550, 'prev_value': 549, 'change': 1}
2025-11-07 15:45:12,425 : INFO : EventManager : Event: ======'blink_off'====== Args={'priority': 0}
2025-11-07 15:45:12,426 : INFO : EventManager : Unordered handler for class <Auditor> on event game_ended with priority 1. Handlers: [RegisteredHandler(callback=<bound method Auditor.disable of <Auditor>>, priority=1, kwargs={}, key=UUID('a820f0f1-b635-4116-89dd-93d85453211d'), condition=None, blocking_facility=None), RegisteredHandler(callback=<bound method Auditor._save_audits of <Auditor>>, priority=1, kwargs={}, key=UUID('471f46ca-1cb2-4fbb-ad13-a6beaf569af4'), condition=None, blocking_facility=None)]. The order of those handlers is not defined and they will be executed in random order. This might lead to race conditions and potential bugs.
2025-11-07 15:45:12,641 : INFO : EventManager : Event: ======'balldevice_bd_trough_ball_count_changed'====== Args={'balls': 1}
2025-11-07 15:45:12,641 : INFO : ball_device.bd_trough : Received unexpected ball
2025-11-07 15:45:12,641 : INFO : EventManager : Event: ======'balldevice_captured_from_playfield'====== Args={'balls': 1}
2025-11-07 15:45:12,642 : INFO : EventManager : Event: ======'sw_playfield_active'====== Args={'balls': 1}
2025-11-07 15:45:12,642 : INFO : EventManager : Event: ======'playfield_ball_count_change'====== Args={'balls': 0, 'change': -1}
2025-11-07 15:45:12,642 : INFO : EventManager : Event: ======'balldevice_bd_trough_ball_enter'====== Args={'new_balls': 1, 'unclaimed_balls': 1, 'new_available_balls': 1, 'device': <ball_device.bd_trough>}
2025-11-07 15:45:12,642 : INFO : EventManager : Event: ======'ball_drain'====== Args={'device': <ball_device.bd_trough>, 'balls': 1}
2025-11-07 15:45:12,643 : INFO : EventManager : Event: ======'ball_will_end'====== Args={}
2025-11-07 15:45:12,643 : INFO : EventManager : Event: ======'balldevice_balls_available'====== Args={}
2025-11-07 15:45:12,643 : INFO : EventManager : Event: ======'balldevice_bd_trough_ball_entered'====== Args={'new_balls': 1, 'device': <ball_device.bd_trough>}
2025-11-07 15:45:12,644 : INFO : EventManager : Event: ======'ball_ending'====== Args={}
2025-11-07 15:45:12,644 : INFO : EventManager : Event: ======'mode_base_will_stop'====== Args={}
2025-11-07 15:45:12,644 : INFO : EventManager : Event: ======'mode_base_stopping'====== Args={}
2025-11-07 15:45:12,646 : INFO : EventManager : Event: ======'godot_stop_base'====== Args={'priority': 0}
2025-11-07 15:45:12,646 : INFO : Mode.base : Stopped.
2025-11-07 15:45:12,646 : INFO : EventManager : Event: ======'modes_active_modes_changed'====== Args={}
2025-11-07 15:45:12,646 : INFO : EventManager : Event: ======'mode_base_stopped'====== Args={}
2025-11-07 15:45:12,646 : INFO : EventManager : Event: ======'clear'====== Args={'key': 'base'}
2025-11-07 15:45:12,658 : INFO : EventManager : Event: ======'ball_ended'====== Args={}
2025-11-07 15:45:12,658 : INFO : EventManager : Event: ======'player_turn_will_end'====== Args={'player': <Player 1>, 'number': 1}
2025-11-07 15:45:12,663 : INFO : EventManager : Event: ======'player_turn_ending'====== Args={'player': <Player 1>, 'number': 1}
2025-11-07 15:45:12,663 : INFO : EventManager : Event: ======'player_turn_ended'====== Args={'player': <Player 1>, 'number': 1}
2025-11-07 15:45:12,664 : INFO : EventManager : Event: ======'player_turn_will_start'====== Args={'player': <Player 1>, 'number': 1}
2025-11-07 15:45:12,664 : INFO : EventManager : Event: ======'player_turn_starting'====== Args={'player': <Player 1>, 'number': 1}
2025-11-07 15:45:12,664 : INFO : EventManager : Event: ======'player_ball'====== Args={'value': 2, 'prev_value': 1, 'change': 1, 'player_num': 1}
2025-11-07 15:45:12,665 : INFO : EventManager : Event: ======'player_turn_started'====== Args={'player': <Player 1>, 'number': 1}
2025-11-07 15:45:12,665 : INFO : EventManager : Event: ======'ball_will_start'====== Args={'player': 1, 'ball': 2, 'balls_remaining': 1, 'is_extra_ball': False}
2025-11-07 15:45:12,670 : INFO : EventManager : Event: ======'ball_starting'====== Args={'player': 1, 'ball': 2, 'balls_remaining': 1, 'is_extra_ball': False}
2025-11-07 15:45:12,670 : INFO : EventManager : Event: ======'mode_base_will_start'====== Args={'queue': <QueuedEvent>, 'player': 1, 'ball': 2, 'balls_remaining': 1, 'is_extra_ball': False}
2025-11-07 15:45:12,670 : INFO : EventManager : Unordered handler for class <Auditor> on event game_ended with priority 1. Handlers: [RegisteredHandler(callback=<bound method Auditor.disable of <Auditor>>, priority=1, kwargs={}, key=UUID('a820f0f1-b635-4116-89dd-93d85453211d'), condition=None, blocking_facility=None), RegisteredHandler(callback=<bound method Auditor._save_audits of <Auditor>>, priority=1, kwargs={}, key=UUID('471f46ca-1cb2-4fbb-ad13-a6beaf569af4'), condition=None, blocking_facility=None)]. The order of those handlers is not defined and they will be executed in random order. This might lead to race conditions and potential bugs.
2025-11-07 15:45:12,671 : INFO : EventManager : Unordered handler for class <Auditor> on event game_ended with priority 1. Handlers: [RegisteredHandler(callback=<bound method Auditor.disable of <Auditor>>, priority=1, kwargs={}, key=UUID('a820f0f1-b635-4116-89dd-93d85453211d'), condition=None, blocking_facility=None), RegisteredHandler(callback=<bound method Auditor._save_audits of <Auditor>>, priority=1, kwargs={}, key=UUID('471f46ca-1cb2-4fbb-ad13-a6beaf569af4'), condition=None, blocking_facility=None)]. The order of those handlers is not defined and they will be executed in random order. This might lead to race conditions and potential bugs.
2025-11-07 15:45:12,675 : INFO : EventManager : Event: ======'mode_base_starting'====== Args={'queue': <QueuedEvent>, 'player': 1, 'ball': 2, 'balls_remaining': 1, 'is_extra_ball': False}
2025-11-07 15:45:12,675 : INFO : drop_target_bank.right_bank : All targets are already up. Will not reset bank.
2025-11-07 15:45:12,675 : INFO : drop_target_bank.left_bank : All targets are already up. Will not reset bank.
2025-11-07 15:45:12,675 : INFO : EventManager : Event: ======'balls_in_play'====== Args={'balls': 1}
2025-11-07 15:45:12,675 : INFO : EventManager : Event: ======'ball_started'====== Args={'player': 1, 'ball': 2, 'balls_remaining': 1, 'is_extra_ball': False}
2025-11-07 15:45:12,675 : INFO : EventManager : Event: ======'logicblock_eg_pop_counter_updated'====== Args={'value': 0, 'enabled': True}
2025-11-07 15:45:12,675 : INFO : EventManager : Event: ======'logicblock_eg_pop_counter_updated'====== Args={'value': 0, 'enabled': True}
2025-11-07 15:45:12,675 : INFO : Mode.base : Started. Priority: 50
2025-11-07 15:45:12,675 : INFO : EventManager : Event: ======'modes_active_modes_changed'====== Args={}
2025-11-07 15:45:12,675 : INFO : EventManager : Event: ======'mode_base_started'====== Args={'queue': <QueuedEvent>, 'player': 1, 'ball': 2, 'balls_remaining': 1, 'is_extra_ball': False}
2025-11-07 15:45:12,675 : INFO : EventManager : Event: ======'mode_music_ball_2plus_will_start'====== Args={'player': 1, 'ball': 2, 'balls_remaining': 1, 'is_extra_ball': False}
2025-11-07 15:45:12,676 : INFO : EventManager : Unordered handler for class <Auditor> on event game_ended with priority 1. Handlers: [RegisteredHandler(callback=<bound method Auditor.disable of <Auditor>>, priority=1, kwargs={}, key=UUID('a820f0f1-b635-4116-89dd-93d85453211d'), condition=None, blocking_facility=None), RegisteredHandler(callback=<bound method Auditor._save_audits of <Auditor>>, priority=1, kwargs={}, key=UUID('471f46ca-1cb2-4fbb-ad13-a6beaf569af4'), condition=None, blocking_facility=None)]. The order of those handlers is not defined and they will be executed in random order. This might lead to race conditions and potential bugs.
2025-11-07 15:45:12,676 : INFO : EventManager : Event: ======'mode_music_ball_2plus_starting'====== Args={'player': 1, 'ball': 2, 'balls_remaining': 1, 'is_extra_ball': False}
2025-11-07 15:45:12,676 : INFO : EventManager : Event: ======'logicblock_eg_pop_counter_updated'====== Args={'value': 0, 'enabled': True}
2025-11-07 15:45:12,676 : INFO : EventManager : Event: ======'start_subsequent_loop'====== Args={'priority': 0}
2025-11-07 15:45:12,677 : INFO : EventManager : Unordered handler for class <Auditor> on event game_ended with priority 1. Handlers: [RegisteredHandler(callback=<bound method Auditor.disable of <Auditor>>, priority=1, kwargs={}, key=UUID('a820f0f1-b635-4116-89dd-93d85453211d'), condition=None, blocking_facility=None), RegisteredHandler(callback=<bound method Auditor._save_audits of <Auditor>>, priority=1, kwargs={}, key=UUID('471f46ca-1cb2-4fbb-ad13-a6beaf569af4'), condition=None, blocking_facility=None)]. The order of those handlers is not defined and they will be executed in random order. This might lead to race conditions and potential bugs.
2025-11-07 15:45:12,678 : INFO : EventManager : Event: ======'stop_mode_attract'====== Args={'priority': 0}
2025-11-07 15:45:12,678 : INFO : EventManager : Event: ======'mode_attract_will_stop'====== Args={'priority': 0}
2025-11-07 15:45:12,678 : INFO : EventManager : Event: ======'godot_attract_off'====== Args={'priority': 0}
2025-11-07 15:45:12,678 : INFO : EventManager : Event: ======'godot_play_base'====== Args={'priority': 0}
2025-11-07 15:45:12,678 : INFO : EventManager : Event: ======'start_subsequent_loop'====== Args={'priority': 0}
2025-11-07 15:45:12,678 : INFO : Mode.music_ball_2plus : Started. Priority: 60
2025-11-07 15:45:12,678 : INFO : EventManager : Event: ======'modes_active_modes_changed'====== Args={}
2025-11-07 15:45:12,678 : INFO : EventManager : Event: ======'mode_music_ball_2plus_started'====== Args={'player': 1, 'ball': 2, 'balls_remaining': 1, 'is_extra_ball': False}
2025-11-07 15:45:12,680 : INFO : EventManager : Event: ======'single_player_ball_started'====== Args={}
2025-11-07 15:45:12,696 : INFO : EventManager : Event: ======'ball_start_target'====== Args={'target': 'playfield'}
2025-11-07 15:45:12,696 : INFO : EventManager : Event: ======'slide_base_created'====== Args={'_from_bcp': True}
2025-11-07 15:45:12,698 : INFO : EventManager : Event: ======'slide_base_inactive'====== Args={'is_removing': True, '_from_bcp': True}
2025-11-07 15:45:12,698 : INFO : EventManager : Event: ======'slide_base_active'====== Args={'original_context': 'base', 'original_calling_context': 'mode_base_started', 'priority': 50.0, 'queue': '<QueuedEvent>', 'player': 1.0, 'ball': 2.0, 'balls_remaining': 1.0, 'is_extra_ball': False, 'cmd': 'slides_play', '_from_bcp': True}
2025-11-07 15:45:12,698 : INFO : EventManager : Event: ======'slide_base_removed'====== Args={'_from_bcp': True}
2025-11-07 15:45:12,698 : INFO : ball_device.bd_trough : Setting up player-controlled eject. Balls: 1, Target: <playfield.playfield>, player_controlled_eject_event: None
2025-11-07 15:45:12,698 : INFO : ball_device.bd_trough : Adding 1 ball(s) to the eject_queue with target <playfield.playfield>.
2025-11-07 15:45:12,698 : INFO : EventManager : Event: ======'balldevice_balls_available'====== Args={}
2025-11-07 15:45:12,700 : INFO : ball_device.bd_trough : State: waiting_for_target_ready
2025-11-07 15:45:12,700 : INFO : EventManager : Event: ======'balldevice_bd_trough_ball_eject_attempt'====== Args={'balls': 1, 'target': <playfield.playfield>, 'source': <ball_device.bd_trough>, 'mechanical_eject': False, 'num_attempts': 0}
2025-11-07 15:45:12,701 : INFO : ball_device.bd_trough : State: ejecting
2025-11-07 15:45:12,701 : INFO : ball_device.bd_trough : Ejecting ball to <playfield.playfield>
2025-11-07 15:45:12,701 : INFO : EventManager : Event: ======'balldevice_bd_trough_ejecting_ball'====== Args={'balls': 1, 'target': <playfield.playfield>, 'source': <ball_device.bd_trough>, 'mechanical_eject': False, 'num_attempts': 0}
2025-11-07 15:45:12,701 : INFO : ball_device.bd_trough : Wait for ball to leave device
2025-11-07 15:45:12,701 : INFO : coil.c_trough_eject : Pulsing Driver for 40ms (1.0 pulse_power)
2025-11-07 15:45:12,750 : INFO : SwitchController : <<<<<<< 's_trough' inactive >>>>>>>
2025-11-07 15:45:12,757 : INFO : SwitchController : <<<<<<< 's_trough' active >>>>>>>
2025-11-07 15:45:12,757 : INFO : EventManager : Event: ======'machine_var_audits_switches_s_trough'====== Args={'value': 551, 'prev_value': 550, 'change': 1}
2025-11-07 15:45:12,765 : INFO : ball_device.bd_trough : State: ball_left
2025-11-07 15:45:12,765 : INFO : ball_device.bd_trough : Ball left
2025-11-07 15:45:12,765 : INFO : ball_device.bd_trough : Wait for confirm with timeout 10.0
2025-11-07 15:45:12,766 : INFO : SwitchController : <<<<<<< 's_trough' inactive >>>>>>>
2025-11-07 15:45:13,045 : INFO : EventManager : Event: ======'blink_on'====== Args={'priority': 0}
2025-11-07 15:45:13,635 : INFO : EventManager : Event: ======'blink_off'====== Args={'priority': 0}
2025-11-07 15:45:13,636 : INFO : EventManager : Unordered handler for class <Auditor> on event game_ended with priority 1. Handlers: [RegisteredHandler(callback=<bound method Auditor.disable of <Auditor>>, priority=1, kwargs={}, key=UUID('a820f0f1-b635-4116-89dd-93d85453211d'), condition=None, blocking_facility=None), RegisteredHandler(callback=<bound method Auditor._save_audits of <Auditor>>, priority=1, kwargs={}, key=UUID('471f46ca-1cb2-4fbb-ad13-a6beaf569af4'), condition=None, blocking_facility=None)]. The order of those handlers is not defined and they will be executed in random order. This might lead to race conditions and potential bugs.
2025-11-07 15:45:14,251 : INFO : EventManager : Event: ======'blink_on'====== Args={'priority': 0}
2025-11-07 15:45:14,842 : INFO : EventManager : Event: ======'blink_off'====== Args={'priority': 0}
2025-11-07 15:45:14,842 : INFO : EventManager : Unordered handler for class <Auditor> on event game_ended with priority 1. Handlers: [RegisteredHandler(callback=<bound method Auditor.disable of <Auditor>>, priority=1, kwargs={}, key=UUID('a820f0f1-b635-4116-89dd-93d85453211d'), condition=None, blocking_facility=None), RegisteredHandler(callback=<bound method Auditor._save_audits of <Auditor>>, priority=1, kwargs={}, key=UUID('471f46ca-1cb2-4fbb-ad13-a6beaf569af4'), condition=None, blocking_facility=None)]. The order of those handlers is not defined and they will be executed in random order. This might lead to race conditions and potential bugs.
2025-11-07 15:45:15,434 : INFO : EventManager : Event: ======'blink_on'====== Args={'priority': 0}
2025-11-07 15:45:16,041 : INFO : EventManager : Event: ======'blink_off'====== Args={'priority': 0}
2025-11-07 15:45:16,041 : INFO : EventManager : Unordered handler for class <Auditor> on event game_ended with priority 1. Handlers: [RegisteredHandler(callback=<bound method Auditor.disable of <Auditor>>, priority=1, kwargs={}, key=UUID('a820f0f1-b635-4116-89dd-93d85453211d'), condition=None, blocking_facility=None), RegisteredHandler(callback=<bound method Auditor._save_audits of <Auditor>>, priority=1, kwargs={}, key=UUID('471f46ca-1cb2-4fbb-ad13-a6beaf569af4'), condition=None, blocking_facility=None)]. The order of those handlers is not defined and they will be executed in random order. This might lead to race conditions and potential bugs.
2025-11-07 15:45:16,632 : INFO : EventManager : Event: ======'blink_on'====== Args={'priority': 0}
2025-11-07 15:45:17,240 : INFO : EventManager : Event: ======'blink_off'====== Args={'priority': 0}
2025-11-07 15:45:17,240 : INFO : EventManager : Unordered handler for class <Auditor> on event game_ended with priority 1. Handlers: [RegisteredHandler(callback=<bound method Auditor.disable of <Auditor>>, priority=1, kwargs={}, key=UUID('a820f0f1-b635-4116-89dd-93d85453211d'), condition=None, blocking_facility=None), RegisteredHandler(callback=<bound method Auditor._save_audits of <Auditor>>, priority=1, kwargs={}, key=UUID('471f46ca-1cb2-4fbb-ad13-a6beaf569af4'), condition=None, blocking_facility=None)]. The order of those handlers is not defined and they will be executed in random order. This might lead to race conditions and potential bugs.
2025-11-07 15:45:17,844 : INFO : EventManager : Event: ======'blink_on'====== Args={'priority': 0}
2025-11-07 15:45:18,331 : INFO : Machine : Shutting down...
2025-11-07 15:45:18,331 : INFO : EventManager : Event: ======'shutdown'====== Args={}
2025-11-07 15:45:18,333 : INFO : EventManager : Event: ======'mode_game_will_stop'====== Args={}
2025-11-07 15:45:18,333 : INFO : EventManager : Event: ======'mode_game_stopping'====== Args={}
2025-11-07 15:45:18,336 : INFO : EventManager : Event: ======'mode_base_will_stop'====== Args={}
2025-11-07 15:45:18,336 : INFO : EventManager : Event: ======'mode_base_stopping'====== Args={}
2025-11-07 15:45:18,336 : INFO : EventManager : Event: ======'mode_music_ball_2plus_will_stop'====== Args={}
2025-11-07 15:45:18,336 : INFO : EventManager : Event: ======'mode_music_ball_2plus_stopping'====== Args={}
2025-11-07 15:45:18,337 : INFO : EventManager : Event: ======'godot_stop_base'====== Args={'priority': 0}
2025-11-07 15:45:18,337 : INFO : Mode.music_ball_2plus : Stopped.
2025-11-07 15:45:18,337 : INFO : EventManager : Event: ======'modes_active_modes_changed'====== Args={}
2025-11-07 15:45:18,337 : INFO : EventManager : Event: ======'mode_music_ball_2plus_stopped'====== Args={}
2025-11-07 15:45:18,337 : INFO : EventManager : Event: ======'clear'====== Args={'key': 'music_ball_2plus'}
2025-11-07 15:45:18,337 : INFO : Mode.base : Stopped.
2025-11-07 15:45:18,337 : INFO : EventManager : Event: ======'modes_active_modes_changed'====== Args={}
2025-11-07 15:45:18,338 : INFO : EventManager : Event: ======'mode_base_stopped'====== Args={}
2025-11-07 15:45:18,338 : INFO : EventManager : Event: ======'clear'====== Args={'key': 'base'}
2025-11-07 15:45:18,338 : INFO : Mode.game : Stopped.
2025-11-07 15:45:18,338 : INFO : EventManager : Event: ======'modes_active_modes_changed'====== Args={}
2025-11-07 15:45:18,339 : INFO : EventManager : Event: ======'mode_game_stopped'====== Args={}
2025-11-07 15:45:18,339 : INFO : EventManager : Event: ======'clear'====== Args={'key': 'game'}
2025-11-07 15:45:18,434 : INFO : EventManager : Event: ======'blink_off'====== Args={'priority': 0}
2025-11-07 15:45:18,435 : INFO : root : MPF run loop ended.
