2025-10-31 14:11:54,807 : INFO : root : Loading config.
2025-10-31 14:11:54,816 : INFO : YamlMultifileConfigLoader : Machine config file #1: config.yaml
2025-10-31 14:11:54,817 : WARNING : ConfigProcessor : Config file in cache changed: C:\Users\antho\nightpin\config\config.yaml
2025-10-31 14:11:54,817 : INFO : ConfigProcessor : Loading config from file C:\Users\antho\mpf\Lib\site-packages\mpf\mpfconfig.yaml.
2025-10-31 14:11:54,837 : INFO : ConfigProcessor : Loading config: C:\Users\antho\mpf\Lib\site-packages\mpf\mpfconfig.yaml
2025-10-31 14:11:54,838 : INFO : ConfigProcessor : Loading config from file C:\Users\antho\nightpin\config\config.yaml.
2025-10-31 14:11:54,851 : INFO : ConfigProcessor : Loading config: C:\Users\antho\nightpin\config\config.yaml
2025-10-31 14:11:54,851 : ERROR : ConfigProcessor : Config section 'sound_system' is removed in MPF 0.80 and will be ignored.
2025-10-31 14:11:54,853 : INFO : ConfigProcessor : Loading config: C:\Users\antho\nightpin\config\config_ball_devices.yaml
2025-10-31 14:11:54,856 : INFO : ConfigProcessor : Loading config: C:\Users\antho\nightpin\config\config_coils.yaml
2025-10-31 14:11:54,861 : INFO : ConfigProcessor : Loading config: C:\Users\antho\nightpin\config\config_switches.yaml
2025-10-31 14:11:54,865 : INFO : ConfigProcessor : Loading config: C:\Users\antho\nightpin\config\config_lights.yaml
2025-10-31 14:11:54,871 : INFO : ConfigProcessor : Loading config: C:\Users\antho\nightpin\config\config_sounds.yaml
2025-10-31 14:11:54,871 : ERROR : ConfigProcessor : Config section 'sounds' is removed in MPF 0.80 and will be ignored.
2025-10-31 14:11:54,875 : INFO : ConfigProcessor : Config file cache created: C:\Users\antho\AppData\Local\Temp\fdca14d0c9d658ab8200d57120800af5.mpf_cache
2025-10-31 14:11:55,046 : WARNING : ConfigProcessor : Config file in cache changed: C:\Users\antho\nightpin\modes\attract\config\attract.yaml
2025-10-31 14:11:55,046 : INFO : ConfigProcessor : Loading config from file C:\Users\antho\mpf\Lib\site-packages\mpf\modes\attract\config\attract.yaml.
2025-10-31 14:11:55,048 : INFO : ConfigProcessor : Loading config: C:\Users\antho\mpf\Lib\site-packages\mpf\modes\attract\config\attract.yaml
2025-10-31 14:11:55,048 : INFO : ConfigProcessor : Loading config from file C:\Users\antho\nightpin\modes\attract\config\attract.yaml.
2025-10-31 14:11:55,053 : INFO : ConfigProcessor : Loading config: C:\Users\antho\nightpin\modes\attract\config\attract.yaml
2025-10-31 14:11:55,053 : INFO : ConfigProcessor : Config file cache created: C:\Users\antho\AppData\Local\Temp\5dec96b1547c4adf5bdd3d1715e74bc0.mpf_cache
2025-10-31 14:11:55,054 : INFO : ConfigProcessor : Loading config from cache: C:\Users\antho\AppData\Local\Temp\202a5840610e95051f9f473dfa660cc0.mpf_cache
2025-10-31 14:11:55,055 : INFO : ConfigProcessor : Loading config from cache: C:\Users\antho\AppData\Local\Temp\5dec96b1547c4adf5bdd3d1715e74bc0.mpf_cache
2025-10-31 14:11:55,057 : WARNING : ConfigProcessor : Config file in cache changed: C:\Users\antho\nightpin\modes\base\config\base.yaml
2025-10-31 14:11:55,057 : INFO : ConfigProcessor : Loading config from file C:\Users\antho\nightpin\modes\base\config\base.yaml.
2025-10-31 14:11:55,080 : INFO : ConfigProcessor : Loading config: C:\Users\antho\nightpin\modes\base\config\base.yaml
2025-10-31 14:11:55,080 : ERROR : ConfigProcessor : Config section 'slides' is removed in MPF 0.80 and will be ignored.
2025-10-31 14:11:55,081 : INFO : ConfigProcessor : Config file cache created: C:\Users\antho\AppData\Local\Temp\2cd13a2d3f375e00ab01d6d09a85d8e7.mpf_cache
2025-10-31 14:11:55,082 : INFO : ConfigProcessor : Loading config from cache: C:\Users\antho\AppData\Local\Temp\9220b44b97b91972524500b81035d790.mpf_cache
2025-10-31 14:11:55,083 : INFO : ConfigProcessor : Loading config from cache: C:\Users\antho\AppData\Local\Temp\31ee881584fa6fce665a672a4f3f633a.mpf_cache
2025-10-31 14:11:55,084 : INFO : ConfigProcessor : Loading config from cache: C:\Users\antho\AppData\Local\Temp\5e841763ec73085bbf92358fe6afda21.mpf_cache
2025-10-31 14:11:55,085 : INFO : ConfigProcessor : Loading config from cache: C:\Users\antho\AppData\Local\Temp\7f73d12aa9beccac1cbd8c265ccda72e.mpf_cache
2025-10-31 14:11:55,085 : INFO : ConfigProcessor : Loading config from cache: C:\Users\antho\AppData\Local\Temp\a03ebaa9d6d5676c418deb142cb34911.mpf_cache
2025-10-31 14:11:55,086 : INFO : ConfigProcessor : Loading config from cache: C:\Users\antho\AppData\Local\Temp\b17152efa55a24f0424602723f8d3921.mpf_cache
2025-10-31 14:11:55,086 : INFO : ConfigProcessor : Loading config from cache: C:\Users\antho\AppData\Local\Temp\e87fc0e7d2f8a851b5fa3f604e0d0c6e.mpf_cache
2025-10-31 14:11:55,087 : INFO : ConfigProcessor : Loading config from cache: C:\Users\antho\AppData\Local\Temp\196ac76b6cab3a9880804c826cfbcb5c.mpf_cache
2025-10-31 14:11:55,087 : INFO : ConfigProcessor : Loading config from cache: C:\Users\antho\AppData\Local\Temp\55437eb303afaa980597ff60f339a871.mpf_cache
2025-10-31 14:11:55,089 : INFO : ConfigProcessor : Loading config from cache: C:\Users\antho\AppData\Local\Temp\fddc1006228d3387e6d1e46051a3638d.mpf_cache
2025-10-31 14:11:55,089 : INFO : ConfigProcessor : Loading config from cache: C:\Users\antho\AppData\Local\Temp\834292dd7853e12a66732dc89828c828.mpf_cache
2025-10-31 14:11:55,089 : INFO : ConfigProcessor : Loading config from cache: C:\Users\antho\AppData\Local\Temp\46f8fa3e41dfeeb8232af2f03a13b6c4.mpf_cache
2025-10-31 14:11:55,090 : INFO : ConfigProcessor : Loading config from cache: C:\Users\antho\AppData\Local\Temp\c67e9c175da6c060302945929b27b878.mpf_cache
2025-10-31 14:11:55,091 : INFO : Machine : Mission Pinball Framework Core Engine v0.80.0.dev11
2025-10-31 14:11:55,091 : INFO : Machine : Command line arguments: {'no_load_cache': False, 'create_config_cache': True, 'bcp': True, 'configfile': ['config.yaml'], 'force_assets_load': False, 'platform_integration_test': False, 'jsonlogging': False, 'logfile': 'logs\\2025-10-31-14-11-54-mpf-LAPTOP-MPGP6R69.log', 'pause': False, 'production': False, 'text_ui': True, 'loglevel': 15, 'consoleloglevel': 20, 'force_platform': None, 'syslog_address': None, 'full_logfile_path': 'C:\\Users\\antho\\nightpin\\logs\\2025-10-31-14-11-54-mpf-LAPTOP-MPGP6R69.log'}
2025-10-31 14:11:55,091 : INFO : Machine : MPF path: C:\Users\antho\mpf\Lib\site-packages\mpf
2025-10-31 14:11:55,091 : INFO : Machine : Machine path: C:\Users\antho\nightpin
2025-10-31 14:11:55,091 : INFO : Machine : Platform: win32
2025-10-31 14:11:55,091 : INFO : Machine : Python executable location: C:\Users\antho\mpf\Scripts\python.exe
2025-10-31 14:11:55,091 : INFO : Machine : Python version: 3.12.7 (64-bit)
2025-10-31 14:11:55,095 : INFO : Machine : Initializing MPF...
2025-10-31 14:11:55,460 : INFO : lisy : Connecting to com3 at 115200bps
2025-10-31 14:11:55,461 : WARNING : lisy : Could not import terminos (this is ok on windows).
2025-10-31 14:11:55,622 : INFO : EventManager : Event: ======'machine_var_lisy_hardware'====== Args={'value': 'LISY35', 'prev_value': None, 'change': True}
2025-10-31 14:11:55,623 : INFO : EventManager : Event: ======'machine_var_lisy_version'====== Args={'value': '5.26 ', 'prev_value': None, 'change': True}
2025-10-31 14:11:55,623 : INFO : EventManager : Event: ======'machine_var_lisy_api_version'====== Args={'value': b'0.09', 'prev_value': None, 'change': True}
2025-10-31 14:11:56,945 : INFO : EventManager : Event: ======'machine_var_credits_string'====== Args={'value': 'FREE PLAY', 'prev_value': None, 'change': True}
2025-10-31 14:11:56,985 : INFO : EventManager : Event: ======'machine_var_master_volume'====== Args={'value': 0.5, 'prev_value': None, 'change': True}
2025-10-31 14:11:56,985 : INFO : EventManager : Event: ======'machine_var_player1_score'====== Args={'value': 2200, 'prev_value': None, 'change': True}
2025-10-31 14:11:56,985 : INFO : EventManager : Event: ======'machine_var_player2_score'====== Args={'value': 1200, 'prev_value': None, 'change': True}
2025-10-31 14:11:56,985 : INFO : EventManager : Event: ======'machine_var_mpf_version'====== Args={'value': 'Mission Pinball Framework v0.80.0.dev11', 'prev_value': None, 'change': True}
2025-10-31 14:11:56,985 : INFO : EventManager : Event: ======'machine_var_mpf_extended_version'====== Args={'value': 'Mission Pinball Framework v0.80.0.dev11, Config version:6, Show version: 6, BCP version:1.1', 'prev_value': None, 'change': True}
2025-10-31 14:11:56,986 : INFO : EventManager : Event: ======'machine_var_python_version'====== Args={'value': '3.12.7', 'prev_value': None, 'change': True}
2025-10-31 14:11:57,202 : INFO : EventManager : Event: ======'machine_var_platform'====== Args={'value': 'Windows-11-10.0.26100-SP0', 'prev_value': None, 'change': True}
2025-10-31 14:11:57,202 : INFO : EventManager : Event: ======'machine_var_platform_system'====== Args={'value': 'Windows', 'prev_value': None, 'change': True}
2025-10-31 14:11:57,202 : INFO : EventManager : Event: ======'machine_var_platform_release'====== Args={'value': '11', 'prev_value': None, 'change': True}
2025-10-31 14:11:57,202 : INFO : EventManager : Event: ======'machine_var_platform_version'====== Args={'value': '10.0.26100', 'prev_value': None, 'change': True}
2025-10-31 14:11:57,202 : INFO : EventManager : Event: ======'machine_var_platform_machine'====== Args={'value': 'AMD64', 'prev_value': None, 'change': True}
2025-10-31 14:11:57,202 : INFO : EventManager : Event: ======'machine_var_log_file_path'====== Args={'value': 'C:\\Users\\antho\\nightpin\\logs\\2025-10-31-14-11-54-mpf-LAPTOP-MPGP6R69.log', 'prev_value': None, 'change': True}
2025-10-31 14:11:57,202 : INFO : EventManager : Event: ======'init_phase_1'====== Args={}
2025-10-31 14:11:57,252 : INFO : EventManager : Event: ======'drop_target_bank_right_bank_up'====== Args={}
2025-10-31 14:11:57,252 : INFO : EventManager : Event: ======'drop_target_bank_left_bank_up'====== Args={}
2025-10-31 14:11:57,322 : ERROR : asyncio : Exception in callback EventManager._queue_task_done(<Task finishe... Mode: None")>)
handle: <Handle EventManager._queue_task_done(<Task finishe... Mode: None")>)>
Traceback (most recent call last):
  File "C:\Users\antho\AppData\Local\Programs\Python\Python312\Lib\asyncio\events.py", line 88, in _run
    self._context.run(self._callback, *self._args)
  File "C:\Users\antho\mpf\Lib\site-packages\mpf\core\events.py", line 795, in _queue_task_done
    future.result()
  File "C:\Users\antho\mpf\Lib\site-packages\mpf\core\events.py", line 708, in _run_handlers_sequential
    handler.callback(queue=queue, **merged_kwargs)
  File "C:\Users\antho\mpf\Lib\site-packages\mpf\core\config_player.py", line 93, in _initialize_system_wide
    self._global_keys = self.register_player_events(self.machine.config[self.config_file_section])
                        ^^^^^^^^^^^^^^^^^^^^^^^^^^^^^^^^^^^^^^^^^^^^^^^^^^^^^^^^^^^^^^^^^^^^^^^^^^
  File "C:\Users\antho\mpf\Lib\site-packages\mpf\core\config_player.py", line 292, in register_player_events
    raise ConfigFileError("Section not valid outside of game modes. {} {}:{} Mode: {}".format(
mpf.exceptions.config_file_error.ConfigFileError: Config File Error in random_event_player: Section not valid outside of game modes. ConfigPlayer.random_event_player/random_events s_outer_skill_lanes_active:{'events': ['play_herehecomesnowimgettingoutofhere', 'play_heyyourestillafraid', 'play_lookherecomesoneofthemnow', 'play_theyrecomingforyou', 'play_theyrecomingforyoubarbra', 'play_theyrecomingtogetyoubarbra'], 'priority': 0, 'fallback_event': None, 'force_different': True, 'force_all': True, 'disable_random': False, 'scope': 'player'} Mode: None Error Code: CFE-random_event_player-1 (https://missionpinball.org/logs)
2025-10-31 14:11:57,325 : INFO : Machine : Starting the main run loop with active modes: []
2025-10-31 14:11:57,325 : WARNING : Machine : Attract mode is not active, game will not be playable. Please check your attract mode configuration.
2025-10-31 14:11:57,326 : INFO : Machine : Shutting down...
2025-10-31 14:11:57,326 : INFO : EventManager : Event: ======'shutdown'====== Args={}
2025-10-31 14:11:58,472 : ERROR : Machine : Runtime Exception
Traceback (most recent call last):
  File "C:\Users\antho\mpf\Lib\site-packages\mpf\core\machine.py", line 810, in _run_loop
    raise self._exception['exception']
  File "C:\Users\antho\AppData\Local\Programs\Python\Python312\Lib\asyncio\events.py", line 88, in _run
    self._context.run(self._callback, *self._args)
  File "C:\Users\antho\mpf\Lib\site-packages\mpf\core\events.py", line 795, in _queue_task_done
    future.result()
  File "C:\Users\antho\mpf\Lib\site-packages\mpf\core\events.py", line 708, in _run_handlers_sequential
    handler.callback(queue=queue, **merged_kwargs)
  File "C:\Users\antho\mpf\Lib\site-packages\mpf\core\config_player.py", line 93, in _initialize_system_wide
    self._global_keys = self.register_player_events(self.machine.config[self.config_file_section])
                        ^^^^^^^^^^^^^^^^^^^^^^^^^^^^^^^^^^^^^^^^^^^^^^^^^^^^^^^^^^^^^^^^^^^^^^^^^^
  File "C:\Users\antho\mpf\Lib\site-packages\mpf\core\config_player.py", line 292, in register_player_events
    raise ConfigFileError("Section not valid outside of game modes. {} {}:{} Mode: {}".format(
mpf.exceptions.config_file_error.ConfigFileError: Config File Error in random_event_player: Section not valid outside of game modes. ConfigPlayer.random_event_player/random_events s_outer_skill_lanes_active:{'events': ['play_herehecomesnowimgettingoutofhere', 'play_heyyourestillafraid', 'play_lookherecomesoneofthemnow', 'play_theyrecomingforyou', 'play_theyrecomingforyoubarbra', 'play_theyrecomingtogetyoubarbra'], 'priority': 0, 'fallback_event': None, 'force_different': True, 'force_all': True, 'disable_random': False, 'scope': 'player'} Mode: None Error Code: CFE-random_event_player-1 (https://missionpinball.org/logs)
2025-10-31 14:11:58,474 : INFO : root : MPF run loop ended.
