2025-11-08 12:12:09,387 : INFO : root : Loading config.
2025-11-08 12:12:09,393 : INFO : YamlMultifileConfigLoader : Machine config file #1: config.yaml
2025-11-08 12:12:09,393 : INFO : ConfigProcessor : Loading config from cache: C:\Users\antho\AppData\Local\Temp\fdca14d0c9d658ab8200d57120800af5.mpf_cache
2025-11-08 12:12:09,536 : INFO : ConfigProcessor : Loading config from cache: C:\Users\antho\AppData\Local\Temp\5dec96b1547c4adf5bdd3d1715e74bc0.mpf_cache
2025-11-08 12:12:09,537 : INFO : ConfigProcessor : Loading config from cache: C:\Users\antho\AppData\Local\Temp\202a5840610e95051f9f473dfa660cc0.mpf_cache
2025-11-08 12:12:09,537 : INFO : ConfigProcessor : Loading config from cache: C:\Users\antho\AppData\Local\Temp\5dec96b1547c4adf5bdd3d1715e74bc0.mpf_cache
2025-11-08 12:12:09,538 : INFO : ConfigProcessor : Loading config from cache: C:\Users\antho\AppData\Local\Temp\2cd13a2d3f375e00ab01d6d09a85d8e7.mpf_cache
2025-11-08 12:12:09,539 : INFO : ConfigProcessor : Loading config from cache: C:\Users\antho\AppData\Local\Temp\9220b44b97b91972524500b81035d790.mpf_cache
2025-11-08 12:12:09,540 : INFO : ConfigProcessor : Loading config from cache: C:\Users\antho\AppData\Local\Temp\a385d9a802bba3ed30fb86d9c804fa59.mpf_cache
2025-11-08 12:12:09,540 : INFO : ConfigProcessor : Loading config from cache: C:\Users\antho\AppData\Local\Temp\31ee881584fa6fce665a672a4f3f633a.mpf_cache
2025-11-08 12:12:09,541 : INFO : ConfigProcessor : Loading config from cache: C:\Users\antho\AppData\Local\Temp\5e841763ec73085bbf92358fe6afda21.mpf_cache
2025-11-08 12:12:09,542 : INFO : ConfigProcessor : Loading config from cache: C:\Users\antho\AppData\Local\Temp\7f73d12aa9beccac1cbd8c265ccda72e.mpf_cache
2025-11-08 12:12:09,542 : INFO : ConfigProcessor : Loading config from cache: C:\Users\antho\AppData\Local\Temp\a03ebaa9d6d5676c418deb142cb34911.mpf_cache
2025-11-08 12:12:09,543 : INFO : ConfigProcessor : Loading config from cache: C:\Users\antho\AppData\Local\Temp\b17152efa55a24f0424602723f8d3921.mpf_cache
2025-11-08 12:12:09,543 : INFO : ConfigProcessor : Loading config from cache: C:\Users\antho\AppData\Local\Temp\e87fc0e7d2f8a851b5fa3f604e0d0c6e.mpf_cache
2025-11-08 12:12:09,544 : INFO : ConfigProcessor : Loading config from cache: C:\Users\antho\AppData\Local\Temp\196ac76b6cab3a9880804c826cfbcb5c.mpf_cache
2025-11-08 12:12:09,544 : INFO : ConfigProcessor : Loading config from cache: C:\Users\antho\AppData\Local\Temp\55437eb303afaa980597ff60f339a871.mpf_cache
2025-11-08 12:12:09,544 : INFO : ConfigProcessor : Loading config from cache: C:\Users\antho\AppData\Local\Temp\fddc1006228d3387e6d1e46051a3638d.mpf_cache
2025-11-08 12:12:09,545 : INFO : ConfigProcessor : Loading config from cache: C:\Users\antho\AppData\Local\Temp\834292dd7853e12a66732dc89828c828.mpf_cache
2025-11-08 12:12:09,545 : INFO : ConfigProcessor : Loading config from cache: C:\Users\antho\AppData\Local\Temp\46f8fa3e41dfeeb8232af2f03a13b6c4.mpf_cache
2025-11-08 12:12:09,546 : INFO : ConfigProcessor : Loading config from cache: C:\Users\antho\AppData\Local\Temp\c67e9c175da6c060302945929b27b878.mpf_cache
2025-11-08 12:12:09,547 : INFO : Machine : Mission Pinball Framework Core Engine v0.80.0.dev11
2025-11-08 12:12:09,547 : INFO : Machine : Command line arguments: {'no_load_cache': False, 'create_config_cache': True, 'bcp': True, 'configfile': ['config.yaml'], 'force_assets_load': False, 'platform_integration_test': False, 'jsonlogging': False, 'logfile': 'logs\\2025-11-08-12-12-09-mpf-LAPTOP-MPGP6R69.log', 'pause': False, 'production': False, 'text_ui': True, 'loglevel': 15, 'consoleloglevel': 20, 'force_platform': None, 'syslog_address': None, 'full_logfile_path': 'C:\\Users\\antho\\nightpin\\logs\\2025-11-08-12-12-09-mpf-LAPTOP-MPGP6R69.log'}
2025-11-08 12:12:09,547 : INFO : Machine : MPF path: C:\Users\antho\mpf\Lib\site-packages\mpf
2025-11-08 12:12:09,547 : INFO : Machine : Machine path: C:\Users\antho\nightpin
2025-11-08 12:12:09,547 : INFO : Machine : Platform: win32
2025-11-08 12:12:09,547 : INFO : Machine : Python executable location: C:\Users\antho\mpf\Scripts\python.exe
2025-11-08 12:12:09,547 : INFO : Machine : Python version: 3.12.7 (64-bit)
2025-11-08 12:12:09,549 : INFO : Machine : Initializing MPF...
2025-11-08 12:12:09,815 : INFO : lisy : Connecting to com3 at 115200bps
2025-11-08 12:12:09,816 : WARNING : lisy : Could not import terminos (this is ok on windows).
2025-11-08 12:12:09,982 : INFO : EventManager : Event: ======'machine_var_lisy_hardware'====== Args={'value': 'LISY35', 'prev_value': None, 'change': True}
2025-11-08 12:12:09,982 : INFO : EventManager : Event: ======'machine_var_lisy_version'====== Args={'value': '5.26 ', 'prev_value': None, 'change': True}
2025-11-08 12:12:09,982 : INFO : EventManager : Event: ======'machine_var_lisy_api_version'====== Args={'value': b'0.09', 'prev_value': None, 'change': True}
2025-11-08 12:12:11,306 : INFO : EventManager : Event: ======'machine_var_credits_string'====== Args={'value': 'FREE PLAY', 'prev_value': None, 'change': True}
2025-11-08 12:12:11,337 : INFO : EventManager : Event: ======'machine_var_master_volume'====== Args={'value': 0.5, 'prev_value': None, 'change': True}
2025-11-08 12:12:11,337 : INFO : EventManager : Event: ======'machine_var_player1_score'====== Args={'value': 1000, 'prev_value': None, 'change': True}
2025-11-08 12:12:11,337 : INFO : EventManager : Event: ======'machine_var_player2_score'====== Args={'value': 500, 'prev_value': None, 'change': True}
2025-11-08 12:12:11,337 : INFO : EventManager : Event: ======'machine_var_mpf_version'====== Args={'value': 'Mission Pinball Framework v0.80.0.dev11', 'prev_value': None, 'change': True}
2025-11-08 12:12:11,337 : INFO : EventManager : Event: ======'machine_var_mpf_extended_version'====== Args={'value': 'Mission Pinball Framework v0.80.0.dev11, Config version:6, Show version: 6, BCP version:1.1', 'prev_value': None, 'change': True}
2025-11-08 12:12:11,337 : INFO : EventManager : Event: ======'machine_var_python_version'====== Args={'value': '3.12.7', 'prev_value': None, 'change': True}
2025-11-08 12:12:11,434 : INFO : EventManager : Event: ======'machine_var_platform'====== Args={'value': 'Windows-11-10.0.26100-SP0', 'prev_value': None, 'change': True}
2025-11-08 12:12:11,434 : INFO : EventManager : Event: ======'machine_var_platform_system'====== Args={'value': 'Windows', 'prev_value': None, 'change': True}
2025-11-08 12:12:11,434 : INFO : EventManager : Event: ======'machine_var_platform_release'====== Args={'value': '11', 'prev_value': None, 'change': True}
2025-11-08 12:12:11,434 : INFO : EventManager : Event: ======'machine_var_platform_version'====== Args={'value': '10.0.26100', 'prev_value': None, 'change': True}
2025-11-08 12:12:11,434 : INFO : EventManager : Event: ======'machine_var_platform_machine'====== Args={'value': 'AMD64', 'prev_value': None, 'change': True}
2025-11-08 12:12:11,434 : INFO : EventManager : Event: ======'machine_var_log_file_path'====== Args={'value': 'C:\\Users\\antho\\nightpin\\logs\\2025-11-08-12-12-09-mpf-LAPTOP-MPGP6R69.log', 'prev_value': None, 'change': True}
2025-11-08 12:12:11,435 : INFO : EventManager : Event: ======'init_phase_1'====== Args={}
2025-11-08 12:12:11,471 : INFO : EventManager : Event: ======'drop_target_bank_right_bank_up'====== Args={}
2025-11-08 12:12:11,471 : INFO : EventManager : Event: ======'drop_target_bank_left_bank_up'====== Args={}
2025-11-08 12:12:11,545 : INFO : EventManager : Event: ======'init_phase_2'====== Args={}
2025-11-08 12:12:11,546 : INFO : SwitchController : Found active switch: ('8', <mpf.platforms.lisy.lisy.LisyHardwarePlatform object at 0x0000011C172696D0>) <switch.s_trough>
2025-11-08 12:12:11,546 : INFO : SwitchController : Found active switch: ('15', <mpf.platforms.lisy.lisy.LisyHardwarePlatform object at 0x0000011C172696D0>) <switch.s_spinner>
2025-11-08 12:12:11,555 : INFO : EventManager : Event: ======'bcp_connection_attempt'====== Args={'name': 'local_display', 'host': 'localhost', 'port': 5050}
2025-11-08 12:12:11,557 : INFO : BCPClientSocket : Connecting BCP to 'local_display' at localhost:5050...
2025-11-08 12:12:11,575 : INFO : BCPClientSocket : Connected BCP to 'local_display' localhost:5050
2025-11-08 12:12:11,575 : INFO : EventManager : Event: ======'bcp_clients_connected'====== Args={}
2025-11-08 12:12:11,687 : INFO : ball_device.bd_trough : BCH: Initial count: 1
2025-11-08 12:12:11,725 : INFO : ball_device.bd_trough : State: idle
2025-11-08 12:12:11,726 : INFO : ball_device.bd_saucer : BCH: Initial count: 0
2025-11-08 12:12:11,726 : INFO : ball_device.bd_saucer : State: idle
2025-11-08 12:12:11,739 : INFO : EventManager : Event: ======'init_phase_3'====== Args={}
2025-11-08 12:12:11,747 : INFO : EventManager : Event: ======'init_phase_4'====== Args={}
2025-11-08 12:12:11,747 : INFO : BallController : Initial balls found: 1
2025-11-08 12:12:11,749 : INFO : EventManager : Event: ======'machine_var_audits_events_game_ended'====== Args={'value': 28, 'prev_value': None, 'change': True}
2025-11-08 12:12:11,749 : INFO : EventManager : Event: ======'machine_var_audits_events_game_started'====== Args={'value': 161, 'prev_value': None, 'change': True}
2025-11-08 12:12:11,749 : INFO : EventManager : Event: ======'machine_var_audits_missing_switches_s_coin_right'====== Args={'value': 20, 'prev_value': None, 'change': True}
2025-11-08 12:12:11,749 : INFO : EventManager : Event: ======'machine_var_audits_missing_switches_s_credit_button'====== Args={'value': 11, 'prev_value': None, 'change': True}
2025-11-08 12:12:11,749 : INFO : EventManager : Event: ======'machine_var_audits_missing_switches_s_inlanes'====== Args={'value': 12, 'prev_value': None, 'change': True}
2025-11-08 12:12:11,749 : INFO : EventManager : Event: ======'machine_var_audits_missing_switches_s_left_bank_target_left'====== Args={'value': 19, 'prev_value': None, 'change': True}
2025-11-08 12:12:11,749 : INFO : EventManager : Event: ======'machine_var_audits_missing_switches_s_left_bank_target_middle'====== Args={'value': 9, 'prev_value': None, 'change': True}
2025-11-08 12:12:11,749 : INFO : EventManager : Event: ======'machine_var_audits_missing_switches_s_left_bank_target_right'====== Args={'value': 19, 'prev_value': None, 'change': True}
2025-11-08 12:12:11,749 : INFO : EventManager : Event: ======'machine_var_audits_missing_switches_s_left_lower_bumper'====== Args={'value': 9, 'prev_value': None, 'change': True}
2025-11-08 12:12:11,750 : INFO : EventManager : Event: ======'machine_var_audits_missing_switches_s_left_outlane'====== Args={'value': 2, 'prev_value': None, 'change': True}
2025-11-08 12:12:11,750 : INFO : EventManager : Event: ======'machine_var_audits_missing_switches_s_left_outlane_rollover'====== Args={'value': 23, 'prev_value': None, 'change': True}
2025-11-08 12:12:11,750 : INFO : EventManager : Event: ======'machine_var_audits_missing_switches_s_left_pop_bumper'====== Args={'value': 12, 'prev_value': None, 'change': True}
2025-11-08 12:12:11,750 : INFO : EventManager : Event: ======'machine_var_audits_missing_switches_s_left_rollover'====== Args={'value': 12, 'prev_value': None, 'change': True}
2025-11-08 12:12:11,750 : INFO : EventManager : Event: ======'machine_var_audits_missing_switches_s_left_skill_lane'====== Args={'value': 7, 'prev_value': None, 'change': True}
2025-11-08 12:12:11,750 : INFO : EventManager : Event: ======'machine_var_audits_missing_switches_s_left_sling'====== Args={'value': 19, 'prev_value': None, 'change': True}
2025-11-08 12:12:11,750 : INFO : EventManager : Event: ======'machine_var_audits_missing_switches_s_left_upper_bumper'====== Args={'value': 9, 'prev_value': None, 'change': True}
2025-11-08 12:12:11,750 : INFO : EventManager : Event: ======'machine_var_audits_missing_switches_s_middle_pop_bumper'====== Args={'value': 19, 'prev_value': None, 'change': True}
2025-11-08 12:12:11,750 : INFO : EventManager : Event: ======'machine_var_audits_missing_switches_s_middle_rollover'====== Args={'value': 9, 'prev_value': None, 'change': True}
2025-11-08 12:12:11,751 : INFO : EventManager : Event: ======'machine_var_audits_missing_switches_s_middle_skill_lane'====== Args={'value': 7, 'prev_value': None, 'change': True}
2025-11-08 12:12:11,751 : INFO : EventManager : Event: ======'machine_var_audits_missing_switches_s_middle_upper_rollovers'====== Args={'value': 5, 'prev_value': None, 'change': True}
2025-11-08 12:12:11,751 : INFO : EventManager : Event: ======'machine_var_audits_missing_switches_s_outer_skill_lanes'====== Args={'value': 1, 'prev_value': None, 'change': True}
2025-11-08 12:12:11,751 : INFO : EventManager : Event: ======'machine_var_audits_missing_switches_s_right_bank_target_left'====== Args={'value': 2, 'prev_value': None, 'change': True}
2025-11-08 12:12:11,751 : INFO : EventManager : Event: ======'machine_var_audits_missing_switches_s_right_bank_target_middle'====== Args={'value': 9, 'prev_value': None, 'change': True}
2025-11-08 12:12:11,751 : INFO : EventManager : Event: ======'machine_var_audits_missing_switches_s_right_bank_target_right'====== Args={'value': 11, 'prev_value': None, 'change': True}
2025-11-08 12:12:11,751 : INFO : EventManager : Event: ======'machine_var_audits_missing_switches_s_right_outlane'====== Args={'value': 2, 'prev_value': None, 'change': True}
2025-11-08 12:12:11,751 : INFO : EventManager : Event: ======'machine_var_audits_missing_switches_s_right_outlane_rollover'====== Args={'value': 40, 'prev_value': None, 'change': True}
2025-11-08 12:12:11,751 : INFO : EventManager : Event: ======'machine_var_audits_missing_switches_s_right_pop_bumper'====== Args={'value': 12, 'prev_value': None, 'change': True}
2025-11-08 12:12:11,751 : INFO : EventManager : Event: ======'machine_var_audits_missing_switches_s_right_rollover'====== Args={'value': 76, 'prev_value': None, 'change': True}
2025-11-08 12:12:11,752 : INFO : EventManager : Event: ======'machine_var_audits_missing_switches_s_right_skill_lane'====== Args={'value': 12, 'prev_value': None, 'change': True}
2025-11-08 12:12:11,752 : INFO : EventManager : Event: ======'machine_var_audits_missing_switches_s_right_sling'====== Args={'value': 19, 'prev_value': None, 'change': True}
2025-11-08 12:12:11,752 : INFO : EventManager : Event: ======'machine_var_audits_missing_switches_s_rollover_upper'====== Args={'value': 9, 'prev_value': None, 'change': True}
2025-11-08 12:12:11,752 : INFO : EventManager : Event: ======'machine_var_audits_missing_switches_s_saucer'====== Args={'value': 9, 'prev_value': None, 'change': True}
2025-11-08 12:12:11,752 : INFO : EventManager : Event: ======'machine_var_audits_missing_switches_s_slam_tilt'====== Args={'value': 11, 'prev_value': None, 'change': True}
2025-11-08 12:12:11,752 : INFO : EventManager : Event: ======'machine_var_audits_missing_switches_s_spinner'====== Args={'value': 11, 'prev_value': None, 'change': True}
2025-11-08 12:12:11,752 : INFO : EventManager : Event: ======'machine_var_audits_missing_switches_s_stand_up'====== Args={'value': 12, 'prev_value': None, 'change': True}
2025-11-08 12:12:11,752 : INFO : EventManager : Event: ======'machine_var_audits_missing_switches_s_tilt'====== Args={'value': 12, 'prev_value': None, 'change': True}
2025-11-08 12:12:11,752 : INFO : EventManager : Event: ======'machine_var_audits_player_score'====== Args={'value': {'average': 1437, 'top': [7340, 5110, 5070, 4300, 4230, 3980, 3410, 2500, 2500, 2320], 'total': 42}, 'prev_value': None, 'change': True}
2025-11-08 12:12:11,752 : INFO : EventManager : Event: ======'machine_var_audits_shots_my_first_shot'====== Args={'value': 3, 'prev_value': None, 'change': True}
2025-11-08 12:12:11,752 : INFO : EventManager : Event: ======'machine_var_audits_shots_sh_eg_pop_left'====== Args={'value': 8, 'prev_value': None, 'change': True}
2025-11-08 12:12:11,753 : INFO : EventManager : Event: ======'machine_var_audits_shots_sh_eg_pop_middle'====== Args={'value': 8, 'prev_value': None, 'change': True}
2025-11-08 12:12:11,753 : INFO : EventManager : Event: ======'machine_var_audits_shots_sh_eg_pop_right'====== Args={'value': 13, 'prev_value': None, 'change': True}
2025-11-08 12:12:11,753 : INFO : EventManager : Event: ======'machine_var_audits_shots_sh_eg_right_drop_left'====== Args={'value': 4, 'prev_value': None, 'change': True}
2025-11-08 12:12:11,753 : INFO : EventManager : Event: ======'machine_var_audits_shots_sh_eg_right_drop_middle'====== Args={'value': 3, 'prev_value': None, 'change': True}
2025-11-08 12:12:11,753 : INFO : EventManager : Event: ======'machine_var_audits_shots_sh_eg_right_drop_right'====== Args={'value': 3, 'prev_value': None, 'change': True}
2025-11-08 12:12:11,753 : INFO : EventManager : Event: ======'machine_var_audits_shots_sh_eg_spinner'====== Args={'value': 2, 'prev_value': None, 'change': True}
2025-11-08 12:12:11,753 : INFO : EventManager : Event: ======'machine_var_audits_shots_sh_escape_graveyard_start'====== Args={'value': 13, 'prev_value': None, 'change': True}
2025-11-08 12:12:11,753 : INFO : EventManager : Event: ======'machine_var_audits_switches_s_coin_right'====== Args={'value': 2, 'prev_value': None, 'change': True}
2025-11-08 12:12:11,753 : INFO : EventManager : Event: ======'machine_var_audits_switches_s_credit_button'====== Args={'value': 7, 'prev_value': None, 'change': True}
2025-11-08 12:12:11,753 : INFO : EventManager : Event: ======'machine_var_audits_switches_s_inlanes'====== Args={'value': 159, 'prev_value': None, 'change': True}
2025-11-08 12:12:11,753 : INFO : EventManager : Event: ======'machine_var_audits_switches_s_left_bank_target_left'====== Args={'value': 42, 'prev_value': None, 'change': True}
2025-11-08 12:12:11,753 : INFO : EventManager : Event: ======'machine_var_audits_switches_s_left_bank_target_middle'====== Args={'value': 31, 'prev_value': None, 'change': True}
2025-11-08 12:12:11,753 : INFO : EventManager : Event: ======'machine_var_audits_switches_s_left_bank_target_right'====== Args={'value': 32, 'prev_value': None, 'change': True}
2025-11-08 12:12:11,753 : INFO : EventManager : Event: ======'machine_var_audits_switches_s_left_inlane'====== Args={'value': 12, 'prev_value': None, 'change': True}
2025-11-08 12:12:11,754 : INFO : EventManager : Event: ======'machine_var_audits_switches_s_left_lower_bumper'====== Args={'value': 45, 'prev_value': None, 'change': True}
2025-11-08 12:12:11,754 : INFO : EventManager : Event: ======'machine_var_audits_switches_s_left_outlane'====== Args={'value': 2, 'prev_value': None, 'change': True}
2025-11-08 12:12:11,754 : INFO : EventManager : Event: ======'machine_var_audits_switches_s_left_outlane_rollover'====== Args={'value': 23, 'prev_value': None, 'change': True}
2025-11-08 12:12:11,754 : INFO : EventManager : Event: ======'machine_var_audits_switches_s_left_pop_bumper'====== Args={'value': 150, 'prev_value': None, 'change': True}
2025-11-08 12:12:11,754 : INFO : EventManager : Event: ======'machine_var_audits_switches_s_left_rollover'====== Args={'value': 6, 'prev_value': None, 'change': True}
2025-11-08 12:12:11,754 : INFO : EventManager : Event: ======'machine_var_audits_switches_s_left_skill_lane'====== Args={'value': 22, 'prev_value': None, 'change': True}
2025-11-08 12:12:11,754 : INFO : EventManager : Event: ======'machine_var_audits_switches_s_left_sling'====== Args={'value': 122, 'prev_value': None, 'change': True}
2025-11-08 12:12:11,754 : INFO : EventManager : Event: ======'machine_var_audits_switches_s_left_upper_bumper'====== Args={'value': 53, 'prev_value': None, 'change': True}
2025-11-08 12:12:11,754 : INFO : EventManager : Event: ======'machine_var_audits_switches_s_middle_pop_bumper'====== Args={'value': 162, 'prev_value': None, 'change': True}
2025-11-08 12:12:11,754 : INFO : EventManager : Event: ======'machine_var_audits_switches_s_middle_rollover'====== Args={'value': 30, 'prev_value': None, 'change': True}
2025-11-08 12:12:11,754 : INFO : EventManager : Event: ======'machine_var_audits_switches_s_middle_skill_lane'====== Args={'value': 95, 'prev_value': None, 'change': True}
2025-11-08 12:12:11,754 : INFO : EventManager : Event: ======'machine_var_audits_switches_s_middle_upper_rollovers'====== Args={'value': 97, 'prev_value': None, 'change': True}
2025-11-08 12:12:11,754 : INFO : EventManager : Event: ======'machine_var_audits_switches_s_outer_skill_lanes'====== Args={'value': 133, 'prev_value': None, 'change': True}
2025-11-08 12:12:11,755 : INFO : EventManager : Event: ======'machine_var_audits_switches_s_pop_bumper_bottom'====== Args={'value': 6, 'prev_value': None, 'change': True}
2025-11-08 12:12:11,755 : INFO : EventManager : Event: ======'machine_var_audits_switches_s_pop_bumper_left'====== Args={'value': 2, 'prev_value': None, 'change': True}
2025-11-08 12:12:11,755 : INFO : EventManager : Event: ======'machine_var_audits_switches_s_pop_bumper_right'====== Args={'value': 1, 'prev_value': None, 'change': True}
2025-11-08 12:12:11,755 : INFO : EventManager : Event: ======'machine_var_audits_switches_s_right_bank_target_left'====== Args={'value': 65, 'prev_value': None, 'change': True}
2025-11-08 12:12:11,755 : INFO : EventManager : Event: ======'machine_var_audits_switches_s_right_bank_target_middle'====== Args={'value': 50, 'prev_value': None, 'change': True}
2025-11-08 12:12:11,755 : INFO : EventManager : Event: ======'machine_var_audits_switches_s_right_bank_target_right'====== Args={'value': 44, 'prev_value': None, 'change': True}
2025-11-08 12:12:11,756 : INFO : EventManager : Event: ======'machine_var_audits_switches_s_right_inlane'====== Args={'value': 235, 'prev_value': None, 'change': True}
2025-11-08 12:12:11,756 : INFO : EventManager : Event: ======'machine_var_audits_switches_s_right_outlane'====== Args={'value': 3, 'prev_value': None, 'change': True}
2025-11-08 12:12:11,756 : INFO : EventManager : Event: ======'machine_var_audits_switches_s_right_outlane_rollover'====== Args={'value': 6, 'prev_value': None, 'change': True}
2025-11-08 12:12:11,756 : INFO : EventManager : Event: ======'machine_var_audits_switches_s_right_pop_bumper'====== Args={'value': 200, 'prev_value': None, 'change': True}
2025-11-08 12:12:11,756 : INFO : EventManager : Event: ======'machine_var_audits_switches_s_right_rollover'====== Args={'value': 0, 'prev_value': None, 'change': True}
2025-11-08 12:12:11,756 : INFO : EventManager : Event: ======'machine_var_audits_switches_s_right_skill_lane'====== Args={'value': 18, 'prev_value': None, 'change': True}
2025-11-08 12:12:11,756 : INFO : EventManager : Event: ======'machine_var_audits_switches_s_right_sling'====== Args={'value': 100, 'prev_value': None, 'change': True}
2025-11-08 12:12:11,756 : INFO : EventManager : Event: ======'machine_var_audits_switches_s_rollover_upper'====== Args={'value': 9, 'prev_value': None, 'change': True}
2025-11-08 12:12:11,756 : INFO : EventManager : Event: ======'machine_var_audits_switches_s_saucer'====== Args={'value': 127, 'prev_value': None, 'change': True}
2025-11-08 12:12:11,756 : INFO : EventManager : Event: ======'machine_var_audits_switches_s_slam_tilt'====== Args={'value': 8, 'prev_value': None, 'change': True}
2025-11-08 12:12:11,756 : INFO : EventManager : Event: ======'machine_var_audits_switches_s_spinner'====== Args={'value': 554, 'prev_value': None, 'change': True}
2025-11-08 12:12:11,756 : INFO : EventManager : Event: ======'machine_var_audits_switches_s_stand_up'====== Args={'value': 12, 'prev_value': None, 'change': True}
2025-11-08 12:12:11,756 : INFO : EventManager : Event: ======'machine_var_audits_switches_s_start_button'====== Args={'value': 53, 'prev_value': None, 'change': True}
2025-11-08 12:12:11,757 : INFO : EventManager : Event: ======'machine_var_audits_switches_s_tilt'====== Args={'value': 3, 'prev_value': None, 'change': True}
2025-11-08 12:12:11,757 : INFO : EventManager : Event: ======'machine_var_audits_switches_s_trough'====== Args={'value': 837, 'prev_value': None, 'change': True}
2025-11-08 12:12:11,757 : INFO : EventManager : Event: ======'init_phase_5'====== Args={}
2025-11-08 12:12:11,768 : INFO : EventManager : Event: ======'init_done'====== Args={}
2025-11-08 12:12:11,768 : INFO : EventManager : Event: ======'machine_reset_phase_1'====== Args={}
2025-11-08 12:12:11,780 : INFO : EventManager : Event: ======'machine_reset_phase_2'====== Args={}
2025-11-08 12:12:11,780 : INFO : EventManager : Event: ======'machine_reset_phase_3'====== Args={}
2025-11-08 12:12:11,780 : INFO : EventManager : Event: ======'mode_attract_will_start'====== Args={'queue': <QueuedEvent>}
2025-11-08 12:12:11,782 : INFO : EventManager : Event: ======'mode_attract_starting'====== Args={'queue': <QueuedEvent>}
2025-11-08 12:12:11,783 : INFO : Mode.attract : Started. Priority: 10
2025-11-08 12:12:11,783 : INFO : EventManager : Event: ======'modes_active_modes_changed'====== Args={}
2025-11-08 12:12:11,783 : INFO : EventManager : Event: ======'mode_attract_started'====== Args={'queue': <QueuedEvent>}
2025-11-08 12:12:11,783 : INFO : EventManager : Event: ======'godot_attract_on'====== Args={'priority': 0}
2025-11-08 12:12:11,784 : INFO : EventManager : Event: ======'collecting_balls_complete'====== Args={}
2025-11-08 12:12:11,784 : INFO : EventManager : Event: ======'reset_complete'====== Args={}
2025-11-08 12:12:11,797 : INFO : Machine : Starting the main run loop with active modes: [<Mode.attract>]
2025-11-08 12:12:11,817 : INFO : EventManager : Event: ======'slide_attract_created'====== Args={'_from_bcp': True}
2025-11-08 12:12:11,817 : INFO : EventManager : Event: ======'slide__removed'====== Args={'_from_bcp': True}
2025-11-08 12:12:11,818 : INFO : EventManager : Event: ======'slide_attract_active'====== Args={'original_context': 'attract', 'original_calling_context': 'mode_attract_started', 'priority': 10.0, 'queue': '<QueuedEvent>', 'cmd': 'slides_play', '_from_bcp': True}
2025-11-08 12:12:13,769 : INFO : EventManager : Event: ======'attract_wave_complete'====== Args={'priority': 0}
2025-11-08 12:12:14,160 : INFO : EventManager : Event: ======'attract_pulse_complete'====== Args={'priority': 0}
2025-11-08 12:12:14,269 : INFO : SwitchController : <<<<<<< 's_start_button' active >>>>>>>
2025-11-08 12:12:14,424 : INFO : SwitchController : <<<<<<< 's_start_button' inactive >>>>>>>
2025-11-08 12:12:14,424 : INFO : EventManager : Event: ======'request_to_start_game'====== Args={}
2025-11-08 12:12:14,424 : INFO : EventManager : Event: ======'game_start'====== Args={'buttons': [], 'hold_time': 0.1559999999590218}
2025-11-08 12:12:14,425 : INFO : EventManager : Event: ======'mode_game_will_start'====== Args={'buttons': [], 'hold_time': 0.1559999999590218}
2025-11-08 12:12:14,425 : INFO : EventManager : Event: ======'mode_game_starting'====== Args={'buttons': [], 'hold_time': 0.1559999999590218}
2025-11-08 12:12:14,425 : INFO : Mode.game : Started. Priority: 20
2025-11-08 12:12:14,425 : INFO : EventManager : Event: ======'modes_active_modes_changed'====== Args={}
2025-11-08 12:12:14,425 : INFO : EventManager : Event: ======'mode_game_started'====== Args={'buttons': [], 'hold_time': 0.1559999999590218}
2025-11-08 12:12:14,440 : INFO : EventManager : Event: ======'game_will_start'====== Args={}
2025-11-08 12:12:14,441 : INFO : EventManager : Event: ======'game_starting'====== Args={'game': <Mode.game>}
2025-11-08 12:12:14,441 : INFO : EventManager : Event: ======'mode_attract_will_stop'====== Args={}
2025-11-08 12:12:14,441 : INFO : EventManager : Event: ======'mode_attract_stopping'====== Args={}
2025-11-08 12:12:14,441 : INFO : EventManager : Event: ======'godot_attract_off'====== Args={'priority': 0}
2025-11-08 12:12:14,442 : INFO : EventManager : Unordered handler for class <Auditor> on event game_ended with priority 1. Handlers: [RegisteredHandler(callback=<bound method Auditor.disable of <Auditor>>, priority=1, kwargs={}, key=UUID('2c9545f7-07f8-40ee-b9d1-6c44d847ceb4'), condition=None, blocking_facility=None), RegisteredHandler(callback=<bound method Auditor._save_audits of <Auditor>>, priority=1, kwargs={}, key=UUID('346ab14f-b134-4cd2-80fb-b301bed96842'), condition=None, blocking_facility=None)]. The order of those handlers is not defined and they will be executed in random order. This might lead to race conditions and potential bugs.
2025-11-08 12:12:14,442 : INFO : EventManager : Event: ======'godot_attract_off'====== Args={'priority': 0}
2025-11-08 12:12:14,443 : INFO : Mode.attract : Stopped.
2025-11-08 12:12:14,443 : INFO : EventManager : Event: ======'modes_active_modes_changed'====== Args={}
2025-11-08 12:12:14,443 : INFO : EventManager : Event: ======'mode_attract_stopped'====== Args={}
2025-11-08 12:12:14,443 : INFO : EventManager : Event: ======'clear'====== Args={'key': 'attract'}
2025-11-08 12:12:14,443 : INFO : EventManager : Event: ======'player_add_request'====== Args={}
2025-11-08 12:12:14,444 : INFO : EventManager : Event: ======'player_will_add'====== Args={'number': 1}
2025-11-08 12:12:14,444 : INFO : EventManager : Event: ======'player_adding'====== Args={'player': <Player 1>, 'number': 1}
2025-11-08 12:12:14,444 : INFO : EventManager : Event: ======'player_added'====== Args={'player': <Player 1>, 'num': 1}
2025-11-08 12:12:14,444 : INFO : Mode.game : Player added successfully. Total players: 1
2025-11-08 12:12:14,445 : INFO : EventManager : Event: ======'player_index'====== Args={'value': 0, 'prev_value': 0, 'change': 0, 'player_num': 1}
2025-11-08 12:12:14,445 : INFO : EventManager : Event: ======'player_number'====== Args={'value': 1, 'prev_value': 1, 'change': 0, 'player_num': 1}
2025-11-08 12:12:14,445 : INFO : EventManager : Event: ======'player_score'====== Args={'value': 0, 'prev_value': 0, 'change': 0, 'player_num': 1}
2025-11-08 12:12:14,446 : INFO : EventManager : Unordered handler for class <Auditor> on event game_ended with priority 1. Handlers: [RegisteredHandler(callback=<bound method Auditor.disable of <Auditor>>, priority=1, kwargs={}, key=UUID('2c9545f7-07f8-40ee-b9d1-6c44d847ceb4'), condition=None, blocking_facility=None), RegisteredHandler(callback=<bound method Auditor._save_audits of <Auditor>>, priority=1, kwargs={}, key=UUID('346ab14f-b134-4cd2-80fb-b301bed96842'), condition=None, blocking_facility=None)]. The order of those handlers is not defined and they will be executed in random order. This might lead to race conditions and potential bugs.
2025-11-08 12:12:14,463 : INFO : EventManager : Event: ======'game_started'====== Args={}
2025-11-08 12:12:14,463 : INFO : EventManager : Event: ======'blink_on'====== Args={'priority': 0}
2025-11-08 12:12:14,464 : INFO : EventManager : Event: ======'player_turn_will_start'====== Args={'player': <Player 1>, 'number': 1}
2025-11-08 12:12:14,470 : INFO : EventManager : Event: ======'player_turn_starting'====== Args={'player': <Player 1>, 'number': 1}
2025-11-08 12:12:14,471 : INFO : EventManager : Event: ======'player_ball'====== Args={'value': 1, 'prev_value': 0, 'change': 1, 'player_num': 1}
2025-11-08 12:12:14,471 : INFO : EventManager : Event: ======'player_turn_started'====== Args={'player': <Player 1>, 'number': 1}
2025-11-08 12:12:14,472 : INFO : EventManager : Event: ======'ball_will_start'====== Args={'player': 1, 'ball': 1, 'balls_remaining': 2, 'is_extra_ball': False}
2025-11-08 12:12:14,477 : INFO : EventManager : Event: ======'ball_starting'====== Args={'player': 1, 'ball': 1, 'balls_remaining': 2, 'is_extra_ball': False}
2025-11-08 12:12:14,477 : INFO : EventManager : Event: ======'mode_base_will_start'====== Args={'queue': <QueuedEvent>, 'player': 1, 'ball': 1, 'balls_remaining': 2, 'is_extra_ball': False}
2025-11-08 12:12:14,477 : INFO : EventManager : Event: ======'player_shot_sh_escape_graveyard_start_enabled'====== Args={'value': False, 'prev_value': 0, 'change': 0, 'player_num': 1}
2025-11-08 12:12:14,478 : INFO : EventManager : Unordered handler for class <Auditor> on event game_ended with priority 1. Handlers: [RegisteredHandler(callback=<bound method Auditor.disable of <Auditor>>, priority=1, kwargs={}, key=UUID('2c9545f7-07f8-40ee-b9d1-6c44d847ceb4'), condition=None, blocking_facility=None), RegisteredHandler(callback=<bound method Auditor._save_audits of <Auditor>>, priority=1, kwargs={}, key=UUID('346ab14f-b134-4cd2-80fb-b301bed96842'), condition=None, blocking_facility=None)]. The order of those handlers is not defined and they will be executed in random order. This might lead to race conditions and potential bugs.
2025-11-08 12:12:14,478 : INFO : EventManager : Unordered handler for class <Auditor> on event game_ended with priority 1. Handlers: [RegisteredHandler(callback=<bound method Auditor.disable of <Auditor>>, priority=1, kwargs={}, key=UUID('2c9545f7-07f8-40ee-b9d1-6c44d847ceb4'), condition=None, blocking_facility=None), RegisteredHandler(callback=<bound method Auditor._save_audits of <Auditor>>, priority=1, kwargs={}, key=UUID('346ab14f-b134-4cd2-80fb-b301bed96842'), condition=None, blocking_facility=None)]. The order of those handlers is not defined and they will be executed in random order. This might lead to race conditions and potential bugs.
2025-11-08 12:12:14,481 : INFO : EventManager : Event: ======'mode_base_starting'====== Args={'queue': <QueuedEvent>, 'player': 1, 'ball': 1, 'balls_remaining': 2, 'is_extra_ball': False}
2025-11-08 12:12:14,481 : INFO : drop_target_bank.right_bank : All targets are already up. Will not reset bank.
2025-11-08 12:12:14,481 : INFO : drop_target_bank.left_bank : All targets are already up. Will not reset bank.
2025-11-08 12:12:14,482 : INFO : EventManager : Event: ======'balls_in_play'====== Args={'balls': 1}
2025-11-08 12:12:14,482 : INFO : EventManager : Event: ======'ball_started'====== Args={'player': 1, 'ball': 1, 'balls_remaining': 2, 'is_extra_ball': False}
2025-11-08 12:12:14,482 : INFO : EventManager : Event: ======'logicblock_eg_pop_counter_updated'====== Args={'value': 0, 'enabled': True}
2025-11-08 12:12:14,482 : INFO : EventManager : Event: ======'logicblock_eg_pop_counter_updated'====== Args={'value': 0, 'enabled': True}
2025-11-08 12:12:14,482 : INFO : Mode.base : Started. Priority: 50
2025-11-08 12:12:14,482 : INFO : EventManager : Event: ======'modes_active_modes_changed'====== Args={}
2025-11-08 12:12:14,482 : INFO : EventManager : Event: ======'mode_base_started'====== Args={'queue': <QueuedEvent>, 'player': 1, 'ball': 1, 'balls_remaining': 2, 'is_extra_ball': False}
2025-11-08 12:12:14,484 : INFO : EventManager : Event: ======'logicblock_eg_pop_counter_updated'====== Args={'value': 0, 'enabled': True}
2025-11-08 12:12:14,485 : INFO : EventManager : Unordered handler for class <Auditor> on event game_ended with priority 1. Handlers: [RegisteredHandler(callback=<bound method Auditor.disable of <Auditor>>, priority=1, kwargs={}, key=UUID('2c9545f7-07f8-40ee-b9d1-6c44d847ceb4'), condition=None, blocking_facility=None), RegisteredHandler(callback=<bound method Auditor._save_audits of <Auditor>>, priority=1, kwargs={}, key=UUID('346ab14f-b134-4cd2-80fb-b301bed96842'), condition=None, blocking_facility=None)]. The order of those handlers is not defined and they will be executed in random order. This might lead to race conditions and potential bugs.
2025-11-08 12:12:14,485 : INFO : EventManager : Event: ======'stop_mode_attract'====== Args={'priority': 0}
2025-11-08 12:12:14,485 : INFO : EventManager : Event: ======'mode_attract_will_stop'====== Args={'priority': 0}
2025-11-08 12:12:14,485 : INFO : EventManager : Event: ======'godot_attract_off'====== Args={'priority': 0}
2025-11-08 12:12:14,485 : INFO : EventManager : Event: ======'godot_play_base'====== Args={'priority': 0}
2025-11-08 12:12:14,486 : INFO : EventManager : Event: ======'single_player_ball_started'====== Args={}
2025-11-08 12:12:14,521 : INFO : EventManager : Event: ======'ball_start_target'====== Args={'target': 'playfield'}
2025-11-08 12:12:14,522 : INFO : ball_device.bd_trough : Setting up player-controlled eject. Balls: 1, Target: <playfield.playfield>, player_controlled_eject_event: None
2025-11-08 12:12:14,522 : INFO : ball_device.bd_trough : Adding 1 ball(s) to the eject_queue with target <playfield.playfield>.
2025-11-08 12:12:14,522 : INFO : EventManager : Event: ======'balldevice_balls_available'====== Args={}
2025-11-08 12:12:14,523 : INFO : ball_device.bd_trough : State: waiting_for_target_ready
2025-11-08 12:12:14,524 : INFO : EventManager : Event: ======'balldevice_bd_trough_ball_eject_attempt'====== Args={'balls': 1, 'target': <playfield.playfield>, 'source': <ball_device.bd_trough>, 'mechanical_eject': False, 'num_attempts': 0}
2025-11-08 12:12:14,524 : INFO : ball_device.bd_trough : State: ejecting
2025-11-08 12:12:14,524 : INFO : ball_device.bd_trough : Ejecting ball to <playfield.playfield>
2025-11-08 12:12:14,524 : INFO : EventManager : Event: ======'balldevice_bd_trough_ejecting_ball'====== Args={'balls': 1, 'target': <playfield.playfield>, 'source': <ball_device.bd_trough>, 'mechanical_eject': False, 'num_attempts': 0}
2025-11-08 12:12:14,525 : INFO : ball_device.bd_trough : Wait for ball to leave device
2025-11-08 12:12:14,525 : INFO : coil.c_trough_eject : Pulsing Driver for 40ms (1.0 pulse_power)
2025-11-08 12:12:14,574 : INFO : EventManager : Event: ======'slide_base_created'====== Args={'_from_bcp': True}
2025-11-08 12:12:14,574 : INFO : EventManager : Event: ======'slide_attract_inactive'====== Args={'is_removing': True, '_from_bcp': True}
2025-11-08 12:12:14,574 : INFO : EventManager : Event: ======'slide_base_active'====== Args={'original_context': 'base', 'original_calling_context': 'mode_base_started', 'priority': 50.0, 'queue': '<QueuedEvent>', 'player': 1.0, 'ball': 1.0, 'balls_remaining': 2.0, 'is_extra_ball': False, 'cmd': 'slides_play', '_from_bcp': True}
2025-11-08 12:12:14,574 : INFO : EventManager : Event: ======'slide_attract_removed'====== Args={'_from_bcp': True}
2025-11-08 12:12:14,579 : INFO : SwitchController : <<<<<<< 's_trough' inactive >>>>>>>
2025-11-08 12:12:14,584 : INFO : SwitchController : <<<<<<< 's_trough' active >>>>>>>
2025-11-08 12:12:14,585 : INFO : EventManager : Event: ======'machine_var_audits_switches_s_trough'====== Args={'value': 838, 'prev_value': 837, 'change': 1}
2025-11-08 12:12:14,590 : INFO : ball_device.bd_trough : State: ball_left
2025-11-08 12:12:14,590 : INFO : ball_device.bd_trough : Ball left
2025-11-08 12:12:14,590 : INFO : ball_device.bd_trough : Wait for confirm with timeout 10.0
2025-11-08 12:12:14,590 : INFO : SwitchController : <<<<<<< 's_trough' inactive >>>>>>>
2025-11-08 12:12:15,063 : INFO : EventManager : Event: ======'blink_off'====== Args={'priority': 0}
2025-11-08 12:12:15,652 : INFO : EventManager : Event: ======'blink_on'====== Args={'priority': 0}
2025-11-08 12:12:16,257 : INFO : EventManager : Event: ======'blink_off'====== Args={'priority': 0}
2025-11-08 12:12:16,258 : INFO : EventManager : Unordered handler for class <Auditor> on event game_ended with priority 1. Handlers: [RegisteredHandler(callback=<bound method Auditor.disable of <Auditor>>, priority=1, kwargs={}, key=UUID('2c9545f7-07f8-40ee-b9d1-6c44d847ceb4'), condition=None, blocking_facility=None), RegisteredHandler(callback=<bound method Auditor._save_audits of <Auditor>>, priority=1, kwargs={}, key=UUID('346ab14f-b134-4cd2-80fb-b301bed96842'), condition=None, blocking_facility=None)]. The order of those handlers is not defined and they will be executed in random order. This might lead to race conditions and potential bugs.
2025-11-08 12:12:16,602 : INFO : SwitchController : <<<<<<< 's_right_inlane' active >>>>>>>
2025-11-08 12:12:16,602 : INFO : EventManager : Event: ======'s_right_inlane_active'====== Args={}
2025-11-08 12:12:16,602 : INFO : EventManager : Event: ======'sw_playfield_active'====== Args={}
2025-11-08 12:12:16,602 : INFO : EventManager : Event: ======'machine_var_audits_switches_s_right_inlane'====== Args={'value': 236, 'prev_value': 235, 'change': 1}
2025-11-08 12:12:16,603 : INFO : EventManager : Event: ======'player_score'====== Args={'value': 100, 'prev_value': 0, 'change': 100, 'player_num': 1, 'source': 'base'}
2025-11-08 12:12:16,604 : INFO : EventManager : Unordered handler for class <Auditor> on event game_ended with priority 1. Handlers: [RegisteredHandler(callback=<bound method Auditor.disable of <Auditor>>, priority=1, kwargs={}, key=UUID('2c9545f7-07f8-40ee-b9d1-6c44d847ceb4'), condition=None, blocking_facility=None), RegisteredHandler(callback=<bound method Auditor._save_audits of <Auditor>>, priority=1, kwargs={}, key=UUID('346ab14f-b134-4cd2-80fb-b301bed96842'), condition=None, blocking_facility=None)]. The order of those handlers is not defined and they will be executed in random order. This might lead to race conditions and potential bugs.
2025-11-08 12:12:16,604 : INFO : EventManager : Event: ======'playfield_active'====== Args={'source': None}
2025-11-08 12:12:16,615 : INFO : EventManager : Unordered handler for class <Auditor> on event game_ended with priority 1. Handlers: [RegisteredHandler(callback=<bound method Auditor.disable of <Auditor>>, priority=1, kwargs={}, key=UUID('2c9545f7-07f8-40ee-b9d1-6c44d847ceb4'), condition=None, blocking_facility=None), RegisteredHandler(callback=<bound method Auditor._save_audits of <Auditor>>, priority=1, kwargs={}, key=UUID('346ab14f-b134-4cd2-80fb-b301bed96842'), condition=None, blocking_facility=None)]. The order of those handlers is not defined and they will be executed in random order. This might lead to race conditions and potential bugs.
2025-11-08 12:12:16,616 : INFO : EventManager : Unordered handler for class <Auditor> on event game_ended with priority 1. Handlers: [RegisteredHandler(callback=<bound method Auditor.disable of <Auditor>>, priority=1, kwargs={}, key=UUID('2c9545f7-07f8-40ee-b9d1-6c44d847ceb4'), condition=None, blocking_facility=None), RegisteredHandler(callback=<bound method Auditor._save_audits of <Auditor>>, priority=1, kwargs={}, key=UUID('346ab14f-b134-4cd2-80fb-b301bed96842'), condition=None, blocking_facility=None)]. The order of those handlers is not defined and they will be executed in random order. This might lead to race conditions and potential bugs.
2025-11-08 12:12:16,616 : INFO : EventManager : Unordered handler for class <Auditor> on event game_ended with priority 1. Handlers: [RegisteredHandler(callback=<bound method Auditor.disable of <Auditor>>, priority=1, kwargs={}, key=UUID('2c9545f7-07f8-40ee-b9d1-6c44d847ceb4'), condition=None, blocking_facility=None), RegisteredHandler(callback=<bound method Auditor._save_audits of <Auditor>>, priority=1, kwargs={}, key=UUID('346ab14f-b134-4cd2-80fb-b301bed96842'), condition=None, blocking_facility=None)]. The order of those handlers is not defined and they will be executed in random order. This might lead to race conditions and potential bugs.
2025-11-08 12:12:16,617 : INFO : ball_device.bd_trough : Got eject confirm
2025-11-08 12:12:16,617 : INFO : ball_device.bd_trough : Eject successful
2025-11-08 12:12:16,617 : INFO : EventManager : Event: ======'balldevice_bd_trough_ball_eject_success'====== Args={'balls': 1, 'target': <playfield.playfield>}
2025-11-08 12:12:16,617 : INFO : EventManager : Event: ======'balldevice_playfield_ball_enter'====== Args={'new_balls': 1, 'unclaimed_balls': 1, 'device': <playfield.playfield>}
2025-11-08 12:12:16,617 : INFO : EventManager : Event: ======'playfield_ball_count_change'====== Args={'balls': 1, 'change': 1}
2025-11-08 12:12:16,619 : INFO : EventManager : Event: ======'balldevice_bd_trough_ball_count_changed'====== Args={'balls': 0}
2025-11-08 12:12:16,619 : INFO : ball_device.bd_trough : State: idle
2025-11-08 12:12:16,789 : INFO : SwitchController : <<<<<<< 's_right_inlane' inactive >>>>>>>
2025-11-08 12:12:16,850 : INFO : EventManager : Event: ======'blink_on'====== Args={'priority': 0}
2025-11-08 12:12:17,459 : INFO : EventManager : Event: ======'blink_off'====== Args={'priority': 0}
2025-11-08 12:12:17,459 : INFO : EventManager : Unordered handler for class <Auditor> on event game_ended with priority 1. Handlers: [RegisteredHandler(callback=<bound method Auditor.disable of <Auditor>>, priority=1, kwargs={}, key=UUID('2c9545f7-07f8-40ee-b9d1-6c44d847ceb4'), condition=None, blocking_facility=None), RegisteredHandler(callback=<bound method Auditor._save_audits of <Auditor>>, priority=1, kwargs={}, key=UUID('346ab14f-b134-4cd2-80fb-b301bed96842'), condition=None, blocking_facility=None)]. The order of those handlers is not defined and they will be executed in random order. This might lead to race conditions and potential bugs.
2025-11-08 12:12:17,600 : INFO : SwitchController : <<<<<<< 's_trough' active >>>>>>>
2025-11-08 12:12:17,600 : INFO : EventManager : Event: ======'machine_var_audits_switches_s_trough'====== Args={'value': 839, 'prev_value': 838, 'change': 1}
2025-11-08 12:12:17,616 : INFO : SwitchController : <<<<<<< 's_trough' inactive >>>>>>>
2025-11-08 12:12:17,663 : INFO : SwitchController : <<<<<<< 's_trough' active >>>>>>>
2025-11-08 12:12:17,663 : INFO : EventManager : Event: ======'machine_var_audits_switches_s_trough'====== Args={'value': 840, 'prev_value': 839, 'change': 1}
2025-11-08 12:12:17,679 : INFO : SwitchController : <<<<<<< 's_trough' inactive >>>>>>>
2025-11-08 12:12:17,726 : INFO : SwitchController : <<<<<<< 's_trough' active >>>>>>>
2025-11-08 12:12:17,726 : INFO : EventManager : Event: ======'machine_var_audits_switches_s_trough'====== Args={'value': 841, 'prev_value': 840, 'change': 1}
2025-11-08 12:12:18,050 : INFO : EventManager : Event: ======'blink_on'====== Args={'priority': 0}
2025-11-08 12:12:18,221 : INFO : EventManager : Event: ======'balldevice_bd_trough_ball_count_changed'====== Args={'balls': 1}
2025-11-08 12:12:18,221 : INFO : ball_device.bd_trough : Received unexpected ball
2025-11-08 12:12:18,221 : INFO : EventManager : Event: ======'balldevice_captured_from_playfield'====== Args={'balls': 1}
2025-11-08 12:12:18,222 : INFO : EventManager : Event: ======'sw_playfield_active'====== Args={'balls': 1}
2025-11-08 12:12:18,222 : INFO : EventManager : Event: ======'playfield_ball_count_change'====== Args={'balls': 0, 'change': -1}
2025-11-08 12:12:18,222 : INFO : EventManager : Event: ======'balldevice_bd_trough_ball_enter'====== Args={'new_balls': 1, 'unclaimed_balls': 1, 'new_available_balls': 1, 'device': <ball_device.bd_trough>}
2025-11-08 12:12:18,222 : INFO : EventManager : Event: ======'ball_drain'====== Args={'device': <ball_device.bd_trough>, 'balls': 1}
2025-11-08 12:12:18,223 : INFO : EventManager : Event: ======'ball_will_end'====== Args={}
2025-11-08 12:12:18,223 : INFO : EventManager : Event: ======'balldevice_balls_available'====== Args={}
2025-11-08 12:12:18,223 : INFO : EventManager : Event: ======'balldevice_bd_trough_ball_entered'====== Args={'new_balls': 1, 'device': <ball_device.bd_trough>}
2025-11-08 12:12:18,224 : INFO : EventManager : Event: ======'ball_ending'====== Args={}
2025-11-08 12:12:18,224 : INFO : EventManager : Event: ======'mode_base_will_stop'====== Args={}
2025-11-08 12:12:18,225 : INFO : EventManager : Event: ======'mode_base_stopping'====== Args={}
2025-11-08 12:12:18,225 : INFO : EventManager : Event: ======'godot_stop_base'====== Args={'priority': 0}
2025-11-08 12:12:18,226 : INFO : Mode.base : Stopped.
2025-11-08 12:12:18,226 : INFO : EventManager : Event: ======'modes_active_modes_changed'====== Args={}
2025-11-08 12:12:18,226 : INFO : EventManager : Event: ======'mode_base_stopped'====== Args={}
2025-11-08 12:12:18,226 : INFO : EventManager : Event: ======'clear'====== Args={'key': 'base'}
2025-11-08 12:12:18,241 : INFO : EventManager : Event: ======'ball_ended'====== Args={}
2025-11-08 12:12:18,242 : INFO : EventManager : Event: ======'player_turn_will_end'====== Args={'player': <Player 1>, 'number': 1}
2025-11-08 12:12:18,247 : INFO : EventManager : Event: ======'player_turn_ending'====== Args={'player': <Player 1>, 'number': 1}
2025-11-08 12:12:18,247 : INFO : EventManager : Event: ======'player_turn_ended'====== Args={'player': <Player 1>, 'number': 1}
2025-11-08 12:12:18,247 : INFO : EventManager : Event: ======'player_turn_will_start'====== Args={'player': <Player 1>, 'number': 1}
2025-11-08 12:12:18,247 : INFO : EventManager : Event: ======'player_turn_starting'====== Args={'player': <Player 1>, 'number': 1}
2025-11-08 12:12:18,248 : INFO : EventManager : Event: ======'player_ball'====== Args={'value': 2, 'prev_value': 1, 'change': 1, 'player_num': 1}
2025-11-08 12:12:18,248 : INFO : EventManager : Event: ======'player_turn_started'====== Args={'player': <Player 1>, 'number': 1}
2025-11-08 12:12:18,249 : INFO : EventManager : Event: ======'ball_will_start'====== Args={'player': 1, 'ball': 2, 'balls_remaining': 1, 'is_extra_ball': False}
2025-11-08 12:12:18,253 : INFO : EventManager : Event: ======'ball_starting'====== Args={'player': 1, 'ball': 2, 'balls_remaining': 1, 'is_extra_ball': False}
2025-11-08 12:12:18,254 : INFO : EventManager : Event: ======'mode_base_will_start'====== Args={'queue': <QueuedEvent>, 'player': 1, 'ball': 2, 'balls_remaining': 1, 'is_extra_ball': False}
2025-11-08 12:12:18,254 : INFO : EventManager : Unordered handler for class <Auditor> on event game_ended with priority 1. Handlers: [RegisteredHandler(callback=<bound method Auditor.disable of <Auditor>>, priority=1, kwargs={}, key=UUID('2c9545f7-07f8-40ee-b9d1-6c44d847ceb4'), condition=None, blocking_facility=None), RegisteredHandler(callback=<bound method Auditor._save_audits of <Auditor>>, priority=1, kwargs={}, key=UUID('346ab14f-b134-4cd2-80fb-b301bed96842'), condition=None, blocking_facility=None)]. The order of those handlers is not defined and they will be executed in random order. This might lead to race conditions and potential bugs.
2025-11-08 12:12:18,255 : INFO : EventManager : Unordered handler for class <Auditor> on event game_ended with priority 1. Handlers: [RegisteredHandler(callback=<bound method Auditor.disable of <Auditor>>, priority=1, kwargs={}, key=UUID('2c9545f7-07f8-40ee-b9d1-6c44d847ceb4'), condition=None, blocking_facility=None), RegisteredHandler(callback=<bound method Auditor._save_audits of <Auditor>>, priority=1, kwargs={}, key=UUID('346ab14f-b134-4cd2-80fb-b301bed96842'), condition=None, blocking_facility=None)]. The order of those handlers is not defined and they will be executed in random order. This might lead to race conditions and potential bugs.
2025-11-08 12:12:18,258 : INFO : EventManager : Event: ======'mode_base_starting'====== Args={'queue': <QueuedEvent>, 'player': 1, 'ball': 2, 'balls_remaining': 1, 'is_extra_ball': False}
2025-11-08 12:12:18,258 : INFO : drop_target_bank.right_bank : All targets are already up. Will not reset bank.
2025-11-08 12:12:18,259 : INFO : drop_target_bank.left_bank : All targets are already up. Will not reset bank.
2025-11-08 12:12:18,259 : INFO : EventManager : Event: ======'balls_in_play'====== Args={'balls': 1}
2025-11-08 12:12:18,259 : INFO : EventManager : Event: ======'ball_started'====== Args={'player': 1, 'ball': 2, 'balls_remaining': 1, 'is_extra_ball': False}
2025-11-08 12:12:18,259 : INFO : EventManager : Event: ======'logicblock_eg_pop_counter_updated'====== Args={'value': 0, 'enabled': True}
2025-11-08 12:12:18,260 : INFO : EventManager : Event: ======'logicblock_eg_pop_counter_updated'====== Args={'value': 0, 'enabled': True}
2025-11-08 12:12:18,260 : INFO : Mode.base : Started. Priority: 50
2025-11-08 12:12:18,260 : INFO : EventManager : Event: ======'modes_active_modes_changed'====== Args={}
2025-11-08 12:12:18,260 : INFO : EventManager : Event: ======'mode_base_started'====== Args={'queue': <QueuedEvent>, 'player': 1, 'ball': 2, 'balls_remaining': 1, 'is_extra_ball': False}
2025-11-08 12:12:18,260 : INFO : EventManager : Event: ======'logicblock_eg_pop_counter_updated'====== Args={'value': 0, 'enabled': True}
2025-11-08 12:12:18,262 : INFO : EventManager : Unordered handler for class <Auditor> on event game_ended with priority 1. Handlers: [RegisteredHandler(callback=<bound method Auditor.disable of <Auditor>>, priority=1, kwargs={}, key=UUID('2c9545f7-07f8-40ee-b9d1-6c44d847ceb4'), condition=None, blocking_facility=None), RegisteredHandler(callback=<bound method Auditor._save_audits of <Auditor>>, priority=1, kwargs={}, key=UUID('346ab14f-b134-4cd2-80fb-b301bed96842'), condition=None, blocking_facility=None)]. The order of those handlers is not defined and they will be executed in random order. This might lead to race conditions and potential bugs.
2025-11-08 12:12:18,262 : INFO : EventManager : Event: ======'stop_mode_attract'====== Args={'priority': 0}
2025-11-08 12:12:18,262 : INFO : EventManager : Event: ======'mode_attract_will_stop'====== Args={'priority': 0}
2025-11-08 12:12:18,262 : INFO : EventManager : Event: ======'godot_attract_off'====== Args={'priority': 0}
2025-11-08 12:12:18,262 : INFO : EventManager : Event: ======'godot_play_base'====== Args={'priority': 0}
2025-11-08 12:12:18,263 : INFO : EventManager : Event: ======'single_player_ball_started'====== Args={}
2025-11-08 12:12:18,276 : INFO : EventManager : Event: ======'ball_start_target'====== Args={'target': 'playfield'}
2025-11-08 12:12:18,276 : INFO : ball_device.bd_trough : Setting up player-controlled eject. Balls: 1, Target: <playfield.playfield>, player_controlled_eject_event: None
2025-11-08 12:12:18,276 : INFO : ball_device.bd_trough : Adding 1 ball(s) to the eject_queue with target <playfield.playfield>.
2025-11-08 12:12:18,277 : INFO : EventManager : Event: ======'balldevice_balls_available'====== Args={}
2025-11-08 12:12:18,277 : INFO : ball_device.bd_trough : State: waiting_for_target_ready
2025-11-08 12:12:18,277 : INFO : EventManager : Event: ======'balldevice_bd_trough_ball_eject_attempt'====== Args={'balls': 1, 'target': <playfield.playfield>, 'source': <ball_device.bd_trough>, 'mechanical_eject': False, 'num_attempts': 0}
2025-11-08 12:12:18,279 : INFO : ball_device.bd_trough : State: ejecting
2025-11-08 12:12:18,279 : INFO : ball_device.bd_trough : Ejecting ball to <playfield.playfield>
2025-11-08 12:12:18,279 : INFO : EventManager : Event: ======'balldevice_bd_trough_ejecting_ball'====== Args={'balls': 1, 'target': <playfield.playfield>, 'source': <ball_device.bd_trough>, 'mechanical_eject': False, 'num_attempts': 0}
2025-11-08 12:12:18,279 : INFO : ball_device.bd_trough : Wait for ball to leave device
2025-11-08 12:12:18,280 : INFO : coil.c_trough_eject : Pulsing Driver for 40ms (1.0 pulse_power)
2025-11-08 12:12:18,328 : INFO : SwitchController : <<<<<<< 's_trough' inactive >>>>>>>
2025-11-08 12:12:18,336 : INFO : ball_device.bd_trough : State: ball_left
2025-11-08 12:12:18,336 : INFO : ball_device.bd_trough : Ball left
2025-11-08 12:12:18,336 : INFO : ball_device.bd_trough : Wait for confirm with timeout 10.0
2025-11-08 12:12:18,431 : INFO : EventManager : Event: ======'slide_base_created'====== Args={'_from_bcp': True}
2025-11-08 12:12:18,431 : INFO : EventManager : Event: ======'slide_base_inactive'====== Args={'is_removing': True, '_from_bcp': True}
2025-11-08 12:12:18,433 : INFO : EventManager : Event: ======'slide_base_active'====== Args={'original_context': 'base', 'original_calling_context': 'mode_base_started', 'priority': 50.0, 'queue': '<QueuedEvent>', 'player': 1.0, 'ball': 2.0, 'balls_remaining': 1.0, 'is_extra_ball': False, 'cmd': 'slides_play', '_from_bcp': True}
2025-11-08 12:12:18,433 : INFO : EventManager : Event: ======'slide_base_removed'====== Args={'_from_bcp': True}
2025-11-08 12:12:18,654 : INFO : EventManager : Event: ======'blink_off'====== Args={'priority': 0}
2025-11-08 12:12:19,262 : INFO : EventManager : Event: ======'blink_on'====== Args={'priority': 0}
2025-11-08 12:12:19,309 : INFO : SwitchController : <<<<<<< 's_right_inlane' active >>>>>>>
2025-11-08 12:12:19,309 : INFO : EventManager : Event: ======'s_right_inlane_active'====== Args={}
2025-11-08 12:12:19,309 : INFO : EventManager : Event: ======'sw_playfield_active'====== Args={}
2025-11-08 12:12:19,309 : INFO : EventManager : Event: ======'machine_var_audits_switches_s_right_inlane'====== Args={'value': 237, 'prev_value': 236, 'change': 1}
2025-11-08 12:12:19,310 : INFO : EventManager : Event: ======'player_score'====== Args={'value': 200, 'prev_value': 100, 'change': 100, 'player_num': 1, 'source': 'base'}
2025-11-08 12:12:19,311 : INFO : EventManager : Event: ======'playfield_active'====== Args={'source': None}
2025-11-08 12:12:19,317 : INFO : ball_device.bd_trough : Got eject confirm
2025-11-08 12:12:19,317 : INFO : ball_device.bd_trough : Eject successful
2025-11-08 12:12:19,318 : INFO : EventManager : Event: ======'balldevice_bd_trough_ball_eject_success'====== Args={'balls': 1, 'target': <playfield.playfield>}
2025-11-08 12:12:19,318 : INFO : EventManager : Event: ======'balldevice_playfield_ball_enter'====== Args={'new_balls': 1, 'unclaimed_balls': 1, 'device': <playfield.playfield>}
2025-11-08 12:12:19,318 : INFO : EventManager : Event: ======'playfield_ball_count_change'====== Args={'balls': 1, 'change': 1}
2025-11-08 12:12:19,318 : INFO : EventManager : Event: ======'balldevice_bd_trough_ball_count_changed'====== Args={'balls': 0}
2025-11-08 12:12:19,318 : INFO : ball_device.bd_trough : State: idle
2025-11-08 12:12:19,511 : INFO : SwitchController : <<<<<<< 's_right_inlane' inactive >>>>>>>
2025-11-08 12:12:19,852 : INFO : EventManager : Event: ======'blink_off'====== Args={'priority': 0}
2025-11-08 12:12:19,852 : INFO : EventManager : Unordered handler for class <Auditor> on event game_ended with priority 1. Handlers: [RegisteredHandler(callback=<bound method Auditor.disable of <Auditor>>, priority=1, kwargs={}, key=UUID('2c9545f7-07f8-40ee-b9d1-6c44d847ceb4'), condition=None, blocking_facility=None), RegisteredHandler(callback=<bound method Auditor._save_audits of <Auditor>>, priority=1, kwargs={}, key=UUID('346ab14f-b134-4cd2-80fb-b301bed96842'), condition=None, blocking_facility=None)]. The order of those handlers is not defined and they will be executed in random order. This might lead to race conditions and potential bugs.
2025-11-08 12:12:20,456 : INFO : EventManager : Event: ======'blink_on'====== Args={'priority': 0}
2025-11-08 12:12:20,533 : INFO : SwitchController : <<<<<<< 's_trough' active >>>>>>>
2025-11-08 12:12:20,533 : INFO : EventManager : Event: ======'machine_var_audits_switches_s_trough'====== Args={'value': 842, 'prev_value': 841, 'change': 1}
2025-11-08 12:12:21,033 : INFO : EventManager : Event: ======'balldevice_bd_trough_ball_count_changed'====== Args={'balls': 1}
2025-11-08 12:12:21,033 : INFO : ball_device.bd_trough : Received unexpected ball
2025-11-08 12:12:21,033 : INFO : EventManager : Event: ======'balldevice_captured_from_playfield'====== Args={'balls': 1}
2025-11-08 12:12:21,034 : INFO : EventManager : Event: ======'sw_playfield_active'====== Args={'balls': 1}
2025-11-08 12:12:21,034 : INFO : EventManager : Event: ======'playfield_ball_count_change'====== Args={'balls': 0, 'change': -1}
2025-11-08 12:12:21,035 : INFO : EventManager : Event: ======'balldevice_bd_trough_ball_enter'====== Args={'new_balls': 1, 'unclaimed_balls': 1, 'new_available_balls': 1, 'device': <ball_device.bd_trough>}
2025-11-08 12:12:21,035 : INFO : EventManager : Event: ======'ball_drain'====== Args={'device': <ball_device.bd_trough>, 'balls': 1}
2025-11-08 12:12:21,035 : INFO : EventManager : Event: ======'ball_will_end'====== Args={}
2025-11-08 12:12:21,035 : INFO : EventManager : Event: ======'balldevice_balls_available'====== Args={}
2025-11-08 12:12:21,035 : INFO : EventManager : Event: ======'balldevice_bd_trough_ball_entered'====== Args={'new_balls': 1, 'device': <ball_device.bd_trough>}
2025-11-08 12:12:21,036 : INFO : EventManager : Event: ======'ball_ending'====== Args={}
2025-11-08 12:12:21,037 : INFO : EventManager : Event: ======'mode_base_will_stop'====== Args={}
2025-11-08 12:12:21,037 : INFO : EventManager : Event: ======'mode_base_stopping'====== Args={}
2025-11-08 12:12:21,037 : INFO : EventManager : Event: ======'godot_stop_base'====== Args={'priority': 0}
2025-11-08 12:12:21,038 : INFO : Mode.base : Stopped.
2025-11-08 12:12:21,038 : INFO : EventManager : Event: ======'modes_active_modes_changed'====== Args={}
2025-11-08 12:12:21,038 : INFO : EventManager : Event: ======'mode_base_stopped'====== Args={}
2025-11-08 12:12:21,038 : INFO : EventManager : Event: ======'clear'====== Args={'key': 'base'}
2025-11-08 12:12:21,052 : INFO : EventManager : Event: ======'ball_ended'====== Args={}
2025-11-08 12:12:21,053 : INFO : EventManager : Event: ======'blink_off'====== Args={'priority': 0}
2025-11-08 12:12:21,054 : INFO : EventManager : Unordered handler for class <Auditor> on event game_ended with priority 1. Handlers: [RegisteredHandler(callback=<bound method Auditor.disable of <Auditor>>, priority=1, kwargs={}, key=UUID('2c9545f7-07f8-40ee-b9d1-6c44d847ceb4'), condition=None, blocking_facility=None), RegisteredHandler(callback=<bound method Auditor._save_audits of <Auditor>>, priority=1, kwargs={}, key=UUID('346ab14f-b134-4cd2-80fb-b301bed96842'), condition=None, blocking_facility=None)]. The order of those handlers is not defined and they will be executed in random order. This might lead to race conditions and potential bugs.
2025-11-08 12:12:21,054 : INFO : EventManager : Event: ======'player_turn_will_end'====== Args={'player': <Player 1>, 'number': 1}
2025-11-08 12:12:21,059 : INFO : EventManager : Event: ======'player_turn_ending'====== Args={'player': <Player 1>, 'number': 1}
2025-11-08 12:12:21,060 : INFO : EventManager : Event: ======'player_turn_ended'====== Args={'player': <Player 1>, 'number': 1}
2025-11-08 12:12:21,060 : INFO : EventManager : Event: ======'player_turn_will_start'====== Args={'player': <Player 1>, 'number': 1}
2025-11-08 12:12:21,060 : INFO : EventManager : Event: ======'player_turn_starting'====== Args={'player': <Player 1>, 'number': 1}
2025-11-08 12:12:21,060 : INFO : EventManager : Event: ======'player_ball'====== Args={'value': 3, 'prev_value': 2, 'change': 1, 'player_num': 1}
2025-11-08 12:12:21,061 : INFO : EventManager : Event: ======'player_turn_started'====== Args={'player': <Player 1>, 'number': 1}
2025-11-08 12:12:21,061 : INFO : EventManager : Event: ======'ball_will_start'====== Args={'player': 1, 'ball': 3, 'balls_remaining': 0, 'is_extra_ball': False}
2025-11-08 12:12:21,065 : INFO : EventManager : Event: ======'ball_starting'====== Args={'player': 1, 'ball': 3, 'balls_remaining': 0, 'is_extra_ball': False}
2025-11-08 12:12:21,066 : INFO : EventManager : Event: ======'mode_base_will_start'====== Args={'queue': <QueuedEvent>, 'player': 1, 'ball': 3, 'balls_remaining': 0, 'is_extra_ball': False}
2025-11-08 12:12:21,066 : INFO : EventManager : Unordered handler for class <Auditor> on event game_ended with priority 1. Handlers: [RegisteredHandler(callback=<bound method Auditor.disable of <Auditor>>, priority=1, kwargs={}, key=UUID('2c9545f7-07f8-40ee-b9d1-6c44d847ceb4'), condition=None, blocking_facility=None), RegisteredHandler(callback=<bound method Auditor._save_audits of <Auditor>>, priority=1, kwargs={}, key=UUID('346ab14f-b134-4cd2-80fb-b301bed96842'), condition=None, blocking_facility=None)]. The order of those handlers is not defined and they will be executed in random order. This might lead to race conditions and potential bugs.
2025-11-08 12:12:21,066 : INFO : EventManager : Unordered handler for class <Auditor> on event game_ended with priority 1. Handlers: [RegisteredHandler(callback=<bound method Auditor.disable of <Auditor>>, priority=1, kwargs={}, key=UUID('2c9545f7-07f8-40ee-b9d1-6c44d847ceb4'), condition=None, blocking_facility=None), RegisteredHandler(callback=<bound method Auditor._save_audits of <Auditor>>, priority=1, kwargs={}, key=UUID('346ab14f-b134-4cd2-80fb-b301bed96842'), condition=None, blocking_facility=None)]. The order of those handlers is not defined and they will be executed in random order. This might lead to race conditions and potential bugs.
2025-11-08 12:12:21,069 : INFO : EventManager : Event: ======'mode_base_starting'====== Args={'queue': <QueuedEvent>, 'player': 1, 'ball': 3, 'balls_remaining': 0, 'is_extra_ball': False}
2025-11-08 12:12:21,069 : INFO : drop_target_bank.right_bank : All targets are already up. Will not reset bank.
2025-11-08 12:12:21,069 : INFO : drop_target_bank.left_bank : All targets are already up. Will not reset bank.
2025-11-08 12:12:21,071 : INFO : EventManager : Event: ======'balls_in_play'====== Args={'balls': 1}
2025-11-08 12:12:21,071 : INFO : EventManager : Event: ======'ball_started'====== Args={'player': 1, 'ball': 3, 'balls_remaining': 0, 'is_extra_ball': False}
2025-11-08 12:12:21,071 : INFO : EventManager : Event: ======'logicblock_eg_pop_counter_updated'====== Args={'value': 0, 'enabled': True}
2025-11-08 12:12:21,071 : INFO : EventManager : Event: ======'logicblock_eg_pop_counter_updated'====== Args={'value': 0, 'enabled': True}
2025-11-08 12:12:21,071 : INFO : Mode.base : Started. Priority: 50
2025-11-08 12:12:21,071 : INFO : EventManager : Event: ======'modes_active_modes_changed'====== Args={}
2025-11-08 12:12:21,071 : INFO : EventManager : Event: ======'mode_base_started'====== Args={'queue': <QueuedEvent>, 'player': 1, 'ball': 3, 'balls_remaining': 0, 'is_extra_ball': False}
2025-11-08 12:12:21,072 : INFO : EventManager : Event: ======'logicblock_eg_pop_counter_updated'====== Args={'value': 0, 'enabled': True}
2025-11-08 12:12:21,073 : INFO : EventManager : Unordered handler for class <Auditor> on event game_ended with priority 1. Handlers: [RegisteredHandler(callback=<bound method Auditor.disable of <Auditor>>, priority=1, kwargs={}, key=UUID('2c9545f7-07f8-40ee-b9d1-6c44d847ceb4'), condition=None, blocking_facility=None), RegisteredHandler(callback=<bound method Auditor._save_audits of <Auditor>>, priority=1, kwargs={}, key=UUID('346ab14f-b134-4cd2-80fb-b301bed96842'), condition=None, blocking_facility=None)]. The order of those handlers is not defined and they will be executed in random order. This might lead to race conditions and potential bugs.
2025-11-08 12:12:21,073 : INFO : EventManager : Event: ======'stop_mode_attract'====== Args={'priority': 0}
2025-11-08 12:12:21,074 : INFO : EventManager : Event: ======'mode_attract_will_stop'====== Args={'priority': 0}
2025-11-08 12:12:21,074 : INFO : EventManager : Event: ======'godot_attract_off'====== Args={'priority': 0}
2025-11-08 12:12:21,074 : INFO : EventManager : Event: ======'godot_play_base'====== Args={'priority': 0}
2025-11-08 12:12:21,074 : INFO : EventManager : Event: ======'single_player_ball_started'====== Args={}
2025-11-08 12:12:21,087 : INFO : EventManager : Event: ======'ball_start_target'====== Args={'target': 'playfield'}
2025-11-08 12:12:21,088 : INFO : ball_device.bd_trough : Setting up player-controlled eject. Balls: 1, Target: <playfield.playfield>, player_controlled_eject_event: None
2025-11-08 12:12:21,088 : INFO : ball_device.bd_trough : Adding 1 ball(s) to the eject_queue with target <playfield.playfield>.
2025-11-08 12:12:21,088 : INFO : EventManager : Event: ======'balldevice_balls_available'====== Args={}
2025-11-08 12:12:21,089 : INFO : ball_device.bd_trough : State: waiting_for_target_ready
2025-11-08 12:12:21,090 : INFO : EventManager : Event: ======'balldevice_bd_trough_ball_eject_attempt'====== Args={'balls': 1, 'target': <playfield.playfield>, 'source': <ball_device.bd_trough>, 'mechanical_eject': False, 'num_attempts': 0}
2025-11-08 12:12:21,090 : INFO : EventManager : Event: ======'slide_base_created'====== Args={'_from_bcp': True}
2025-11-08 12:12:21,091 : INFO : EventManager : Event: ======'slide_base_inactive'====== Args={'is_removing': True, '_from_bcp': True}
2025-11-08 12:12:21,091 : INFO : EventManager : Event: ======'slide_base_active'====== Args={'original_context': 'base', 'original_calling_context': 'mode_base_started', 'priority': 50.0, 'queue': '<QueuedEvent>', 'player': 1.0, 'ball': 3.0, 'balls_remaining': 0.0, 'is_extra_ball': False, 'cmd': 'slides_play', '_from_bcp': True}
2025-11-08 12:12:21,091 : INFO : EventManager : Event: ======'slide_base_removed'====== Args={'_from_bcp': True}
2025-11-08 12:12:21,091 : INFO : ball_device.bd_trough : State: ejecting
2025-11-08 12:12:21,091 : INFO : ball_device.bd_trough : Ejecting ball to <playfield.playfield>
2025-11-08 12:12:21,091 : INFO : EventManager : Event: ======'balldevice_bd_trough_ejecting_ball'====== Args={'balls': 1, 'target': <playfield.playfield>, 'source': <ball_device.bd_trough>, 'mechanical_eject': False, 'num_attempts': 0}
2025-11-08 12:12:21,093 : INFO : ball_device.bd_trough : Wait for ball to leave device
2025-11-08 12:12:21,093 : INFO : coil.c_trough_eject : Pulsing Driver for 40ms (1.0 pulse_power)
2025-11-08 12:12:21,141 : INFO : SwitchController : <<<<<<< 's_trough' inactive >>>>>>>
2025-11-08 12:12:21,146 : INFO : ball_device.bd_trough : State: ball_left
2025-11-08 12:12:21,146 : INFO : ball_device.bd_trough : Ball left
2025-11-08 12:12:21,146 : INFO : ball_device.bd_trough : Wait for confirm with timeout 10.0
2025-11-08 12:12:21,653 : INFO : EventManager : Event: ======'blink_on'====== Args={'priority': 0}
2025-11-08 12:12:22,011 : INFO : SwitchController : <<<<<<< 's_right_inlane' active >>>>>>>
2025-11-08 12:12:22,011 : INFO : EventManager : Event: ======'s_right_inlane_active'====== Args={}
2025-11-08 12:12:22,011 : INFO : EventManager : Event: ======'sw_playfield_active'====== Args={}
2025-11-08 12:12:22,011 : INFO : EventManager : Event: ======'machine_var_audits_switches_s_right_inlane'====== Args={'value': 238, 'prev_value': 237, 'change': 1}
2025-11-08 12:12:22,011 : INFO : EventManager : Event: ======'player_score'====== Args={'value': 300, 'prev_value': 200, 'change': 100, 'player_num': 1, 'source': 'base'}
2025-11-08 12:12:22,012 : INFO : EventManager : Event: ======'playfield_active'====== Args={'source': None}
2025-11-08 12:12:22,019 : INFO : ball_device.bd_trough : Got eject confirm
2025-11-08 12:12:22,019 : INFO : ball_device.bd_trough : Eject successful
2025-11-08 12:12:22,019 : INFO : EventManager : Event: ======'balldevice_bd_trough_ball_eject_success'====== Args={'balls': 1, 'target': <playfield.playfield>}
2025-11-08 12:12:22,019 : INFO : EventManager : Event: ======'balldevice_playfield_ball_enter'====== Args={'new_balls': 1, 'unclaimed_balls': 1, 'device': <playfield.playfield>}
2025-11-08 12:12:22,019 : INFO : EventManager : Event: ======'playfield_ball_count_change'====== Args={'balls': 1, 'change': 1}
2025-11-08 12:12:22,020 : INFO : EventManager : Event: ======'balldevice_bd_trough_ball_count_changed'====== Args={'balls': 0}
2025-11-08 12:12:22,020 : INFO : ball_device.bd_trough : State: idle
2025-11-08 12:12:22,120 : INFO : SwitchController : <<<<<<< 's_right_inlane' inactive >>>>>>>
2025-11-08 12:12:22,260 : INFO : EventManager : Event: ======'blink_off'====== Args={'priority': 0}
2025-11-08 12:12:22,260 : INFO : EventManager : Unordered handler for class <Auditor> on event game_ended with priority 1. Handlers: [RegisteredHandler(callback=<bound method Auditor.disable of <Auditor>>, priority=1, kwargs={}, key=UUID('2c9545f7-07f8-40ee-b9d1-6c44d847ceb4'), condition=None, blocking_facility=None), RegisteredHandler(callback=<bound method Auditor._save_audits of <Auditor>>, priority=1, kwargs={}, key=UUID('346ab14f-b134-4cd2-80fb-b301bed96842'), condition=None, blocking_facility=None)]. The order of those handlers is not defined and they will be executed in random order. This might lead to race conditions and potential bugs.
2025-11-08 12:12:22,854 : INFO : EventManager : Event: ======'blink_on'====== Args={'priority': 0}
2025-11-08 12:12:23,121 : INFO : SwitchController : <<<<<<< 's_trough' active >>>>>>>
2025-11-08 12:12:23,121 : INFO : EventManager : Event: ======'machine_var_audits_switches_s_trough'====== Args={'value': 843, 'prev_value': 842, 'change': 1}
2025-11-08 12:12:23,136 : INFO : SwitchController : <<<<<<< 's_trough' inactive >>>>>>>
2025-11-08 12:12:23,151 : INFO : SwitchController : <<<<<<< 's_trough' active >>>>>>>
2025-11-08 12:12:23,151 : INFO : EventManager : Event: ======'machine_var_audits_switches_s_trough'====== Args={'value': 844, 'prev_value': 843, 'change': 1}
2025-11-08 12:12:23,467 : INFO : EventManager : Event: ======'blink_off'====== Args={'priority': 0}
2025-11-08 12:12:23,467 : INFO : EventManager : Unordered handler for class <Auditor> on event game_ended with priority 1. Handlers: [RegisteredHandler(callback=<bound method Auditor.disable of <Auditor>>, priority=1, kwargs={}, key=UUID('2c9545f7-07f8-40ee-b9d1-6c44d847ceb4'), condition=None, blocking_facility=None), RegisteredHandler(callback=<bound method Auditor._save_audits of <Auditor>>, priority=1, kwargs={}, key=UUID('346ab14f-b134-4cd2-80fb-b301bed96842'), condition=None, blocking_facility=None)]. The order of those handlers is not defined and they will be executed in random order. This might lead to race conditions and potential bugs.
2025-11-08 12:12:23,662 : INFO : EventManager : Event: ======'balldevice_bd_trough_ball_count_changed'====== Args={'balls': 1}
2025-11-08 12:12:23,662 : INFO : ball_device.bd_trough : Received unexpected ball
2025-11-08 12:12:23,662 : INFO : EventManager : Event: ======'balldevice_captured_from_playfield'====== Args={'balls': 1}
2025-11-08 12:12:23,663 : INFO : EventManager : Event: ======'sw_playfield_active'====== Args={'balls': 1}
2025-11-08 12:12:23,663 : INFO : EventManager : Event: ======'playfield_ball_count_change'====== Args={'balls': 0, 'change': -1}
2025-11-08 12:12:23,663 : INFO : EventManager : Event: ======'balldevice_bd_trough_ball_enter'====== Args={'new_balls': 1, 'unclaimed_balls': 1, 'new_available_balls': 1, 'device': <ball_device.bd_trough>}
2025-11-08 12:12:23,664 : INFO : EventManager : Event: ======'ball_drain'====== Args={'device': <ball_device.bd_trough>, 'balls': 1}
2025-11-08 12:12:23,664 : INFO : EventManager : Event: ======'ball_will_end'====== Args={}
2025-11-08 12:12:23,664 : INFO : EventManager : Event: ======'balldevice_balls_available'====== Args={}
2025-11-08 12:12:23,664 : INFO : EventManager : Event: ======'balldevice_bd_trough_ball_entered'====== Args={'new_balls': 1, 'device': <ball_device.bd_trough>}
2025-11-08 12:12:23,665 : INFO : EventManager : Event: ======'ball_ending'====== Args={}
2025-11-08 12:12:23,666 : INFO : EventManager : Event: ======'mode_base_will_stop'====== Args={}
2025-11-08 12:12:23,666 : INFO : EventManager : Event: ======'mode_base_stopping'====== Args={}
2025-11-08 12:12:23,666 : INFO : EventManager : Event: ======'godot_stop_base'====== Args={'priority': 0}
2025-11-08 12:12:23,666 : INFO : Mode.base : Stopped.
2025-11-08 12:12:23,666 : INFO : EventManager : Event: ======'modes_active_modes_changed'====== Args={}
2025-11-08 12:12:23,667 : INFO : EventManager : Event: ======'mode_base_stopped'====== Args={}
2025-11-08 12:12:23,667 : INFO : EventManager : Event: ======'clear'====== Args={'key': 'base'}
2025-11-08 12:12:23,680 : INFO : EventManager : Event: ======'ball_ended'====== Args={}
2025-11-08 12:12:23,687 : INFO : EventManager : Event: ======'player_turn_will_end'====== Args={'player': <Player 1>, 'number': 1}
2025-11-08 12:12:23,692 : INFO : EventManager : Event: ======'player_turn_ending'====== Args={'player': <Player 1>, 'number': 1}
2025-11-08 12:12:23,692 : INFO : EventManager : Event: ======'player_turn_ended'====== Args={'player': <Player 1>, 'number': 1}
2025-11-08 12:12:23,693 : INFO : EventManager : Event: ======'game_will_end'====== Args={}
2025-11-08 12:12:23,693 : INFO : EventManager : Event: ======'game_ending'====== Args={}
2025-11-08 12:12:23,693 : WARNING : Mode.postgame : Can only start mode postgame during a game. Aborting start.
2025-11-08 12:12:23,693 : INFO : EventManager : Event: ======'machine_var_player1_score'====== Args={'value': 300, 'prev_value': 1000, 'change': -700}
2025-11-08 12:12:23,695 : INFO : EventManager : Event: ======'game_ended'====== Args={}
2025-11-08 12:12:23,695 : INFO : EventManager : Event: ======'mode_game_will_stop'====== Args={}
2025-11-08 12:12:23,695 : INFO : EventManager : Event: ======'mode_game_stopping'====== Args={}
2025-11-08 12:12:23,695 : INFO : EventManager : Event: ======'mode_attract_will_start'====== Args={}
2025-11-08 12:12:23,697 : INFO : EventManager : Event: ======'mode_attract_starting'====== Args={}
2025-11-08 12:12:23,698 : INFO : Mode.attract : Started. Priority: 10
2025-11-08 12:12:23,698 : INFO : EventManager : Event: ======'modes_active_modes_changed'====== Args={}
2025-11-08 12:12:23,698 : INFO : EventManager : Event: ======'mode_attract_started'====== Args={}
2025-11-08 12:12:23,698 : INFO : EventManager : Event: ======'godot_attract_on'====== Args={'priority': 0}
2025-11-08 12:12:23,699 : INFO : EventManager : Event: ======'collecting_balls_complete'====== Args={}
2025-11-08 12:12:23,710 : INFO : Mode.game : Stopped.
2025-11-08 12:12:23,710 : INFO : EventManager : Event: ======'modes_active_modes_changed'====== Args={}
2025-11-08 12:12:23,710 : INFO : EventManager : Event: ======'mode_game_stopped'====== Args={}
2025-11-08 12:12:23,710 : INFO : EventManager : Event: ======'clear'====== Args={'key': 'game'}
2025-11-08 12:12:23,740 : INFO : EventManager : Event: ======'slide_attract_created'====== Args={'_from_bcp': True}
2025-11-08 12:12:23,740 : INFO : EventManager : Event: ======'slide_base_inactive'====== Args={'is_removing': True, '_from_bcp': True}
2025-11-08 12:12:23,741 : INFO : EventManager : Event: ======'slide_attract_active'====== Args={'original_context': 'attract', 'original_calling_context': 'mode_attract_started', 'priority': 10.0, 'cmd': 'slides_play', '_from_bcp': True}
2025-11-08 12:12:23,741 : INFO : EventManager : Event: ======'slide_base_removed'====== Args={'_from_bcp': True}
2025-11-08 12:12:25,681 : INFO : EventManager : Event: ======'attract_wave_complete'====== Args={'priority': 0}
2025-11-08 12:12:26,070 : INFO : EventManager : Event: ======'attract_pulse_complete'====== Args={'priority': 0}
2025-11-08 12:12:26,475 : INFO : EventManager : Event: ======'attract_pulse_complete'====== Args={'priority': 0}
2025-11-08 12:12:28,480 : INFO : EventManager : Event: ======'attract_wave_complete'====== Args={'priority': 0}
2025-11-08 12:12:28,869 : INFO : EventManager : Event: ======'attract_pulse_complete'====== Args={'priority': 0}
2025-11-08 12:12:29,273 : INFO : EventManager : Event: ======'attract_pulse_complete'====== Args={'priority': 0}
2025-11-08 12:12:30,833 : INFO : Machine : Shutting down...
2025-11-08 12:12:30,833 : INFO : EventManager : Event: ======'shutdown'====== Args={}
2025-11-08 12:12:30,869 : ERROR : asyncio : Exception in callback RunningShow._run_next_step()
handle: <TimerHandle when=1902162.1000000015 RunningShow._run_next_step()>
Traceback (most recent call last):
  File "C:\Users\antho\AppData\Local\Programs\Python\Python312\Lib\asyncio\events.py", line 88, in _run
    self._context.run(self._callback, *self._args)
  File "C:\Users\antho\mpf\Lib\site-packages\mpf\assets\show.py", line 690, in _run_next_step
    player.show_play_callback(
  File "C:\Users\antho\mpf\Lib\site-packages\mpf\core\config_player.py", line 365, in show_play_callback
    self.play(settings=settings, priority=priority, calling_context=calling_context,
  File "C:\Users\antho\mpf\Lib\site-packages\mpf\config_players\light_player.py", line 43, in play
    self._light_color(light, instance_dict, full_context, s['color'], s["fade"], final_priority, start_time)
  File "C:\Users\antho\mpf\Lib\site-packages\mpf\config_players\light_player.py", line 103, in _light_color
    light.color(color, key=full_context, fade_ms=fade_ms, priority=priority, start_time=start_time)
  File "C:\Users\antho\mpf\Lib\site-packages\mpf\devices\light.py", line 414, in color
    self._schedule_update()
  File "C:\Users\antho\mpf\Lib\site-packages\mpf\devices\light.py", line 657, in _schedule_update
    driver.set_fade(start_brightness, start_time, target_brightness, target_time)
  File "C:\Users\antho\mpf\Lib\site-packages\mpf\platforms\interfaces\light_platform_interface.py", line 98, in set_fade
    self.set_brightness_and_fade(target_brightness, max(fade_ms, 0))
  File "C:\Users\antho\mpf\Lib\site-packages\mpf\platforms\interfaces\light_platform_interface.py", line 160, in set_brightness_and_fade
    self.set_brightness(brightness)
  File "C:\Users\antho\mpf\Lib\site-packages\mpf\platforms\lisy\lisy.py", line 123, in set_brightness
    self.platform.send_byte(LisyDefines.LampsSetLampOn, bytes([self.number]))
  File "C:\Users\antho\mpf\Lib\site-packages\mpf\platforms\lisy\lisy.py", line 783, in send_byte
    assert self._writer is not None
           ^^^^^^^^^^^^^^^^^^^^^^^^
AssertionError
2025-11-08 12:12:30,932 : INFO : root : MPF run loop ended.
