2025-11-07 15:20:31,982 : INFO : root : Loading config.
2025-11-07 15:20:31,988 : INFO : YamlMultifileConfigLoader : Machine config file #1: config.yaml
2025-11-07 15:20:31,990 : INFO : ConfigProcessor : Loading config from cache: C:\Users\antho\AppData\Local\Temp\fdca14d0c9d658ab8200d57120800af5.mpf_cache
2025-11-07 15:20:32,119 : INFO : ConfigProcessor : Loading config from cache: C:\Users\antho\AppData\Local\Temp\5dec96b1547c4adf5bdd3d1715e74bc0.mpf_cache
2025-11-07 15:20:32,120 : INFO : ConfigProcessor : Loading config from cache: C:\Users\antho\AppData\Local\Temp\202a5840610e95051f9f473dfa660cc0.mpf_cache
2025-11-07 15:20:32,121 : INFO : ConfigProcessor : Loading config from cache: C:\Users\antho\AppData\Local\Temp\5dec96b1547c4adf5bdd3d1715e74bc0.mpf_cache
2025-11-07 15:20:32,122 : WARNING : ConfigProcessor : Config file in cache changed: C:\Users\antho\nightpin\modes\base\config\base.yaml
2025-11-07 15:20:32,122 : INFO : ConfigProcessor : Loading config from file C:\Users\antho\nightpin\modes\base\config\base.yaml.
2025-11-07 15:20:32,143 : INFO : ConfigProcessor : Loading config: C:\Users\antho\nightpin\modes\base\config\base.yaml
2025-11-07 15:20:32,143 : ERROR : ConfigProcessor : Config section 'slides' is removed in MPF 0.80 and will be ignored.
2025-11-07 15:20:32,144 : INFO : ConfigProcessor : Config file cache created: C:\Users\antho\AppData\Local\Temp\2cd13a2d3f375e00ab01d6d09a85d8e7.mpf_cache
2025-11-07 15:20:32,145 : INFO : ConfigProcessor : Loading config from cache: C:\Users\antho\AppData\Local\Temp\9220b44b97b91972524500b81035d790.mpf_cache
2025-11-07 15:20:32,145 : INFO : ConfigProcessor : Loading config from cache: C:\Users\antho\AppData\Local\Temp\aa919e501ed8450b10d3bb8e37574ac5.mpf_cache
2025-11-07 15:20:32,146 : INFO : ConfigProcessor : Loading config from cache: C:\Users\antho\AppData\Local\Temp\31ee881584fa6fce665a672a4f3f633a.mpf_cache
2025-11-07 15:20:32,147 : INFO : ConfigProcessor : Loading config from cache: C:\Users\antho\AppData\Local\Temp\5e841763ec73085bbf92358fe6afda21.mpf_cache
2025-11-07 15:20:32,148 : INFO : ConfigProcessor : Loading config from cache: C:\Users\antho\AppData\Local\Temp\7f73d12aa9beccac1cbd8c265ccda72e.mpf_cache
2025-11-07 15:20:32,148 : INFO : ConfigProcessor : Loading config from cache: C:\Users\antho\AppData\Local\Temp\a03ebaa9d6d5676c418deb142cb34911.mpf_cache
2025-11-07 15:20:32,148 : INFO : ConfigProcessor : Loading config from cache: C:\Users\antho\AppData\Local\Temp\b17152efa55a24f0424602723f8d3921.mpf_cache
2025-11-07 15:20:32,148 : INFO : ConfigProcessor : Loading config from cache: C:\Users\antho\AppData\Local\Temp\e87fc0e7d2f8a851b5fa3f604e0d0c6e.mpf_cache
2025-11-07 15:20:32,150 : INFO : ConfigProcessor : Loading config from cache: C:\Users\antho\AppData\Local\Temp\196ac76b6cab3a9880804c826cfbcb5c.mpf_cache
2025-11-07 15:20:32,150 : INFO : ConfigProcessor : Loading config from cache: C:\Users\antho\AppData\Local\Temp\55437eb303afaa980597ff60f339a871.mpf_cache
2025-11-07 15:20:32,151 : INFO : ConfigProcessor : Loading config from cache: C:\Users\antho\AppData\Local\Temp\fddc1006228d3387e6d1e46051a3638d.mpf_cache
2025-11-07 15:20:32,151 : INFO : ConfigProcessor : Loading config from cache: C:\Users\antho\AppData\Local\Temp\834292dd7853e12a66732dc89828c828.mpf_cache
2025-11-07 15:20:32,152 : INFO : ConfigProcessor : Loading config from cache: C:\Users\antho\AppData\Local\Temp\46f8fa3e41dfeeb8232af2f03a13b6c4.mpf_cache
2025-11-07 15:20:32,152 : INFO : ConfigProcessor : Loading config from cache: C:\Users\antho\AppData\Local\Temp\c67e9c175da6c060302945929b27b878.mpf_cache
2025-11-07 15:20:32,153 : INFO : ConfigProcessor : Loading config from cache: C:\Users\antho\AppData\Local\Temp\03987edb382fe443ccf68b3f49f06933.mpf_cache
2025-11-07 15:20:32,155 : INFO : Machine : Mission Pinball Framework Core Engine v0.80.0.dev11
2025-11-07 15:20:32,155 : INFO : Machine : Command line arguments: {'no_load_cache': False, 'create_config_cache': True, 'bcp': True, 'configfile': ['config.yaml'], 'force_assets_load': False, 'platform_integration_test': False, 'jsonlogging': False, 'logfile': 'logs\\2025-11-07-15-20-31-mpf-LAPTOP-MPGP6R69.log', 'pause': False, 'production': False, 'text_ui': True, 'loglevel': 15, 'consoleloglevel': 20, 'force_platform': None, 'syslog_address': None, 'full_logfile_path': 'C:\\Users\\antho\\nightpin\\logs\\2025-11-07-15-20-31-mpf-LAPTOP-MPGP6R69.log'}
2025-11-07 15:20:32,155 : INFO : Machine : MPF path: C:\Users\antho\mpf\Lib\site-packages\mpf
2025-11-07 15:20:32,155 : INFO : Machine : Machine path: C:\Users\antho\nightpin
2025-11-07 15:20:32,155 : INFO : Machine : Platform: win32
2025-11-07 15:20:32,155 : INFO : Machine : Python executable location: C:\Users\antho\mpf\Scripts\python.exe
2025-11-07 15:20:32,155 : INFO : Machine : Python version: 3.12.7 (64-bit)
2025-11-07 15:20:32,157 : INFO : Machine : Initializing MPF...
2025-11-07 15:20:32,425 : INFO : lisy : Connecting to com3 at 115200bps
2025-11-07 15:20:32,426 : WARNING : lisy : Could not import terminos (this is ok on windows).
2025-11-07 15:20:32,581 : INFO : EventManager : Event: ======'machine_var_lisy_hardware'====== Args={'value': 'LISY35', 'prev_value': None, 'change': True}
2025-11-07 15:20:32,581 : INFO : EventManager : Event: ======'machine_var_lisy_version'====== Args={'value': '5.26 ', 'prev_value': None, 'change': True}
2025-11-07 15:20:32,581 : INFO : EventManager : Event: ======'machine_var_lisy_api_version'====== Args={'value': b'0.09', 'prev_value': None, 'change': True}
2025-11-07 15:20:33,903 : INFO : EventManager : Event: ======'machine_var_credits_string'====== Args={'value': 'FREE PLAY', 'prev_value': None, 'change': True}
2025-11-07 15:20:33,946 : INFO : EventManager : Event: ======'machine_var_master_volume'====== Args={'value': 0.5, 'prev_value': None, 'change': True}
2025-11-07 15:20:33,946 : INFO : EventManager : Event: ======'machine_var_player1_score'====== Args={'value': 430, 'prev_value': None, 'change': True}
2025-11-07 15:20:33,946 : INFO : EventManager : Event: ======'machine_var_mpf_version'====== Args={'value': 'Mission Pinball Framework v0.80.0.dev11', 'prev_value': None, 'change': True}
2025-11-07 15:20:33,946 : INFO : EventManager : Event: ======'machine_var_mpf_extended_version'====== Args={'value': 'Mission Pinball Framework v0.80.0.dev11, Config version:6, Show version: 6, BCP version:1.1', 'prev_value': None, 'change': True}
2025-11-07 15:20:33,947 : INFO : EventManager : Event: ======'machine_var_python_version'====== Args={'value': '3.12.7', 'prev_value': None, 'change': True}
2025-11-07 15:20:34,065 : INFO : EventManager : Event: ======'machine_var_platform'====== Args={'value': 'Windows-11-10.0.26100-SP0', 'prev_value': None, 'change': True}
2025-11-07 15:20:34,065 : INFO : EventManager : Event: ======'machine_var_platform_system'====== Args={'value': 'Windows', 'prev_value': None, 'change': True}
2025-11-07 15:20:34,065 : INFO : EventManager : Event: ======'machine_var_platform_release'====== Args={'value': '11', 'prev_value': None, 'change': True}
2025-11-07 15:20:34,065 : INFO : EventManager : Event: ======'machine_var_platform_version'====== Args={'value': '10.0.26100', 'prev_value': None, 'change': True}
2025-11-07 15:20:34,066 : INFO : EventManager : Event: ======'machine_var_platform_machine'====== Args={'value': 'AMD64', 'prev_value': None, 'change': True}
2025-11-07 15:20:34,066 : INFO : EventManager : Event: ======'machine_var_log_file_path'====== Args={'value': 'C:\\Users\\antho\\nightpin\\logs\\2025-11-07-15-20-31-mpf-LAPTOP-MPGP6R69.log', 'prev_value': None, 'change': True}
2025-11-07 15:20:34,066 : INFO : EventManager : Event: ======'init_phase_1'====== Args={}
2025-11-07 15:20:34,106 : INFO : EventManager : Event: ======'drop_target_bank_right_bank_up'====== Args={}
2025-11-07 15:20:34,107 : INFO : EventManager : Event: ======'drop_target_bank_left_bank_up'====== Args={}
2025-11-07 15:20:34,188 : INFO : EventManager : Event: ======'init_phase_2'====== Args={}
2025-11-07 15:20:34,188 : INFO : SwitchController : Found active switch: ('8', <mpf.platforms.lisy.lisy.LisyHardwarePlatform object at 0x00000296FD0096D0>) <switch.s_trough>
2025-11-07 15:20:34,199 : INFO : EventManager : Event: ======'bcp_connection_attempt'====== Args={'name': 'local_display', 'host': 'localhost', 'port': 5050}
2025-11-07 15:20:34,200 : INFO : BCPClientSocket : Connecting BCP to 'local_display' at localhost:5050...
2025-11-07 15:20:34,218 : INFO : BCPClientSocket : Connected BCP to 'local_display' localhost:5050
2025-11-07 15:20:34,219 : INFO : EventManager : Event: ======'bcp_clients_connected'====== Args={}
2025-11-07 15:20:34,326 : INFO : ball_device.bd_trough : BCH: Initial count: 1
2025-11-07 15:20:34,361 : INFO : ball_device.bd_trough : State: idle
2025-11-07 15:20:34,362 : INFO : ball_device.bd_saucer : BCH: Initial count: 0
2025-11-07 15:20:34,362 : INFO : ball_device.bd_saucer : State: idle
2025-11-07 15:20:34,388 : INFO : EventManager : Event: ======'init_phase_3'====== Args={}
2025-11-07 15:20:34,394 : INFO : EventManager : Event: ======'init_phase_4'====== Args={}
2025-11-07 15:20:34,395 : INFO : BallController : Initial balls found: 1
2025-11-07 15:20:34,396 : INFO : EventManager : Event: ======'machine_var_audits_events_game_ended'====== Args={'value': 19, 'prev_value': None, 'change': True}
2025-11-07 15:20:34,396 : INFO : EventManager : Event: ======'machine_var_audits_events_game_started'====== Args={'value': 119, 'prev_value': None, 'change': True}
2025-11-07 15:20:34,396 : INFO : EventManager : Event: ======'machine_var_audits_missing_switches_s_coin_right'====== Args={'value': 118, 'prev_value': None, 'change': True}
2025-11-07 15:20:34,396 : INFO : EventManager : Event: ======'machine_var_audits_missing_switches_s_credit_button'====== Args={'value': 91, 'prev_value': None, 'change': True}
2025-11-07 15:20:34,396 : INFO : EventManager : Event: ======'machine_var_audits_missing_switches_s_inlanes'====== Args={'value': 12, 'prev_value': None, 'change': True}
2025-11-07 15:20:34,396 : INFO : EventManager : Event: ======'machine_var_audits_missing_switches_s_left_bank_target_left'====== Args={'value': 39, 'prev_value': None, 'change': True}
2025-11-07 15:20:34,396 : INFO : EventManager : Event: ======'machine_var_audits_missing_switches_s_left_bank_target_middle'====== Args={'value': 42, 'prev_value': None, 'change': True}
2025-11-07 15:20:34,396 : INFO : EventManager : Event: ======'machine_var_audits_missing_switches_s_left_bank_target_right'====== Args={'value': 39, 'prev_value': None, 'change': True}
2025-11-07 15:20:34,396 : INFO : EventManager : Event: ======'machine_var_audits_missing_switches_s_left_inlane'====== Args={'value': 1, 'prev_value': None, 'change': True}
2025-11-07 15:20:34,396 : INFO : EventManager : Event: ======'machine_var_audits_missing_switches_s_left_lower_bumper'====== Args={'value': 27, 'prev_value': None, 'change': True}
2025-11-07 15:20:34,396 : INFO : EventManager : Event: ======'machine_var_audits_missing_switches_s_left_outlane'====== Args={'value': 22, 'prev_value': None, 'change': True}
2025-11-07 15:20:34,397 : INFO : EventManager : Event: ======'machine_var_audits_missing_switches_s_left_outlane_rollover'====== Args={'value': 23, 'prev_value': None, 'change': True}
2025-11-07 15:20:34,397 : INFO : EventManager : Event: ======'machine_var_audits_missing_switches_s_left_pop_bumper'====== Args={'value': 9, 'prev_value': None, 'change': True}
2025-11-07 15:20:34,397 : INFO : EventManager : Event: ======'machine_var_audits_missing_switches_s_left_rollover'====== Args={'value': 25, 'prev_value': None, 'change': True}
2025-11-07 15:20:34,397 : INFO : EventManager : Event: ======'machine_var_audits_missing_switches_s_left_skill_lane'====== Args={'value': 3, 'prev_value': None, 'change': True}
2025-11-07 15:20:34,397 : INFO : EventManager : Event: ======'machine_var_audits_missing_switches_s_left_upper_bumper'====== Args={'value': 32, 'prev_value': None, 'change': True}
2025-11-07 15:20:34,397 : INFO : EventManager : Event: ======'machine_var_audits_missing_switches_s_middle_pop_bumper'====== Args={'value': 23, 'prev_value': None, 'change': True}
2025-11-07 15:20:34,397 : INFO : EventManager : Event: ======'machine_var_audits_missing_switches_s_middle_rollover'====== Args={'value': 23, 'prev_value': None, 'change': True}
2025-11-07 15:20:34,397 : INFO : EventManager : Event: ======'machine_var_audits_missing_switches_s_middle_skill_lane'====== Args={'value': 3, 'prev_value': None, 'change': True}
2025-11-07 15:20:34,397 : INFO : EventManager : Event: ======'machine_var_audits_missing_switches_s_middle_upper_rollovers'====== Args={'value': 5, 'prev_value': None, 'change': True}
2025-11-07 15:20:34,397 : INFO : EventManager : Event: ======'machine_var_audits_missing_switches_s_outer_skill_lanes'====== Args={'value': 1, 'prev_value': None, 'change': True}
2025-11-07 15:20:34,397 : INFO : EventManager : Event: ======'machine_var_audits_missing_switches_s_right_bank_target_left'====== Args={'value': 22, 'prev_value': None, 'change': True}
2025-11-07 15:20:34,397 : INFO : EventManager : Event: ======'machine_var_audits_missing_switches_s_right_bank_target_middle'====== Args={'value': 32, 'prev_value': None, 'change': True}
2025-11-07 15:20:34,397 : INFO : EventManager : Event: ======'machine_var_audits_missing_switches_s_right_bank_target_right'====== Args={'value': 32, 'prev_value': None, 'change': True}
2025-11-07 15:20:34,397 : INFO : EventManager : Event: ======'machine_var_audits_missing_switches_s_right_outlane'====== Args={'value': 22, 'prev_value': None, 'change': True}
2025-11-07 15:20:34,397 : INFO : EventManager : Event: ======'machine_var_audits_missing_switches_s_right_outlane_rollover'====== Args={'value': 40, 'prev_value': None, 'change': True}
2025-11-07 15:20:34,398 : INFO : EventManager : Event: ======'machine_var_audits_missing_switches_s_right_pop_bumper'====== Args={'value': 25, 'prev_value': None, 'change': True}
2025-11-07 15:20:34,398 : INFO : EventManager : Event: ======'machine_var_audits_missing_switches_s_right_rollover'====== Args={'value': 34, 'prev_value': None, 'change': True}
2025-11-07 15:20:34,398 : INFO : EventManager : Event: ======'machine_var_audits_missing_switches_s_right_skill_lane'====== Args={'value': 3, 'prev_value': None, 'change': True}
2025-11-07 15:20:34,398 : INFO : EventManager : Event: ======'machine_var_audits_missing_switches_s_rollover_upper'====== Args={'value': 25, 'prev_value': None, 'change': True}
2025-11-07 15:20:34,398 : INFO : EventManager : Event: ======'machine_var_audits_missing_switches_s_saucer'====== Args={'value': 23, 'prev_value': None, 'change': True}
2025-11-07 15:20:34,398 : INFO : EventManager : Event: ======'machine_var_audits_missing_switches_s_slam_tilt'====== Args={'value': 57, 'prev_value': None, 'change': True}
2025-11-07 15:20:34,398 : INFO : EventManager : Event: ======'machine_var_audits_missing_switches_s_spinner'====== Args={'value': 32, 'prev_value': None, 'change': True}
2025-11-07 15:20:34,398 : INFO : EventManager : Event: ======'machine_var_audits_missing_switches_s_stand_up'====== Args={'value': 91, 'prev_value': None, 'change': True}
2025-11-07 15:20:34,398 : INFO : EventManager : Event: ======'machine_var_audits_missing_switches_s_start_button'====== Args={'value': 24, 'prev_value': None, 'change': True}
2025-11-07 15:20:34,398 : INFO : EventManager : Event: ======'machine_var_audits_missing_switches_s_tilt'====== Args={'value': 25, 'prev_value': None, 'change': True}
2025-11-07 15:20:34,398 : INFO : EventManager : Event: ======'machine_var_audits_player_score'====== Args={'value': {'average': 1421, 'top': [5110, 5070, 4300, 4230, 3980, 3410, 2200, 2100, 1300, 1200], 'total': 27}, 'prev_value': None, 'change': True}
2025-11-07 15:20:34,398 : INFO : EventManager : Event: ======'machine_var_audits_shots_my_first_shot'====== Args={'value': 3, 'prev_value': None, 'change': True}
2025-11-07 15:20:34,398 : INFO : EventManager : Event: ======'machine_var_audits_shots_sh_eg_pop_left'====== Args={'value': 8, 'prev_value': None, 'change': True}
2025-11-07 15:20:34,398 : INFO : EventManager : Event: ======'machine_var_audits_shots_sh_eg_pop_middle'====== Args={'value': 8, 'prev_value': None, 'change': True}
2025-11-07 15:20:34,398 : INFO : EventManager : Event: ======'machine_var_audits_shots_sh_eg_pop_right'====== Args={'value': 13, 'prev_value': None, 'change': True}
2025-11-07 15:20:34,398 : INFO : EventManager : Event: ======'machine_var_audits_shots_sh_eg_right_drop_left'====== Args={'value': 4, 'prev_value': None, 'change': True}
2025-11-07 15:20:34,398 : INFO : EventManager : Event: ======'machine_var_audits_shots_sh_eg_right_drop_middle'====== Args={'value': 3, 'prev_value': None, 'change': True}
2025-11-07 15:20:34,398 : INFO : EventManager : Event: ======'machine_var_audits_shots_sh_eg_right_drop_right'====== Args={'value': 3, 'prev_value': None, 'change': True}
2025-11-07 15:20:34,398 : INFO : EventManager : Event: ======'machine_var_audits_shots_sh_eg_spinner'====== Args={'value': 2, 'prev_value': None, 'change': True}
2025-11-07 15:20:34,398 : INFO : EventManager : Event: ======'machine_var_audits_shots_sh_escape_graveyard_start'====== Args={'value': 8, 'prev_value': None, 'change': True}
2025-11-07 15:20:34,400 : INFO : EventManager : Event: ======'machine_var_audits_switches_s_coin_right'====== Args={'value': 1, 'prev_value': None, 'change': True}
2025-11-07 15:20:34,400 : INFO : EventManager : Event: ======'machine_var_audits_switches_s_credit_button'====== Args={'value': 5, 'prev_value': None, 'change': True}
2025-11-07 15:20:34,400 : INFO : EventManager : Event: ======'machine_var_audits_switches_s_inlanes'====== Args={'value': 159, 'prev_value': None, 'change': True}
2025-11-07 15:20:34,400 : INFO : EventManager : Event: ======'machine_var_audits_switches_s_left_bank_target_left'====== Args={'value': 36, 'prev_value': None, 'change': True}
2025-11-07 15:20:34,400 : INFO : EventManager : Event: ======'machine_var_audits_switches_s_left_bank_target_middle'====== Args={'value': 27, 'prev_value': None, 'change': True}
2025-11-07 15:20:34,400 : INFO : EventManager : Event: ======'machine_var_audits_switches_s_left_bank_target_right'====== Args={'value': 27, 'prev_value': None, 'change': True}
2025-11-07 15:20:34,400 : INFO : EventManager : Event: ======'machine_var_audits_switches_s_left_inlane'====== Args={'value': 2, 'prev_value': None, 'change': True}
2025-11-07 15:20:34,400 : INFO : EventManager : Event: ======'machine_var_audits_switches_s_left_lower_bumper'====== Args={'value': 34, 'prev_value': None, 'change': True}
2025-11-07 15:20:34,400 : INFO : EventManager : Event: ======'machine_var_audits_switches_s_left_outlane'====== Args={'value': 1, 'prev_value': None, 'change': True}
2025-11-07 15:20:34,400 : INFO : EventManager : Event: ======'machine_var_audits_switches_s_left_outlane_rollover'====== Args={'value': 23, 'prev_value': None, 'change': True}
2025-11-07 15:20:34,400 : INFO : EventManager : Event: ======'machine_var_audits_switches_s_left_pop_bumper'====== Args={'value': 129, 'prev_value': None, 'change': True}
2025-11-07 15:20:34,400 : INFO : EventManager : Event: ======'machine_var_audits_switches_s_left_rollover'====== Args={'value': 2, 'prev_value': None, 'change': True}
2025-11-07 15:20:34,400 : INFO : EventManager : Event: ======'machine_var_audits_switches_s_left_skill_lane'====== Args={'value': 7, 'prev_value': None, 'change': True}
2025-11-07 15:20:34,401 : INFO : EventManager : Event: ======'machine_var_audits_switches_s_left_sling'====== Args={'value': 108, 'prev_value': None, 'change': True}
2025-11-07 15:20:34,401 : INFO : EventManager : Event: ======'machine_var_audits_switches_s_left_upper_bumper'====== Args={'value': 44, 'prev_value': None, 'change': True}
2025-11-07 15:20:34,401 : INFO : EventManager : Event: ======'machine_var_audits_switches_s_middle_pop_bumper'====== Args={'value': 131, 'prev_value': None, 'change': True}
2025-11-07 15:20:34,401 : INFO : EventManager : Event: ======'machine_var_audits_switches_s_middle_rollover'====== Args={'value': 9, 'prev_value': None, 'change': True}
2025-11-07 15:20:34,401 : INFO : EventManager : Event: ======'machine_var_audits_switches_s_middle_skill_lane'====== Args={'value': 89, 'prev_value': None, 'change': True}
2025-11-07 15:20:34,401 : INFO : EventManager : Event: ======'machine_var_audits_switches_s_middle_upper_rollovers'====== Args={'value': 97, 'prev_value': None, 'change': True}
2025-11-07 15:20:34,401 : INFO : EventManager : Event: ======'machine_var_audits_switches_s_outer_skill_lanes'====== Args={'value': 133, 'prev_value': None, 'change': True}
2025-11-07 15:20:34,401 : INFO : EventManager : Event: ======'machine_var_audits_switches_s_pop_bumper_bottom'====== Args={'value': 6, 'prev_value': None, 'change': True}
2025-11-07 15:20:34,401 : INFO : EventManager : Event: ======'machine_var_audits_switches_s_pop_bumper_left'====== Args={'value': 2, 'prev_value': None, 'change': True}
2025-11-07 15:20:34,401 : INFO : EventManager : Event: ======'machine_var_audits_switches_s_pop_bumper_right'====== Args={'value': 1, 'prev_value': None, 'change': True}
2025-11-07 15:20:34,401 : INFO : EventManager : Event: ======'machine_var_audits_switches_s_right_bank_target_left'====== Args={'value': 56, 'prev_value': None, 'change': True}
2025-11-07 15:20:34,401 : INFO : EventManager : Event: ======'machine_var_audits_switches_s_right_bank_target_middle'====== Args={'value': 43, 'prev_value': None, 'change': True}
2025-11-07 15:20:34,401 : INFO : EventManager : Event: ======'machine_var_audits_switches_s_right_bank_target_right'====== Args={'value': 40, 'prev_value': None, 'change': True}
2025-11-07 15:20:34,401 : INFO : EventManager : Event: ======'machine_var_audits_switches_s_right_inlane'====== Args={'value': 28, 'prev_value': None, 'change': True}
2025-11-07 15:20:34,402 : INFO : EventManager : Event: ======'machine_var_audits_switches_s_right_outlane'====== Args={'value': 1, 'prev_value': None, 'change': True}
2025-11-07 15:20:34,402 : INFO : EventManager : Event: ======'machine_var_audits_switches_s_right_outlane_rollover'====== Args={'value': 6, 'prev_value': None, 'change': True}
2025-11-07 15:20:34,402 : INFO : EventManager : Event: ======'machine_var_audits_switches_s_right_pop_bumper'====== Args={'value': 183, 'prev_value': None, 'change': True}
2025-11-07 15:20:34,402 : INFO : EventManager : Event: ======'machine_var_audits_switches_s_right_rollover'====== Args={'value': 0, 'prev_value': None, 'change': True}
2025-11-07 15:20:34,402 : INFO : EventManager : Event: ======'machine_var_audits_switches_s_right_skill_lane'====== Args={'value': 5, 'prev_value': None, 'change': True}
2025-11-07 15:20:34,402 : INFO : EventManager : Event: ======'machine_var_audits_switches_s_right_sling'====== Args={'value': 81, 'prev_value': None, 'change': True}
2025-11-07 15:20:34,402 : INFO : EventManager : Event: ======'machine_var_audits_switches_s_rollover_upper'====== Args={'value': 3, 'prev_value': None, 'change': True}
2025-11-07 15:20:34,402 : INFO : EventManager : Event: ======'machine_var_audits_switches_s_saucer'====== Args={'value': 103, 'prev_value': None, 'change': True}
2025-11-07 15:20:34,402 : INFO : EventManager : Event: ======'machine_var_audits_switches_s_slam_tilt'====== Args={'value': 6, 'prev_value': None, 'change': True}
2025-11-07 15:20:34,402 : INFO : EventManager : Event: ======'machine_var_audits_switches_s_spinner'====== Args={'value': 430, 'prev_value': None, 'change': True}
2025-11-07 15:20:34,402 : INFO : EventManager : Event: ======'machine_var_audits_switches_s_stand_up'====== Args={'value': 8, 'prev_value': None, 'change': True}
2025-11-07 15:20:34,402 : INFO : EventManager : Event: ======'machine_var_audits_switches_s_start_button'====== Args={'value': 39, 'prev_value': None, 'change': True}
2025-11-07 15:20:34,402 : INFO : EventManager : Event: ======'machine_var_audits_switches_s_tilt'====== Args={'value': 2, 'prev_value': None, 'change': True}
2025-11-07 15:20:34,403 : INFO : EventManager : Event: ======'machine_var_audits_switches_s_trough'====== Args={'value': 540, 'prev_value': None, 'change': True}
2025-11-07 15:20:34,403 : INFO : EventManager : Event: ======'init_phase_5'====== Args={}
2025-11-07 15:20:34,434 : INFO : EventManager : Event: ======'init_done'====== Args={}
2025-11-07 15:20:34,434 : INFO : EventManager : Event: ======'machine_reset_phase_1'====== Args={}
2025-11-07 15:20:34,448 : INFO : EventManager : Event: ======'machine_reset_phase_2'====== Args={}
2025-11-07 15:20:34,449 : INFO : EventManager : Event: ======'machine_reset_phase_3'====== Args={}
2025-11-07 15:20:34,449 : INFO : EventManager : Event: ======'mode_attract_will_start'====== Args={'queue': <QueuedEvent>}
2025-11-07 15:20:34,450 : INFO : EventManager : Event: ======'mode_attract_starting'====== Args={'queue': <QueuedEvent>}
2025-11-07 15:20:34,451 : INFO : Mode.attract : Started. Priority: 10
2025-11-07 15:20:34,451 : INFO : EventManager : Event: ======'modes_active_modes_changed'====== Args={}
2025-11-07 15:20:34,451 : INFO : EventManager : Event: ======'mode_attract_started'====== Args={'queue': <QueuedEvent>}
2025-11-07 15:20:34,451 : INFO : EventManager : Event: ======'godot_attract_on'====== Args={'priority': 0}
2025-11-07 15:20:34,452 : INFO : EventManager : Event: ======'collecting_balls_complete'====== Args={}
2025-11-07 15:20:34,452 : INFO : EventManager : Event: ======'reset_complete'====== Args={}
2025-11-07 15:20:34,467 : INFO : Machine : Starting the main run loop with active modes: [<Mode.attract>]
2025-11-07 15:20:34,500 : INFO : EventManager : Event: ======'slide_attract_created'====== Args={'_from_bcp': True}
2025-11-07 15:20:34,500 : INFO : EventManager : Event: ======'slide__removed'====== Args={'_from_bcp': True}
2025-11-07 15:20:34,500 : INFO : EventManager : Event: ======'slide_attract_active'====== Args={'original_context': 'attract', 'original_calling_context': 'mode_attract_started', 'priority': 10.0, 'queue': '<QueuedEvent>', 'cmd': 'slides_play', '_from_bcp': True}
2025-11-07 15:20:36,426 : INFO : EventManager : Event: ======'attract_wave_complete'====== Args={'priority': 0}
2025-11-07 15:20:36,816 : INFO : EventManager : Event: ======'attract_pulse_complete'====== Args={'priority': 0}
2025-11-07 15:20:37,235 : INFO : EventManager : Event: ======'attract_pulse_complete'====== Args={'priority': 0}
2025-11-07 15:20:37,871 : INFO : SwitchController : <<<<<<< 's_start_button' active >>>>>>>
2025-11-07 15:20:38,072 : INFO : SwitchController : <<<<<<< 's_start_button' inactive >>>>>>>
2025-11-07 15:20:38,072 : INFO : EventManager : Event: ======'request_to_start_game'====== Args={}
2025-11-07 15:20:38,072 : INFO : EventManager : Event: ======'game_start'====== Args={'buttons': [], 'hold_time': 0.2029999999795109}
2025-11-07 15:20:38,072 : INFO : EventManager : Event: ======'mode_game_will_start'====== Args={'buttons': [], 'hold_time': 0.2029999999795109}
2025-11-07 15:20:38,073 : INFO : EventManager : Event: ======'mode_game_starting'====== Args={'buttons': [], 'hold_time': 0.2029999999795109}
2025-11-07 15:20:38,073 : INFO : Mode.game : Started. Priority: 20
2025-11-07 15:20:38,073 : INFO : EventManager : Event: ======'modes_active_modes_changed'====== Args={}
2025-11-07 15:20:38,073 : INFO : EventManager : Event: ======'mode_game_started'====== Args={'buttons': [], 'hold_time': 0.2029999999795109}
2025-11-07 15:20:38,089 : INFO : EventManager : Event: ======'game_will_start'====== Args={}
2025-11-07 15:20:38,089 : INFO : EventManager : Event: ======'game_starting'====== Args={'game': <Mode.game>}
2025-11-07 15:20:38,090 : INFO : EventManager : Event: ======'mode_attract_will_stop'====== Args={}
2025-11-07 15:20:38,090 : INFO : EventManager : Event: ======'mode_attract_stopping'====== Args={}
2025-11-07 15:20:38,090 : INFO : EventManager : Event: ======'godot_attract_off'====== Args={'priority': 0}
2025-11-07 15:20:38,090 : INFO : EventManager : Unordered handler for class <Auditor> on event game_ended with priority 1. Handlers: [RegisteredHandler(callback=<bound method Auditor.disable of <Auditor>>, priority=1, kwargs={}, key=UUID('303a6e82-801d-46a0-997f-611060f0d314'), condition=None, blocking_facility=None), RegisteredHandler(callback=<bound method Auditor._save_audits of <Auditor>>, priority=1, kwargs={}, key=UUID('b18c2a4b-0ebc-45b0-9cee-258f270b00c6'), condition=None, blocking_facility=None)]. The order of those handlers is not defined and they will be executed in random order. This might lead to race conditions and potential bugs.
2025-11-07 15:20:38,090 : INFO : EventManager : Event: ======'godot_attract_off'====== Args={'priority': 0}
2025-11-07 15:20:38,091 : INFO : Mode.attract : Stopped.
2025-11-07 15:20:38,091 : INFO : EventManager : Event: ======'modes_active_modes_changed'====== Args={}
2025-11-07 15:20:38,091 : INFO : EventManager : Event: ======'mode_attract_stopped'====== Args={}
2025-11-07 15:20:38,091 : INFO : EventManager : Event: ======'clear'====== Args={'key': 'attract'}
2025-11-07 15:20:38,091 : INFO : EventManager : Event: ======'player_add_request'====== Args={}
2025-11-07 15:20:38,092 : INFO : EventManager : Event: ======'player_will_add'====== Args={'number': 1}
2025-11-07 15:20:38,092 : INFO : EventManager : Event: ======'player_adding'====== Args={'player': <Player 1>, 'number': 1}
2025-11-07 15:20:38,092 : INFO : EventManager : Event: ======'player_added'====== Args={'player': <Player 1>, 'num': 1}
2025-11-07 15:20:38,092 : INFO : Mode.game : Player added successfully. Total players: 1
2025-11-07 15:20:38,093 : INFO : EventManager : Event: ======'player_index'====== Args={'value': 0, 'prev_value': 0, 'change': 0, 'player_num': 1}
2025-11-07 15:20:38,093 : INFO : EventManager : Event: ======'player_number'====== Args={'value': 1, 'prev_value': 1, 'change': 0, 'player_num': 1}
2025-11-07 15:20:38,093 : INFO : EventManager : Event: ======'player_score'====== Args={'value': 0, 'prev_value': 0, 'change': 0, 'player_num': 1}
2025-11-07 15:20:38,094 : INFO : EventManager : Unordered handler for class <Auditor> on event game_ended with priority 1. Handlers: [RegisteredHandler(callback=<bound method Auditor.disable of <Auditor>>, priority=1, kwargs={}, key=UUID('303a6e82-801d-46a0-997f-611060f0d314'), condition=None, blocking_facility=None), RegisteredHandler(callback=<bound method Auditor._save_audits of <Auditor>>, priority=1, kwargs={}, key=UUID('b18c2a4b-0ebc-45b0-9cee-258f270b00c6'), condition=None, blocking_facility=None)]. The order of those handlers is not defined and they will be executed in random order. This might lead to race conditions and potential bugs.
2025-11-07 15:20:38,112 : INFO : EventManager : Event: ======'game_started'====== Args={}
2025-11-07 15:20:38,112 : INFO : EventManager : Event: ======'blink_on'====== Args={'priority': 0}
2025-11-07 15:20:38,113 : INFO : EventManager : Event: ======'player_turn_will_start'====== Args={'player': <Player 1>, 'number': 1}
2025-11-07 15:20:38,118 : INFO : EventManager : Event: ======'player_turn_starting'====== Args={'player': <Player 1>, 'number': 1}
2025-11-07 15:20:38,118 : INFO : EventManager : Event: ======'player_ball'====== Args={'value': 1, 'prev_value': 0, 'change': 1, 'player_num': 1}
2025-11-07 15:20:38,119 : INFO : EventManager : Event: ======'player_turn_started'====== Args={'player': <Player 1>, 'number': 1}
2025-11-07 15:20:38,119 : INFO : EventManager : Event: ======'ball_will_start'====== Args={'player': 1, 'ball': 1, 'balls_remaining': 2, 'is_extra_ball': False}
2025-11-07 15:20:38,124 : INFO : EventManager : Event: ======'ball_starting'====== Args={'player': 1, 'ball': 1, 'balls_remaining': 2, 'is_extra_ball': False}
2025-11-07 15:20:38,124 : INFO : EventManager : Event: ======'mode_base_will_start'====== Args={'queue': <QueuedEvent>, 'player': 1, 'ball': 1, 'balls_remaining': 2, 'is_extra_ball': False}
2025-11-07 15:20:38,125 : INFO : EventManager : Event: ======'player_shot_sh_escape_graveyard_start_enabled'====== Args={'value': False, 'prev_value': 0, 'change': 0, 'player_num': 1}
2025-11-07 15:20:38,125 : INFO : EventManager : Unordered handler for class <Auditor> on event game_ended with priority 1. Handlers: [RegisteredHandler(callback=<bound method Auditor.disable of <Auditor>>, priority=1, kwargs={}, key=UUID('303a6e82-801d-46a0-997f-611060f0d314'), condition=None, blocking_facility=None), RegisteredHandler(callback=<bound method Auditor._save_audits of <Auditor>>, priority=1, kwargs={}, key=UUID('b18c2a4b-0ebc-45b0-9cee-258f270b00c6'), condition=None, blocking_facility=None)]. The order of those handlers is not defined and they will be executed in random order. This might lead to race conditions and potential bugs.
2025-11-07 15:20:38,126 : INFO : EventManager : Unordered handler for class <Auditor> on event game_ended with priority 1. Handlers: [RegisteredHandler(callback=<bound method Auditor.disable of <Auditor>>, priority=1, kwargs={}, key=UUID('303a6e82-801d-46a0-997f-611060f0d314'), condition=None, blocking_facility=None), RegisteredHandler(callback=<bound method Auditor._save_audits of <Auditor>>, priority=1, kwargs={}, key=UUID('b18c2a4b-0ebc-45b0-9cee-258f270b00c6'), condition=None, blocking_facility=None)]. The order of those handlers is not defined and they will be executed in random order. This might lead to race conditions and potential bugs.
2025-11-07 15:20:38,128 : INFO : EventManager : Event: ======'mode_base_starting'====== Args={'queue': <QueuedEvent>, 'player': 1, 'ball': 1, 'balls_remaining': 2, 'is_extra_ball': False}
2025-11-07 15:20:38,128 : INFO : drop_target_bank.right_bank : All targets are already up. Will not reset bank.
2025-11-07 15:20:38,128 : INFO : drop_target_bank.left_bank : All targets are already up. Will not reset bank.
2025-11-07 15:20:38,130 : INFO : EventManager : Event: ======'balls_in_play'====== Args={'balls': 1}
2025-11-07 15:20:38,130 : INFO : EventManager : Event: ======'ball_started'====== Args={'player': 1, 'ball': 1, 'balls_remaining': 2, 'is_extra_ball': False}
2025-11-07 15:20:38,131 : INFO : EventManager : Event: ======'logicblock_eg_pop_counter_updated'====== Args={'value': 0, 'enabled': True}
2025-11-07 15:20:38,131 : INFO : EventManager : Event: ======'logicblock_eg_pop_counter_updated'====== Args={'value': 0, 'enabled': True}
2025-11-07 15:20:38,131 : INFO : Mode.base : Started. Priority: 50
2025-11-07 15:20:38,131 : INFO : EventManager : Event: ======'modes_active_modes_changed'====== Args={}
2025-11-07 15:20:38,131 : INFO : EventManager : Event: ======'mode_base_started'====== Args={'queue': <QueuedEvent>, 'player': 1, 'ball': 1, 'balls_remaining': 2, 'is_extra_ball': False}
2025-11-07 15:20:38,131 : INFO : EventManager : Event: ======'logicblock_eg_pop_counter_updated'====== Args={'value': 0, 'enabled': True}
2025-11-07 15:20:38,131 : INFO : EventManager : Event: ======'start_firstball_intro'====== Args={'priority': 0}
2025-11-07 15:20:38,133 : INFO : EventManager : Unordered handler for class <Auditor> on event game_ended with priority 1. Handlers: [RegisteredHandler(callback=<bound method Auditor.disable of <Auditor>>, priority=1, kwargs={}, key=UUID('303a6e82-801d-46a0-997f-611060f0d314'), condition=None, blocking_facility=None), RegisteredHandler(callback=<bound method Auditor._save_audits of <Auditor>>, priority=1, kwargs={}, key=UUID('b18c2a4b-0ebc-45b0-9cee-258f270b00c6'), condition=None, blocking_facility=None)]. The order of those handlers is not defined and they will be executed in random order. This might lead to race conditions and potential bugs.
2025-11-07 15:20:38,134 : INFO : EventManager : Event: ======'stop_mode_attract'====== Args={'priority': 0}
2025-11-07 15:20:38,134 : INFO : EventManager : Event: ======'mode_attract_will_stop'====== Args={'priority': 0}
2025-11-07 15:20:38,134 : INFO : EventManager : Event: ======'godot_attract_off'====== Args={'priority': 0}
2025-11-07 15:20:38,134 : INFO : EventManager : Event: ======'godot_play_base'====== Args={'priority': 0}
2025-11-07 15:20:38,135 : INFO : EventManager : Event: ======'single_player_ball_started'====== Args={}
2025-11-07 15:20:38,147 : INFO : EventManager : Event: ======'ball_start_target'====== Args={'target': 'playfield'}
2025-11-07 15:20:38,148 : INFO : ball_device.bd_trough : Setting up player-controlled eject. Balls: 1, Target: <playfield.playfield>, player_controlled_eject_event: None
2025-11-07 15:20:38,148 : INFO : ball_device.bd_trough : Adding 1 ball(s) to the eject_queue with target <playfield.playfield>.
2025-11-07 15:20:38,148 : INFO : EventManager : Event: ======'balldevice_balls_available'====== Args={}
2025-11-07 15:20:38,149 : INFO : ball_device.bd_trough : State: waiting_for_target_ready
2025-11-07 15:20:38,149 : INFO : EventManager : Event: ======'balldevice_bd_trough_ball_eject_attempt'====== Args={'balls': 1, 'target': <playfield.playfield>, 'source': <ball_device.bd_trough>, 'mechanical_eject': False, 'num_attempts': 0}
2025-11-07 15:20:38,149 : INFO : ball_device.bd_trough : State: ejecting
2025-11-07 15:20:38,149 : INFO : ball_device.bd_trough : Ejecting ball to <playfield.playfield>
2025-11-07 15:20:38,149 : INFO : EventManager : Event: ======'balldevice_bd_trough_ejecting_ball'====== Args={'balls': 1, 'target': <playfield.playfield>, 'source': <ball_device.bd_trough>, 'mechanical_eject': False, 'num_attempts': 0}
2025-11-07 15:20:38,150 : INFO : ball_device.bd_trough : Wait for ball to leave device
2025-11-07 15:20:38,150 : INFO : coil.c_trough_eject : Pulsing Driver for 40ms (1.0 pulse_power)
2025-11-07 15:20:38,198 : INFO : SwitchController : <<<<<<< 's_trough' inactive >>>>>>>
2025-11-07 15:20:38,206 : INFO : ball_device.bd_trough : State: ball_left
2025-11-07 15:20:38,206 : INFO : ball_device.bd_trough : Ball left
2025-11-07 15:20:38,206 : INFO : ball_device.bd_trough : Wait for confirm with timeout 10.0
2025-11-07 15:20:38,236 : INFO : EventManager : Event: ======'slide_base_created'====== Args={'_from_bcp': True}
2025-11-07 15:20:38,236 : INFO : EventManager : Event: ======'slide_attract_inactive'====== Args={'is_removing': True, '_from_bcp': True}
2025-11-07 15:20:38,237 : INFO : EventManager : Event: ======'slide_base_active'====== Args={'original_context': 'base', 'original_calling_context': 'mode_base_started', 'priority': 50.0, 'queue': '<QueuedEvent>', 'player': 1.0, 'ball': 1.0, 'balls_remaining': 2.0, 'is_extra_ball': False, 'cmd': 'slides_play', '_from_bcp': True}
2025-11-07 15:20:38,237 : INFO : EventManager : Event: ======'slide_attract_removed'====== Args={'_from_bcp': True}
2025-11-07 15:20:38,711 : INFO : EventManager : Event: ======'blink_off'====== Args={'priority': 0}
2025-11-07 15:20:39,302 : INFO : EventManager : Event: ======'blink_on'====== Args={'priority': 0}
2025-11-07 15:20:39,909 : INFO : EventManager : Event: ======'blink_off'====== Args={'priority': 0}
2025-11-07 15:20:39,910 : INFO : EventManager : Unordered handler for class <Auditor> on event game_ended with priority 1. Handlers: [RegisteredHandler(callback=<bound method Auditor.disable of <Auditor>>, priority=1, kwargs={}, key=UUID('303a6e82-801d-46a0-997f-611060f0d314'), condition=None, blocking_facility=None), RegisteredHandler(callback=<bound method Auditor._save_audits of <Auditor>>, priority=1, kwargs={}, key=UUID('b18c2a4b-0ebc-45b0-9cee-258f270b00c6'), condition=None, blocking_facility=None)]. The order of those handlers is not defined and they will be executed in random order. This might lead to race conditions and potential bugs.
2025-11-07 15:20:40,517 : INFO : EventManager : Event: ======'blink_on'====== Args={'priority': 0}
2025-11-07 15:20:40,532 : INFO : SwitchController : <<<<<<< 's_right_inlane' active >>>>>>>
2025-11-07 15:20:40,532 : INFO : EventManager : Event: ======'s_right_inlane_active'====== Args={}
2025-11-07 15:20:40,532 : INFO : EventManager : Event: ======'sw_playfield_active'====== Args={}
2025-11-07 15:20:40,532 : INFO : EventManager : Event: ======'machine_var_audits_switches_s_right_inlane'====== Args={'value': 29, 'prev_value': 28, 'change': 1}
2025-11-07 15:20:40,533 : INFO : EventManager : Event: ======'player_score'====== Args={'value': 100, 'prev_value': 0, 'change': 100, 'player_num': 1, 'source': 'base'}
2025-11-07 15:20:40,533 : INFO : EventManager : Event: ======'playfield_active'====== Args={'source': None}
2025-11-07 15:20:40,548 : INFO : ball_device.bd_trough : Got eject confirm
2025-11-07 15:20:40,548 : INFO : ball_device.bd_trough : Eject successful
2025-11-07 15:20:40,548 : INFO : EventManager : Event: ======'balldevice_bd_trough_ball_eject_success'====== Args={'balls': 1, 'target': <playfield.playfield>}
2025-11-07 15:20:40,549 : INFO : EventManager : Event: ======'balldevice_playfield_ball_enter'====== Args={'new_balls': 1, 'unclaimed_balls': 1, 'device': <playfield.playfield>}
2025-11-07 15:20:40,549 : INFO : EventManager : Event: ======'playfield_ball_count_change'====== Args={'balls': 1, 'change': 1}
2025-11-07 15:20:40,549 : INFO : EventManager : Event: ======'balldevice_bd_trough_ball_count_changed'====== Args={'balls': 0}
2025-11-07 15:20:40,549 : INFO : ball_device.bd_trough : State: idle
2025-11-07 15:20:40,781 : INFO : SwitchController : <<<<<<< 's_right_inlane' inactive >>>>>>>
2025-11-07 15:20:41,108 : INFO : EventManager : Event: ======'blink_off'====== Args={'priority': 0}
2025-11-07 15:20:41,108 : INFO : EventManager : Unordered handler for class <Auditor> on event game_ended with priority 1. Handlers: [RegisteredHandler(callback=<bound method Auditor.disable of <Auditor>>, priority=1, kwargs={}, key=UUID('303a6e82-801d-46a0-997f-611060f0d314'), condition=None, blocking_facility=None), RegisteredHandler(callback=<bound method Auditor._save_audits of <Auditor>>, priority=1, kwargs={}, key=UUID('b18c2a4b-0ebc-45b0-9cee-258f270b00c6'), condition=None, blocking_facility=None)]. The order of those handlers is not defined and they will be executed in random order. This might lead to race conditions and potential bugs.
2025-11-07 15:20:41,716 : INFO : EventManager : Event: ======'blink_on'====== Args={'priority': 0}
2025-11-07 15:20:41,856 : INFO : SwitchController : <<<<<<< 's_trough' active >>>>>>>
2025-11-07 15:20:41,856 : INFO : EventManager : Event: ======'machine_var_audits_switches_s_trough'====== Args={'value': 541, 'prev_value': 540, 'change': 1}
2025-11-07 15:20:41,950 : INFO : SwitchController : <<<<<<< 's_trough' inactive >>>>>>>
2025-11-07 15:20:41,956 : INFO : SwitchController : <<<<<<< 's_trough' active >>>>>>>
2025-11-07 15:20:41,956 : INFO : EventManager : Event: ======'machine_var_audits_switches_s_trough'====== Args={'value': 542, 'prev_value': 541, 'change': 1}
2025-11-07 15:20:42,308 : INFO : EventManager : Event: ======'blink_off'====== Args={'priority': 0}
2025-11-07 15:20:42,308 : INFO : EventManager : Unordered handler for class <Auditor> on event game_ended with priority 1. Handlers: [RegisteredHandler(callback=<bound method Auditor.disable of <Auditor>>, priority=1, kwargs={}, key=UUID('303a6e82-801d-46a0-997f-611060f0d314'), condition=None, blocking_facility=None), RegisteredHandler(callback=<bound method Auditor._save_audits of <Auditor>>, priority=1, kwargs={}, key=UUID('b18c2a4b-0ebc-45b0-9cee-258f270b00c6'), condition=None, blocking_facility=None)]. The order of those handlers is not defined and they will be executed in random order. This might lead to race conditions and potential bugs.
2025-11-07 15:20:42,464 : INFO : EventManager : Event: ======'balldevice_bd_trough_ball_count_changed'====== Args={'balls': 1}
2025-11-07 15:20:42,464 : INFO : ball_device.bd_trough : Received unexpected ball
2025-11-07 15:20:42,465 : INFO : EventManager : Event: ======'balldevice_captured_from_playfield'====== Args={'balls': 1}
2025-11-07 15:20:42,465 : INFO : EventManager : Event: ======'sw_playfield_active'====== Args={'balls': 1}
2025-11-07 15:20:42,465 : INFO : EventManager : Event: ======'playfield_ball_count_change'====== Args={'balls': 0, 'change': -1}
2025-11-07 15:20:42,466 : INFO : EventManager : Event: ======'balldevice_bd_trough_ball_enter'====== Args={'new_balls': 1, 'unclaimed_balls': 1, 'new_available_balls': 1, 'device': <ball_device.bd_trough>}
2025-11-07 15:20:42,466 : INFO : EventManager : Event: ======'ball_drain'====== Args={'device': <ball_device.bd_trough>, 'balls': 1}
2025-11-07 15:20:42,466 : INFO : EventManager : Event: ======'ball_will_end'====== Args={}
2025-11-07 15:20:42,466 : INFO : EventManager : Event: ======'balldevice_balls_available'====== Args={}
2025-11-07 15:20:42,467 : INFO : EventManager : Event: ======'balldevice_bd_trough_ball_entered'====== Args={'new_balls': 1, 'device': <ball_device.bd_trough>}
2025-11-07 15:20:42,468 : INFO : EventManager : Event: ======'ball_ending'====== Args={}
2025-11-07 15:20:42,468 : INFO : EventManager : Event: ======'mode_base_will_stop'====== Args={}
2025-11-07 15:20:42,468 : INFO : EventManager : Event: ======'mode_base_stopping'====== Args={}
2025-11-07 15:20:42,468 : INFO : EventManager : Event: ======'godot_stop_base'====== Args={'priority': 0}
2025-11-07 15:20:42,469 : INFO : Mode.base : Stopped.
2025-11-07 15:20:42,469 : INFO : EventManager : Event: ======'modes_active_modes_changed'====== Args={}
2025-11-07 15:20:42,469 : INFO : EventManager : Event: ======'mode_base_stopped'====== Args={}
2025-11-07 15:20:42,469 : INFO : EventManager : Event: ======'clear'====== Args={'key': 'base'}
2025-11-07 15:20:42,482 : INFO : EventManager : Event: ======'ball_ended'====== Args={}
2025-11-07 15:20:42,483 : INFO : EventManager : Event: ======'player_turn_will_end'====== Args={'player': <Player 1>, 'number': 1}
2025-11-07 15:20:42,488 : INFO : EventManager : Event: ======'player_turn_ending'====== Args={'player': <Player 1>, 'number': 1}
2025-11-07 15:20:42,488 : INFO : EventManager : Event: ======'player_turn_ended'====== Args={'player': <Player 1>, 'number': 1}
2025-11-07 15:20:42,488 : INFO : EventManager : Event: ======'player_turn_will_start'====== Args={'player': <Player 1>, 'number': 1}
2025-11-07 15:20:42,488 : INFO : EventManager : Event: ======'player_turn_starting'====== Args={'player': <Player 1>, 'number': 1}
2025-11-07 15:20:42,490 : INFO : EventManager : Event: ======'player_ball'====== Args={'value': 2, 'prev_value': 1, 'change': 1, 'player_num': 1}
2025-11-07 15:20:42,490 : INFO : EventManager : Event: ======'player_turn_started'====== Args={'player': <Player 1>, 'number': 1}
2025-11-07 15:20:42,491 : INFO : EventManager : Event: ======'ball_will_start'====== Args={'player': 1, 'ball': 2, 'balls_remaining': 1, 'is_extra_ball': False}
2025-11-07 15:20:42,495 : INFO : EventManager : Event: ======'ball_starting'====== Args={'player': 1, 'ball': 2, 'balls_remaining': 1, 'is_extra_ball': False}
2025-11-07 15:20:42,496 : INFO : EventManager : Event: ======'mode_base_will_start'====== Args={'queue': <QueuedEvent>, 'player': 1, 'ball': 2, 'balls_remaining': 1, 'is_extra_ball': False}
2025-11-07 15:20:42,496 : INFO : EventManager : Unordered handler for class <Auditor> on event game_ended with priority 1. Handlers: [RegisteredHandler(callback=<bound method Auditor.disable of <Auditor>>, priority=1, kwargs={}, key=UUID('303a6e82-801d-46a0-997f-611060f0d314'), condition=None, blocking_facility=None), RegisteredHandler(callback=<bound method Auditor._save_audits of <Auditor>>, priority=1, kwargs={}, key=UUID('b18c2a4b-0ebc-45b0-9cee-258f270b00c6'), condition=None, blocking_facility=None)]. The order of those handlers is not defined and they will be executed in random order. This might lead to race conditions and potential bugs.
2025-11-07 15:20:42,497 : INFO : EventManager : Unordered handler for class <Auditor> on event game_ended with priority 1. Handlers: [RegisteredHandler(callback=<bound method Auditor.disable of <Auditor>>, priority=1, kwargs={}, key=UUID('303a6e82-801d-46a0-997f-611060f0d314'), condition=None, blocking_facility=None), RegisteredHandler(callback=<bound method Auditor._save_audits of <Auditor>>, priority=1, kwargs={}, key=UUID('b18c2a4b-0ebc-45b0-9cee-258f270b00c6'), condition=None, blocking_facility=None)]. The order of those handlers is not defined and they will be executed in random order. This might lead to race conditions and potential bugs.
2025-11-07 15:20:42,500 : INFO : EventManager : Event: ======'mode_base_starting'====== Args={'queue': <QueuedEvent>, 'player': 1, 'ball': 2, 'balls_remaining': 1, 'is_extra_ball': False}
2025-11-07 15:20:42,500 : INFO : drop_target_bank.right_bank : All targets are already up. Will not reset bank.
2025-11-07 15:20:42,501 : INFO : drop_target_bank.left_bank : All targets are already up. Will not reset bank.
2025-11-07 15:20:42,501 : INFO : EventManager : Event: ======'balls_in_play'====== Args={'balls': 1}
2025-11-07 15:20:42,501 : INFO : EventManager : Event: ======'ball_started'====== Args={'player': 1, 'ball': 2, 'balls_remaining': 1, 'is_extra_ball': False}
2025-11-07 15:20:42,501 : INFO : EventManager : Event: ======'logicblock_eg_pop_counter_updated'====== Args={'value': 0, 'enabled': True}
2025-11-07 15:20:42,501 : INFO : EventManager : Event: ======'logicblock_eg_pop_counter_updated'====== Args={'value': 0, 'enabled': True}
2025-11-07 15:20:42,502 : INFO : Mode.base : Started. Priority: 50
2025-11-07 15:20:42,502 : INFO : EventManager : Event: ======'modes_active_modes_changed'====== Args={}
2025-11-07 15:20:42,502 : INFO : EventManager : Event: ======'mode_base_started'====== Args={'queue': <QueuedEvent>, 'player': 1, 'ball': 2, 'balls_remaining': 1, 'is_extra_ball': False}
2025-11-07 15:20:42,502 : INFO : EventManager : Event: ======'mode_music_ball_2plus_will_start'====== Args={'player': 1, 'ball': 2, 'balls_remaining': 1, 'is_extra_ball': False}
2025-11-07 15:20:42,502 : INFO : EventManager : Unordered handler for class <Auditor> on event game_ended with priority 1. Handlers: [RegisteredHandler(callback=<bound method Auditor.disable of <Auditor>>, priority=1, kwargs={}, key=UUID('303a6e82-801d-46a0-997f-611060f0d314'), condition=None, blocking_facility=None), RegisteredHandler(callback=<bound method Auditor._save_audits of <Auditor>>, priority=1, kwargs={}, key=UUID('b18c2a4b-0ebc-45b0-9cee-258f270b00c6'), condition=None, blocking_facility=None)]. The order of those handlers is not defined and they will be executed in random order. This might lead to race conditions and potential bugs.
2025-11-07 15:20:42,502 : INFO : EventManager : Event: ======'mode_music_ball_2plus_starting'====== Args={'player': 1, 'ball': 2, 'balls_remaining': 1, 'is_extra_ball': False}
2025-11-07 15:20:42,503 : INFO : EventManager : Event: ======'logicblock_eg_pop_counter_updated'====== Args={'value': 0, 'enabled': True}
2025-11-07 15:20:42,503 : INFO : EventManager : Event: ======'start_subsequent_loop'====== Args={'priority': 0}
2025-11-07 15:20:42,504 : INFO : EventManager : Unordered handler for class <Auditor> on event game_ended with priority 1. Handlers: [RegisteredHandler(callback=<bound method Auditor.disable of <Auditor>>, priority=1, kwargs={}, key=UUID('303a6e82-801d-46a0-997f-611060f0d314'), condition=None, blocking_facility=None), RegisteredHandler(callback=<bound method Auditor._save_audits of <Auditor>>, priority=1, kwargs={}, key=UUID('b18c2a4b-0ebc-45b0-9cee-258f270b00c6'), condition=None, blocking_facility=None)]. The order of those handlers is not defined and they will be executed in random order. This might lead to race conditions and potential bugs.
2025-11-07 15:20:42,504 : INFO : EventManager : Event: ======'firstballintro'====== Args={'priority': 0, 'action': 'stop', 'fade_out': '1s'}
2025-11-07 15:20:42,504 : INFO : EventManager : Event: ======'subsequentball'====== Args={'priority': 100, 'action': 'play', 'loops': -1, 'volume': 0.7}
2025-11-07 15:20:42,504 : INFO : EventManager : Event: ======'zombie3'====== Args={'priority': 0, 'action': 'play'}
2025-11-07 15:20:42,504 : INFO : EventManager : Event: ======'stop_mode_attract'====== Args={'priority': 0}
2025-11-07 15:20:42,504 : INFO : EventManager : Event: ======'mode_attract_will_stop'====== Args={'priority': 0}
2025-11-07 15:20:42,504 : INFO : EventManager : Event: ======'godot_attract_off'====== Args={'priority': 0}
2025-11-07 15:20:42,504 : INFO : EventManager : Event: ======'godot_play_base'====== Args={'priority': 0}
2025-11-07 15:20:42,505 : INFO : EventManager : Event: ======'start_subsequent_loop'====== Args={'priority': 0}
2025-11-07 15:20:42,505 : INFO : EventManager : Event: ======'firstballintro'====== Args={'priority': 0, 'action': 'stop', 'fade_out': '1s'}
2025-11-07 15:20:42,505 : INFO : EventManager : Event: ======'subsequentball'====== Args={'priority': 100, 'action': 'play', 'loops': -1, 'volume': 0.7}
2025-11-07 15:20:42,505 : INFO : EventManager : Event: ======'zombie3'====== Args={'priority': 0, 'action': 'play'}
2025-11-07 15:20:42,505 : INFO : Mode.music_ball_2plus : Started. Priority: 60
2025-11-07 15:20:42,505 : INFO : EventManager : Event: ======'modes_active_modes_changed'====== Args={}
2025-11-07 15:20:42,505 : INFO : EventManager : Event: ======'mode_music_ball_2plus_started'====== Args={'player': 1, 'ball': 2, 'balls_remaining': 1, 'is_extra_ball': False}
2025-11-07 15:20:42,506 : INFO : EventManager : Event: ======'single_player_ball_started'====== Args={}
2025-11-07 15:20:42,522 : INFO : EventManager : Event: ======'ball_start_target'====== Args={'target': 'playfield'}
2025-11-07 15:20:42,522 : INFO : EventManager : Event: ======'slide_base_created'====== Args={'_from_bcp': True}
2025-11-07 15:20:42,522 : INFO : EventManager : Event: ======'slide_base_inactive'====== Args={'is_removing': True, '_from_bcp': True}
2025-11-07 15:20:42,522 : INFO : EventManager : Event: ======'slide_base_active'====== Args={'original_context': 'base', 'original_calling_context': 'mode_base_started', 'priority': 50.0, 'queue': '<QueuedEvent>', 'player': 1.0, 'ball': 2.0, 'balls_remaining': 1.0, 'is_extra_ball': False, 'cmd': 'slides_play', '_from_bcp': True}
2025-11-07 15:20:42,522 : INFO : EventManager : Event: ======'slide_base_removed'====== Args={'_from_bcp': True}
2025-11-07 15:20:42,523 : INFO : ball_device.bd_trough : Setting up player-controlled eject. Balls: 1, Target: <playfield.playfield>, player_controlled_eject_event: None
2025-11-07 15:20:42,523 : INFO : ball_device.bd_trough : Adding 1 ball(s) to the eject_queue with target <playfield.playfield>.
2025-11-07 15:20:42,523 : INFO : EventManager : Event: ======'balldevice_balls_available'====== Args={}
2025-11-07 15:20:42,524 : INFO : ball_device.bd_trough : State: waiting_for_target_ready
2025-11-07 15:20:42,524 : INFO : EventManager : Event: ======'balldevice_bd_trough_ball_eject_attempt'====== Args={'balls': 1, 'target': <playfield.playfield>, 'source': <ball_device.bd_trough>, 'mechanical_eject': False, 'num_attempts': 0}
2025-11-07 15:20:42,525 : INFO : ball_device.bd_trough : State: ejecting
2025-11-07 15:20:42,525 : INFO : ball_device.bd_trough : Ejecting ball to <playfield.playfield>
2025-11-07 15:20:42,525 : INFO : EventManager : Event: ======'balldevice_bd_trough_ejecting_ball'====== Args={'balls': 1, 'target': <playfield.playfield>, 'source': <ball_device.bd_trough>, 'mechanical_eject': False, 'num_attempts': 0}
2025-11-07 15:20:42,526 : INFO : ball_device.bd_trough : Wait for ball to leave device
2025-11-07 15:20:42,526 : INFO : coil.c_trough_eject : Pulsing Driver for 40ms (1.0 pulse_power)
2025-11-07 15:20:42,571 : INFO : SwitchController : <<<<<<< 's_trough' inactive >>>>>>>
2025-11-07 15:20:42,578 : INFO : ball_device.bd_trough : State: ball_left
2025-11-07 15:20:42,578 : INFO : ball_device.bd_trough : Ball left
2025-11-07 15:20:42,578 : INFO : ball_device.bd_trough : Wait for confirm with timeout 10.0
2025-11-07 15:20:42,911 : INFO : EventManager : Event: ======'blink_on'====== Args={'priority': 0}
2025-11-07 15:20:43,503 : INFO : EventManager : Event: ======'blink_off'====== Args={'priority': 0}
2025-11-07 15:20:43,504 : INFO : EventManager : Unordered handler for class <Auditor> on event game_ended with priority 1. Handlers: [RegisteredHandler(callback=<bound method Auditor.disable of <Auditor>>, priority=1, kwargs={}, key=UUID('303a6e82-801d-46a0-997f-611060f0d314'), condition=None, blocking_facility=None), RegisteredHandler(callback=<bound method Auditor._save_audits of <Auditor>>, priority=1, kwargs={}, key=UUID('b18c2a4b-0ebc-45b0-9cee-258f270b00c6'), condition=None, blocking_facility=None)]. The order of those handlers is not defined and they will be executed in random order. This might lead to race conditions and potential bugs.
2025-11-07 15:20:44,106 : INFO : EventManager : Event: ======'blink_on'====== Args={'priority': 0}
2025-11-07 15:20:44,713 : INFO : EventManager : Event: ======'blink_off'====== Args={'priority': 0}
2025-11-07 15:20:44,713 : INFO : EventManager : Unordered handler for class <Auditor> on event game_ended with priority 1. Handlers: [RegisteredHandler(callback=<bound method Auditor.disable of <Auditor>>, priority=1, kwargs={}, key=UUID('303a6e82-801d-46a0-997f-611060f0d314'), condition=None, blocking_facility=None), RegisteredHandler(callback=<bound method Auditor._save_audits of <Auditor>>, priority=1, kwargs={}, key=UUID('b18c2a4b-0ebc-45b0-9cee-258f270b00c6'), condition=None, blocking_facility=None)]. The order of those handlers is not defined and they will be executed in random order. This might lead to race conditions and potential bugs.
2025-11-07 15:20:45,302 : INFO : EventManager : Event: ======'blink_on'====== Args={'priority': 0}
2025-11-07 15:20:45,920 : INFO : EventManager : Event: ======'blink_off'====== Args={'priority': 0}
2025-11-07 15:20:45,920 : INFO : EventManager : Unordered handler for class <Auditor> on event game_ended with priority 1. Handlers: [RegisteredHandler(callback=<bound method Auditor.disable of <Auditor>>, priority=1, kwargs={}, key=UUID('303a6e82-801d-46a0-997f-611060f0d314'), condition=None, blocking_facility=None), RegisteredHandler(callback=<bound method Auditor._save_audits of <Auditor>>, priority=1, kwargs={}, key=UUID('b18c2a4b-0ebc-45b0-9cee-258f270b00c6'), condition=None, blocking_facility=None)]. The order of those handlers is not defined and they will be executed in random order. This might lead to race conditions and potential bugs.
2025-11-07 15:20:46,507 : INFO : EventManager : Event: ======'blink_on'====== Args={'priority': 0}
2025-11-07 15:20:47,097 : INFO : EventManager : Event: ======'blink_off'====== Args={'priority': 0}
2025-11-07 15:20:47,098 : INFO : EventManager : Unordered handler for class <Auditor> on event game_ended with priority 1. Handlers: [RegisteredHandler(callback=<bound method Auditor.disable of <Auditor>>, priority=1, kwargs={}, key=UUID('303a6e82-801d-46a0-997f-611060f0d314'), condition=None, blocking_facility=None), RegisteredHandler(callback=<bound method Auditor._save_audits of <Auditor>>, priority=1, kwargs={}, key=UUID('b18c2a4b-0ebc-45b0-9cee-258f270b00c6'), condition=None, blocking_facility=None)]. The order of those handlers is not defined and they will be executed in random order. This might lead to race conditions and potential bugs.
2025-11-07 15:20:47,205 : INFO : Machine : Shutting down...
2025-11-07 15:20:47,207 : INFO : EventManager : Event: ======'shutdown'====== Args={}
2025-11-07 15:20:47,208 : INFO : EventManager : Event: ======'mode_game_will_stop'====== Args={}
2025-11-07 15:20:47,208 : INFO : EventManager : Event: ======'mode_game_stopping'====== Args={}
2025-11-07 15:20:47,209 : INFO : EventManager : Event: ======'mode_base_will_stop'====== Args={}
2025-11-07 15:20:47,210 : INFO : EventManager : Event: ======'mode_base_stopping'====== Args={}
2025-11-07 15:20:47,210 : INFO : EventManager : Event: ======'mode_music_ball_2plus_will_stop'====== Args={}
2025-11-07 15:20:47,210 : INFO : EventManager : Event: ======'mode_music_ball_2plus_stopping'====== Args={}
2025-11-07 15:20:47,210 : INFO : EventManager : Event: ======'godot_stop_base'====== Args={'priority': 0}
2025-11-07 15:20:47,210 : INFO : Mode.music_ball_2plus : Stopped.
2025-11-07 15:20:47,211 : INFO : EventManager : Event: ======'modes_active_modes_changed'====== Args={}
2025-11-07 15:20:47,211 : INFO : EventManager : Event: ======'mode_music_ball_2plus_stopped'====== Args={}
2025-11-07 15:20:47,211 : INFO : EventManager : Event: ======'clear'====== Args={'key': 'music_ball_2plus'}
2025-11-07 15:20:47,211 : INFO : Mode.base : Stopped.
2025-11-07 15:20:47,211 : INFO : EventManager : Event: ======'modes_active_modes_changed'====== Args={}
2025-11-07 15:20:47,211 : INFO : EventManager : Event: ======'mode_base_stopped'====== Args={}
2025-11-07 15:20:47,211 : INFO : EventManager : Event: ======'clear'====== Args={'key': 'base'}
2025-11-07 15:20:47,212 : INFO : Mode.game : Stopped.
2025-11-07 15:20:47,212 : INFO : EventManager : Event: ======'modes_active_modes_changed'====== Args={}
2025-11-07 15:20:47,212 : INFO : EventManager : Event: ======'mode_game_stopped'====== Args={}
2025-11-07 15:20:47,212 : INFO : EventManager : Event: ======'clear'====== Args={'key': 'game'}
2025-11-07 15:20:47,314 : INFO : root : MPF run loop ended.
