2025-10-24 16:07:55,913 : INFO : root : Loading config.
2025-10-24 16:07:55,919 : INFO : YamlMultifileConfigLoader : Machine config file #1: config.yaml
2025-10-24 16:07:55,920 : INFO : ConfigProcessor : Loading config from cache: C:\Users\antho\AppData\Local\Temp\fdca14d0c9d658ab8200d57120800af5.mpf_cache
2025-10-24 16:07:56,051 : WARNING : ConfigProcessor : Config file in cache changed: C:\Users\antho\nightpin\modes\attract\config\attract.yaml
2025-10-24 16:07:56,051 : INFO : ConfigProcessor : Loading config from file C:\Users\antho\mpf\Lib\site-packages\mpf\modes\attract\config\attract.yaml.
2025-10-24 16:07:56,053 : INFO : ConfigProcessor : Loading config: C:\Users\antho\mpf\Lib\site-packages\mpf\modes\attract\config\attract.yaml
2025-10-24 16:07:56,053 : INFO : ConfigProcessor : Loading config from file C:\Users\antho\nightpin\modes\attract\config\attract.yaml.
2025-10-24 16:07:56,054 : INFO : ConfigProcessor : Loading config: C:\Users\antho\nightpin\modes\attract\config\attract.yaml
2025-10-24 16:07:56,055 : INFO : ConfigProcessor : Config file cache created: C:\Users\antho\AppData\Local\Temp\5dec96b1547c4adf5bdd3d1715e74bc0.mpf_cache
2025-10-24 16:07:56,055 : INFO : ConfigProcessor : Loading config from cache: C:\Users\antho\AppData\Local\Temp\202a5840610e95051f9f473dfa660cc0.mpf_cache
2025-10-24 16:07:56,056 : INFO : ConfigProcessor : Loading config from cache: C:\Users\antho\AppData\Local\Temp\5dec96b1547c4adf5bdd3d1715e74bc0.mpf_cache
2025-10-24 16:07:56,059 : INFO : ConfigProcessor : Loading config from cache: C:\Users\antho\AppData\Local\Temp\2cd13a2d3f375e00ab01d6d09a85d8e7.mpf_cache
2025-10-24 16:07:56,060 : INFO : ConfigProcessor : Loading config from cache: C:\Users\antho\AppData\Local\Temp\9220b44b97b91972524500b81035d790.mpf_cache
2025-10-24 16:07:56,061 : INFO : ConfigProcessor : Loading config from cache: C:\Users\antho\AppData\Local\Temp\31ee881584fa6fce665a672a4f3f633a.mpf_cache
2025-10-24 16:07:56,061 : INFO : ConfigProcessor : Loading config from cache: C:\Users\antho\AppData\Local\Temp\5e841763ec73085bbf92358fe6afda21.mpf_cache
2025-10-24 16:07:56,062 : INFO : ConfigProcessor : Loading config from cache: C:\Users\antho\AppData\Local\Temp\b17152efa55a24f0424602723f8d3921.mpf_cache
2025-10-24 16:07:56,063 : INFO : ConfigProcessor : Loading config from cache: C:\Users\antho\AppData\Local\Temp\e87fc0e7d2f8a851b5fa3f604e0d0c6e.mpf_cache
2025-10-24 16:07:56,063 : INFO : ConfigProcessor : Loading config from cache: C:\Users\antho\AppData\Local\Temp\196ac76b6cab3a9880804c826cfbcb5c.mpf_cache
2025-10-24 16:07:56,064 : INFO : ConfigProcessor : Loading config from cache: C:\Users\antho\AppData\Local\Temp\834292dd7853e12a66732dc89828c828.mpf_cache
2025-10-24 16:07:56,064 : INFO : ConfigProcessor : Loading config from cache: C:\Users\antho\AppData\Local\Temp\ae2be9c5579852c305357e207df97e8b.mpf_cache
2025-10-24 16:07:56,065 : INFO : ConfigProcessor : Loading config from cache: C:\Users\antho\AppData\Local\Temp\46f8fa3e41dfeeb8232af2f03a13b6c4.mpf_cache
2025-10-24 16:07:56,065 : INFO : ConfigProcessor : Loading config from cache: C:\Users\antho\AppData\Local\Temp\c67e9c175da6c060302945929b27b878.mpf_cache
2025-10-24 16:07:56,066 : INFO : ConfigProcessor : Loading config from cache: C:\Users\antho\AppData\Local\Temp\1c965aadbb61a7e709e8884fad17ac0b.mpf_cache
2025-10-24 16:07:56,067 : INFO : ConfigProcessor : Loading config from cache: C:\Users\antho\AppData\Local\Temp\60ca9d662df3e70e96f6d7ec0f4491aa.mpf_cache
2025-10-24 16:07:56,067 : INFO : Machine : Mission Pinball Framework Core Engine v0.80.0.dev11
2025-10-24 16:07:56,067 : INFO : Machine : Command line arguments: {'no_load_cache': False, 'create_config_cache': True, 'bcp': True, 'configfile': ['config.yaml'], 'force_assets_load': False, 'platform_integration_test': False, 'jsonlogging': False, 'logfile': 'logs\\2025-10-24-16-07-55-mpf-LAPTOP-MPGP6R69.log', 'pause': False, 'production': False, 'text_ui': True, 'loglevel': 15, 'consoleloglevel': 20, 'force_platform': None, 'syslog_address': None, 'full_logfile_path': 'C:\\Users\\antho\\nightpin\\logs\\2025-10-24-16-07-55-mpf-LAPTOP-MPGP6R69.log'}
2025-10-24 16:07:56,067 : INFO : Machine : MPF path: C:\Users\antho\mpf\Lib\site-packages\mpf
2025-10-24 16:07:56,067 : INFO : Machine : Machine path: C:\Users\antho\nightpin
2025-10-24 16:07:56,067 : INFO : Machine : Platform: win32
2025-10-24 16:07:56,067 : INFO : Machine : Python executable location: C:\Users\antho\mpf\Scripts\python.exe
2025-10-24 16:07:56,068 : INFO : Machine : Python version: 3.12.7 (64-bit)
2025-10-24 16:07:56,070 : INFO : Machine : Initializing MPF...
2025-10-24 16:07:56,325 : INFO : lisy : Connecting to com3 at 115200bps
2025-10-24 16:07:56,326 : WARNING : lisy : Could not import terminos (this is ok on windows).
2025-10-24 16:07:56,487 : INFO : EventManager : Event: ======'machine_var_lisy_hardware'====== Args={'value': 'LISY35', 'prev_value': None, 'change': True}
2025-10-24 16:07:56,487 : INFO : EventManager : Event: ======'machine_var_lisy_version'====== Args={'value': '5.26 ', 'prev_value': None, 'change': True}
2025-10-24 16:07:56,487 : INFO : EventManager : Event: ======'machine_var_lisy_api_version'====== Args={'value': b'0.09', 'prev_value': None, 'change': True}
2025-10-24 16:07:57,812 : INFO : EventManager : Event: ======'machine_var_credits_string'====== Args={'value': 'FREE PLAY', 'prev_value': None, 'change': True}
2025-10-24 16:07:57,844 : INFO : EventManager : Event: ======'machine_var_master_volume'====== Args={'value': 0.5, 'prev_value': None, 'change': True}
2025-10-24 16:07:57,844 : INFO : EventManager : Event: ======'machine_var_player1_score'====== Args={'value': 4230, 'prev_value': None, 'change': True}
2025-10-24 16:07:57,844 : INFO : EventManager : Event: ======'machine_var_mpf_version'====== Args={'value': 'Mission Pinball Framework v0.80.0.dev11', 'prev_value': None, 'change': True}
2025-10-24 16:07:57,844 : INFO : EventManager : Event: ======'machine_var_mpf_extended_version'====== Args={'value': 'Mission Pinball Framework v0.80.0.dev11, Config version:6, Show version: 6, BCP version:1.1', 'prev_value': None, 'change': True}
2025-10-24 16:07:57,844 : INFO : EventManager : Event: ======'machine_var_python_version'====== Args={'value': '3.12.7', 'prev_value': None, 'change': True}
2025-10-24 16:07:57,959 : INFO : EventManager : Event: ======'machine_var_platform'====== Args={'value': 'Windows-11-10.0.26100-SP0', 'prev_value': None, 'change': True}
2025-10-24 16:07:57,959 : INFO : EventManager : Event: ======'machine_var_platform_system'====== Args={'value': 'Windows', 'prev_value': None, 'change': True}
2025-10-24 16:07:57,959 : INFO : EventManager : Event: ======'machine_var_platform_release'====== Args={'value': '11', 'prev_value': None, 'change': True}
2025-10-24 16:07:57,959 : INFO : EventManager : Event: ======'machine_var_platform_version'====== Args={'value': '10.0.26100', 'prev_value': None, 'change': True}
2025-10-24 16:07:57,960 : INFO : EventManager : Event: ======'machine_var_platform_machine'====== Args={'value': 'AMD64', 'prev_value': None, 'change': True}
2025-10-24 16:07:57,960 : INFO : EventManager : Event: ======'machine_var_log_file_path'====== Args={'value': 'C:\\Users\\antho\\nightpin\\logs\\2025-10-24-16-07-55-mpf-LAPTOP-MPGP6R69.log', 'prev_value': None, 'change': True}
2025-10-24 16:07:57,960 : INFO : EventManager : Event: ======'init_phase_1'====== Args={}
2025-10-24 16:07:57,991 : INFO : EventManager : Event: ======'drop_target_bank_right_bank_up'====== Args={}
2025-10-24 16:07:57,991 : INFO : EventManager : Event: ======'drop_target_bank_left_bank_up'====== Args={}
2025-10-24 16:07:57,992 : INFO : EventManager : Event: ======'init_phase_2'====== Args={}
2025-10-24 16:07:57,993 : INFO : SwitchController : Found active switch: ('8', <mpf.platforms.lisy.lisy.LisyHardwarePlatform object at 0x000001D8854396D0>) <switch.s_trough>
2025-10-24 16:07:58,001 : INFO : EventManager : Event: ======'bcp_connection_attempt'====== Args={'name': 'local_display', 'host': 'localhost', 'port': 5050}
2025-10-24 16:07:58,003 : INFO : BCPClientSocket : Connecting BCP to 'local_display' at localhost:5050...
2025-10-24 16:07:58,023 : INFO : BCPClientSocket : Connected BCP to 'local_display' localhost:5050
2025-10-24 16:07:58,023 : INFO : EventManager : Event: ======'bcp_clients_connected'====== Args={}
2025-10-24 16:07:58,130 : INFO : ball_device.bd_trough : BCH: Initial count: 1
2025-10-24 16:07:58,130 : INFO : ball_device.bd_trough : State: idle
2025-10-24 16:07:58,131 : INFO : ball_device.bd_saucer : BCH: Initial count: 0
2025-10-24 16:07:58,131 : INFO : ball_device.bd_saucer : State: idle
2025-10-24 16:07:58,143 : INFO : EventManager : Event: ======'init_phase_3'====== Args={}
2025-10-24 16:07:58,149 : INFO : EventManager : Event: ======'init_phase_4'====== Args={}
2025-10-24 16:07:58,149 : INFO : BallController : Initial balls found: 1
2025-10-24 16:07:58,151 : INFO : EventManager : Event: ======'machine_var_audits_events_game_ended'====== Args={'value': 1, 'prev_value': None, 'change': True}
2025-10-24 16:07:58,151 : INFO : EventManager : Event: ======'machine_var_audits_events_game_started'====== Args={'value': 10, 'prev_value': None, 'change': True}
2025-10-24 16:07:58,151 : INFO : EventManager : Event: ======'machine_var_audits_missing_switches_s_coin_right'====== Args={'value': 9, 'prev_value': None, 'change': True}
2025-10-24 16:07:58,151 : INFO : EventManager : Event: ======'machine_var_audits_missing_switches_s_credit_button'====== Args={'value': 9, 'prev_value': None, 'change': True}
2025-10-24 16:07:58,151 : INFO : EventManager : Event: ======'machine_var_audits_missing_switches_s_inlanes'====== Args={'value': 1, 'prev_value': None, 'change': True}
2025-10-24 16:07:58,151 : INFO : EventManager : Event: ======'machine_var_audits_missing_switches_s_left_bank_target_left'====== Args={'value': 1, 'prev_value': None, 'change': True}
2025-10-24 16:07:58,151 : INFO : EventManager : Event: ======'machine_var_audits_missing_switches_s_left_bank_target_middle'====== Args={'value': 1, 'prev_value': None, 'change': True}
2025-10-24 16:07:58,151 : INFO : EventManager : Event: ======'machine_var_audits_missing_switches_s_left_bank_target_right'====== Args={'value': 1, 'prev_value': None, 'change': True}
2025-10-24 16:07:58,151 : INFO : EventManager : Event: ======'machine_var_audits_missing_switches_s_left_lower_bumper'====== Args={'value': 1, 'prev_value': None, 'change': True}
2025-10-24 16:07:58,153 : INFO : EventManager : Event: ======'machine_var_audits_missing_switches_s_left_outlane_rollover'====== Args={'value': 1, 'prev_value': None, 'change': True}
2025-10-24 16:07:58,153 : INFO : EventManager : Event: ======'machine_var_audits_missing_switches_s_left_pop_bumper'====== Args={'value': 1, 'prev_value': None, 'change': True}
2025-10-24 16:07:58,153 : INFO : EventManager : Event: ======'machine_var_audits_missing_switches_s_left_sling'====== Args={'value': 1, 'prev_value': None, 'change': True}
2025-10-24 16:07:58,153 : INFO : EventManager : Event: ======'machine_var_audits_missing_switches_s_left_upper_bumper'====== Args={'value': 1, 'prev_value': None, 'change': True}
2025-10-24 16:07:58,153 : INFO : EventManager : Event: ======'machine_var_audits_missing_switches_s_middle_pop_bumper'====== Args={'value': 1, 'prev_value': None, 'change': True}
2025-10-24 16:07:58,153 : INFO : EventManager : Event: ======'machine_var_audits_missing_switches_s_middle_skill_lane'====== Args={'value': 1, 'prev_value': None, 'change': True}
2025-10-24 16:07:58,153 : INFO : EventManager : Event: ======'machine_var_audits_missing_switches_s_middle_upper_rollovers'====== Args={'value': 1, 'prev_value': None, 'change': True}
2025-10-24 16:07:58,153 : INFO : EventManager : Event: ======'machine_var_audits_missing_switches_s_outer_skill_lanes'====== Args={'value': 1, 'prev_value': None, 'change': True}
2025-10-24 16:07:58,153 : INFO : EventManager : Event: ======'machine_var_audits_missing_switches_s_right_bank_target_left'====== Args={'value': 1, 'prev_value': None, 'change': True}
2025-10-24 16:07:58,153 : INFO : EventManager : Event: ======'machine_var_audits_missing_switches_s_right_bank_target_middle'====== Args={'value': 2, 'prev_value': None, 'change': True}
2025-10-24 16:07:58,153 : INFO : EventManager : Event: ======'machine_var_audits_missing_switches_s_right_bank_target_right'====== Args={'value': 1, 'prev_value': None, 'change': True}
2025-10-24 16:07:58,153 : INFO : EventManager : Event: ======'machine_var_audits_missing_switches_s_right_outlane_rollover'====== Args={'value': 3, 'prev_value': None, 'change': True}
2025-10-24 16:07:58,153 : INFO : EventManager : Event: ======'machine_var_audits_missing_switches_s_right_pop_bumper'====== Args={'value': 1, 'prev_value': None, 'change': True}
2025-10-24 16:07:58,154 : INFO : EventManager : Event: ======'machine_var_audits_missing_switches_s_right_sling'====== Args={'value': 1, 'prev_value': None, 'change': True}
2025-10-24 16:07:58,154 : INFO : EventManager : Event: ======'machine_var_audits_missing_switches_s_saucer'====== Args={'value': 2, 'prev_value': None, 'change': True}
2025-10-24 16:07:58,154 : INFO : EventManager : Event: ======'machine_var_audits_missing_switches_s_slam_tilt'====== Args={'value': 9, 'prev_value': None, 'change': True}
2025-10-24 16:07:58,154 : INFO : EventManager : Event: ======'machine_var_audits_missing_switches_s_spinner'====== Args={'value': 1, 'prev_value': None, 'change': True}
2025-10-24 16:07:58,154 : INFO : EventManager : Event: ======'machine_var_audits_missing_switches_s_stand_up'====== Args={'value': 1, 'prev_value': None, 'change': True}
2025-10-24 16:07:58,154 : INFO : EventManager : Event: ======'machine_var_audits_missing_switches_s_start_button'====== Args={'value': 10, 'prev_value': None, 'change': True}
2025-10-24 16:07:58,154 : INFO : EventManager : Event: ======'machine_var_audits_missing_switches_s_tilt'====== Args={'value': 10, 'prev_value': None, 'change': True}
2025-10-24 16:07:58,154 : INFO : EventManager : Event: ======'machine_var_audits_player_score'====== Args={'value': {'average': 4230, 'top': [4230], 'total': 1}, 'prev_value': None, 'change': True}
2025-10-24 16:07:58,154 : INFO : EventManager : Event: ======'machine_var_audits_switches_s_coin_right'====== Args={'value': 1, 'prev_value': None, 'change': True}
2025-10-24 16:07:58,154 : INFO : EventManager : Event: ======'machine_var_audits_switches_s_credit_button'====== Args={'value': 2, 'prev_value': None, 'change': True}
2025-10-24 16:07:58,154 : INFO : EventManager : Event: ======'machine_var_audits_switches_s_inlanes'====== Args={'value': 9, 'prev_value': None, 'change': True}
2025-10-24 16:07:58,154 : INFO : EventManager : Event: ======'machine_var_audits_switches_s_left_bank_target_left'====== Args={'value': 15, 'prev_value': None, 'change': True}
2025-10-24 16:07:58,154 : INFO : EventManager : Event: ======'machine_var_audits_switches_s_left_bank_target_middle'====== Args={'value': 12, 'prev_value': None, 'change': True}
2025-10-24 16:07:58,155 : INFO : EventManager : Event: ======'machine_var_audits_switches_s_left_bank_target_right'====== Args={'value': 15, 'prev_value': None, 'change': True}
2025-10-24 16:07:58,155 : INFO : EventManager : Event: ======'machine_var_audits_switches_s_left_lower_bumper'====== Args={'value': 14, 'prev_value': None, 'change': True}
2025-10-24 16:07:58,155 : INFO : EventManager : Event: ======'machine_var_audits_switches_s_left_outlane_rollover'====== Args={'value': 4, 'prev_value': None, 'change': True}
2025-10-24 16:07:58,155 : INFO : EventManager : Event: ======'machine_var_audits_switches_s_left_pop_bumper'====== Args={'value': 28, 'prev_value': None, 'change': True}
2025-10-24 16:07:58,155 : INFO : EventManager : Event: ======'machine_var_audits_switches_s_left_sling'====== Args={'value': 29, 'prev_value': None, 'change': True}
2025-10-24 16:07:58,155 : INFO : EventManager : Event: ======'machine_var_audits_switches_s_left_upper_bumper'====== Args={'value': 7, 'prev_value': None, 'change': True}
2025-10-24 16:07:58,155 : INFO : EventManager : Event: ======'machine_var_audits_switches_s_middle_pop_bumper'====== Args={'value': 27, 'prev_value': None, 'change': True}
2025-10-24 16:07:58,155 : INFO : EventManager : Event: ======'machine_var_audits_switches_s_middle_skill_lane'====== Args={'value': 10, 'prev_value': None, 'change': True}
2025-10-24 16:07:58,155 : INFO : EventManager : Event: ======'machine_var_audits_switches_s_middle_upper_rollovers'====== Args={'value': 19, 'prev_value': None, 'change': True}
2025-10-24 16:07:58,155 : INFO : EventManager : Event: ======'machine_var_audits_switches_s_outer_skill_lanes'====== Args={'value': 14, 'prev_value': None, 'change': True}
2025-10-24 16:07:58,155 : INFO : EventManager : Event: ======'machine_var_audits_switches_s_pop_bumper_bottom'====== Args={'value': 6, 'prev_value': None, 'change': True}
2025-10-24 16:07:58,155 : INFO : EventManager : Event: ======'machine_var_audits_switches_s_pop_bumper_left'====== Args={'value': 2, 'prev_value': None, 'change': True}
2025-10-24 16:07:58,155 : INFO : EventManager : Event: ======'machine_var_audits_switches_s_pop_bumper_right'====== Args={'value': 1, 'prev_value': None, 'change': True}
2025-10-24 16:07:58,155 : INFO : EventManager : Event: ======'machine_var_audits_switches_s_right_bank_target_left'====== Args={'value': 9, 'prev_value': None, 'change': True}
2025-10-24 16:07:58,156 : INFO : EventManager : Event: ======'machine_var_audits_switches_s_right_bank_target_middle'====== Args={'value': 7, 'prev_value': None, 'change': True}
2025-10-24 16:07:58,156 : INFO : EventManager : Event: ======'machine_var_audits_switches_s_right_bank_target_right'====== Args={'value': 9, 'prev_value': None, 'change': True}
2025-10-24 16:07:58,156 : INFO : EventManager : Event: ======'machine_var_audits_switches_s_right_outlane_rollover'====== Args={'value': 2, 'prev_value': None, 'change': True}
2025-10-24 16:07:58,156 : INFO : EventManager : Event: ======'machine_var_audits_switches_s_right_pop_bumper'====== Args={'value': 27, 'prev_value': None, 'change': True}
2025-10-24 16:07:58,156 : INFO : EventManager : Event: ======'machine_var_audits_switches_s_right_sling'====== Args={'value': 24, 'prev_value': None, 'change': True}
2025-10-24 16:07:58,156 : INFO : EventManager : Event: ======'machine_var_audits_switches_s_saucer'====== Args={'value': 8, 'prev_value': None, 'change': True}
2025-10-24 16:07:58,156 : INFO : EventManager : Event: ======'machine_var_audits_switches_s_slam_tilt'====== Args={'value': 1, 'prev_value': None, 'change': True}
2025-10-24 16:07:58,156 : INFO : EventManager : Event: ======'machine_var_audits_switches_s_spinner'====== Args={'value': 107, 'prev_value': None, 'change': True}
2025-10-24 16:07:58,156 : INFO : EventManager : Event: ======'machine_var_audits_switches_s_stand_up'====== Args={'value': 3, 'prev_value': None, 'change': True}
2025-10-24 16:07:58,156 : INFO : EventManager : Event: ======'machine_var_audits_switches_s_start_button'====== Args={'value': 0, 'prev_value': None, 'change': True}
2025-10-24 16:07:58,156 : INFO : EventManager : Event: ======'machine_var_audits_switches_s_tilt'====== Args={'value': 0, 'prev_value': None, 'change': True}
2025-10-24 16:07:58,156 : INFO : EventManager : Event: ======'machine_var_audits_switches_s_trough'====== Args={'value': 47, 'prev_value': None, 'change': True}
2025-10-24 16:07:58,157 : INFO : EventManager : Event: ======'init_phase_5'====== Args={}
2025-10-24 16:07:58,191 : INFO : EventManager : Event: ======'init_done'====== Args={}
2025-10-24 16:07:58,202 : INFO : EventManager : Event: ======'machine_reset_phase_1'====== Args={}
2025-10-24 16:07:58,211 : INFO : EventManager : Event: ======'machine_reset_phase_2'====== Args={}
2025-10-24 16:07:58,212 : INFO : EventManager : Event: ======'machine_reset_phase_3'====== Args={}
2025-10-24 16:07:58,212 : INFO : EventManager : Event: ======'mode_attract_will_start'====== Args={'queue': <QueuedEvent>}
2025-10-24 16:07:58,212 : INFO : EventManager : Event: ======'mode_attract_starting'====== Args={'queue': <QueuedEvent>}
2025-10-24 16:07:58,213 : INFO : Mode.attract : Started. Priority: 10
2025-10-24 16:07:58,213 : INFO : EventManager : Event: ======'modes_active_modes_changed'====== Args={}
2025-10-24 16:07:58,213 : INFO : EventManager : Event: ======'mode_attract_started'====== Args={'queue': <QueuedEvent>}
2025-10-24 16:07:58,213 : INFO : EventManager : Event: ======'collecting_balls_complete'====== Args={}
2025-10-24 16:07:58,213 : INFO : EventManager : Event: ======'reset_complete'====== Args={}
2025-10-24 16:07:58,227 : INFO : Machine : Starting the main run loop with active modes: [<Mode.attract>]
2025-10-24 16:07:58,263 : INFO : EventManager : Event: ======'slide_attract_created'====== Args={'_from_bcp': True}
2025-10-24 16:07:58,263 : INFO : EventManager : Event: ======'slide__removed'====== Args={'_from_bcp': True}
2025-10-24 16:07:58,264 : INFO : EventManager : Event: ======'slide_attract_active'====== Args={'original_context': 'attract', 'original_calling_context': 'mode_attract_started', 'priority': 10.0, 'queue': '<QueuedEvent>', 'cmd': 'slides_play', '_from_bcp': True}
2025-10-24 16:08:04,280 : INFO : SwitchController : <<<<<<< 's_start_button' active >>>>>>>
2025-10-24 16:08:04,513 : INFO : SwitchController : <<<<<<< 's_start_button' inactive >>>>>>>
2025-10-24 16:08:04,513 : INFO : EventManager : Event: ======'request_to_start_game'====== Args={}
2025-10-24 16:08:04,513 : INFO : EventManager : Event: ======'game_start'====== Args={'buttons': [], 'hold_time': 0.23499999998603016}
2025-10-24 16:08:04,513 : INFO : EventManager : Event: ======'mode_game_will_start'====== Args={'buttons': [], 'hold_time': 0.23499999998603016}
2025-10-24 16:08:04,514 : INFO : EventManager : Event: ======'mode_game_starting'====== Args={'buttons': [], 'hold_time': 0.23499999998603016}
2025-10-24 16:08:04,514 : INFO : Mode.game : Started. Priority: 20
2025-10-24 16:08:04,514 : INFO : EventManager : Event: ======'modes_active_modes_changed'====== Args={}
2025-10-24 16:08:04,514 : INFO : EventManager : Event: ======'mode_game_started'====== Args={'buttons': [], 'hold_time': 0.23499999998603016}
2025-10-24 16:08:04,530 : INFO : EventManager : Event: ======'game_will_start'====== Args={}
2025-10-24 16:08:04,530 : INFO : EventManager : Event: ======'game_starting'====== Args={'game': <Mode.game>}
2025-10-24 16:08:04,531 : INFO : EventManager : Unordered handler for class <Auditor> on event game_ended with priority 1. Handlers: [RegisteredHandler(callback=<bound method Auditor.disable of <Auditor>>, priority=1, kwargs={}, key=UUID('8440036c-e98c-4931-87eb-726d5ecde8bd'), condition=None, blocking_facility=None), RegisteredHandler(callback=<bound method Auditor._save_audits of <Auditor>>, priority=1, kwargs={}, key=UUID('b8523ea9-e85d-4138-9857-398b12976038'), condition=None, blocking_facility=None)]. The order of those handlers is not defined and they will be executed in random order. This might lead to race conditions and potential bugs.
2025-10-24 16:08:04,531 : INFO : EventManager : Event: ======'player_add_request'====== Args={}
2025-10-24 16:08:04,531 : INFO : EventManager : Event: ======'player_will_add'====== Args={'number': 1}
2025-10-24 16:08:04,532 : INFO : EventManager : Event: ======'player_adding'====== Args={'player': <Player 1>, 'number': 1}
2025-10-24 16:08:04,532 : INFO : EventManager : Event: ======'player_added'====== Args={'player': <Player 1>, 'num': 1}
2025-10-24 16:08:04,532 : INFO : Mode.game : Player added successfully. Total players: 1
2025-10-24 16:08:04,532 : INFO : EventManager : Event: ======'player_index'====== Args={'value': 0, 'prev_value': 0, 'change': 0, 'player_num': 1}
2025-10-24 16:08:04,532 : INFO : EventManager : Event: ======'player_number'====== Args={'value': 1, 'prev_value': 1, 'change': 0, 'player_num': 1}
2025-10-24 16:08:04,532 : INFO : EventManager : Event: ======'player_score'====== Args={'value': 0, 'prev_value': 0, 'change': 0, 'player_num': 1}
2025-10-24 16:08:04,533 : INFO : EventManager : Event: ======'game_started'====== Args={}
2025-10-24 16:08:04,533 : INFO : EventManager : Event: ======'mode_attract_will_stop'====== Args={}
2025-10-24 16:08:04,533 : INFO : EventManager : Event: ======'mode_attract_stopping'====== Args={}
2025-10-24 16:08:04,533 : INFO : Mode.attract : Stopped.
2025-10-24 16:08:04,533 : INFO : EventManager : Event: ======'modes_active_modes_changed'====== Args={}
2025-10-24 16:08:04,533 : INFO : EventManager : Event: ======'mode_attract_stopped'====== Args={}
2025-10-24 16:08:04,533 : INFO : EventManager : Event: ======'clear'====== Args={'key': 'attract'}
2025-10-24 16:08:04,552 : INFO : EventManager : Event: ======'player_turn_will_start'====== Args={'player': <Player 1>, 'number': 1}
2025-10-24 16:08:04,553 : INFO : EventManager : Event: ======'player_turn_starting'====== Args={'player': <Player 1>, 'number': 1}
2025-10-24 16:08:04,553 : INFO : EventManager : Event: ======'player_ball'====== Args={'value': 1, 'prev_value': 0, 'change': 1, 'player_num': 1}
2025-10-24 16:08:04,554 : INFO : EventManager : Event: ======'player_turn_started'====== Args={'player': <Player 1>, 'number': 1}
2025-10-24 16:08:04,555 : INFO : EventManager : Event: ======'ball_will_start'====== Args={'player': 1, 'ball': 1, 'balls_remaining': 2, 'is_extra_ball': False}
2025-10-24 16:08:04,558 : INFO : EventManager : Event: ======'ball_starting'====== Args={'player': 1, 'ball': 1, 'balls_remaining': 2, 'is_extra_ball': False}
2025-10-24 16:08:04,558 : INFO : drop_target_bank.right_bank : All targets are already up. Will not reset bank.
2025-10-24 16:08:04,560 : INFO : drop_target_bank.left_bank : All targets are already up. Will not reset bank.
2025-10-24 16:08:04,560 : INFO : EventManager : Event: ======'balls_in_play'====== Args={'balls': 1}
2025-10-24 16:08:04,560 : INFO : EventManager : Event: ======'ball_started'====== Args={'player': 1, 'ball': 1, 'balls_remaining': 2, 'is_extra_ball': False}
2025-10-24 16:08:04,560 : INFO : EventManager : Event: ======'mode_base_will_start'====== Args={'player': 1, 'ball': 1, 'balls_remaining': 2, 'is_extra_ball': False}
2025-10-24 16:08:04,560 : INFO : EventManager : Unordered handler for class <Auditor> on event game_ended with priority 1. Handlers: [RegisteredHandler(callback=<bound method Auditor.disable of <Auditor>>, priority=1, kwargs={}, key=UUID('8440036c-e98c-4931-87eb-726d5ecde8bd'), condition=None, blocking_facility=None), RegisteredHandler(callback=<bound method Auditor._save_audits of <Auditor>>, priority=1, kwargs={}, key=UUID('b8523ea9-e85d-4138-9857-398b12976038'), condition=None, blocking_facility=None)]. The order of those handlers is not defined and they will be executed in random order. This might lead to race conditions and potential bugs.
2025-10-24 16:08:04,563 : INFO : EventManager : Event: ======'mode_base_starting'====== Args={'player': 1, 'ball': 1, 'balls_remaining': 2, 'is_extra_ball': False}
2025-10-24 16:08:04,563 : INFO : EventManager : Event: ======'ball_save_default_ball_save_timer_start'====== Args={}
2025-10-24 16:08:04,563 : INFO : EventManager : Event: ======'ball_save_default_ball_save_enabled'====== Args={}
2025-10-24 16:08:04,564 : INFO : Mode.base : Started. Priority: 50
2025-10-24 16:08:04,564 : INFO : EventManager : Event: ======'modes_active_modes_changed'====== Args={}
2025-10-24 16:08:04,564 : INFO : EventManager : Event: ======'mode_base_started'====== Args={'player': 1, 'ball': 1, 'balls_remaining': 2, 'is_extra_ball': False}
2025-10-24 16:08:04,565 : INFO : EventManager : Event: ======'single_player_ball_started'====== Args={}
2025-10-24 16:08:04,577 : INFO : EventManager : Event: ======'ball_start_target'====== Args={'target': 'playfield'}
2025-10-24 16:08:04,577 : INFO : ball_device.bd_trough : Setting up player-controlled eject. Balls: 1, Target: <playfield.playfield>, player_controlled_eject_event: None
2025-10-24 16:08:04,577 : INFO : ball_device.bd_trough : Adding 1 ball(s) to the eject_queue with target <playfield.playfield>.
2025-10-24 16:08:04,578 : INFO : EventManager : Event: ======'balldevice_balls_available'====== Args={}
2025-10-24 16:08:04,578 : INFO : ball_device.bd_trough : State: waiting_for_target_ready
2025-10-24 16:08:04,578 : INFO : EventManager : Event: ======'balldevice_bd_trough_ball_eject_attempt'====== Args={'balls': 1, 'target': <playfield.playfield>, 'source': <ball_device.bd_trough>, 'mechanical_eject': False, 'num_attempts': 0}
2025-10-24 16:08:04,578 : INFO : ball_device.bd_trough : State: ejecting
2025-10-24 16:08:04,578 : INFO : ball_device.bd_trough : Ejecting ball to <playfield.playfield>
2025-10-24 16:08:04,579 : INFO : EventManager : Event: ======'balldevice_bd_trough_ejecting_ball'====== Args={'balls': 1, 'target': <playfield.playfield>, 'source': <ball_device.bd_trough>, 'mechanical_eject': False, 'num_attempts': 0}
2025-10-24 16:08:04,579 : INFO : ball_device.bd_trough : Wait for ball to leave device
2025-10-24 16:08:04,579 : INFO : coil.c_trough_eject : Pulsing Driver for 50ms (1.0 pulse_power)
2025-10-24 16:08:04,639 : INFO : SwitchController : <<<<<<< 's_trough' inactive >>>>>>>
2025-10-24 16:08:04,646 : INFO : ball_device.bd_trough : State: ball_left
2025-10-24 16:08:04,646 : INFO : ball_device.bd_trough : Ball left
2025-10-24 16:08:04,646 : INFO : ball_device.bd_trough : Wait for confirm with timeout 10.0
2025-10-24 16:08:07,683 : INFO : SwitchController : <<<<<<< 's_middle_upper_rollovers' active >>>>>>>
2025-10-24 16:08:07,683 : INFO : EventManager : Event: ======'machine_var_audits_switches_s_middle_upper_rollovers'====== Args={'value': 20, 'prev_value': 19, 'change': 1}
2025-10-24 16:08:07,760 : INFO : SwitchController : <<<<<<< 's_middle_upper_rollovers' inactive >>>>>>>
2025-10-24 16:08:11,283 : INFO : SwitchController : <<<<<<< 's_outer_skill_lanes' active >>>>>>>
2025-10-24 16:08:11,283 : INFO : EventManager : Event: ======'s_outer_skill_lanes_active'====== Args={}
2025-10-24 16:08:11,283 : INFO : EventManager : Event: ======'machine_var_audits_switches_s_outer_skill_lanes'====== Args={'value': 15, 'prev_value': 14, 'change': 1}
2025-10-24 16:08:11,284 : INFO : EventManager : Event: ======'play_skilllane_quote_5'====== Args={}
2025-10-24 16:08:11,284 : INFO : EventManager : Event: ======'player_score'====== Args={'value': 500, 'prev_value': 0, 'change': 500, 'player_num': 1, 'source': 'base'}
2025-10-24 16:08:11,596 : INFO : SwitchController : <<<<<<< 's_outer_skill_lanes' inactive >>>>>>>
2025-10-24 16:08:12,050 : INFO : SwitchController : <<<<<<< 's_right_pop_bumper' active >>>>>>>
2025-10-24 16:08:12,050 : INFO : EventManager : Event: ======'playfield_active'====== Args={'source': 'ac_right_pop_bumper'}
2025-10-24 16:08:12,050 : INFO : EventManager : Event: ======'machine_var_audits_switches_s_right_pop_bumper'====== Args={'value': 28, 'prev_value': 27, 'change': 1}
2025-10-24 16:08:12,056 : INFO : ball_device.bd_trough : Got eject confirm
2025-10-24 16:08:12,057 : INFO : ball_device.bd_trough : Eject successful
2025-10-24 16:08:12,057 : INFO : EventManager : Event: ======'balldevice_bd_trough_ball_eject_success'====== Args={'balls': 1, 'target': <playfield.playfield>}
2025-10-24 16:08:12,057 : INFO : SwitchController : <<<<<<< 's_right_pop_bumper' inactive >>>>>>>
2025-10-24 16:08:12,057 : INFO : EventManager : Event: ======'balldevice_playfield_ball_enter'====== Args={'new_balls': 1, 'unclaimed_balls': 1, 'device': <playfield.playfield>}
2025-10-24 16:08:12,057 : INFO : EventManager : Event: ======'playfield_ball_count_change'====== Args={'balls': 1, 'change': 1}
2025-10-24 16:08:12,062 : INFO : EventManager : Event: ======'balldevice_bd_trough_ball_count_changed'====== Args={'balls': 0}
2025-10-24 16:08:12,062 : INFO : ball_device.bd_trough : State: idle
2025-10-24 16:08:12,192 : INFO : SwitchController : <<<<<<< 's_right_bank_target_left' active >>>>>>>
2025-10-24 16:08:12,192 : INFO : EventManager : Event: ======'s_right_bank_target_left_active'====== Args={}
2025-10-24 16:08:12,192 : INFO : EventManager : Event: ======'drop_target_s_right_bank_target_left_down'====== Args={'device': <drop_target.s_right_bank_target_left>}
2025-10-24 16:08:12,192 : INFO : EventManager : Event: ======'drop_target_bank_right_bank_mixed'====== Args={'prev_value': <DropTargetBankState.UP: 'up'>, 'down': 1}
2025-10-24 16:08:12,192 : INFO : EventManager : Event: ======'machine_var_audits_switches_s_right_bank_target_left'====== Args={'value': 10, 'prev_value': 9, 'change': 1}
2025-10-24 16:08:12,193 : INFO : EventManager : Event: ======'player_score'====== Args={'value': 600, 'prev_value': 500, 'change': 100, 'player_num': 1, 'source': 'base'}
2025-10-24 16:08:12,201 : INFO : SwitchController : <<<<<<< 's_right_bank_target_left' inactive >>>>>>>
2025-10-24 16:08:12,201 : INFO : EventManager : Event: ======'drop_target_s_right_bank_target_left_up'====== Args={'device': <drop_target.s_right_bank_target_left>}
2025-10-24 16:08:12,201 : INFO : EventManager : Event: ======'drop_target_bank_right_bank_up'====== Args={}
2025-10-24 16:08:12,208 : INFO : SwitchController : <<<<<<< 's_right_bank_target_left' active >>>>>>>
2025-10-24 16:08:12,208 : INFO : EventManager : Event: ======'s_right_bank_target_left_active'====== Args={}
2025-10-24 16:08:12,208 : INFO : EventManager : Event: ======'drop_target_s_right_bank_target_left_down'====== Args={'device': <drop_target.s_right_bank_target_left>}
2025-10-24 16:08:12,208 : INFO : EventManager : Event: ======'drop_target_bank_right_bank_mixed'====== Args={'prev_value': <DropTargetBankState.UP: 'up'>, 'down': 1}
2025-10-24 16:08:12,208 : INFO : EventManager : Event: ======'machine_var_audits_switches_s_right_bank_target_left'====== Args={'value': 11, 'prev_value': 10, 'change': 1}
2025-10-24 16:08:12,209 : INFO : EventManager : Event: ======'player_score'====== Args={'value': 700, 'prev_value': 600, 'change': 100, 'player_num': 1, 'source': 'base'}
2025-10-24 16:08:13,954 : INFO : SwitchController : <<<<<<< 's_right_sling' active >>>>>>>
2025-10-24 16:08:13,954 : INFO : EventManager : Event: ======'s_right_sling_active'====== Args={}
2025-10-24 16:08:13,954 : INFO : EventManager : Event: ======'machine_var_audits_switches_s_right_sling'====== Args={'value': 25, 'prev_value': 24, 'change': 1}
2025-10-24 16:08:13,955 : INFO : EventManager : Event: ======'player_score'====== Args={'value': 710, 'prev_value': 700, 'change': 10, 'player_num': 1, 'source': 'base'}
2025-10-24 16:08:13,965 : INFO : SwitchController : <<<<<<< 's_right_sling' inactive >>>>>>>
2025-10-24 16:08:14,192 : INFO : SwitchController : <<<<<<< 's_left_sling' active >>>>>>>
2025-10-24 16:08:14,192 : INFO : EventManager : Event: ======'s_left_sling_active'====== Args={}
2025-10-24 16:08:14,193 : INFO : EventManager : Event: ======'machine_var_audits_switches_s_left_sling'====== Args={'value': 30, 'prev_value': 29, 'change': 1}
2025-10-24 16:08:14,193 : INFO : EventManager : Event: ======'player_score'====== Args={'value': 720, 'prev_value': 710, 'change': 10, 'player_num': 1, 'source': 'base'}
2025-10-24 16:08:14,200 : INFO : SwitchController : <<<<<<< 's_left_sling' inactive >>>>>>>
2025-10-24 16:08:14,559 : INFO : EventManager : Event: ======'ball_save_default_ball_save_hurry_up'====== Args={}
2025-10-24 16:08:14,559 : INFO : EventManager : Event: ======'ball_save_default_ball_save_grace_period'====== Args={}
2025-10-24 16:08:14,559 : INFO : EventManager : Event: ======'ball_save_default_ball_save_disabled'====== Args={}
2025-10-24 16:08:15,842 : INFO : SwitchController : <<<<<<< 's_spinner' active >>>>>>>
2025-10-24 16:08:15,842 : INFO : EventManager : Event: ======'s_spinner_active'====== Args={}
2025-10-24 16:08:15,842 : INFO : EventManager : Event: ======'machine_var_audits_switches_s_spinner'====== Args={'value': 108, 'prev_value': 107, 'change': 1}
2025-10-24 16:08:15,843 : INFO : EventManager : Event: ======'player_score'====== Args={'value': 820, 'prev_value': 720, 'change': 100, 'player_num': 1, 'source': 'base'}
2025-10-24 16:08:15,850 : INFO : SwitchController : <<<<<<< 's_spinner' inactive >>>>>>>
2025-10-24 16:08:15,920 : INFO : SwitchController : <<<<<<< 's_spinner' active >>>>>>>
2025-10-24 16:08:15,920 : INFO : EventManager : Event: ======'machine_var_audits_switches_s_spinner'====== Args={'value': 109, 'prev_value': 108, 'change': 1}
2025-10-24 16:08:15,936 : INFO : SwitchController : <<<<<<< 's_spinner' inactive >>>>>>>
2025-10-24 16:08:16,013 : INFO : SwitchController : <<<<<<< 's_spinner' active >>>>>>>
2025-10-24 16:08:16,013 : INFO : EventManager : Event: ======'machine_var_audits_switches_s_spinner'====== Args={'value': 110, 'prev_value': 109, 'change': 1}
2025-10-24 16:08:16,029 : INFO : SwitchController : <<<<<<< 's_spinner' inactive >>>>>>>
2025-10-24 16:08:16,076 : INFO : SwitchController : <<<<<<< 's_spinner' active >>>>>>>
2025-10-24 16:08:16,076 : INFO : EventManager : Event: ======'machine_var_audits_switches_s_spinner'====== Args={'value': 111, 'prev_value': 110, 'change': 1}
2025-10-24 16:08:16,122 : INFO : SwitchController : <<<<<<< 's_spinner' inactive >>>>>>>
2025-10-24 16:08:16,169 : INFO : SwitchController : <<<<<<< 's_spinner' active >>>>>>>
2025-10-24 16:08:16,169 : INFO : EventManager : Event: ======'machine_var_audits_switches_s_spinner'====== Args={'value': 112, 'prev_value': 111, 'change': 1}
2025-10-24 16:08:16,185 : INFO : SwitchController : <<<<<<< 's_spinner' inactive >>>>>>>
2025-10-24 16:08:16,262 : INFO : SwitchController : <<<<<<< 's_spinner' active >>>>>>>
2025-10-24 16:08:16,262 : INFO : EventManager : Event: ======'machine_var_audits_switches_s_spinner'====== Args={'value': 113, 'prev_value': 112, 'change': 1}
2025-10-24 16:08:16,309 : INFO : SwitchController : <<<<<<< 's_spinner' inactive >>>>>>>
2025-10-24 16:08:16,387 : INFO : SwitchController : <<<<<<< 's_spinner' active >>>>>>>
2025-10-24 16:08:16,387 : INFO : EventManager : Event: ======'machine_var_audits_switches_s_spinner'====== Args={'value': 114, 'prev_value': 113, 'change': 1}
2025-10-24 16:08:16,403 : INFO : SwitchController : <<<<<<< 's_spinner' inactive >>>>>>>
2025-10-24 16:08:16,481 : INFO : SwitchController : <<<<<<< 's_spinner' active >>>>>>>
2025-10-24 16:08:16,481 : INFO : EventManager : Event: ======'machine_var_audits_switches_s_spinner'====== Args={'value': 115, 'prev_value': 114, 'change': 1}
2025-10-24 16:08:16,497 : INFO : SwitchController : <<<<<<< 's_spinner' inactive >>>>>>>
2025-10-24 16:08:16,575 : INFO : SwitchController : <<<<<<< 's_spinner' active >>>>>>>
2025-10-24 16:08:16,575 : INFO : EventManager : Event: ======'machine_var_audits_switches_s_spinner'====== Args={'value': 116, 'prev_value': 115, 'change': 1}
2025-10-24 16:08:16,590 : INFO : SwitchController : <<<<<<< 's_spinner' inactive >>>>>>>
2025-10-24 16:08:16,667 : INFO : SwitchController : <<<<<<< 's_spinner' active >>>>>>>
2025-10-24 16:08:16,667 : INFO : EventManager : Event: ======'machine_var_audits_switches_s_spinner'====== Args={'value': 117, 'prev_value': 116, 'change': 1}
2025-10-24 16:08:16,713 : INFO : SwitchController : <<<<<<< 's_spinner' inactive >>>>>>>
2025-10-24 16:08:16,791 : INFO : SwitchController : <<<<<<< 's_spinner' active >>>>>>>
2025-10-24 16:08:16,791 : INFO : EventManager : Event: ======'machine_var_audits_switches_s_spinner'====== Args={'value': 118, 'prev_value': 117, 'change': 1}
2025-10-24 16:08:16,839 : INFO : SwitchController : <<<<<<< 's_spinner' inactive >>>>>>>
2025-10-24 16:08:16,885 : INFO : SwitchController : <<<<<<< 's_middle_upper_rollovers' active >>>>>>>
2025-10-24 16:08:16,885 : INFO : EventManager : Event: ======'machine_var_audits_switches_s_middle_upper_rollovers'====== Args={'value': 21, 'prev_value': 20, 'change': 1}
2025-10-24 16:08:16,900 : INFO : SwitchController : <<<<<<< 's_spinner' active >>>>>>>
2025-10-24 16:08:16,900 : INFO : EventManager : Event: ======'machine_var_audits_switches_s_spinner'====== Args={'value': 119, 'prev_value': 118, 'change': 1}
2025-10-24 16:08:16,947 : INFO : SwitchController : <<<<<<< 's_spinner' inactive >>>>>>>
2025-10-24 16:08:16,993 : INFO : SwitchController : <<<<<<< 's_middle_upper_rollovers' inactive >>>>>>>
2025-10-24 16:08:17,040 : INFO : SwitchController : <<<<<<< 's_spinner' active >>>>>>>
2025-10-24 16:08:17,040 : INFO : EventManager : Event: ======'machine_var_audits_switches_s_spinner'====== Args={'value': 120, 'prev_value': 119, 'change': 1}
2025-10-24 16:08:17,056 : INFO : SwitchController : <<<<<<< 's_spinner' inactive >>>>>>>
2025-10-24 16:08:17,166 : INFO : SwitchController : <<<<<<< 's_spinner' active >>>>>>>
2025-10-24 16:08:17,166 : INFO : EventManager : Event: ======'machine_var_audits_switches_s_spinner'====== Args={'value': 121, 'prev_value': 120, 'change': 1}
2025-10-24 16:08:17,181 : INFO : SwitchController : <<<<<<< 's_spinner' inactive >>>>>>>
2025-10-24 16:08:17,290 : INFO : SwitchController : <<<<<<< 's_spinner' active >>>>>>>
2025-10-24 16:08:17,290 : INFO : EventManager : Event: ======'machine_var_audits_switches_s_spinner'====== Args={'value': 122, 'prev_value': 121, 'change': 1}
2025-10-24 16:08:17,338 : INFO : SwitchController : <<<<<<< 's_spinner' inactive >>>>>>>
2025-10-24 16:08:17,448 : INFO : SwitchController : <<<<<<< 's_spinner' active >>>>>>>
2025-10-24 16:08:17,448 : INFO : EventManager : Event: ======'machine_var_audits_switches_s_spinner'====== Args={'value': 123, 'prev_value': 122, 'change': 1}
2025-10-24 16:08:17,495 : INFO : SwitchController : <<<<<<< 's_spinner' inactive >>>>>>>
2025-10-24 16:08:17,604 : INFO : SwitchController : <<<<<<< 's_spinner' active >>>>>>>
2025-10-24 16:08:17,604 : INFO : EventManager : Event: ======'machine_var_audits_switches_s_spinner'====== Args={'value': 124, 'prev_value': 123, 'change': 1}
2025-10-24 16:08:17,651 : INFO : SwitchController : <<<<<<< 's_spinner' inactive >>>>>>>
2025-10-24 16:08:17,761 : INFO : SwitchController : <<<<<<< 's_spinner' active >>>>>>>
2025-10-24 16:08:17,761 : INFO : EventManager : Event: ======'machine_var_audits_switches_s_spinner'====== Args={'value': 125, 'prev_value': 124, 'change': 1}
2025-10-24 16:08:17,838 : INFO : SwitchController : <<<<<<< 's_spinner' inactive >>>>>>>
2025-10-24 16:08:17,981 : INFO : SwitchController : <<<<<<< 's_spinner' active >>>>>>>
2025-10-24 16:08:17,981 : INFO : EventManager : Event: ======'machine_var_audits_switches_s_spinner'====== Args={'value': 126, 'prev_value': 125, 'change': 1}
2025-10-24 16:08:18,028 : INFO : SwitchController : <<<<<<< 's_spinner' inactive >>>>>>>
2025-10-24 16:08:18,202 : INFO : SwitchController : <<<<<<< 's_spinner' active >>>>>>>
2025-10-24 16:08:18,202 : INFO : EventManager : Event: ======'machine_var_audits_switches_s_spinner'====== Args={'value': 127, 'prev_value': 126, 'change': 1}
2025-10-24 16:08:18,325 : INFO : SwitchController : <<<<<<< 's_spinner' inactive >>>>>>>
2025-10-24 16:08:18,496 : INFO : SwitchController : <<<<<<< 's_spinner' active >>>>>>>
2025-10-24 16:08:18,496 : INFO : EventManager : Event: ======'machine_var_audits_switches_s_spinner'====== Args={'value': 128, 'prev_value': 127, 'change': 1}
2025-10-24 16:08:18,604 : INFO : SwitchController : <<<<<<< 's_spinner' inactive >>>>>>>
2025-10-24 16:08:19,027 : INFO : SwitchController : <<<<<<< 's_outer_skill_lanes' active >>>>>>>
2025-10-24 16:08:19,027 : INFO : EventManager : Event: ======'s_outer_skill_lanes_active'====== Args={}
2025-10-24 16:08:19,027 : INFO : EventManager : Event: ======'machine_var_audits_switches_s_outer_skill_lanes'====== Args={'value': 16, 'prev_value': 15, 'change': 1}
2025-10-24 16:08:19,028 : INFO : EventManager : Event: ======'play_skilllane_quote_4'====== Args={}
2025-10-24 16:08:19,028 : INFO : EventManager : Event: ======'player_score'====== Args={'value': 1320, 'prev_value': 820, 'change': 500, 'player_num': 1, 'source': 'base'}
2025-10-24 16:08:19,089 : INFO : SwitchController : <<<<<<< 's_outer_skill_lanes' inactive >>>>>>>
2025-10-24 16:08:19,590 : INFO : SwitchController : <<<<<<< 's_left_pop_bumper' active >>>>>>>
2025-10-24 16:08:19,590 : INFO : EventManager : Event: ======'machine_var_audits_switches_s_left_pop_bumper'====== Args={'value': 29, 'prev_value': 28, 'change': 1}
2025-10-24 16:08:19,606 : INFO : SwitchController : <<<<<<< 's_left_pop_bumper' inactive >>>>>>>
2025-10-24 16:08:20,106 : INFO : SwitchController : <<<<<<< 's_left_pop_bumper' active >>>>>>>
2025-10-24 16:08:20,106 : INFO : EventManager : Event: ======'machine_var_audits_switches_s_left_pop_bumper'====== Args={'value': 30, 'prev_value': 29, 'change': 1}
2025-10-24 16:08:20,121 : INFO : SwitchController : <<<<<<< 's_left_pop_bumper' inactive >>>>>>>
2025-10-24 16:08:20,187 : INFO : SwitchController : <<<<<<< 's_middle_pop_bumper' active >>>>>>>
2025-10-24 16:08:20,187 : INFO : EventManager : Event: ======'machine_var_audits_switches_s_middle_pop_bumper'====== Args={'value': 28, 'prev_value': 27, 'change': 1}
2025-10-24 16:08:20,195 : INFO : SwitchController : <<<<<<< 's_middle_pop_bumper' inactive >>>>>>>
2025-10-24 16:08:26,507 : INFO : Machine : Shutting down...
2025-10-24 16:08:26,507 : INFO : EventManager : Event: ======'shutdown'====== Args={}
2025-10-24 16:08:26,508 : INFO : EventManager : Event: ======'mode_game_will_stop'====== Args={}
2025-10-24 16:08:26,508 : INFO : EventManager : Event: ======'mode_game_stopping'====== Args={}
2025-10-24 16:08:26,509 : INFO : EventManager : Event: ======'mode_base_will_stop'====== Args={}
2025-10-24 16:08:26,511 : INFO : EventManager : Event: ======'mode_base_stopping'====== Args={}
2025-10-24 16:08:26,511 : INFO : EventManager : Event: ======'stop_base_music'====== Args={'priority': 0}
2025-10-24 16:08:26,511 : INFO : Mode.base : Stopped.
2025-10-24 16:08:26,511 : INFO : EventManager : Event: ======'modes_active_modes_changed'====== Args={}
2025-10-24 16:08:26,511 : INFO : EventManager : Event: ======'mode_base_stopped'====== Args={}
2025-10-24 16:08:26,511 : INFO : EventManager : Event: ======'clear'====== Args={'key': 'base'}
2025-10-24 16:08:26,512 : INFO : Mode.game : Stopped.
2025-10-24 16:08:26,512 : INFO : EventManager : Event: ======'modes_active_modes_changed'====== Args={}
2025-10-24 16:08:26,512 : INFO : EventManager : Event: ======'mode_game_stopped'====== Args={}
2025-10-24 16:08:26,512 : INFO : EventManager : Event: ======'clear'====== Args={'key': 'game'}
2025-10-24 16:08:26,612 : INFO : root : MPF run loop ended.
