2025-10-31 13:20:22,510 : INFO : root : Loading config.
2025-10-31 13:20:22,527 : INFO : YamlMultifileConfigLoader : Machine config file #1: config.yaml
2025-10-31 13:20:22,529 : INFO : ConfigProcessor : Loading config from cache: C:\Users\antho\AppData\Local\Temp\fdca14d0c9d658ab8200d57120800af5.mpf_cache
2025-10-31 13:20:22,861 : WARNING : ConfigProcessor : Config file in cache changed: C:\Users\antho\nightpin\modes\attract\config\attract.yaml
2025-10-31 13:20:22,861 : INFO : ConfigProcessor : Loading config from file C:\Users\antho\mpf\Lib\site-packages\mpf\modes\attract\config\attract.yaml.
2025-10-31 13:20:22,866 : INFO : ConfigProcessor : Loading config: C:\Users\antho\mpf\Lib\site-packages\mpf\modes\attract\config\attract.yaml
2025-10-31 13:20:22,868 : INFO : ConfigProcessor : Loading config from file C:\Users\antho\nightpin\modes\attract\config\attract.yaml.
2025-10-31 13:20:22,896 : INFO : ConfigProcessor : Loading config: C:\Users\antho\nightpin\modes\attract\config\attract.yaml
2025-10-31 13:20:22,898 : INFO : ConfigProcessor : Config file cache created: C:\Users\antho\AppData\Local\Temp\5dec96b1547c4adf5bdd3d1715e74bc0.mpf_cache
2025-10-31 13:20:22,900 : INFO : ConfigProcessor : Loading config from cache: C:\Users\antho\AppData\Local\Temp\202a5840610e95051f9f473dfa660cc0.mpf_cache
2025-10-31 13:20:22,902 : INFO : ConfigProcessor : Loading config from cache: C:\Users\antho\AppData\Local\Temp\5dec96b1547c4adf5bdd3d1715e74bc0.mpf_cache
2025-10-31 13:20:22,926 : WARNING : ConfigProcessor : Config file in cache changed: C:\Users\antho\nightpin\modes\base\config\base.yaml
2025-10-31 13:20:22,926 : INFO : ConfigProcessor : Loading config from file C:\Users\antho\nightpin\modes\base\config\base.yaml.
2025-10-31 13:20:22,972 : INFO : ConfigProcessor : Loading config: C:\Users\antho\nightpin\modes\base\config\base.yaml
2025-10-31 13:20:22,972 : ERROR : ConfigProcessor : Config section 'slides' is removed in MPF 0.80 and will be ignored.
2025-10-31 13:20:22,976 : INFO : ConfigProcessor : Config file cache created: C:\Users\antho\AppData\Local\Temp\2cd13a2d3f375e00ab01d6d09a85d8e7.mpf_cache
2025-10-31 13:20:22,977 : INFO : ConfigProcessor : Loading config from cache: C:\Users\antho\AppData\Local\Temp\9220b44b97b91972524500b81035d790.mpf_cache
2025-10-31 13:20:22,980 : INFO : ConfigProcessor : Loading config from cache: C:\Users\antho\AppData\Local\Temp\31ee881584fa6fce665a672a4f3f633a.mpf_cache
2025-10-31 13:20:22,981 : INFO : ConfigProcessor : Loading config from cache: C:\Users\antho\AppData\Local\Temp\5e841763ec73085bbf92358fe6afda21.mpf_cache
2025-10-31 13:20:22,984 : INFO : ConfigProcessor : Loading config from cache: C:\Users\antho\AppData\Local\Temp\7f73d12aa9beccac1cbd8c265ccda72e.mpf_cache
2025-10-31 13:20:22,985 : INFO : ConfigProcessor : Loading config from cache: C:\Users\antho\AppData\Local\Temp\a03ebaa9d6d5676c418deb142cb34911.mpf_cache
2025-10-31 13:20:22,987 : INFO : ConfigProcessor : Loading config from cache: C:\Users\antho\AppData\Local\Temp\b17152efa55a24f0424602723f8d3921.mpf_cache
2025-10-31 13:20:22,988 : INFO : ConfigProcessor : Loading config from cache: C:\Users\antho\AppData\Local\Temp\e87fc0e7d2f8a851b5fa3f604e0d0c6e.mpf_cache
2025-10-31 13:20:22,989 : INFO : ConfigProcessor : Loading config from cache: C:\Users\antho\AppData\Local\Temp\196ac76b6cab3a9880804c826cfbcb5c.mpf_cache
2025-10-31 13:20:22,991 : INFO : ConfigProcessor : Loading config from cache: C:\Users\antho\AppData\Local\Temp\55437eb303afaa980597ff60f339a871.mpf_cache
2025-10-31 13:20:22,992 : INFO : ConfigProcessor : Loading config from cache: C:\Users\antho\AppData\Local\Temp\fddc1006228d3387e6d1e46051a3638d.mpf_cache
2025-10-31 13:20:22,993 : INFO : ConfigProcessor : Loading config from cache: C:\Users\antho\AppData\Local\Temp\834292dd7853e12a66732dc89828c828.mpf_cache
2025-10-31 13:20:22,995 : INFO : ConfigProcessor : Loading config from cache: C:\Users\antho\AppData\Local\Temp\46f8fa3e41dfeeb8232af2f03a13b6c4.mpf_cache
2025-10-31 13:20:22,996 : INFO : ConfigProcessor : Loading config from cache: C:\Users\antho\AppData\Local\Temp\c67e9c175da6c060302945929b27b878.mpf_cache
2025-10-31 13:20:22,999 : INFO : Machine : Mission Pinball Framework Core Engine v0.80.0.dev11
2025-10-31 13:20:22,999 : INFO : Machine : Command line arguments: {'no_load_cache': False, 'create_config_cache': True, 'bcp': True, 'configfile': ['config.yaml'], 'force_assets_load': False, 'platform_integration_test': False, 'jsonlogging': False, 'logfile': 'logs\\2025-10-31-13-20-22-mpf-LAPTOP-MPGP6R69.log', 'pause': False, 'production': False, 'text_ui': True, 'loglevel': 15, 'consoleloglevel': 20, 'force_platform': None, 'syslog_address': None, 'full_logfile_path': 'C:\\Users\\antho\\nightpin\\logs\\2025-10-31-13-20-22-mpf-LAPTOP-MPGP6R69.log'}
2025-10-31 13:20:22,999 : INFO : Machine : MPF path: C:\Users\antho\mpf\Lib\site-packages\mpf
2025-10-31 13:20:22,999 : INFO : Machine : Machine path: C:\Users\antho\nightpin
2025-10-31 13:20:22,999 : INFO : Machine : Platform: win32
2025-10-31 13:20:23,000 : INFO : Machine : Python executable location: C:\Users\antho\mpf\Scripts\python.exe
2025-10-31 13:20:23,000 : INFO : Machine : Python version: 3.12.7 (64-bit)
2025-10-31 13:20:23,005 : INFO : Machine : Initializing MPF...
2025-10-31 13:20:23,754 : INFO : lisy : Connecting to com3 at 115200bps
2025-10-31 13:20:23,756 : WARNING : lisy : Could not import terminos (this is ok on windows).
2025-10-31 13:20:23,925 : INFO : EventManager : Event: ======'machine_var_lisy_hardware'====== Args={'value': 'LISY35', 'prev_value': None, 'change': True}
2025-10-31 13:20:23,926 : INFO : EventManager : Event: ======'machine_var_lisy_version'====== Args={'value': '5.26 ', 'prev_value': None, 'change': True}
2025-10-31 13:20:23,926 : INFO : EventManager : Event: ======'machine_var_lisy_api_version'====== Args={'value': b'0.09', 'prev_value': None, 'change': True}
2025-10-31 13:20:25,248 : INFO : EventManager : Event: ======'machine_var_credits_string'====== Args={'value': 'FREE PLAY', 'prev_value': None, 'change': True}
2025-10-31 13:20:25,346 : INFO : EventManager : Event: ======'machine_var_master_volume'====== Args={'value': 0.5, 'prev_value': None, 'change': True}
2025-10-31 13:20:25,347 : INFO : EventManager : Event: ======'machine_var_player1_score'====== Args={'value': 2200, 'prev_value': None, 'change': True}
2025-10-31 13:20:25,347 : INFO : EventManager : Event: ======'machine_var_player2_score'====== Args={'value': 1200, 'prev_value': None, 'change': True}
2025-10-31 13:20:25,347 : INFO : EventManager : Event: ======'machine_var_mpf_version'====== Args={'value': 'Mission Pinball Framework v0.80.0.dev11', 'prev_value': None, 'change': True}
2025-10-31 13:20:25,347 : INFO : EventManager : Event: ======'machine_var_mpf_extended_version'====== Args={'value': 'Mission Pinball Framework v0.80.0.dev11, Config version:6, Show version: 6, BCP version:1.1', 'prev_value': None, 'change': True}
2025-10-31 13:20:25,348 : INFO : EventManager : Event: ======'machine_var_python_version'====== Args={'value': '3.12.7', 'prev_value': None, 'change': True}
2025-10-31 13:20:25,805 : INFO : EventManager : Event: ======'machine_var_platform'====== Args={'value': 'Windows-11-10.0.26100-SP0', 'prev_value': None, 'change': True}
2025-10-31 13:20:25,805 : INFO : EventManager : Event: ======'machine_var_platform_system'====== Args={'value': 'Windows', 'prev_value': None, 'change': True}
2025-10-31 13:20:25,806 : INFO : EventManager : Event: ======'machine_var_platform_release'====== Args={'value': '11', 'prev_value': None, 'change': True}
2025-10-31 13:20:25,806 : INFO : EventManager : Event: ======'machine_var_platform_version'====== Args={'value': '10.0.26100', 'prev_value': None, 'change': True}
2025-10-31 13:20:25,806 : INFO : EventManager : Event: ======'machine_var_platform_machine'====== Args={'value': 'AMD64', 'prev_value': None, 'change': True}
2025-10-31 13:20:25,806 : INFO : EventManager : Event: ======'machine_var_log_file_path'====== Args={'value': 'C:\\Users\\antho\\nightpin\\logs\\2025-10-31-13-20-22-mpf-LAPTOP-MPGP6R69.log', 'prev_value': None, 'change': True}
2025-10-31 13:20:25,806 : INFO : EventManager : Event: ======'init_phase_1'====== Args={}
2025-10-31 13:20:25,939 : INFO : EventManager : Event: ======'drop_target_bank_right_bank_up'====== Args={}
2025-10-31 13:20:25,940 : INFO : EventManager : Event: ======'drop_target_bank_left_bank_up'====== Args={}
2025-10-31 13:20:26,031 : INFO : EventManager : Event: ======'init_phase_2'====== Args={}
2025-10-31 13:20:26,050 : INFO : EventManager : Event: ======'bcp_connection_attempt'====== Args={'name': 'local_display', 'host': 'localhost', 'port': 5050}
2025-10-31 13:20:26,055 : INFO : BCPClientSocket : Connecting BCP to 'local_display' at localhost:5050...
2025-10-31 13:20:27,126 : INFO : BCPClientSocket : Connected BCP to 'local_display' localhost:5050
2025-10-31 13:20:27,127 : INFO : EventManager : Event: ======'bcp_clients_connected'====== Args={}
2025-10-31 13:20:27,483 : INFO : ball_device.bd_trough : BCH: Initial count: 0
2025-10-31 13:20:27,585 : INFO : ball_device.bd_trough : State: idle
2025-10-31 13:20:27,588 : INFO : ball_device.bd_saucer : BCH: Initial count: 0
2025-10-31 13:20:27,589 : INFO : ball_device.bd_saucer : State: idle
2025-10-31 13:20:27,653 : INFO : EventManager : Event: ======'init_phase_3'====== Args={}
2025-10-31 13:20:27,671 : INFO : EventManager : Event: ======'init_phase_4'====== Args={}
2025-10-31 13:20:27,673 : INFO : BallController : Initial balls found: 0
2025-10-31 13:20:27,676 : INFO : EventManager : Event: ======'machine_var_audits_events_game_ended'====== Args={'value': 17, 'prev_value': None, 'change': True}
2025-10-31 13:20:27,677 : INFO : EventManager : Event: ======'machine_var_audits_events_game_started'====== Args={'value': 69, 'prev_value': None, 'change': True}
2025-10-31 13:20:27,677 : INFO : EventManager : Event: ======'machine_var_audits_missing_switches_s_coin_right'====== Args={'value': 68, 'prev_value': None, 'change': True}
2025-10-31 13:20:27,677 : INFO : EventManager : Event: ======'machine_var_audits_missing_switches_s_credit_button'====== Args={'value': 41, 'prev_value': None, 'change': True}
2025-10-31 13:20:27,677 : INFO : EventManager : Event: ======'machine_var_audits_missing_switches_s_inlanes'====== Args={'value': 1, 'prev_value': None, 'change': True}
2025-10-31 13:20:27,677 : INFO : EventManager : Event: ======'machine_var_audits_missing_switches_s_left_bank_target_left'====== Args={'value': 21, 'prev_value': None, 'change': True}
2025-10-31 13:20:27,677 : INFO : EventManager : Event: ======'machine_var_audits_missing_switches_s_left_bank_target_middle'====== Args={'value': 7, 'prev_value': None, 'change': True}
2025-10-31 13:20:27,678 : INFO : EventManager : Event: ======'machine_var_audits_missing_switches_s_left_bank_target_right'====== Args={'value': 7, 'prev_value': None, 'change': True}
2025-10-31 13:20:27,678 : INFO : EventManager : Event: ======'machine_var_audits_missing_switches_s_left_lower_bumper'====== Args={'value': 10, 'prev_value': None, 'change': True}
2025-10-31 13:20:27,679 : INFO : EventManager : Event: ======'machine_var_audits_missing_switches_s_left_outlane_rollover'====== Args={'value': 7, 'prev_value': None, 'change': True}
2025-10-31 13:20:27,679 : INFO : EventManager : Event: ======'machine_var_audits_missing_switches_s_left_pop_bumper'====== Args={'value': 3, 'prev_value': None, 'change': True}
2025-10-31 13:20:27,679 : INFO : EventManager : Event: ======'machine_var_audits_missing_switches_s_left_sling'====== Args={'value': 7, 'prev_value': None, 'change': True}
2025-10-31 13:20:27,679 : INFO : EventManager : Event: ======'machine_var_audits_missing_switches_s_left_upper_bumper'====== Args={'value': 7, 'prev_value': None, 'change': True}
2025-10-31 13:20:27,679 : INFO : EventManager : Event: ======'machine_var_audits_missing_switches_s_middle_pop_bumper'====== Args={'value': 3, 'prev_value': None, 'change': True}
2025-10-31 13:20:27,679 : INFO : EventManager : Event: ======'machine_var_audits_missing_switches_s_middle_skill_lane'====== Args={'value': 7, 'prev_value': None, 'change': True}
2025-10-31 13:20:27,680 : INFO : EventManager : Event: ======'machine_var_audits_missing_switches_s_middle_upper_rollovers'====== Args={'value': 3, 'prev_value': None, 'change': True}
2025-10-31 13:20:27,680 : INFO : EventManager : Event: ======'machine_var_audits_missing_switches_s_outer_skill_lanes'====== Args={'value': 3, 'prev_value': None, 'change': True}
2025-10-31 13:20:27,680 : INFO : EventManager : Event: ======'machine_var_audits_missing_switches_s_right_bank_target_left'====== Args={'value': 3, 'prev_value': None, 'change': True}
2025-10-31 13:20:27,680 : INFO : EventManager : Event: ======'machine_var_audits_missing_switches_s_right_bank_target_middle'====== Args={'value': 3, 'prev_value': None, 'change': True}
2025-10-31 13:20:27,681 : INFO : EventManager : Event: ======'machine_var_audits_missing_switches_s_right_bank_target_right'====== Args={'value': 3, 'prev_value': None, 'change': True}
2025-10-31 13:20:27,681 : INFO : EventManager : Event: ======'machine_var_audits_missing_switches_s_right_outlane_rollover'====== Args={'value': 24, 'prev_value': None, 'change': True}
2025-10-31 13:20:27,681 : INFO : EventManager : Event: ======'machine_var_audits_missing_switches_s_right_pop_bumper'====== Args={'value': 3, 'prev_value': None, 'change': True}
2025-10-31 13:20:27,681 : INFO : EventManager : Event: ======'machine_var_audits_missing_switches_s_right_sling'====== Args={'value': 7, 'prev_value': None, 'change': True}
2025-10-31 13:20:27,681 : INFO : EventManager : Event: ======'machine_var_audits_missing_switches_s_saucer'====== Args={'value': 3, 'prev_value': None, 'change': True}
2025-10-31 13:20:27,682 : INFO : EventManager : Event: ======'machine_var_audits_missing_switches_s_slam_tilt'====== Args={'value': 7, 'prev_value': None, 'change': True}
2025-10-31 13:20:27,682 : INFO : EventManager : Event: ======'machine_var_audits_missing_switches_s_spinner'====== Args={'value': 3, 'prev_value': None, 'change': True}
2025-10-31 13:20:27,682 : INFO : EventManager : Event: ======'machine_var_audits_missing_switches_s_stand_up'====== Args={'value': 41, 'prev_value': None, 'change': True}
2025-10-31 13:20:27,682 : INFO : EventManager : Event: ======'machine_var_audits_missing_switches_s_start_button'====== Args={'value': 6, 'prev_value': None, 'change': True}
2025-10-31 13:20:27,683 : INFO : EventManager : Event: ======'machine_var_audits_missing_switches_s_tilt'====== Args={'value': 39, 'prev_value': None, 'change': True}
2025-10-31 13:20:27,683 : INFO : EventManager : Event: ======'machine_var_audits_player_score'====== Args={'value': {'average': 1435, 'top': [5110, 5070, 4300, 4230, 3980, 3410, 2200, 1300, 1200, 500], 'total': 25}, 'prev_value': None, 'change': True}
2025-10-31 13:20:27,683 : INFO : EventManager : Event: ======'machine_var_audits_shots_sh_eg_pop_left'====== Args={'value': 8, 'prev_value': None, 'change': True}
2025-10-31 13:20:27,683 : INFO : EventManager : Event: ======'machine_var_audits_shots_sh_eg_pop_middle'====== Args={'value': 8, 'prev_value': None, 'change': True}
2025-10-31 13:20:27,683 : INFO : EventManager : Event: ======'machine_var_audits_shots_sh_eg_pop_right'====== Args={'value': 13, 'prev_value': None, 'change': True}
2025-10-31 13:20:27,684 : INFO : EventManager : Event: ======'machine_var_audits_shots_sh_eg_right_drop_left'====== Args={'value': 4, 'prev_value': None, 'change': True}
2025-10-31 13:20:27,684 : INFO : EventManager : Event: ======'machine_var_audits_shots_sh_eg_right_drop_middle'====== Args={'value': 3, 'prev_value': None, 'change': True}
2025-10-31 13:20:27,685 : INFO : EventManager : Event: ======'machine_var_audits_shots_sh_eg_right_drop_right'====== Args={'value': 3, 'prev_value': None, 'change': True}
2025-10-31 13:20:27,685 : INFO : EventManager : Event: ======'machine_var_audits_shots_sh_eg_spinner'====== Args={'value': 2, 'prev_value': None, 'change': True}
2025-10-31 13:20:27,685 : INFO : EventManager : Event: ======'machine_var_audits_shots_sh_escape_graveyard_start'====== Args={'value': 3, 'prev_value': None, 'change': True}
2025-10-31 13:20:27,686 : INFO : EventManager : Event: ======'machine_var_audits_switches_s_coin_right'====== Args={'value': 1, 'prev_value': None, 'change': True}
2025-10-31 13:20:27,686 : INFO : EventManager : Event: ======'machine_var_audits_switches_s_credit_button'====== Args={'value': 5, 'prev_value': None, 'change': True}
2025-10-31 13:20:27,686 : INFO : EventManager : Event: ======'machine_var_audits_switches_s_inlanes'====== Args={'value': 158, 'prev_value': None, 'change': True}
2025-10-31 13:20:27,686 : INFO : EventManager : Event: ======'machine_var_audits_switches_s_left_bank_target_left'====== Args={'value': 33, 'prev_value': None, 'change': True}
2025-10-31 13:20:27,687 : INFO : EventManager : Event: ======'machine_var_audits_switches_s_left_bank_target_middle'====== Args={'value': 26, 'prev_value': None, 'change': True}
2025-10-31 13:20:27,687 : INFO : EventManager : Event: ======'machine_var_audits_switches_s_left_bank_target_right'====== Args={'value': 26, 'prev_value': None, 'change': True}
2025-10-31 13:20:27,687 : INFO : EventManager : Event: ======'machine_var_audits_switches_s_left_lower_bumper'====== Args={'value': 31, 'prev_value': None, 'change': True}
2025-10-31 13:20:27,687 : INFO : EventManager : Event: ======'machine_var_audits_switches_s_left_outlane_rollover'====== Args={'value': 23, 'prev_value': None, 'change': True}
2025-10-31 13:20:27,687 : INFO : EventManager : Event: ======'machine_var_audits_switches_s_left_pop_bumper'====== Args={'value': 118, 'prev_value': None, 'change': True}
2025-10-31 13:20:27,687 : INFO : EventManager : Event: ======'machine_var_audits_switches_s_left_sling'====== Args={'value': 93, 'prev_value': None, 'change': True}
2025-10-31 13:20:27,687 : INFO : EventManager : Event: ======'machine_var_audits_switches_s_left_upper_bumper'====== Args={'value': 40, 'prev_value': None, 'change': True}
2025-10-31 13:20:27,689 : INFO : EventManager : Event: ======'machine_var_audits_switches_s_middle_pop_bumper'====== Args={'value': 106, 'prev_value': None, 'change': True}
2025-10-31 13:20:27,689 : INFO : EventManager : Event: ======'machine_var_audits_switches_s_middle_skill_lane'====== Args={'value': 34, 'prev_value': None, 'change': True}
2025-10-31 13:20:27,689 : INFO : EventManager : Event: ======'machine_var_audits_switches_s_middle_upper_rollovers'====== Args={'value': 76, 'prev_value': None, 'change': True}
2025-10-31 13:20:27,690 : INFO : EventManager : Event: ======'machine_var_audits_switches_s_outer_skill_lanes'====== Args={'value': 58, 'prev_value': None, 'change': True}
2025-10-31 13:20:27,690 : INFO : EventManager : Event: ======'machine_var_audits_switches_s_pop_bumper_bottom'====== Args={'value': 6, 'prev_value': None, 'change': True}
2025-10-31 13:20:27,691 : INFO : EventManager : Event: ======'machine_var_audits_switches_s_pop_bumper_left'====== Args={'value': 2, 'prev_value': None, 'change': True}
2025-10-31 13:20:27,691 : INFO : EventManager : Event: ======'machine_var_audits_switches_s_pop_bumper_right'====== Args={'value': 1, 'prev_value': None, 'change': True}
2025-10-31 13:20:27,691 : INFO : EventManager : Event: ======'machine_var_audits_switches_s_right_bank_target_left'====== Args={'value': 50, 'prev_value': None, 'change': True}
2025-10-31 13:20:27,691 : INFO : EventManager : Event: ======'machine_var_audits_switches_s_right_bank_target_middle'====== Args={'value': 38, 'prev_value': None, 'change': True}
2025-10-31 13:20:27,691 : INFO : EventManager : Event: ======'machine_var_audits_switches_s_right_bank_target_right'====== Args={'value': 37, 'prev_value': None, 'change': True}
2025-10-31 13:20:27,692 : INFO : EventManager : Event: ======'machine_var_audits_switches_s_right_outlane_rollover'====== Args={'value': 6, 'prev_value': None, 'change': True}
2025-10-31 13:20:27,692 : INFO : EventManager : Event: ======'machine_var_audits_switches_s_right_pop_bumper'====== Args={'value': 163, 'prev_value': None, 'change': True}
2025-10-31 13:20:27,692 : INFO : EventManager : Event: ======'machine_var_audits_switches_s_right_sling'====== Args={'value': 71, 'prev_value': None, 'change': True}
2025-10-31 13:20:27,693 : INFO : EventManager : Event: ======'machine_var_audits_switches_s_saucer'====== Args={'value': 66, 'prev_value': None, 'change': True}
2025-10-31 13:20:27,693 : INFO : EventManager : Event: ======'machine_var_audits_switches_s_slam_tilt'====== Args={'value': 6, 'prev_value': None, 'change': True}
2025-10-31 13:20:27,693 : INFO : EventManager : Event: ======'machine_var_audits_switches_s_spinner'====== Args={'value': 411, 'prev_value': None, 'change': True}
2025-10-31 13:20:27,693 : INFO : EventManager : Event: ======'machine_var_audits_switches_s_stand_up'====== Args={'value': 8, 'prev_value': None, 'change': True}
2025-10-31 13:20:27,693 : INFO : EventManager : Event: ======'machine_var_audits_switches_s_start_button'====== Args={'value': 35, 'prev_value': None, 'change': True}
2025-10-31 13:20:27,693 : INFO : EventManager : Event: ======'machine_var_audits_switches_s_tilt'====== Args={'value': 1, 'prev_value': None, 'change': True}
2025-10-31 13:20:27,694 : INFO : EventManager : Event: ======'machine_var_audits_switches_s_trough'====== Args={'value': 427, 'prev_value': None, 'change': True}
2025-10-31 13:20:27,695 : INFO : EventManager : Event: ======'init_phase_5'====== Args={}
2025-10-31 13:20:27,732 : INFO : EventManager : Event: ======'init_done'====== Args={}
2025-10-31 13:20:27,733 : INFO : EventManager : Event: ======'machine_reset_phase_1'====== Args={}
2025-10-31 13:20:27,734 : INFO : SwitchController : <<<<<<< 's_trough' active >>>>>>>
2025-10-31 13:20:27,759 : INFO : SwitchController : <<<<<<< 's_trough' inactive >>>>>>>
2025-10-31 13:20:27,774 : INFO : EventManager : Event: ======'machine_reset_phase_2'====== Args={}
2025-10-31 13:20:27,775 : INFO : SwitchController : <<<<<<< 's_trough' active >>>>>>>
2025-10-31 13:20:27,776 : INFO : EventManager : Event: ======'machine_reset_phase_3'====== Args={}
2025-10-31 13:20:27,789 : INFO : EventManager : Event: ======'mode_attract_will_start'====== Args={'queue': <QueuedEvent>}
2025-10-31 13:20:27,793 : INFO : EventManager : Event: ======'mode_attract_starting'====== Args={'queue': <QueuedEvent>}
2025-10-31 13:20:27,794 : INFO : Mode.attract : Started. Priority: 10
2025-10-31 13:20:27,796 : INFO : EventManager : Event: ======'modes_active_modes_changed'====== Args={}
2025-10-31 13:20:27,796 : INFO : EventManager : Event: ======'mode_attract_started'====== Args={'queue': <QueuedEvent>}
2025-10-31 13:20:27,796 : INFO : EventManager : Event: ======'godot_attract_on'====== Args={'priority': 0}
2025-10-31 13:20:27,798 : INFO : EventManager : Event: ======'collecting_balls_complete'====== Args={}
2025-10-31 13:20:27,798 : INFO : EventManager : Event: ======'reset_complete'====== Args={}
2025-10-31 13:20:27,842 : INFO : EventManager : Event: ======'slide__removed'====== Args={'_from_bcp': True}
2025-10-31 13:20:27,844 : INFO : Machine : Starting the main run loop with active modes: [<Mode.attract>]
2025-10-31 13:20:28,276 : INFO : EventManager : Event: ======'balldevice_bd_trough_ball_count_changed'====== Args={'balls': 1}
2025-10-31 13:20:28,277 : INFO : ball_device.bd_trough : Received unexpected ball
2025-10-31 13:20:28,277 : INFO : EventManager : Event: ======'balldevice_captured_from_playfield'====== Args={'balls': 1}
2025-10-31 13:20:28,278 : INFO : EventManager : Event: ======'sw_playfield_active'====== Args={'balls': 1}
2025-10-31 13:20:28,278 : INFO : EventManager : Event: ======'playfield_active'====== Args={'source': None}
2025-10-31 13:20:28,278 : INFO : EventManager : Event: ======'unexpected_ball_on_playfield'====== Args={}
2025-10-31 13:20:28,278 : INFO : EventManager : Event: ======'playfield_ball_count_change'====== Args={'balls': -1, 'change': -1}
2025-10-31 13:20:28,279 : INFO : EventManager : Event: ======'balldevice_playfield_ball_enter'====== Args={'new_balls': 1, 'unclaimed_balls': 1, 'device': <playfield.playfield>}
2025-10-31 13:20:28,280 : INFO : EventManager : Event: ======'playfield_ball_count_change'====== Args={'balls': 0, 'change': 1}
2025-10-31 13:20:28,280 : INFO : BallController : Found a new ball which was captured from playfield. Known balls: 1
2025-10-31 13:20:28,280 : INFO : EventManager : Event: ======'found_new_ball'====== Args={}
2025-10-31 13:20:28,280 : INFO : EventManager : Event: ======'balldevice_bd_trough_ball_enter'====== Args={'new_balls': 1, 'unclaimed_balls': 1, 'new_available_balls': 1, 'device': <ball_device.bd_trough>}
2025-10-31 13:20:28,281 : INFO : EventManager : Event: ======'ball_drain'====== Args={'device': <ball_device.bd_trough>, 'balls': 1}
2025-10-31 13:20:28,282 : INFO : EventManager : Event: ======'balldevice_balls_available'====== Args={}
2025-10-31 13:20:28,282 : INFO : EventManager : Event: ======'balldevice_bd_trough_ball_entered'====== Args={'new_balls': 1, 'device': <ball_device.bd_trough>}
2025-10-31 13:20:29,801 : INFO : EventManager : Event: ======'attract_wave_complete'====== Args={'priority': 0}
2025-10-31 13:20:30,188 : INFO : EventManager : Event: ======'attract_pulse_complete'====== Args={'priority': 0}
2025-10-31 13:20:30,592 : INFO : EventManager : Event: ======'attract_pulse_complete'====== Args={'priority': 0}
2025-10-31 13:20:32,333 : INFO : SwitchController : <<<<<<< 's_start_button' active >>>>>>>
2025-10-31 13:20:32,506 : INFO : SwitchController : <<<<<<< 's_start_button' inactive >>>>>>>
2025-10-31 13:20:32,506 : INFO : EventManager : Event: ======'request_to_start_game'====== Args={}
2025-10-31 13:20:32,508 : INFO : EventManager : Event: ======'game_start'====== Args={'buttons': [], 'hold_time': 0.18799999984912574}
2025-10-31 13:20:32,508 : INFO : EventManager : Event: ======'mode_game_will_start'====== Args={'buttons': [], 'hold_time': 0.18799999984912574}
2025-10-31 13:20:32,510 : INFO : EventManager : Event: ======'mode_game_starting'====== Args={'buttons': [], 'hold_time': 0.18799999984912574}
2025-10-31 13:20:32,510 : INFO : Mode.game : Started. Priority: 20
2025-10-31 13:20:32,510 : INFO : EventManager : Event: ======'modes_active_modes_changed'====== Args={}
2025-10-31 13:20:32,510 : INFO : EventManager : Event: ======'mode_game_started'====== Args={'buttons': [], 'hold_time': 0.18799999984912574}
2025-10-31 13:20:32,556 : INFO : EventManager : Event: ======'game_will_start'====== Args={}
2025-10-31 13:20:32,557 : INFO : EventManager : Event: ======'game_starting'====== Args={'game': <Mode.game>}
2025-10-31 13:20:32,559 : INFO : EventManager : Event: ======'mode_attract_will_stop'====== Args={}
2025-10-31 13:20:32,559 : INFO : EventManager : Event: ======'mode_attract_stopping'====== Args={}
2025-10-31 13:20:32,559 : INFO : EventManager : Event: ======'godot_attract_off'====== Args={'priority': 0}
2025-10-31 13:20:32,561 : INFO : EventManager : Unordered handler for class <Auditor> on event game_ended with priority 1. Handlers: [RegisteredHandler(callback=<bound method Auditor.disable of <Auditor>>, priority=1, kwargs={}, key=UUID('ed7dfbb4-42a2-4e44-99fc-b427561c3df8'), condition=None, blocking_facility=None), RegisteredHandler(callback=<bound method Auditor._save_audits of <Auditor>>, priority=1, kwargs={}, key=UUID('5018cef6-1da3-49d0-a9f0-a1671c050141'), condition=None, blocking_facility=None)]. The order of those handlers is not defined and they will be executed in random order. This might lead to race conditions and potential bugs.
2025-10-31 13:20:32,563 : INFO : EventManager : Event: ======'godot_attract_off'====== Args={'priority': 0}
2025-10-31 13:20:32,564 : INFO : Mode.attract : Stopped.
2025-10-31 13:20:32,564 : INFO : EventManager : Event: ======'modes_active_modes_changed'====== Args={}
2025-10-31 13:20:32,565 : INFO : EventManager : Event: ======'mode_attract_stopped'====== Args={}
2025-10-31 13:20:32,565 : INFO : EventManager : Event: ======'clear'====== Args={'key': 'attract'}
2025-10-31 13:20:32,565 : INFO : EventManager : Event: ======'player_add_request'====== Args={}
2025-10-31 13:20:32,566 : INFO : EventManager : Event: ======'player_will_add'====== Args={'number': 1}
2025-10-31 13:20:32,566 : INFO : EventManager : Event: ======'player_adding'====== Args={'player': <Player 1>, 'number': 1}
2025-10-31 13:20:32,566 : INFO : EventManager : Event: ======'player_added'====== Args={'player': <Player 1>, 'num': 1}
2025-10-31 13:20:32,566 : INFO : Mode.game : Player added successfully. Total players: 1
2025-10-31 13:20:32,567 : INFO : EventManager : Event: ======'player_index'====== Args={'value': 0, 'prev_value': 0, 'change': 0, 'player_num': 1}
2025-10-31 13:20:32,569 : INFO : EventManager : Event: ======'player_number'====== Args={'value': 1, 'prev_value': 1, 'change': 0, 'player_num': 1}
2025-10-31 13:20:32,569 : INFO : EventManager : Event: ======'player_score'====== Args={'value': 0, 'prev_value': 0, 'change': 0, 'player_num': 1}
2025-10-31 13:20:32,570 : INFO : EventManager : Unordered handler for class <Auditor> on event game_ended with priority 1. Handlers: [RegisteredHandler(callback=<bound method Auditor.disable of <Auditor>>, priority=1, kwargs={}, key=UUID('ed7dfbb4-42a2-4e44-99fc-b427561c3df8'), condition=None, blocking_facility=None), RegisteredHandler(callback=<bound method Auditor._save_audits of <Auditor>>, priority=1, kwargs={}, key=UUID('5018cef6-1da3-49d0-a9f0-a1671c050141'), condition=None, blocking_facility=None)]. The order of those handlers is not defined and they will be executed in random order. This might lead to race conditions and potential bugs.
2025-10-31 13:20:32,661 : INFO : EventManager : Event: ======'game_started'====== Args={}
2025-10-31 13:20:32,664 : INFO : EventManager : Event: ======'blink_on'====== Args={'priority': 0}
2025-10-31 13:20:32,667 : INFO : EventManager : Event: ======'player_turn_will_start'====== Args={'player': <Player 1>, 'number': 1}
2025-10-31 13:20:32,677 : INFO : EventManager : Event: ======'player_turn_starting'====== Args={'player': <Player 1>, 'number': 1}
2025-10-31 13:20:32,679 : INFO : EventManager : Event: ======'player_ball'====== Args={'value': 1, 'prev_value': 0, 'change': 1, 'player_num': 1}
2025-10-31 13:20:32,679 : INFO : EventManager : Event: ======'player_turn_started'====== Args={'player': <Player 1>, 'number': 1}
2025-10-31 13:20:32,682 : INFO : EventManager : Event: ======'ball_will_start'====== Args={'player': 1, 'ball': 1, 'balls_remaining': 2, 'is_extra_ball': False}
2025-10-31 13:20:32,693 : INFO : EventManager : Event: ======'ball_starting'====== Args={'player': 1, 'ball': 1, 'balls_remaining': 2, 'is_extra_ball': False}
2025-10-31 13:20:32,694 : INFO : EventManager : Event: ======'mode_base_will_start'====== Args={'queue': <QueuedEvent>, 'player': 1, 'ball': 1, 'balls_remaining': 2, 'is_extra_ball': False}
2025-10-31 13:20:32,695 : INFO : EventManager : Event: ======'player_shot_my_first_shot_enabled'====== Args={'value': True, 'prev_value': 0, 'change': 1, 'player_num': 1}
2025-10-31 13:20:32,696 : INFO : EventManager : Event: ======'player_shot_sh_escape_graveyard_start_enabled'====== Args={'value': False, 'prev_value': 0, 'change': 0, 'player_num': 1}
2025-10-31 13:20:32,698 : INFO : EventManager : Unordered handler for class <Auditor> on event game_ended with priority 1. Handlers: [RegisteredHandler(callback=<bound method Auditor.disable of <Auditor>>, priority=1, kwargs={}, key=UUID('ed7dfbb4-42a2-4e44-99fc-b427561c3df8'), condition=None, blocking_facility=None), RegisteredHandler(callback=<bound method Auditor._save_audits of <Auditor>>, priority=1, kwargs={}, key=UUID('5018cef6-1da3-49d0-a9f0-a1671c050141'), condition=None, blocking_facility=None)]. The order of those handlers is not defined and they will be executed in random order. This might lead to race conditions and potential bugs.
2025-10-31 13:20:32,704 : INFO : EventManager : Event: ======'mode_base_starting'====== Args={'queue': <QueuedEvent>, 'player': 1, 'ball': 1, 'balls_remaining': 2, 'is_extra_ball': False}
2025-10-31 13:20:32,705 : INFO : drop_target_bank.right_bank : All targets are already up. Will not reset bank.
2025-10-31 13:20:32,705 : INFO : drop_target_bank.left_bank : All targets are already up. Will not reset bank.
2025-10-31 13:20:32,706 : INFO : EventManager : Event: ======'balls_in_play'====== Args={'balls': 1}
2025-10-31 13:20:32,708 : INFO : EventManager : Event: ======'ball_started'====== Args={'player': 1, 'ball': 1, 'balls_remaining': 2, 'is_extra_ball': False}
2025-10-31 13:20:32,709 : INFO : EventManager : Event: ======'logicblock_eg_pop_counter_updated'====== Args={'value': 0, 'enabled': True}
2025-10-31 13:20:32,709 : INFO : EventManager : Event: ======'logicblock_eg_pop_counter_updated'====== Args={'value': 0, 'enabled': True}
2025-10-31 13:20:32,709 : INFO : Mode.base : Started. Priority: 50
2025-10-31 13:20:32,709 : INFO : EventManager : Event: ======'modes_active_modes_changed'====== Args={}
2025-10-31 13:20:32,709 : INFO : EventManager : Event: ======'mode_base_started'====== Args={'queue': <QueuedEvent>, 'player': 1, 'ball': 1, 'balls_remaining': 2, 'is_extra_ball': False}
2025-10-31 13:20:32,710 : INFO : EventManager : Event: ======'logicblock_eg_pop_counter_updated'====== Args={'value': 0, 'enabled': True}
2025-10-31 13:20:32,713 : INFO : EventManager : Unordered handler for class <Auditor> on event game_ended with priority 1. Handlers: [RegisteredHandler(callback=<bound method Auditor.disable of <Auditor>>, priority=1, kwargs={}, key=UUID('ed7dfbb4-42a2-4e44-99fc-b427561c3df8'), condition=None, blocking_facility=None), RegisteredHandler(callback=<bound method Auditor._save_audits of <Auditor>>, priority=1, kwargs={}, key=UUID('5018cef6-1da3-49d0-a9f0-a1671c050141'), condition=None, blocking_facility=None)]. The order of those handlers is not defined and they will be executed in random order. This might lead to race conditions and potential bugs.
2025-10-31 13:20:32,714 : INFO : EventManager : Event: ======'stop_mode_attract'====== Args={'priority': 0}
2025-10-31 13:20:32,716 : INFO : EventManager : Event: ======'godot_attract_off'====== Args={'priority': 0}
2025-10-31 13:20:32,717 : INFO : EventManager : Event: ======'single_player_ball_started'====== Args={}
2025-10-31 13:20:32,759 : INFO : EventManager : Event: ======'ball_start_target'====== Args={'target': 'playfield'}
2025-10-31 13:20:32,761 : INFO : ball_device.bd_trough : Setting up player-controlled eject. Balls: 1, Target: <playfield.playfield>, player_controlled_eject_event: None
2025-10-31 13:20:32,761 : INFO : ball_device.bd_trough : Adding 1 ball(s) to the eject_queue with target <playfield.playfield>.
2025-10-31 13:20:32,761 : INFO : EventManager : Event: ======'balldevice_balls_available'====== Args={}
2025-10-31 13:20:32,764 : INFO : ball_device.bd_trough : State: waiting_for_target_ready
2025-10-31 13:20:32,764 : INFO : EventManager : Event: ======'balldevice_bd_trough_ball_eject_attempt'====== Args={'balls': 1, 'target': <playfield.playfield>, 'source': <ball_device.bd_trough>, 'mechanical_eject': False, 'num_attempts': 0}
2025-10-31 13:20:32,765 : INFO : ball_device.bd_trough : State: ejecting
2025-10-31 13:20:32,765 : INFO : ball_device.bd_trough : Ejecting ball to <playfield.playfield>
2025-10-31 13:20:32,766 : INFO : EventManager : Event: ======'balldevice_bd_trough_ejecting_ball'====== Args={'balls': 1, 'target': <playfield.playfield>, 'source': <ball_device.bd_trough>, 'mechanical_eject': False, 'num_attempts': 0}
2025-10-31 13:20:32,768 : INFO : ball_device.bd_trough : Wait for ball to leave device
2025-10-31 13:20:32,769 : INFO : coil.c_trough_eject : Pulsing Driver for 40ms (1.0 pulse_power)
2025-10-31 13:20:32,817 : INFO : SwitchController : <<<<<<< 's_trough' inactive >>>>>>>
2025-10-31 13:20:32,832 : INFO : ball_device.bd_trough : State: ball_left
2025-10-31 13:20:32,832 : INFO : ball_device.bd_trough : Ball left
2025-10-31 13:20:32,832 : INFO : ball_device.bd_trough : Wait for confirm with timeout 10.0
2025-10-31 13:20:33,258 : INFO : EventManager : Event: ======'blink_off'====== Args={'priority': 0}
2025-10-31 13:20:33,863 : INFO : EventManager : Event: ======'blink_on'====== Args={'priority': 0}
2025-10-31 13:20:34,469 : INFO : EventManager : Event: ======'blink_off'====== Args={'priority': 0}
2025-10-31 13:20:34,471 : INFO : EventManager : Unordered handler for class <Auditor> on event game_ended with priority 1. Handlers: [RegisteredHandler(callback=<bound method Auditor.disable of <Auditor>>, priority=1, kwargs={}, key=UUID('ed7dfbb4-42a2-4e44-99fc-b427561c3df8'), condition=None, blocking_facility=None), RegisteredHandler(callback=<bound method Auditor._save_audits of <Auditor>>, priority=1, kwargs={}, key=UUID('5018cef6-1da3-49d0-a9f0-a1671c050141'), condition=None, blocking_facility=None)]. The order of those handlers is not defined and they will be executed in random order. This might lead to race conditions and potential bugs.
2025-10-31 13:20:35,056 : INFO : EventManager : Event: ======'blink_on'====== Args={'priority': 0}
2025-10-31 13:20:35,666 : INFO : EventManager : Event: ======'blink_off'====== Args={'priority': 0}
2025-10-31 13:20:35,668 : INFO : EventManager : Unordered handler for class <Auditor> on event game_ended with priority 1. Handlers: [RegisteredHandler(callback=<bound method Auditor.disable of <Auditor>>, priority=1, kwargs={}, key=UUID('ed7dfbb4-42a2-4e44-99fc-b427561c3df8'), condition=None, blocking_facility=None), RegisteredHandler(callback=<bound method Auditor._save_audits of <Auditor>>, priority=1, kwargs={}, key=UUID('5018cef6-1da3-49d0-a9f0-a1671c050141'), condition=None, blocking_facility=None)]. The order of those handlers is not defined and they will be executed in random order. This might lead to race conditions and potential bugs.
2025-10-31 13:20:36,260 : INFO : EventManager : Event: ======'blink_on'====== Args={'priority': 0}
2025-10-31 13:20:36,861 : INFO : EventManager : Event: ======'blink_off'====== Args={'priority': 0}
2025-10-31 13:20:36,862 : INFO : EventManager : Unordered handler for class <Auditor> on event game_ended with priority 1. Handlers: [RegisteredHandler(callback=<bound method Auditor.disable of <Auditor>>, priority=1, kwargs={}, key=UUID('ed7dfbb4-42a2-4e44-99fc-b427561c3df8'), condition=None, blocking_facility=None), RegisteredHandler(callback=<bound method Auditor._save_audits of <Auditor>>, priority=1, kwargs={}, key=UUID('5018cef6-1da3-49d0-a9f0-a1671c050141'), condition=None, blocking_facility=None)]. The order of those handlers is not defined and they will be executed in random order. This might lead to race conditions and potential bugs.
2025-10-31 13:20:37,466 : INFO : EventManager : Event: ======'blink_on'====== Args={'priority': 0}
2025-10-31 13:20:38,057 : INFO : EventManager : Event: ======'blink_off'====== Args={'priority': 0}
2025-10-31 13:20:38,059 : INFO : EventManager : Unordered handler for class <Auditor> on event game_ended with priority 1. Handlers: [RegisteredHandler(callback=<bound method Auditor.disable of <Auditor>>, priority=1, kwargs={}, key=UUID('ed7dfbb4-42a2-4e44-99fc-b427561c3df8'), condition=None, blocking_facility=None), RegisteredHandler(callback=<bound method Auditor._save_audits of <Auditor>>, priority=1, kwargs={}, key=UUID('5018cef6-1da3-49d0-a9f0-a1671c050141'), condition=None, blocking_facility=None)]. The order of those handlers is not defined and they will be executed in random order. This might lead to race conditions and potential bugs.
2025-10-31 13:20:38,666 : INFO : EventManager : Event: ======'blink_on'====== Args={'priority': 0}
2025-10-31 13:20:39,164 : INFO : Machine : Shutting down...
2025-10-31 13:20:39,164 : INFO : EventManager : Event: ======'shutdown'====== Args={}
2025-10-31 13:20:39,168 : INFO : EventManager : Event: ======'mode_game_will_stop'====== Args={}
2025-10-31 13:20:39,168 : INFO : EventManager : Event: ======'mode_game_stopping'====== Args={}
2025-10-31 13:20:39,171 : INFO : EventManager : Event: ======'mode_base_will_stop'====== Args={}
2025-10-31 13:20:39,171 : INFO : EventManager : Event: ======'mode_base_stopping'====== Args={}
2025-10-31 13:20:39,172 : INFO : Mode.base : Stopped.
2025-10-31 13:20:39,173 : INFO : EventManager : Event: ======'modes_active_modes_changed'====== Args={}
2025-10-31 13:20:39,174 : INFO : EventManager : Event: ======'mode_base_stopped'====== Args={}
2025-10-31 13:20:39,174 : INFO : EventManager : Event: ======'clear'====== Args={'key': 'base'}
2025-10-31 13:20:39,175 : INFO : Mode.game : Stopped.
2025-10-31 13:20:39,176 : INFO : EventManager : Event: ======'modes_active_modes_changed'====== Args={}
2025-10-31 13:20:39,176 : INFO : EventManager : Event: ======'mode_game_stopped'====== Args={}
2025-10-31 13:20:39,176 : INFO : EventManager : Event: ======'clear'====== Args={'key': 'game'}
2025-10-31 13:20:39,271 : INFO : EventManager : Event: ======'blink_off'====== Args={'priority': 0}
2025-10-31 13:20:39,273 : INFO : root : MPF run loop ended.
