2025-10-21 10:12:26,302 : INFO : root : Loading config.
2025-10-21 10:12:26,308 : INFO : YamlMultifileConfigLoader : Machine config file #1: config.yaml
2025-10-21 10:12:26,308 : INFO : ConfigProcessor : Loading config from cache: C:\Users\antho\AppData\Local\Temp\fdca14d0c9d658ab8200d57120800af5.mpf_cache
2025-10-21 10:12:26,422 : INFO : ConfigProcessor : Loading config from cache: C:\Users\antho\AppData\Local\Temp\5dec96b1547c4adf5bdd3d1715e74bc0.mpf_cache
2025-10-21 10:12:26,423 : INFO : ConfigProcessor : Loading config from cache: C:\Users\antho\AppData\Local\Temp\202a5840610e95051f9f473dfa660cc0.mpf_cache
2025-10-21 10:12:26,424 : INFO : ConfigProcessor : Loading config from cache: C:\Users\antho\AppData\Local\Temp\5dec96b1547c4adf5bdd3d1715e74bc0.mpf_cache
2025-10-21 10:12:26,424 : INFO : ConfigProcessor : Loading config from cache: C:\Users\antho\AppData\Local\Temp\2cd13a2d3f375e00ab01d6d09a85d8e7.mpf_cache
2025-10-21 10:12:26,425 : INFO : ConfigProcessor : Loading config from cache: C:\Users\antho\AppData\Local\Temp\9220b44b97b91972524500b81035d790.mpf_cache
2025-10-21 10:12:26,426 : INFO : ConfigProcessor : Loading config from cache: C:\Users\antho\AppData\Local\Temp\dab29d17bbe6500d014c71b0a57bd9b0.mpf_cache
2025-10-21 10:12:26,426 : WARNING : ConfigProcessor : Config file in cache changed: C:\Users\antho\nightpin\shows\.\fade_out_graveyard_music.yaml
2025-10-21 10:12:26,428 : INFO : ConfigProcessor : Loading config from file C:\Users\antho\nightpin\shows\.\fade_out_graveyard_music.yaml.
2025-10-21 10:12:26,430 : INFO : ConfigProcessor : Loading config: C:\Users\antho\nightpin\shows\.\fade_out_graveyard_music.yaml
2025-10-21 10:12:26,431 : INFO : ConfigProcessor : Config file cache created: C:\Users\antho\AppData\Local\Temp\b17152efa55a24f0424602723f8d3921.mpf_cache
2025-10-21 10:12:26,432 : WARNING : ConfigProcessor : Config file in cache changed: C:\Users\antho\nightpin\shows\.\fade_out_subsequentball.yaml
2025-10-21 10:12:26,432 : INFO : ConfigProcessor : Loading config from file C:\Users\antho\nightpin\shows\.\fade_out_subsequentball.yaml.
2025-10-21 10:12:26,433 : INFO : ConfigProcessor : Loading config: C:\Users\antho\nightpin\shows\.\fade_out_subsequentball.yaml
2025-10-21 10:12:26,434 : INFO : ConfigProcessor : Config file cache created: C:\Users\antho\AppData\Local\Temp\e87fc0e7d2f8a851b5fa3f604e0d0c6e.mpf_cache
2025-10-21 10:12:26,434 : WARNING : ConfigProcessor : Config file in cache changed: C:\Users\antho\nightpin\shows\.\flash_all_lights.yaml
2025-10-21 10:12:26,434 : INFO : ConfigProcessor : Loading config from file C:\Users\antho\nightpin\shows\.\flash_all_lights.yaml.
2025-10-21 10:12:26,435 : INFO : ConfigProcessor : Loading config: C:\Users\antho\nightpin\shows\.\flash_all_lights.yaml
2025-10-21 10:12:26,436 : INFO : ConfigProcessor : Config file cache created: C:\Users\antho\AppData\Local\Temp\196ac76b6cab3a9880804c826cfbcb5c.mpf_cache
2025-10-21 10:12:26,436 : WARNING : ConfigProcessor : Config file in cache changed: C:\Users\antho\nightpin\shows\.\graveyard_intro.yaml
2025-10-21 10:12:26,436 : INFO : ConfigProcessor : Loading config from file C:\Users\antho\nightpin\shows\.\graveyard_intro.yaml.
2025-10-21 10:12:26,438 : INFO : ConfigProcessor : Loading config: C:\Users\antho\nightpin\shows\.\graveyard_intro.yaml
2025-10-21 10:12:26,438 : INFO : ConfigProcessor : Config file cache created: C:\Users\antho\AppData\Local\Temp\834292dd7853e12a66732dc89828c828.mpf_cache
2025-10-21 10:12:26,439 : WARNING : ConfigProcessor : Config file in cache changed: C:\Users\antho\nightpin\shows\.\graveyard_lights.yaml
2025-10-21 10:12:26,439 : INFO : ConfigProcessor : Loading config from file C:\Users\antho\nightpin\shows\.\graveyard_lights.yaml.
